02-21 22:54:39 D/Configuration: Resolve and download remote files from @Option
02-21 22:54:39 I/TestInvocation: Invocation was started with cmd: cts -m CtsDisplayTestCases -t android.display.cts.DisplayTest#testModeSwitchOnPrimaryDisplay -s 27161FDH20031X
02-21 22:54:39 D/InvocationExecution: Skip linking external directory as FileProperty was set.
02-21 22:54:39 D/RunUtil: Running command [adb, version] with timeout: 2m 0s
02-21 22:54:39 D/TestInvocation: Fetch build duration: 6 ms
02-21 22:54:39 D/ArtifactsAnalyzer: Build analysis report: BuildAnalysis [mDeviceImageChanged=true, mHasTestsArtifacts=true, mHasChangesInTests=false, imageDigests={}]
02-21 22:54:39 D/ArtifactsAnalyzer: Analysis report after test analysis: BuildAnalysis [mDeviceImageChanged=true, mHasTestsArtifacts=true, mHasChangesInTests=true, imageDigests={}]
02-21 22:54:39 D/RunUtil: Running command [adb, -s, 27161FDH20031X, shell, getprop, ro.build.version.sdk] with timeout: 45s
02-21 22:54:39 D/GlobalTestFilter: Setting up global filters
02-21 22:54:39 D/BackgroundDeviceAction: Waiting for device 27161FDH20031X online before starting.
02-21 22:54:39 D/InvocationExecution: IShardHelper selected: com.android.tradefed.invoker.shard.StrictShardHelper@1bf56875
02-21 22:54:39 D/BackgroundDeviceAction: Device 27161FDH20031X now online.
02-21 22:54:39 D/BackgroundDeviceAction: Starting logcat for 27161FDH20031X.
02-21 22:54:39 I/TestInvocation: Starting invocation for 'cts' with '[ DeviceBuildInfo{bid=13033356, serial=27161FDH20031X} on device '27161FDH20031X'] 
02-21 22:54:39 D/FileUtil: Creating temp directory at /tmp/13033356/cts with prefix "inv_"
02-21 22:54:39 D/RunUtil: Running command [chmod, ug+rwx, /tmp/13033356/cts/inv_16814554937389208112] with timeout: 10s
02-21 22:54:39 D/FileSystemLogSaver: Using log file directory /tmp/13033356/cts/inv_16814554937389208112
02-21 22:54:39 D/FileUtil: Creating temp directory at /tmp/13033356/cts/inv_16814554937389208112 with prefix "inv_"
02-21 22:54:39 I/LogFileSaver: Using log file directory /tmp/13033356/cts/inv_16814554937389208112/inv_16740478137863723590
02-21 22:54:39 D/CompatibilityProtoResultReporter: Proto Results Directory: /home/simon/android-cts/tools/../../android-cts/results/2026.02.21_22.54.39/proto
02-21 22:54:39 D/FileUtil: Creating temp file at /home/simon/android-cts/tools/../../android-cts/results/2026.02.21_22.54.39/proto with prefix "tmp-proto" suffix ""
02-21 22:54:40 D/CompatibilityProtoResultReporter: Proto Results Directory: /home/simon/android-cts/tools/../../android-cts/results/2026.02.21_22.54.39/proto
02-21 22:54:40 D/CertificationSuiteResultReporter: Initializing result directory
02-21 22:54:40 D/CertificationSuiteResultReporter: Results Directory: /home/simon/android-cts/tools/../../android-cts/results/2026.02.21_22.54.39
02-21 22:54:40 D/CertificationSuiteResultReporter: Created log dir /home/simon/android-cts/tools/../../android-cts/logs/2026.02.21_22.54.39
02-21 22:54:40 D/FileUtil: Creating temp directory at /home/simon/android-cts/tools/../../android-cts/logs/2026.02.21_22.54.39 with prefix "inv_"
02-21 22:54:40 I/LogFileSaver: Using log file directory /home/simon/android-cts/tools/../../android-cts/logs/2026.02.21_22.54.39/inv_1153569696043982075
02-21 22:54:40 D/LogFileSaver: Log data for tradefed-expanded-config is already compressed, skipping compression
02-21 22:54:40 D/FileUtil: Creating temp file at /home/simon/android-cts/tools/../../android-cts/logs/2026.02.21_22.54.39/inv_1153569696043982075 with prefix "tradefed-expanded-config_" suffix ".xml"
02-21 22:54:40 I/LogFileSaver: Saved log file /home/simon/android-cts/tools/../../android-cts/logs/2026.02.21_22.54.39/inv_1153569696043982075/tradefed-expanded-config_6405464729752610017.xml. [size=58774, elapsed=1ms]
02-21 22:54:40 D/CertificationSuiteResultReporter: Saved logs for tradefed-expanded-config in /home/simon/android-cts/tools/../../android-cts/logs/2026.02.21_22.54.39/inv_1153569696043982075/tradefed-expanded-config_6405464729752610017.xml
02-21 22:54:40 D/LogFileSaver: Log data for tradefed-expanded-config is already compressed, skipping compression
02-21 22:54:40 D/FileUtil: Creating temp file at /tmp/13033356/cts/inv_16814554937389208112/inv_16740478137863723590 with prefix "tradefed-expanded-config_" suffix ".xml"
02-21 22:54:40 I/LogFileSaver: Saved log file /tmp/13033356/cts/inv_16814554937389208112/inv_16740478137863723590/tradefed-expanded-config_325481284763381546.xml. [size=58774, elapsed=0ms]
02-21 22:54:40 D/InvocationExecution: Starting device pre invocation setup for : '27161FDH20031X'
02-21 22:54:40 D/DefaultConnection: Instance type for connection: GCE
02-21 22:54:40 D/DefaultConnection: Instance type for connection: GCE
02-21 22:54:40 D/NativeDevice: Using connection: com.android.tradefed.device.connection.DefaultConnection@82d4303 (27161FDH20031X)
02-21 22:54:40 I/CommandInterrupter: Interrupt allowed
02-21 22:54:40 D/InvocationExecution: Starting setup for device: '27161FDH20031X'
02-21 22:54:40 D/InvocationExecution: starting preparer 'com.android.compatibility.common.tradefed.targetprep.DeviceFileCollector@13b7d240' on device: '27161FDH20031X'
02-21 22:54:40 D/RunUtil: Running command [adb, -s, 27161FDH20031X, shell, getprop, ro.treble.enabled] with timeout: 45s
02-21 22:54:40 D/NativeDevice: Using 'ls' to check doesFileExist(/sys/fs/selinux/policy)
02-21 22:54:40 D/RunUtil: Running command [adb, -s, 27161FDH20031X, shell, ls, '/sys/fs/selinux/policy'] with timeout: 2m 0s
02-21 22:54:40 D/InvocationExecution: done with preparer 'com.android.compatibility.common.tradefed.targetprep.DeviceFileCollector@13b7d240' on device: '27161FDH20031X' in 181 ms
02-21 22:54:40 D/InvocationExecution: starting preparer 'com.android.compatibility.common.tradefed.targetprep.DeviceFileCollector@7eedc659' on device: '27161FDH20031X'
02-21 22:54:40 D/NativeDevice: Using property ro.treble.enabled=true from cache.
02-21 22:54:40 D/NativeDevice: Using 'ls' to check doesFileExist(/proc/config.gz)
02-21 22:54:40 D/RunUtil: Running command [adb, -s, 27161FDH20031X, shell, ls, '/proc/config.gz'] with timeout: 2m 0s
02-21 22:54:40 D/InvocationExecution: done with preparer 'com.android.compatibility.common.tradefed.targetprep.DeviceFileCollector@7eedc659' on device: '27161FDH20031X' in 71 ms
02-21 22:54:40 D/InvocationExecution: starting preparer 'com.android.compatibility.common.tradefed.targetprep.DynamicConfigPusher@2489cd9e' on device: '27161FDH20031X'
02-21 22:54:40 I/UrlReplacement: UrlReplacement file [/home/simon/android-cts/tools/UrlReplacement.xml] does not exist
02-21 22:54:40 D/InvocationExecution: done with preparer 'com.android.compatibility.common.tradefed.targetprep.DynamicConfigPusher@2489cd9e' on device: '27161FDH20031X' in 171 ms
02-21 22:54:40 D/InvocationExecution: starting preparer 'com.android.compatibility.common.tradefed.targetprep.StayAwakePreparer@16d5eafd' on device: '27161FDH20031X'
02-21 22:54:40 D/SettingsPreparer: Changing value for stay_on_while_plugged_in from 0 to 7
02-21 22:54:40 D/InvocationExecution: done with preparer 'com.android.compatibility.common.tradefed.targetprep.StayAwakePreparer@16d5eafd' on device: '27161FDH20031X' in 158 ms
02-21 22:54:40 D/InvocationExecution: starting preparer 'com.android.compatibility.common.tradefed.targetprep.PackageDisabler@34c94a30' on device: '27161FDH20031X'
02-21 22:54:40 D/InvocationExecution: done with preparer 'com.android.compatibility.common.tradefed.targetprep.PackageDisabler@34c94a30' on device: '27161FDH20031X' in 162 ms
02-21 22:54:40 D/InvocationExecution: starting preparer 'com.android.compatibility.common.tradefed.targetprep.SettingsPreparer@64e722df' on device: '27161FDH20031X'
02-21 22:54:40 D/SettingsPreparer: Setting verifier_verify_adb_installs to value 0
02-21 22:54:40 D/InvocationExecution: done with preparer 'com.android.compatibility.common.tradefed.targetprep.SettingsPreparer@64e722df' on device: '27161FDH20031X' in 93 ms
02-21 22:54:40 D/InvocationExecution: starting preparer 'com.android.compatibility.common.tradefed.targetprep.SettingsPreparer@4ba01a61' on device: '27161FDH20031X'
02-21 22:54:40 D/SettingsPreparer: Setting hide_error_dialogs to value 1
02-21 22:54:41 D/InvocationExecution: done with preparer 'com.android.compatibility.common.tradefed.targetprep.SettingsPreparer@4ba01a61' on device: '27161FDH20031X' in 97 ms
02-21 22:54:41 D/InvocationExecution: starting preparer 'com.android.compatibility.common.tradefed.targetprep.ApkPreconditionCheck@dbb6481' on device: '27161FDH20031X'
02-21 22:54:41 I/NativeDeviceStateMonitor: Device 27161FDH20031X is already ONLINE
02-21 22:54:41 I/NativeDeviceStateMonitor: Waiting 360000 ms for device 27161FDH20031X boot complete
02-21 22:54:41 I/DeviceStateMonitor: Waiting 359923 ms for device 27161FDH20031X package manager
02-21 22:54:41 I/NativeDeviceStateMonitor: Waiting 359821 ms for device 27161FDH20031X external store
02-21 22:54:41 I/ApkInstrumentationPreparer: Instrumenting package: com.android.preconditions.cts
02-21 22:54:41 D/NativeDevice: Using property ro.build.version.sdk=34 from cache.
02-21 22:54:41 D/NativeDevice: Using property ro.build.version.sdk=34 from cache.
02-21 22:54:41 D/RunUtil: Running command [adb, -s, 27161FDH20031X, shell, getprop, ro.build.version.codename] with timeout: 45s
02-21 22:54:41 D/RunUtil: Running command [adb, -s, 27161FDH20031X, shell, getprop] with timeout: 45s
02-21 22:54:41 D/NativeDevice: Using property ro.build.version.sdk=34 from cache.
02-21 22:54:41 D/RunUtil: Running command [adb, -s, 27161FDH20031X, shell, pm, list, features] with timeout: 2m 0s
02-21 22:54:41 D/NativeDevice: Using property ro.build.version.sdk=34 from cache.
02-21 22:54:41 D/NativeDevice: Using property ro.build.version.codename=REL from cache.
02-21 22:54:41 D/RunUtil: Running command [aapt2, dump, badging, /tmp/services8295820082838749720.apk] with timeout: 1m 0s
02-21 22:54:41 D/RunUtil: Running command [aapt2, dump, xmltree, /tmp/services8295820082838749720.apk, --file, AndroidManifest.xml] with timeout: 1m 0s
02-21 22:54:41 D/TestAppInstallSetup: Installing apk androidx.test.services with [/tmp/services8295820082838749720.apk] ...
02-21 22:54:41 D/NativeDevice: Using property ro.build.version.sdk=34 from cache.
02-21 22:54:42 D/RunUtil: Running command [aapt, dump, badging, /tmp/services8295820082838749720.apk] with timeout: 1m 0s
02-21 22:54:42 D/RunUtil: Running command [aapt, dump, xmltree, /tmp/services8295820082838749720.apk, AndroidManifest.xml] with timeout: 1m 0s
02-21 22:54:42 D/NativeDevice: Using property ro.build.version.sdk=34 from cache.
02-21 22:54:42 D/RunUtil: Running command [adb, -s, 27161FDH20031X, shell, appops, set, --user, 0, --uid, androidx.test.services, MANAGE_EXTERNAL_STORAGE, 0] with timeout: 2m 0s
02-21 22:54:42 D/RunUtil: Running command [adb, -s, 27161FDH20031X, shell, appops, write-settings] with timeout: 2m 0s
02-21 22:54:42 D/RunUtil: Running command [adb, -s, 27161FDH20031X, shell, dumpsys, deviceidle, whitelist, +androidx.test.services] with timeout: 2m 0s
02-21 22:54:42 D/AndroidJUnitTest: stdout: Added: androidx.test.services

stderr: 
02-21 22:54:42 D/NativeDevice: Using property ro.build.version.sdk=34 from cache.
02-21 22:54:42 D/NativeDevice: Using property ro.build.version.codename=REL from cache.
02-21 22:54:42 D/NativeDevice: Using property ro.build.version.sdk=34 from cache.
02-21 22:54:43 D/RunUtil: Running command [aapt, dump, badging, /home/simon/android-cts/tools/../../android-cts/testcases/CtsPreconditions/arm64/CtsPreconditions.apk] with timeout: 1m 0s
02-21 22:54:43 D/RunUtil: Running command [aapt, dump, xmltree, /home/simon/android-cts/tools/../../android-cts/testcases/CtsPreconditions/arm64/CtsPreconditions.apk, AndroidManifest.xml] with timeout: 1m 0s
02-21 22:54:43 D/RunUtil: Running command [adb, -s, 27161FDH20031X, shell, appops, write-settings] with timeout: 2m 0s
02-21 22:54:43 D/ListInstrumentationParser: instrumentation:com.android.preconditions.cts/androidx.test.runner.AndroidJUnitRunner (target=com.android.preconditions.cts)
02-21 22:54:43 D/ListInstrumentationParser: 
02-21 22:54:43 I/InstrumentationTest: No runner name specified. Using: androidx.test.runner.AndroidJUnitRunner.
02-21 22:54:43 D/NativeDevice: Using property ro.build.version.sdk=34 from cache.
02-21 22:54:43 D/NativeDevice: Using property ro.build.version.sdk=34 from cache.
02-21 22:54:43 D/InstrumentationTest: Initializing com.android.tradefed.device.metric.CountTestCasesCollector for instrumentation.
02-21 22:54:43 I/RemoteAndroidTestRunner: Running am instrument -w -r --no-isolated-storage  -e useTestStorageService true -e newRunListenerMode true -e timeout_msec 300000 com.android.preconditions.cts/androidx.test.runner.AndroidJUnitRunner on google-aosp_on_panther-27161FDH20031X
02-21 22:54:44 D/TestDevice: Uninstalling com.android.preconditions.cts with extra args 
02-21 22:54:44 D/TestDevice: Uninstalling androidx.test.services with extra args 
02-21 22:54:44 D/ApkInstrumentationPreparer: Target preparation successful
02-21 22:54:44 D/InvocationExecution: done with preparer 'com.android.compatibility.common.tradefed.targetprep.ApkPreconditionCheck@dbb6481' on device: '27161FDH20031X' in 3s
02-21 22:54:44 D/InvocationExecution: starting preparer 'com.android.compatibility.common.tradefed.targetprep.WifiCheck@6d3bab25' on device: '27161FDH20031X'
02-21 22:54:44 I/NativeDeviceStateMonitor: Device 27161FDH20031X is already ONLINE
02-21 22:54:44 I/NativeDeviceStateMonitor: Waiting 359999 ms for device 27161FDH20031X boot complete
02-21 22:54:44 I/DeviceStateMonitor: Waiting 359969 ms for device 27161FDH20031X package manager
02-21 22:54:44 I/NativeDeviceStateMonitor: Waiting 359933 ms for device 27161FDH20031X external store
02-21 22:54:44 D/NativeDevice: Using property ro.build.version.sdk=34 from cache.
02-21 22:54:44 D/NativeDevice: Using property ro.build.version.codename=REL from cache.
02-21 22:54:44 D/NativeDevice: Using property ro.build.version.sdk=34 from cache.
02-21 22:54:45 D/RunUtil: Running command [aapt, dump, badging, /tmp/WifiUtil.apk249220825386841353.apk] with timeout: 1m 0s
02-21 22:54:45 D/RunUtil: Running command [aapt, dump, xmltree, /tmp/WifiUtil.apk249220825386841353.apk, AndroidManifest.xml] with timeout: 1m 0s
02-21 22:54:45 D/RunUtil: Running command [adb, -s, 27161FDH20031X, shell, appops, write-settings] with timeout: 2m 0s
02-21 22:54:45 I/WifiCheck: Wifi is connected
02-21 22:54:45 D/InvocationExecution: done with preparer 'com.android.compatibility.common.tradefed.targetprep.WifiCheck@6d3bab25' on device: '27161FDH20031X' in 1s
02-21 22:54:45 D/InvocationExecution: starting preparer 'com.android.tradefed.targetprep.RunCommandTargetPreparer@7d3b8a49' on device: '27161FDH20031X'
02-21 22:54:45 D/RunUtil: Running command [adb, -s, 27161FDH20031X, shell, rm, -rf, /sdcard/device-info-files] with timeout: 2m 0s
02-21 22:54:45 D/RunUtil: Running command [adb, -s, 27161FDH20031X, shell, rm, -rf, /sdcard/report-log-files] with timeout: 2m 0s
02-21 22:54:45 D/RunUtil: Running command [adb, -s, 27161FDH20031X, shell, locksettings, set-disabled, true] with timeout: 2m 0s
02-21 22:54:45 D/InvocationExecution: done with preparer 'com.android.tradefed.targetprep.RunCommandTargetPreparer@7d3b8a49' on device: '27161FDH20031X' in 181 ms
02-21 22:54:45 D/InvocationExecution: starting preparer 'com.android.compatibility.common.tradefed.targetprep.DeviceInfoCollector@23e820d8' on device: '27161FDH20031X'
02-21 22:54:45 D/RunUtil: Running command [adb, -s, 27161FDH20031X, shell, getprop, ro.product.model] with timeout: 45s
02-21 22:54:45 D/RunUtil: Running command [adb, -s, 27161FDH20031X, shell, getprop, ro.product.device] with timeout: 45s
02-21 22:54:46 D/NativeDevice: Using property ro.build.id=AP2A.240905.003 from cache.
02-21 22:54:46 D/RunUtil: Running command [adb, -s, 27161FDH20031X, shell, getprop, ro.bootimage.build.fingerprint] with timeout: 45s
02-21 22:54:46 D/NativeDevice: Using property ro.build.version.sdk=34 from cache.
02-21 22:54:46 D/RunUtil: Running command [adb, -s, 27161FDH20031X, shell, getprop, ro.product.manufacturer] with timeout: 45s
02-21 22:54:46 D/RunUtil: Running command [adb, -s, 27161FDH20031X, shell, getprop, ro.serialno] with timeout: 45s
02-21 22:54:46 D/RunUtil: Running command [adb, -s, 27161FDH20031X, shell, getprop, ro.build.version.security_patch] with timeout: 45s
02-21 22:54:46 D/RunUtil: Running command [adb, -s, 27161FDH20031X, shell, getprop, ro.product.cpu.abilist32] with timeout: 45s
02-21 22:54:46 D/RunUtil: Running command [adb, -s, 27161FDH20031X, shell, getprop, ro.build.reference.fingerprint] with timeout: 45s
02-21 22:54:46 D/RunUtil: Running command [adb, -s, 27161FDH20031X, shell, getprop, ro.product.cpu.abi] with timeout: 45s
02-21 22:54:46 D/RunUtil: Running command [adb, -s, 27161FDH20031X, shell, getprop, ro.product.cpu.abilist64] with timeout: 45s
02-21 22:54:46 D/RunUtil: Running command [adb, -s, 27161FDH20031X, shell, getprop, ro.product.name] with timeout: 45s
02-21 22:54:46 D/RunUtil: Running command [adb, -s, 27161FDH20031X, shell, getprop, ro.build.tags] with timeout: 45s
02-21 22:54:46 D/RunUtil: Running command [adb, -s, 27161FDH20031X, shell, getprop, ro.build.version.incremental] with timeout: 45s
02-21 22:54:46 D/RunUtil: Running command [adb, -s, 27161FDH20031X, shell, getprop, ro.product.brand] with timeout: 45s
02-21 22:54:46 D/RunUtil: Running command [adb, -s, 27161FDH20031X, shell, getprop, ro.build.fingerprint] with timeout: 45s
02-21 22:54:46 D/RunUtil: Running command [adb, -s, 27161FDH20031X, shell, getprop, ro.vendor.build.fingerprint] with timeout: 45s
02-21 22:54:46 D/RunUtil: Running command [adb, -s, 27161FDH20031X, shell, getprop, ro.build.version.base_os] with timeout: 45s
02-21 22:54:46 D/RunUtil: Running command [adb, -s, 27161FDH20031X, shell, getprop, ro.product.cpu.abilist] with timeout: 45s
02-21 22:54:46 D/RunUtil: Running command [adb, -s, 27161FDH20031X, shell, getprop, ro.product.board] with timeout: 45s
02-21 22:54:46 D/RunUtil: Running command [adb, -s, 27161FDH20031X, shell, getprop, ro.build.type] with timeout: 45s
02-21 22:54:46 D/RunUtil: Running command [adb, -s, 27161FDH20031X, shell, getprop, ro.build.version.release] with timeout: 45s
02-21 22:54:46 D/RunUtil: Running command [adb, -s, 27161FDH20031X, shell, getprop, ro.product.cpu.abi2] with timeout: 45s
02-21 22:54:47 I/NativeDeviceStateMonitor: Device 27161FDH20031X is already ONLINE
02-21 22:54:47 I/NativeDeviceStateMonitor: Waiting 360000 ms for device 27161FDH20031X boot complete
02-21 22:54:47 I/DeviceStateMonitor: Waiting 359934 ms for device 27161FDH20031X package manager
02-21 22:54:47 I/NativeDeviceStateMonitor: Waiting 359838 ms for device 27161FDH20031X external store
02-21 22:54:47 I/ApkInstrumentationPreparer: Instrumenting package: com.android.compatibility.common.deviceinfo
02-21 22:54:47 D/NativeDevice: Using property ro.build.version.sdk=34 from cache.
02-21 22:54:47 D/NativeDevice: Using property ro.build.version.sdk=34 from cache.
02-21 22:54:47 D/NativeDevice: Using property ro.build.version.codename=REL from cache.
02-21 22:54:47 D/NativeDevice: Using property ro.build.version.sdk=34 from cache.
02-21 22:54:47 D/RunUtil: Running command [adb, -s, 27161FDH20031X, shell, pm, list, features] with timeout: 2m 0s
02-21 22:54:47 D/NativeDevice: Using property ro.build.version.sdk=34 from cache.
02-21 22:54:47 D/NativeDevice: Using property ro.build.version.codename=REL from cache.
02-21 22:54:47 D/RunUtil: Running command [aapt2, dump, badging, /tmp/services7991065339729022000.apk] with timeout: 1m 0s
02-21 22:54:47 D/RunUtil: Running command [aapt2, dump, xmltree, /tmp/services7991065339729022000.apk, --file, AndroidManifest.xml] with timeout: 1m 0s
02-21 22:54:47 D/TestAppInstallSetup: Installing apk androidx.test.services with [/tmp/services7991065339729022000.apk] ...
02-21 22:54:47 D/NativeDevice: Using property ro.build.version.sdk=34 from cache.
02-21 22:54:47 D/RunUtil: Running command [aapt, dump, badging, /tmp/services7991065339729022000.apk] with timeout: 1m 0s
02-21 22:54:47 D/RunUtil: Running command [aapt, dump, xmltree, /tmp/services7991065339729022000.apk, AndroidManifest.xml] with timeout: 1m 0s
02-21 22:54:47 D/NativeDevice: Using property ro.build.version.sdk=34 from cache.
02-21 22:54:47 D/RunUtil: Running command [adb, -s, 27161FDH20031X, shell, appops, set, --user, 0, --uid, androidx.test.services, MANAGE_EXTERNAL_STORAGE, 0] with timeout: 2m 0s
02-21 22:54:48 D/RunUtil: Running command [adb, -s, 27161FDH20031X, shell, appops, write-settings] with timeout: 2m 0s
02-21 22:54:48 D/RunUtil: Running command [adb, -s, 27161FDH20031X, shell, dumpsys, deviceidle, whitelist, +androidx.test.services] with timeout: 2m 0s
02-21 22:54:48 D/AndroidJUnitTest: stdout: Added: androidx.test.services

stderr: 
02-21 22:54:48 D/NativeDevice: Using property ro.build.version.sdk=34 from cache.
02-21 22:54:48 D/NativeDevice: Using property ro.build.version.codename=REL from cache.
02-21 22:54:48 D/NativeDevice: Using property ro.build.version.sdk=34 from cache.
02-21 22:54:49 D/RunUtil: Running command [aapt, dump, badging, /home/simon/android-cts/tools/../../android-cts/testcases/CtsDeviceInfo/arm64/CtsDeviceInfo.apk] with timeout: 1m 0s
02-21 22:54:49 D/RunUtil: Running command [aapt, dump, xmltree, /home/simon/android-cts/tools/../../android-cts/testcases/CtsDeviceInfo/arm64/CtsDeviceInfo.apk, AndroidManifest.xml] with timeout: 1m 0s
02-21 22:54:49 D/RunUtil: Running command [adb, -s, 27161FDH20031X, shell, appops, write-settings] with timeout: 2m 0s
02-21 22:54:49 D/ListInstrumentationParser: instrumentation:com.android.compatibility.common.deviceinfo/androidx.test.runner.AndroidJUnitRunner (target=com.android.compatibility.common.deviceinfo)
02-21 22:54:49 D/ListInstrumentationParser: instrumentation:com.android.tradefed.utils.wifi/.WifiUtil (target=com.android.tradefed.utils.wifi)
02-21 22:54:49 D/ListInstrumentationParser: 
02-21 22:54:49 I/InstrumentationTest: No runner name specified. Using: androidx.test.runner.AndroidJUnitRunner.
02-21 22:54:49 D/NativeDevice: Using property ro.build.version.sdk=34 from cache.
02-21 22:54:49 D/NativeDevice: Using property ro.build.version.sdk=34 from cache.
02-21 22:54:49 D/InstrumentationTest: Initializing com.android.tradefed.device.metric.CountTestCasesCollector for instrumentation.
02-21 22:54:49 I/RemoteAndroidTestRunner: Running am instrument -w -r --no-isolated-storage  -e useTestStorageService true -e newRunListenerMode true -e timeout_msec 300000 com.android.compatibility.common.deviceinfo/androidx.test.runner.AndroidJUnitRunner on google-aosp_on_panther-27161FDH20031X
02-21 22:55:03 D/TestDevice: Uninstalling com.android.compatibility.common.deviceinfo with extra args 
02-21 22:55:03 D/TestDevice: Uninstalling androidx.test.services with extra args 
02-21 22:55:03 W/ApkInstrumentationPreparer: Target preparation step com.android.compatibility.common.deviceinfo.KeystoreAttestationDeviceInfo#testCollectDeviceInfo failed.
junit.framework.AssertionFailedError: KeystoreAttestationDeviceInfo collection completed. expected:<COMPLETED> but was:<FAILED>
	at junit.framework.Assert.fail(Assert.java:50)
	at junit.framework.Assert.failNotEquals(Assert.java:287)
	at junit.framework.Assert.assertEquals(Assert.java:67)
	at com.android.compatibility.common.deviceinfo.DeviceInfo.testCollectDeviceInfo(DeviceInfo.java:112)
	at java.lang.reflect.Method.invoke(Native Method)
	at android.test.InstrumentationTestCase.runMethod(InstrumentationTestCase.java:220)
	at android.test.InstrumentationTestCase.runTest(InstrumentationTestCase.java:205)

02-21 22:55:03 D/NativeDevice: Using property ro.build.version.sdk=34 from cache.
02-21 22:55:03 D/NativeDevice: Using 'ls' to check doesFileExist(/storage/emulated/0/device-info-files/)
02-21 22:55:03 D/RunUtil: Running command [adb, -s, 27161FDH20031X, shell, ls, '/storage/emulated/0/device-info-files/'] with timeout: 2m 0s
02-21 22:55:04 D/FileUtil: Creating temp file at /tmp/13033356/cts/inv_16814554937389208112/inv_16740478137863723590 with prefix "ConfigurationDeviceInfo.deviceinfo.json_" suffix ".txt.gz"
02-21 22:55:04 I/LogFileSaver: Saved gzip log file /tmp/13033356/cts/inv_16814554937389208112/inv_16740478137863723590/ConfigurationDeviceInfo.deviceinfo.json_17509148527695395064.txt.gz. [size=10, elapsed=1ms]
02-21 22:55:04 D/FileUtil: Creating temp file at /tmp/13033356/cts/inv_16814554937389208112/inv_16740478137863723590 with prefix "StorageDeviceInfo.deviceinfo.json_" suffix ".txt.gz"
02-21 22:55:04 I/LogFileSaver: Saved gzip log file /tmp/13033356/cts/inv_16814554937389208112/inv_16740478137863723590/StorageDeviceInfo.deviceinfo.json_10695176403824212921.txt.gz. [size=10, elapsed=0ms]
02-21 22:55:04 D/FileUtil: Creating temp file at /home/simon/android-cts/tools/../../android-cts/logs/2026.02.21_22.54.39/inv_1153569696043982075 with prefix "framework_manifest.xml_" suffix ".txt.gz"
02-21 22:55:04 I/LogFileSaver: Saved gzip log file /home/simon/android-cts/tools/../../android-cts/logs/2026.02.21_22.54.39/inv_1153569696043982075/framework_manifest.xml_14335000486995054132.txt.gz. [size=10, elapsed=1ms]
02-21 22:55:04 D/CertificationSuiteResultReporter: Saved logs for framework_manifest.xml in /home/simon/android-cts/tools/../../android-cts/logs/2026.02.21_22.54.39/inv_1153569696043982075/framework_manifest.xml_14335000486995054132.txt.gz
02-21 22:55:04 D/FileUtil: Creating temp file at /tmp/13033356/cts/inv_16814554937389208112/inv_16740478137863723590 with prefix "framework_manifest.xml_" suffix ".txt.gz"
02-21 22:55:04 I/LogFileSaver: Saved gzip log file /tmp/13033356/cts/inv_16814554937389208112/inv_16740478137863723590/framework_manifest.xml_16248385546230995042.txt.gz. [size=10, elapsed=0ms]
02-21 22:55:04 D/FileUtil: Creating temp file at /home/simon/android-cts/tools/../../android-cts/logs/2026.02.21_22.54.39/inv_1153569696043982075 with prefix "device_compatibility_matrix.xml_" suffix ".txt.gz"
02-21 22:55:04 I/LogFileSaver: Saved gzip log file /home/simon/android-cts/tools/../../android-cts/logs/2026.02.21_22.54.39/inv_1153569696043982075/device_compatibility_matrix.xml_9616099329042250851.txt.gz. [size=10, elapsed=0ms]
02-21 22:55:04 D/CertificationSuiteResultReporter: Saved logs for device_compatibility_matrix.xml in /home/simon/android-cts/tools/../../android-cts/logs/2026.02.21_22.54.39/inv_1153569696043982075/device_compatibility_matrix.xml_9616099329042250851.txt.gz
02-21 22:55:04 D/FileUtil: Creating temp file at /tmp/13033356/cts/inv_16814554937389208112/inv_16740478137863723590 with prefix "device_compatibility_matrix.xml_" suffix ".txt.gz"
02-21 22:55:04 I/LogFileSaver: Saved gzip log file /tmp/13033356/cts/inv_16814554937389208112/inv_16740478137863723590/device_compatibility_matrix.xml_11681860923823198126.txt.gz. [size=10, elapsed=0ms]
02-21 22:55:04 D/FileUtil: Creating temp file at /tmp/13033356/cts/inv_16814554937389208112/inv_16740478137863723590 with prefix "UserDeviceInfo.deviceinfo.json_" suffix ".txt.gz"
02-21 22:55:04 I/LogFileSaver: Saved gzip log file /tmp/13033356/cts/inv_16814554937389208112/inv_16740478137863723590/UserDeviceInfo.deviceinfo.json_9950507464210252902.txt.gz. [size=10, elapsed=0ms]
02-21 22:55:04 D/FileUtil: Creating temp file at /tmp/13033356/cts/inv_16814554937389208112/inv_16740478137863723590 with prefix "MediaDeviceInfo.deviceinfo.json_" suffix ".txt.gz"
02-21 22:55:04 I/LogFileSaver: Saved gzip log file /tmp/13033356/cts/inv_16814554937389208112/inv_16740478137863723590/MediaDeviceInfo.deviceinfo.json_13024903008312650172.txt.gz. [size=10, elapsed=0ms]
02-21 22:55:04 D/FileUtil: Creating temp file at /home/simon/android-cts/tools/../../android-cts/logs/2026.02.21_22.54.39/inv_1153569696043982075 with prefix "device_manifest.xml_" suffix ".txt.gz"
02-21 22:55:04 I/LogFileSaver: Saved gzip log file /home/simon/android-cts/tools/../../android-cts/logs/2026.02.21_22.54.39/inv_1153569696043982075/device_manifest.xml_8308616570043933689.txt.gz. [size=10, elapsed=0ms]
02-21 22:55:04 D/CertificationSuiteResultReporter: Saved logs for device_manifest.xml in /home/simon/android-cts/tools/../../android-cts/logs/2026.02.21_22.54.39/inv_1153569696043982075/device_manifest.xml_8308616570043933689.txt.gz
02-21 22:55:04 D/FileUtil: Creating temp file at /tmp/13033356/cts/inv_16814554937389208112/inv_16740478137863723590 with prefix "device_manifest.xml_" suffix ".txt.gz"
02-21 22:55:04 I/LogFileSaver: Saved gzip log file /tmp/13033356/cts/inv_16814554937389208112/inv_16740478137863723590/device_manifest.xml_15826300857740267050.txt.gz. [size=10, elapsed=0ms]
02-21 22:55:04 D/FileUtil: Creating temp file at /tmp/13033356/cts/inv_16814554937389208112/inv_16740478137863723590 with prefix "KeystoreAttestationDeviceInfo.deviceinfo.json_" suffix ".txt.gz"
02-21 22:55:04 I/LogFileSaver: Saved gzip log file /tmp/13033356/cts/inv_16814554937389208112/inv_16740478137863723590/KeystoreAttestationDeviceInfo.deviceinfo.json_3734800486520917541.txt.gz. [size=10, elapsed=0ms]
02-21 22:55:04 D/FileUtil: Creating temp file at /tmp/13033356/cts/inv_16814554937389208112/inv_16740478137863723590 with prefix "MediaDrmDeviceInfo.deviceinfo.json_" suffix ".txt.gz"
02-21 22:55:04 I/LogFileSaver: Saved gzip log file /tmp/13033356/cts/inv_16814554937389208112/inv_16740478137863723590/MediaDrmDeviceInfo.deviceinfo.json_15494998007353746647.txt.gz. [size=10, elapsed=0ms]
02-21 22:55:04 D/FileUtil: Creating temp file at /tmp/13033356/cts/inv_16814554937389208112/inv_16740478137863723590 with prefix "CpuDeviceInfo.deviceinfo.json_" suffix ".txt.gz"
02-21 22:55:04 I/LogFileSaver: Saved gzip log file /tmp/13033356/cts/inv_16814554937389208112/inv_16740478137863723590/CpuDeviceInfo.deviceinfo.json_7184455479748008443.txt.gz. [size=10, elapsed=0ms]
02-21 22:55:04 D/FileUtil: Creating temp file at /tmp/13033356/cts/inv_16814554937389208112/inv_16740478137863723590 with prefix "ClientIdDeviceInfo.deviceinfo.json_" suffix ".txt.gz"
02-21 22:55:04 I/LogFileSaver: Saved gzip log file /tmp/13033356/cts/inv_16814554937389208112/inv_16740478137863723590/ClientIdDeviceInfo.deviceinfo.json_11972699711761016413.txt.gz. [size=10, elapsed=0ms]
02-21 22:55:04 D/FileUtil: Creating temp file at /tmp/13033356/cts/inv_16814554937389208112/inv_16740478137863723590 with prefix "VulkanDeviceInfo.deviceinfo.json_" suffix ".txt.gz"
02-21 22:55:04 I/LogFileSaver: Saved gzip log file /tmp/13033356/cts/inv_16814554937389208112/inv_16740478137863723590/VulkanDeviceInfo.deviceinfo.json_9643358534552264976.txt.gz. [size=10, elapsed=0ms]
02-21 22:55:04 D/FileUtil: Creating temp file at /tmp/13033356/cts/inv_16814554937389208112/inv_16740478137863723590 with prefix "ScreenDeviceInfo.deviceinfo.json_" suffix ".txt.gz"
02-21 22:55:04 I/LogFileSaver: Saved gzip log file /tmp/13033356/cts/inv_16814554937389208112/inv_16740478137863723590/ScreenDeviceInfo.deviceinfo.json_13961095992532239061.txt.gz. [size=10, elapsed=0ms]
02-21 22:55:04 D/FileUtil: Creating temp file at /tmp/13033356/cts/inv_16814554937389208112/inv_16740478137863723590 with prefix "DefaultAppDeviceInfo.deviceinfo.json_" suffix ".txt.gz"
02-21 22:55:04 I/LogFileSaver: Saved gzip log file /tmp/13033356/cts/inv_16814554937389208112/inv_16740478137863723590/DefaultAppDeviceInfo.deviceinfo.json_9515855693149278898.txt.gz. [size=10, elapsed=0ms]
02-21 22:55:04 D/FileUtil: Creating temp file at /tmp/13033356/cts/inv_16814554937389208112/inv_16740478137863723590 with prefix "HapticsDeviceInfo.deviceinfo.json_" suffix ".txt.gz"
02-21 22:55:04 I/LogFileSaver: Saved gzip log file /tmp/13033356/cts/inv_16814554937389208112/inv_16740478137863723590/HapticsDeviceInfo.deviceinfo.json_5278847013740495154.txt.gz. [size=10, elapsed=0ms]
02-21 22:55:04 D/FileUtil: Creating temp file at /tmp/13033356/cts/inv_16814554937389208112/inv_16740478137863723590 with prefix "GenericDeviceInfo.deviceinfo.json_" suffix ".txt.gz"
02-21 22:55:04 I/LogFileSaver: Saved gzip log file /tmp/13033356/cts/inv_16814554937389208112/inv_16740478137863723590/GenericDeviceInfo.deviceinfo.json_171165426391731291.txt.gz. [size=10, elapsed=0ms]
02-21 22:55:04 D/FileUtil: Creating temp file at /tmp/13033356/cts/inv_16814554937389208112/inv_16740478137863723590 with prefix "PackageDeviceInfo.deviceinfo.json_" suffix ".txt.gz"
02-21 22:55:04 I/LogFileSaver: Saved gzip log file /tmp/13033356/cts/inv_16814554937389208112/inv_16740478137863723590/PackageDeviceInfo.deviceinfo.json_2980234680027976599.txt.gz. [size=23667, elapsed=2ms]
02-21 22:55:04 D/FileUtil: Creating temp file at /tmp/13033356/cts/inv_16814554937389208112/inv_16740478137863723590 with prefix "VintfDeviceInfo.deviceinfo.json_" suffix ".txt.gz"
02-21 22:55:04 I/LogFileSaver: Saved gzip log file /tmp/13033356/cts/inv_16814554937389208112/inv_16740478137863723590/VintfDeviceInfo.deviceinfo.json_11280710961231635822.txt.gz. [size=10, elapsed=0ms]
02-21 22:55:04 D/FileUtil: Creating temp file at /tmp/13033356/cts/inv_16814554937389208112/inv_16740478137863723590 with prefix "DeviceIdleDeviceInfo.deviceinfo.json_" suffix ".txt.gz"
02-21 22:55:04 I/LogFileSaver: Saved gzip log file /tmp/13033356/cts/inv_16814554937389208112/inv_16740478137863723590/DeviceIdleDeviceInfo.deviceinfo.json_13729845696802427217.txt.gz. [size=10, elapsed=0ms]
02-21 22:55:04 D/FileUtil: Creating temp file at /tmp/13033356/cts/inv_16814554937389208112/inv_16740478137863723590 with prefix "SensorDeviceInfo.deviceinfo.json_" suffix ".txt.gz"
02-21 22:55:04 I/LogFileSaver: Saved gzip log file /tmp/13033356/cts/inv_16814554937389208112/inv_16740478137863723590/SensorDeviceInfo.deviceinfo.json_3745924878768012542.txt.gz. [size=10, elapsed=0ms]
02-21 22:55:04 D/FileUtil: Creating temp file at /tmp/13033356/cts/inv_16814554937389208112/inv_16740478137863723590 with prefix "MemoryDeviceInfo.deviceinfo.json_" suffix ".txt.gz"
02-21 22:55:04 I/LogFileSaver: Saved gzip log file /tmp/13033356/cts/inv_16814554937389208112/inv_16740478137863723590/MemoryDeviceInfo.deviceinfo.json_3582364825409649646.txt.gz. [size=10, elapsed=0ms]
02-21 22:55:04 D/FileUtil: Creating temp file at /tmp/13033356/cts/inv_16814554937389208112/inv_16740478137863723590 with prefix "ConnectivityDeviceInfo.deviceinfo.json_" suffix ".txt.gz"
02-21 22:55:04 I/LogFileSaver: Saved gzip log file /tmp/13033356/cts/inv_16814554937389208112/inv_16740478137863723590/ConnectivityDeviceInfo.deviceinfo.json_9989471236985460787.txt.gz. [size=10, elapsed=0ms]
02-21 22:55:04 D/FileUtil: Creating temp file at /tmp/13033356/cts/inv_16814554937389208112/inv_16740478137863723590 with prefix "BiometricsDeviceInfo.deviceinfo.json_" suffix ".txt.gz"
02-21 22:55:04 I/LogFileSaver: Saved gzip log file /tmp/13033356/cts/inv_16814554937389208112/inv_16740478137863723590/BiometricsDeviceInfo.deviceinfo.json_16674820634150137731.txt.gz. [size=10, elapsed=0ms]
02-21 22:55:04 D/FileUtil: Creating temp file at /tmp/13033356/cts/inv_16814554937389208112/inv_16740478137863723590 with prefix "LocaleDeviceInfo.deviceinfo.json_" suffix ".txt.gz"
02-21 22:55:04 I/LogFileSaver: Saved gzip log file /tmp/13033356/cts/inv_16814554937389208112/inv_16740478137863723590/LocaleDeviceInfo.deviceinfo.json_5000699725923131408.txt.gz. [size=10, elapsed=0ms]
02-21 22:55:04 D/FileUtil: Creating temp file at /tmp/13033356/cts/inv_16814554937389208112/inv_16740478137863723590 with prefix "GraphicsDeviceInfo.deviceinfo.json_" suffix ".txt.gz"
02-21 22:55:04 I/LogFileSaver: Saved gzip log file /tmp/13033356/cts/inv_16814554937389208112/inv_16740478137863723590/GraphicsDeviceInfo.deviceinfo.json_8750161246600577338.txt.gz. [size=10, elapsed=1ms]
02-21 22:55:04 D/FileUtil: Creating temp file at /tmp/13033356/cts/inv_16814554937389208112/inv_16740478137863723590 with prefix "AppStandbyDeviceInfo.deviceinfo.json_" suffix ".txt.gz"
02-21 22:55:04 I/LogFileSaver: Saved gzip log file /tmp/13033356/cts/inv_16814554937389208112/inv_16740478137863723590/AppStandbyDeviceInfo.deviceinfo.json_3944690688016021562.txt.gz. [size=10, elapsed=0ms]
02-21 22:55:04 D/FileUtil: Creating temp file at /home/simon/android-cts/tools/../../android-cts/logs/2026.02.21_22.54.39/inv_1153569696043982075 with prefix "framework_compatibility_matrix.xml_" suffix ".txt.gz"
02-21 22:55:04 I/LogFileSaver: Saved gzip log file /home/simon/android-cts/tools/../../android-cts/logs/2026.02.21_22.54.39/inv_1153569696043982075/framework_compatibility_matrix.xml_4755759057521434861.txt.gz. [size=10, elapsed=1ms]
02-21 22:55:04 D/CertificationSuiteResultReporter: Saved logs for framework_compatibility_matrix.xml in /home/simon/android-cts/tools/../../android-cts/logs/2026.02.21_22.54.39/inv_1153569696043982075/framework_compatibility_matrix.xml_4755759057521434861.txt.gz
02-21 22:55:04 D/FileUtil: Creating temp file at /tmp/13033356/cts/inv_16814554937389208112/inv_16740478137863723590 with prefix "framework_compatibility_matrix.xml_" suffix ".txt.gz"
02-21 22:55:04 I/LogFileSaver: Saved gzip log file /tmp/13033356/cts/inv_16814554937389208112/inv_16740478137863723590/framework_compatibility_matrix.xml_9927075035742882566.txt.gz. [size=10, elapsed=1ms]
02-21 22:55:04 D/FileUtil: Creating temp file at /tmp/13033356/cts/inv_16814554937389208112/inv_16740478137863723590 with prefix "FeatureDeviceInfo.deviceinfo.json_" suffix ".txt.gz"
02-21 22:55:04 I/LogFileSaver: Saved gzip log file /tmp/13033356/cts/inv_16814554937389208112/inv_16740478137863723590/FeatureDeviceInfo.deviceinfo.json_16842130378593285593.txt.gz. [size=10, elapsed=1ms]
02-21 22:55:04 D/FileUtil: Creating temp file at /tmp/13033356/cts/inv_16814554937389208112/inv_16740478137863723590 with prefix "InputDeviceInfo.deviceinfo.json_" suffix ".txt.gz"
02-21 22:55:04 I/LogFileSaver: Saved gzip log file /tmp/13033356/cts/inv_16814554937389208112/inv_16740478137863723590/InputDeviceInfo.deviceinfo.json_11704957670436236687.txt.gz. [size=10, elapsed=0ms]
02-21 22:55:04 D/FileUtil: Creating temp file at /tmp/13033356/cts/inv_16814554937389208112/inv_16740478137863723590 with prefix "MediaOutputDeviceInfo.deviceinfo.json_" suffix ".txt.gz"
02-21 22:55:04 I/LogFileSaver: Saved gzip log file /tmp/13033356/cts/inv_16814554937389208112/inv_16740478137863723590/MediaOutputDeviceInfo.deviceinfo.json_13246925613988610904.txt.gz. [size=10, elapsed=0ms]
02-21 22:55:04 D/FileUtil: Creating temp file at /tmp/13033356/cts/inv_16814554937389208112/inv_16740478137863723590 with prefix "GnssDeviceInfo.deviceinfo.json_" suffix ".txt.gz"
02-21 22:55:04 I/LogFileSaver: Saved gzip log file /tmp/13033356/cts/inv_16814554937389208112/inv_16740478137863723590/GnssDeviceInfo.deviceinfo.json_11807531999384159584.txt.gz. [size=10, elapsed=0ms]
02-21 22:55:04 D/FileUtil: Creating temp file at /tmp/13033356/cts/inv_16814554937389208112/inv_16740478137863723590 with prefix "CameraDeviceInfo.deviceinfo.json_" suffix ".txt.gz"
02-21 22:55:04 I/LogFileSaver: Saved gzip log file /tmp/13033356/cts/inv_16814554937389208112/inv_16740478137863723590/CameraDeviceInfo.deviceinfo.json_3405048043014642166.txt.gz. [size=10, elapsed=1ms]
02-21 22:55:04 D/InvocationExecution: done with preparer 'com.android.compatibility.common.tradefed.targetprep.DeviceInfoCollector@23e820d8' on device: '27161FDH20031X' in 18s
02-21 22:55:04 D/InvocationExecution: starting preparer 'com.android.compatibility.common.tradefed.targetprep.ReportLogCollector@660ce114' on device: '27161FDH20031X'
02-21 22:55:04 D/InvocationExecution: done with preparer 'com.android.compatibility.common.tradefed.targetprep.ReportLogCollector@660ce114' on device: '27161FDH20031X' in 0 ms
02-21 22:55:04 D/InvocationExecution: starting preparer 'com.android.tradefed.targetprep.RunCommandTargetPreparer@5c72ba84' on device: '27161FDH20031X'
02-21 22:55:04 D/RunUtil: Running command [adb, -s, 27161FDH20031X, shell, settings, put, global, package_verifier_enable, 0] with timeout: 2m 0s
02-21 22:55:04 D/InvocationExecution: done with preparer 'com.android.tradefed.targetprep.RunCommandTargetPreparer@5c72ba84' on device: '27161FDH20031X' in 104 ms
02-21 22:55:04 D/InvocationExecution: starting preparer 'com.android.tradefed.targetprep.RunCommandTargetPreparer@2bd961d1' on device: '27161FDH20031X'
02-21 22:55:04 D/RunUtil: Running command [adb, -s, 27161FDH20031X, shell, settings, put, global, verifier_engprod, 1] with timeout: 2m 0s
02-21 22:55:04 D/InvocationExecution: done with preparer 'com.android.tradefed.targetprep.RunCommandTargetPreparer@2bd961d1' on device: '27161FDH20031X' in 48 ms
02-21 22:55:04 D/InvocationExecution: starting preparer 'com.android.compatibility.common.tradefed.targetprep.PropertyCheck@fadd53' on device: '27161FDH20031X'
02-21 22:55:04 D/NativeDevice: Using property ro.build.type=userdebug from cache.
02-21 22:55:04 W/PropertyCheck: Expected "user" but found "userdebug" for property: ro.build.type
02-21 22:55:04 D/InvocationExecution: done with preparer 'com.android.compatibility.common.tradefed.targetprep.PropertyCheck@fadd53' on device: '27161FDH20031X' in 1 ms
02-21 22:55:04 D/InvocationExecution: starting preparer 'com.android.compatibility.common.tradefed.targetprep.PropertyCheck@1479040b' on device: '27161FDH20031X'
02-21 22:55:04 D/RunUtil: Running command [adb, -s, 27161FDH20031X, shell, getprop, ro.product.locale] with timeout: 45s
02-21 22:55:04 D/InvocationExecution: done with preparer 'com.android.compatibility.common.tradefed.targetprep.PropertyCheck@1479040b' on device: '27161FDH20031X' in 35 ms
02-21 22:55:04 D/InvocationExecution: starting preparer 'com.android.compatibility.common.tradefed.targetprep.PropertyCheck@2bd6105a' on device: '27161FDH20031X'
02-21 22:55:04 D/RunUtil: Running command [adb, -s, 27161FDH20031X, shell, getprop, persist.sys.test_harness] with timeout: 45s
02-21 22:55:04 W/PropertyCheck: Property "persist.sys.test_harness" not found on device, cannot verify value "false" 
02-21 22:55:04 D/InvocationExecution: done with preparer 'com.android.compatibility.common.tradefed.targetprep.PropertyCheck@2bd6105a' on device: '27161FDH20031X' in 15 ms
02-21 22:55:04 D/InvocationExecution: Done with setup of device: '27161FDH20031X'
02-21 22:55:04 D/RunUtil: Running command [adb, -s, 27161FDH20031X, shell, uname, -a] with timeout: 2m 0s
02-21 22:55:04 I/InvocationExecution: Device 27161FDH20031X kernel information: 'Linux localhost 5.10.198-android13-4-00050-g12f3388846c3-ab11920634 #1 SMP PREEMPT Mon Jun 3 20:51:42 UTC 2024 aarch64 Toybox'
02-21 22:55:04 D/RunUtil: Running command [adb, -s, 27161FDH20031X, shell, getprop, ro.system.build.fingerprint] with timeout: 45s
02-21 22:55:04 I/InvocationExecution: Device 27161FDH20031X system image build information: 'Android/aosp_panther/panther:14/AP2A.240905.003/eng.simon.20260221.225044:userdebug/test-keys'
02-21 22:55:04 D/NativeDevice: Using property ro.vendor.build.fingerprint=Android/aosp_panther/panther:14/AP2A.240905.003/12231197:userdebug/test-keys from cache.
02-21 22:55:04 I/InvocationExecution: Device 27161FDH20031X vendor image build information: 'Android/aosp_panther/panther:14/AP2A.240905.003/12231197:userdebug/test-keys'
02-21 22:55:04 D/InvocationExecution: Total setup duration: 24s'
02-21 22:55:04 D/LogFileSaver: Log data for device_logcat_setup_27161FDH20031X is already compressed, skipping compression
02-21 22:55:04 D/FileUtil: Creating temp file at /home/simon/android-cts/tools/../../android-cts/logs/2026.02.21_22.54.39/inv_1153569696043982075 with prefix "device_logcat_setup_27161FDH20031X_" suffix ".txt"
02-21 22:55:04 I/LogFileSaver: Saved log file /home/simon/android-cts/tools/../../android-cts/logs/2026.02.21_22.54.39/inv_1153569696043982075/device_logcat_setup_27161FDH20031X_4149052900407534110.txt. [size=4868256, elapsed=2ms]
02-21 22:55:04 D/CertificationSuiteResultReporter: Saved logs for device_logcat_setup_27161FDH20031X in /home/simon/android-cts/tools/../../android-cts/logs/2026.02.21_22.54.39/inv_1153569696043982075/device_logcat_setup_27161FDH20031X_4149052900407534110.txt
02-21 22:55:04 D/LogFileSaver: Log data for device_logcat_setup_27161FDH20031X is already compressed, skipping compression
02-21 22:55:04 D/FileUtil: Creating temp file at /tmp/13033356/cts/inv_16814554937389208112/inv_16740478137863723590 with prefix "device_logcat_setup_27161FDH20031X_" suffix ".txt"
02-21 22:55:04 I/LogFileSaver: Saved log file /tmp/13033356/cts/inv_16814554937389208112/inv_16740478137863723590/device_logcat_setup_27161FDH20031X_2557695378495217945.txt. [size=4868256, elapsed=2ms]
02-21 22:55:04 D/TestDevice: No snapuserd notification in progress for BLOCK_BEFORE_TEST
02-21 22:55:04 D/PrettyPrintDelimiter: 
===============================
===== TEST PHASE STARTING =====
===============================
02-21 22:55:04 D/RunUtil: Running command [adb, -s, 27161FDH20031X, shell, cmd, device_state, print-states] with timeout: 2m 0s
02-21 22:55:04 D/NativeDevice: Using property ro.product.cpu.abilist=arm64-v8a from cache.
02-21 22:55:04 D/FileUtil: Creating temp file at /home/simon/android-cts/tools/../../android-cts/logs/2026.02.21_22.54.39/inv_1153569696043982075 with prefix "suite-exclude-filters573653617382563745.txt_" suffix ".txt.gz"
02-21 22:55:04 I/LogFileSaver: Saved gzip log file /home/simon/android-cts/tools/../../android-cts/logs/2026.02.21_22.54.39/inv_1153569696043982075/suite-exclude-filters573653617382563745.txt_14726138487110894219.txt.gz. [size=10, elapsed=0ms]
02-21 22:55:04 D/CertificationSuiteResultReporter: Saved logs for suite-exclude-filters573653617382563745.txt in /home/simon/android-cts/tools/../../android-cts/logs/2026.02.21_22.54.39/inv_1153569696043982075/suite-exclude-filters573653617382563745.txt_14726138487110894219.txt.gz
02-21 22:55:04 D/FileUtil: Creating temp file at /tmp/13033356/cts/inv_16814554937389208112/inv_16740478137863723590 with prefix "suite-exclude-filters573653617382563745.txt_" suffix ".txt.gz"
02-21 22:55:04 I/LogFileSaver: Saved gzip log file /tmp/13033356/cts/inv_16814554937389208112/inv_16740478137863723590/suite-exclude-filters573653617382563745.txt_14491470143440515974.txt.gz. [size=10, elapsed=1ms]
02-21 22:55:04 D/BaseTestSuite: Initializing ModuleRepo
ABIs:[{arm64-v8a, bitness=64}]
Test Args:[com.android.tradefed.testtype.AndroidJUnitTest:exclude-annotation:com.android.compatibility.common.util.CtsDownstreamingTest, com.android.compatibility.common.tradefed.testtype.JarHostTest:exclude-annotation:com.android.compatibility.common.util.CtsDownstreamingTest, com.android.tradefed.testtype.HostTest:exclude-annotation:com.android.compatibility.common.util.CtsDownstreamingTest, com.android.tradefed.testtype.AndroidJUnitTest:exclude-annotation:android.platform.test.annotations.AsbSecurityTest, com.android.compatibility.common.tradefed.testtype.JarHostTest:exclude-annotation:android.platform.test.annotations.AsbSecurityTest, com.android.tradefed.testtype.AndroidJUnitTest:exclude-annotation:android.platform.test.annotations.AppModeInstant, com.android.compatibility.common.tradefed.testtype.JarHostTest:exclude-annotation:android.platform.test.annotations.AppModeInstant, com.android.tradefed.testtype.HostTest:exclude-annotation:android.platform.test.annotations.AppModeInstant]
Module Args:[]
Includes: {arm64-v8a CtsDisplayTestCases=[CtsDisplayTestCases android.display.cts.DisplayTest#testModeSwitchOnPrimaryDisplay], arm64-v8a CtsDisplayTestCases[instant]=[CtsDisplayTestCases[instant] android.display.cts.DisplayTest#testModeSwitchOnPrimaryDisplay], arm64-v8a CtsDisplayTestCases[run-on-private-profile]=[CtsDisplayTestCases[run-on-private-profile] android.display.cts.DisplayTest#testModeSwitchOnPrimaryDisplay], arm64-v8a CtsDisplayTestCases[run-on-work-profile]=[CtsDisplayTestCases[run-on-work-profile] android.display.cts.DisplayTest#testModeSwitchOnPrimaryDisplay], arm64-v8a CtsDisplayTestCases[run-on-secondary-user]=[CtsDisplayTestCases[run-on-secondary-user] android.display.cts.DisplayTest#testModeSwitchOnPrimaryDisplay], arm64-v8a CtsDisplayTestCases[run-on-clone-profile]=[CtsDisplayTestCases[run-on-clone-profile] android.display.cts.DisplayTest#testModeSwitchOnPrimaryDisplay]}
Excludes: See suite-exclude-filters573653617382563745.txt
02-21 22:55:04 D/BaseTestSuite: Foldable states: [foldable:0:DEFAULT]
02-21 22:55:04 D/BaseTestSuite: Loading tests from [/home/simon/android-cts/tools/../../android-cts/testcases]
02-21 22:55:05 D/ITestSuite: No remote build info, skipping stageTestArtifacts
02-21 22:55:05 D/ITestSuite: Resource not found for allowed preparers: /suite/google-allowed-preparers.txt
02-21 22:55:05 D/ITestSuite: [Total Unique Modules = 2]
02-21 22:55:05 I/ITestSuite: 27161FDH20031X running 2 modules: [arm64-v8a CtsDisplayTestCases[instant], arm64-v8a CtsDisplayTestCases]
02-21 22:55:05 D/TradefedFeatureClient: invoking feature 'skipFeature'
02-21 22:55:05 D/TradefedFeatureClient: Using reference id from metrics.
02-21 22:55:05 D/TradefedFeatureClient: name: "skipFeature"
reference_id: "d48d2600-58f5-4d58-945d-3543792f8cad"

02-21 22:55:05 D/TradefedFeatureServer: Executing com.android.tradefed.result.skipped.SkipFeature@33c3bae0 with [name: "skipFeature"
reference_id: "d48d2600-58f5-4d58-945d-3543792f8cad"
]
02-21 22:55:05 D/TradefedFeatureClient: Feature name: skipFeature. response: multi_part_response {
  response_part {
    key: "delimiter"
    value: "\\+,"
  }
  response_part {
    key: "presubmit"
    value: "false"
  }
  response_part {
    key: "skipModules"
  }
  response_part {
    key: "imageDigests"
  }
}

02-21 22:55:05 D/BaseTestSuite: Filters for 'arm64-v8a CtsDisplayTestCases[instant]': []
02-21 22:55:05 D/FileUtil: Creating temp file at /tmp/tf-workfolder11336066227928481712 with prefix "CtsDisplayTestCases" suffix ".xml"
02-21 22:55:05 D/LogFileSaver: Log data for module-configuration is already compressed, skipping compression
02-21 22:55:05 D/FileUtil: Creating temp file at /home/simon/android-cts/tools/../../android-cts/logs/2026.02.21_22.54.39/inv_1153569696043982075 with prefix "module-configuration_" suffix ".xml"
02-21 22:55:05 I/LogFileSaver: Saved log file /home/simon/android-cts/tools/../../android-cts/logs/2026.02.21_22.54.39/inv_1153569696043982075/module-configuration_3997558334923322413.xml. [size=1645, elapsed=0ms]
02-21 22:55:05 D/CertificationSuiteResultReporter: Saved logs for module-configuration in /home/simon/android-cts/tools/../../android-cts/logs/2026.02.21_22.54.39/inv_1153569696043982075/module-configuration_3997558334923322413.xml
02-21 22:55:05 D/LogFileSaver: Log data for module-configuration is already compressed, skipping compression
02-21 22:55:05 D/FileUtil: Creating temp file at /tmp/13033356/cts/inv_16814554937389208112/inv_16740478137863723590 with prefix "module-configuration_" suffix ".xml"
02-21 22:55:05 I/LogFileSaver: Saved log file /tmp/13033356/cts/inv_16814554937389208112/inv_16740478137863723590/module-configuration_13936227666237330875.xml. [size=1645, elapsed=1ms]
02-21 22:55:05 I/ITestSuite: Running system status checker before module execution: arm64-v8a CtsDisplayTestCases[instant]
02-21 22:55:05 D/NativeDevice: Using property ro.build.version.sdk=34 from cache.
02-21 22:55:05 D/NativeDevice: Using property ro.build.version.sdk=34 from cache.
02-21 22:55:05 D/NativeDevice: Using property ro.build.version.sdk=34 from cache.
02-21 22:55:06 I/UserChecker: Current user 0 is already user type CURRENT, no action.
02-21 22:55:06 I/NativeDevice: adb unroot on device 27161FDH20031X
02-21 22:55:06 D/RunUtil: Running command [adb, -s, 27161FDH20031X, unroot] with timeout: 2m 0s
02-21 22:55:06 D/BackgroundDeviceAction: Waiting for device 27161FDH20031X online before starting.
02-21 22:55:07 I/NativeDeviceStateMonitor: Waiting for device 27161FDH20031X to be in NOT_AVAILABLE mode for '5s'; it is currently in ONLINE mode...
02-21 22:55:12 W/NativeDevice: Did not detect device 27161FDH20031X becoming unavailable after unroot
02-21 22:55:12 I/NativeDeviceStateMonitor: Device 27161FDH20031X is already ONLINE
02-21 22:55:12 W/ShellStatusChecker: This module unexpectedly started in a root shell. Leaked from earlier module?
02-21 22:55:12 W/ITestSuite: System status checker [com.android.tradefed.suite.checker.ShellStatusChecker] failed.
02-21 22:55:12 D/DeviceSettingChecker: Begin preExecutionCheck for checking device setting
02-21 22:55:12 D/NativeDevice: Using property ro.build.version.sdk=34 from cache.
02-21 22:55:12 D/NativeDevice: Using property ro.build.version.sdk=34 from cache.
02-21 22:55:13 D/NativeDevice: Using property ro.build.type=userdebug from cache.
02-21 22:55:13 D/NativeDevice: Using property ro.build.version.sdk=34 from cache.
02-21 22:55:13 D/NativeDevice: Using property ro.build.version.codename=REL from cache.
02-21 22:55:13 D/NativeDevice: Using property ro.build.version.sdk=34 from cache.
02-21 22:55:13 D/NativeDevice: Using property ro.build.version.sdk=34 from cache.
02-21 22:55:13 D/NativeDevice: Using property ro.build.version.sdk=34 from cache.
02-21 22:55:13 D/NativeDevice: Using property ro.build.version.sdk=34 from cache.
02-21 22:55:13 D/NativeDevice: Using property ro.build.version.sdk=34 from cache.
02-21 22:55:13 D/NativeDevice: Using property ro.build.version.sdk=34 from cache.
02-21 22:55:13 D/NativeDevice: Using property ro.build.version.codename=REL from cache.
02-21 22:55:13 D/NativeDevice: Using property ro.build.version.sdk=34 from cache.
02-21 22:55:13 D/NativeDevice: Using property ro.build.version.codename=REL from cache.
02-21 22:55:13 D/NativeDevice: Using property ro.build.version.sdk=34 from cache.
02-21 22:55:13 D/NativeDevice: Using property ro.build.version.codename=REL from cache.
02-21 22:55:13 D/NativeDevice: Using property ro.build.version.sdk=34 from cache.
02-21 22:55:13 D/NativeDevice: Using property ro.build.version.sdk=34 from cache.
02-21 22:55:13 D/NativeDevice: Using property ro.build.version.sdk=34 from cache.
02-21 22:55:13 D/NativeDevice: Using property ro.build.version.sdk=34 from cache.
02-21 22:55:13 D/NativeDevice: Using property ro.build.version.sdk=34 from cache.
02-21 22:55:13 D/NativeDevice: Using property ro.build.version.sdk=34 from cache.
02-21 22:55:13 D/NativeDevice: Using property ro.build.version.sdk=34 from cache.
02-21 22:55:13 D/RunUtil: Running command [adb, -s, 27161FDH20031X, shell, locksettings, get-disabled] with timeout: 2m 0s
02-21 22:55:13 D/RunUtil: Running command [adb, -s, 27161FDH20031X, shell, locksettings, get-disabled] with timeout: 2m 0s
02-21 22:55:13 D/RunUtil: Running command [adb, -s, 27161FDH20031X, shell, input, keyevent, KEYCODE_MENU] with timeout: 2m 0s
02-21 22:55:13 D/RunUtil: Running command [adb, -s, 27161FDH20031X, shell, input, keyevent, KEYCODE_HOME] with timeout: 2m 0s
02-21 22:55:13 I/DeviceBaselineChecker: Enable device baselines keep_engprod_mode_on,disable_os_auto_update,hide_error_dialogs,keep_screen_on,disable_usb_app_verification,clear_lock_screen,keep_location_mode_on,keep_setup_complete_on in 288 millis.
02-21 22:55:13 W/ITestSuite: There are failed system status checkers: {com.android.tradefed.suite.checker.ShellStatusChecker=This module unexpectedly started in a root shell. Leaked from earlier module?}
02-21 22:55:13 D/ModuleDefinition: Running module arm64-v8a CtsDisplayTestCases[instant]
02-21 22:55:13 D/ModuleDefinition: Running setup preparer: SuiteApkInstaller
02-21 22:55:13 D/NativeDevice: Using property ro.build.version.sdk=34 from cache.
02-21 22:55:13 D/NativeDevice: Using property ro.build.version.sdk=34 from cache.
02-21 22:55:13 D/NativeDevice: Using property ro.build.version.codename=REL from cache.
02-21 22:55:13 D/NativeDevice: Using property ro.build.id=AP2A.240905.003 from cache.
02-21 22:55:13 D/NativeDevice: Using property ro.build.version.sdk=34 from cache.
02-21 22:55:13 D/NativeDevice: Using property ro.build.version.codename=REL from cache.
02-21 22:55:13 D/SearchArtifactUtil: Searching the module dir: /home/simon/android-cts/tools/../../android-cts/testcases/CtsDisplayTestCases
02-21 22:55:13 D/RunUtil: Running command [aapt2, dump, badging, /home/simon/android-cts/tools/../../android-cts/testcases/CtsDisplayTestCases/arm64/CtsDisplayTestCases.apk] with timeout: 1m 0s
02-21 22:55:13 D/RunUtil: Running command [aapt2, dump, xmltree, /home/simon/android-cts/tools/../../android-cts/testcases/CtsDisplayTestCases/arm64/CtsDisplayTestCases.apk, --file, AndroidManifest.xml] with timeout: 1m 0s
02-21 22:55:13 D/TestAppInstallSetup: Installing apk android.display.cts with [/home/simon/android-cts/tools/../../android-cts/testcases/CtsDisplayTestCases/arm64/CtsDisplayTestCases.apk] ...
02-21 22:55:13 D/NativeDevice: Using property ro.build.version.sdk=34 from cache.
02-21 22:55:14 D/RunUtil: Running command [aapt, dump, badging, /home/simon/android-cts/tools/../../android-cts/testcases/CtsDisplayTestCases/arm64/CtsDisplayTestCases.apk] with timeout: 1m 0s
02-21 22:55:14 D/RunUtil: Running command [aapt, dump, xmltree, /home/simon/android-cts/tools/../../android-cts/testcases/CtsDisplayTestCases/arm64/CtsDisplayTestCases.apk, AndroidManifest.xml] with timeout: 1m 0s
02-21 22:55:14 D/RunUtil: Running command [adb, -s, 27161FDH20031X, shell, appops, write-settings] with timeout: 2m 0s
02-21 22:55:14 D/SearchArtifactUtil: Searching the module dir: /home/simon/android-cts/tools/../../android-cts/testcases/CtsDisplayTestCases
02-21 22:55:14 D/RunUtil: Running command [aapt2, dump, badging, /home/simon/android-cts/tools/../../android-cts/testcases/CtsDisplayTestCases/CtsAppTestStubs.apk] with timeout: 1m 0s
02-21 22:55:14 D/RunUtil: Running command [aapt2, dump, xmltree, /home/simon/android-cts/tools/../../android-cts/testcases/CtsDisplayTestCases/CtsAppTestStubs.apk, --file, AndroidManifest.xml] with timeout: 1m 0s
02-21 22:55:14 D/TestAppInstallSetup: Installing apk android.app.stubs with [/home/simon/android-cts/tools/../../android-cts/testcases/CtsDisplayTestCases/CtsAppTestStubs.apk] ...
02-21 22:55:14 D/NativeDevice: Using property ro.build.version.sdk=34 from cache.
02-21 22:55:15 D/RunUtil: Running command [aapt, dump, badging, /home/simon/android-cts/tools/../../android-cts/testcases/CtsDisplayTestCases/CtsAppTestStubs.apk] with timeout: 1m 0s
02-21 22:55:15 D/RunUtil: Running command [aapt, dump, xmltree, /home/simon/android-cts/tools/../../android-cts/testcases/CtsDisplayTestCases/CtsAppTestStubs.apk, AndroidManifest.xml] with timeout: 1m 0s
02-21 22:55:15 D/RunUtil: Running command [adb, -s, 27161FDH20031X, shell, appops, write-settings] with timeout: 2m 0s
02-21 22:55:15 D/AndroidJUnitTest: Disable test storage on instant app module.
02-21 22:55:15 D/AndroidJUnitTest: Attempting to push filters to /data/local/tmp/ajur/includes.txt
02-21 22:55:15 D/NativeDevice: Using 'ls' to check doesFileExist(/data/local/tmp/ajur)
02-21 22:55:15 D/RunUtil: Running command [adb, -s, 27161FDH20031X, shell, ls, '/data/local/tmp/ajur'] with timeout: 2m 0s
02-21 22:55:15 D/NativeDevice: File /data/local/tmp/ajur does not exist.
stdout: 
stderr: ls: /data/local/tmp/ajur: No such file or directory

02-21 22:55:15 D/NativeDevice: Using 'ls' to check doesFileExist(/data/local/tmp/ajur/includes.txt)
02-21 22:55:15 D/RunUtil: Running command [adb, -s, 27161FDH20031X, shell, ls, '/data/local/tmp/ajur/includes.txt'] with timeout: 2m 0s
02-21 22:55:15 D/FileUtil: Creating temp file at /home/simon/android-cts/tools/../../android-cts/logs/2026.02.21_22.54.39/inv_1153569696043982075 with prefix "filter-arm64-v8a%20CtsDisplayTestCases%5Binstant%5D.include_" suffix ".txt.gz"
02-21 22:55:15 I/LogFileSaver: Saved gzip log file /home/simon/android-cts/tools/../../android-cts/logs/2026.02.21_22.54.39/inv_1153569696043982075/filter-arm64-v8a%20CtsDisplayTestCases%5Binstant%5D.include_15074634356179552206.txt.gz. [size=10, elapsed=0ms]
02-21 22:55:15 D/CertificationSuiteResultReporter: Saved logs for filter-arm64-v8a%20CtsDisplayTestCases%5Binstant%5D.include in /home/simon/android-cts/tools/../../android-cts/logs/2026.02.21_22.54.39/inv_1153569696043982075/filter-arm64-v8a%20CtsDisplayTestCases%5Binstant%5D.include_15074634356179552206.txt.gz
02-21 22:55:15 D/FileUtil: Creating temp file at /tmp/13033356/cts/inv_16814554937389208112/inv_16740478137863723590 with prefix "filter-arm64-v8a%20CtsDisplayTestCases%5Binstant%5D.include_" suffix ".txt.gz"
02-21 22:55:15 I/LogFileSaver: Saved gzip log file /tmp/13033356/cts/inv_16814554937389208112/inv_16740478137863723590/filter-arm64-v8a%20CtsDisplayTestCases%5Binstant%5D.include_11069834675251517075.txt.gz. [size=10, elapsed=0ms]
02-21 22:55:15 D/ListInstrumentationParser: instrumentation:android.display.cts/androidx.test.runner.AndroidJUnitRunner (target=android.display.cts)
02-21 22:55:15 D/ListInstrumentationParser: instrumentation:com.android.tradefed.utils.wifi/.WifiUtil (target=com.android.tradefed.utils.wifi)
02-21 22:55:15 D/ListInstrumentationParser: 
02-21 22:55:15 I/InstrumentationTest: No runner name specified. Using: androidx.test.runner.AndroidJUnitRunner.
02-21 22:55:15 D/NativeDevice: Using property ro.build.version.sdk=34 from cache.
02-21 22:55:15 D/NativeDevice: Using property ro.build.version.sdk=34 from cache.
02-21 22:55:15 D/InstrumentationTest: Collecting test info for android.display.cts on device 27161FDH20031X
02-21 22:55:15 I/RemoteAndroidTestRunner: Running am instrument -w -r --abi arm64-v8a  -e testFile /data/local/tmp/ajur/includes.txt -e debug false -e newRunListenerMode true -e log true -e notAnnotation android.platform.test.annotations.AsbSecurityTest,com.android.compatibility.common.util.CtsDownstreamingTest,android.platform.test.annotations.AppModeFull -e timeout_msec 300000 android.display.cts/androidx.test.runner.AndroidJUnitRunner on google-aosp_on_panther-27161FDH20031X
02-21 22:55:15 D/InstrumentationTest: Initializing com.android.tradefed.device.metric.CountTestCasesCollector for instrumentation.
02-21 22:55:15 I/RemoteAndroidTestRunner: Running am instrument -w -r --abi arm64-v8a  -e testFile /data/local/tmp/ajur/includes.txt -e debug false -e newRunListenerMode true -e log false -e notAnnotation android.platform.test.annotations.AsbSecurityTest,com.android.compatibility.common.util.CtsDownstreamingTest,android.platform.test.annotations.AppModeFull -e timeout_msec 300000 android.display.cts/androidx.test.runner.AndroidJUnitRunner on google-aosp_on_panther-27161FDH20031X
02-21 22:55:16 D/ModuleListener: ModuleListener.testRunStarted(android.display.cts, 1, 0) on 27161FDH20031X
02-21 22:55:16 D/ModuleListener: ModuleListener.testStarted(android.display.cts.DisplayTest#testModeSwitchOnPrimaryDisplay) on 27161FDH20031X
02-21 22:55:16 D/BackgroundDeviceAction: Device 27161FDH20031X now online.
02-21 22:55:16 D/BackgroundDeviceAction: Starting logcat for 27161FDH20031X.
02-21 22:55:16 I/ModuleListener: [1/1] 27161FDH20031X android.display.cts.DisplayTest#testModeSwitchOnPrimaryDisplay FAILURE: java.lang.AssertionError
	at org.junit.Assert.fail(Assert.java:87)
	at org.junit.Assert.assertTrue(Assert.java:42)
	at org.junit.Assert.assertTrue(Assert.java:53)
	at android.display.cts.DisplayTest.testModeSwitchOnPrimaryDisplay(DisplayTest.java:637)

02-21 22:55:17 D/ModuleListener: ModuleListener.testRunEnded(930) on 27161FDH20031X
02-21 22:55:17 D/TestDevice: Uninstalling android.display.cts with extra args 
02-21 22:55:17 D/TestDevice: Uninstalling android.app.stubs with extra args 
02-21 22:55:17 I/NativeDeviceStateMonitor: Device 27161FDH20031X is already ONLINE
02-21 22:55:17 I/NativeDeviceStateMonitor: Waiting 360000 ms for device 27161FDH20031X boot complete
02-21 22:55:17 I/DeviceStateMonitor: Waiting 359965 ms for device 27161FDH20031X package manager
02-21 22:55:17 I/NativeDeviceStateMonitor: Waiting 359929 ms for device 27161FDH20031X external store
02-21 22:55:17 I/ConsoleReporter: [27161FDH20031X] Starting arm64-v8a CtsDisplayTestCases[instant] with 1 test
02-21 22:55:17 I/ConsoleReporter: [1/1 arm64-v8a CtsDisplayTestCases[instant] 27161FDH20031X] android.display.cts.DisplayTest#testModeSwitchOnPrimaryDisplay fail: java.lang.AssertionError
	at org.junit.Assert.fail(Assert.java:87)
	at org.junit.Assert.assertTrue(Assert.java:42)
	at org.junit.Assert.assertTrue(Assert.java:53)
	at android.display.cts.DisplayTest.testModeSwitchOnPrimaryDisplay(DisplayTest.java:637)

02-21 22:55:17 I/ConsoleReporter: [27161FDH20031X] arm64-v8a CtsDisplayTestCases[instant] completed in 2s. 0 passed, 1 failed, 0 not executed
02-21 22:55:17 I/ITestSuite: Running system status checker after module execution: arm64-v8a CtsDisplayTestCases[instant]
02-21 22:55:17 D/NativeDevice: Using property ro.build.version.sdk=34 from cache.
02-21 22:55:17 D/NativeDevice: Using property ro.build.version.sdk=34 from cache.
02-21 22:55:17 D/NativeDevice: Using property ro.build.version.sdk=34 from cache.
02-21 22:55:18 I/NativeDeviceStateMonitor: Device 27161FDH20031X is already ONLINE
02-21 22:55:18 I/NativeDeviceStateMonitor: Waiting 360000 ms for device 27161FDH20031X boot complete
02-21 22:55:18 I/DeviceStateMonitor: Waiting 359954 ms for device 27161FDH20031X package manager
02-21 22:55:18 I/NativeDeviceStateMonitor: Waiting 359858 ms for device 27161FDH20031X external store
02-21 22:55:18 I/MonitoringUtils: Wifi Connectivity: passed check.
02-21 22:55:19 D/TestDevice: Output from KeyguardController:   KeyguardController:
    mKeyguardShowing=false
    mAodShowing=false
    mKeyguardGoingAway=false

02-21 22:55:19 E/LeakedThreadStatusChecker: We have 4 threads instead of 1. List: [Thread[Invocation-27161FDH20031X,5,Invocation-27161FDH20031X], Thread[BackgroundDeviceAction-logcat -b all -v threadtime,uid,5,Invocation-27161FDH20031X], Thread[Timer-1,5,Invocation-27161FDH20031X], Thread[grpc-default-worker-ELG-3-1,5,Invocation-27161FDH20031X]]
02-21 22:55:19 W/ITestSuite: System status checker [com.android.tradefed.suite.checker.LeakedThreadStatusChecker] failed
02-21 22:55:19 D/NativeDevice: Time offset = 214 ms
02-21 22:55:19 D/DeviceSettingChecker: Begin postExecution for checking device setting
02-21 22:55:19 W/DeviceSettingChecker: Setting in namespace global fails:
 ota_disable_automatic_update is not found before module run

02-21 22:55:19 W/ITestSuite: System status checker [com.android.tradefed.suite.checker.DeviceSettingChecker] failed
02-21 22:55:19 D/NativeDevice: Using property ro.build.version.sdk=34 from cache.
02-21 22:55:19 W/ITestSuite: There are failed system status checkers: {com.android.tradefed.suite.checker.LeakedThreadStatusChecker=We have 4 threads instead of 1. List: [Thread[Invocation-27161FDH20031X,5,Invocation-27161FDH20031X], Thread[BackgroundDeviceAction-logcat -b all -v threadtime,uid,5,Invocation-27161FDH20031X], Thread[Timer-1,5,Invocation-27161FDH20031X], Thread[grpc-default-worker-ELG-3-1,5,Invocation-27161FDH20031X]], com.android.tradefed.suite.checker.DeviceSettingChecker=Setting in namespace global fails:
 ota_disable_automatic_update is not found before module run
}
02-21 22:55:19 D/FileUtil: Creating temp file at /home/simon/android-cts/tools/../../android-cts/results/2026.02.21_22.54.39/proto with prefix "tmp-proto" suffix ""
02-21 22:55:19 D/BaseTestSuite: Filters for 'arm64-v8a CtsDisplayTestCases': [CtsDisplayTestCases android.display.cts.DisplayTest#testActivityContextGetMetrics]
02-21 22:55:19 D/FileUtil: Creating temp file at /tmp/tf-workfolder11336066227928481712 with prefix "CtsDisplayTestCases" suffix ".xml"
02-21 22:55:19 D/LogFileSaver: Log data for module-configuration is already compressed, skipping compression
02-21 22:55:19 D/FileUtil: Creating temp file at /home/simon/android-cts/tools/../../android-cts/logs/2026.02.21_22.54.39/inv_1153569696043982075 with prefix "module-configuration_" suffix ".xml"
02-21 22:55:19 I/LogFileSaver: Saved log file /home/simon/android-cts/tools/../../android-cts/logs/2026.02.21_22.54.39/inv_1153569696043982075/module-configuration_1420680330604253138.xml. [size=1599, elapsed=0ms]
02-21 22:55:19 D/CertificationSuiteResultReporter: Saved logs for module-configuration in /home/simon/android-cts/tools/../../android-cts/logs/2026.02.21_22.54.39/inv_1153569696043982075/module-configuration_1420680330604253138.xml
02-21 22:55:19 D/LogFileSaver: Log data for module-configuration is already compressed, skipping compression
02-21 22:55:19 D/FileUtil: Creating temp file at /tmp/13033356/cts/inv_16814554937389208112/inv_16740478137863723590 with prefix "module-configuration_" suffix ".xml"
02-21 22:55:19 I/LogFileSaver: Saved log file /tmp/13033356/cts/inv_16814554937389208112/inv_16740478137863723590/module-configuration_5019410361508215038.xml. [size=1599, elapsed=0ms]
02-21 22:55:19 I/ITestSuite: Running system status checker before module execution: arm64-v8a CtsDisplayTestCases
02-21 22:55:19 D/NativeDevice: Using property ro.build.version.sdk=34 from cache.
02-21 22:55:20 D/NativeDevice: Using property ro.build.version.sdk=34 from cache.
02-21 22:55:20 D/NativeDevice: Using property ro.build.version.sdk=34 from cache.
02-21 22:55:20 I/UserChecker: Current user 0 is already user type CURRENT, no action.
02-21 22:55:20 D/DeviceSettingChecker: Begin preExecutionCheck for checking device setting
02-21 22:55:20 D/NativeDevice: Using property ro.build.version.sdk=34 from cache.
02-21 22:55:20 D/NativeDevice: Using property ro.build.version.sdk=34 from cache.
02-21 22:55:20 D/NativeDevice: Using property ro.build.version.sdk=34 from cache.
02-21 22:55:20 D/NativeDevice: Using property ro.build.version.codename=REL from cache.
02-21 22:55:20 D/NativeDevice: Using property ro.build.version.sdk=34 from cache.
02-21 22:55:20 D/NativeDevice: Using property ro.build.version.sdk=34 from cache.
02-21 22:55:20 D/NativeDevice: Using property ro.build.version.sdk=34 from cache.
02-21 22:55:20 D/NativeDevice: Using property ro.build.version.sdk=34 from cache.
02-21 22:55:20 D/NativeDevice: Using property ro.build.version.sdk=34 from cache.
02-21 22:55:20 D/NativeDevice: Using property ro.build.version.sdk=34 from cache.
02-21 22:55:20 D/NativeDevice: Using property ro.build.version.codename=REL from cache.
02-21 22:55:20 D/NativeDevice: Using property ro.build.version.sdk=34 from cache.
02-21 22:55:20 D/NativeDevice: Using property ro.build.version.codename=REL from cache.
02-21 22:55:20 D/NativeDevice: Using property ro.build.version.sdk=34 from cache.
02-21 22:55:20 D/NativeDevice: Using property ro.build.version.codename=REL from cache.
02-21 22:55:20 D/NativeDevice: Using property ro.build.version.sdk=34 from cache.
02-21 22:55:20 D/NativeDevice: Using property ro.build.version.sdk=34 from cache.
02-21 22:55:20 D/NativeDevice: Using property ro.build.version.sdk=34 from cache.
02-21 22:55:20 D/NativeDevice: Using property ro.build.version.sdk=34 from cache.
02-21 22:55:20 D/NativeDevice: Using property ro.build.version.sdk=34 from cache.
02-21 22:55:20 D/NativeDevice: Using property ro.build.version.sdk=34 from cache.
02-21 22:55:20 D/NativeDevice: Using property ro.build.version.sdk=34 from cache.
02-21 22:55:20 D/RunUtil: Running command [adb, -s, 27161FDH20031X, shell, locksettings, get-disabled] with timeout: 2m 0s
02-21 22:55:20 D/RunUtil: Running command [adb, -s, 27161FDH20031X, shell, locksettings, get-disabled] with timeout: 2m 0s
02-21 22:55:20 D/RunUtil: Running command [adb, -s, 27161FDH20031X, shell, input, keyevent, KEYCODE_MENU] with timeout: 2m 0s
02-21 22:55:20 D/RunUtil: Running command [adb, -s, 27161FDH20031X, shell, input, keyevent, KEYCODE_HOME] with timeout: 2m 0s
02-21 22:55:20 I/DeviceBaselineChecker: Enable device baselines keep_engprod_mode_on,disable_os_auto_update,hide_error_dialogs,keep_screen_on,disable_usb_app_verification,clear_lock_screen,keep_location_mode_on,keep_setup_complete_on in 204 millis.
02-21 22:55:20 D/ModuleDefinition: Running module arm64-v8a CtsDisplayTestCases
02-21 22:55:20 D/ModuleDefinition: Running setup preparer: SuiteApkInstaller
02-21 22:55:20 D/NativeDevice: Using property ro.build.version.sdk=34 from cache.
02-21 22:55:20 D/NativeDevice: Using property ro.build.version.sdk=34 from cache.
02-21 22:55:20 D/NativeDevice: Using property ro.build.version.codename=REL from cache.
02-21 22:55:20 D/NativeDevice: Using property ro.build.id=AP2A.240905.003 from cache.
02-21 22:55:20 D/NativeDevice: Using property ro.build.version.sdk=34 from cache.
02-21 22:55:20 D/NativeDevice: Using property ro.build.version.codename=REL from cache.
02-21 22:55:20 D/SearchArtifactUtil: Searching the module dir: /home/simon/android-cts/tools/../../android-cts/testcases/CtsDisplayTestCases
02-21 22:55:20 D/RunUtil: Running command [aapt2, dump, badging, /home/simon/android-cts/tools/../../android-cts/testcases/CtsDisplayTestCases/arm64/CtsDisplayTestCases.apk] with timeout: 1m 0s
02-21 22:55:20 D/RunUtil: Running command [aapt2, dump, xmltree, /home/simon/android-cts/tools/../../android-cts/testcases/CtsDisplayTestCases/arm64/CtsDisplayTestCases.apk, --file, AndroidManifest.xml] with timeout: 1m 0s
02-21 22:55:20 D/TestAppInstallSetup: Installing apk android.display.cts with [/home/simon/android-cts/tools/../../android-cts/testcases/CtsDisplayTestCases/arm64/CtsDisplayTestCases.apk] ...
02-21 22:55:20 D/NativeDevice: Using property ro.build.version.sdk=34 from cache.
02-21 22:55:21 D/RunUtil: Running command [aapt, dump, badging, /home/simon/android-cts/tools/../../android-cts/testcases/CtsDisplayTestCases/arm64/CtsDisplayTestCases.apk] with timeout: 1m 0s
02-21 22:55:21 D/RunUtil: Running command [aapt, dump, xmltree, /home/simon/android-cts/tools/../../android-cts/testcases/CtsDisplayTestCases/arm64/CtsDisplayTestCases.apk, AndroidManifest.xml] with timeout: 1m 0s
02-21 22:55:21 D/RunUtil: Running command [adb, -s, 27161FDH20031X, shell, appops, write-settings] with timeout: 2m 0s
02-21 22:55:21 D/SearchArtifactUtil: Searching the module dir: /home/simon/android-cts/tools/../../android-cts/testcases/CtsDisplayTestCases
02-21 22:55:21 D/RunUtil: Running command [aapt2, dump, badging, /home/simon/android-cts/tools/../../android-cts/testcases/CtsDisplayTestCases/CtsAppTestStubs.apk] with timeout: 1m 0s
02-21 22:55:21 D/RunUtil: Running command [aapt2, dump, xmltree, /home/simon/android-cts/tools/../../android-cts/testcases/CtsDisplayTestCases/CtsAppTestStubs.apk, --file, AndroidManifest.xml] with timeout: 1m 0s
02-21 22:55:21 D/TestAppInstallSetup: Installing apk android.app.stubs with [/home/simon/android-cts/tools/../../android-cts/testcases/CtsDisplayTestCases/CtsAppTestStubs.apk] ...
02-21 22:55:21 D/NativeDevice: Using property ro.build.version.sdk=34 from cache.
02-21 22:55:22 D/RunUtil: Running command [aapt, dump, badging, /home/simon/android-cts/tools/../../android-cts/testcases/CtsDisplayTestCases/CtsAppTestStubs.apk] with timeout: 1m 0s
02-21 22:55:22 D/RunUtil: Running command [aapt, dump, xmltree, /home/simon/android-cts/tools/../../android-cts/testcases/CtsDisplayTestCases/CtsAppTestStubs.apk, AndroidManifest.xml] with timeout: 1m 0s
02-21 22:55:22 D/RunUtil: Running command [adb, -s, 27161FDH20031X, shell, appops, write-settings] with timeout: 2m 0s
02-21 22:55:22 D/NativeDevice: Using property ro.build.version.sdk=34 from cache.
02-21 22:55:22 D/NativeDevice: Using property ro.build.version.sdk=34 from cache.
02-21 22:55:22 D/NativeDevice: Using property ro.build.version.codename=REL from cache.
02-21 22:55:22 D/AndroidJUnitTest: Attempting to push filters to /data/local/tmp/ajur/includes.txt
02-21 22:55:22 D/NativeDevice: Using 'ls' to check doesFileExist(/data/local/tmp/ajur)
02-21 22:55:22 D/RunUtil: Running command [adb, -s, 27161FDH20031X, shell, ls, '/data/local/tmp/ajur'] with timeout: 2m 0s
02-21 22:55:23 D/NativeDevice: File /data/local/tmp/ajur does not exist.
stdout: 
stderr: ls: /data/local/tmp/ajur: No such file or directory

02-21 22:55:23 D/NativeDevice: Using 'ls' to check doesFileExist(/data/local/tmp/ajur/includes.txt)
02-21 22:55:23 D/RunUtil: Running command [adb, -s, 27161FDH20031X, shell, ls, '/data/local/tmp/ajur/includes.txt'] with timeout: 2m 0s
02-21 22:55:23 D/FileUtil: Creating temp file at /home/simon/android-cts/tools/../../android-cts/logs/2026.02.21_22.54.39/inv_1153569696043982075 with prefix "filter-arm64-v8a%20CtsDisplayTestCases.include_" suffix ".txt.gz"
02-21 22:55:23 I/LogFileSaver: Saved gzip log file /home/simon/android-cts/tools/../../android-cts/logs/2026.02.21_22.54.39/inv_1153569696043982075/filter-arm64-v8a%20CtsDisplayTestCases.include_16340014701267446853.txt.gz. [size=10, elapsed=0ms]
02-21 22:55:23 D/CertificationSuiteResultReporter: Saved logs for filter-arm64-v8a%20CtsDisplayTestCases.include in /home/simon/android-cts/tools/../../android-cts/logs/2026.02.21_22.54.39/inv_1153569696043982075/filter-arm64-v8a%20CtsDisplayTestCases.include_16340014701267446853.txt.gz
02-21 22:55:23 D/FileUtil: Creating temp file at /tmp/13033356/cts/inv_16814554937389208112/inv_16740478137863723590 with prefix "filter-arm64-v8a%20CtsDisplayTestCases.include_" suffix ".txt.gz"
02-21 22:55:23 I/LogFileSaver: Saved gzip log file /tmp/13033356/cts/inv_16814554937389208112/inv_16740478137863723590/filter-arm64-v8a%20CtsDisplayTestCases.include_6588390109107585778.txt.gz. [size=10, elapsed=0ms]
02-21 22:55:23 D/AndroidJUnitTest: Attempting to push filters to /sdcard/googletest/test_runfiles/data/local/tmp/ajur/includes.txt
02-21 22:55:23 D/NativeDevice: Using 'ls' to check doesFileExist(/data/local/tmp/ajur)
02-21 22:55:23 D/RunUtil: Running command [adb, -s, 27161FDH20031X, shell, ls, '/data/local/tmp/ajur'] with timeout: 2m 0s
02-21 22:55:23 D/NativeDevice: Using property ro.build.version.sdk=34 from cache.
02-21 22:55:23 D/AndroidJUnitTest: Attempting to push filters to /data/local/tmp/ajur/excludes.txt
02-21 22:55:23 D/NativeDevice: Using 'ls' to check doesFileExist(/data/local/tmp/ajur)
02-21 22:55:23 D/RunUtil: Running command [adb, -s, 27161FDH20031X, shell, ls, '/data/local/tmp/ajur'] with timeout: 2m 0s
02-21 22:55:23 D/FileUtil: Creating temp file at /home/simon/android-cts/tools/../../android-cts/logs/2026.02.21_22.54.39/inv_1153569696043982075 with prefix "filter-arm64-v8a%20CtsDisplayTestCases.exclude_" suffix ".txt.gz"
02-21 22:55:23 I/LogFileSaver: Saved gzip log file /home/simon/android-cts/tools/../../android-cts/logs/2026.02.21_22.54.39/inv_1153569696043982075/filter-arm64-v8a%20CtsDisplayTestCases.exclude_1065125873780003107.txt.gz. [size=10, elapsed=0ms]
02-21 22:55:23 D/CertificationSuiteResultReporter: Saved logs for filter-arm64-v8a%20CtsDisplayTestCases.exclude in /home/simon/android-cts/tools/../../android-cts/logs/2026.02.21_22.54.39/inv_1153569696043982075/filter-arm64-v8a%20CtsDisplayTestCases.exclude_1065125873780003107.txt.gz
02-21 22:55:23 D/FileUtil: Creating temp file at /tmp/13033356/cts/inv_16814554937389208112/inv_16740478137863723590 with prefix "filter-arm64-v8a%20CtsDisplayTestCases.exclude_" suffix ".txt.gz"
02-21 22:55:23 I/LogFileSaver: Saved gzip log file /tmp/13033356/cts/inv_16814554937389208112/inv_16740478137863723590/filter-arm64-v8a%20CtsDisplayTestCases.exclude_15387711203753116903.txt.gz. [size=10, elapsed=0ms]
02-21 22:55:23 D/AndroidJUnitTest: Attempting to push filters to /sdcard/googletest/test_runfiles/data/local/tmp/ajur/excludes.txt
02-21 22:55:23 D/NativeDevice: Using 'ls' to check doesFileExist(/data/local/tmp/ajur)
02-21 22:55:23 D/RunUtil: Running command [adb, -s, 27161FDH20031X, shell, ls, '/data/local/tmp/ajur'] with timeout: 2m 0s
02-21 22:55:23 D/NativeDevice: Using property ro.build.version.sdk=34 from cache.
02-21 22:55:23 D/NativeDevice: Using property ro.build.version.sdk=34 from cache.
02-21 22:55:23 D/RunUtil: Running command [adb, -s, 27161FDH20031X, shell, pm, list, features] with timeout: 2m 0s
02-21 22:55:23 D/NativeDevice: Using property ro.build.version.sdk=34 from cache.
02-21 22:55:23 D/NativeDevice: Using property ro.build.version.codename=REL from cache.
02-21 22:55:23 D/RunUtil: Running command [aapt2, dump, badging, /tmp/services17052084025308889736.apk] with timeout: 1m 0s
02-21 22:55:23 D/RunUtil: Running command [aapt2, dump, xmltree, /tmp/services17052084025308889736.apk, --file, AndroidManifest.xml] with timeout: 1m 0s
02-21 22:55:23 D/TestAppInstallSetup: Installing apk androidx.test.services with [/tmp/services17052084025308889736.apk] ...
02-21 22:55:23 D/NativeDevice: Using property ro.build.version.sdk=34 from cache.
02-21 22:55:24 D/RunUtil: Running command [aapt, dump, badging, /tmp/services17052084025308889736.apk] with timeout: 1m 0s
02-21 22:55:24 D/RunUtil: Running command [aapt, dump, xmltree, /tmp/services17052084025308889736.apk, AndroidManifest.xml] with timeout: 1m 0s
02-21 22:55:24 D/NativeDevice: Using property ro.build.version.sdk=34 from cache.
02-21 22:55:24 D/RunUtil: Running command [adb, -s, 27161FDH20031X, shell, appops, set, --user, 0, --uid, androidx.test.services, MANAGE_EXTERNAL_STORAGE, 0] with timeout: 2m 0s
02-21 22:55:24 D/RunUtil: Running command [adb, -s, 27161FDH20031X, shell, appops, write-settings] with timeout: 2m 0s
02-21 22:55:24 D/RunUtil: Running command [adb, -s, 27161FDH20031X, shell, dumpsys, deviceidle, whitelist, +androidx.test.services] with timeout: 2m 0s
02-21 22:55:24 D/AndroidJUnitTest: stdout: Added: androidx.test.services

stderr: 
02-21 22:55:24 D/ListInstrumentationParser: instrumentation:android.display.cts/androidx.test.runner.AndroidJUnitRunner (target=android.display.cts)
02-21 22:55:24 D/ListInstrumentationParser: instrumentation:com.android.tradefed.utils.wifi/.WifiUtil (target=com.android.tradefed.utils.wifi)
02-21 22:55:24 D/ListInstrumentationParser: 
02-21 22:55:24 I/InstrumentationTest: No runner name specified. Using: androidx.test.runner.AndroidJUnitRunner.
02-21 22:55:24 D/NativeDevice: Using property ro.build.version.sdk=34 from cache.
02-21 22:55:24 D/NativeDevice: Using property ro.build.version.sdk=34 from cache.
02-21 22:55:24 D/InstrumentationTest: Collecting test info for android.display.cts on device 27161FDH20031X
02-21 22:55:24 I/RemoteAndroidTestRunner: Running am instrument -w -r --abi arm64-v8a  -e testFile /data/local/tmp/ajur/includes.txt -e debug false -e useTestStorageService true -e newRunListenerMode true -e log true -e notAnnotation com.android.compatibility.common.util.CtsDownstreamingTest,android.platform.test.annotations.AsbSecurityTest,android.platform.test.annotations.AppModeInstant -e notTestFile /data/local/tmp/ajur/excludes.txt -e timeout_msec 300000 android.display.cts/androidx.test.runner.AndroidJUnitRunner on google-aosp_on_panther-27161FDH20031X
02-21 22:55:25 D/InstrumentationTest: Initializing com.android.tradefed.device.metric.CountTestCasesCollector for instrumentation.
02-21 22:55:25 I/RemoteAndroidTestRunner: Running am instrument -w -r --abi arm64-v8a  -e testFile /data/local/tmp/ajur/includes.txt -e debug false -e useTestStorageService true -e newRunListenerMode true -e log false -e notAnnotation com.android.compatibility.common.util.CtsDownstreamingTest,android.platform.test.annotations.AsbSecurityTest,android.platform.test.annotations.AppModeInstant -e notTestFile /data/local/tmp/ajur/excludes.txt -e timeout_msec 300000 android.display.cts/androidx.test.runner.AndroidJUnitRunner on google-aosp_on_panther-27161FDH20031X
02-21 22:55:25 D/ModuleListener: ModuleListener.testRunStarted(android.display.cts, 1, 0) on 27161FDH20031X
02-21 22:55:25 D/ModuleListener: ModuleListener.testStarted(android.display.cts.DisplayTest#testModeSwitchOnPrimaryDisplay) on 27161FDH20031X
02-21 22:55:25 I/ModuleListener: [1/1] 27161FDH20031X android.display.cts.DisplayTest#testModeSwitchOnPrimaryDisplay FAILURE: java.lang.AssertionError
	at org.junit.Assert.fail(Assert.java:87)
	at org.junit.Assert.assertTrue(Assert.java:42)
	at org.junit.Assert.assertTrue(Assert.java:53)
	at android.display.cts.DisplayTest.testModeSwitchOnPrimaryDisplay(DisplayTest.java:637)

02-21 22:55:26 D/ModuleListener: ModuleListener.testRunEnded(855) on 27161FDH20031X
02-21 22:55:26 D/TestDevice: Uninstalling androidx.test.services with extra args 
02-21 22:55:26 D/TestDevice: Uninstalling android.display.cts with extra args 
02-21 22:55:26 D/TestDevice: Uninstalling android.app.stubs with extra args 
02-21 22:55:26 I/NativeDeviceStateMonitor: Device 27161FDH20031X is already ONLINE
02-21 22:55:26 I/NativeDeviceStateMonitor: Waiting 360000 ms for device 27161FDH20031X boot complete
02-21 22:55:26 I/DeviceStateMonitor: Waiting 359965 ms for device 27161FDH20031X package manager
02-21 22:55:26 I/NativeDeviceStateMonitor: Waiting 359924 ms for device 27161FDH20031X external store
02-21 22:55:26 I/ConsoleReporter: [27161FDH20031X] Starting arm64-v8a CtsDisplayTestCases with 1 test
02-21 22:55:26 I/ConsoleReporter: [1/1 arm64-v8a CtsDisplayTestCases 27161FDH20031X] android.display.cts.DisplayTest#testModeSwitchOnPrimaryDisplay fail: java.lang.AssertionError
	at org.junit.Assert.fail(Assert.java:87)
	at org.junit.Assert.assertTrue(Assert.java:42)
	at org.junit.Assert.assertTrue(Assert.java:53)
	at android.display.cts.DisplayTest.testModeSwitchOnPrimaryDisplay(DisplayTest.java:637)

02-21 22:55:26 I/ConsoleReporter: [27161FDH20031X] arm64-v8a CtsDisplayTestCases completed in 3s. 0 passed, 1 failed, 0 not executed
02-21 22:55:26 I/ITestSuite: Running system status checker after module execution: arm64-v8a CtsDisplayTestCases
02-21 22:55:26 D/NativeDevice: Using property ro.build.version.sdk=34 from cache.
02-21 22:55:26 D/NativeDevice: Using property ro.build.version.sdk=34 from cache.
02-21 22:55:26 D/NativeDevice: Using property ro.build.version.sdk=34 from cache.
02-21 22:55:27 I/NativeDeviceStateMonitor: Device 27161FDH20031X is already ONLINE
02-21 22:55:27 I/NativeDeviceStateMonitor: Waiting 360000 ms for device 27161FDH20031X boot complete
02-21 22:55:27 I/DeviceStateMonitor: Waiting 359959 ms for device 27161FDH20031X package manager
02-21 22:55:27 I/NativeDeviceStateMonitor: Waiting 359869 ms for device 27161FDH20031X external store
02-21 22:55:27 I/MonitoringUtils: Wifi Connectivity: passed check.
02-21 22:55:28 D/TestDevice: Output from KeyguardController:   KeyguardController:
    mKeyguardShowing=false
    mAodShowing=false
    mKeyguardGoingAway=false

02-21 22:55:28 E/LeakedThreadStatusChecker: We have 4 threads instead of 1. List: [Thread[Invocation-27161FDH20031X,5,Invocation-27161FDH20031X], Thread[BackgroundDeviceAction-logcat -b all -v threadtime,uid,5,Invocation-27161FDH20031X], Thread[Timer-1,5,Invocation-27161FDH20031X], Thread[grpc-default-worker-ELG-3-1,5,Invocation-27161FDH20031X]]
02-21 22:55:28 W/ITestSuite: System status checker [com.android.tradefed.suite.checker.LeakedThreadStatusChecker] failed
02-21 22:55:28 D/NativeDevice: Time offset = 113 ms
02-21 22:55:28 D/DeviceSettingChecker: Begin postExecution for checking device setting
02-21 22:55:28 D/NativeDevice: Using property ro.build.version.sdk=34 from cache.
02-21 22:55:28 W/ITestSuite: There are failed system status checkers: {com.android.tradefed.suite.checker.LeakedThreadStatusChecker=We have 4 threads instead of 1. List: [Thread[Invocation-27161FDH20031X,5,Invocation-27161FDH20031X], Thread[BackgroundDeviceAction-logcat -b all -v threadtime,uid,5,Invocation-27161FDH20031X], Thread[Timer-1,5,Invocation-27161FDH20031X], Thread[grpc-default-worker-ELG-3-1,5,Invocation-27161FDH20031X]]}
02-21 22:55:28 D/FileUtil: Creating temp file at /home/simon/android-cts/tools/../../android-cts/results/2026.02.21_22.54.39/proto with prefix "tmp-proto" suffix ""
02-21 22:55:28 D/PrettyPrintDelimiter: 
=============================
===== TEST PHASE ENDING =====
=============================
02-21 22:55:28 D/LogFileSaver: Log data for device_logcat_test_27161FDH20031X is already compressed, skipping compression
02-21 22:55:28 D/FileUtil: Creating temp file at /home/simon/android-cts/tools/../../android-cts/logs/2026.02.21_22.54.39/inv_1153569696043982075 with prefix "device_logcat_test_27161FDH20031X_" suffix ".txt"
02-21 22:55:28 I/LogFileSaver: Saved log file /home/simon/android-cts/tools/../../android-cts/logs/2026.02.21_22.54.39/inv_1153569696043982075/device_logcat_test_27161FDH20031X_14859933661379389866.txt. [size=5006682, elapsed=2ms]
02-21 22:55:28 D/CertificationSuiteResultReporter: Saved logs for device_logcat_test_27161FDH20031X in /home/simon/android-cts/tools/../../android-cts/logs/2026.02.21_22.54.39/inv_1153569696043982075/device_logcat_test_27161FDH20031X_14859933661379389866.txt
02-21 22:55:28 D/LogFileSaver: Log data for device_logcat_test_27161FDH20031X is already compressed, skipping compression
02-21 22:55:28 D/FileUtil: Creating temp file at /tmp/13033356/cts/inv_16814554937389208112/inv_16740478137863723590 with prefix "device_logcat_test_27161FDH20031X_" suffix ".txt"
02-21 22:55:28 I/LogFileSaver: Saved log file /tmp/13033356/cts/inv_16814554937389208112/inv_16740478137863723590/device_logcat_test_27161FDH20031X_6739322817732148062.txt. [size=5006682, elapsed=3ms]
02-21 22:55:28 I/CommandInterrupter: Interrupt blocked
02-21 22:55:28 D/TestInvocation: Testing minimum responsiveness.
02-21 22:55:28 I/NativeDeviceStateMonitor: Device 27161FDH20031X is already ONLINE
02-21 22:55:28 D/RunUtil: Running command [adb, -s, 27161FDH20031X, shell, getprop, ro.build.version.sdk] with timeout: 45s
02-21 22:55:29 D/FileUtil: Creating temp file at /home/simon/android-cts/tools/../../android-cts/logs/2026.02.21_22.54.39/inv_1153569696043982075 with prefix "executeShellCommandLog_27161FDH20031X_" suffix ".txt.gz"
02-21 22:55:29 I/LogFileSaver: Saved gzip log file /home/simon/android-cts/tools/../../android-cts/logs/2026.02.21_22.54.39/inv_1153569696043982075/executeShellCommandLog_27161FDH20031X_5206191903102885202.txt.gz. [size=10, elapsed=0ms]
02-21 22:55:29 D/CertificationSuiteResultReporter: Saved logs for executeShellCommandLog_27161FDH20031X in /home/simon/android-cts/tools/../../android-cts/logs/2026.02.21_22.54.39/inv_1153569696043982075/executeShellCommandLog_27161FDH20031X_5206191903102885202.txt.gz
02-21 22:55:29 D/FileUtil: Creating temp file at /tmp/13033356/cts/inv_16814554937389208112/inv_16740478137863723590 with prefix "executeShellCommandLog_27161FDH20031X_" suffix ".txt.gz"
02-21 22:55:29 I/LogFileSaver: Saved gzip log file /tmp/13033356/cts/inv_16814554937389208112/inv_16740478137863723590/executeShellCommandLog_27161FDH20031X_12979138199283520886.txt.gz. [size=10, elapsed=0ms]
02-21 22:55:29 D/TestInvocation: Checking that devices are online.
02-21 22:55:29 I/NativeDeviceStateMonitor: Device 27161FDH20031X is already ONLINE
02-21 22:55:29 I/NativeDeviceStateMonitor: Waiting 180000 ms for device 27161FDH20031X boot complete
02-21 22:55:29 I/DeviceStateMonitor: Waiting 179929 ms for device 27161FDH20031X package manager
02-21 22:55:29 I/NativeDeviceStateMonitor: Waiting 179859 ms for device 27161FDH20031X external store
02-21 22:55:29 D/InvocationExecution: starting tearDown 'com.android.compatibility.common.tradefed.targetprep.PropertyCheck@2bd6105a' on device: '27161FDH20031X'
02-21 22:55:29 D/InvocationExecution: done with tearDown 'com.android.compatibility.common.tradefed.targetprep.PropertyCheck@2bd6105a' on device: '27161FDH20031X' in 0 ms
02-21 22:55:29 D/InvocationExecution: starting tearDown 'com.android.compatibility.common.tradefed.targetprep.PropertyCheck@1479040b' on device: '27161FDH20031X'
02-21 22:55:29 D/InvocationExecution: done with tearDown 'com.android.compatibility.common.tradefed.targetprep.PropertyCheck@1479040b' on device: '27161FDH20031X' in 0 ms
02-21 22:55:29 D/InvocationExecution: starting tearDown 'com.android.compatibility.common.tradefed.targetprep.PropertyCheck@fadd53' on device: '27161FDH20031X'
02-21 22:55:29 D/InvocationExecution: done with tearDown 'com.android.compatibility.common.tradefed.targetprep.PropertyCheck@fadd53' on device: '27161FDH20031X' in 0 ms
02-21 22:55:29 D/InvocationExecution: starting tearDown 'com.android.tradefed.targetprep.RunCommandTargetPreparer@2bd961d1' on device: '27161FDH20031X'
02-21 22:55:29 D/RunUtil: Running command [adb, -s, 27161FDH20031X, shell, settings, put, global, verifier_engprod, 0] with timeout: 2m 0s
02-21 22:55:29 D/InvocationExecution: done with tearDown 'com.android.tradefed.targetprep.RunCommandTargetPreparer@2bd961d1' on device: '27161FDH20031X' in 81 ms
02-21 22:55:29 D/InvocationExecution: starting tearDown 'com.android.tradefed.targetprep.RunCommandTargetPreparer@5c72ba84' on device: '27161FDH20031X'
02-21 22:55:29 D/RunUtil: Running command [adb, -s, 27161FDH20031X, shell, settings, put, global, package_verifier_enable, 1] with timeout: 2m 0s
02-21 22:55:29 D/InvocationExecution: done with tearDown 'com.android.tradefed.targetprep.RunCommandTargetPreparer@5c72ba84' on device: '27161FDH20031X' in 81 ms
02-21 22:55:29 D/InvocationExecution: starting tearDown 'com.android.compatibility.common.tradefed.targetprep.ReportLogCollector@660ce114' on device: '27161FDH20031X'
02-21 22:55:29 D/NativeDevice: Using property ro.build.version.sdk=34 from cache.
02-21 22:55:29 D/NativeDevice: Using 'ls' to check doesFileExist(/storage/emulated/0/report-log-files/)
02-21 22:55:29 D/RunUtil: Running command [adb, -s, 27161FDH20031X, shell, ls, '/storage/emulated/0/report-log-files/'] with timeout: 2m 0s
02-21 22:55:29 D/NativeDevice: File /storage/emulated/0/report-log-files/ does not exist.
stdout: 
stderr: ls: /storage/emulated/0/report-log-files/: No such file or directory

02-21 22:55:29 E/NativeDevice: Device path /sdcard/report-log-files/ does not exist to be pulled.
02-21 22:55:29 D/InvocationExecution: done with tearDown 'com.android.compatibility.common.tradefed.targetprep.ReportLogCollector@660ce114' on device: '27161FDH20031X' in 165 ms
02-21 22:55:29 D/InvocationExecution: starting tearDown 'com.android.compatibility.common.tradefed.targetprep.DeviceInfoCollector@23e820d8' on device: '27161FDH20031X'
02-21 22:55:29 D/InvocationExecution: done with tearDown 'com.android.compatibility.common.tradefed.targetprep.DeviceInfoCollector@23e820d8' on device: '27161FDH20031X' in 1 ms
02-21 22:55:29 D/InvocationExecution: starting tearDown 'com.android.tradefed.targetprep.RunCommandTargetPreparer@7d3b8a49' on device: '27161FDH20031X'
02-21 22:55:29 D/InvocationExecution: done with tearDown 'com.android.tradefed.targetprep.RunCommandTargetPreparer@7d3b8a49' on device: '27161FDH20031X' in 0 ms
02-21 22:55:29 D/InvocationExecution: starting tearDown 'com.android.compatibility.common.tradefed.targetprep.WifiCheck@6d3bab25' on device: '27161FDH20031X'
02-21 22:55:29 D/InvocationExecution: done with tearDown 'com.android.compatibility.common.tradefed.targetprep.WifiCheck@6d3bab25' on device: '27161FDH20031X' in 0 ms
02-21 22:55:29 D/InvocationExecution: starting tearDown 'com.android.compatibility.common.tradefed.targetprep.ApkPreconditionCheck@dbb6481' on device: '27161FDH20031X'
02-21 22:55:29 D/InvocationExecution: done with tearDown 'com.android.compatibility.common.tradefed.targetprep.ApkPreconditionCheck@dbb6481' on device: '27161FDH20031X' in 0 ms
02-21 22:55:29 D/InvocationExecution: starting tearDown 'com.android.compatibility.common.tradefed.targetprep.SettingsPreparer@4ba01a61' on device: '27161FDH20031X'
02-21 22:55:29 D/InvocationExecution: done with tearDown 'com.android.compatibility.common.tradefed.targetprep.SettingsPreparer@4ba01a61' on device: '27161FDH20031X' in 0 ms
02-21 22:55:29 D/InvocationExecution: starting tearDown 'com.android.compatibility.common.tradefed.targetprep.SettingsPreparer@64e722df' on device: '27161FDH20031X'
02-21 22:55:29 D/InvocationExecution: done with tearDown 'com.android.compatibility.common.tradefed.targetprep.SettingsPreparer@64e722df' on device: '27161FDH20031X' in 0 ms
02-21 22:55:29 D/InvocationExecution: starting tearDown 'com.android.compatibility.common.tradefed.targetprep.PackageDisabler@34c94a30' on device: '27161FDH20031X'
02-21 22:55:29 D/InvocationExecution: done with tearDown 'com.android.compatibility.common.tradefed.targetprep.PackageDisabler@34c94a30' on device: '27161FDH20031X' in 0 ms
02-21 22:55:29 D/InvocationExecution: starting tearDown 'com.android.compatibility.common.tradefed.targetprep.StayAwakePreparer@16d5eafd' on device: '27161FDH20031X'
02-21 22:55:29 D/InvocationExecution: done with tearDown 'com.android.compatibility.common.tradefed.targetprep.StayAwakePreparer@16d5eafd' on device: '27161FDH20031X' in 0 ms
02-21 22:55:29 D/InvocationExecution: starting tearDown 'com.android.compatibility.common.tradefed.targetprep.DynamicConfigPusher@2489cd9e' on device: '27161FDH20031X'
02-21 22:55:29 D/InvocationExecution: done with tearDown 'com.android.compatibility.common.tradefed.targetprep.DynamicConfigPusher@2489cd9e' on device: '27161FDH20031X' in 0 ms
02-21 22:55:29 D/InvocationExecution: starting tearDown 'com.android.compatibility.common.tradefed.targetprep.DeviceFileCollector@7eedc659' on device: '27161FDH20031X'
02-21 22:55:29 D/InvocationExecution: done with tearDown 'com.android.compatibility.common.tradefed.targetprep.DeviceFileCollector@7eedc659' on device: '27161FDH20031X' in 0 ms
02-21 22:55:29 D/InvocationExecution: starting tearDown 'com.android.compatibility.common.tradefed.targetprep.DeviceFileCollector@13b7d240' on device: '27161FDH20031X'
02-21 22:55:29 D/InvocationExecution: done with tearDown 'com.android.compatibility.common.tradefed.targetprep.DeviceFileCollector@13b7d240' on device: '27161FDH20031X' in 0 ms
02-21 22:55:29 D/TestDevice: Uninstalling com.android.tradefed.utils.wifi with extra args 
02-21 22:55:29 D/WifiHelper: Successfully clean up WifiHelper.
02-21 22:55:29 D/RunUtil: Running command [id, -u, simon] with timeout: 1m 0s
02-21 22:55:29 D/RunUtil: Running command [tail, -c, 10MB, /tmp/adb.1000.log] with timeout: 1m 0s
02-21 22:55:29 D/LogFileSaver: Log data for host_adb_log is already compressed, skipping compression
02-21 22:55:29 D/FileUtil: Creating temp file at /home/simon/android-cts/tools/../../android-cts/logs/2026.02.21_22.54.39/inv_1153569696043982075 with prefix "host_adb_log_" suffix ".txt"
02-21 22:55:29 I/LogFileSaver: Saved log file /home/simon/android-cts/tools/../../android-cts/logs/2026.02.21_22.54.39/inv_1153569696043982075/host_adb_log_4739795612398484268.txt. [size=12090, elapsed=0ms]
02-21 22:55:29 D/CertificationSuiteResultReporter: Saved logs for host_adb_log in /home/simon/android-cts/tools/../../android-cts/logs/2026.02.21_22.54.39/inv_1153569696043982075/host_adb_log_4739795612398484268.txt
02-21 22:55:29 D/LogFileSaver: Log data for host_adb_log is already compressed, skipping compression
02-21 22:55:29 D/FileUtil: Creating temp file at /tmp/13033356/cts/inv_16814554937389208112/inv_16740478137863723590 with prefix "host_adb_log_" suffix ".txt"
02-21 22:55:29 I/LogFileSaver: Saved log file /tmp/13033356/cts/inv_16814554937389208112/inv_16740478137863723590/host_adb_log_2073922981647299745.txt. [size=12090, elapsed=0ms]
02-21 22:55:29 D/LogFileSaver: Log data for device_logcat_teardown_27161FDH20031X is already compressed, skipping compression
02-21 22:55:29 D/FileUtil: Creating temp file at /home/simon/android-cts/tools/../../android-cts/logs/2026.02.21_22.54.39/inv_1153569696043982075 with prefix "device_logcat_teardown_27161FDH20031X_" suffix ".txt"
02-21 22:55:29 I/LogFileSaver: Saved log file /home/simon/android-cts/tools/../../android-cts/logs/2026.02.21_22.54.39/inv_1153569696043982075/device_logcat_teardown_27161FDH20031X_7975807902658236904.txt. [size=9340, elapsed=0ms]
02-21 22:55:29 D/CertificationSuiteResultReporter: Saved logs for device_logcat_teardown_27161FDH20031X in /home/simon/android-cts/tools/../../android-cts/logs/2026.02.21_22.54.39/inv_1153569696043982075/device_logcat_teardown_27161FDH20031X_7975807902658236904.txt
02-21 22:55:29 D/LogFileSaver: Log data for device_logcat_teardown_27161FDH20031X is already compressed, skipping compression
02-21 22:55:29 D/FileUtil: Creating temp file at /tmp/13033356/cts/inv_16814554937389208112/inv_16740478137863723590 with prefix "device_logcat_teardown_27161FDH20031X_" suffix ".txt"
02-21 22:55:29 I/LogFileSaver: Saved log file /tmp/13033356/cts/inv_16814554937389208112/inv_16740478137863723590/device_logcat_teardown_27161FDH20031X_17588228277635300087.txt. [size=9340, elapsed=0ms]
02-21 22:55:29 I/TestInvocation: Done stopping logcat for 27161FDH20031X
02-21 22:55:29 D/BackgroundDeviceAction: com.android.ddmlib.TimeoutException while running logcat on 27161FDH20031X. May see duplicated content in log.
02-21 22:55:29 D/BackgroundDeviceAction: Waiting for device 27161FDH20031X online before starting.
02-21 22:55:29 D/CommandScheduler: TestDeviceState for releasing '27161FDH20031X(class com.android.tradefed.device.TestDevice)' is 'ONLINE'
02-21 22:55:29 I/NativeDeviceStateMonitor: Waiting 30000 ms for device 27161FDH20031X shell to be responsive
02-21 22:55:30 I/NativeDeviceStateMonitor: shell ready. id output: uid=2000(shell) gid=2000(shell) groups=2000(shell),1004(input),1007(log),1011(adb),1015(sdcard_rw),1028(sdcard_r),1078(ext_data_rw),1079(ext_obb_rw),3001(net_bt_admin),3002(net_bt),3003(inet),3006(net_bw_stats),3009(readproc),3011(uhid),3012(readtracefs) context=u:r:shell:s0

02-21 22:55:30 D/CommandScheduler: Release map of the devices: {com.android.tradefed.device.TestDevice@745e167b=AVAILABLE}
02-21 22:55:30 W/NativeDevice: Attempting to stop logcat when not capturing for 27161FDH20031X
02-21 22:55:30 D/TestDevice: No snapuserd notification in progress for BLOCK_BEFORE_RELEASING
