Running product configuration...
ninja: no work to do.
No need to regenerate ninja file
No need to regenerate ninja file
No need to regenerate ninja file
Starting ninja...
ninja: no work to do.
2026-02-09 06:29:39,872 atest_utils.py:436:INFO: Build successful
Atest results and logs directory: /tmp/atest_result_simon/20260209_062936_gcwq3vso

Reading config: /home/simon/.atest/config

Building Dependencies...
out/target/product/panther/module-info.json

Running product configuration...
ninja: no work to do.
No need to regenerate ninja file
No need to regenerate ninja file
No need to regenerate ninja file
Starting ninja...
ninja: no work to do.
2026-02-09 06:29:52,823 atest_utils.py:436:INFO: Build successful

Finding Tests...
Found 'android.display.cts.DisplayTest#testGetHdrCapabilitiesWhenUserDisabledFormatsAreNotAllowedReturnsFilteredHdrTypes' as QUALIFIED_CLASS
(Test info has been cached for speeding up the next run, if test info needs to be updated, please add -c to clean the old cache.)

Building Dependencies...
CtsDisplayTestCases-target, adb-host, aapt2-host, atest-tradefed-host, compatibility-tradefed-host, compatibility-host-util-host, atest_tradefed.sh-host, tradefed-host, out/target/product/panther/module-info.json, atest_script_help.sh-host, aapt-host


Running Tests...

arm64-v8a CtsDisplayTestCases
-----------------------------
android.display.cts (1 Test)
[1/1] android.display.cts.DisplayTest#testGetHdrCapabilitiesWhenUserDisabledFormatsAreNotAllowedReturnsFilteredHdrTypes: FAILED (3.297s)

STACKTRACE:
array lengths differed, expected.length=2 actual.length=4; arrays first differed at element [0]; expected:<2> but was:<1>
	at org.junit.internal.ComparisonCriteria.arrayEquals(ComparisonCriteria.java:78)
	at org.junit.internal.ComparisonCriteria.arrayEquals(ComparisonCriteria.java:28)
	at org.junit.Assert.internalArrayEquals(Assert.java:534)
	at org.junit.Assert.assertArrayEquals(Assert.java:418)
	at org.junit.Assert.assertArrayEquals(Assert.java:429)
	at android.display.cts.DisplayTest.testGetHdrCapabilitiesWhenUserDisabledFormatsAreNotAllowedReturnsFilteredHdrTypes(DisplayTest.java:448)
	... 8 trimmed
Caused by: java.lang.AssertionError: expected:<2> but was:<1>
	at org.junit.Assert.fail(Assert.java:89)
	at org.junit.Assert.failNotEquals(Assert.java:835)
	at org.junit.Assert.assertEquals(Assert.java:120)
	at org.junit.Assert.assertEquals(Assert.java:146)
	at org.junit.internal.ExactComparisonCriteria.assertElementsEqual(ExactComparisonCriteria.java:8)
	at org.junit.internal.ComparisonCriteria.arrayEquals(ComparisonCriteria.java:76)
	... 14 more


Summary (Test executed with 1 devices.)
-------
arm64-v8a CtsDisplayTestCases: Passed: 0, Failed: 1, Ignored: 0, Assumption Failed: 0  

1 test failed
-------------
android.display.cts.DisplayTest#testGetHdrCapabilitiesWhenUserDisabledFormatsAreNotAllowedReturnsFilteredHdrTypes
Test Logs have been saved in /tmp/atest_result_simon/20260209_062936_gcwq3vso/log
Run 'atest --history' to review test result history.

To access logs, press "ctrl" and click on
file:///tmp/atest_result_simon/20260209_062936_gcwq3vso/log/test_logs.html

