02-19 23:16:26 D/Configuration: Resolve and download remote files from @Option
02-19 23:16:26 I/TestInvocation: Invocation was started with cmd: cts -m CtsDisplayTestCases -t android.display.cts.DisplayTest#testMode -s 27161FDH20031X
02-19 23:16:26 D/InvocationExecution: Skip linking external directory as FileProperty was set.
02-19 23:16:26 D/RunUtil: Running command [adb, version] with timeout: 2m 0s
02-19 23:16:26 D/TestInvocation: Fetch build duration: 4 ms
02-19 23:16:26 D/ArtifactsAnalyzer: Build analysis report: BuildAnalysis [mDeviceImageChanged=true, mHasTestsArtifacts=true, mHasChangesInTests=false, imageDigests={}]
02-19 23:16:26 D/ArtifactsAnalyzer: Analysis report after test analysis: BuildAnalysis [mDeviceImageChanged=true, mHasTestsArtifacts=true, mHasChangesInTests=true, imageDigests={}]
02-19 23:16:26 D/RunUtil: Running command [adb, -s, 27161FDH20031X, shell, getprop, ro.build.version.sdk] with timeout: 45s
02-19 23:16:26 D/GlobalTestFilter: Setting up global filters
02-19 23:16:26 D/BackgroundDeviceAction: Waiting for device 27161FDH20031X online before starting.
02-19 23:16:26 D/InvocationExecution: IShardHelper selected: com.android.tradefed.invoker.shard.StrictShardHelper@6d70d05c
02-19 23:16:26 D/BackgroundDeviceAction: Device 27161FDH20031X now online.
02-19 23:16:26 D/BackgroundDeviceAction: Starting logcat for 27161FDH20031X.
02-19 23:16:26 I/TestInvocation: Starting invocation for 'cts' with '[ DeviceBuildInfo{bid=13033356, serial=27161FDH20031X} on device '27161FDH20031X'] 
02-19 23:16:26 D/FileUtil: Creating temp directory at /tmp/13033356/cts with prefix "inv_"
02-19 23:16:26 D/RunUtil: Running command [chmod, ug+rwx, /tmp/13033356/cts/inv_2729959754929274336] with timeout: 10s
02-19 23:16:26 D/FileSystemLogSaver: Using log file directory /tmp/13033356/cts/inv_2729959754929274336
02-19 23:16:26 D/FileUtil: Creating temp directory at /tmp/13033356/cts/inv_2729959754929274336 with prefix "inv_"
02-19 23:16:26 I/LogFileSaver: Using log file directory /tmp/13033356/cts/inv_2729959754929274336/inv_1746988235094314002
02-19 23:16:26 D/CompatibilityProtoResultReporter: Proto Results Directory: /home/simon/android-cts/tools/../../android-cts/results/2026.02.19_23.16.26/proto
02-19 23:16:26 D/FileUtil: Creating temp file at /home/simon/android-cts/tools/../../android-cts/results/2026.02.19_23.16.26/proto with prefix "tmp-proto" suffix ""
02-19 23:16:26 D/CompatibilityProtoResultReporter: Proto Results Directory: /home/simon/android-cts/tools/../../android-cts/results/2026.02.19_23.16.26/proto
02-19 23:16:26 D/CertificationSuiteResultReporter: Initializing result directory
02-19 23:16:26 D/CertificationSuiteResultReporter: Results Directory: /home/simon/android-cts/tools/../../android-cts/results/2026.02.19_23.16.26
02-19 23:16:26 D/CertificationSuiteResultReporter: Created log dir /home/simon/android-cts/tools/../../android-cts/logs/2026.02.19_23.16.26
02-19 23:16:26 D/FileUtil: Creating temp directory at /home/simon/android-cts/tools/../../android-cts/logs/2026.02.19_23.16.26 with prefix "inv_"
02-19 23:16:26 I/LogFileSaver: Using log file directory /home/simon/android-cts/tools/../../android-cts/logs/2026.02.19_23.16.26/inv_7830798623068241093
02-19 23:16:26 D/LogFileSaver: Log data for tradefed-expanded-config is already compressed, skipping compression
02-19 23:16:26 D/FileUtil: Creating temp file at /home/simon/android-cts/tools/../../android-cts/logs/2026.02.19_23.16.26/inv_7830798623068241093 with prefix "tradefed-expanded-config_" suffix ".xml"
02-19 23:16:26 I/LogFileSaver: Saved log file /home/simon/android-cts/tools/../../android-cts/logs/2026.02.19_23.16.26/inv_7830798623068241093/tradefed-expanded-config_2531843057573627920.xml. [size=58752, elapsed=0ms]
02-19 23:16:26 D/CertificationSuiteResultReporter: Saved logs for tradefed-expanded-config in /home/simon/android-cts/tools/../../android-cts/logs/2026.02.19_23.16.26/inv_7830798623068241093/tradefed-expanded-config_2531843057573627920.xml
02-19 23:16:26 D/LogFileSaver: Log data for tradefed-expanded-config is already compressed, skipping compression
02-19 23:16:26 D/FileUtil: Creating temp file at /tmp/13033356/cts/inv_2729959754929274336/inv_1746988235094314002 with prefix "tradefed-expanded-config_" suffix ".xml"
02-19 23:16:26 I/LogFileSaver: Saved log file /tmp/13033356/cts/inv_2729959754929274336/inv_1746988235094314002/tradefed-expanded-config_1832904620730683214.xml. [size=58752, elapsed=0ms]
02-19 23:16:27 D/InvocationExecution: Starting device pre invocation setup for : '27161FDH20031X'
02-19 23:16:27 D/DefaultConnection: Instance type for connection: GCE
02-19 23:16:27 D/DefaultConnection: Instance type for connection: GCE
02-19 23:16:27 D/NativeDevice: Using connection: com.android.tradefed.device.connection.DefaultConnection@c7eea6f (27161FDH20031X)
02-19 23:16:27 I/CommandInterrupter: Interrupt allowed
02-19 23:16:27 D/InvocationExecution: Starting setup for device: '27161FDH20031X'
02-19 23:16:27 D/InvocationExecution: starting preparer 'com.android.compatibility.common.tradefed.targetprep.DeviceFileCollector@63845e4e' on device: '27161FDH20031X'
02-19 23:16:27 D/RunUtil: Running command [adb, -s, 27161FDH20031X, shell, getprop, ro.treble.enabled] with timeout: 45s
02-19 23:16:27 D/NativeDevice: Using 'ls' to check doesFileExist(/sys/fs/selinux/policy)
02-19 23:16:27 D/RunUtil: Running command [adb, -s, 27161FDH20031X, shell, ls, '/sys/fs/selinux/policy'] with timeout: 2m 0s
02-19 23:16:27 D/InvocationExecution: done with preparer 'com.android.compatibility.common.tradefed.targetprep.DeviceFileCollector@63845e4e' on device: '27161FDH20031X' in 206 ms
02-19 23:16:27 D/InvocationExecution: starting preparer 'com.android.compatibility.common.tradefed.targetprep.DeviceFileCollector@29fd5607' on device: '27161FDH20031X'
02-19 23:16:27 D/NativeDevice: Using property ro.treble.enabled=true from cache.
02-19 23:16:27 D/NativeDevice: Using 'ls' to check doesFileExist(/proc/config.gz)
02-19 23:16:27 D/RunUtil: Running command [adb, -s, 27161FDH20031X, shell, ls, '/proc/config.gz'] with timeout: 2m 0s
02-19 23:16:27 D/InvocationExecution: done with preparer 'com.android.compatibility.common.tradefed.targetprep.DeviceFileCollector@29fd5607' on device: '27161FDH20031X' in 87 ms
02-19 23:16:27 D/InvocationExecution: starting preparer 'com.android.compatibility.common.tradefed.targetprep.DynamicConfigPusher@666f140f' on device: '27161FDH20031X'
02-19 23:16:27 I/UrlReplacement: UrlReplacement file [/home/simon/android-cts/tools/UrlReplacement.xml] does not exist
02-19 23:16:27 D/InvocationExecution: done with preparer 'com.android.compatibility.common.tradefed.targetprep.DynamicConfigPusher@666f140f' on device: '27161FDH20031X' in 164 ms
02-19 23:16:27 D/InvocationExecution: starting preparer 'com.android.compatibility.common.tradefed.targetprep.StayAwakePreparer@5702121c' on device: '27161FDH20031X'
02-19 23:16:27 D/SettingsPreparer: Changing value for stay_on_while_plugged_in from 0 to 7
02-19 23:16:27 D/InvocationExecution: done with preparer 'com.android.compatibility.common.tradefed.targetprep.StayAwakePreparer@5702121c' on device: '27161FDH20031X' in 229 ms
02-19 23:16:27 D/InvocationExecution: starting preparer 'com.android.compatibility.common.tradefed.targetprep.PackageDisabler@582a8770' on device: '27161FDH20031X'
02-19 23:16:27 D/InvocationExecution: done with preparer 'com.android.compatibility.common.tradefed.targetprep.PackageDisabler@582a8770' on device: '27161FDH20031X' in 180 ms
02-19 23:16:27 D/InvocationExecution: starting preparer 'com.android.compatibility.common.tradefed.targetprep.SettingsPreparer@43757df0' on device: '27161FDH20031X'
02-19 23:16:27 D/SettingsPreparer: Setting verifier_verify_adb_installs to value 0
02-19 23:16:27 D/InvocationExecution: done with preparer 'com.android.compatibility.common.tradefed.targetprep.SettingsPreparer@43757df0' on device: '27161FDH20031X' in 86 ms
02-19 23:16:27 D/InvocationExecution: starting preparer 'com.android.compatibility.common.tradefed.targetprep.SettingsPreparer@4e71b651' on device: '27161FDH20031X'
02-19 23:16:27 D/SettingsPreparer: Setting hide_error_dialogs to value 1
02-19 23:16:28 D/InvocationExecution: done with preparer 'com.android.compatibility.common.tradefed.targetprep.SettingsPreparer@4e71b651' on device: '27161FDH20031X' in 67 ms
02-19 23:16:28 D/InvocationExecution: starting preparer 'com.android.compatibility.common.tradefed.targetprep.ApkPreconditionCheck@72dce6c3' on device: '27161FDH20031X'
02-19 23:16:28 I/NativeDeviceStateMonitor: Device 27161FDH20031X is already ONLINE
02-19 23:16:28 I/NativeDeviceStateMonitor: Waiting 360000 ms for device 27161FDH20031X boot complete
02-19 23:16:28 I/DeviceStateMonitor: Waiting 359933 ms for device 27161FDH20031X package manager
02-19 23:16:28 I/NativeDeviceStateMonitor: Waiting 359807 ms for device 27161FDH20031X external store
02-19 23:16:28 I/ApkInstrumentationPreparer: Instrumenting package: com.android.preconditions.cts
02-19 23:16:28 D/NativeDevice: Using property ro.build.version.sdk=34 from cache.
02-19 23:16:28 D/NativeDevice: Using property ro.build.version.sdk=34 from cache.
02-19 23:16:28 D/RunUtil: Running command [adb, -s, 27161FDH20031X, shell, getprop, ro.build.version.codename] with timeout: 45s
02-19 23:16:28 D/RunUtil: Running command [adb, -s, 27161FDH20031X, shell, getprop] with timeout: 45s
02-19 23:16:28 D/NativeDevice: Using property ro.build.version.sdk=34 from cache.
02-19 23:16:28 D/RunUtil: Running command [adb, -s, 27161FDH20031X, shell, pm, list, features] with timeout: 2m 0s
02-19 23:16:28 D/NativeDevice: Using property ro.build.version.sdk=34 from cache.
02-19 23:16:28 D/NativeDevice: Using property ro.build.version.codename=REL from cache.
02-19 23:16:28 D/RunUtil: Running command [aapt2, dump, badging, /tmp/services12688197339262899454.apk] with timeout: 1m 0s
02-19 23:16:28 D/RunUtil: Running command [aapt2, dump, xmltree, /tmp/services12688197339262899454.apk, --file, AndroidManifest.xml] with timeout: 1m 0s
02-19 23:16:28 D/TestAppInstallSetup: Installing apk androidx.test.services with [/tmp/services12688197339262899454.apk] ...
02-19 23:16:28 D/NativeDevice: Using property ro.build.version.sdk=34 from cache.
02-19 23:16:29 D/RunUtil: Running command [aapt, dump, badging, /tmp/services12688197339262899454.apk] with timeout: 1m 0s
02-19 23:16:29 D/RunUtil: Running command [aapt, dump, xmltree, /tmp/services12688197339262899454.apk, AndroidManifest.xml] with timeout: 1m 0s
02-19 23:16:29 D/NativeDevice: Using property ro.build.version.sdk=34 from cache.
02-19 23:16:29 D/RunUtil: Running command [adb, -s, 27161FDH20031X, shell, appops, set, --user, 0, --uid, androidx.test.services, MANAGE_EXTERNAL_STORAGE, 0] with timeout: 2m 0s
02-19 23:16:29 D/RunUtil: Running command [adb, -s, 27161FDH20031X, shell, appops, write-settings] with timeout: 2m 0s
02-19 23:16:29 D/RunUtil: Running command [adb, -s, 27161FDH20031X, shell, dumpsys, deviceidle, whitelist, +androidx.test.services] with timeout: 2m 0s
02-19 23:16:29 D/AndroidJUnitTest: stdout: Added: androidx.test.services

stderr: 
02-19 23:16:29 D/NativeDevice: Using property ro.build.version.sdk=34 from cache.
02-19 23:16:29 D/NativeDevice: Using property ro.build.version.codename=REL from cache.
02-19 23:16:29 D/NativeDevice: Using property ro.build.version.sdk=34 from cache.
02-19 23:16:30 D/RunUtil: Running command [aapt, dump, badging, /home/simon/android-cts/tools/../../android-cts/testcases/CtsPreconditions/arm64/CtsPreconditions.apk] with timeout: 1m 0s
02-19 23:16:30 D/RunUtil: Running command [aapt, dump, xmltree, /home/simon/android-cts/tools/../../android-cts/testcases/CtsPreconditions/arm64/CtsPreconditions.apk, AndroidManifest.xml] with timeout: 1m 0s
02-19 23:16:30 D/RunUtil: Running command [adb, -s, 27161FDH20031X, shell, appops, write-settings] with timeout: 2m 0s
02-19 23:16:30 D/ListInstrumentationParser: instrumentation:com.android.preconditions.cts/androidx.test.runner.AndroidJUnitRunner (target=com.android.preconditions.cts)
02-19 23:16:30 D/ListInstrumentationParser: 
02-19 23:16:30 I/InstrumentationTest: No runner name specified. Using: androidx.test.runner.AndroidJUnitRunner.
02-19 23:16:30 D/NativeDevice: Using property ro.build.version.sdk=34 from cache.
02-19 23:16:30 D/NativeDevice: Using property ro.build.version.sdk=34 from cache.
02-19 23:16:30 D/InstrumentationTest: Initializing com.android.tradefed.device.metric.CountTestCasesCollector for instrumentation.
02-19 23:16:30 I/RemoteAndroidTestRunner: Running am instrument -w -r --no-isolated-storage  -e useTestStorageService true -e newRunListenerMode true -e timeout_msec 300000 com.android.preconditions.cts/androidx.test.runner.AndroidJUnitRunner on google-aosp_on_panther-27161FDH20031X
02-19 23:16:31 D/TestDevice: Uninstalling com.android.preconditions.cts with extra args 
02-19 23:16:31 D/TestDevice: Uninstalling androidx.test.services with extra args 
02-19 23:16:31 D/ApkInstrumentationPreparer: Target preparation successful
02-19 23:16:31 D/InvocationExecution: done with preparer 'com.android.compatibility.common.tradefed.targetprep.ApkPreconditionCheck@72dce6c3' on device: '27161FDH20031X' in 3s
02-19 23:16:31 D/InvocationExecution: starting preparer 'com.android.compatibility.common.tradefed.targetprep.WifiCheck@1936ba10' on device: '27161FDH20031X'
02-19 23:16:31 I/NativeDeviceStateMonitor: Device 27161FDH20031X is already ONLINE
02-19 23:16:31 I/NativeDeviceStateMonitor: Waiting 360000 ms for device 27161FDH20031X boot complete
02-19 23:16:31 I/DeviceStateMonitor: Waiting 359964 ms for device 27161FDH20031X package manager
02-19 23:16:31 I/NativeDeviceStateMonitor: Waiting 359929 ms for device 27161FDH20031X external store
02-19 23:16:31 D/NativeDevice: Using property ro.build.version.sdk=34 from cache.
02-19 23:16:31 D/NativeDevice: Using property ro.build.version.codename=REL from cache.
02-19 23:16:31 D/NativeDevice: Using property ro.build.version.sdk=34 from cache.
02-19 23:16:32 D/RunUtil: Running command [aapt, dump, badging, /tmp/WifiUtil.apk4653518247657820904.apk] with timeout: 1m 0s
02-19 23:16:32 D/RunUtil: Running command [aapt, dump, xmltree, /tmp/WifiUtil.apk4653518247657820904.apk, AndroidManifest.xml] with timeout: 1m 0s
02-19 23:16:32 D/RunUtil: Running command [adb, -s, 27161FDH20031X, shell, appops, write-settings] with timeout: 2m 0s
02-19 23:16:32 I/WifiCheck: Wifi is connected
02-19 23:16:32 D/InvocationExecution: done with preparer 'com.android.compatibility.common.tradefed.targetprep.WifiCheck@1936ba10' on device: '27161FDH20031X' in 1s
02-19 23:16:32 D/InvocationExecution: starting preparer 'com.android.tradefed.targetprep.RunCommandTargetPreparer@491388fb' on device: '27161FDH20031X'
02-19 23:16:32 D/RunUtil: Running command [adb, -s, 27161FDH20031X, shell, rm, -rf, /sdcard/device-info-files] with timeout: 2m 0s
02-19 23:16:32 D/RunUtil: Running command [adb, -s, 27161FDH20031X, shell, rm, -rf, /sdcard/report-log-files] with timeout: 2m 0s
02-19 23:16:32 D/RunUtil: Running command [adb, -s, 27161FDH20031X, shell, locksettings, set-disabled, true] with timeout: 2m 0s
02-19 23:16:32 D/InvocationExecution: done with preparer 'com.android.tradefed.targetprep.RunCommandTargetPreparer@491388fb' on device: '27161FDH20031X' in 136 ms
02-19 23:16:32 D/InvocationExecution: starting preparer 'com.android.compatibility.common.tradefed.targetprep.DeviceInfoCollector@3f43762d' on device: '27161FDH20031X'
02-19 23:16:32 D/RunUtil: Running command [adb, -s, 27161FDH20031X, shell, getprop, ro.product.model] with timeout: 45s
02-19 23:16:32 D/RunUtil: Running command [adb, -s, 27161FDH20031X, shell, getprop, ro.product.device] with timeout: 45s
02-19 23:16:32 D/NativeDevice: Using property ro.build.id=AP2A.240905.003 from cache.
02-19 23:16:32 D/RunUtil: Running command [adb, -s, 27161FDH20031X, shell, getprop, ro.bootimage.build.fingerprint] with timeout: 45s
02-19 23:16:32 D/NativeDevice: Using property ro.build.version.sdk=34 from cache.
02-19 23:16:32 D/RunUtil: Running command [adb, -s, 27161FDH20031X, shell, getprop, ro.product.manufacturer] with timeout: 45s
02-19 23:16:33 D/RunUtil: Running command [adb, -s, 27161FDH20031X, shell, getprop, ro.serialno] with timeout: 45s
02-19 23:16:33 D/RunUtil: Running command [adb, -s, 27161FDH20031X, shell, getprop, ro.build.version.security_patch] with timeout: 45s
02-19 23:16:33 D/RunUtil: Running command [adb, -s, 27161FDH20031X, shell, getprop, ro.product.cpu.abilist32] with timeout: 45s
02-19 23:16:33 D/RunUtil: Running command [adb, -s, 27161FDH20031X, shell, getprop, ro.build.reference.fingerprint] with timeout: 45s
02-19 23:16:33 D/RunUtil: Running command [adb, -s, 27161FDH20031X, shell, getprop, ro.product.cpu.abi] with timeout: 45s
02-19 23:16:33 D/RunUtil: Running command [adb, -s, 27161FDH20031X, shell, getprop, ro.product.cpu.abilist64] with timeout: 45s
02-19 23:16:33 D/RunUtil: Running command [adb, -s, 27161FDH20031X, shell, getprop, ro.product.name] with timeout: 45s
02-19 23:16:33 D/RunUtil: Running command [adb, -s, 27161FDH20031X, shell, getprop, ro.build.tags] with timeout: 45s
02-19 23:16:33 D/RunUtil: Running command [adb, -s, 27161FDH20031X, shell, getprop, ro.build.version.incremental] with timeout: 45s
02-19 23:16:33 D/RunUtil: Running command [adb, -s, 27161FDH20031X, shell, getprop, ro.product.brand] with timeout: 45s
02-19 23:16:33 D/RunUtil: Running command [adb, -s, 27161FDH20031X, shell, getprop, ro.build.fingerprint] with timeout: 45s
02-19 23:16:33 D/RunUtil: Running command [adb, -s, 27161FDH20031X, shell, getprop, ro.vendor.build.fingerprint] with timeout: 45s
02-19 23:16:33 D/RunUtil: Running command [adb, -s, 27161FDH20031X, shell, getprop, ro.build.version.base_os] with timeout: 45s
02-19 23:16:33 D/RunUtil: Running command [adb, -s, 27161FDH20031X, shell, getprop, ro.product.cpu.abilist] with timeout: 45s
02-19 23:16:33 D/RunUtil: Running command [adb, -s, 27161FDH20031X, shell, getprop, ro.product.board] with timeout: 45s
02-19 23:16:33 D/RunUtil: Running command [adb, -s, 27161FDH20031X, shell, getprop, ro.build.type] with timeout: 45s
02-19 23:16:33 D/RunUtil: Running command [adb, -s, 27161FDH20031X, shell, getprop, ro.build.version.release] with timeout: 45s
02-19 23:16:33 D/RunUtil: Running command [adb, -s, 27161FDH20031X, shell, getprop, ro.product.cpu.abi2] with timeout: 45s
02-19 23:16:33 I/NativeDeviceStateMonitor: Device 27161FDH20031X is already ONLINE
02-19 23:16:33 I/NativeDeviceStateMonitor: Waiting 360000 ms for device 27161FDH20031X boot complete
02-19 23:16:34 I/DeviceStateMonitor: Waiting 359929 ms for device 27161FDH20031X package manager
02-19 23:16:34 I/NativeDeviceStateMonitor: Waiting 359853 ms for device 27161FDH20031X external store
02-19 23:16:34 I/ApkInstrumentationPreparer: Instrumenting package: com.android.compatibility.common.deviceinfo
02-19 23:16:34 D/NativeDevice: Using property ro.build.version.sdk=34 from cache.
02-19 23:16:34 D/NativeDevice: Using property ro.build.version.sdk=34 from cache.
02-19 23:16:34 D/NativeDevice: Using property ro.build.version.codename=REL from cache.
02-19 23:16:34 D/NativeDevice: Using property ro.build.version.sdk=34 from cache.
02-19 23:16:34 D/RunUtil: Running command [adb, -s, 27161FDH20031X, shell, pm, list, features] with timeout: 2m 0s
02-19 23:16:34 D/NativeDevice: Using property ro.build.version.sdk=34 from cache.
02-19 23:16:34 D/NativeDevice: Using property ro.build.version.codename=REL from cache.
02-19 23:16:34 D/RunUtil: Running command [aapt2, dump, badging, /tmp/services7752478000529454694.apk] with timeout: 1m 0s
02-19 23:16:34 D/RunUtil: Running command [aapt2, dump, xmltree, /tmp/services7752478000529454694.apk, --file, AndroidManifest.xml] with timeout: 1m 0s
02-19 23:16:34 D/TestAppInstallSetup: Installing apk androidx.test.services with [/tmp/services7752478000529454694.apk] ...
02-19 23:16:34 D/NativeDevice: Using property ro.build.version.sdk=34 from cache.
02-19 23:16:34 D/RunUtil: Running command [aapt, dump, badging, /tmp/services7752478000529454694.apk] with timeout: 1m 0s
02-19 23:16:34 D/RunUtil: Running command [aapt, dump, xmltree, /tmp/services7752478000529454694.apk, AndroidManifest.xml] with timeout: 1m 0s
02-19 23:16:34 D/NativeDevice: Using property ro.build.version.sdk=34 from cache.
02-19 23:16:34 D/RunUtil: Running command [adb, -s, 27161FDH20031X, shell, appops, set, --user, 0, --uid, androidx.test.services, MANAGE_EXTERNAL_STORAGE, 0] with timeout: 2m 0s
02-19 23:16:35 D/RunUtil: Running command [adb, -s, 27161FDH20031X, shell, appops, write-settings] with timeout: 2m 0s
02-19 23:16:35 D/RunUtil: Running command [adb, -s, 27161FDH20031X, shell, dumpsys, deviceidle, whitelist, +androidx.test.services] with timeout: 2m 0s
02-19 23:16:35 D/AndroidJUnitTest: stdout: Added: androidx.test.services

stderr: 
02-19 23:16:35 D/NativeDevice: Using property ro.build.version.sdk=34 from cache.
02-19 23:16:35 D/NativeDevice: Using property ro.build.version.codename=REL from cache.
02-19 23:16:35 D/NativeDevice: Using property ro.build.version.sdk=34 from cache.
02-19 23:16:36 D/RunUtil: Running command [aapt, dump, badging, /home/simon/android-cts/tools/../../android-cts/testcases/CtsDeviceInfo/arm64/CtsDeviceInfo.apk] with timeout: 1m 0s
02-19 23:16:36 D/RunUtil: Running command [aapt, dump, xmltree, /home/simon/android-cts/tools/../../android-cts/testcases/CtsDeviceInfo/arm64/CtsDeviceInfo.apk, AndroidManifest.xml] with timeout: 1m 0s
02-19 23:16:36 D/RunUtil: Running command [adb, -s, 27161FDH20031X, shell, appops, write-settings] with timeout: 2m 0s
02-19 23:16:36 D/ListInstrumentationParser: instrumentation:com.android.compatibility.common.deviceinfo/androidx.test.runner.AndroidJUnitRunner (target=com.android.compatibility.common.deviceinfo)
02-19 23:16:36 D/ListInstrumentationParser: instrumentation:com.android.tradefed.utils.wifi/.WifiUtil (target=com.android.tradefed.utils.wifi)
02-19 23:16:36 D/ListInstrumentationParser: 
02-19 23:16:36 I/InstrumentationTest: No runner name specified. Using: androidx.test.runner.AndroidJUnitRunner.
02-19 23:16:36 D/NativeDevice: Using property ro.build.version.sdk=34 from cache.
02-19 23:16:36 D/NativeDevice: Using property ro.build.version.sdk=34 from cache.
02-19 23:16:36 D/InstrumentationTest: Initializing com.android.tradefed.device.metric.CountTestCasesCollector for instrumentation.
02-19 23:16:36 I/RemoteAndroidTestRunner: Running am instrument -w -r --no-isolated-storage  -e useTestStorageService true -e newRunListenerMode true -e timeout_msec 300000 com.android.compatibility.common.deviceinfo/androidx.test.runner.AndroidJUnitRunner on google-aosp_on_panther-27161FDH20031X
02-19 23:16:49 D/TestDevice: Uninstalling com.android.compatibility.common.deviceinfo with extra args 
02-19 23:16:49 D/TestDevice: Uninstalling androidx.test.services with extra args 
02-19 23:16:50 W/ApkInstrumentationPreparer: Target preparation step com.android.compatibility.common.deviceinfo.KeystoreAttestationDeviceInfo#testCollectDeviceInfo failed.
junit.framework.AssertionFailedError: KeystoreAttestationDeviceInfo collection completed. expected:<COMPLETED> but was:<FAILED>
	at junit.framework.Assert.fail(Assert.java:50)
	at junit.framework.Assert.failNotEquals(Assert.java:287)
	at junit.framework.Assert.assertEquals(Assert.java:67)
	at com.android.compatibility.common.deviceinfo.DeviceInfo.testCollectDeviceInfo(DeviceInfo.java:112)
	at java.lang.reflect.Method.invoke(Native Method)
	at android.test.InstrumentationTestCase.runMethod(InstrumentationTestCase.java:220)
	at android.test.InstrumentationTestCase.runTest(InstrumentationTestCase.java:205)

02-19 23:16:50 D/NativeDevice: Using property ro.build.version.sdk=34 from cache.
02-19 23:16:50 D/NativeDevice: Using 'ls' to check doesFileExist(/storage/emulated/0/device-info-files/)
02-19 23:16:50 D/RunUtil: Running command [adb, -s, 27161FDH20031X, shell, ls, '/storage/emulated/0/device-info-files/'] with timeout: 2m 0s
02-19 23:16:51 D/FileUtil: Creating temp file at /tmp/13033356/cts/inv_2729959754929274336/inv_1746988235094314002 with prefix "ConfigurationDeviceInfo.deviceinfo.json_" suffix ".txt.gz"
02-19 23:16:51 I/LogFileSaver: Saved gzip log file /tmp/13033356/cts/inv_2729959754929274336/inv_1746988235094314002/ConfigurationDeviceInfo.deviceinfo.json_13678284929061497387.txt.gz. [size=10, elapsed=1ms]
02-19 23:16:51 D/FileUtil: Creating temp file at /tmp/13033356/cts/inv_2729959754929274336/inv_1746988235094314002 with prefix "StorageDeviceInfo.deviceinfo.json_" suffix ".txt.gz"
02-19 23:16:51 I/LogFileSaver: Saved gzip log file /tmp/13033356/cts/inv_2729959754929274336/inv_1746988235094314002/StorageDeviceInfo.deviceinfo.json_2268101788751310056.txt.gz. [size=10, elapsed=0ms]
02-19 23:16:51 D/FileUtil: Creating temp file at /home/simon/android-cts/tools/../../android-cts/logs/2026.02.19_23.16.26/inv_7830798623068241093 with prefix "framework_manifest.xml_" suffix ".txt.gz"
02-19 23:16:51 I/LogFileSaver: Saved gzip log file /home/simon/android-cts/tools/../../android-cts/logs/2026.02.19_23.16.26/inv_7830798623068241093/framework_manifest.xml_3454056543807743492.txt.gz. [size=10, elapsed=0ms]
02-19 23:16:51 D/CertificationSuiteResultReporter: Saved logs for framework_manifest.xml in /home/simon/android-cts/tools/../../android-cts/logs/2026.02.19_23.16.26/inv_7830798623068241093/framework_manifest.xml_3454056543807743492.txt.gz
02-19 23:16:51 D/FileUtil: Creating temp file at /tmp/13033356/cts/inv_2729959754929274336/inv_1746988235094314002 with prefix "framework_manifest.xml_" suffix ".txt.gz"
02-19 23:16:51 I/LogFileSaver: Saved gzip log file /tmp/13033356/cts/inv_2729959754929274336/inv_1746988235094314002/framework_manifest.xml_4942016172360303289.txt.gz. [size=10, elapsed=0ms]
02-19 23:16:51 D/FileUtil: Creating temp file at /home/simon/android-cts/tools/../../android-cts/logs/2026.02.19_23.16.26/inv_7830798623068241093 with prefix "device_compatibility_matrix.xml_" suffix ".txt.gz"
02-19 23:16:51 I/LogFileSaver: Saved gzip log file /home/simon/android-cts/tools/../../android-cts/logs/2026.02.19_23.16.26/inv_7830798623068241093/device_compatibility_matrix.xml_2582072909282242084.txt.gz. [size=10, elapsed=0ms]
02-19 23:16:51 D/CertificationSuiteResultReporter: Saved logs for device_compatibility_matrix.xml in /home/simon/android-cts/tools/../../android-cts/logs/2026.02.19_23.16.26/inv_7830798623068241093/device_compatibility_matrix.xml_2582072909282242084.txt.gz
02-19 23:16:51 D/FileUtil: Creating temp file at /tmp/13033356/cts/inv_2729959754929274336/inv_1746988235094314002 with prefix "device_compatibility_matrix.xml_" suffix ".txt.gz"
02-19 23:16:51 I/LogFileSaver: Saved gzip log file /tmp/13033356/cts/inv_2729959754929274336/inv_1746988235094314002/device_compatibility_matrix.xml_8573336826377854545.txt.gz. [size=10, elapsed=0ms]
02-19 23:16:51 D/FileUtil: Creating temp file at /tmp/13033356/cts/inv_2729959754929274336/inv_1746988235094314002 with prefix "UserDeviceInfo.deviceinfo.json_" suffix ".txt.gz"
02-19 23:16:51 I/LogFileSaver: Saved gzip log file /tmp/13033356/cts/inv_2729959754929274336/inv_1746988235094314002/UserDeviceInfo.deviceinfo.json_11119287085554567065.txt.gz. [size=10, elapsed=0ms]
02-19 23:16:51 D/FileUtil: Creating temp file at /tmp/13033356/cts/inv_2729959754929274336/inv_1746988235094314002 with prefix "MediaDeviceInfo.deviceinfo.json_" suffix ".txt.gz"
02-19 23:16:51 I/LogFileSaver: Saved gzip log file /tmp/13033356/cts/inv_2729959754929274336/inv_1746988235094314002/MediaDeviceInfo.deviceinfo.json_9796536079257907677.txt.gz. [size=10, elapsed=1ms]
02-19 23:16:51 D/FileUtil: Creating temp file at /home/simon/android-cts/tools/../../android-cts/logs/2026.02.19_23.16.26/inv_7830798623068241093 with prefix "device_manifest.xml_" suffix ".txt.gz"
02-19 23:16:51 I/LogFileSaver: Saved gzip log file /home/simon/android-cts/tools/../../android-cts/logs/2026.02.19_23.16.26/inv_7830798623068241093/device_manifest.xml_12240207873606147088.txt.gz. [size=10, elapsed=0ms]
02-19 23:16:51 D/CertificationSuiteResultReporter: Saved logs for device_manifest.xml in /home/simon/android-cts/tools/../../android-cts/logs/2026.02.19_23.16.26/inv_7830798623068241093/device_manifest.xml_12240207873606147088.txt.gz
02-19 23:16:51 D/FileUtil: Creating temp file at /tmp/13033356/cts/inv_2729959754929274336/inv_1746988235094314002 with prefix "device_manifest.xml_" suffix ".txt.gz"
02-19 23:16:51 I/LogFileSaver: Saved gzip log file /tmp/13033356/cts/inv_2729959754929274336/inv_1746988235094314002/device_manifest.xml_17394822246568976238.txt.gz. [size=10, elapsed=0ms]
02-19 23:16:51 D/FileUtil: Creating temp file at /tmp/13033356/cts/inv_2729959754929274336/inv_1746988235094314002 with prefix "KeystoreAttestationDeviceInfo.deviceinfo.json_" suffix ".txt.gz"
02-19 23:16:51 I/LogFileSaver: Saved gzip log file /tmp/13033356/cts/inv_2729959754929274336/inv_1746988235094314002/KeystoreAttestationDeviceInfo.deviceinfo.json_10407607479132279989.txt.gz. [size=10, elapsed=1ms]
02-19 23:16:51 D/FileUtil: Creating temp file at /tmp/13033356/cts/inv_2729959754929274336/inv_1746988235094314002 with prefix "MediaDrmDeviceInfo.deviceinfo.json_" suffix ".txt.gz"
02-19 23:16:51 I/LogFileSaver: Saved gzip log file /tmp/13033356/cts/inv_2729959754929274336/inv_1746988235094314002/MediaDrmDeviceInfo.deviceinfo.json_1045373063398334793.txt.gz. [size=10, elapsed=0ms]
02-19 23:16:51 D/FileUtil: Creating temp file at /tmp/13033356/cts/inv_2729959754929274336/inv_1746988235094314002 with prefix "CpuDeviceInfo.deviceinfo.json_" suffix ".txt.gz"
02-19 23:16:51 I/LogFileSaver: Saved gzip log file /tmp/13033356/cts/inv_2729959754929274336/inv_1746988235094314002/CpuDeviceInfo.deviceinfo.json_2311174300809043976.txt.gz. [size=10, elapsed=0ms]
02-19 23:16:51 D/FileUtil: Creating temp file at /tmp/13033356/cts/inv_2729959754929274336/inv_1746988235094314002 with prefix "ClientIdDeviceInfo.deviceinfo.json_" suffix ".txt.gz"
02-19 23:16:51 I/LogFileSaver: Saved gzip log file /tmp/13033356/cts/inv_2729959754929274336/inv_1746988235094314002/ClientIdDeviceInfo.deviceinfo.json_10190251996781796440.txt.gz. [size=10, elapsed=0ms]
02-19 23:16:51 D/FileUtil: Creating temp file at /tmp/13033356/cts/inv_2729959754929274336/inv_1746988235094314002 with prefix "VulkanDeviceInfo.deviceinfo.json_" suffix ".txt.gz"
02-19 23:16:51 I/LogFileSaver: Saved gzip log file /tmp/13033356/cts/inv_2729959754929274336/inv_1746988235094314002/VulkanDeviceInfo.deviceinfo.json_3294798866508360411.txt.gz. [size=10, elapsed=0ms]
02-19 23:16:51 D/FileUtil: Creating temp file at /tmp/13033356/cts/inv_2729959754929274336/inv_1746988235094314002 with prefix "ScreenDeviceInfo.deviceinfo.json_" suffix ".txt.gz"
02-19 23:16:51 I/LogFileSaver: Saved gzip log file /tmp/13033356/cts/inv_2729959754929274336/inv_1746988235094314002/ScreenDeviceInfo.deviceinfo.json_5307606620159280682.txt.gz. [size=10, elapsed=0ms]
02-19 23:16:51 D/FileUtil: Creating temp file at /tmp/13033356/cts/inv_2729959754929274336/inv_1746988235094314002 with prefix "DefaultAppDeviceInfo.deviceinfo.json_" suffix ".txt.gz"
02-19 23:16:51 I/LogFileSaver: Saved gzip log file /tmp/13033356/cts/inv_2729959754929274336/inv_1746988235094314002/DefaultAppDeviceInfo.deviceinfo.json_15390544767906656730.txt.gz. [size=10, elapsed=0ms]
02-19 23:16:51 D/FileUtil: Creating temp file at /tmp/13033356/cts/inv_2729959754929274336/inv_1746988235094314002 with prefix "HapticsDeviceInfo.deviceinfo.json_" suffix ".txt.gz"
02-19 23:16:51 I/LogFileSaver: Saved gzip log file /tmp/13033356/cts/inv_2729959754929274336/inv_1746988235094314002/HapticsDeviceInfo.deviceinfo.json_7222398661508167645.txt.gz. [size=10, elapsed=0ms]
02-19 23:16:51 D/FileUtil: Creating temp file at /tmp/13033356/cts/inv_2729959754929274336/inv_1746988235094314002 with prefix "GenericDeviceInfo.deviceinfo.json_" suffix ".txt.gz"
02-19 23:16:51 I/LogFileSaver: Saved gzip log file /tmp/13033356/cts/inv_2729959754929274336/inv_1746988235094314002/GenericDeviceInfo.deviceinfo.json_6731785951447025068.txt.gz. [size=10, elapsed=0ms]
02-19 23:16:51 D/FileUtil: Creating temp file at /tmp/13033356/cts/inv_2729959754929274336/inv_1746988235094314002 with prefix "PackageDeviceInfo.deviceinfo.json_" suffix ".txt.gz"
02-19 23:16:51 I/LogFileSaver: Saved gzip log file /tmp/13033356/cts/inv_2729959754929274336/inv_1746988235094314002/PackageDeviceInfo.deviceinfo.json_9707477912420121693.txt.gz. [size=23663, elapsed=2ms]
02-19 23:16:51 D/FileUtil: Creating temp file at /tmp/13033356/cts/inv_2729959754929274336/inv_1746988235094314002 with prefix "VintfDeviceInfo.deviceinfo.json_" suffix ".txt.gz"
02-19 23:16:51 I/LogFileSaver: Saved gzip log file /tmp/13033356/cts/inv_2729959754929274336/inv_1746988235094314002/VintfDeviceInfo.deviceinfo.json_607306429561466093.txt.gz. [size=10, elapsed=0ms]
02-19 23:16:51 D/FileUtil: Creating temp file at /tmp/13033356/cts/inv_2729959754929274336/inv_1746988235094314002 with prefix "DeviceIdleDeviceInfo.deviceinfo.json_" suffix ".txt.gz"
02-19 23:16:51 I/LogFileSaver: Saved gzip log file /tmp/13033356/cts/inv_2729959754929274336/inv_1746988235094314002/DeviceIdleDeviceInfo.deviceinfo.json_9227946369004871056.txt.gz. [size=10, elapsed=0ms]
02-19 23:16:51 D/FileUtil: Creating temp file at /tmp/13033356/cts/inv_2729959754929274336/inv_1746988235094314002 with prefix "SensorDeviceInfo.deviceinfo.json_" suffix ".txt.gz"
02-19 23:16:51 I/LogFileSaver: Saved gzip log file /tmp/13033356/cts/inv_2729959754929274336/inv_1746988235094314002/SensorDeviceInfo.deviceinfo.json_11531373242840753696.txt.gz. [size=10, elapsed=0ms]
02-19 23:16:51 D/FileUtil: Creating temp file at /tmp/13033356/cts/inv_2729959754929274336/inv_1746988235094314002 with prefix "MemoryDeviceInfo.deviceinfo.json_" suffix ".txt.gz"
02-19 23:16:51 I/LogFileSaver: Saved gzip log file /tmp/13033356/cts/inv_2729959754929274336/inv_1746988235094314002/MemoryDeviceInfo.deviceinfo.json_17922657888464809464.txt.gz. [size=10, elapsed=0ms]
02-19 23:16:51 D/FileUtil: Creating temp file at /tmp/13033356/cts/inv_2729959754929274336/inv_1746988235094314002 with prefix "ConnectivityDeviceInfo.deviceinfo.json_" suffix ".txt.gz"
02-19 23:16:51 I/LogFileSaver: Saved gzip log file /tmp/13033356/cts/inv_2729959754929274336/inv_1746988235094314002/ConnectivityDeviceInfo.deviceinfo.json_6859280325499503901.txt.gz. [size=10, elapsed=0ms]
02-19 23:16:51 D/FileUtil: Creating temp file at /tmp/13033356/cts/inv_2729959754929274336/inv_1746988235094314002 with prefix "BiometricsDeviceInfo.deviceinfo.json_" suffix ".txt.gz"
02-19 23:16:51 I/LogFileSaver: Saved gzip log file /tmp/13033356/cts/inv_2729959754929274336/inv_1746988235094314002/BiometricsDeviceInfo.deviceinfo.json_5208949197190990012.txt.gz. [size=10, elapsed=0ms]
02-19 23:16:51 D/FileUtil: Creating temp file at /tmp/13033356/cts/inv_2729959754929274336/inv_1746988235094314002 with prefix "LocaleDeviceInfo.deviceinfo.json_" suffix ".txt.gz"
02-19 23:16:51 I/LogFileSaver: Saved gzip log file /tmp/13033356/cts/inv_2729959754929274336/inv_1746988235094314002/LocaleDeviceInfo.deviceinfo.json_7353722200327008913.txt.gz. [size=10, elapsed=0ms]
02-19 23:16:51 D/FileUtil: Creating temp file at /tmp/13033356/cts/inv_2729959754929274336/inv_1746988235094314002 with prefix "GraphicsDeviceInfo.deviceinfo.json_" suffix ".txt.gz"
02-19 23:16:51 I/LogFileSaver: Saved gzip log file /tmp/13033356/cts/inv_2729959754929274336/inv_1746988235094314002/GraphicsDeviceInfo.deviceinfo.json_2123112038687637402.txt.gz. [size=10, elapsed=0ms]
02-19 23:16:51 D/FileUtil: Creating temp file at /tmp/13033356/cts/inv_2729959754929274336/inv_1746988235094314002 with prefix "AppStandbyDeviceInfo.deviceinfo.json_" suffix ".txt.gz"
02-19 23:16:51 I/LogFileSaver: Saved gzip log file /tmp/13033356/cts/inv_2729959754929274336/inv_1746988235094314002/AppStandbyDeviceInfo.deviceinfo.json_1986171799501342384.txt.gz. [size=10, elapsed=0ms]
02-19 23:16:51 D/FileUtil: Creating temp file at /home/simon/android-cts/tools/../../android-cts/logs/2026.02.19_23.16.26/inv_7830798623068241093 with prefix "framework_compatibility_matrix.xml_" suffix ".txt.gz"
02-19 23:16:51 I/LogFileSaver: Saved gzip log file /home/simon/android-cts/tools/../../android-cts/logs/2026.02.19_23.16.26/inv_7830798623068241093/framework_compatibility_matrix.xml_14142243969730265677.txt.gz. [size=10, elapsed=1ms]
02-19 23:16:51 D/CertificationSuiteResultReporter: Saved logs for framework_compatibility_matrix.xml in /home/simon/android-cts/tools/../../android-cts/logs/2026.02.19_23.16.26/inv_7830798623068241093/framework_compatibility_matrix.xml_14142243969730265677.txt.gz
02-19 23:16:51 D/FileUtil: Creating temp file at /tmp/13033356/cts/inv_2729959754929274336/inv_1746988235094314002 with prefix "framework_compatibility_matrix.xml_" suffix ".txt.gz"
02-19 23:16:51 I/LogFileSaver: Saved gzip log file /tmp/13033356/cts/inv_2729959754929274336/inv_1746988235094314002/framework_compatibility_matrix.xml_7555120660570239323.txt.gz. [size=10, elapsed=1ms]
02-19 23:16:51 D/FileUtil: Creating temp file at /tmp/13033356/cts/inv_2729959754929274336/inv_1746988235094314002 with prefix "FeatureDeviceInfo.deviceinfo.json_" suffix ".txt.gz"
02-19 23:16:51 I/LogFileSaver: Saved gzip log file /tmp/13033356/cts/inv_2729959754929274336/inv_1746988235094314002/FeatureDeviceInfo.deviceinfo.json_10049796964213523026.txt.gz. [size=10, elapsed=0ms]
02-19 23:16:51 D/FileUtil: Creating temp file at /tmp/13033356/cts/inv_2729959754929274336/inv_1746988235094314002 with prefix "InputDeviceInfo.deviceinfo.json_" suffix ".txt.gz"
02-19 23:16:51 I/LogFileSaver: Saved gzip log file /tmp/13033356/cts/inv_2729959754929274336/inv_1746988235094314002/InputDeviceInfo.deviceinfo.json_6462865161605069879.txt.gz. [size=10, elapsed=0ms]
02-19 23:16:51 D/FileUtil: Creating temp file at /tmp/13033356/cts/inv_2729959754929274336/inv_1746988235094314002 with prefix "MediaOutputDeviceInfo.deviceinfo.json_" suffix ".txt.gz"
02-19 23:16:51 I/LogFileSaver: Saved gzip log file /tmp/13033356/cts/inv_2729959754929274336/inv_1746988235094314002/MediaOutputDeviceInfo.deviceinfo.json_10569147255718131118.txt.gz. [size=10, elapsed=0ms]
02-19 23:16:51 D/FileUtil: Creating temp file at /tmp/13033356/cts/inv_2729959754929274336/inv_1746988235094314002 with prefix "GnssDeviceInfo.deviceinfo.json_" suffix ".txt.gz"
02-19 23:16:51 I/LogFileSaver: Saved gzip log file /tmp/13033356/cts/inv_2729959754929274336/inv_1746988235094314002/GnssDeviceInfo.deviceinfo.json_1967234607398783078.txt.gz. [size=10, elapsed=0ms]
02-19 23:16:51 D/FileUtil: Creating temp file at /tmp/13033356/cts/inv_2729959754929274336/inv_1746988235094314002 with prefix "CameraDeviceInfo.deviceinfo.json_" suffix ".txt.gz"
02-19 23:16:51 I/LogFileSaver: Saved gzip log file /tmp/13033356/cts/inv_2729959754929274336/inv_1746988235094314002/CameraDeviceInfo.deviceinfo.json_10362841620657027254.txt.gz. [size=10, elapsed=1ms]
02-19 23:16:51 D/InvocationExecution: done with preparer 'com.android.compatibility.common.tradefed.targetprep.DeviceInfoCollector@3f43762d' on device: '27161FDH20031X' in 18s
02-19 23:16:51 D/InvocationExecution: starting preparer 'com.android.compatibility.common.tradefed.targetprep.ReportLogCollector@2f4612af' on device: '27161FDH20031X'
02-19 23:16:51 D/InvocationExecution: done with preparer 'com.android.compatibility.common.tradefed.targetprep.ReportLogCollector@2f4612af' on device: '27161FDH20031X' in 0 ms
02-19 23:16:51 D/InvocationExecution: starting preparer 'com.android.tradefed.targetprep.RunCommandTargetPreparer@24f132d2' on device: '27161FDH20031X'
02-19 23:16:51 D/RunUtil: Running command [adb, -s, 27161FDH20031X, shell, settings, put, global, package_verifier_enable, 0] with timeout: 2m 0s
02-19 23:16:51 D/InvocationExecution: done with preparer 'com.android.tradefed.targetprep.RunCommandTargetPreparer@24f132d2' on device: '27161FDH20031X' in 41 ms
02-19 23:16:51 D/InvocationExecution: starting preparer 'com.android.tradefed.targetprep.RunCommandTargetPreparer@78eb8a53' on device: '27161FDH20031X'
02-19 23:16:51 D/RunUtil: Running command [adb, -s, 27161FDH20031X, shell, settings, put, global, verifier_engprod, 1] with timeout: 2m 0s
02-19 23:16:51 D/InvocationExecution: done with preparer 'com.android.tradefed.targetprep.RunCommandTargetPreparer@78eb8a53' on device: '27161FDH20031X' in 43 ms
02-19 23:16:51 D/InvocationExecution: starting preparer 'com.android.compatibility.common.tradefed.targetprep.PropertyCheck@62932963' on device: '27161FDH20031X'
02-19 23:16:51 D/NativeDevice: Using property ro.build.type=userdebug from cache.
02-19 23:16:51 W/PropertyCheck: Expected "user" but found "userdebug" for property: ro.build.type
02-19 23:16:51 D/InvocationExecution: done with preparer 'com.android.compatibility.common.tradefed.targetprep.PropertyCheck@62932963' on device: '27161FDH20031X' in 0 ms
02-19 23:16:51 D/InvocationExecution: starting preparer 'com.android.compatibility.common.tradefed.targetprep.PropertyCheck@51858d13' on device: '27161FDH20031X'
02-19 23:16:51 D/RunUtil: Running command [adb, -s, 27161FDH20031X, shell, getprop, ro.product.locale] with timeout: 45s
02-19 23:16:51 D/InvocationExecution: done with preparer 'com.android.compatibility.common.tradefed.targetprep.PropertyCheck@51858d13' on device: '27161FDH20031X' in 39 ms
02-19 23:16:51 D/InvocationExecution: starting preparer 'com.android.compatibility.common.tradefed.targetprep.PropertyCheck@189f4e42' on device: '27161FDH20031X'
02-19 23:16:51 D/RunUtil: Running command [adb, -s, 27161FDH20031X, shell, getprop, persist.sys.test_harness] with timeout: 45s
02-19 23:16:51 W/PropertyCheck: Property "persist.sys.test_harness" not found on device, cannot verify value "false" 
02-19 23:16:51 D/InvocationExecution: done with preparer 'com.android.compatibility.common.tradefed.targetprep.PropertyCheck@189f4e42' on device: '27161FDH20031X' in 36 ms
02-19 23:16:51 D/InvocationExecution: Done with setup of device: '27161FDH20031X'
02-19 23:16:51 D/RunUtil: Running command [adb, -s, 27161FDH20031X, shell, uname, -a] with timeout: 2m 0s
02-19 23:16:51 I/InvocationExecution: Device 27161FDH20031X kernel information: 'Linux localhost 5.10.198-android13-4-00050-g12f3388846c3-ab11920634 #1 SMP PREEMPT Mon Jun 3 20:51:42 UTC 2024 aarch64 Toybox'
02-19 23:16:51 D/RunUtil: Running command [adb, -s, 27161FDH20031X, shell, getprop, ro.system.build.fingerprint] with timeout: 45s
02-19 23:16:51 I/InvocationExecution: Device 27161FDH20031X system image build information: 'Android/aosp_panther/panther:14/AP2A.240905.003/eng.simon.20260219:userdebug/test-keys'
02-19 23:16:51 D/NativeDevice: Using property ro.vendor.build.fingerprint=Android/aosp_panther/panther:14/AP2A.240905.003/12231197:userdebug/test-keys from cache.
02-19 23:16:51 I/InvocationExecution: Device 27161FDH20031X vendor image build information: 'Android/aosp_panther/panther:14/AP2A.240905.003/12231197:userdebug/test-keys'
02-19 23:16:51 D/InvocationExecution: Total setup duration: 24s'
02-19 23:16:51 D/LogFileSaver: Log data for device_logcat_setup_27161FDH20031X is already compressed, skipping compression
02-19 23:16:51 D/FileUtil: Creating temp file at /home/simon/android-cts/tools/../../android-cts/logs/2026.02.19_23.16.26/inv_7830798623068241093 with prefix "device_logcat_setup_27161FDH20031X_" suffix ".txt"
02-19 23:16:51 I/LogFileSaver: Saved log file /home/simon/android-cts/tools/../../android-cts/logs/2026.02.19_23.16.26/inv_7830798623068241093/device_logcat_setup_27161FDH20031X_3573506878392922197.txt. [size=4920159, elapsed=2ms]
02-19 23:16:51 D/CertificationSuiteResultReporter: Saved logs for device_logcat_setup_27161FDH20031X in /home/simon/android-cts/tools/../../android-cts/logs/2026.02.19_23.16.26/inv_7830798623068241093/device_logcat_setup_27161FDH20031X_3573506878392922197.txt
02-19 23:16:51 D/LogFileSaver: Log data for device_logcat_setup_27161FDH20031X is already compressed, skipping compression
02-19 23:16:51 D/FileUtil: Creating temp file at /tmp/13033356/cts/inv_2729959754929274336/inv_1746988235094314002 with prefix "device_logcat_setup_27161FDH20031X_" suffix ".txt"
02-19 23:16:51 I/LogFileSaver: Saved log file /tmp/13033356/cts/inv_2729959754929274336/inv_1746988235094314002/device_logcat_setup_27161FDH20031X_13581555446343098093.txt. [size=4920159, elapsed=3ms]
02-19 23:16:51 D/TestDevice: No snapuserd notification in progress for BLOCK_BEFORE_TEST
02-19 23:16:51 D/PrettyPrintDelimiter: 
===============================
===== TEST PHASE STARTING =====
===============================
02-19 23:16:51 D/RunUtil: Running command [adb, -s, 27161FDH20031X, shell, cmd, device_state, print-states] with timeout: 2m 0s
02-19 23:16:51 D/NativeDevice: Using property ro.product.cpu.abilist=arm64-v8a from cache.
02-19 23:16:51 D/FileUtil: Creating temp file at /home/simon/android-cts/tools/../../android-cts/logs/2026.02.19_23.16.26/inv_7830798623068241093 with prefix "suite-exclude-filters2070909141881779336.txt_" suffix ".txt.gz"
02-19 23:16:51 I/LogFileSaver: Saved gzip log file /home/simon/android-cts/tools/../../android-cts/logs/2026.02.19_23.16.26/inv_7830798623068241093/suite-exclude-filters2070909141881779336.txt_11572215652884118669.txt.gz. [size=10, elapsed=0ms]
02-19 23:16:51 D/CertificationSuiteResultReporter: Saved logs for suite-exclude-filters2070909141881779336.txt in /home/simon/android-cts/tools/../../android-cts/logs/2026.02.19_23.16.26/inv_7830798623068241093/suite-exclude-filters2070909141881779336.txt_11572215652884118669.txt.gz
02-19 23:16:51 D/FileUtil: Creating temp file at /tmp/13033356/cts/inv_2729959754929274336/inv_1746988235094314002 with prefix "suite-exclude-filters2070909141881779336.txt_" suffix ".txt.gz"
02-19 23:16:51 I/LogFileSaver: Saved gzip log file /tmp/13033356/cts/inv_2729959754929274336/inv_1746988235094314002/suite-exclude-filters2070909141881779336.txt_16713248868173025342.txt.gz. [size=10, elapsed=0ms]
02-19 23:16:51 D/BaseTestSuite: Initializing ModuleRepo
ABIs:[{arm64-v8a, bitness=64}]
Test Args:[com.android.tradefed.testtype.AndroidJUnitTest:exclude-annotation:com.android.compatibility.common.util.CtsDownstreamingTest, com.android.compatibility.common.tradefed.testtype.JarHostTest:exclude-annotation:com.android.compatibility.common.util.CtsDownstreamingTest, com.android.tradefed.testtype.HostTest:exclude-annotation:com.android.compatibility.common.util.CtsDownstreamingTest, com.android.tradefed.testtype.AndroidJUnitTest:exclude-annotation:android.platform.test.annotations.AsbSecurityTest, com.android.compatibility.common.tradefed.testtype.JarHostTest:exclude-annotation:android.platform.test.annotations.AsbSecurityTest, com.android.tradefed.testtype.AndroidJUnitTest:exclude-annotation:android.platform.test.annotations.AppModeInstant, com.android.compatibility.common.tradefed.testtype.JarHostTest:exclude-annotation:android.platform.test.annotations.AppModeInstant, com.android.tradefed.testtype.HostTest:exclude-annotation:android.platform.test.annotations.AppModeInstant]
Module Args:[]
Includes: {arm64-v8a CtsDisplayTestCases=[CtsDisplayTestCases android.display.cts.DisplayTest#testMode], arm64-v8a CtsDisplayTestCases[instant]=[CtsDisplayTestCases[instant] android.display.cts.DisplayTest#testMode], arm64-v8a CtsDisplayTestCases[run-on-clone-profile]=[CtsDisplayTestCases[run-on-clone-profile] android.display.cts.DisplayTest#testMode], arm64-v8a CtsDisplayTestCases[run-on-private-profile]=[CtsDisplayTestCases[run-on-private-profile] android.display.cts.DisplayTest#testMode], arm64-v8a CtsDisplayTestCases[run-on-work-profile]=[CtsDisplayTestCases[run-on-work-profile] android.display.cts.DisplayTest#testMode], arm64-v8a CtsDisplayTestCases[run-on-secondary-user]=[CtsDisplayTestCases[run-on-secondary-user] android.display.cts.DisplayTest#testMode]}
Excludes: See suite-exclude-filters2070909141881779336.txt
02-19 23:16:51 D/BaseTestSuite: Foldable states: [foldable:0:DEFAULT]
02-19 23:16:51 D/BaseTestSuite: Loading tests from [/home/simon/android-cts/tools/../../android-cts/testcases]
02-19 23:16:52 D/ITestSuite: No remote build info, skipping stageTestArtifacts
02-19 23:16:52 D/ITestSuite: Resource not found for allowed preparers: /suite/google-allowed-preparers.txt
02-19 23:16:52 D/ITestSuite: [Total Unique Modules = 2]
02-19 23:16:52 I/ITestSuite: 27161FDH20031X running 2 modules: [arm64-v8a CtsDisplayTestCases[instant], arm64-v8a CtsDisplayTestCases]
02-19 23:16:52 D/TradefedFeatureClient: invoking feature 'skipFeature'
02-19 23:16:52 D/TradefedFeatureClient: Using reference id from metrics.
02-19 23:16:52 D/TradefedFeatureClient: name: "skipFeature"
reference_id: "fbd60a2f-9e59-4400-b8d9-cb5e35d58213"

02-19 23:16:52 D/TradefedFeatureServer: Executing com.android.tradefed.result.skipped.SkipFeature@449baa8e with [name: "skipFeature"
reference_id: "fbd60a2f-9e59-4400-b8d9-cb5e35d58213"
]
02-19 23:16:52 D/TradefedFeatureClient: Feature name: skipFeature. response: multi_part_response {
  response_part {
    key: "delimiter"
    value: "\\+,"
  }
  response_part {
    key: "presubmit"
    value: "false"
  }
  response_part {
    key: "skipModules"
  }
  response_part {
    key: "imageDigests"
  }
}

02-19 23:16:52 D/BaseTestSuite: Filters for 'arm64-v8a CtsDisplayTestCases[instant]': []
02-19 23:16:52 D/FileUtil: Creating temp file at /tmp/tf-workfolder7789893018046329689 with prefix "CtsDisplayTestCases" suffix ".xml"
02-19 23:16:52 D/LogFileSaver: Log data for module-configuration is already compressed, skipping compression
02-19 23:16:52 D/FileUtil: Creating temp file at /home/simon/android-cts/tools/../../android-cts/logs/2026.02.19_23.16.26/inv_7830798623068241093 with prefix "module-configuration_" suffix ".xml"
02-19 23:16:52 I/LogFileSaver: Saved log file /home/simon/android-cts/tools/../../android-cts/logs/2026.02.19_23.16.26/inv_7830798623068241093/module-configuration_15905643186928785626.xml. [size=1645, elapsed=1ms]
02-19 23:16:52 D/CertificationSuiteResultReporter: Saved logs for module-configuration in /home/simon/android-cts/tools/../../android-cts/logs/2026.02.19_23.16.26/inv_7830798623068241093/module-configuration_15905643186928785626.xml
02-19 23:16:52 D/LogFileSaver: Log data for module-configuration is already compressed, skipping compression
02-19 23:16:52 D/FileUtil: Creating temp file at /tmp/13033356/cts/inv_2729959754929274336/inv_1746988235094314002 with prefix "module-configuration_" suffix ".xml"
02-19 23:16:52 I/LogFileSaver: Saved log file /tmp/13033356/cts/inv_2729959754929274336/inv_1746988235094314002/module-configuration_9617950322302267668.xml. [size=1645, elapsed=0ms]
02-19 23:16:52 I/ITestSuite: Running system status checker before module execution: arm64-v8a CtsDisplayTestCases[instant]
02-19 23:16:52 D/NativeDevice: Using property ro.build.version.sdk=34 from cache.
02-19 23:16:52 D/NativeDevice: Using property ro.build.version.sdk=34 from cache.
02-19 23:16:52 D/NativeDevice: Using property ro.build.version.sdk=34 from cache.
02-19 23:16:52 I/UserChecker: Current user 0 is already user type CURRENT, no action.
02-19 23:16:52 I/NativeDevice: adb unroot on device 27161FDH20031X
02-19 23:16:52 D/RunUtil: Running command [adb, -s, 27161FDH20031X, unroot] with timeout: 2m 0s
02-19 23:16:53 D/BackgroundDeviceAction: Waiting for device 27161FDH20031X online before starting.
02-19 23:16:54 I/NativeDeviceStateMonitor: Waiting for device 27161FDH20031X to be in NOT_AVAILABLE mode for '5s'; it is currently in ONLINE mode...
02-19 23:16:59 W/NativeDevice: Did not detect device 27161FDH20031X becoming unavailable after unroot
02-19 23:16:59 I/NativeDeviceStateMonitor: Device 27161FDH20031X is already ONLINE
02-19 23:16:59 W/ShellStatusChecker: This module unexpectedly started in a root shell. Leaked from earlier module?
02-19 23:16:59 W/ITestSuite: System status checker [com.android.tradefed.suite.checker.ShellStatusChecker] failed.
02-19 23:16:59 D/DeviceSettingChecker: Begin preExecutionCheck for checking device setting
02-19 23:16:59 D/NativeDevice: Using property ro.build.version.sdk=34 from cache.
02-19 23:16:59 D/NativeDevice: Using property ro.build.version.sdk=34 from cache.
02-19 23:16:59 D/NativeDevice: Using property ro.build.type=userdebug from cache.
02-19 23:16:59 D/NativeDevice: Using property ro.build.version.sdk=34 from cache.
02-19 23:16:59 D/NativeDevice: Using property ro.build.version.codename=REL from cache.
02-19 23:16:59 D/NativeDevice: Using property ro.build.version.sdk=34 from cache.
02-19 23:16:59 D/NativeDevice: Using property ro.build.version.sdk=34 from cache.
02-19 23:16:59 D/NativeDevice: Using property ro.build.version.sdk=34 from cache.
02-19 23:16:59 D/NativeDevice: Using property ro.build.version.sdk=34 from cache.
02-19 23:16:59 D/NativeDevice: Using property ro.build.version.sdk=34 from cache.
02-19 23:16:59 D/NativeDevice: Using property ro.build.version.sdk=34 from cache.
02-19 23:16:59 D/NativeDevice: Using property ro.build.version.codename=REL from cache.
02-19 23:16:59 D/NativeDevice: Using property ro.build.version.sdk=34 from cache.
02-19 23:16:59 D/NativeDevice: Using property ro.build.version.codename=REL from cache.
02-19 23:16:59 D/NativeDevice: Using property ro.build.version.sdk=34 from cache.
02-19 23:16:59 D/NativeDevice: Using property ro.build.version.codename=REL from cache.
02-19 23:16:59 D/NativeDevice: Using property ro.build.version.sdk=34 from cache.
02-19 23:16:59 D/NativeDevice: Using property ro.build.version.sdk=34 from cache.
02-19 23:16:59 D/NativeDevice: Using property ro.build.version.sdk=34 from cache.
02-19 23:16:59 D/NativeDevice: Using property ro.build.version.sdk=34 from cache.
02-19 23:16:59 D/NativeDevice: Using property ro.build.version.sdk=34 from cache.
02-19 23:16:59 D/NativeDevice: Using property ro.build.version.sdk=34 from cache.
02-19 23:16:59 D/NativeDevice: Using property ro.build.version.sdk=34 from cache.
02-19 23:16:59 D/RunUtil: Running command [adb, -s, 27161FDH20031X, shell, locksettings, get-disabled] with timeout: 2m 0s
02-19 23:16:59 D/RunUtil: Running command [adb, -s, 27161FDH20031X, shell, locksettings, get-disabled] with timeout: 2m 0s
02-19 23:16:59 D/RunUtil: Running command [adb, -s, 27161FDH20031X, shell, input, keyevent, KEYCODE_MENU] with timeout: 2m 0s
02-19 23:17:00 D/RunUtil: Running command [adb, -s, 27161FDH20031X, shell, input, keyevent, KEYCODE_HOME] with timeout: 2m 0s
02-19 23:17:00 I/DeviceBaselineChecker: Enable device baselines keep_engprod_mode_on,disable_os_auto_update,hide_error_dialogs,keep_screen_on,disable_usb_app_verification,clear_lock_screen,keep_location_mode_on,keep_setup_complete_on in 192 millis.
02-19 23:17:00 W/ITestSuite: There are failed system status checkers: {com.android.tradefed.suite.checker.ShellStatusChecker=This module unexpectedly started in a root shell. Leaked from earlier module?}
02-19 23:17:00 D/ModuleDefinition: Running module arm64-v8a CtsDisplayTestCases[instant]
02-19 23:17:00 D/ModuleDefinition: Running setup preparer: SuiteApkInstaller
02-19 23:17:00 D/NativeDevice: Using property ro.build.version.sdk=34 from cache.
02-19 23:17:00 D/NativeDevice: Using property ro.build.version.sdk=34 from cache.
02-19 23:17:00 D/NativeDevice: Using property ro.build.version.codename=REL from cache.
02-19 23:17:00 D/NativeDevice: Using property ro.build.id=AP2A.240905.003 from cache.
02-19 23:17:00 D/NativeDevice: Using property ro.build.version.sdk=34 from cache.
02-19 23:17:00 D/NativeDevice: Using property ro.build.version.codename=REL from cache.
02-19 23:17:00 D/SearchArtifactUtil: Searching the module dir: /home/simon/android-cts/tools/../../android-cts/testcases/CtsDisplayTestCases
02-19 23:17:00 D/RunUtil: Running command [aapt2, dump, badging, /home/simon/android-cts/tools/../../android-cts/testcases/CtsDisplayTestCases/arm64/CtsDisplayTestCases.apk] with timeout: 1m 0s
02-19 23:17:00 D/RunUtil: Running command [aapt2, dump, xmltree, /home/simon/android-cts/tools/../../android-cts/testcases/CtsDisplayTestCases/arm64/CtsDisplayTestCases.apk, --file, AndroidManifest.xml] with timeout: 1m 0s
02-19 23:17:00 D/TestAppInstallSetup: Installing apk android.display.cts with [/home/simon/android-cts/tools/../../android-cts/testcases/CtsDisplayTestCases/arm64/CtsDisplayTestCases.apk] ...
02-19 23:17:00 D/NativeDevice: Using property ro.build.version.sdk=34 from cache.
02-19 23:17:00 D/RunUtil: Running command [aapt, dump, badging, /home/simon/android-cts/tools/../../android-cts/testcases/CtsDisplayTestCases/arm64/CtsDisplayTestCases.apk] with timeout: 1m 0s
02-19 23:17:00 D/RunUtil: Running command [aapt, dump, xmltree, /home/simon/android-cts/tools/../../android-cts/testcases/CtsDisplayTestCases/arm64/CtsDisplayTestCases.apk, AndroidManifest.xml] with timeout: 1m 0s
02-19 23:17:00 D/RunUtil: Running command [adb, -s, 27161FDH20031X, shell, appops, write-settings] with timeout: 2m 0s
02-19 23:17:00 D/SearchArtifactUtil: Searching the module dir: /home/simon/android-cts/tools/../../android-cts/testcases/CtsDisplayTestCases
02-19 23:17:00 D/RunUtil: Running command [aapt2, dump, badging, /home/simon/android-cts/tools/../../android-cts/testcases/CtsDisplayTestCases/CtsAppTestStubs.apk] with timeout: 1m 0s
02-19 23:17:00 D/RunUtil: Running command [aapt2, dump, xmltree, /home/simon/android-cts/tools/../../android-cts/testcases/CtsDisplayTestCases/CtsAppTestStubs.apk, --file, AndroidManifest.xml] with timeout: 1m 0s
02-19 23:17:00 D/TestAppInstallSetup: Installing apk android.app.stubs with [/home/simon/android-cts/tools/../../android-cts/testcases/CtsDisplayTestCases/CtsAppTestStubs.apk] ...
02-19 23:17:00 D/NativeDevice: Using property ro.build.version.sdk=34 from cache.
02-19 23:17:01 D/RunUtil: Running command [aapt, dump, badging, /home/simon/android-cts/tools/../../android-cts/testcases/CtsDisplayTestCases/CtsAppTestStubs.apk] with timeout: 1m 0s
02-19 23:17:02 D/RunUtil: Running command [aapt, dump, xmltree, /home/simon/android-cts/tools/../../android-cts/testcases/CtsDisplayTestCases/CtsAppTestStubs.apk, AndroidManifest.xml] with timeout: 1m 0s
02-19 23:17:02 D/RunUtil: Running command [adb, -s, 27161FDH20031X, shell, appops, write-settings] with timeout: 2m 0s
02-19 23:17:02 D/AndroidJUnitTest: Disable test storage on instant app module.
02-19 23:17:02 D/AndroidJUnitTest: Attempting to push filters to /data/local/tmp/ajur/includes.txt
02-19 23:17:02 D/NativeDevice: Using 'ls' to check doesFileExist(/data/local/tmp/ajur)
02-19 23:17:02 D/RunUtil: Running command [adb, -s, 27161FDH20031X, shell, ls, '/data/local/tmp/ajur'] with timeout: 2m 0s
02-19 23:17:02 D/NativeDevice: File /data/local/tmp/ajur does not exist.
stdout: 
stderr: ls: /data/local/tmp/ajur: No such file or directory

02-19 23:17:02 D/NativeDevice: Using 'ls' to check doesFileExist(/data/local/tmp/ajur/includes.txt)
02-19 23:17:02 D/RunUtil: Running command [adb, -s, 27161FDH20031X, shell, ls, '/data/local/tmp/ajur/includes.txt'] with timeout: 2m 0s
02-19 23:17:02 D/FileUtil: Creating temp file at /home/simon/android-cts/tools/../../android-cts/logs/2026.02.19_23.16.26/inv_7830798623068241093 with prefix "filter-arm64-v8a%20CtsDisplayTestCases%5Binstant%5D.include_" suffix ".txt.gz"
02-19 23:17:02 I/LogFileSaver: Saved gzip log file /home/simon/android-cts/tools/../../android-cts/logs/2026.02.19_23.16.26/inv_7830798623068241093/filter-arm64-v8a%20CtsDisplayTestCases%5Binstant%5D.include_15237820448715513619.txt.gz. [size=10, elapsed=0ms]
02-19 23:17:02 D/CertificationSuiteResultReporter: Saved logs for filter-arm64-v8a%20CtsDisplayTestCases%5Binstant%5D.include in /home/simon/android-cts/tools/../../android-cts/logs/2026.02.19_23.16.26/inv_7830798623068241093/filter-arm64-v8a%20CtsDisplayTestCases%5Binstant%5D.include_15237820448715513619.txt.gz
02-19 23:17:02 D/FileUtil: Creating temp file at /tmp/13033356/cts/inv_2729959754929274336/inv_1746988235094314002 with prefix "filter-arm64-v8a%20CtsDisplayTestCases%5Binstant%5D.include_" suffix ".txt.gz"
02-19 23:17:02 I/LogFileSaver: Saved gzip log file /tmp/13033356/cts/inv_2729959754929274336/inv_1746988235094314002/filter-arm64-v8a%20CtsDisplayTestCases%5Binstant%5D.include_17762542134592336495.txt.gz. [size=10, elapsed=0ms]
02-19 23:17:02 D/ListInstrumentationParser: instrumentation:android.display.cts/androidx.test.runner.AndroidJUnitRunner (target=android.display.cts)
02-19 23:17:02 D/ListInstrumentationParser: instrumentation:com.android.tradefed.utils.wifi/.WifiUtil (target=com.android.tradefed.utils.wifi)
02-19 23:17:02 D/ListInstrumentationParser: 
02-19 23:17:02 I/InstrumentationTest: No runner name specified. Using: androidx.test.runner.AndroidJUnitRunner.
02-19 23:17:02 D/NativeDevice: Using property ro.build.version.sdk=34 from cache.
02-19 23:17:02 D/NativeDevice: Using property ro.build.version.sdk=34 from cache.
02-19 23:17:02 D/InstrumentationTest: Collecting test info for android.display.cts on device 27161FDH20031X
02-19 23:17:02 I/RemoteAndroidTestRunner: Running am instrument -w -r --abi arm64-v8a  -e testFile /data/local/tmp/ajur/includes.txt -e debug false -e newRunListenerMode true -e log true -e notAnnotation android.platform.test.annotations.AsbSecurityTest,com.android.compatibility.common.util.CtsDownstreamingTest,android.platform.test.annotations.AppModeFull -e timeout_msec 300000 android.display.cts/androidx.test.runner.AndroidJUnitRunner on google-aosp_on_panther-27161FDH20031X
02-19 23:17:02 D/InstrumentationTest: Initializing com.android.tradefed.device.metric.CountTestCasesCollector for instrumentation.
02-19 23:17:02 I/RemoteAndroidTestRunner: Running am instrument -w -r --abi arm64-v8a  -e testFile /data/local/tmp/ajur/includes.txt -e debug false -e newRunListenerMode true -e log false -e notAnnotation android.platform.test.annotations.AsbSecurityTest,com.android.compatibility.common.util.CtsDownstreamingTest,android.platform.test.annotations.AppModeFull -e timeout_msec 300000 android.display.cts/androidx.test.runner.AndroidJUnitRunner on google-aosp_on_panther-27161FDH20031X
02-19 23:17:03 D/BackgroundDeviceAction: Device 27161FDH20031X now online.
02-19 23:17:03 D/BackgroundDeviceAction: Starting logcat for 27161FDH20031X.
02-19 23:17:03 D/ModuleListener: ModuleListener.testRunStarted(android.display.cts, 1, 0) on 27161FDH20031X
02-19 23:17:03 D/ModuleListener: ModuleListener.testStarted(android.display.cts.DisplayTest#testMode) on 27161FDH20031X
02-19 23:17:08 I/ModuleListener: [1/1] 27161FDH20031X android.display.cts.DisplayTest#testMode FAILURE: java.lang.AssertionError
	at org.junit.Assert.fail(Assert.java:87)
	at org.junit.Assert.assertTrue(Assert.java:42)
	at org.junit.Assert.assertTrue(Assert.java:53)
	at android.display.cts.DisplayTest.addSecondaryDisplay(DisplayTest.java:315)
	at android.display.cts.DisplayTest.setUp(DisplayTest.java:237)

02-19 23:17:08 D/ModuleListener: ModuleListener.testRunEnded(5838) on 27161FDH20031X
02-19 23:17:08 D/TestDevice: Uninstalling android.display.cts with extra args 
02-19 23:17:09 D/TestDevice: Uninstalling android.app.stubs with extra args 
02-19 23:17:09 I/NativeDeviceStateMonitor: Device 27161FDH20031X is already ONLINE
02-19 23:17:09 I/NativeDeviceStateMonitor: Waiting 360000 ms for device 27161FDH20031X boot complete
02-19 23:17:09 I/DeviceStateMonitor: Waiting 359959 ms for device 27161FDH20031X package manager
02-19 23:17:09 I/NativeDeviceStateMonitor: Waiting 359924 ms for device 27161FDH20031X external store
02-19 23:17:09 I/ConsoleReporter: [27161FDH20031X] Starting arm64-v8a CtsDisplayTestCases[instant] with 1 test
02-19 23:17:09 I/ConsoleReporter: [1/1 arm64-v8a CtsDisplayTestCases[instant] 27161FDH20031X] android.display.cts.DisplayTest#testMode fail: java.lang.AssertionError
	at org.junit.Assert.fail(Assert.java:87)
	at org.junit.Assert.assertTrue(Assert.java:42)
	at org.junit.Assert.assertTrue(Assert.java:53)
	at android.display.cts.DisplayTest.addSecondaryDisplay(DisplayTest.java:315)
	at android.display.cts.DisplayTest.setUp(DisplayTest.java:237)

02-19 23:17:09 I/ConsoleReporter: [27161FDH20031X] arm64-v8a CtsDisplayTestCases[instant] completed in 7s. 0 passed, 1 failed, 0 not executed
02-19 23:17:09 I/ITestSuite: Running system status checker after module execution: arm64-v8a CtsDisplayTestCases[instant]
02-19 23:17:09 D/NativeDevice: Using property ro.build.version.sdk=34 from cache.
02-19 23:17:09 D/NativeDevice: Using property ro.build.version.sdk=34 from cache.
02-19 23:17:09 D/NativeDevice: Using property ro.build.version.sdk=34 from cache.
02-19 23:17:09 I/NativeDeviceStateMonitor: Device 27161FDH20031X is already ONLINE
02-19 23:17:09 I/NativeDeviceStateMonitor: Waiting 360000 ms for device 27161FDH20031X boot complete
02-19 23:17:09 I/DeviceStateMonitor: Waiting 359924 ms for device 27161FDH20031X package manager
02-19 23:17:10 I/NativeDeviceStateMonitor: Waiting 359858 ms for device 27161FDH20031X external store
02-19 23:17:10 I/MonitoringUtils: Wifi Connectivity: passed check.
02-19 23:17:10 D/TestDevice: Output from KeyguardController:   KeyguardController:
    mKeyguardShowing=false
    mAodShowing=false
    mKeyguardGoingAway=false

02-19 23:17:10 E/LeakedThreadStatusChecker: We have 4 threads instead of 1. List: [Thread[Invocation-27161FDH20031X,5,Invocation-27161FDH20031X], Thread[BackgroundDeviceAction-logcat -b all -v threadtime,uid,5,Invocation-27161FDH20031X], Thread[Timer-1,5,Invocation-27161FDH20031X], Thread[grpc-default-worker-ELG-3-1,5,Invocation-27161FDH20031X]]
02-19 23:17:10 W/ITestSuite: System status checker [com.android.tradefed.suite.checker.LeakedThreadStatusChecker] failed
02-19 23:17:11 D/NativeDevice: Time offset = -5 ms
02-19 23:17:11 D/DeviceSettingChecker: Begin postExecution for checking device setting
02-19 23:17:11 W/DeviceSettingChecker: Setting in namespace global fails:
 ota_disable_automatic_update is not found before module run

02-19 23:17:11 W/ITestSuite: System status checker [com.android.tradefed.suite.checker.DeviceSettingChecker] failed
02-19 23:17:11 D/NativeDevice: Using property ro.build.version.sdk=34 from cache.
02-19 23:17:11 W/ITestSuite: There are failed system status checkers: {com.android.tradefed.suite.checker.LeakedThreadStatusChecker=We have 4 threads instead of 1. List: [Thread[Invocation-27161FDH20031X,5,Invocation-27161FDH20031X], Thread[BackgroundDeviceAction-logcat -b all -v threadtime,uid,5,Invocation-27161FDH20031X], Thread[Timer-1,5,Invocation-27161FDH20031X], Thread[grpc-default-worker-ELG-3-1,5,Invocation-27161FDH20031X]], com.android.tradefed.suite.checker.DeviceSettingChecker=Setting in namespace global fails:
 ota_disable_automatic_update is not found before module run
}
02-19 23:17:11 D/FileUtil: Creating temp file at /home/simon/android-cts/tools/../../android-cts/results/2026.02.19_23.16.26/proto with prefix "tmp-proto" suffix ""
02-19 23:17:11 D/BaseTestSuite: Filters for 'arm64-v8a CtsDisplayTestCases': [CtsDisplayTestCases android.display.cts.DisplayTest#testActivityContextGetMetrics]
02-19 23:17:11 D/FileUtil: Creating temp file at /tmp/tf-workfolder7789893018046329689 with prefix "CtsDisplayTestCases" suffix ".xml"
02-19 23:17:11 D/LogFileSaver: Log data for module-configuration is already compressed, skipping compression
02-19 23:17:11 D/FileUtil: Creating temp file at /home/simon/android-cts/tools/../../android-cts/logs/2026.02.19_23.16.26/inv_7830798623068241093 with prefix "module-configuration_" suffix ".xml"
02-19 23:17:11 I/LogFileSaver: Saved log file /home/simon/android-cts/tools/../../android-cts/logs/2026.02.19_23.16.26/inv_7830798623068241093/module-configuration_14064745110745079524.xml. [size=1599, elapsed=0ms]
02-19 23:17:11 D/CertificationSuiteResultReporter: Saved logs for module-configuration in /home/simon/android-cts/tools/../../android-cts/logs/2026.02.19_23.16.26/inv_7830798623068241093/module-configuration_14064745110745079524.xml
02-19 23:17:11 D/LogFileSaver: Log data for module-configuration is already compressed, skipping compression
02-19 23:17:11 D/FileUtil: Creating temp file at /tmp/13033356/cts/inv_2729959754929274336/inv_1746988235094314002 with prefix "module-configuration_" suffix ".xml"
02-19 23:17:11 I/LogFileSaver: Saved log file /tmp/13033356/cts/inv_2729959754929274336/inv_1746988235094314002/module-configuration_5833814582330218020.xml. [size=1599, elapsed=0ms]
02-19 23:17:11 I/ITestSuite: Running system status checker before module execution: arm64-v8a CtsDisplayTestCases
02-19 23:17:11 D/NativeDevice: Using property ro.build.version.sdk=34 from cache.
02-19 23:17:12 D/NativeDevice: Using property ro.build.version.sdk=34 from cache.
02-19 23:17:12 D/NativeDevice: Using property ro.build.version.sdk=34 from cache.
02-19 23:17:12 I/UserChecker: Current user 0 is already user type CURRENT, no action.
02-19 23:17:12 D/DeviceSettingChecker: Begin preExecutionCheck for checking device setting
02-19 23:17:12 D/NativeDevice: Using property ro.build.version.sdk=34 from cache.
02-19 23:17:12 D/NativeDevice: Using property ro.build.version.sdk=34 from cache.
02-19 23:17:12 D/NativeDevice: Using property ro.build.version.sdk=34 from cache.
02-19 23:17:12 D/NativeDevice: Using property ro.build.version.codename=REL from cache.
02-19 23:17:12 D/NativeDevice: Using property ro.build.version.sdk=34 from cache.
02-19 23:17:12 D/NativeDevice: Using property ro.build.version.sdk=34 from cache.
02-19 23:17:12 D/NativeDevice: Using property ro.build.version.sdk=34 from cache.
02-19 23:17:12 D/NativeDevice: Using property ro.build.version.sdk=34 from cache.
02-19 23:17:12 D/NativeDevice: Using property ro.build.version.sdk=34 from cache.
02-19 23:17:12 D/NativeDevice: Using property ro.build.version.sdk=34 from cache.
02-19 23:17:12 D/NativeDevice: Using property ro.build.version.codename=REL from cache.
02-19 23:17:12 D/NativeDevice: Using property ro.build.version.sdk=34 from cache.
02-19 23:17:12 D/NativeDevice: Using property ro.build.version.codename=REL from cache.
02-19 23:17:12 D/NativeDevice: Using property ro.build.version.sdk=34 from cache.
02-19 23:17:12 D/NativeDevice: Using property ro.build.version.codename=REL from cache.
02-19 23:17:12 D/NativeDevice: Using property ro.build.version.sdk=34 from cache.
02-19 23:17:12 D/NativeDevice: Using property ro.build.version.sdk=34 from cache.
02-19 23:17:12 D/NativeDevice: Using property ro.build.version.sdk=34 from cache.
02-19 23:17:12 D/NativeDevice: Using property ro.build.version.sdk=34 from cache.
02-19 23:17:12 D/NativeDevice: Using property ro.build.version.sdk=34 from cache.
02-19 23:17:12 D/NativeDevice: Using property ro.build.version.sdk=34 from cache.
02-19 23:17:12 D/RunUtil: Running command [adb, -s, 27161FDH20031X, shell, locksettings, get-disabled] with timeout: 2m 0s
02-19 23:17:12 D/NativeDevice: Using property ro.build.version.sdk=34 from cache.
02-19 23:17:12 D/RunUtil: Running command [adb, -s, 27161FDH20031X, shell, locksettings, get-disabled] with timeout: 2m 0s
02-19 23:17:12 D/RunUtil: Running command [adb, -s, 27161FDH20031X, shell, input, keyevent, KEYCODE_MENU] with timeout: 2m 0s
02-19 23:17:12 D/RunUtil: Running command [adb, -s, 27161FDH20031X, shell, input, keyevent, KEYCODE_HOME] with timeout: 2m 0s
02-19 23:17:12 I/DeviceBaselineChecker: Enable device baselines keep_engprod_mode_on,disable_os_auto_update,hide_error_dialogs,keep_screen_on,disable_usb_app_verification,clear_lock_screen,keep_location_mode_on,keep_setup_complete_on in 230 millis.
02-19 23:17:12 D/ModuleDefinition: Running module arm64-v8a CtsDisplayTestCases
02-19 23:17:12 D/ModuleDefinition: Running setup preparer: SuiteApkInstaller
02-19 23:17:12 D/NativeDevice: Using property ro.build.version.sdk=34 from cache.
02-19 23:17:12 D/NativeDevice: Using property ro.build.version.sdk=34 from cache.
02-19 23:17:12 D/NativeDevice: Using property ro.build.version.codename=REL from cache.
02-19 23:17:12 D/NativeDevice: Using property ro.build.id=AP2A.240905.003 from cache.
02-19 23:17:12 D/NativeDevice: Using property ro.build.version.sdk=34 from cache.
02-19 23:17:12 D/NativeDevice: Using property ro.build.version.codename=REL from cache.
02-19 23:17:12 D/SearchArtifactUtil: Searching the module dir: /home/simon/android-cts/tools/../../android-cts/testcases/CtsDisplayTestCases
02-19 23:17:12 D/RunUtil: Running command [aapt2, dump, badging, /home/simon/android-cts/tools/../../android-cts/testcases/CtsDisplayTestCases/arm64/CtsDisplayTestCases.apk] with timeout: 1m 0s
02-19 23:17:12 D/RunUtil: Running command [aapt2, dump, xmltree, /home/simon/android-cts/tools/../../android-cts/testcases/CtsDisplayTestCases/arm64/CtsDisplayTestCases.apk, --file, AndroidManifest.xml] with timeout: 1m 0s
02-19 23:17:12 D/TestAppInstallSetup: Installing apk android.display.cts with [/home/simon/android-cts/tools/../../android-cts/testcases/CtsDisplayTestCases/arm64/CtsDisplayTestCases.apk] ...
02-19 23:17:12 D/NativeDevice: Using property ro.build.version.sdk=34 from cache.
02-19 23:17:13 D/RunUtil: Running command [aapt, dump, badging, /home/simon/android-cts/tools/../../android-cts/testcases/CtsDisplayTestCases/arm64/CtsDisplayTestCases.apk] with timeout: 1m 0s
02-19 23:17:13 D/RunUtil: Running command [aapt, dump, xmltree, /home/simon/android-cts/tools/../../android-cts/testcases/CtsDisplayTestCases/arm64/CtsDisplayTestCases.apk, AndroidManifest.xml] with timeout: 1m 0s
02-19 23:17:13 D/RunUtil: Running command [adb, -s, 27161FDH20031X, shell, appops, write-settings] with timeout: 2m 0s
02-19 23:17:13 D/SearchArtifactUtil: Searching the module dir: /home/simon/android-cts/tools/../../android-cts/testcases/CtsDisplayTestCases
02-19 23:17:13 D/RunUtil: Running command [aapt2, dump, badging, /home/simon/android-cts/tools/../../android-cts/testcases/CtsDisplayTestCases/CtsAppTestStubs.apk] with timeout: 1m 0s
02-19 23:17:13 D/RunUtil: Running command [aapt2, dump, xmltree, /home/simon/android-cts/tools/../../android-cts/testcases/CtsDisplayTestCases/CtsAppTestStubs.apk, --file, AndroidManifest.xml] with timeout: 1m 0s
02-19 23:17:13 D/TestAppInstallSetup: Installing apk android.app.stubs with [/home/simon/android-cts/tools/../../android-cts/testcases/CtsDisplayTestCases/CtsAppTestStubs.apk] ...
02-19 23:17:13 D/NativeDevice: Using property ro.build.version.sdk=34 from cache.
02-19 23:17:15 D/RunUtil: Running command [aapt, dump, badging, /home/simon/android-cts/tools/../../android-cts/testcases/CtsDisplayTestCases/CtsAppTestStubs.apk] with timeout: 1m 0s
02-19 23:17:15 D/RunUtil: Running command [aapt, dump, xmltree, /home/simon/android-cts/tools/../../android-cts/testcases/CtsDisplayTestCases/CtsAppTestStubs.apk, AndroidManifest.xml] with timeout: 1m 0s
02-19 23:17:15 D/RunUtil: Running command [adb, -s, 27161FDH20031X, shell, appops, write-settings] with timeout: 2m 0s
02-19 23:17:15 D/NativeDevice: Using property ro.build.version.sdk=34 from cache.
02-19 23:17:15 D/NativeDevice: Using property ro.build.version.sdk=34 from cache.
02-19 23:17:15 D/NativeDevice: Using property ro.build.version.codename=REL from cache.
02-19 23:17:15 D/AndroidJUnitTest: Attempting to push filters to /data/local/tmp/ajur/includes.txt
02-19 23:17:15 D/NativeDevice: Using 'ls' to check doesFileExist(/data/local/tmp/ajur)
02-19 23:17:15 D/RunUtil: Running command [adb, -s, 27161FDH20031X, shell, ls, '/data/local/tmp/ajur'] with timeout: 2m 0s
02-19 23:17:15 D/NativeDevice: File /data/local/tmp/ajur does not exist.
stdout: 
stderr: ls: /data/local/tmp/ajur: No such file or directory

02-19 23:17:15 D/NativeDevice: Using 'ls' to check doesFileExist(/data/local/tmp/ajur/includes.txt)
02-19 23:17:15 D/RunUtil: Running command [adb, -s, 27161FDH20031X, shell, ls, '/data/local/tmp/ajur/includes.txt'] with timeout: 2m 0s
02-19 23:17:15 D/FileUtil: Creating temp file at /home/simon/android-cts/tools/../../android-cts/logs/2026.02.19_23.16.26/inv_7830798623068241093 with prefix "filter-arm64-v8a%20CtsDisplayTestCases.include_" suffix ".txt.gz"
02-19 23:17:15 I/LogFileSaver: Saved gzip log file /home/simon/android-cts/tools/../../android-cts/logs/2026.02.19_23.16.26/inv_7830798623068241093/filter-arm64-v8a%20CtsDisplayTestCases.include_15907095616640829990.txt.gz. [size=10, elapsed=0ms]
02-19 23:17:15 D/CertificationSuiteResultReporter: Saved logs for filter-arm64-v8a%20CtsDisplayTestCases.include in /home/simon/android-cts/tools/../../android-cts/logs/2026.02.19_23.16.26/inv_7830798623068241093/filter-arm64-v8a%20CtsDisplayTestCases.include_15907095616640829990.txt.gz
02-19 23:17:15 D/FileUtil: Creating temp file at /tmp/13033356/cts/inv_2729959754929274336/inv_1746988235094314002 with prefix "filter-arm64-v8a%20CtsDisplayTestCases.include_" suffix ".txt.gz"
02-19 23:17:15 I/LogFileSaver: Saved gzip log file /tmp/13033356/cts/inv_2729959754929274336/inv_1746988235094314002/filter-arm64-v8a%20CtsDisplayTestCases.include_5003230568209750062.txt.gz. [size=10, elapsed=0ms]
02-19 23:17:15 D/AndroidJUnitTest: Attempting to push filters to /sdcard/googletest/test_runfiles/data/local/tmp/ajur/includes.txt
02-19 23:17:15 D/NativeDevice: Using 'ls' to check doesFileExist(/data/local/tmp/ajur)
02-19 23:17:15 D/RunUtil: Running command [adb, -s, 27161FDH20031X, shell, ls, '/data/local/tmp/ajur'] with timeout: 2m 0s
02-19 23:17:15 D/NativeDevice: Using property ro.build.version.sdk=34 from cache.
02-19 23:17:15 D/AndroidJUnitTest: Attempting to push filters to /data/local/tmp/ajur/excludes.txt
02-19 23:17:15 D/NativeDevice: Using 'ls' to check doesFileExist(/data/local/tmp/ajur)
02-19 23:17:15 D/RunUtil: Running command [adb, -s, 27161FDH20031X, shell, ls, '/data/local/tmp/ajur'] with timeout: 2m 0s
02-19 23:17:15 D/FileUtil: Creating temp file at /home/simon/android-cts/tools/../../android-cts/logs/2026.02.19_23.16.26/inv_7830798623068241093 with prefix "filter-arm64-v8a%20CtsDisplayTestCases.exclude_" suffix ".txt.gz"
02-19 23:17:15 I/LogFileSaver: Saved gzip log file /home/simon/android-cts/tools/../../android-cts/logs/2026.02.19_23.16.26/inv_7830798623068241093/filter-arm64-v8a%20CtsDisplayTestCases.exclude_1109238502766308515.txt.gz. [size=10, elapsed=1ms]
02-19 23:17:15 D/CertificationSuiteResultReporter: Saved logs for filter-arm64-v8a%20CtsDisplayTestCases.exclude in /home/simon/android-cts/tools/../../android-cts/logs/2026.02.19_23.16.26/inv_7830798623068241093/filter-arm64-v8a%20CtsDisplayTestCases.exclude_1109238502766308515.txt.gz
02-19 23:17:15 D/FileUtil: Creating temp file at /tmp/13033356/cts/inv_2729959754929274336/inv_1746988235094314002 with prefix "filter-arm64-v8a%20CtsDisplayTestCases.exclude_" suffix ".txt.gz"
02-19 23:17:15 I/LogFileSaver: Saved gzip log file /tmp/13033356/cts/inv_2729959754929274336/inv_1746988235094314002/filter-arm64-v8a%20CtsDisplayTestCases.exclude_11595746122799120104.txt.gz. [size=10, elapsed=0ms]
02-19 23:17:15 D/AndroidJUnitTest: Attempting to push filters to /sdcard/googletest/test_runfiles/data/local/tmp/ajur/excludes.txt
02-19 23:17:15 D/NativeDevice: Using 'ls' to check doesFileExist(/data/local/tmp/ajur)
02-19 23:17:15 D/RunUtil: Running command [adb, -s, 27161FDH20031X, shell, ls, '/data/local/tmp/ajur'] with timeout: 2m 0s
02-19 23:17:15 D/NativeDevice: Using property ro.build.version.sdk=34 from cache.
02-19 23:17:15 D/NativeDevice: Using property ro.build.version.sdk=34 from cache.
02-19 23:17:15 D/RunUtil: Running command [adb, -s, 27161FDH20031X, shell, pm, list, features] with timeout: 2m 0s
02-19 23:17:15 D/NativeDevice: Using property ro.build.version.sdk=34 from cache.
02-19 23:17:15 D/NativeDevice: Using property ro.build.version.codename=REL from cache.
02-19 23:17:15 D/RunUtil: Running command [aapt2, dump, badging, /tmp/services7604513857421162119.apk] with timeout: 1m 0s
02-19 23:17:15 D/RunUtil: Running command [aapt2, dump, xmltree, /tmp/services7604513857421162119.apk, --file, AndroidManifest.xml] with timeout: 1m 0s
02-19 23:17:15 D/TestAppInstallSetup: Installing apk androidx.test.services with [/tmp/services7604513857421162119.apk] ...
02-19 23:17:15 D/NativeDevice: Using property ro.build.version.sdk=34 from cache.
02-19 23:17:16 D/RunUtil: Running command [aapt, dump, badging, /tmp/services7604513857421162119.apk] with timeout: 1m 0s
02-19 23:17:16 D/RunUtil: Running command [aapt, dump, xmltree, /tmp/services7604513857421162119.apk, AndroidManifest.xml] with timeout: 1m 0s
02-19 23:17:16 D/NativeDevice: Using property ro.build.version.sdk=34 from cache.
02-19 23:17:16 D/RunUtil: Running command [adb, -s, 27161FDH20031X, shell, appops, set, --user, 0, --uid, androidx.test.services, MANAGE_EXTERNAL_STORAGE, 0] with timeout: 2m 0s
02-19 23:17:16 D/RunUtil: Running command [adb, -s, 27161FDH20031X, shell, appops, write-settings] with timeout: 2m 0s
02-19 23:17:16 D/RunUtil: Running command [adb, -s, 27161FDH20031X, shell, dumpsys, deviceidle, whitelist, +androidx.test.services] with timeout: 2m 0s
02-19 23:17:16 D/AndroidJUnitTest: stdout: Added: androidx.test.services

stderr: 
02-19 23:17:16 D/ListInstrumentationParser: instrumentation:android.display.cts/androidx.test.runner.AndroidJUnitRunner (target=android.display.cts)
02-19 23:17:16 D/ListInstrumentationParser: instrumentation:com.android.tradefed.utils.wifi/.WifiUtil (target=com.android.tradefed.utils.wifi)
02-19 23:17:16 D/ListInstrumentationParser: 
02-19 23:17:16 I/InstrumentationTest: No runner name specified. Using: androidx.test.runner.AndroidJUnitRunner.
02-19 23:17:16 D/NativeDevice: Using property ro.build.version.sdk=34 from cache.
02-19 23:17:16 D/NativeDevice: Using property ro.build.version.sdk=34 from cache.
02-19 23:17:16 D/InstrumentationTest: Collecting test info for android.display.cts on device 27161FDH20031X
02-19 23:17:16 I/RemoteAndroidTestRunner: Running am instrument -w -r --abi arm64-v8a  -e testFile /data/local/tmp/ajur/includes.txt -e debug false -e useTestStorageService true -e newRunListenerMode true -e log true -e notAnnotation com.android.compatibility.common.util.CtsDownstreamingTest,android.platform.test.annotations.AsbSecurityTest,android.platform.test.annotations.AppModeInstant -e notTestFile /data/local/tmp/ajur/excludes.txt -e timeout_msec 300000 android.display.cts/androidx.test.runner.AndroidJUnitRunner on google-aosp_on_panther-27161FDH20031X
02-19 23:17:17 D/InstrumentationTest: Initializing com.android.tradefed.device.metric.CountTestCasesCollector for instrumentation.
02-19 23:17:17 I/RemoteAndroidTestRunner: Running am instrument -w -r --abi arm64-v8a  -e testFile /data/local/tmp/ajur/includes.txt -e debug false -e useTestStorageService true -e newRunListenerMode true -e log false -e notAnnotation com.android.compatibility.common.util.CtsDownstreamingTest,android.platform.test.annotations.AsbSecurityTest,android.platform.test.annotations.AppModeInstant -e notTestFile /data/local/tmp/ajur/excludes.txt -e timeout_msec 300000 android.display.cts/androidx.test.runner.AndroidJUnitRunner on google-aosp_on_panther-27161FDH20031X
02-19 23:17:17 D/ModuleListener: ModuleListener.testRunStarted(android.display.cts, 1, 0) on 27161FDH20031X
02-19 23:17:17 D/ModuleListener: ModuleListener.testStarted(android.display.cts.DisplayTest#testMode) on 27161FDH20031X
02-19 23:17:22 I/ModuleListener: [1/1] 27161FDH20031X android.display.cts.DisplayTest#testMode FAILURE: java.lang.AssertionError
	at org.junit.Assert.fail(Assert.java:87)
	at org.junit.Assert.assertTrue(Assert.java:42)
	at org.junit.Assert.assertTrue(Assert.java:53)
	at android.display.cts.DisplayTest.addSecondaryDisplay(DisplayTest.java:315)
	at android.display.cts.DisplayTest.setUp(DisplayTest.java:237)

02-19 23:17:23 D/ModuleListener: ModuleListener.testRunEnded(5897) on 27161FDH20031X
02-19 23:17:23 D/TestDevice: Uninstalling androidx.test.services with extra args 
02-19 23:17:23 D/TestDevice: Uninstalling android.display.cts with extra args 
02-19 23:17:23 D/TestDevice: Uninstalling android.app.stubs with extra args 
02-19 23:17:23 I/NativeDeviceStateMonitor: Device 27161FDH20031X is already ONLINE
02-19 23:17:23 I/NativeDeviceStateMonitor: Waiting 360000 ms for device 27161FDH20031X boot complete
02-19 23:17:23 I/DeviceStateMonitor: Waiting 359960 ms for device 27161FDH20031X package manager
02-19 23:17:23 I/NativeDeviceStateMonitor: Waiting 359924 ms for device 27161FDH20031X external store
02-19 23:17:24 I/ConsoleReporter: [27161FDH20031X] Starting arm64-v8a CtsDisplayTestCases with 1 test
02-19 23:17:24 I/ConsoleReporter: [1/1 arm64-v8a CtsDisplayTestCases 27161FDH20031X] android.display.cts.DisplayTest#testMode fail: java.lang.AssertionError
	at org.junit.Assert.fail(Assert.java:87)
	at org.junit.Assert.assertTrue(Assert.java:42)
	at org.junit.Assert.assertTrue(Assert.java:53)
	at android.display.cts.DisplayTest.addSecondaryDisplay(DisplayTest.java:315)
	at android.display.cts.DisplayTest.setUp(DisplayTest.java:237)

02-19 23:17:24 I/ConsoleReporter: [27161FDH20031X] arm64-v8a CtsDisplayTestCases completed in 8s. 0 passed, 1 failed, 0 not executed
02-19 23:17:24 I/ITestSuite: Running system status checker after module execution: arm64-v8a CtsDisplayTestCases
02-19 23:17:24 D/NativeDevice: Using property ro.build.version.sdk=34 from cache.
02-19 23:17:24 D/NativeDevice: Using property ro.build.version.sdk=34 from cache.
02-19 23:17:24 D/NativeDevice: Using property ro.build.version.sdk=34 from cache.
02-19 23:17:24 I/NativeDeviceStateMonitor: Device 27161FDH20031X is already ONLINE
02-19 23:17:24 I/NativeDeviceStateMonitor: Waiting 360000 ms for device 27161FDH20031X boot complete
02-19 23:17:24 I/DeviceStateMonitor: Waiting 359923 ms for device 27161FDH20031X package manager
02-19 23:17:24 I/NativeDeviceStateMonitor: Waiting 359827 ms for device 27161FDH20031X external store
02-19 23:17:25 I/MonitoringUtils: Wifi Connectivity: passed check.
02-19 23:17:25 D/TestDevice: Output from KeyguardController:   KeyguardController:
    mKeyguardShowing=false
    mAodShowing=false
    mKeyguardGoingAway=false

02-19 23:17:25 E/LeakedThreadStatusChecker: We have 4 threads instead of 1. List: [Thread[Invocation-27161FDH20031X,5,Invocation-27161FDH20031X], Thread[BackgroundDeviceAction-logcat -b all -v threadtime,uid,5,Invocation-27161FDH20031X], Thread[Timer-1,5,Invocation-27161FDH20031X], Thread[grpc-default-worker-ELG-3-1,5,Invocation-27161FDH20031X]]
02-19 23:17:25 W/ITestSuite: System status checker [com.android.tradefed.suite.checker.LeakedThreadStatusChecker] failed
02-19 23:17:25 D/NativeDevice: Time offset = -662 ms
02-19 23:17:25 D/DeviceSettingChecker: Begin postExecution for checking device setting
02-19 23:17:25 D/NativeDevice: Using property ro.build.version.sdk=34 from cache.
02-19 23:17:26 W/ITestSuite: There are failed system status checkers: {com.android.tradefed.suite.checker.LeakedThreadStatusChecker=We have 4 threads instead of 1. List: [Thread[Invocation-27161FDH20031X,5,Invocation-27161FDH20031X], Thread[BackgroundDeviceAction-logcat -b all -v threadtime,uid,5,Invocation-27161FDH20031X], Thread[Timer-1,5,Invocation-27161FDH20031X], Thread[grpc-default-worker-ELG-3-1,5,Invocation-27161FDH20031X]]}
02-19 23:17:26 D/FileUtil: Creating temp file at /home/simon/android-cts/tools/../../android-cts/results/2026.02.19_23.16.26/proto with prefix "tmp-proto" suffix ""
02-19 23:17:26 D/PrettyPrintDelimiter: 
=============================
===== TEST PHASE ENDING =====
=============================
02-19 23:17:26 D/LogFileSaver: Log data for device_logcat_test_27161FDH20031X is already compressed, skipping compression
02-19 23:17:26 D/FileUtil: Creating temp file at /home/simon/android-cts/tools/../../android-cts/logs/2026.02.19_23.16.26/inv_7830798623068241093 with prefix "device_logcat_test_27161FDH20031X_" suffix ".txt"
02-19 23:17:26 I/LogFileSaver: Saved log file /home/simon/android-cts/tools/../../android-cts/logs/2026.02.19_23.16.26/inv_7830798623068241093/device_logcat_test_27161FDH20031X_3504547666109107968.txt. [size=4979140, elapsed=2ms]
02-19 23:17:26 D/CertificationSuiteResultReporter: Saved logs for device_logcat_test_27161FDH20031X in /home/simon/android-cts/tools/../../android-cts/logs/2026.02.19_23.16.26/inv_7830798623068241093/device_logcat_test_27161FDH20031X_3504547666109107968.txt
02-19 23:17:26 D/LogFileSaver: Log data for device_logcat_test_27161FDH20031X is already compressed, skipping compression
02-19 23:17:26 D/FileUtil: Creating temp file at /tmp/13033356/cts/inv_2729959754929274336/inv_1746988235094314002 with prefix "device_logcat_test_27161FDH20031X_" suffix ".txt"
02-19 23:17:26 I/LogFileSaver: Saved log file /tmp/13033356/cts/inv_2729959754929274336/inv_1746988235094314002/device_logcat_test_27161FDH20031X_13541528971670094794.txt. [size=4979140, elapsed=1ms]
02-19 23:17:26 I/CommandInterrupter: Interrupt blocked
02-19 23:17:26 D/TestInvocation: Testing minimum responsiveness.
02-19 23:17:26 I/NativeDeviceStateMonitor: Device 27161FDH20031X is already ONLINE
02-19 23:17:26 D/RunUtil: Running command [adb, -s, 27161FDH20031X, shell, getprop, ro.build.version.sdk] with timeout: 45s
02-19 23:17:26 D/FileUtil: Creating temp file at /home/simon/android-cts/tools/../../android-cts/logs/2026.02.19_23.16.26/inv_7830798623068241093 with prefix "executeShellCommandLog_27161FDH20031X_" suffix ".txt.gz"
02-19 23:17:26 I/LogFileSaver: Saved gzip log file /home/simon/android-cts/tools/../../android-cts/logs/2026.02.19_23.16.26/inv_7830798623068241093/executeShellCommandLog_27161FDH20031X_1494009592676019131.txt.gz. [size=10, elapsed=0ms]
02-19 23:17:26 D/CertificationSuiteResultReporter: Saved logs for executeShellCommandLog_27161FDH20031X in /home/simon/android-cts/tools/../../android-cts/logs/2026.02.19_23.16.26/inv_7830798623068241093/executeShellCommandLog_27161FDH20031X_1494009592676019131.txt.gz
02-19 23:17:26 D/FileUtil: Creating temp file at /tmp/13033356/cts/inv_2729959754929274336/inv_1746988235094314002 with prefix "executeShellCommandLog_27161FDH20031X_" suffix ".txt.gz"
02-19 23:17:26 I/LogFileSaver: Saved gzip log file /tmp/13033356/cts/inv_2729959754929274336/inv_1746988235094314002/executeShellCommandLog_27161FDH20031X_15367146431601598534.txt.gz. [size=10, elapsed=0ms]
02-19 23:17:26 D/TestInvocation: Checking that devices are online.
02-19 23:17:26 I/NativeDeviceStateMonitor: Device 27161FDH20031X is already ONLINE
02-19 23:17:26 I/NativeDeviceStateMonitor: Waiting 180000 ms for device 27161FDH20031X boot complete
02-19 23:17:26 I/DeviceStateMonitor: Waiting 179929 ms for device 27161FDH20031X package manager
02-19 23:17:26 I/NativeDeviceStateMonitor: Waiting 179834 ms for device 27161FDH20031X external store
02-19 23:17:26 D/InvocationExecution: starting tearDown 'com.android.compatibility.common.tradefed.targetprep.PropertyCheck@189f4e42' on device: '27161FDH20031X'
02-19 23:17:26 D/InvocationExecution: done with tearDown 'com.android.compatibility.common.tradefed.targetprep.PropertyCheck@189f4e42' on device: '27161FDH20031X' in 0 ms
02-19 23:17:26 D/InvocationExecution: starting tearDown 'com.android.compatibility.common.tradefed.targetprep.PropertyCheck@51858d13' on device: '27161FDH20031X'
02-19 23:17:26 D/InvocationExecution: done with tearDown 'com.android.compatibility.common.tradefed.targetprep.PropertyCheck@51858d13' on device: '27161FDH20031X' in 0 ms
02-19 23:17:26 D/InvocationExecution: starting tearDown 'com.android.compatibility.common.tradefed.targetprep.PropertyCheck@62932963' on device: '27161FDH20031X'
02-19 23:17:26 D/InvocationExecution: done with tearDown 'com.android.compatibility.common.tradefed.targetprep.PropertyCheck@62932963' on device: '27161FDH20031X' in 0 ms
02-19 23:17:26 D/InvocationExecution: starting tearDown 'com.android.tradefed.targetprep.RunCommandTargetPreparer@78eb8a53' on device: '27161FDH20031X'
02-19 23:17:26 D/RunUtil: Running command [adb, -s, 27161FDH20031X, shell, settings, put, global, verifier_engprod, 0] with timeout: 2m 0s
02-19 23:17:26 D/InvocationExecution: done with tearDown 'com.android.tradefed.targetprep.RunCommandTargetPreparer@78eb8a53' on device: '27161FDH20031X' in 90 ms
02-19 23:17:26 D/InvocationExecution: starting tearDown 'com.android.tradefed.targetprep.RunCommandTargetPreparer@24f132d2' on device: '27161FDH20031X'
02-19 23:17:26 D/RunUtil: Running command [adb, -s, 27161FDH20031X, shell, settings, put, global, package_verifier_enable, 1] with timeout: 2m 0s
02-19 23:17:27 D/InvocationExecution: done with tearDown 'com.android.tradefed.targetprep.RunCommandTargetPreparer@24f132d2' on device: '27161FDH20031X' in 80 ms
02-19 23:17:27 D/InvocationExecution: starting tearDown 'com.android.compatibility.common.tradefed.targetprep.ReportLogCollector@2f4612af' on device: '27161FDH20031X'
02-19 23:17:27 D/NativeDevice: Using property ro.build.version.sdk=34 from cache.
02-19 23:17:27 D/NativeDevice: Using 'ls' to check doesFileExist(/storage/emulated/0/report-log-files/)
02-19 23:17:27 D/RunUtil: Running command [adb, -s, 27161FDH20031X, shell, ls, '/storage/emulated/0/report-log-files/'] with timeout: 2m 0s
02-19 23:17:27 D/NativeDevice: File /storage/emulated/0/report-log-files/ does not exist.
stdout: 
stderr: ls: /storage/emulated/0/report-log-files/: No such file or directory

02-19 23:17:27 E/NativeDevice: Device path /sdcard/report-log-files/ does not exist to be pulled.
02-19 23:17:27 D/InvocationExecution: done with tearDown 'com.android.compatibility.common.tradefed.targetprep.ReportLogCollector@2f4612af' on device: '27161FDH20031X' in 168 ms
02-19 23:17:27 D/InvocationExecution: starting tearDown 'com.android.compatibility.common.tradefed.targetprep.DeviceInfoCollector@3f43762d' on device: '27161FDH20031X'
02-19 23:17:27 D/InvocationExecution: done with tearDown 'com.android.compatibility.common.tradefed.targetprep.DeviceInfoCollector@3f43762d' on device: '27161FDH20031X' in 0 ms
02-19 23:17:27 D/InvocationExecution: starting tearDown 'com.android.tradefed.targetprep.RunCommandTargetPreparer@491388fb' on device: '27161FDH20031X'
02-19 23:17:27 D/InvocationExecution: done with tearDown 'com.android.tradefed.targetprep.RunCommandTargetPreparer@491388fb' on device: '27161FDH20031X' in 0 ms
02-19 23:17:27 D/InvocationExecution: starting tearDown 'com.android.compatibility.common.tradefed.targetprep.WifiCheck@1936ba10' on device: '27161FDH20031X'
02-19 23:17:27 D/InvocationExecution: done with tearDown 'com.android.compatibility.common.tradefed.targetprep.WifiCheck@1936ba10' on device: '27161FDH20031X' in 0 ms
02-19 23:17:27 D/InvocationExecution: starting tearDown 'com.android.compatibility.common.tradefed.targetprep.ApkPreconditionCheck@72dce6c3' on device: '27161FDH20031X'
02-19 23:17:27 D/InvocationExecution: done with tearDown 'com.android.compatibility.common.tradefed.targetprep.ApkPreconditionCheck@72dce6c3' on device: '27161FDH20031X' in 0 ms
02-19 23:17:27 D/InvocationExecution: starting tearDown 'com.android.compatibility.common.tradefed.targetprep.SettingsPreparer@4e71b651' on device: '27161FDH20031X'
02-19 23:17:27 D/InvocationExecution: done with tearDown 'com.android.compatibility.common.tradefed.targetprep.SettingsPreparer@4e71b651' on device: '27161FDH20031X' in 0 ms
02-19 23:17:27 D/InvocationExecution: starting tearDown 'com.android.compatibility.common.tradefed.targetprep.SettingsPreparer@43757df0' on device: '27161FDH20031X'
02-19 23:17:27 D/InvocationExecution: done with tearDown 'com.android.compatibility.common.tradefed.targetprep.SettingsPreparer@43757df0' on device: '27161FDH20031X' in 0 ms
02-19 23:17:27 D/InvocationExecution: starting tearDown 'com.android.compatibility.common.tradefed.targetprep.PackageDisabler@582a8770' on device: '27161FDH20031X'
02-19 23:17:27 D/InvocationExecution: done with tearDown 'com.android.compatibility.common.tradefed.targetprep.PackageDisabler@582a8770' on device: '27161FDH20031X' in 0 ms
02-19 23:17:27 D/InvocationExecution: starting tearDown 'com.android.compatibility.common.tradefed.targetprep.StayAwakePreparer@5702121c' on device: '27161FDH20031X'
02-19 23:17:27 D/InvocationExecution: done with tearDown 'com.android.compatibility.common.tradefed.targetprep.StayAwakePreparer@5702121c' on device: '27161FDH20031X' in 0 ms
02-19 23:17:27 D/InvocationExecution: starting tearDown 'com.android.compatibility.common.tradefed.targetprep.DynamicConfigPusher@666f140f' on device: '27161FDH20031X'
02-19 23:17:27 D/InvocationExecution: done with tearDown 'com.android.compatibility.common.tradefed.targetprep.DynamicConfigPusher@666f140f' on device: '27161FDH20031X' in 0 ms
02-19 23:17:27 D/InvocationExecution: starting tearDown 'com.android.compatibility.common.tradefed.targetprep.DeviceFileCollector@29fd5607' on device: '27161FDH20031X'
02-19 23:17:27 D/InvocationExecution: done with tearDown 'com.android.compatibility.common.tradefed.targetprep.DeviceFileCollector@29fd5607' on device: '27161FDH20031X' in 0 ms
02-19 23:17:27 D/InvocationExecution: starting tearDown 'com.android.compatibility.common.tradefed.targetprep.DeviceFileCollector@63845e4e' on device: '27161FDH20031X'
02-19 23:17:27 D/InvocationExecution: done with tearDown 'com.android.compatibility.common.tradefed.targetprep.DeviceFileCollector@63845e4e' on device: '27161FDH20031X' in 0 ms
02-19 23:17:27 D/TestDevice: Uninstalling com.android.tradefed.utils.wifi with extra args 
02-19 23:17:27 D/WifiHelper: Successfully clean up WifiHelper.
02-19 23:17:27 D/RunUtil: Running command [id, -u, simon] with timeout: 1m 0s
02-19 23:17:27 D/RunUtil: Running command [tail, -c, 10MB, /tmp/adb.1000.log] with timeout: 1m 0s
02-19 23:17:27 D/LogFileSaver: Log data for host_adb_log is already compressed, skipping compression
02-19 23:17:27 D/FileUtil: Creating temp file at /home/simon/android-cts/tools/../../android-cts/logs/2026.02.19_23.16.26/inv_7830798623068241093 with prefix "host_adb_log_" suffix ".txt"
02-19 23:17:27 I/LogFileSaver: Saved log file /home/simon/android-cts/tools/../../android-cts/logs/2026.02.19_23.16.26/inv_7830798623068241093/host_adb_log_14858084627805589290.txt. [size=100714, elapsed=0ms]
02-19 23:17:27 D/CertificationSuiteResultReporter: Saved logs for host_adb_log in /home/simon/android-cts/tools/../../android-cts/logs/2026.02.19_23.16.26/inv_7830798623068241093/host_adb_log_14858084627805589290.txt
02-19 23:17:27 D/LogFileSaver: Log data for host_adb_log is already compressed, skipping compression
02-19 23:17:27 D/FileUtil: Creating temp file at /tmp/13033356/cts/inv_2729959754929274336/inv_1746988235094314002 with prefix "host_adb_log_" suffix ".txt"
02-19 23:17:27 I/LogFileSaver: Saved log file /tmp/13033356/cts/inv_2729959754929274336/inv_1746988235094314002/host_adb_log_14958677556957932059.txt. [size=100714, elapsed=0ms]
02-19 23:17:27 D/LogFileSaver: Log data for device_logcat_teardown_27161FDH20031X is already compressed, skipping compression
02-19 23:17:27 D/FileUtil: Creating temp file at /home/simon/android-cts/tools/../../android-cts/logs/2026.02.19_23.16.26/inv_7830798623068241093 with prefix "device_logcat_teardown_27161FDH20031X_" suffix ".txt"
02-19 23:17:27 I/LogFileSaver: Saved log file /home/simon/android-cts/tools/../../android-cts/logs/2026.02.19_23.16.26/inv_7830798623068241093/device_logcat_teardown_27161FDH20031X_11303839008794999559.txt. [size=1709, elapsed=0ms]
02-19 23:17:27 D/CertificationSuiteResultReporter: Saved logs for device_logcat_teardown_27161FDH20031X in /home/simon/android-cts/tools/../../android-cts/logs/2026.02.19_23.16.26/inv_7830798623068241093/device_logcat_teardown_27161FDH20031X_11303839008794999559.txt
02-19 23:17:27 D/LogFileSaver: Log data for device_logcat_teardown_27161FDH20031X is already compressed, skipping compression
02-19 23:17:27 D/FileUtil: Creating temp file at /tmp/13033356/cts/inv_2729959754929274336/inv_1746988235094314002 with prefix "device_logcat_teardown_27161FDH20031X_" suffix ".txt"
02-19 23:17:27 I/LogFileSaver: Saved log file /tmp/13033356/cts/inv_2729959754929274336/inv_1746988235094314002/device_logcat_teardown_27161FDH20031X_1680735093510375720.txt. [size=1709, elapsed=0ms]
02-19 23:17:27 I/TestInvocation: Done stopping logcat for 27161FDH20031X
02-19 23:17:27 D/BackgroundDeviceAction: com.android.ddmlib.TimeoutException while running logcat on 27161FDH20031X. May see duplicated content in log.
02-19 23:17:27 D/BackgroundDeviceAction: Waiting for device 27161FDH20031X online before starting.
02-19 23:17:27 D/CommandScheduler: TestDeviceState for releasing '27161FDH20031X(class com.android.tradefed.device.TestDevice)' is 'ONLINE'
02-19 23:17:27 I/NativeDeviceStateMonitor: Waiting 30000 ms for device 27161FDH20031X shell to be responsive
02-19 23:17:27 I/NativeDeviceStateMonitor: shell ready. id output: uid=2000(shell) gid=2000(shell) groups=2000(shell),1004(input),1007(log),1011(adb),1015(sdcard_rw),1028(sdcard_r),1078(ext_data_rw),1079(ext_obb_rw),3001(net_bt_admin),3002(net_bt),3003(inet),3006(net_bw_stats),3009(readproc),3011(uhid),3012(readtracefs) context=u:r:shell:s0

02-19 23:17:27 D/CommandScheduler: Release map of the devices: {com.android.tradefed.device.TestDevice@60b3c7ab=AVAILABLE}
02-19 23:17:27 W/NativeDevice: Attempting to stop logcat when not capturing for 27161FDH20031X
02-19 23:17:27 D/TestDevice: No snapuserd notification in progress for BLOCK_BEFORE_RELEASING
