02-21 23:22:28 D/Configuration: Resolve and download remote files from @Option
02-21 23:22:28 I/TestInvocation: Invocation was started with cmd: cts -m CtsDisplayTestCases -t android.display.cts.DisplayTest#testGetMetrics -s 27161FDH20031X
02-21 23:22:28 D/InvocationExecution: Skip linking external directory as FileProperty was set.
02-21 23:22:28 D/RunUtil: Running command [adb, version] with timeout: 2m 0s
02-21 23:22:28 D/TestInvocation: Fetch build duration: 5 ms
02-21 23:22:28 D/ArtifactsAnalyzer: Build analysis report: BuildAnalysis [mDeviceImageChanged=true, mHasTestsArtifacts=true, mHasChangesInTests=false, imageDigests={}]
02-21 23:22:28 D/ArtifactsAnalyzer: Analysis report after test analysis: BuildAnalysis [mDeviceImageChanged=true, mHasTestsArtifacts=true, mHasChangesInTests=true, imageDigests={}]
02-21 23:22:28 D/RunUtil: Running command [adb, -s, 27161FDH20031X, shell, getprop, ro.build.version.sdk] with timeout: 45s
02-21 23:22:28 D/GlobalTestFilter: Setting up global filters
02-21 23:22:28 D/BackgroundDeviceAction: Waiting for device 27161FDH20031X online before starting.
02-21 23:22:28 D/InvocationExecution: IShardHelper selected: com.android.tradefed.invoker.shard.StrictShardHelper@18ddfb79
02-21 23:22:28 D/BackgroundDeviceAction: Device 27161FDH20031X now online.
02-21 23:22:28 D/BackgroundDeviceAction: Starting logcat for 27161FDH20031X.
02-21 23:22:28 I/TestInvocation: Starting invocation for 'cts' with '[ DeviceBuildInfo{bid=13033356, serial=27161FDH20031X} on device '27161FDH20031X'] 
02-21 23:22:28 D/FileUtil: Creating temp directory at /tmp/13033356/cts with prefix "inv_"
02-21 23:22:28 D/RunUtil: Running command [chmod, ug+rwx, /tmp/13033356/cts/inv_2735182270890693870] with timeout: 10s
02-21 23:22:28 D/FileSystemLogSaver: Using log file directory /tmp/13033356/cts/inv_2735182270890693870
02-21 23:22:28 D/FileUtil: Creating temp directory at /tmp/13033356/cts/inv_2735182270890693870 with prefix "inv_"
02-21 23:22:28 I/LogFileSaver: Using log file directory /tmp/13033356/cts/inv_2735182270890693870/inv_16136955001569196375
02-21 23:22:28 D/CompatibilityProtoResultReporter: Proto Results Directory: /home/simon/android-cts/tools/../../android-cts/results/2026.02.21_23.22.28/proto
02-21 23:22:28 D/FileUtil: Creating temp file at /home/simon/android-cts/tools/../../android-cts/results/2026.02.21_23.22.28/proto with prefix "tmp-proto" suffix ""
02-21 23:22:28 D/CompatibilityProtoResultReporter: Proto Results Directory: /home/simon/android-cts/tools/../../android-cts/results/2026.02.21_23.22.28/proto
02-21 23:22:28 D/CertificationSuiteResultReporter: Initializing result directory
02-21 23:22:28 D/CertificationSuiteResultReporter: Results Directory: /home/simon/android-cts/tools/../../android-cts/results/2026.02.21_23.22.28
02-21 23:22:28 D/CertificationSuiteResultReporter: Created log dir /home/simon/android-cts/tools/../../android-cts/logs/2026.02.21_23.22.28
02-21 23:22:28 D/FileUtil: Creating temp directory at /home/simon/android-cts/tools/../../android-cts/logs/2026.02.21_23.22.28 with prefix "inv_"
02-21 23:22:28 I/LogFileSaver: Using log file directory /home/simon/android-cts/tools/../../android-cts/logs/2026.02.21_23.22.28/inv_14389241179538646024
02-21 23:22:28 D/LogFileSaver: Log data for tradefed-expanded-config is already compressed, skipping compression
02-21 23:22:28 D/FileUtil: Creating temp file at /home/simon/android-cts/tools/../../android-cts/logs/2026.02.21_23.22.28/inv_14389241179538646024 with prefix "tradefed-expanded-config_" suffix ".xml"
02-21 23:22:28 I/LogFileSaver: Saved log file /home/simon/android-cts/tools/../../android-cts/logs/2026.02.21_23.22.28/inv_14389241179538646024/tradefed-expanded-config_8082381484463239732.xml. [size=58758, elapsed=0ms]
02-21 23:22:28 D/CertificationSuiteResultReporter: Saved logs for tradefed-expanded-config in /home/simon/android-cts/tools/../../android-cts/logs/2026.02.21_23.22.28/inv_14389241179538646024/tradefed-expanded-config_8082381484463239732.xml
02-21 23:22:28 D/LogFileSaver: Log data for tradefed-expanded-config is already compressed, skipping compression
02-21 23:22:28 D/FileUtil: Creating temp file at /tmp/13033356/cts/inv_2735182270890693870/inv_16136955001569196375 with prefix "tradefed-expanded-config_" suffix ".xml"
02-21 23:22:28 I/LogFileSaver: Saved log file /tmp/13033356/cts/inv_2735182270890693870/inv_16136955001569196375/tradefed-expanded-config_17886575437409801163.xml. [size=58758, elapsed=0ms]
02-21 23:22:28 D/InvocationExecution: Starting device pre invocation setup for : '27161FDH20031X'
02-21 23:22:28 D/DefaultConnection: Instance type for connection: GCE
02-21 23:22:28 D/DefaultConnection: Instance type for connection: GCE
02-21 23:22:28 D/NativeDevice: Using connection: com.android.tradefed.device.connection.DefaultConnection@55ea56fd (27161FDH20031X)
02-21 23:22:28 I/CommandInterrupter: Interrupt allowed
02-21 23:22:28 D/InvocationExecution: Starting setup for device: '27161FDH20031X'
02-21 23:22:28 D/InvocationExecution: starting preparer 'com.android.compatibility.common.tradefed.targetprep.DeviceFileCollector@5cdacb13' on device: '27161FDH20031X'
02-21 23:22:28 D/RunUtil: Running command [adb, -s, 27161FDH20031X, shell, getprop, ro.treble.enabled] with timeout: 45s
02-21 23:22:28 D/NativeDevice: Using 'ls' to check doesFileExist(/sys/fs/selinux/policy)
02-21 23:22:28 D/RunUtil: Running command [adb, -s, 27161FDH20031X, shell, ls, '/sys/fs/selinux/policy'] with timeout: 2m 0s
02-21 23:22:28 D/InvocationExecution: done with preparer 'com.android.compatibility.common.tradefed.targetprep.DeviceFileCollector@5cdacb13' on device: '27161FDH20031X' in 228 ms
02-21 23:22:28 D/InvocationExecution: starting preparer 'com.android.compatibility.common.tradefed.targetprep.DeviceFileCollector@6665863c' on device: '27161FDH20031X'
02-21 23:22:28 D/NativeDevice: Using property ro.treble.enabled=true from cache.
02-21 23:22:28 D/NativeDevice: Using 'ls' to check doesFileExist(/proc/config.gz)
02-21 23:22:28 D/RunUtil: Running command [adb, -s, 27161FDH20031X, shell, ls, '/proc/config.gz'] with timeout: 2m 0s
02-21 23:22:28 D/InvocationExecution: done with preparer 'com.android.compatibility.common.tradefed.targetprep.DeviceFileCollector@6665863c' on device: '27161FDH20031X' in 70 ms
02-21 23:22:28 D/InvocationExecution: starting preparer 'com.android.compatibility.common.tradefed.targetprep.DynamicConfigPusher@51b9ec42' on device: '27161FDH20031X'
02-21 23:22:28 I/UrlReplacement: UrlReplacement file [/home/simon/android-cts/tools/UrlReplacement.xml] does not exist
02-21 23:22:29 D/InvocationExecution: done with preparer 'com.android.compatibility.common.tradefed.targetprep.DynamicConfigPusher@51b9ec42' on device: '27161FDH20031X' in 180 ms
02-21 23:22:29 D/InvocationExecution: starting preparer 'com.android.compatibility.common.tradefed.targetprep.StayAwakePreparer@5b8fa370' on device: '27161FDH20031X'
02-21 23:22:29 D/SettingsPreparer: Changing value for stay_on_while_plugged_in from 0 to 7
02-21 23:22:29 D/InvocationExecution: done with preparer 'com.android.compatibility.common.tradefed.targetprep.StayAwakePreparer@5b8fa370' on device: '27161FDH20031X' in 198 ms
02-21 23:22:29 D/InvocationExecution: starting preparer 'com.android.compatibility.common.tradefed.targetprep.PackageDisabler@6207aba8' on device: '27161FDH20031X'
02-21 23:22:29 D/InvocationExecution: done with preparer 'com.android.compatibility.common.tradefed.targetprep.PackageDisabler@6207aba8' on device: '27161FDH20031X' in 182 ms
02-21 23:22:29 D/InvocationExecution: starting preparer 'com.android.compatibility.common.tradefed.targetprep.SettingsPreparer@4d56629d' on device: '27161FDH20031X'
02-21 23:22:29 D/SettingsPreparer: Setting verifier_verify_adb_installs to value 0
02-21 23:22:29 D/InvocationExecution: done with preparer 'com.android.compatibility.common.tradefed.targetprep.SettingsPreparer@4d56629d' on device: '27161FDH20031X' in 91 ms
02-21 23:22:29 D/InvocationExecution: starting preparer 'com.android.compatibility.common.tradefed.targetprep.SettingsPreparer@19d57140' on device: '27161FDH20031X'
02-21 23:22:29 D/SettingsPreparer: Setting hide_error_dialogs to value 1
02-21 23:22:29 D/InvocationExecution: done with preparer 'com.android.compatibility.common.tradefed.targetprep.SettingsPreparer@19d57140' on device: '27161FDH20031X' in 66 ms
02-21 23:22:29 D/InvocationExecution: starting preparer 'com.android.compatibility.common.tradefed.targetprep.ApkPreconditionCheck@245c6bd2' on device: '27161FDH20031X'
02-21 23:22:29 I/NativeDeviceStateMonitor: Device 27161FDH20031X is already ONLINE
02-21 23:22:29 I/NativeDeviceStateMonitor: Waiting 359999 ms for device 27161FDH20031X boot complete
02-21 23:22:29 I/DeviceStateMonitor: Waiting 359923 ms for device 27161FDH20031X package manager
02-21 23:22:29 I/NativeDeviceStateMonitor: Waiting 359802 ms for device 27161FDH20031X external store
02-21 23:22:30 I/ApkInstrumentationPreparer: Instrumenting package: com.android.preconditions.cts
02-21 23:22:30 D/NativeDevice: Using property ro.build.version.sdk=34 from cache.
02-21 23:22:30 D/NativeDevice: Using property ro.build.version.sdk=34 from cache.
02-21 23:22:30 D/RunUtil: Running command [adb, -s, 27161FDH20031X, shell, getprop, ro.build.version.codename] with timeout: 45s
02-21 23:22:30 D/RunUtil: Running command [adb, -s, 27161FDH20031X, shell, getprop] with timeout: 45s
02-21 23:22:30 D/NativeDevice: Using property ro.build.version.sdk=34 from cache.
02-21 23:22:30 D/RunUtil: Running command [adb, -s, 27161FDH20031X, shell, pm, list, features] with timeout: 2m 0s
02-21 23:22:30 D/NativeDevice: Using property ro.build.version.sdk=34 from cache.
02-21 23:22:30 D/NativeDevice: Using property ro.build.version.codename=REL from cache.
02-21 23:22:30 D/RunUtil: Running command [aapt2, dump, badging, /tmp/services1687530444678614552.apk] with timeout: 1m 0s
02-21 23:22:30 D/RunUtil: Running command [aapt2, dump, xmltree, /tmp/services1687530444678614552.apk, --file, AndroidManifest.xml] with timeout: 1m 0s
02-21 23:22:30 D/TestAppInstallSetup: Installing apk androidx.test.services with [/tmp/services1687530444678614552.apk] ...
02-21 23:22:30 D/NativeDevice: Using property ro.build.version.sdk=34 from cache.
02-21 23:22:30 D/RunUtil: Running command [aapt, dump, badging, /tmp/services1687530444678614552.apk] with timeout: 1m 0s
02-21 23:22:30 D/RunUtil: Running command [aapt, dump, xmltree, /tmp/services1687530444678614552.apk, AndroidManifest.xml] with timeout: 1m 0s
02-21 23:22:30 D/NativeDevice: Using property ro.build.version.sdk=34 from cache.
02-21 23:22:31 D/RunUtil: Running command [adb, -s, 27161FDH20031X, shell, appops, set, --user, 0, --uid, androidx.test.services, MANAGE_EXTERNAL_STORAGE, 0] with timeout: 2m 0s
02-21 23:22:31 D/RunUtil: Running command [adb, -s, 27161FDH20031X, shell, appops, write-settings] with timeout: 2m 0s
02-21 23:22:31 D/RunUtil: Running command [adb, -s, 27161FDH20031X, shell, dumpsys, deviceidle, whitelist, +androidx.test.services] with timeout: 2m 0s
02-21 23:22:31 D/AndroidJUnitTest: stdout: Added: androidx.test.services

stderr: 
02-21 23:22:31 D/NativeDevice: Using property ro.build.version.sdk=34 from cache.
02-21 23:22:31 D/NativeDevice: Using property ro.build.version.codename=REL from cache.
02-21 23:22:31 D/NativeDevice: Using property ro.build.version.sdk=34 from cache.
02-21 23:22:31 D/RunUtil: Running command [aapt, dump, badging, /home/simon/android-cts/tools/../../android-cts/testcases/CtsPreconditions/arm64/CtsPreconditions.apk] with timeout: 1m 0s
02-21 23:22:31 D/RunUtil: Running command [aapt, dump, xmltree, /home/simon/android-cts/tools/../../android-cts/testcases/CtsPreconditions/arm64/CtsPreconditions.apk, AndroidManifest.xml] with timeout: 1m 0s
02-21 23:22:31 D/RunUtil: Running command [adb, -s, 27161FDH20031X, shell, appops, write-settings] with timeout: 2m 0s
02-21 23:22:32 D/ListInstrumentationParser: instrumentation:com.android.preconditions.cts/androidx.test.runner.AndroidJUnitRunner (target=com.android.preconditions.cts)
02-21 23:22:32 D/ListInstrumentationParser: 
02-21 23:22:32 I/InstrumentationTest: No runner name specified. Using: androidx.test.runner.AndroidJUnitRunner.
02-21 23:22:32 D/NativeDevice: Using property ro.build.version.sdk=34 from cache.
02-21 23:22:32 D/NativeDevice: Using property ro.build.version.sdk=34 from cache.
02-21 23:22:32 D/InstrumentationTest: Initializing com.android.tradefed.device.metric.CountTestCasesCollector for instrumentation.
02-21 23:22:32 I/RemoteAndroidTestRunner: Running am instrument -w -r --no-isolated-storage  -e useTestStorageService true -e newRunListenerMode true -e timeout_msec 300000 com.android.preconditions.cts/androidx.test.runner.AndroidJUnitRunner on google-aosp_on_panther-27161FDH20031X
02-21 23:22:32 D/TestDevice: Uninstalling com.android.preconditions.cts with extra args 
02-21 23:22:32 D/TestDevice: Uninstalling androidx.test.services with extra args 
02-21 23:22:32 D/ApkInstrumentationPreparer: Target preparation successful
02-21 23:22:32 D/InvocationExecution: done with preparer 'com.android.compatibility.common.tradefed.targetprep.ApkPreconditionCheck@245c6bd2' on device: '27161FDH20031X' in 3s
02-21 23:22:32 D/InvocationExecution: starting preparer 'com.android.compatibility.common.tradefed.targetprep.WifiCheck@67980cb6' on device: '27161FDH20031X'
02-21 23:22:32 I/NativeDeviceStateMonitor: Device 27161FDH20031X is already ONLINE
02-21 23:22:32 I/NativeDeviceStateMonitor: Waiting 360000 ms for device 27161FDH20031X boot complete
02-21 23:22:32 I/DeviceStateMonitor: Waiting 359965 ms for device 27161FDH20031X package manager
02-21 23:22:33 I/NativeDeviceStateMonitor: Waiting 359929 ms for device 27161FDH20031X external store
02-21 23:22:33 D/NativeDevice: Using property ro.build.version.sdk=34 from cache.
02-21 23:22:33 D/NativeDevice: Using property ro.build.version.codename=REL from cache.
02-21 23:22:33 D/NativeDevice: Using property ro.build.version.sdk=34 from cache.
02-21 23:22:33 D/RunUtil: Running command [aapt, dump, badging, /tmp/WifiUtil.apk17736732874768283867.apk] with timeout: 1m 0s
02-21 23:22:33 D/RunUtil: Running command [aapt, dump, xmltree, /tmp/WifiUtil.apk17736732874768283867.apk, AndroidManifest.xml] with timeout: 1m 0s
02-21 23:22:33 D/RunUtil: Running command [adb, -s, 27161FDH20031X, shell, appops, write-settings] with timeout: 2m 0s
02-21 23:22:34 I/WifiCheck: Wifi is connected
02-21 23:22:34 D/InvocationExecution: done with preparer 'com.android.compatibility.common.tradefed.targetprep.WifiCheck@67980cb6' on device: '27161FDH20031X' in 1s
02-21 23:22:34 D/InvocationExecution: starting preparer 'com.android.tradefed.targetprep.RunCommandTargetPreparer@6688595' on device: '27161FDH20031X'
02-21 23:22:34 D/RunUtil: Running command [adb, -s, 27161FDH20031X, shell, rm, -rf, /sdcard/device-info-files] with timeout: 2m 0s
02-21 23:22:34 D/RunUtil: Running command [adb, -s, 27161FDH20031X, shell, rm, -rf, /sdcard/report-log-files] with timeout: 2m 0s
02-21 23:22:34 D/RunUtil: Running command [adb, -s, 27161FDH20031X, shell, locksettings, set-disabled, true] with timeout: 2m 0s
02-21 23:22:34 D/InvocationExecution: done with preparer 'com.android.tradefed.targetprep.RunCommandTargetPreparer@6688595' on device: '27161FDH20031X' in 163 ms
02-21 23:22:34 D/InvocationExecution: starting preparer 'com.android.compatibility.common.tradefed.targetprep.DeviceInfoCollector@6a05163c' on device: '27161FDH20031X'
02-21 23:22:34 D/RunUtil: Running command [adb, -s, 27161FDH20031X, shell, getprop, ro.product.model] with timeout: 45s
02-21 23:22:34 D/RunUtil: Running command [adb, -s, 27161FDH20031X, shell, getprop, ro.product.device] with timeout: 45s
02-21 23:22:34 D/NativeDevice: Using property ro.build.id=AP2A.240905.003 from cache.
02-21 23:22:34 D/RunUtil: Running command [adb, -s, 27161FDH20031X, shell, getprop, ro.bootimage.build.fingerprint] with timeout: 45s
02-21 23:22:34 D/NativeDevice: Using property ro.build.version.sdk=34 from cache.
02-21 23:22:34 D/RunUtil: Running command [adb, -s, 27161FDH20031X, shell, getprop, ro.product.manufacturer] with timeout: 45s
02-21 23:22:34 D/RunUtil: Running command [adb, -s, 27161FDH20031X, shell, getprop, ro.serialno] with timeout: 45s
02-21 23:22:34 D/RunUtil: Running command [adb, -s, 27161FDH20031X, shell, getprop, ro.build.version.security_patch] with timeout: 45s
02-21 23:22:34 D/RunUtil: Running command [adb, -s, 27161FDH20031X, shell, getprop, ro.product.cpu.abilist32] with timeout: 45s
02-21 23:22:34 D/RunUtil: Running command [adb, -s, 27161FDH20031X, shell, getprop, ro.build.reference.fingerprint] with timeout: 45s
02-21 23:22:34 D/RunUtil: Running command [adb, -s, 27161FDH20031X, shell, getprop, ro.product.cpu.abi] with timeout: 45s
02-21 23:22:34 D/RunUtil: Running command [adb, -s, 27161FDH20031X, shell, getprop, ro.product.cpu.abilist64] with timeout: 45s
02-21 23:22:34 D/RunUtil: Running command [adb, -s, 27161FDH20031X, shell, getprop, ro.product.name] with timeout: 45s
02-21 23:22:34 D/RunUtil: Running command [adb, -s, 27161FDH20031X, shell, getprop, ro.build.tags] with timeout: 45s
02-21 23:22:34 D/RunUtil: Running command [adb, -s, 27161FDH20031X, shell, getprop, ro.build.version.incremental] with timeout: 45s
02-21 23:22:34 D/RunUtil: Running command [adb, -s, 27161FDH20031X, shell, getprop, ro.product.brand] with timeout: 45s
02-21 23:22:34 D/RunUtil: Running command [adb, -s, 27161FDH20031X, shell, getprop, ro.build.fingerprint] with timeout: 45s
02-21 23:22:35 D/RunUtil: Running command [adb, -s, 27161FDH20031X, shell, getprop, ro.vendor.build.fingerprint] with timeout: 45s
02-21 23:22:35 D/RunUtil: Running command [adb, -s, 27161FDH20031X, shell, getprop, ro.build.version.base_os] with timeout: 45s
02-21 23:22:35 D/RunUtil: Running command [adb, -s, 27161FDH20031X, shell, getprop, ro.product.cpu.abilist] with timeout: 45s
02-21 23:22:35 D/RunUtil: Running command [adb, -s, 27161FDH20031X, shell, getprop, ro.product.board] with timeout: 45s
02-21 23:22:35 D/RunUtil: Running command [adb, -s, 27161FDH20031X, shell, getprop, ro.build.type] with timeout: 45s
02-21 23:22:35 D/RunUtil: Running command [adb, -s, 27161FDH20031X, shell, getprop, ro.build.version.release] with timeout: 45s
02-21 23:22:35 D/RunUtil: Running command [adb, -s, 27161FDH20031X, shell, getprop, ro.product.cpu.abi2] with timeout: 45s
02-21 23:22:35 I/NativeDeviceStateMonitor: Device 27161FDH20031X is already ONLINE
02-21 23:22:35 I/NativeDeviceStateMonitor: Waiting 360000 ms for device 27161FDH20031X boot complete
02-21 23:22:35 I/DeviceStateMonitor: Waiting 359929 ms for device 27161FDH20031X package manager
02-21 23:22:35 I/NativeDeviceStateMonitor: Waiting 359833 ms for device 27161FDH20031X external store
02-21 23:22:35 I/ApkInstrumentationPreparer: Instrumenting package: com.android.compatibility.common.deviceinfo
02-21 23:22:35 D/NativeDevice: Using property ro.build.version.sdk=34 from cache.
02-21 23:22:35 D/NativeDevice: Using property ro.build.version.sdk=34 from cache.
02-21 23:22:35 D/NativeDevice: Using property ro.build.version.codename=REL from cache.
02-21 23:22:35 D/NativeDevice: Using property ro.build.version.sdk=34 from cache.
02-21 23:22:35 D/RunUtil: Running command [adb, -s, 27161FDH20031X, shell, pm, list, features] with timeout: 2m 0s
02-21 23:22:36 D/NativeDevice: Using property ro.build.version.sdk=34 from cache.
02-21 23:22:36 D/NativeDevice: Using property ro.build.version.codename=REL from cache.
02-21 23:22:36 D/RunUtil: Running command [aapt2, dump, badging, /tmp/services9856525794563105642.apk] with timeout: 1m 0s
02-21 23:22:36 D/RunUtil: Running command [aapt2, dump, xmltree, /tmp/services9856525794563105642.apk, --file, AndroidManifest.xml] with timeout: 1m 0s
02-21 23:22:36 D/TestAppInstallSetup: Installing apk androidx.test.services with [/tmp/services9856525794563105642.apk] ...
02-21 23:22:36 D/NativeDevice: Using property ro.build.version.sdk=34 from cache.
02-21 23:22:36 D/RunUtil: Running command [aapt, dump, badging, /tmp/services9856525794563105642.apk] with timeout: 1m 0s
02-21 23:22:36 D/RunUtil: Running command [aapt, dump, xmltree, /tmp/services9856525794563105642.apk, AndroidManifest.xml] with timeout: 1m 0s
02-21 23:22:36 D/NativeDevice: Using property ro.build.version.sdk=34 from cache.
02-21 23:22:36 D/RunUtil: Running command [adb, -s, 27161FDH20031X, shell, appops, set, --user, 0, --uid, androidx.test.services, MANAGE_EXTERNAL_STORAGE, 0] with timeout: 2m 0s
02-21 23:22:36 D/RunUtil: Running command [adb, -s, 27161FDH20031X, shell, appops, write-settings] with timeout: 2m 0s
02-21 23:22:36 D/RunUtil: Running command [adb, -s, 27161FDH20031X, shell, dumpsys, deviceidle, whitelist, +androidx.test.services] with timeout: 2m 0s
02-21 23:22:36 D/AndroidJUnitTest: stdout: Added: androidx.test.services

stderr: 
02-21 23:22:36 D/NativeDevice: Using property ro.build.version.sdk=34 from cache.
02-21 23:22:36 D/NativeDevice: Using property ro.build.version.codename=REL from cache.
02-21 23:22:36 D/NativeDevice: Using property ro.build.version.sdk=34 from cache.
02-21 23:22:37 D/RunUtil: Running command [aapt, dump, badging, /home/simon/android-cts/tools/../../android-cts/testcases/CtsDeviceInfo/arm64/CtsDeviceInfo.apk] with timeout: 1m 0s
02-21 23:22:37 D/RunUtil: Running command [aapt, dump, xmltree, /home/simon/android-cts/tools/../../android-cts/testcases/CtsDeviceInfo/arm64/CtsDeviceInfo.apk, AndroidManifest.xml] with timeout: 1m 0s
02-21 23:22:37 D/RunUtil: Running command [adb, -s, 27161FDH20031X, shell, appops, write-settings] with timeout: 2m 0s
02-21 23:22:37 D/ListInstrumentationParser: instrumentation:com.android.compatibility.common.deviceinfo/androidx.test.runner.AndroidJUnitRunner (target=com.android.compatibility.common.deviceinfo)
02-21 23:22:37 D/ListInstrumentationParser: instrumentation:com.android.tradefed.utils.wifi/.WifiUtil (target=com.android.tradefed.utils.wifi)
02-21 23:22:37 D/ListInstrumentationParser: 
02-21 23:22:37 I/InstrumentationTest: No runner name specified. Using: androidx.test.runner.AndroidJUnitRunner.
02-21 23:22:37 D/NativeDevice: Using property ro.build.version.sdk=34 from cache.
02-21 23:22:37 D/NativeDevice: Using property ro.build.version.sdk=34 from cache.
02-21 23:22:37 D/InstrumentationTest: Initializing com.android.tradefed.device.metric.CountTestCasesCollector for instrumentation.
02-21 23:22:37 I/RemoteAndroidTestRunner: Running am instrument -w -r --no-isolated-storage  -e useTestStorageService true -e newRunListenerMode true -e timeout_msec 300000 com.android.compatibility.common.deviceinfo/androidx.test.runner.AndroidJUnitRunner on google-aosp_on_panther-27161FDH20031X
02-21 23:22:51 D/TestDevice: Uninstalling com.android.compatibility.common.deviceinfo with extra args 
02-21 23:22:51 D/TestDevice: Uninstalling androidx.test.services with extra args 
02-21 23:22:51 W/ApkInstrumentationPreparer: Target preparation step com.android.compatibility.common.deviceinfo.KeystoreAttestationDeviceInfo#testCollectDeviceInfo failed.
junit.framework.AssertionFailedError: KeystoreAttestationDeviceInfo collection completed. expected:<COMPLETED> but was:<FAILED>
	at junit.framework.Assert.fail(Assert.java:50)
	at junit.framework.Assert.failNotEquals(Assert.java:287)
	at junit.framework.Assert.assertEquals(Assert.java:67)
	at com.android.compatibility.common.deviceinfo.DeviceInfo.testCollectDeviceInfo(DeviceInfo.java:112)
	at java.lang.reflect.Method.invoke(Native Method)
	at android.test.InstrumentationTestCase.runMethod(InstrumentationTestCase.java:220)
	at android.test.InstrumentationTestCase.runTest(InstrumentationTestCase.java:205)

02-21 23:22:51 D/NativeDevice: Using property ro.build.version.sdk=34 from cache.
02-21 23:22:52 D/NativeDevice: Using 'ls' to check doesFileExist(/storage/emulated/0/device-info-files/)
02-21 23:22:52 D/RunUtil: Running command [adb, -s, 27161FDH20031X, shell, ls, '/storage/emulated/0/device-info-files/'] with timeout: 2m 0s
02-21 23:22:53 D/FileUtil: Creating temp file at /tmp/13033356/cts/inv_2735182270890693870/inv_16136955001569196375 with prefix "ConfigurationDeviceInfo.deviceinfo.json_" suffix ".txt.gz"
02-21 23:22:53 I/LogFileSaver: Saved gzip log file /tmp/13033356/cts/inv_2735182270890693870/inv_16136955001569196375/ConfigurationDeviceInfo.deviceinfo.json_5058383853122644107.txt.gz. [size=10, elapsed=0ms]
02-21 23:22:53 D/FileUtil: Creating temp file at /tmp/13033356/cts/inv_2735182270890693870/inv_16136955001569196375 with prefix "StorageDeviceInfo.deviceinfo.json_" suffix ".txt.gz"
02-21 23:22:53 I/LogFileSaver: Saved gzip log file /tmp/13033356/cts/inv_2735182270890693870/inv_16136955001569196375/StorageDeviceInfo.deviceinfo.json_6478400452943572795.txt.gz. [size=10, elapsed=0ms]
02-21 23:22:53 D/FileUtil: Creating temp file at /home/simon/android-cts/tools/../../android-cts/logs/2026.02.21_23.22.28/inv_14389241179538646024 with prefix "framework_manifest.xml_" suffix ".txt.gz"
02-21 23:22:53 I/LogFileSaver: Saved gzip log file /home/simon/android-cts/tools/../../android-cts/logs/2026.02.21_23.22.28/inv_14389241179538646024/framework_manifest.xml_10771486393439747139.txt.gz. [size=10, elapsed=2ms]
02-21 23:22:53 D/CertificationSuiteResultReporter: Saved logs for framework_manifest.xml in /home/simon/android-cts/tools/../../android-cts/logs/2026.02.21_23.22.28/inv_14389241179538646024/framework_manifest.xml_10771486393439747139.txt.gz
02-21 23:22:53 D/FileUtil: Creating temp file at /tmp/13033356/cts/inv_2735182270890693870/inv_16136955001569196375 with prefix "framework_manifest.xml_" suffix ".txt.gz"
02-21 23:22:53 I/LogFileSaver: Saved gzip log file /tmp/13033356/cts/inv_2735182270890693870/inv_16136955001569196375/framework_manifest.xml_16397580823409027270.txt.gz. [size=10, elapsed=0ms]
02-21 23:22:53 D/FileUtil: Creating temp file at /home/simon/android-cts/tools/../../android-cts/logs/2026.02.21_23.22.28/inv_14389241179538646024 with prefix "device_compatibility_matrix.xml_" suffix ".txt.gz"
02-21 23:22:53 I/LogFileSaver: Saved gzip log file /home/simon/android-cts/tools/../../android-cts/logs/2026.02.21_23.22.28/inv_14389241179538646024/device_compatibility_matrix.xml_140832971903278688.txt.gz. [size=10, elapsed=1ms]
02-21 23:22:53 D/CertificationSuiteResultReporter: Saved logs for device_compatibility_matrix.xml in /home/simon/android-cts/tools/../../android-cts/logs/2026.02.21_23.22.28/inv_14389241179538646024/device_compatibility_matrix.xml_140832971903278688.txt.gz
02-21 23:22:53 D/FileUtil: Creating temp file at /tmp/13033356/cts/inv_2735182270890693870/inv_16136955001569196375 with prefix "device_compatibility_matrix.xml_" suffix ".txt.gz"
02-21 23:22:53 I/LogFileSaver: Saved gzip log file /tmp/13033356/cts/inv_2735182270890693870/inv_16136955001569196375/device_compatibility_matrix.xml_13745445337511628185.txt.gz. [size=10, elapsed=0ms]
02-21 23:22:53 D/FileUtil: Creating temp file at /tmp/13033356/cts/inv_2735182270890693870/inv_16136955001569196375 with prefix "UserDeviceInfo.deviceinfo.json_" suffix ".txt.gz"
02-21 23:22:53 I/LogFileSaver: Saved gzip log file /tmp/13033356/cts/inv_2735182270890693870/inv_16136955001569196375/UserDeviceInfo.deviceinfo.json_10928450568856623852.txt.gz. [size=10, elapsed=0ms]
02-21 23:22:53 D/FileUtil: Creating temp file at /tmp/13033356/cts/inv_2735182270890693870/inv_16136955001569196375 with prefix "MediaDeviceInfo.deviceinfo.json_" suffix ".txt.gz"
02-21 23:22:53 I/LogFileSaver: Saved gzip log file /tmp/13033356/cts/inv_2735182270890693870/inv_16136955001569196375/MediaDeviceInfo.deviceinfo.json_13271997368370668706.txt.gz. [size=10, elapsed=0ms]
02-21 23:22:53 D/FileUtil: Creating temp file at /home/simon/android-cts/tools/../../android-cts/logs/2026.02.21_23.22.28/inv_14389241179538646024 with prefix "device_manifest.xml_" suffix ".txt.gz"
02-21 23:22:53 I/LogFileSaver: Saved gzip log file /home/simon/android-cts/tools/../../android-cts/logs/2026.02.21_23.22.28/inv_14389241179538646024/device_manifest.xml_9665409993318501309.txt.gz. [size=10, elapsed=0ms]
02-21 23:22:53 D/CertificationSuiteResultReporter: Saved logs for device_manifest.xml in /home/simon/android-cts/tools/../../android-cts/logs/2026.02.21_23.22.28/inv_14389241179538646024/device_manifest.xml_9665409993318501309.txt.gz
02-21 23:22:53 D/FileUtil: Creating temp file at /tmp/13033356/cts/inv_2735182270890693870/inv_16136955001569196375 with prefix "device_manifest.xml_" suffix ".txt.gz"
02-21 23:22:53 I/LogFileSaver: Saved gzip log file /tmp/13033356/cts/inv_2735182270890693870/inv_16136955001569196375/device_manifest.xml_3150569258784279704.txt.gz. [size=10, elapsed=0ms]
02-21 23:22:53 D/FileUtil: Creating temp file at /tmp/13033356/cts/inv_2735182270890693870/inv_16136955001569196375 with prefix "KeystoreAttestationDeviceInfo.deviceinfo.json_" suffix ".txt.gz"
02-21 23:22:53 I/LogFileSaver: Saved gzip log file /tmp/13033356/cts/inv_2735182270890693870/inv_16136955001569196375/KeystoreAttestationDeviceInfo.deviceinfo.json_12543289164824641175.txt.gz. [size=10, elapsed=0ms]
02-21 23:22:53 D/FileUtil: Creating temp file at /tmp/13033356/cts/inv_2735182270890693870/inv_16136955001569196375 with prefix "MediaDrmDeviceInfo.deviceinfo.json_" suffix ".txt.gz"
02-21 23:22:53 I/LogFileSaver: Saved gzip log file /tmp/13033356/cts/inv_2735182270890693870/inv_16136955001569196375/MediaDrmDeviceInfo.deviceinfo.json_1405653521229120395.txt.gz. [size=10, elapsed=0ms]
02-21 23:22:53 D/FileUtil: Creating temp file at /tmp/13033356/cts/inv_2735182270890693870/inv_16136955001569196375 with prefix "CpuDeviceInfo.deviceinfo.json_" suffix ".txt.gz"
02-21 23:22:53 I/LogFileSaver: Saved gzip log file /tmp/13033356/cts/inv_2735182270890693870/inv_16136955001569196375/CpuDeviceInfo.deviceinfo.json_15908362953150035339.txt.gz. [size=10, elapsed=0ms]
02-21 23:22:53 D/FileUtil: Creating temp file at /tmp/13033356/cts/inv_2735182270890693870/inv_16136955001569196375 with prefix "ClientIdDeviceInfo.deviceinfo.json_" suffix ".txt.gz"
02-21 23:22:53 I/LogFileSaver: Saved gzip log file /tmp/13033356/cts/inv_2735182270890693870/inv_16136955001569196375/ClientIdDeviceInfo.deviceinfo.json_8463639523816144317.txt.gz. [size=10, elapsed=0ms]
02-21 23:22:53 D/FileUtil: Creating temp file at /tmp/13033356/cts/inv_2735182270890693870/inv_16136955001569196375 with prefix "VulkanDeviceInfo.deviceinfo.json_" suffix ".txt.gz"
02-21 23:22:53 I/LogFileSaver: Saved gzip log file /tmp/13033356/cts/inv_2735182270890693870/inv_16136955001569196375/VulkanDeviceInfo.deviceinfo.json_18436254114933641786.txt.gz. [size=10, elapsed=0ms]
02-21 23:22:53 D/FileUtil: Creating temp file at /tmp/13033356/cts/inv_2735182270890693870/inv_16136955001569196375 with prefix "ScreenDeviceInfo.deviceinfo.json_" suffix ".txt.gz"
02-21 23:22:53 I/LogFileSaver: Saved gzip log file /tmp/13033356/cts/inv_2735182270890693870/inv_16136955001569196375/ScreenDeviceInfo.deviceinfo.json_4428285392217653287.txt.gz. [size=10, elapsed=0ms]
02-21 23:22:53 D/FileUtil: Creating temp file at /tmp/13033356/cts/inv_2735182270890693870/inv_16136955001569196375 with prefix "DefaultAppDeviceInfo.deviceinfo.json_" suffix ".txt.gz"
02-21 23:22:53 I/LogFileSaver: Saved gzip log file /tmp/13033356/cts/inv_2735182270890693870/inv_16136955001569196375/DefaultAppDeviceInfo.deviceinfo.json_3624195935793188035.txt.gz. [size=10, elapsed=0ms]
02-21 23:22:53 D/FileUtil: Creating temp file at /tmp/13033356/cts/inv_2735182270890693870/inv_16136955001569196375 with prefix "HapticsDeviceInfo.deviceinfo.json_" suffix ".txt.gz"
02-21 23:22:53 I/LogFileSaver: Saved gzip log file /tmp/13033356/cts/inv_2735182270890693870/inv_16136955001569196375/HapticsDeviceInfo.deviceinfo.json_7565256631827216980.txt.gz. [size=10, elapsed=0ms]
02-21 23:22:53 D/FileUtil: Creating temp file at /tmp/13033356/cts/inv_2735182270890693870/inv_16136955001569196375 with prefix "GenericDeviceInfo.deviceinfo.json_" suffix ".txt.gz"
02-21 23:22:53 I/LogFileSaver: Saved gzip log file /tmp/13033356/cts/inv_2735182270890693870/inv_16136955001569196375/GenericDeviceInfo.deviceinfo.json_4485295359766411398.txt.gz. [size=10, elapsed=0ms]
02-21 23:22:53 D/FileUtil: Creating temp file at /tmp/13033356/cts/inv_2735182270890693870/inv_16136955001569196375 with prefix "PackageDeviceInfo.deviceinfo.json_" suffix ".txt.gz"
02-21 23:22:53 I/LogFileSaver: Saved gzip log file /tmp/13033356/cts/inv_2735182270890693870/inv_16136955001569196375/PackageDeviceInfo.deviceinfo.json_4619435485152842411.txt.gz. [size=23653, elapsed=2ms]
02-21 23:22:53 D/FileUtil: Creating temp file at /tmp/13033356/cts/inv_2735182270890693870/inv_16136955001569196375 with prefix "VintfDeviceInfo.deviceinfo.json_" suffix ".txt.gz"
02-21 23:22:53 I/LogFileSaver: Saved gzip log file /tmp/13033356/cts/inv_2735182270890693870/inv_16136955001569196375/VintfDeviceInfo.deviceinfo.json_224396350241384727.txt.gz. [size=10, elapsed=1ms]
02-21 23:22:53 D/FileUtil: Creating temp file at /tmp/13033356/cts/inv_2735182270890693870/inv_16136955001569196375 with prefix "DeviceIdleDeviceInfo.deviceinfo.json_" suffix ".txt.gz"
02-21 23:22:53 I/LogFileSaver: Saved gzip log file /tmp/13033356/cts/inv_2735182270890693870/inv_16136955001569196375/DeviceIdleDeviceInfo.deviceinfo.json_288515483576878975.txt.gz. [size=10, elapsed=0ms]
02-21 23:22:53 D/FileUtil: Creating temp file at /tmp/13033356/cts/inv_2735182270890693870/inv_16136955001569196375 with prefix "SensorDeviceInfo.deviceinfo.json_" suffix ".txt.gz"
02-21 23:22:53 I/LogFileSaver: Saved gzip log file /tmp/13033356/cts/inv_2735182270890693870/inv_16136955001569196375/SensorDeviceInfo.deviceinfo.json_1185098719454112993.txt.gz. [size=10, elapsed=0ms]
02-21 23:22:53 D/FileUtil: Creating temp file at /tmp/13033356/cts/inv_2735182270890693870/inv_16136955001569196375 with prefix "MemoryDeviceInfo.deviceinfo.json_" suffix ".txt.gz"
02-21 23:22:53 I/LogFileSaver: Saved gzip log file /tmp/13033356/cts/inv_2735182270890693870/inv_16136955001569196375/MemoryDeviceInfo.deviceinfo.json_16083008153785915562.txt.gz. [size=10, elapsed=0ms]
02-21 23:22:53 D/FileUtil: Creating temp file at /tmp/13033356/cts/inv_2735182270890693870/inv_16136955001569196375 with prefix "ConnectivityDeviceInfo.deviceinfo.json_" suffix ".txt.gz"
02-21 23:22:53 I/LogFileSaver: Saved gzip log file /tmp/13033356/cts/inv_2735182270890693870/inv_16136955001569196375/ConnectivityDeviceInfo.deviceinfo.json_17781369272510284725.txt.gz. [size=10, elapsed=0ms]
02-21 23:22:53 D/FileUtil: Creating temp file at /tmp/13033356/cts/inv_2735182270890693870/inv_16136955001569196375 with prefix "BiometricsDeviceInfo.deviceinfo.json_" suffix ".txt.gz"
02-21 23:22:53 I/LogFileSaver: Saved gzip log file /tmp/13033356/cts/inv_2735182270890693870/inv_16136955001569196375/BiometricsDeviceInfo.deviceinfo.json_16249369835755147812.txt.gz. [size=10, elapsed=1ms]
02-21 23:22:53 D/FileUtil: Creating temp file at /tmp/13033356/cts/inv_2735182270890693870/inv_16136955001569196375 with prefix "LocaleDeviceInfo.deviceinfo.json_" suffix ".txt.gz"
02-21 23:22:53 I/LogFileSaver: Saved gzip log file /tmp/13033356/cts/inv_2735182270890693870/inv_16136955001569196375/LocaleDeviceInfo.deviceinfo.json_7172233062611447590.txt.gz. [size=10, elapsed=0ms]
02-21 23:22:53 D/FileUtil: Creating temp file at /tmp/13033356/cts/inv_2735182270890693870/inv_16136955001569196375 with prefix "GraphicsDeviceInfo.deviceinfo.json_" suffix ".txt.gz"
02-21 23:22:53 I/LogFileSaver: Saved gzip log file /tmp/13033356/cts/inv_2735182270890693870/inv_16136955001569196375/GraphicsDeviceInfo.deviceinfo.json_7219532191407488938.txt.gz. [size=10, elapsed=0ms]
02-21 23:22:53 D/FileUtil: Creating temp file at /tmp/13033356/cts/inv_2735182270890693870/inv_16136955001569196375 with prefix "AppStandbyDeviceInfo.deviceinfo.json_" suffix ".txt.gz"
02-21 23:22:53 I/LogFileSaver: Saved gzip log file /tmp/13033356/cts/inv_2735182270890693870/inv_16136955001569196375/AppStandbyDeviceInfo.deviceinfo.json_6840993370810148385.txt.gz. [size=10, elapsed=0ms]
02-21 23:22:53 D/FileUtil: Creating temp file at /home/simon/android-cts/tools/../../android-cts/logs/2026.02.21_23.22.28/inv_14389241179538646024 with prefix "framework_compatibility_matrix.xml_" suffix ".txt.gz"
02-21 23:22:53 I/LogFileSaver: Saved gzip log file /home/simon/android-cts/tools/../../android-cts/logs/2026.02.21_23.22.28/inv_14389241179538646024/framework_compatibility_matrix.xml_4209310160160625339.txt.gz. [size=10, elapsed=1ms]
02-21 23:22:53 D/CertificationSuiteResultReporter: Saved logs for framework_compatibility_matrix.xml in /home/simon/android-cts/tools/../../android-cts/logs/2026.02.21_23.22.28/inv_14389241179538646024/framework_compatibility_matrix.xml_4209310160160625339.txt.gz
02-21 23:22:53 D/FileUtil: Creating temp file at /tmp/13033356/cts/inv_2735182270890693870/inv_16136955001569196375 with prefix "framework_compatibility_matrix.xml_" suffix ".txt.gz"
02-21 23:22:53 I/LogFileSaver: Saved gzip log file /tmp/13033356/cts/inv_2735182270890693870/inv_16136955001569196375/framework_compatibility_matrix.xml_5342875466101462775.txt.gz. [size=10, elapsed=1ms]
02-21 23:22:53 D/FileUtil: Creating temp file at /tmp/13033356/cts/inv_2735182270890693870/inv_16136955001569196375 with prefix "FeatureDeviceInfo.deviceinfo.json_" suffix ".txt.gz"
02-21 23:22:53 I/LogFileSaver: Saved gzip log file /tmp/13033356/cts/inv_2735182270890693870/inv_16136955001569196375/FeatureDeviceInfo.deviceinfo.json_13522329522647657766.txt.gz. [size=10, elapsed=0ms]
02-21 23:22:53 D/FileUtil: Creating temp file at /tmp/13033356/cts/inv_2735182270890693870/inv_16136955001569196375 with prefix "InputDeviceInfo.deviceinfo.json_" suffix ".txt.gz"
02-21 23:22:53 I/LogFileSaver: Saved gzip log file /tmp/13033356/cts/inv_2735182270890693870/inv_16136955001569196375/InputDeviceInfo.deviceinfo.json_15751085903581802496.txt.gz. [size=10, elapsed=0ms]
02-21 23:22:53 D/FileUtil: Creating temp file at /tmp/13033356/cts/inv_2735182270890693870/inv_16136955001569196375 with prefix "MediaOutputDeviceInfo.deviceinfo.json_" suffix ".txt.gz"
02-21 23:22:53 I/LogFileSaver: Saved gzip log file /tmp/13033356/cts/inv_2735182270890693870/inv_16136955001569196375/MediaOutputDeviceInfo.deviceinfo.json_16877016832917120617.txt.gz. [size=10, elapsed=0ms]
02-21 23:22:53 D/FileUtil: Creating temp file at /tmp/13033356/cts/inv_2735182270890693870/inv_16136955001569196375 with prefix "GnssDeviceInfo.deviceinfo.json_" suffix ".txt.gz"
02-21 23:22:53 I/LogFileSaver: Saved gzip log file /tmp/13033356/cts/inv_2735182270890693870/inv_16136955001569196375/GnssDeviceInfo.deviceinfo.json_13557653913185940326.txt.gz. [size=10, elapsed=0ms]
02-21 23:22:53 D/FileUtil: Creating temp file at /tmp/13033356/cts/inv_2735182270890693870/inv_16136955001569196375 with prefix "CameraDeviceInfo.deviceinfo.json_" suffix ".txt.gz"
02-21 23:22:53 I/LogFileSaver: Saved gzip log file /tmp/13033356/cts/inv_2735182270890693870/inv_16136955001569196375/CameraDeviceInfo.deviceinfo.json_9753948439503296797.txt.gz. [size=10, elapsed=1ms]
02-21 23:22:53 D/InvocationExecution: done with preparer 'com.android.compatibility.common.tradefed.targetprep.DeviceInfoCollector@6a05163c' on device: '27161FDH20031X' in 18s
02-21 23:22:53 D/InvocationExecution: starting preparer 'com.android.compatibility.common.tradefed.targetprep.ReportLogCollector@798ad28a' on device: '27161FDH20031X'
02-21 23:22:53 D/InvocationExecution: done with preparer 'com.android.compatibility.common.tradefed.targetprep.ReportLogCollector@798ad28a' on device: '27161FDH20031X' in 1 ms
02-21 23:22:53 D/InvocationExecution: starting preparer 'com.android.tradefed.targetprep.RunCommandTargetPreparer@16e26f72' on device: '27161FDH20031X'
02-21 23:22:53 D/RunUtil: Running command [adb, -s, 27161FDH20031X, shell, settings, put, global, package_verifier_enable, 0] with timeout: 2m 0s
02-21 23:22:53 D/InvocationExecution: done with preparer 'com.android.tradefed.targetprep.RunCommandTargetPreparer@16e26f72' on device: '27161FDH20031X' in 95 ms
02-21 23:22:53 D/InvocationExecution: starting preparer 'com.android.tradefed.targetprep.RunCommandTargetPreparer@5ae9a157' on device: '27161FDH20031X'
02-21 23:22:53 D/RunUtil: Running command [adb, -s, 27161FDH20031X, shell, settings, put, global, verifier_engprod, 1] with timeout: 2m 0s
02-21 23:22:53 D/InvocationExecution: done with preparer 'com.android.tradefed.targetprep.RunCommandTargetPreparer@5ae9a157' on device: '27161FDH20031X' in 100 ms
02-21 23:22:53 D/InvocationExecution: starting preparer 'com.android.compatibility.common.tradefed.targetprep.PropertyCheck@38aa109c' on device: '27161FDH20031X'
02-21 23:22:53 D/NativeDevice: Using property ro.build.type=userdebug from cache.
02-21 23:22:53 W/PropertyCheck: Expected "user" but found "userdebug" for property: ro.build.type
02-21 23:22:53 D/InvocationExecution: done with preparer 'com.android.compatibility.common.tradefed.targetprep.PropertyCheck@38aa109c' on device: '27161FDH20031X' in 1 ms
02-21 23:22:53 D/InvocationExecution: starting preparer 'com.android.compatibility.common.tradefed.targetprep.PropertyCheck@25c63693' on device: '27161FDH20031X'
02-21 23:22:53 D/RunUtil: Running command [adb, -s, 27161FDH20031X, shell, getprop, ro.product.locale] with timeout: 45s
02-21 23:22:53 D/InvocationExecution: done with preparer 'com.android.compatibility.common.tradefed.targetprep.PropertyCheck@25c63693' on device: '27161FDH20031X' in 54 ms
02-21 23:22:53 D/InvocationExecution: starting preparer 'com.android.compatibility.common.tradefed.targetprep.PropertyCheck@1b5dfb2b' on device: '27161FDH20031X'
02-21 23:22:53 D/RunUtil: Running command [adb, -s, 27161FDH20031X, shell, getprop, persist.sys.test_harness] with timeout: 45s
02-21 23:22:53 W/PropertyCheck: Property "persist.sys.test_harness" not found on device, cannot verify value "false" 
02-21 23:22:53 D/InvocationExecution: done with preparer 'com.android.compatibility.common.tradefed.targetprep.PropertyCheck@1b5dfb2b' on device: '27161FDH20031X' in 57 ms
02-21 23:22:53 D/InvocationExecution: Done with setup of device: '27161FDH20031X'
02-21 23:22:53 D/RunUtil: Running command [adb, -s, 27161FDH20031X, shell, uname, -a] with timeout: 2m 0s
02-21 23:22:53 I/InvocationExecution: Device 27161FDH20031X kernel information: 'Linux localhost 5.10.198-android13-4-00050-g12f3388846c3-ab11920634 #1 SMP PREEMPT Mon Jun 3 20:51:42 UTC 2024 aarch64 Toybox'
02-21 23:22:53 D/RunUtil: Running command [adb, -s, 27161FDH20031X, shell, getprop, ro.system.build.fingerprint] with timeout: 45s
02-21 23:22:53 I/InvocationExecution: Device 27161FDH20031X system image build information: 'Android/aosp_panther/panther:14/AP2A.240905.003/eng.simon.20260221.231742:userdebug/test-keys'
02-21 23:22:53 D/NativeDevice: Using property ro.vendor.build.fingerprint=Android/aosp_panther/panther:14/AP2A.240905.003/12231197:userdebug/test-keys from cache.
02-21 23:22:53 I/InvocationExecution: Device 27161FDH20031X vendor image build information: 'Android/aosp_panther/panther:14/AP2A.240905.003/12231197:userdebug/test-keys'
02-21 23:22:53 D/InvocationExecution: Total setup duration: 25s'
02-21 23:22:53 D/LogFileSaver: Log data for device_logcat_setup_27161FDH20031X is already compressed, skipping compression
02-21 23:22:53 D/FileUtil: Creating temp file at /home/simon/android-cts/tools/../../android-cts/logs/2026.02.21_23.22.28/inv_14389241179538646024 with prefix "device_logcat_setup_27161FDH20031X_" suffix ".txt"
02-21 23:22:53 I/LogFileSaver: Saved log file /home/simon/android-cts/tools/../../android-cts/logs/2026.02.21_23.22.28/inv_14389241179538646024/device_logcat_setup_27161FDH20031X_2161944057867529083.txt. [size=5611838, elapsed=3ms]
02-21 23:22:53 D/CertificationSuiteResultReporter: Saved logs for device_logcat_setup_27161FDH20031X in /home/simon/android-cts/tools/../../android-cts/logs/2026.02.21_23.22.28/inv_14389241179538646024/device_logcat_setup_27161FDH20031X_2161944057867529083.txt
02-21 23:22:53 D/LogFileSaver: Log data for device_logcat_setup_27161FDH20031X is already compressed, skipping compression
02-21 23:22:53 D/FileUtil: Creating temp file at /tmp/13033356/cts/inv_2735182270890693870/inv_16136955001569196375 with prefix "device_logcat_setup_27161FDH20031X_" suffix ".txt"
02-21 23:22:53 I/LogFileSaver: Saved log file /tmp/13033356/cts/inv_2735182270890693870/inv_16136955001569196375/device_logcat_setup_27161FDH20031X_16202530110283461194.txt. [size=5611838, elapsed=2ms]
02-21 23:22:53 D/TestDevice: No snapuserd notification in progress for BLOCK_BEFORE_TEST
02-21 23:22:53 D/PrettyPrintDelimiter: 
===============================
===== TEST PHASE STARTING =====
===============================
02-21 23:22:53 D/RunUtil: Running command [adb, -s, 27161FDH20031X, shell, cmd, device_state, print-states] with timeout: 2m 0s
02-21 23:22:53 D/NativeDevice: Using property ro.product.cpu.abilist=arm64-v8a from cache.
02-21 23:22:53 D/FileUtil: Creating temp file at /home/simon/android-cts/tools/../../android-cts/logs/2026.02.21_23.22.28/inv_14389241179538646024 with prefix "suite-exclude-filters15501675015530908749.txt_" suffix ".txt.gz"
02-21 23:22:53 I/LogFileSaver: Saved gzip log file /home/simon/android-cts/tools/../../android-cts/logs/2026.02.21_23.22.28/inv_14389241179538646024/suite-exclude-filters15501675015530908749.txt_12943397046189282249.txt.gz. [size=10, elapsed=0ms]
02-21 23:22:53 D/CertificationSuiteResultReporter: Saved logs for suite-exclude-filters15501675015530908749.txt in /home/simon/android-cts/tools/../../android-cts/logs/2026.02.21_23.22.28/inv_14389241179538646024/suite-exclude-filters15501675015530908749.txt_12943397046189282249.txt.gz
02-21 23:22:53 D/FileUtil: Creating temp file at /tmp/13033356/cts/inv_2735182270890693870/inv_16136955001569196375 with prefix "suite-exclude-filters15501675015530908749.txt_" suffix ".txt.gz"
02-21 23:22:53 I/LogFileSaver: Saved gzip log file /tmp/13033356/cts/inv_2735182270890693870/inv_16136955001569196375/suite-exclude-filters15501675015530908749.txt_13653287848216803449.txt.gz. [size=10, elapsed=0ms]
02-21 23:22:53 D/BaseTestSuite: Initializing ModuleRepo
ABIs:[{arm64-v8a, bitness=64}]
Test Args:[com.android.tradefed.testtype.AndroidJUnitTest:exclude-annotation:com.android.compatibility.common.util.CtsDownstreamingTest, com.android.compatibility.common.tradefed.testtype.JarHostTest:exclude-annotation:com.android.compatibility.common.util.CtsDownstreamingTest, com.android.tradefed.testtype.HostTest:exclude-annotation:com.android.compatibility.common.util.CtsDownstreamingTest, com.android.tradefed.testtype.AndroidJUnitTest:exclude-annotation:android.platform.test.annotations.AsbSecurityTest, com.android.compatibility.common.tradefed.testtype.JarHostTest:exclude-annotation:android.platform.test.annotations.AsbSecurityTest, com.android.tradefed.testtype.AndroidJUnitTest:exclude-annotation:android.platform.test.annotations.AppModeInstant, com.android.compatibility.common.tradefed.testtype.JarHostTest:exclude-annotation:android.platform.test.annotations.AppModeInstant, com.android.tradefed.testtype.HostTest:exclude-annotation:android.platform.test.annotations.AppModeInstant]
Module Args:[]
Includes: {arm64-v8a CtsDisplayTestCases=[CtsDisplayTestCases android.display.cts.DisplayTest#testGetMetrics], arm64-v8a CtsDisplayTestCases[instant]=[CtsDisplayTestCases[instant] android.display.cts.DisplayTest#testGetMetrics], arm64-v8a CtsDisplayTestCases[run-on-clone-profile]=[CtsDisplayTestCases[run-on-clone-profile] android.display.cts.DisplayTest#testGetMetrics], arm64-v8a CtsDisplayTestCases[run-on-secondary-user]=[CtsDisplayTestCases[run-on-secondary-user] android.display.cts.DisplayTest#testGetMetrics], arm64-v8a CtsDisplayTestCases[run-on-work-profile]=[CtsDisplayTestCases[run-on-work-profile] android.display.cts.DisplayTest#testGetMetrics], arm64-v8a CtsDisplayTestCases[run-on-private-profile]=[CtsDisplayTestCases[run-on-private-profile] android.display.cts.DisplayTest#testGetMetrics]}
Excludes: See suite-exclude-filters15501675015530908749.txt
02-21 23:22:53 D/BaseTestSuite: Foldable states: [foldable:0:DEFAULT]
02-21 23:22:53 D/BaseTestSuite: Loading tests from [/home/simon/android-cts/tools/../../android-cts/testcases]
02-21 23:22:54 D/ITestSuite: No remote build info, skipping stageTestArtifacts
02-21 23:22:54 D/ITestSuite: Resource not found for allowed preparers: /suite/google-allowed-preparers.txt
02-21 23:22:54 D/ITestSuite: [Total Unique Modules = 2]
02-21 23:22:54 I/ITestSuite: 27161FDH20031X running 2 modules: [arm64-v8a CtsDisplayTestCases[instant], arm64-v8a CtsDisplayTestCases]
02-21 23:22:54 D/TradefedFeatureClient: invoking feature 'skipFeature'
02-21 23:22:54 D/TradefedFeatureClient: Using reference id from metrics.
02-21 23:22:54 D/TradefedFeatureClient: name: "skipFeature"
reference_id: "3eee3911-6718-4249-9269-46d578907f04"

02-21 23:22:54 D/TradefedFeatureServer: Executing com.android.tradefed.result.skipped.SkipFeature@35c93690 with [name: "skipFeature"
reference_id: "3eee3911-6718-4249-9269-46d578907f04"
]
02-21 23:22:55 D/TradefedFeatureClient: Feature name: skipFeature. response: multi_part_response {
  response_part {
    key: "delimiter"
    value: "\\+,"
  }
  response_part {
    key: "presubmit"
    value: "false"
  }
  response_part {
    key: "skipModules"
  }
  response_part {
    key: "imageDigests"
  }
}

02-21 23:22:55 D/BaseTestSuite: Filters for 'arm64-v8a CtsDisplayTestCases[instant]': []
02-21 23:22:55 D/FileUtil: Creating temp file at /tmp/tf-workfolder4446455022380973082 with prefix "CtsDisplayTestCases" suffix ".xml"
02-21 23:22:55 D/LogFileSaver: Log data for module-configuration is already compressed, skipping compression
02-21 23:22:55 D/FileUtil: Creating temp file at /home/simon/android-cts/tools/../../android-cts/logs/2026.02.21_23.22.28/inv_14389241179538646024 with prefix "module-configuration_" suffix ".xml"
02-21 23:22:55 I/LogFileSaver: Saved log file /home/simon/android-cts/tools/../../android-cts/logs/2026.02.21_23.22.28/inv_14389241179538646024/module-configuration_12228244139264864993.xml. [size=1645, elapsed=0ms]
02-21 23:22:55 D/CertificationSuiteResultReporter: Saved logs for module-configuration in /home/simon/android-cts/tools/../../android-cts/logs/2026.02.21_23.22.28/inv_14389241179538646024/module-configuration_12228244139264864993.xml
02-21 23:22:55 D/LogFileSaver: Log data for module-configuration is already compressed, skipping compression
02-21 23:22:55 D/FileUtil: Creating temp file at /tmp/13033356/cts/inv_2735182270890693870/inv_16136955001569196375 with prefix "module-configuration_" suffix ".xml"
02-21 23:22:55 I/LogFileSaver: Saved log file /tmp/13033356/cts/inv_2735182270890693870/inv_16136955001569196375/module-configuration_3582870738556208259.xml. [size=1645, elapsed=0ms]
02-21 23:22:55 I/ITestSuite: Running system status checker before module execution: arm64-v8a CtsDisplayTestCases[instant]
02-21 23:22:55 D/NativeDevice: Using property ro.build.version.sdk=34 from cache.
02-21 23:22:55 D/NativeDevice: Using property ro.build.version.sdk=34 from cache.
02-21 23:22:55 D/NativeDevice: Using property ro.build.version.sdk=34 from cache.
02-21 23:22:55 I/UserChecker: Current user 0 is already user type CURRENT, no action.
02-21 23:22:55 I/NativeDevice: adb unroot on device 27161FDH20031X
02-21 23:22:55 D/RunUtil: Running command [adb, -s, 27161FDH20031X, unroot] with timeout: 2m 0s
02-21 23:22:55 D/BackgroundDeviceAction: Waiting for device 27161FDH20031X online before starting.
02-21 23:22:56 I/NativeDeviceStateMonitor: Waiting for device 27161FDH20031X to be in NOT_AVAILABLE mode for '5s'; it is currently in ONLINE mode...
02-21 23:23:01 W/NativeDevice: Did not detect device 27161FDH20031X becoming unavailable after unroot
02-21 23:23:01 I/NativeDeviceStateMonitor: Device 27161FDH20031X is already ONLINE
02-21 23:23:01 W/ShellStatusChecker: This module unexpectedly started in a root shell. Leaked from earlier module?
02-21 23:23:01 W/ITestSuite: System status checker [com.android.tradefed.suite.checker.ShellStatusChecker] failed.
02-21 23:23:01 D/DeviceSettingChecker: Begin preExecutionCheck for checking device setting
02-21 23:23:02 D/NativeDevice: Using property ro.build.version.sdk=34 from cache.
02-21 23:23:02 D/NativeDevice: Using property ro.build.version.sdk=34 from cache.
02-21 23:23:02 D/NativeDevice: Using property ro.build.type=userdebug from cache.
02-21 23:23:02 D/NativeDevice: Using property ro.build.version.sdk=34 from cache.
02-21 23:23:02 D/NativeDevice: Using property ro.build.version.codename=REL from cache.
02-21 23:23:02 D/NativeDevice: Using property ro.build.version.sdk=34 from cache.
02-21 23:23:02 D/NativeDevice: Using property ro.build.version.sdk=34 from cache.
02-21 23:23:02 D/NativeDevice: Using property ro.build.version.sdk=34 from cache.
02-21 23:23:02 D/NativeDevice: Using property ro.build.version.sdk=34 from cache.
02-21 23:23:02 D/NativeDevice: Using property ro.build.version.sdk=34 from cache.
02-21 23:23:02 D/NativeDevice: Using property ro.build.version.sdk=34 from cache.
02-21 23:23:02 D/NativeDevice: Using property ro.build.version.codename=REL from cache.
02-21 23:23:02 D/NativeDevice: Using property ro.build.version.sdk=34 from cache.
02-21 23:23:02 D/NativeDevice: Using property ro.build.version.codename=REL from cache.
02-21 23:23:02 D/NativeDevice: Using property ro.build.version.sdk=34 from cache.
02-21 23:23:02 D/NativeDevice: Using property ro.build.version.codename=REL from cache.
02-21 23:23:02 D/NativeDevice: Using property ro.build.version.sdk=34 from cache.
02-21 23:23:02 D/NativeDevice: Using property ro.build.version.sdk=34 from cache.
02-21 23:23:02 D/NativeDevice: Using property ro.build.version.sdk=34 from cache.
02-21 23:23:02 D/NativeDevice: Using property ro.build.version.sdk=34 from cache.
02-21 23:23:02 D/NativeDevice: Using property ro.build.version.sdk=34 from cache.
02-21 23:23:02 D/NativeDevice: Using property ro.build.version.sdk=34 from cache.
02-21 23:23:02 D/NativeDevice: Using property ro.build.version.sdk=34 from cache.
02-21 23:23:02 D/RunUtil: Running command [adb, -s, 27161FDH20031X, shell, locksettings, get-disabled] with timeout: 2m 0s
02-21 23:23:02 D/RunUtil: Running command [adb, -s, 27161FDH20031X, shell, locksettings, get-disabled] with timeout: 2m 0s
02-21 23:23:02 D/RunUtil: Running command [adb, -s, 27161FDH20031X, shell, input, keyevent, KEYCODE_MENU] with timeout: 2m 0s
02-21 23:23:02 D/RunUtil: Running command [adb, -s, 27161FDH20031X, shell, input, keyevent, KEYCODE_HOME] with timeout: 2m 0s
02-21 23:23:02 I/DeviceBaselineChecker: Enable device baselines keep_engprod_mode_on,disable_os_auto_update,hide_error_dialogs,keep_screen_on,disable_usb_app_verification,clear_lock_screen,keep_location_mode_on,keep_setup_complete_on in 228 millis.
02-21 23:23:02 W/ITestSuite: There are failed system status checkers: {com.android.tradefed.suite.checker.ShellStatusChecker=This module unexpectedly started in a root shell. Leaked from earlier module?}
02-21 23:23:02 D/ModuleDefinition: Running module arm64-v8a CtsDisplayTestCases[instant]
02-21 23:23:02 D/ModuleDefinition: Running setup preparer: SuiteApkInstaller
02-21 23:23:02 D/NativeDevice: Using property ro.build.version.sdk=34 from cache.
02-21 23:23:02 D/NativeDevice: Using property ro.build.version.sdk=34 from cache.
02-21 23:23:02 D/NativeDevice: Using property ro.build.version.codename=REL from cache.
02-21 23:23:02 D/NativeDevice: Using property ro.build.id=AP2A.240905.003 from cache.
02-21 23:23:02 D/NativeDevice: Using property ro.build.version.sdk=34 from cache.
02-21 23:23:02 D/NativeDevice: Using property ro.build.version.codename=REL from cache.
02-21 23:23:02 D/SearchArtifactUtil: Searching the module dir: /home/simon/android-cts/tools/../../android-cts/testcases/CtsDisplayTestCases
02-21 23:23:02 D/RunUtil: Running command [aapt2, dump, badging, /home/simon/android-cts/tools/../../android-cts/testcases/CtsDisplayTestCases/arm64/CtsDisplayTestCases.apk] with timeout: 1m 0s
02-21 23:23:02 D/RunUtil: Running command [aapt2, dump, xmltree, /home/simon/android-cts/tools/../../android-cts/testcases/CtsDisplayTestCases/arm64/CtsDisplayTestCases.apk, --file, AndroidManifest.xml] with timeout: 1m 0s
02-21 23:23:02 D/TestAppInstallSetup: Installing apk android.display.cts with [/home/simon/android-cts/tools/../../android-cts/testcases/CtsDisplayTestCases/arm64/CtsDisplayTestCases.apk] ...
02-21 23:23:02 D/NativeDevice: Using property ro.build.version.sdk=34 from cache.
02-21 23:23:03 D/RunUtil: Running command [aapt, dump, badging, /home/simon/android-cts/tools/../../android-cts/testcases/CtsDisplayTestCases/arm64/CtsDisplayTestCases.apk] with timeout: 1m 0s
02-21 23:23:03 D/RunUtil: Running command [aapt, dump, xmltree, /home/simon/android-cts/tools/../../android-cts/testcases/CtsDisplayTestCases/arm64/CtsDisplayTestCases.apk, AndroidManifest.xml] with timeout: 1m 0s
02-21 23:23:03 D/RunUtil: Running command [adb, -s, 27161FDH20031X, shell, appops, write-settings] with timeout: 2m 0s
02-21 23:23:03 D/SearchArtifactUtil: Searching the module dir: /home/simon/android-cts/tools/../../android-cts/testcases/CtsDisplayTestCases
02-21 23:23:03 D/RunUtil: Running command [aapt2, dump, badging, /home/simon/android-cts/tools/../../android-cts/testcases/CtsDisplayTestCases/CtsAppTestStubs.apk] with timeout: 1m 0s
02-21 23:23:03 D/RunUtil: Running command [aapt2, dump, xmltree, /home/simon/android-cts/tools/../../android-cts/testcases/CtsDisplayTestCases/CtsAppTestStubs.apk, --file, AndroidManifest.xml] with timeout: 1m 0s
02-21 23:23:03 D/TestAppInstallSetup: Installing apk android.app.stubs with [/home/simon/android-cts/tools/../../android-cts/testcases/CtsDisplayTestCases/CtsAppTestStubs.apk] ...
02-21 23:23:03 D/NativeDevice: Using property ro.build.version.sdk=34 from cache.
02-21 23:23:04 D/RunUtil: Running command [aapt, dump, badging, /home/simon/android-cts/tools/../../android-cts/testcases/CtsDisplayTestCases/CtsAppTestStubs.apk] with timeout: 1m 0s
02-21 23:23:04 D/RunUtil: Running command [aapt, dump, xmltree, /home/simon/android-cts/tools/../../android-cts/testcases/CtsDisplayTestCases/CtsAppTestStubs.apk, AndroidManifest.xml] with timeout: 1m 0s
02-21 23:23:04 D/RunUtil: Running command [adb, -s, 27161FDH20031X, shell, appops, write-settings] with timeout: 2m 0s
02-21 23:23:04 D/AndroidJUnitTest: Disable test storage on instant app module.
02-21 23:23:04 D/AndroidJUnitTest: Attempting to push filters to /data/local/tmp/ajur/includes.txt
02-21 23:23:04 D/NativeDevice: Using 'ls' to check doesFileExist(/data/local/tmp/ajur)
02-21 23:23:04 D/RunUtil: Running command [adb, -s, 27161FDH20031X, shell, ls, '/data/local/tmp/ajur'] with timeout: 2m 0s
02-21 23:23:04 D/NativeDevice: File /data/local/tmp/ajur does not exist.
stdout: 
stderr: ls: /data/local/tmp/ajur: No such file or directory

02-21 23:23:05 D/NativeDevice: Using 'ls' to check doesFileExist(/data/local/tmp/ajur/includes.txt)
02-21 23:23:05 D/RunUtil: Running command [adb, -s, 27161FDH20031X, shell, ls, '/data/local/tmp/ajur/includes.txt'] with timeout: 2m 0s
02-21 23:23:05 D/FileUtil: Creating temp file at /home/simon/android-cts/tools/../../android-cts/logs/2026.02.21_23.22.28/inv_14389241179538646024 with prefix "filter-arm64-v8a%20CtsDisplayTestCases%5Binstant%5D.include_" suffix ".txt.gz"
02-21 23:23:05 I/LogFileSaver: Saved gzip log file /home/simon/android-cts/tools/../../android-cts/logs/2026.02.21_23.22.28/inv_14389241179538646024/filter-arm64-v8a%20CtsDisplayTestCases%5Binstant%5D.include_7603456218477541855.txt.gz. [size=10, elapsed=0ms]
02-21 23:23:05 D/CertificationSuiteResultReporter: Saved logs for filter-arm64-v8a%20CtsDisplayTestCases%5Binstant%5D.include in /home/simon/android-cts/tools/../../android-cts/logs/2026.02.21_23.22.28/inv_14389241179538646024/filter-arm64-v8a%20CtsDisplayTestCases%5Binstant%5D.include_7603456218477541855.txt.gz
02-21 23:23:05 D/FileUtil: Creating temp file at /tmp/13033356/cts/inv_2735182270890693870/inv_16136955001569196375 with prefix "filter-arm64-v8a%20CtsDisplayTestCases%5Binstant%5D.include_" suffix ".txt.gz"
02-21 23:23:05 I/LogFileSaver: Saved gzip log file /tmp/13033356/cts/inv_2735182270890693870/inv_16136955001569196375/filter-arm64-v8a%20CtsDisplayTestCases%5Binstant%5D.include_10888499149659122605.txt.gz. [size=10, elapsed=0ms]
02-21 23:23:05 D/ListInstrumentationParser: instrumentation:android.display.cts/androidx.test.runner.AndroidJUnitRunner (target=android.display.cts)
02-21 23:23:05 D/ListInstrumentationParser: instrumentation:com.android.tradefed.utils.wifi/.WifiUtil (target=com.android.tradefed.utils.wifi)
02-21 23:23:05 D/ListInstrumentationParser: 
02-21 23:23:05 I/InstrumentationTest: No runner name specified. Using: androidx.test.runner.AndroidJUnitRunner.
02-21 23:23:05 D/NativeDevice: Using property ro.build.version.sdk=34 from cache.
02-21 23:23:05 D/NativeDevice: Using property ro.build.version.sdk=34 from cache.
02-21 23:23:05 D/InstrumentationTest: Collecting test info for android.display.cts on device 27161FDH20031X
02-21 23:23:05 I/RemoteAndroidTestRunner: Running am instrument -w -r --abi arm64-v8a  -e testFile /data/local/tmp/ajur/includes.txt -e debug false -e newRunListenerMode true -e log true -e notAnnotation android.platform.test.annotations.AsbSecurityTest,com.android.compatibility.common.util.CtsDownstreamingTest,android.platform.test.annotations.AppModeFull -e timeout_msec 300000 android.display.cts/androidx.test.runner.AndroidJUnitRunner on google-aosp_on_panther-27161FDH20031X
02-21 23:23:05 D/BackgroundDeviceAction: Device 27161FDH20031X now online.
02-21 23:23:05 D/BackgroundDeviceAction: Starting logcat for 27161FDH20031X.
02-21 23:23:05 D/InstrumentationTest: Initializing com.android.tradefed.device.metric.CountTestCasesCollector for instrumentation.
02-21 23:23:05 I/RemoteAndroidTestRunner: Running am instrument -w -r --abi arm64-v8a  -e testFile /data/local/tmp/ajur/includes.txt -e debug false -e newRunListenerMode true -e log false -e notAnnotation android.platform.test.annotations.AsbSecurityTest,com.android.compatibility.common.util.CtsDownstreamingTest,android.platform.test.annotations.AppModeFull -e timeout_msec 300000 android.display.cts/androidx.test.runner.AndroidJUnitRunner on google-aosp_on_panther-27161FDH20031X
02-21 23:23:05 D/ModuleListener: ModuleListener.testRunStarted(android.display.cts, 1, 0) on 27161FDH20031X
02-21 23:23:05 D/ModuleListener: ModuleListener.testStarted(android.display.cts.DisplayTest#testGetMetrics) on 27161FDH20031X
02-21 23:23:06 I/ModuleListener: [1/1] 27161FDH20031X android.display.cts.DisplayTest#testGetMetrics FAILURE: java.lang.AssertionError: expected:<214> but was:<215>
	at org.junit.Assert.fail(Assert.java:89)
	at org.junit.Assert.failNotEquals(Assert.java:835)
	at org.junit.Assert.assertEquals(Assert.java:647)
	at org.junit.Assert.assertEquals(Assert.java:633)
	at android.display.cts.DisplayTest.testGetMetrics(DisplayTest.java:614)
	at android.display.cts.DisplayTest.testGetMetrics(DisplayTest.java:568)

02-21 23:23:06 D/ModuleListener: ModuleListener.testRunEnded(904) on 27161FDH20031X
02-21 23:23:06 D/TestDevice: Uninstalling android.display.cts with extra args 
02-21 23:23:07 D/TestDevice: Uninstalling android.app.stubs with extra args 
02-21 23:23:07 I/NativeDeviceStateMonitor: Device 27161FDH20031X is already ONLINE
02-21 23:23:07 I/NativeDeviceStateMonitor: Waiting 360000 ms for device 27161FDH20031X boot complete
02-21 23:23:07 I/DeviceStateMonitor: Waiting 359969 ms for device 27161FDH20031X package manager
02-21 23:23:07 I/NativeDeviceStateMonitor: Waiting 359934 ms for device 27161FDH20031X external store
02-21 23:23:07 I/ConsoleReporter: [27161FDH20031X] Starting arm64-v8a CtsDisplayTestCases[instant] with 1 test
02-21 23:23:07 I/ConsoleReporter: [1/1 arm64-v8a CtsDisplayTestCases[instant] 27161FDH20031X] android.display.cts.DisplayTest#testGetMetrics fail: java.lang.AssertionError: expected:<214> but was:<215>
	at org.junit.Assert.fail(Assert.java:89)
	at org.junit.Assert.failNotEquals(Assert.java:835)
	at org.junit.Assert.assertEquals(Assert.java:647)
	at org.junit.Assert.assertEquals(Assert.java:633)
	at android.display.cts.DisplayTest.testGetMetrics(DisplayTest.java:614)
	at android.display.cts.DisplayTest.testGetMetrics(DisplayTest.java:568)

02-21 23:23:07 I/ConsoleReporter: [27161FDH20031X] arm64-v8a CtsDisplayTestCases[instant] completed in 2s. 0 passed, 1 failed, 0 not executed
02-21 23:23:07 I/ITestSuite: Running system status checker after module execution: arm64-v8a CtsDisplayTestCases[instant]
02-21 23:23:07 D/NativeDevice: Using property ro.build.version.sdk=34 from cache.
02-21 23:23:07 D/NativeDevice: Using property ro.build.version.sdk=34 from cache.
02-21 23:23:07 D/NativeDevice: Using property ro.build.version.sdk=34 from cache.
02-21 23:23:07 I/NativeDeviceStateMonitor: Device 27161FDH20031X is already ONLINE
02-21 23:23:07 I/NativeDeviceStateMonitor: Waiting 360000 ms for device 27161FDH20031X boot complete
02-21 23:23:07 I/DeviceStateMonitor: Waiting 359959 ms for device 27161FDH20031X package manager
02-21 23:23:07 I/NativeDeviceStateMonitor: Waiting 359873 ms for device 27161FDH20031X external store
02-21 23:23:08 I/MonitoringUtils: Wifi Connectivity: passed check.
02-21 23:23:08 D/TestDevice: Output from KeyguardController:   KeyguardController:
    mKeyguardShowing=false
    mAodShowing=false
    mKeyguardGoingAway=false

02-21 23:23:08 E/LeakedThreadStatusChecker: We have 4 threads instead of 1. List: [Thread[Invocation-27161FDH20031X,5,Invocation-27161FDH20031X], Thread[BackgroundDeviceAction-logcat -b all -v threadtime,uid,5,Invocation-27161FDH20031X], Thread[Timer-1,5,Invocation-27161FDH20031X], Thread[grpc-default-worker-ELG-3-1,5,Invocation-27161FDH20031X]]
02-21 23:23:08 W/ITestSuite: System status checker [com.android.tradefed.suite.checker.LeakedThreadStatusChecker] failed
02-21 23:23:08 D/NativeDevice: Time offset = 1915 ms
02-21 23:23:08 D/DeviceSettingChecker: Begin postExecution for checking device setting
02-21 23:23:09 W/DeviceSettingChecker: Setting in namespace global fails:
 ota_disable_automatic_update is not found before module run

02-21 23:23:09 W/ITestSuite: System status checker [com.android.tradefed.suite.checker.DeviceSettingChecker] failed
02-21 23:23:09 D/NativeDevice: Using property ro.build.version.sdk=34 from cache.
02-21 23:23:09 W/ITestSuite: There are failed system status checkers: {com.android.tradefed.suite.checker.LeakedThreadStatusChecker=We have 4 threads instead of 1. List: [Thread[Invocation-27161FDH20031X,5,Invocation-27161FDH20031X], Thread[BackgroundDeviceAction-logcat -b all -v threadtime,uid,5,Invocation-27161FDH20031X], Thread[Timer-1,5,Invocation-27161FDH20031X], Thread[grpc-default-worker-ELG-3-1,5,Invocation-27161FDH20031X]], com.android.tradefed.suite.checker.DeviceSettingChecker=Setting in namespace global fails:
 ota_disable_automatic_update is not found before module run
}
02-21 23:23:09 D/FileUtil: Creating temp file at /home/simon/android-cts/tools/../../android-cts/results/2026.02.21_23.22.28/proto with prefix "tmp-proto" suffix ""
02-21 23:23:09 D/BaseTestSuite: Filters for 'arm64-v8a CtsDisplayTestCases': [CtsDisplayTestCases android.display.cts.DisplayTest#testActivityContextGetMetrics]
02-21 23:23:09 D/FileUtil: Creating temp file at /tmp/tf-workfolder4446455022380973082 with prefix "CtsDisplayTestCases" suffix ".xml"
02-21 23:23:09 D/LogFileSaver: Log data for module-configuration is already compressed, skipping compression
02-21 23:23:09 D/FileUtil: Creating temp file at /home/simon/android-cts/tools/../../android-cts/logs/2026.02.21_23.22.28/inv_14389241179538646024 with prefix "module-configuration_" suffix ".xml"
02-21 23:23:09 I/LogFileSaver: Saved log file /home/simon/android-cts/tools/../../android-cts/logs/2026.02.21_23.22.28/inv_14389241179538646024/module-configuration_14903499382966165763.xml. [size=1599, elapsed=0ms]
02-21 23:23:09 D/CertificationSuiteResultReporter: Saved logs for module-configuration in /home/simon/android-cts/tools/../../android-cts/logs/2026.02.21_23.22.28/inv_14389241179538646024/module-configuration_14903499382966165763.xml
02-21 23:23:09 D/LogFileSaver: Log data for module-configuration is already compressed, skipping compression
02-21 23:23:09 D/FileUtil: Creating temp file at /tmp/13033356/cts/inv_2735182270890693870/inv_16136955001569196375 with prefix "module-configuration_" suffix ".xml"
02-21 23:23:09 I/LogFileSaver: Saved log file /tmp/13033356/cts/inv_2735182270890693870/inv_16136955001569196375/module-configuration_16701135964466414615.xml. [size=1599, elapsed=0ms]
02-21 23:23:09 I/ITestSuite: Running system status checker before module execution: arm64-v8a CtsDisplayTestCases
02-21 23:23:09 D/NativeDevice: Using property ro.build.version.sdk=34 from cache.
02-21 23:23:09 D/NativeDevice: Using property ro.build.version.sdk=34 from cache.
02-21 23:23:09 D/NativeDevice: Using property ro.build.version.sdk=34 from cache.
02-21 23:23:09 I/UserChecker: Current user 0 is already user type CURRENT, no action.
02-21 23:23:10 D/DeviceSettingChecker: Begin preExecutionCheck for checking device setting
02-21 23:23:10 D/NativeDevice: Using property ro.build.version.sdk=34 from cache.
02-21 23:23:10 D/NativeDevice: Using property ro.build.version.sdk=34 from cache.
02-21 23:23:10 D/NativeDevice: Using property ro.build.version.sdk=34 from cache.
02-21 23:23:10 D/NativeDevice: Using property ro.build.version.codename=REL from cache.
02-21 23:23:10 D/NativeDevice: Using property ro.build.version.sdk=34 from cache.
02-21 23:23:10 D/NativeDevice: Using property ro.build.version.sdk=34 from cache.
02-21 23:23:10 D/NativeDevice: Using property ro.build.version.sdk=34 from cache.
02-21 23:23:10 D/NativeDevice: Using property ro.build.version.sdk=34 from cache.
02-21 23:23:10 D/NativeDevice: Using property ro.build.version.sdk=34 from cache.
02-21 23:23:10 D/NativeDevice: Using property ro.build.version.sdk=34 from cache.
02-21 23:23:10 D/NativeDevice: Using property ro.build.version.codename=REL from cache.
02-21 23:23:10 D/NativeDevice: Using property ro.build.version.sdk=34 from cache.
02-21 23:23:10 D/NativeDevice: Using property ro.build.version.codename=REL from cache.
02-21 23:23:10 D/NativeDevice: Using property ro.build.version.sdk=34 from cache.
02-21 23:23:10 D/NativeDevice: Using property ro.build.version.codename=REL from cache.
02-21 23:23:10 D/NativeDevice: Using property ro.build.version.sdk=34 from cache.
02-21 23:23:10 D/NativeDevice: Using property ro.build.version.sdk=34 from cache.
02-21 23:23:10 D/NativeDevice: Using property ro.build.version.sdk=34 from cache.
02-21 23:23:10 D/NativeDevice: Using property ro.build.version.sdk=34 from cache.
02-21 23:23:10 D/NativeDevice: Using property ro.build.version.sdk=34 from cache.
02-21 23:23:10 D/NativeDevice: Using property ro.build.version.sdk=34 from cache.
02-21 23:23:10 D/NativeDevice: Using property ro.build.version.sdk=34 from cache.
02-21 23:23:10 D/RunUtil: Running command [adb, -s, 27161FDH20031X, shell, locksettings, get-disabled] with timeout: 2m 0s
02-21 23:23:10 D/RunUtil: Running command [adb, -s, 27161FDH20031X, shell, locksettings, get-disabled] with timeout: 2m 0s
02-21 23:23:10 D/RunUtil: Running command [adb, -s, 27161FDH20031X, shell, input, keyevent, KEYCODE_MENU] with timeout: 2m 0s
02-21 23:23:10 D/RunUtil: Running command [adb, -s, 27161FDH20031X, shell, input, keyevent, KEYCODE_HOME] with timeout: 2m 0s
02-21 23:23:10 I/DeviceBaselineChecker: Enable device baselines keep_engprod_mode_on,disable_os_auto_update,hide_error_dialogs,keep_screen_on,disable_usb_app_verification,clear_lock_screen,keep_location_mode_on,keep_setup_complete_on in 179 millis.
02-21 23:23:10 D/ModuleDefinition: Running module arm64-v8a CtsDisplayTestCases
02-21 23:23:10 D/ModuleDefinition: Running setup preparer: SuiteApkInstaller
02-21 23:23:10 D/NativeDevice: Using property ro.build.version.sdk=34 from cache.
02-21 23:23:10 D/NativeDevice: Using property ro.build.version.sdk=34 from cache.
02-21 23:23:10 D/NativeDevice: Using property ro.build.version.codename=REL from cache.
02-21 23:23:10 D/NativeDevice: Using property ro.build.id=AP2A.240905.003 from cache.
02-21 23:23:10 D/NativeDevice: Using property ro.build.version.sdk=34 from cache.
02-21 23:23:10 D/NativeDevice: Using property ro.build.version.codename=REL from cache.
02-21 23:23:10 D/SearchArtifactUtil: Searching the module dir: /home/simon/android-cts/tools/../../android-cts/testcases/CtsDisplayTestCases
02-21 23:23:10 D/RunUtil: Running command [aapt2, dump, badging, /home/simon/android-cts/tools/../../android-cts/testcases/CtsDisplayTestCases/arm64/CtsDisplayTestCases.apk] with timeout: 1m 0s
02-21 23:23:10 D/RunUtil: Running command [aapt2, dump, xmltree, /home/simon/android-cts/tools/../../android-cts/testcases/CtsDisplayTestCases/arm64/CtsDisplayTestCases.apk, --file, AndroidManifest.xml] with timeout: 1m 0s
02-21 23:23:10 D/TestAppInstallSetup: Installing apk android.display.cts with [/home/simon/android-cts/tools/../../android-cts/testcases/CtsDisplayTestCases/arm64/CtsDisplayTestCases.apk] ...
02-21 23:23:10 D/NativeDevice: Using property ro.build.version.sdk=34 from cache.
02-21 23:23:11 D/RunUtil: Running command [aapt, dump, badging, /home/simon/android-cts/tools/../../android-cts/testcases/CtsDisplayTestCases/arm64/CtsDisplayTestCases.apk] with timeout: 1m 0s
02-21 23:23:11 D/RunUtil: Running command [aapt, dump, xmltree, /home/simon/android-cts/tools/../../android-cts/testcases/CtsDisplayTestCases/arm64/CtsDisplayTestCases.apk, AndroidManifest.xml] with timeout: 1m 0s
02-21 23:23:11 D/RunUtil: Running command [adb, -s, 27161FDH20031X, shell, appops, write-settings] with timeout: 2m 0s
02-21 23:23:11 D/SearchArtifactUtil: Searching the module dir: /home/simon/android-cts/tools/../../android-cts/testcases/CtsDisplayTestCases
02-21 23:23:11 D/RunUtil: Running command [aapt2, dump, badging, /home/simon/android-cts/tools/../../android-cts/testcases/CtsDisplayTestCases/CtsAppTestStubs.apk] with timeout: 1m 0s
02-21 23:23:11 D/RunUtil: Running command [aapt2, dump, xmltree, /home/simon/android-cts/tools/../../android-cts/testcases/CtsDisplayTestCases/CtsAppTestStubs.apk, --file, AndroidManifest.xml] with timeout: 1m 0s
02-21 23:23:11 D/TestAppInstallSetup: Installing apk android.app.stubs with [/home/simon/android-cts/tools/../../android-cts/testcases/CtsDisplayTestCases/CtsAppTestStubs.apk] ...
02-21 23:23:11 D/NativeDevice: Using property ro.build.version.sdk=34 from cache.
02-21 23:23:13 D/RunUtil: Running command [aapt, dump, badging, /home/simon/android-cts/tools/../../android-cts/testcases/CtsDisplayTestCases/CtsAppTestStubs.apk] with timeout: 1m 0s
02-21 23:23:13 D/RunUtil: Running command [aapt, dump, xmltree, /home/simon/android-cts/tools/../../android-cts/testcases/CtsDisplayTestCases/CtsAppTestStubs.apk, AndroidManifest.xml] with timeout: 1m 0s
02-21 23:23:13 D/RunUtil: Running command [adb, -s, 27161FDH20031X, shell, appops, write-settings] with timeout: 2m 0s
02-21 23:23:13 D/NativeDevice: Using property ro.build.version.sdk=34 from cache.
02-21 23:23:13 D/NativeDevice: Using property ro.build.version.sdk=34 from cache.
02-21 23:23:13 D/NativeDevice: Using property ro.build.version.codename=REL from cache.
02-21 23:23:13 D/AndroidJUnitTest: Attempting to push filters to /data/local/tmp/ajur/includes.txt
02-21 23:23:13 D/NativeDevice: Using 'ls' to check doesFileExist(/data/local/tmp/ajur)
02-21 23:23:13 D/RunUtil: Running command [adb, -s, 27161FDH20031X, shell, ls, '/data/local/tmp/ajur'] with timeout: 2m 0s
02-21 23:23:13 D/NativeDevice: File /data/local/tmp/ajur does not exist.
stdout: 
stderr: ls: /data/local/tmp/ajur: No such file or directory

02-21 23:23:13 D/NativeDevice: Using 'ls' to check doesFileExist(/data/local/tmp/ajur/includes.txt)
02-21 23:23:13 D/RunUtil: Running command [adb, -s, 27161FDH20031X, shell, ls, '/data/local/tmp/ajur/includes.txt'] with timeout: 2m 0s
02-21 23:23:13 D/FileUtil: Creating temp file at /home/simon/android-cts/tools/../../android-cts/logs/2026.02.21_23.22.28/inv_14389241179538646024 with prefix "filter-arm64-v8a%20CtsDisplayTestCases.include_" suffix ".txt.gz"
02-21 23:23:13 I/LogFileSaver: Saved gzip log file /home/simon/android-cts/tools/../../android-cts/logs/2026.02.21_23.22.28/inv_14389241179538646024/filter-arm64-v8a%20CtsDisplayTestCases.include_9182149515318557794.txt.gz. [size=10, elapsed=0ms]
02-21 23:23:13 D/CertificationSuiteResultReporter: Saved logs for filter-arm64-v8a%20CtsDisplayTestCases.include in /home/simon/android-cts/tools/../../android-cts/logs/2026.02.21_23.22.28/inv_14389241179538646024/filter-arm64-v8a%20CtsDisplayTestCases.include_9182149515318557794.txt.gz
02-21 23:23:13 D/FileUtil: Creating temp file at /tmp/13033356/cts/inv_2735182270890693870/inv_16136955001569196375 with prefix "filter-arm64-v8a%20CtsDisplayTestCases.include_" suffix ".txt.gz"
02-21 23:23:13 I/LogFileSaver: Saved gzip log file /tmp/13033356/cts/inv_2735182270890693870/inv_16136955001569196375/filter-arm64-v8a%20CtsDisplayTestCases.include_6527544422876070072.txt.gz. [size=10, elapsed=0ms]
02-21 23:23:13 D/AndroidJUnitTest: Attempting to push filters to /sdcard/googletest/test_runfiles/data/local/tmp/ajur/includes.txt
02-21 23:23:13 D/NativeDevice: Using 'ls' to check doesFileExist(/data/local/tmp/ajur)
02-21 23:23:13 D/RunUtil: Running command [adb, -s, 27161FDH20031X, shell, ls, '/data/local/tmp/ajur'] with timeout: 2m 0s
02-21 23:23:13 D/NativeDevice: Using property ro.build.version.sdk=34 from cache.
02-21 23:23:13 D/AndroidJUnitTest: Attempting to push filters to /data/local/tmp/ajur/excludes.txt
02-21 23:23:13 D/NativeDevice: Using 'ls' to check doesFileExist(/data/local/tmp/ajur)
02-21 23:23:13 D/RunUtil: Running command [adb, -s, 27161FDH20031X, shell, ls, '/data/local/tmp/ajur'] with timeout: 2m 0s
02-21 23:23:13 D/FileUtil: Creating temp file at /home/simon/android-cts/tools/../../android-cts/logs/2026.02.21_23.22.28/inv_14389241179538646024 with prefix "filter-arm64-v8a%20CtsDisplayTestCases.exclude_" suffix ".txt.gz"
02-21 23:23:13 I/LogFileSaver: Saved gzip log file /home/simon/android-cts/tools/../../android-cts/logs/2026.02.21_23.22.28/inv_14389241179538646024/filter-arm64-v8a%20CtsDisplayTestCases.exclude_13312825194987590206.txt.gz. [size=10, elapsed=0ms]
02-21 23:23:13 D/CertificationSuiteResultReporter: Saved logs for filter-arm64-v8a%20CtsDisplayTestCases.exclude in /home/simon/android-cts/tools/../../android-cts/logs/2026.02.21_23.22.28/inv_14389241179538646024/filter-arm64-v8a%20CtsDisplayTestCases.exclude_13312825194987590206.txt.gz
02-21 23:23:13 D/FileUtil: Creating temp file at /tmp/13033356/cts/inv_2735182270890693870/inv_16136955001569196375 with prefix "filter-arm64-v8a%20CtsDisplayTestCases.exclude_" suffix ".txt.gz"
02-21 23:23:13 I/LogFileSaver: Saved gzip log file /tmp/13033356/cts/inv_2735182270890693870/inv_16136955001569196375/filter-arm64-v8a%20CtsDisplayTestCases.exclude_17691435170769097600.txt.gz. [size=10, elapsed=0ms]
02-21 23:23:13 D/AndroidJUnitTest: Attempting to push filters to /sdcard/googletest/test_runfiles/data/local/tmp/ajur/excludes.txt
02-21 23:23:13 D/NativeDevice: Using 'ls' to check doesFileExist(/data/local/tmp/ajur)
02-21 23:23:13 D/RunUtil: Running command [adb, -s, 27161FDH20031X, shell, ls, '/data/local/tmp/ajur'] with timeout: 2m 0s
02-21 23:23:13 D/NativeDevice: Using property ro.build.version.sdk=34 from cache.
02-21 23:23:13 D/NativeDevice: Using property ro.build.version.sdk=34 from cache.
02-21 23:23:13 D/RunUtil: Running command [adb, -s, 27161FDH20031X, shell, pm, list, features] with timeout: 2m 0s
02-21 23:23:13 D/NativeDevice: Using property ro.build.version.sdk=34 from cache.
02-21 23:23:13 D/NativeDevice: Using property ro.build.version.codename=REL from cache.
02-21 23:23:13 D/RunUtil: Running command [aapt2, dump, badging, /tmp/services3335831207279525348.apk] with timeout: 1m 0s
02-21 23:23:13 D/RunUtil: Running command [aapt2, dump, xmltree, /tmp/services3335831207279525348.apk, --file, AndroidManifest.xml] with timeout: 1m 0s
02-21 23:23:13 D/TestAppInstallSetup: Installing apk androidx.test.services with [/tmp/services3335831207279525348.apk] ...
02-21 23:23:13 D/NativeDevice: Using property ro.build.version.sdk=34 from cache.
02-21 23:23:14 D/RunUtil: Running command [aapt, dump, badging, /tmp/services3335831207279525348.apk] with timeout: 1m 0s
02-21 23:23:14 D/RunUtil: Running command [aapt, dump, xmltree, /tmp/services3335831207279525348.apk, AndroidManifest.xml] with timeout: 1m 0s
02-21 23:23:14 D/NativeDevice: Using property ro.build.version.sdk=34 from cache.
02-21 23:23:14 D/RunUtil: Running command [adb, -s, 27161FDH20031X, shell, appops, set, --user, 0, --uid, androidx.test.services, MANAGE_EXTERNAL_STORAGE, 0] with timeout: 2m 0s
02-21 23:23:14 D/RunUtil: Running command [adb, -s, 27161FDH20031X, shell, appops, write-settings] with timeout: 2m 0s
02-21 23:23:14 D/RunUtil: Running command [adb, -s, 27161FDH20031X, shell, dumpsys, deviceidle, whitelist, +androidx.test.services] with timeout: 2m 0s
02-21 23:23:14 D/AndroidJUnitTest: stdout: Added: androidx.test.services

stderr: 
02-21 23:23:14 D/ListInstrumentationParser: instrumentation:android.display.cts/androidx.test.runner.AndroidJUnitRunner (target=android.display.cts)
02-21 23:23:14 D/ListInstrumentationParser: instrumentation:com.android.tradefed.utils.wifi/.WifiUtil (target=com.android.tradefed.utils.wifi)
02-21 23:23:14 D/ListInstrumentationParser: 
02-21 23:23:14 I/InstrumentationTest: No runner name specified. Using: androidx.test.runner.AndroidJUnitRunner.
02-21 23:23:14 D/NativeDevice: Using property ro.build.version.sdk=34 from cache.
02-21 23:23:14 D/NativeDevice: Using property ro.build.version.sdk=34 from cache.
02-21 23:23:14 D/InstrumentationTest: Collecting test info for android.display.cts on device 27161FDH20031X
02-21 23:23:14 I/RemoteAndroidTestRunner: Running am instrument -w -r --abi arm64-v8a  -e testFile /data/local/tmp/ajur/includes.txt -e debug false -e useTestStorageService true -e newRunListenerMode true -e log true -e notAnnotation com.android.compatibility.common.util.CtsDownstreamingTest,android.platform.test.annotations.AsbSecurityTest,android.platform.test.annotations.AppModeInstant -e notTestFile /data/local/tmp/ajur/excludes.txt -e timeout_msec 300000 android.display.cts/androidx.test.runner.AndroidJUnitRunner on google-aosp_on_panther-27161FDH20031X
02-21 23:23:15 D/InstrumentationTest: Initializing com.android.tradefed.device.metric.CountTestCasesCollector for instrumentation.
02-21 23:23:15 I/RemoteAndroidTestRunner: Running am instrument -w -r --abi arm64-v8a  -e testFile /data/local/tmp/ajur/includes.txt -e debug false -e useTestStorageService true -e newRunListenerMode true -e log false -e notAnnotation com.android.compatibility.common.util.CtsDownstreamingTest,android.platform.test.annotations.AsbSecurityTest,android.platform.test.annotations.AppModeInstant -e notTestFile /data/local/tmp/ajur/excludes.txt -e timeout_msec 300000 android.display.cts/androidx.test.runner.AndroidJUnitRunner on google-aosp_on_panther-27161FDH20031X
02-21 23:23:15 D/ModuleListener: ModuleListener.testRunStarted(android.display.cts, 1, 0) on 27161FDH20031X
02-21 23:23:15 D/ModuleListener: ModuleListener.testStarted(android.display.cts.DisplayTest#testGetMetrics) on 27161FDH20031X
02-21 23:23:16 I/ModuleListener: [1/1] 27161FDH20031X android.display.cts.DisplayTest#testGetMetrics FAILURE: java.lang.AssertionError: expected:<214> but was:<215>
	at org.junit.Assert.fail(Assert.java:89)
	at org.junit.Assert.failNotEquals(Assert.java:835)
	at org.junit.Assert.assertEquals(Assert.java:647)
	at org.junit.Assert.assertEquals(Assert.java:633)
	at android.display.cts.DisplayTest.testGetMetrics(DisplayTest.java:614)
	at android.display.cts.DisplayTest.testGetMetrics(DisplayTest.java:568)

02-21 23:23:16 D/ModuleListener: ModuleListener.testRunEnded(929) on 27161FDH20031X
02-21 23:23:16 D/TestDevice: Uninstalling androidx.test.services with extra args 
02-21 23:23:16 D/TestDevice: Uninstalling android.display.cts with extra args 
02-21 23:23:16 D/TestDevice: Uninstalling android.app.stubs with extra args 
02-21 23:23:17 I/NativeDeviceStateMonitor: Device 27161FDH20031X is already ONLINE
02-21 23:23:17 I/NativeDeviceStateMonitor: Waiting 360000 ms for device 27161FDH20031X boot complete
02-21 23:23:17 I/DeviceStateMonitor: Waiting 359965 ms for device 27161FDH20031X package manager
02-21 23:23:17 I/NativeDeviceStateMonitor: Waiting 359929 ms for device 27161FDH20031X external store
02-21 23:23:17 I/ConsoleReporter: [27161FDH20031X] Starting arm64-v8a CtsDisplayTestCases with 1 test
02-21 23:23:17 I/ConsoleReporter: [1/1 arm64-v8a CtsDisplayTestCases 27161FDH20031X] android.display.cts.DisplayTest#testGetMetrics fail: java.lang.AssertionError: expected:<214> but was:<215>
	at org.junit.Assert.fail(Assert.java:89)
	at org.junit.Assert.failNotEquals(Assert.java:835)
	at org.junit.Assert.assertEquals(Assert.java:647)
	at org.junit.Assert.assertEquals(Assert.java:633)
	at android.display.cts.DisplayTest.testGetMetrics(DisplayTest.java:614)
	at android.display.cts.DisplayTest.testGetMetrics(DisplayTest.java:568)

02-21 23:23:17 I/ConsoleReporter: [27161FDH20031X] arm64-v8a CtsDisplayTestCases completed in 4s. 0 passed, 1 failed, 0 not executed
02-21 23:23:17 I/ITestSuite: Running system status checker after module execution: arm64-v8a CtsDisplayTestCases
02-21 23:23:17 D/NativeDevice: Using property ro.build.version.sdk=34 from cache.
02-21 23:23:17 D/NativeDevice: Using property ro.build.version.sdk=34 from cache.
02-21 23:23:17 D/NativeDevice: Using property ro.build.version.sdk=34 from cache.
02-21 23:23:17 I/NativeDeviceStateMonitor: Device 27161FDH20031X is already ONLINE
02-21 23:23:17 I/NativeDeviceStateMonitor: Waiting 360000 ms for device 27161FDH20031X boot complete
02-21 23:23:17 I/DeviceStateMonitor: Waiting 359929 ms for device 27161FDH20031X package manager
02-21 23:23:17 I/NativeDeviceStateMonitor: Waiting 359828 ms for device 27161FDH20031X external store
02-21 23:23:18 I/MonitoringUtils: Wifi Connectivity: passed check.
02-21 23:23:18 D/TestDevice: Output from KeyguardController:   KeyguardController:
    mKeyguardShowing=false
    mAodShowing=false
    mKeyguardGoingAway=false

02-21 23:23:18 E/LeakedThreadStatusChecker: We have 4 threads instead of 1. List: [Thread[Invocation-27161FDH20031X,5,Invocation-27161FDH20031X], Thread[BackgroundDeviceAction-logcat -b all -v threadtime,uid,5,Invocation-27161FDH20031X], Thread[Timer-1,5,Invocation-27161FDH20031X], Thread[grpc-default-worker-ELG-3-1,5,Invocation-27161FDH20031X]]
02-21 23:23:18 W/ITestSuite: System status checker [com.android.tradefed.suite.checker.LeakedThreadStatusChecker] failed
02-21 23:23:18 D/NativeDevice: Time offset = 1634 ms
02-21 23:23:18 D/DeviceSettingChecker: Begin postExecution for checking device setting
02-21 23:23:19 D/NativeDevice: Using property ro.build.version.sdk=34 from cache.
02-21 23:23:19 W/ITestSuite: There are failed system status checkers: {com.android.tradefed.suite.checker.LeakedThreadStatusChecker=We have 4 threads instead of 1. List: [Thread[Invocation-27161FDH20031X,5,Invocation-27161FDH20031X], Thread[BackgroundDeviceAction-logcat -b all -v threadtime,uid,5,Invocation-27161FDH20031X], Thread[Timer-1,5,Invocation-27161FDH20031X], Thread[grpc-default-worker-ELG-3-1,5,Invocation-27161FDH20031X]]}
02-21 23:23:19 D/FileUtil: Creating temp file at /home/simon/android-cts/tools/../../android-cts/results/2026.02.21_23.22.28/proto with prefix "tmp-proto" suffix ""
02-21 23:23:19 D/PrettyPrintDelimiter: 
=============================
===== TEST PHASE ENDING =====
=============================
02-21 23:23:19 D/LogFileSaver: Log data for device_logcat_test_27161FDH20031X is already compressed, skipping compression
02-21 23:23:19 D/FileUtil: Creating temp file at /home/simon/android-cts/tools/../../android-cts/logs/2026.02.21_23.22.28/inv_14389241179538646024 with prefix "device_logcat_test_27161FDH20031X_" suffix ".txt"
02-21 23:23:19 I/LogFileSaver: Saved log file /home/simon/android-cts/tools/../../android-cts/logs/2026.02.21_23.22.28/inv_14389241179538646024/device_logcat_test_27161FDH20031X_14806481056117799656.txt. [size=4978000, elapsed=1ms]
02-21 23:23:19 D/CertificationSuiteResultReporter: Saved logs for device_logcat_test_27161FDH20031X in /home/simon/android-cts/tools/../../android-cts/logs/2026.02.21_23.22.28/inv_14389241179538646024/device_logcat_test_27161FDH20031X_14806481056117799656.txt
02-21 23:23:19 D/LogFileSaver: Log data for device_logcat_test_27161FDH20031X is already compressed, skipping compression
02-21 23:23:19 D/FileUtil: Creating temp file at /tmp/13033356/cts/inv_2735182270890693870/inv_16136955001569196375 with prefix "device_logcat_test_27161FDH20031X_" suffix ".txt"
02-21 23:23:19 I/LogFileSaver: Saved log file /tmp/13033356/cts/inv_2735182270890693870/inv_16136955001569196375/device_logcat_test_27161FDH20031X_13890987283591019052.txt. [size=4978000, elapsed=2ms]
02-21 23:23:19 I/CommandInterrupter: Interrupt blocked
02-21 23:23:19 D/TestInvocation: Testing minimum responsiveness.
02-21 23:23:19 I/NativeDeviceStateMonitor: Device 27161FDH20031X is already ONLINE
02-21 23:23:19 D/RunUtil: Running command [adb, -s, 27161FDH20031X, shell, getprop, ro.build.version.sdk] with timeout: 45s
02-21 23:23:19 D/FileUtil: Creating temp file at /home/simon/android-cts/tools/../../android-cts/logs/2026.02.21_23.22.28/inv_14389241179538646024 with prefix "executeShellCommandLog_27161FDH20031X_" suffix ".txt.gz"
02-21 23:23:19 I/LogFileSaver: Saved gzip log file /home/simon/android-cts/tools/../../android-cts/logs/2026.02.21_23.22.28/inv_14389241179538646024/executeShellCommandLog_27161FDH20031X_1479668841230321286.txt.gz. [size=10, elapsed=1ms]
02-21 23:23:19 D/CertificationSuiteResultReporter: Saved logs for executeShellCommandLog_27161FDH20031X in /home/simon/android-cts/tools/../../android-cts/logs/2026.02.21_23.22.28/inv_14389241179538646024/executeShellCommandLog_27161FDH20031X_1479668841230321286.txt.gz
02-21 23:23:19 D/FileUtil: Creating temp file at /tmp/13033356/cts/inv_2735182270890693870/inv_16136955001569196375 with prefix "executeShellCommandLog_27161FDH20031X_" suffix ".txt.gz"
02-21 23:23:19 I/LogFileSaver: Saved gzip log file /tmp/13033356/cts/inv_2735182270890693870/inv_16136955001569196375/executeShellCommandLog_27161FDH20031X_12584513269661504701.txt.gz. [size=10, elapsed=0ms]
02-21 23:23:19 D/TestInvocation: Checking that devices are online.
02-21 23:23:19 I/NativeDeviceStateMonitor: Device 27161FDH20031X is already ONLINE
02-21 23:23:19 I/NativeDeviceStateMonitor: Waiting 180000 ms for device 27161FDH20031X boot complete
02-21 23:23:19 I/DeviceStateMonitor: Waiting 179944 ms for device 27161FDH20031X package manager
02-21 23:23:19 I/NativeDeviceStateMonitor: Waiting 179848 ms for device 27161FDH20031X external store
02-21 23:23:19 D/InvocationExecution: starting tearDown 'com.android.compatibility.common.tradefed.targetprep.PropertyCheck@1b5dfb2b' on device: '27161FDH20031X'
02-21 23:23:19 D/InvocationExecution: done with tearDown 'com.android.compatibility.common.tradefed.targetprep.PropertyCheck@1b5dfb2b' on device: '27161FDH20031X' in 1 ms
02-21 23:23:19 D/InvocationExecution: starting tearDown 'com.android.compatibility.common.tradefed.targetprep.PropertyCheck@25c63693' on device: '27161FDH20031X'
02-21 23:23:19 D/InvocationExecution: done with tearDown 'com.android.compatibility.common.tradefed.targetprep.PropertyCheck@25c63693' on device: '27161FDH20031X' in 0 ms
02-21 23:23:19 D/InvocationExecution: starting tearDown 'com.android.compatibility.common.tradefed.targetprep.PropertyCheck@38aa109c' on device: '27161FDH20031X'
02-21 23:23:19 D/InvocationExecution: done with tearDown 'com.android.compatibility.common.tradefed.targetprep.PropertyCheck@38aa109c' on device: '27161FDH20031X' in 0 ms
02-21 23:23:19 D/InvocationExecution: starting tearDown 'com.android.tradefed.targetprep.RunCommandTargetPreparer@5ae9a157' on device: '27161FDH20031X'
02-21 23:23:19 D/RunUtil: Running command [adb, -s, 27161FDH20031X, shell, settings, put, global, verifier_engprod, 0] with timeout: 2m 0s
02-21 23:23:20 D/InvocationExecution: done with tearDown 'com.android.tradefed.targetprep.RunCommandTargetPreparer@5ae9a157' on device: '27161FDH20031X' in 73 ms
02-21 23:23:20 D/InvocationExecution: starting tearDown 'com.android.tradefed.targetprep.RunCommandTargetPreparer@16e26f72' on device: '27161FDH20031X'
02-21 23:23:20 D/RunUtil: Running command [adb, -s, 27161FDH20031X, shell, settings, put, global, package_verifier_enable, 1] with timeout: 2m 0s
02-21 23:23:20 D/InvocationExecution: done with tearDown 'com.android.tradefed.targetprep.RunCommandTargetPreparer@16e26f72' on device: '27161FDH20031X' in 76 ms
02-21 23:23:20 D/InvocationExecution: starting tearDown 'com.android.compatibility.common.tradefed.targetprep.ReportLogCollector@798ad28a' on device: '27161FDH20031X'
02-21 23:23:20 D/NativeDevice: Using property ro.build.version.sdk=34 from cache.
02-21 23:23:20 D/NativeDevice: Using 'ls' to check doesFileExist(/storage/emulated/0/report-log-files/)
02-21 23:23:20 D/RunUtil: Running command [adb, -s, 27161FDH20031X, shell, ls, '/storage/emulated/0/report-log-files/'] with timeout: 2m 0s
02-21 23:23:20 D/NativeDevice: File /storage/emulated/0/report-log-files/ does not exist.
stdout: 
stderr: ls: /storage/emulated/0/report-log-files/: No such file or directory

02-21 23:23:20 E/NativeDevice: Device path /sdcard/report-log-files/ does not exist to be pulled.
02-21 23:23:20 D/InvocationExecution: done with tearDown 'com.android.compatibility.common.tradefed.targetprep.ReportLogCollector@798ad28a' on device: '27161FDH20031X' in 164 ms
02-21 23:23:20 D/InvocationExecution: starting tearDown 'com.android.compatibility.common.tradefed.targetprep.DeviceInfoCollector@6a05163c' on device: '27161FDH20031X'
02-21 23:23:20 D/InvocationExecution: done with tearDown 'com.android.compatibility.common.tradefed.targetprep.DeviceInfoCollector@6a05163c' on device: '27161FDH20031X' in 1 ms
02-21 23:23:20 D/InvocationExecution: starting tearDown 'com.android.tradefed.targetprep.RunCommandTargetPreparer@6688595' on device: '27161FDH20031X'
02-21 23:23:20 D/InvocationExecution: done with tearDown 'com.android.tradefed.targetprep.RunCommandTargetPreparer@6688595' on device: '27161FDH20031X' in 0 ms
02-21 23:23:20 D/InvocationExecution: starting tearDown 'com.android.compatibility.common.tradefed.targetprep.WifiCheck@67980cb6' on device: '27161FDH20031X'
02-21 23:23:20 D/InvocationExecution: done with tearDown 'com.android.compatibility.common.tradefed.targetprep.WifiCheck@67980cb6' on device: '27161FDH20031X' in 0 ms
02-21 23:23:20 D/InvocationExecution: starting tearDown 'com.android.compatibility.common.tradefed.targetprep.ApkPreconditionCheck@245c6bd2' on device: '27161FDH20031X'
02-21 23:23:20 D/InvocationExecution: done with tearDown 'com.android.compatibility.common.tradefed.targetprep.ApkPreconditionCheck@245c6bd2' on device: '27161FDH20031X' in 0 ms
02-21 23:23:20 D/InvocationExecution: starting tearDown 'com.android.compatibility.common.tradefed.targetprep.SettingsPreparer@19d57140' on device: '27161FDH20031X'
02-21 23:23:20 D/InvocationExecution: done with tearDown 'com.android.compatibility.common.tradefed.targetprep.SettingsPreparer@19d57140' on device: '27161FDH20031X' in 0 ms
02-21 23:23:20 D/InvocationExecution: starting tearDown 'com.android.compatibility.common.tradefed.targetprep.SettingsPreparer@4d56629d' on device: '27161FDH20031X'
02-21 23:23:20 D/InvocationExecution: done with tearDown 'com.android.compatibility.common.tradefed.targetprep.SettingsPreparer@4d56629d' on device: '27161FDH20031X' in 0 ms
02-21 23:23:20 D/InvocationExecution: starting tearDown 'com.android.compatibility.common.tradefed.targetprep.PackageDisabler@6207aba8' on device: '27161FDH20031X'
02-21 23:23:20 D/InvocationExecution: done with tearDown 'com.android.compatibility.common.tradefed.targetprep.PackageDisabler@6207aba8' on device: '27161FDH20031X' in 0 ms
02-21 23:23:20 D/InvocationExecution: starting tearDown 'com.android.compatibility.common.tradefed.targetprep.StayAwakePreparer@5b8fa370' on device: '27161FDH20031X'
02-21 23:23:20 D/InvocationExecution: done with tearDown 'com.android.compatibility.common.tradefed.targetprep.StayAwakePreparer@5b8fa370' on device: '27161FDH20031X' in 0 ms
02-21 23:23:20 D/InvocationExecution: starting tearDown 'com.android.compatibility.common.tradefed.targetprep.DynamicConfigPusher@51b9ec42' on device: '27161FDH20031X'
02-21 23:23:20 D/InvocationExecution: done with tearDown 'com.android.compatibility.common.tradefed.targetprep.DynamicConfigPusher@51b9ec42' on device: '27161FDH20031X' in 0 ms
02-21 23:23:20 D/InvocationExecution: starting tearDown 'com.android.compatibility.common.tradefed.targetprep.DeviceFileCollector@6665863c' on device: '27161FDH20031X'
02-21 23:23:20 D/InvocationExecution: done with tearDown 'com.android.compatibility.common.tradefed.targetprep.DeviceFileCollector@6665863c' on device: '27161FDH20031X' in 0 ms
02-21 23:23:20 D/InvocationExecution: starting tearDown 'com.android.compatibility.common.tradefed.targetprep.DeviceFileCollector@5cdacb13' on device: '27161FDH20031X'
02-21 23:23:20 D/InvocationExecution: done with tearDown 'com.android.compatibility.common.tradefed.targetprep.DeviceFileCollector@5cdacb13' on device: '27161FDH20031X' in 0 ms
02-21 23:23:20 D/TestDevice: Uninstalling com.android.tradefed.utils.wifi with extra args 
02-21 23:23:20 D/WifiHelper: Successfully clean up WifiHelper.
02-21 23:23:20 D/RunUtil: Running command [id, -u, simon] with timeout: 1m 0s
02-21 23:23:20 D/RunUtil: Running command [tail, -c, 10MB, /tmp/adb.1000.log] with timeout: 1m 0s
02-21 23:23:20 D/LogFileSaver: Log data for host_adb_log is already compressed, skipping compression
02-21 23:23:20 D/FileUtil: Creating temp file at /home/simon/android-cts/tools/../../android-cts/logs/2026.02.21_23.22.28/inv_14389241179538646024 with prefix "host_adb_log_" suffix ".txt"
02-21 23:23:20 I/LogFileSaver: Saved log file /home/simon/android-cts/tools/../../android-cts/logs/2026.02.21_23.22.28/inv_14389241179538646024/host_adb_log_1925877565255562760.txt. [size=20726, elapsed=0ms]
02-21 23:23:20 D/CertificationSuiteResultReporter: Saved logs for host_adb_log in /home/simon/android-cts/tools/../../android-cts/logs/2026.02.21_23.22.28/inv_14389241179538646024/host_adb_log_1925877565255562760.txt
02-21 23:23:20 D/LogFileSaver: Log data for host_adb_log is already compressed, skipping compression
02-21 23:23:20 D/FileUtil: Creating temp file at /tmp/13033356/cts/inv_2735182270890693870/inv_16136955001569196375 with prefix "host_adb_log_" suffix ".txt"
02-21 23:23:20 I/LogFileSaver: Saved log file /tmp/13033356/cts/inv_2735182270890693870/inv_16136955001569196375/host_adb_log_4755763681784127646.txt. [size=20726, elapsed=0ms]
02-21 23:23:20 D/LogFileSaver: Log data for device_logcat_teardown_27161FDH20031X is already compressed, skipping compression
02-21 23:23:20 D/FileUtil: Creating temp file at /home/simon/android-cts/tools/../../android-cts/logs/2026.02.21_23.22.28/inv_14389241179538646024 with prefix "device_logcat_teardown_27161FDH20031X_" suffix ".txt"
02-21 23:23:20 I/LogFileSaver: Saved log file /home/simon/android-cts/tools/../../android-cts/logs/2026.02.21_23.22.28/inv_14389241179538646024/device_logcat_teardown_27161FDH20031X_14677111866416944412.txt. [size=1470, elapsed=0ms]
02-21 23:23:20 D/CertificationSuiteResultReporter: Saved logs for device_logcat_teardown_27161FDH20031X in /home/simon/android-cts/tools/../../android-cts/logs/2026.02.21_23.22.28/inv_14389241179538646024/device_logcat_teardown_27161FDH20031X_14677111866416944412.txt
02-21 23:23:20 D/LogFileSaver: Log data for device_logcat_teardown_27161FDH20031X is already compressed, skipping compression
02-21 23:23:20 D/FileUtil: Creating temp file at /tmp/13033356/cts/inv_2735182270890693870/inv_16136955001569196375 with prefix "device_logcat_teardown_27161FDH20031X_" suffix ".txt"
02-21 23:23:20 I/LogFileSaver: Saved log file /tmp/13033356/cts/inv_2735182270890693870/inv_16136955001569196375/device_logcat_teardown_27161FDH20031X_8629292895794517806.txt. [size=1470, elapsed=0ms]
02-21 23:23:20 I/TestInvocation: Done stopping logcat for 27161FDH20031X
02-21 23:23:20 D/BackgroundDeviceAction: com.android.ddmlib.TimeoutException while running logcat on 27161FDH20031X. May see duplicated content in log.
02-21 23:23:20 D/BackgroundDeviceAction: Waiting for device 27161FDH20031X online before starting.
02-21 23:23:20 D/CommandScheduler: TestDeviceState for releasing '27161FDH20031X(class com.android.tradefed.device.TestDevice)' is 'ONLINE'
02-21 23:23:20 I/NativeDeviceStateMonitor: Waiting 30000 ms for device 27161FDH20031X shell to be responsive
02-21 23:23:20 I/NativeDeviceStateMonitor: shell ready. id output: uid=2000(shell) gid=2000(shell) groups=2000(shell),1004(input),1007(log),1011(adb),1015(sdcard_rw),1028(sdcard_r),1078(ext_data_rw),1079(ext_obb_rw),3001(net_bt_admin),3002(net_bt),3003(inet),3006(net_bw_stats),3009(readproc),3011(uhid),3012(readtracefs) context=u:r:shell:s0

02-21 23:23:20 D/CommandScheduler: Release map of the devices: {com.android.tradefed.device.TestDevice@64fa9106=AVAILABLE}
02-21 23:23:20 W/NativeDevice: Attempting to stop logcat when not capturing for 27161FDH20031X
02-21 23:23:20 D/TestDevice: No snapuserd notification in progress for BLOCK_BEFORE_RELEASING
