02-06 05:51:30 D/ConfigurationFactory: Searching the 'config/' config path
==================
Notice:
We collect anonymous usage statistics in accordance with our Content Licenses (https://source.android.com/setup/start/licenses), Contributor License Agreement (https://opensource.google.com/docs/cla/), Privacy Policy (https://policies.google.com/privacy) and Terms of Service (https://policies.google.com/terms).
==================
02-06 05:51:30 D/TradefedFeatureServer: Starting feature server.
02-06 05:51:30 D/GlobalConfiguration: Resolve and remote files from @Option
Android Compatibility Test Suite 14_r7 (13033356)
Use "help" or "help all" to get more information on running commands.
Non-interactive mode: Running initial command then exiting.
Using commandline arguments as starting command: [run, cts, -m, CtsDisplayTestCases, -s, 27161FDH20031X, --skip-preconditions, --skip-device-info]
02-06 05:51:30 I/DeviceManager: Detected new device 27161FDH20031X
02-06 05:51:30 I/CommandScheduler: Received shutdown request.
02-06 05:51:30 I/CommandScheduler: Waiting for invocation threads to complete
02-06 05:51:30 I/TestInvocation: Starting invocation for 'cts' with '[ DeviceBuildInfo{bid=13033356, serial=27161FDH20031X} on device '27161FDH20031X'] 
05:51:30 W/BatteryFetcher: Multiple lines matched with different value; Original: 100, Current: 99 (keeping original)
02-06 05:51:32 D/ITestSuite: [Total Unique Modules = 2]
02-06 05:51:32 I/ITestSuite: 27161FDH20031X running 2 modules: [arm64-v8a CtsDisplayTestCases[instant], arm64-v8a CtsDisplayTestCases]
02-06 05:51:43 D/ModuleDefinition: Running module arm64-v8a CtsDisplayTestCases[instant]
02-06 05:51:47 I/ModuleListener: [1/64] 27161FDH20031X android.display.cts.DefaultDisplayModeTest#testSetUserPreferredResolutionForSpecificDisplay ASSUMPTION_FAILURE: org.junit.AssumptionViolatedException: Need an Android TV device to run this test.
	at org.junit.Assume.assumeTrue(Assume.java:68)
	at android.display.cts.DefaultDisplayModeTest.setUp(DefaultDisplayModeTest.java:74)
	at java.lang.reflect.Method.invoke(Native Method)
	at org.junit.runners.model.FrameworkMethod$1.runReflectiveCall(FrameworkMethod.java:59)
	at org.junit.internal.runners.model.ReflectiveCallable.run(ReflectiveCallable.java:12)
	at org.junit.runners.model.FrameworkMethod.invokeExplosively(FrameworkMethod.java:61)
	at androidx.test.internal.runner.junit4.statement.RunBefores.evaluate(RunBefores.java:76)
	at androidx.test.internal.runner.junit4.statement.RunAfters.evaluate(RunAfters.java:61)
	at com.android.compatibility.common.util.AdoptShellPermissionsRule$1.evaluate(AdoptShellPermissionsRule.java:68)
	at org.junit.runners.ParentRunner$3.evaluate(ParentRunner.java:306)
	at org.junit.runners.BlockJUnit4ClassRunner$1.evaluate(BlockJUnit4ClassRunner.java:100)
	at org.junit.runners.ParentRunner.runLeaf(ParentRunner.java:366)
	at org.junit.runners.BlockJUnit4ClassRunner.runChild(BlockJUnit4ClassRunner.java:103)
	at org.junit.runners.BlockJUnit4ClassRunner.runChild(BlockJUnit4ClassRunner.java:63)
	at org.junit.runners.ParentRunner$4.run(ParentRunner.java:331)
	at org.junit.runners.ParentRunner$1.schedule(ParentRunner.java:79)
	at org.junit.runners.ParentRunner.runChildren(ParentRunner.java:329)
	at org.junit.runners.ParentRunner.-$$Nest$mrunChildren(Unknown Source:0)
	at org.junit.runners.ParentRunner$2.evaluate(ParentRunner.java:293)
	at org.junit.runners.ParentRunner$3.evaluate(ParentRunner.java:306)
	at org.junit.runners.ParentRunner.run(ParentRunner.java:413)
	at androidx.test.runner.AndroidJUnit4.run(AndroidJUnit4.java:111)
	at org.junit.runners.Suite.runChild(Suite.java:128)
	at org.junit.runners.Suite.runChild(Suite.java:27)
	at org.junit.runners.ParentRunner$4.run(ParentRunner.java:331)
	at org.junit.runners.ParentRunner$1.schedule(ParentRunner.java:79)
	at org.junit.runners.ParentRunner.runChildren(ParentRunner.java:329)
	at org.junit.runners.ParentRunner.-$$Nest$mrunChildren(Unknown Source:0)
	at org.junit.runners.ParentRunner$2.evaluate(ParentRunner.java:293)
	at org.junit.runners.ParentRunner$3.evaluate(ParentRunner.java:306)
	at org.junit.runners.ParentRunner.run(ParentRunner.java:413)
	at org.junit.runner.JUnitCore.run(JUnitCore.java:137)
	at org.junit.runner.JUnitCore.run(JUnitCore.java:115)
	at androidx.test.internal.runner.TestExecutor.execute(TestExecutor.java:67)
	at androidx.test.internal.runner.TestExecutor.execute(TestExecutor.java:58)
	at androidx.test.runner.AndroidJUnitRunner.onStart(AndroidJUnitRunner.java:445)
	at android.app.Instrumentation$InstrumentationThread.run(Instrumentation.java:2594)
02-06 05:51:47 I/ModuleListener: [2/64] 27161FDH20031X android.display.cts.DefaultDisplayModeTest#testSetUserPreferredDisplayModeForSpecificDisplay ASSUMPTION_FAILURE: org.junit.AssumptionViolatedException: Need an Android TV device to run this test.
	at org.junit.Assume.assumeTrue(Assume.java:68)
	at android.display.cts.DefaultDisplayModeTest.setUp(DefaultDisplayModeTest.java:74)
	at java.lang.reflect.Method.invoke(Native Method)
	at org.junit.runners.model.FrameworkMethod$1.runReflectiveCall(FrameworkMethod.java:59)
	at org.junit.internal.runners.model.ReflectiveCallable.run(ReflectiveCallable.java:12)
	at org.junit.runners.model.FrameworkMethod.invokeExplosively(FrameworkMethod.java:61)
	at androidx.test.internal.runner.junit4.statement.RunBefores.evaluate(RunBefores.java:76)
	at androidx.test.internal.runner.junit4.statement.RunAfters.evaluate(RunAfters.java:61)
	at com.android.compatibility.common.util.AdoptShellPermissionsRule$1.evaluate(AdoptShellPermissionsRule.java:68)
	at org.junit.runners.ParentRunner$3.evaluate(ParentRunner.java:306)
	at org.junit.runners.BlockJUnit4ClassRunner$1.evaluate(BlockJUnit4ClassRunner.java:100)
	at org.junit.runners.ParentRunner.runLeaf(ParentRunner.java:366)
	at org.junit.runners.BlockJUnit4ClassRunner.runChild(BlockJUnit4ClassRunner.java:103)
	at org.junit.runners.BlockJUnit4ClassRunner.runChild(BlockJUnit4ClassRunner.java:63)
	at org.junit.runners.ParentRunner$4.run(ParentRunner.java:331)
	at org.junit.runners.ParentRunner$1.schedule(ParentRunner.java:79)
	at org.junit.runners.ParentRunner.runChildren(ParentRunner.java:329)
	at org.junit.runners.ParentRunner.-$$Nest$mrunChildren(Unknown Source:0)
	at org.junit.runners.ParentRunner$2.evaluate(ParentRunner.java:293)
	at org.junit.runners.ParentRunner$3.evaluate(ParentRunner.java:306)
	at org.junit.runners.ParentRunner.run(ParentRunner.java:413)
	at androidx.test.runner.AndroidJUnit4.run(AndroidJUnit4.java:111)
	at org.junit.runners.Suite.runChild(Suite.java:128)
	at org.junit.runners.Suite.runChild(Suite.java:27)
	at org.junit.runners.ParentRunner$4.run(ParentRunner.java:331)
	at org.junit.runners.ParentRunner$1.schedule(ParentRunner.java:79)
	at org.junit.runners.ParentRunner.runChildren(ParentRunner.java:329)
	at org.junit.runners.ParentRunner.-$$Nest$mrunChildren(Unknown Source:0)
	at org.junit.runners.ParentRunner$2.evaluate(ParentRunner.java:293)
	at org.junit.runners.ParentRunner$3.evaluate(ParentRunner.java:306)
	at org.junit.runners.ParentRunner.run(ParentRunner.java:413)
	at org.junit.runner.JUnitCore.run(JUnitCore.java:137)
	at org.junit.runner.JUnitCore.run(JUnitCore.java:115)
	at androidx.test.internal.runner.TestExecutor.execute(TestExecutor.java:67)
	at androidx.test.internal.runner.TestExecutor.execute(TestExecutor.java:58)
	at androidx.test.runner.AndroidJUnitRunner.onStart(AndroidJUnitRunner.java:445)
	at android.app.Instrumentation$InstrumentationThread.run(Instrumentation.java:2594)
02-06 05:51:47 I/ModuleListener: [3/64] 27161FDH20031X android.display.cts.DefaultDisplayModeTest#testGetUserPreferredDisplayMode ASSUMPTION_FAILURE: org.junit.AssumptionViolatedException: Need an Android TV device to run this test.
	at org.junit.Assume.assumeTrue(Assume.java:68)
	at android.display.cts.DefaultDisplayModeTest.setUp(DefaultDisplayModeTest.java:74)
	at java.lang.reflect.Method.invoke(Native Method)
	at org.junit.runners.model.FrameworkMethod$1.runReflectiveCall(FrameworkMethod.java:59)
	at org.junit.internal.runners.model.ReflectiveCallable.run(ReflectiveCallable.java:12)
	at org.junit.runners.model.FrameworkMethod.invokeExplosively(FrameworkMethod.java:61)
	at androidx.test.internal.runner.junit4.statement.RunBefores.evaluate(RunBefores.java:76)
	at androidx.test.internal.runner.junit4.statement.RunAfters.evaluate(RunAfters.java:61)
	at com.android.compatibility.common.util.AdoptShellPermissionsRule$1.evaluate(AdoptShellPermissionsRule.java:68)
	at org.junit.runners.ParentRunner$3.evaluate(ParentRunner.java:306)
	at org.junit.runners.BlockJUnit4ClassRunner$1.evaluate(BlockJUnit4ClassRunner.java:100)
	at org.junit.runners.ParentRunner.runLeaf(ParentRunner.java:366)
	at org.junit.runners.BlockJUnit4ClassRunner.runChild(BlockJUnit4ClassRunner.java:103)
	at org.junit.runners.BlockJUnit4ClassRunner.runChild(BlockJUnit4ClassRunner.java:63)
	at org.junit.runners.ParentRunner$4.run(ParentRunner.java:331)
	at org.junit.runners.ParentRunner$1.schedule(ParentRunner.java:79)
	at org.junit.runners.ParentRunner.runChildren(ParentRunner.java:329)
	at org.junit.runners.ParentRunner.-$$Nest$mrunChildren(Unknown Source:0)
	at org.junit.runners.ParentRunner$2.evaluate(ParentRunner.java:293)
	at org.junit.runners.ParentRunner$3.evaluate(ParentRunner.java:306)
	at org.junit.runners.ParentRunner.run(ParentRunner.java:413)
	at androidx.test.runner.AndroidJUnit4.run(AndroidJUnit4.java:111)
	at org.junit.runners.Suite.runChild(Suite.java:128)
	at org.junit.runners.Suite.runChild(Suite.java:27)
	at org.junit.runners.ParentRunner$4.run(ParentRunner.java:331)
	at org.junit.runners.ParentRunner$1.schedule(ParentRunner.java:79)
	at org.junit.runners.ParentRunner.runChildren(ParentRunner.java:329)
	at org.junit.runners.ParentRunner.-$$Nest$mrunChildren(Unknown Source:0)
	at org.junit.runners.ParentRunner$2.evaluate(ParentRunner.java:293)
	at org.junit.runners.ParentRunner$3.evaluate(ParentRunner.java:306)
	at org.junit.runners.ParentRunner.run(ParentRunner.java:413)
	at org.junit.runner.JUnitCore.run(JUnitCore.java:137)
	at org.junit.runner.JUnitCore.run(JUnitCore.java:115)
	at androidx.test.internal.runner.TestExecutor.execute(TestExecutor.java:67)
	at androidx.test.internal.runner.TestExecutor.execute(TestExecutor.java:58)
	at androidx.test.runner.AndroidJUnitRunner.onStart(AndroidJUnitRunner.java:445)
	at android.app.Instrumentation$InstrumentationThread.run(Instrumentation.java:2594)
02-06 05:51:47 I/ModuleListener: [4/64] 27161FDH20031X android.display.cts.DefaultDisplayModeTest#testSetAndClearUserPreferredDisplayModeGeneratesDisplayChangedEvents ASSUMPTION_FAILURE: org.junit.AssumptionViolatedException: Need an Android TV device to run this test.
	at org.junit.Assume.assumeTrue(Assume.java:68)
	at android.display.cts.DefaultDisplayModeTest.setUp(DefaultDisplayModeTest.java:74)
	at java.lang.reflect.Method.invoke(Native Method)
	at org.junit.runners.model.FrameworkMethod$1.runReflectiveCall(FrameworkMethod.java:59)
	at org.junit.internal.runners.model.ReflectiveCallable.run(ReflectiveCallable.java:12)
	at org.junit.runners.model.FrameworkMethod.invokeExplosively(FrameworkMethod.java:61)
	at androidx.test.internal.runner.junit4.statement.RunBefores.evaluate(RunBefores.java:76)
	at androidx.test.internal.runner.junit4.statement.RunAfters.evaluate(RunAfters.java:61)
	at com.android.compatibility.common.util.AdoptShellPermissionsRule$1.evaluate(AdoptShellPermissionsRule.java:68)
	at org.junit.runners.ParentRunner$3.evaluate(ParentRunner.java:306)
	at org.junit.runners.BlockJUnit4ClassRunner$1.evaluate(BlockJUnit4ClassRunner.java:100)
	at org.junit.runners.ParentRunner.runLeaf(ParentRunner.java:366)
	at org.junit.runners.BlockJUnit4ClassRunner.runChild(BlockJUnit4ClassRunner.java:103)
	at org.junit.runners.BlockJUnit4ClassRunner.runChild(BlockJUnit4ClassRunner.java:63)
	at org.junit.runners.ParentRunner$4.run(ParentRunner.java:331)
	at org.junit.runners.ParentRunner$1.schedule(ParentRunner.java:79)
	at org.junit.runners.ParentRunner.runChildren(ParentRunner.java:329)
	at org.junit.runners.ParentRunner.-$$Nest$mrunChildren(Unknown Source:0)
	at org.junit.runners.ParentRunner$2.evaluate(ParentRunner.java:293)
	at org.junit.runners.ParentRunner$3.evaluate(ParentRunner.java:306)
	at org.junit.runners.ParentRunner.run(ParentRunner.java:413)
	at androidx.test.runner.AndroidJUnit4.run(AndroidJUnit4.java:111)
	at org.junit.runners.Suite.runChild(Suite.java:128)
	at org.junit.runners.Suite.runChild(Suite.java:27)
	at org.junit.runners.ParentRunner$4.run(ParentRunner.java:331)
	at org.junit.runners.ParentRunner$1.schedule(ParentRunner.java:79)
	at org.junit.runners.ParentRunner.runChildren(ParentRunner.java:329)
	at org.junit.runners.ParentRunner.-$$Nest$mrunChildren(Unknown Source:0)
	at org.junit.runners.ParentRunner$2.evaluate(ParentRunner.java:293)
	at org.junit.runners.ParentRunner$3.evaluate(ParentRunner.java:306)
	at org.junit.runners.ParentRunner.run(ParentRunner.java:413)
	at org.junit.runner.JUnitCore.run(JUnitCore.java:137)
	at org.junit.runner.JUnitCore.run(JUnitCore.java:115)
	at androidx.test.internal.runner.TestExecutor.execute(TestExecutor.java:67)
	at androidx.test.internal.runner.TestExecutor.execute(TestExecutor.java:58)
	at androidx.test.runner.AndroidJUnitRunner.onStart(AndroidJUnitRunner.java:445)
	at android.app.Instrumentation$InstrumentationThread.run(Instrumentation.java:2594)
02-06 05:51:47 I/ModuleListener: [5/64] 27161FDH20031X android.display.cts.DefaultDisplayModeTest#testSetUserPreferredRefreshRateForSpecificDisplay ASSUMPTION_FAILURE: org.junit.AssumptionViolatedException: Need an Android TV device to run this test.
	at org.junit.Assume.assumeTrue(Assume.java:68)
	at android.display.cts.DefaultDisplayModeTest.setUp(DefaultDisplayModeTest.java:74)
	at java.lang.reflect.Method.invoke(Native Method)
	at org.junit.runners.model.FrameworkMethod$1.runReflectiveCall(FrameworkMethod.java:59)
	at org.junit.internal.runners.model.ReflectiveCallable.run(ReflectiveCallable.java:12)
	at org.junit.runners.model.FrameworkMethod.invokeExplosively(FrameworkMethod.java:61)
	at androidx.test.internal.runner.junit4.statement.RunBefores.evaluate(RunBefores.java:76)
	at androidx.test.internal.runner.junit4.statement.RunAfters.evaluate(RunAfters.java:61)
	at com.android.compatibility.common.util.AdoptShellPermissionsRule$1.evaluate(AdoptShellPermissionsRule.java:68)
	at org.junit.runners.ParentRunner$3.evaluate(ParentRunner.java:306)
	at org.junit.runners.BlockJUnit4ClassRunner$1.evaluate(BlockJUnit4ClassRunner.java:100)
	at org.junit.runners.ParentRunner.runLeaf(ParentRunner.java:366)
	at org.junit.runners.BlockJUnit4ClassRunner.runChild(BlockJUnit4ClassRunner.java:103)
	at org.junit.runners.BlockJUnit4ClassRunner.runChild(BlockJUnit4ClassRunner.java:63)
	at org.junit.runners.ParentRunner$4.run(ParentRunner.java:331)
	at org.junit.runners.ParentRunner$1.schedule(ParentRunner.java:79)
	at org.junit.runners.ParentRunner.runChildren(ParentRunner.java:329)
	at org.junit.runners.ParentRunner.-$$Nest$mrunChildren(Unknown Source:0)
	at org.junit.runners.ParentRunner$2.evaluate(ParentRunner.java:293)
	at org.junit.runners.ParentRunner$3.evaluate(ParentRunner.java:306)
	at org.junit.runners.ParentRunner.run(ParentRunner.java:413)
	at androidx.test.runner.AndroidJUnit4.run(AndroidJUnit4.java:111)
	at org.junit.runners.Suite.runChild(Suite.java:128)
	at org.junit.runners.Suite.runChild(Suite.java:27)
	at org.junit.runners.ParentRunner$4.run(ParentRunner.java:331)
	at org.junit.runners.ParentRunner$1.schedule(ParentRunner.java:79)
	at org.junit.runners.ParentRunner.runChildren(ParentRunner.java:329)
	at org.junit.runners.ParentRunner.-$$Nest$mrunChildren(Unknown Source:0)
	at org.junit.runners.ParentRunner$2.evaluate(ParentRunner.java:293)
	at org.junit.runners.ParentRunner$3.evaluate(ParentRunner.java:306)
	at org.junit.runners.ParentRunner.run(ParentRunner.java:413)
	at org.junit.runner.JUnitCore.run(JUnitCore.java:137)
	at org.junit.runner.JUnitCore.run(JUnitCore.java:115)
	at androidx.test.internal.runner.TestExecutor.execute(TestExecutor.java:67)
	at androidx.test.internal.runner.TestExecutor.execute(TestExecutor.java:58)
	at androidx.test.runner.AndroidJUnitRunner.onStart(AndroidJUnitRunner.java:445)
	at android.app.Instrumentation$InstrumentationThread.run(Instrumentation.java:2594)
02-06 05:51:47 I/ModuleListener: [6/64] 27161FDH20031X android.display.cts.DefaultDisplayModeTest#testSetUserPreferredDisplayModeThrowsExceptionWithInvalidMode ASSUMPTION_FAILURE: org.junit.AssumptionViolatedException: Need an Android TV device to run this test.
	at org.junit.Assume.assumeTrue(Assume.java:68)
	at android.display.cts.DefaultDisplayModeTest.setUp(DefaultDisplayModeTest.java:74)
	at java.lang.reflect.Method.invoke(Native Method)
	at org.junit.runners.model.FrameworkMethod$1.runReflectiveCall(FrameworkMethod.java:59)
	at org.junit.internal.runners.model.ReflectiveCallable.run(ReflectiveCallable.java:12)
	at org.junit.runners.model.FrameworkMethod.invokeExplosively(FrameworkMethod.java:61)
	at androidx.test.internal.runner.junit4.statement.RunBefores.evaluate(RunBefores.java:76)
	at androidx.test.internal.runner.junit4.statement.RunAfters.evaluate(RunAfters.java:61)
	at com.android.compatibility.common.util.AdoptShellPermissionsRule$1.evaluate(AdoptShellPermissionsRule.java:68)
	at org.junit.runners.ParentRunner$3.evaluate(ParentRunner.java:306)
	at org.junit.runners.BlockJUnit4ClassRunner$1.evaluate(BlockJUnit4ClassRunner.java:100)
	at org.junit.runners.ParentRunner.runLeaf(ParentRunner.java:366)
	at org.junit.runners.BlockJUnit4ClassRunner.runChild(BlockJUnit4ClassRunner.java:103)
	at org.junit.runners.BlockJUnit4ClassRunner.runChild(BlockJUnit4ClassRunner.java:63)
	at org.junit.runners.ParentRunner$4.run(ParentRunner.java:331)
	at org.junit.runners.ParentRunner$1.schedule(ParentRunner.java:79)
	at org.junit.runners.ParentRunner.runChildren(ParentRunner.java:329)
	at org.junit.runners.ParentRunner.-$$Nest$mrunChildren(Unknown Source:0)
	at org.junit.runners.ParentRunner$2.evaluate(ParentRunner.java:293)
	at org.junit.runners.ParentRunner$3.evaluate(ParentRunner.java:306)
	at org.junit.runners.ParentRunner.run(ParentRunner.java:413)
	at androidx.test.runner.AndroidJUnit4.run(AndroidJUnit4.java:111)
	at org.junit.runners.Suite.runChild(Suite.java:128)
	at org.junit.runners.Suite.runChild(Suite.java:27)
	at org.junit.runners.ParentRunner$4.run(ParentRunner.java:331)
	at org.junit.runners.ParentRunner$1.schedule(ParentRunner.java:79)
	at org.junit.runners.ParentRunner.runChildren(ParentRunner.java:329)
	at org.junit.runners.ParentRunner.-$$Nest$mrunChildren(Unknown Source:0)
	at org.junit.runners.ParentRunner$2.evaluate(ParentRunner.java:293)
	at org.junit.runners.ParentRunner$3.evaluate(ParentRunner.java:306)
	at org.junit.runners.ParentRunner.run(ParentRunner.java:413)
	at org.junit.runner.JUnitCore.run(JUnitCore.java:137)
	at org.junit.runner.JUnitCore.run(JUnitCore.java:115)
	at androidx.test.internal.runner.TestExecutor.execute(TestExecutor.java:67)
	at androidx.test.internal.runner.TestExecutor.execute(TestExecutor.java:58)
	at androidx.test.runner.AndroidJUnitRunner.onStart(AndroidJUnitRunner.java:445)
	at android.app.Instrumentation$InstrumentationThread.run(Instrumentation.java:2594)
02-06 05:51:47 I/ModuleListener: [7/64] 27161FDH20031X android.display.cts.DefaultDisplayModeTest#testSetAndClearUserPreferredDisplayModeForSpecificDisplayGeneratesDisplayChangedEvents ASSUMPTION_FAILURE: org.junit.AssumptionViolatedException: Need an Android TV device to run this test.
	at org.junit.Assume.assumeTrue(Assume.java:68)
	at android.display.cts.DefaultDisplayModeTest.setUp(DefaultDisplayModeTest.java:74)
	at java.lang.reflect.Method.invoke(Native Method)
	at org.junit.runners.model.FrameworkMethod$1.runReflectiveCall(FrameworkMethod.java:59)
	at org.junit.internal.runners.model.ReflectiveCallable.run(ReflectiveCallable.java:12)
	at org.junit.runners.model.FrameworkMethod.invokeExplosively(FrameworkMethod.java:61)
	at androidx.test.internal.runner.junit4.statement.RunBefores.evaluate(RunBefores.java:76)
	at androidx.test.internal.runner.junit4.statement.RunAfters.evaluate(RunAfters.java:61)
	at com.android.compatibility.common.util.AdoptShellPermissionsRule$1.evaluate(AdoptShellPermissionsRule.java:68)
	at org.junit.runners.ParentRunner$3.evaluate(ParentRunner.java:306)
	at org.junit.runners.BlockJUnit4ClassRunner$1.evaluate(BlockJUnit4ClassRunner.java:100)
	at org.junit.runners.ParentRunner.runLeaf(ParentRunner.java:366)
	at org.junit.runners.BlockJUnit4ClassRunner.runChild(BlockJUnit4ClassRunner.java:103)
	at org.junit.runners.BlockJUnit4ClassRunner.runChild(BlockJUnit4ClassRunner.java:63)
	at org.junit.runners.ParentRunner$4.run(ParentRunner.java:331)
	at org.junit.runners.ParentRunner$1.schedule(ParentRunner.java:79)
	at org.junit.runners.ParentRunner.runChildren(ParentRunner.java:329)
	at org.junit.runners.ParentRunner.-$$Nest$mrunChildren(Unknown Source:0)
	at org.junit.runners.ParentRunner$2.evaluate(ParentRunner.java:293)
	at org.junit.runners.ParentRunner$3.evaluate(ParentRunner.java:306)
	at org.junit.runners.ParentRunner.run(ParentRunner.java:413)
	at androidx.test.runner.AndroidJUnit4.run(AndroidJUnit4.java:111)
	at org.junit.runners.Suite.runChild(Suite.java:128)
	at org.junit.runners.Suite.runChild(Suite.java:27)
	at org.junit.runners.ParentRunner$4.run(ParentRunner.java:331)
	at org.junit.runners.ParentRunner$1.schedule(ParentRunner.java:79)
	at org.junit.runners.ParentRunner.runChildren(ParentRunner.java:329)
	at org.junit.runners.ParentRunner.-$$Nest$mrunChildren(Unknown Source:0)
	at org.junit.runners.ParentRunner$2.evaluate(ParentRunner.java:293)
	at org.junit.runners.ParentRunner$3.evaluate(ParentRunner.java:306)
	at org.junit.runners.ParentRunner.run(ParentRunner.java:413)
	at org.junit.runner.JUnitCore.run(JUnitCore.java:137)
	at org.junit.runner.JUnitCore.run(JUnitCore.java:115)
	at androidx.test.internal.runner.TestExecutor.execute(TestExecutor.java:67)
	at androidx.test.internal.runner.TestExecutor.execute(TestExecutor.java:58)
	at androidx.test.runner.AndroidJUnitRunner.onStart(AndroidJUnitRunner.java:445)
	at android.app.Instrumentation$InstrumentationThread.run(Instrumentation.java:2594)
02-06 05:51:47 I/ModuleListener: [8/64] 27161FDH20031X android.display.cts.DisplayEventTest#testDisplayEvents[#0: 1 false] FAILURE: android.os.BadParcelableException: ClassNotFoundException when unmarshalling:  
	at android.os.Parcel.readParcelableCreatorInternal(Parcel.java:5158)
	at android.os.Parcel.readParcelableInternal(Parcel.java:5007)
	at android.os.Parcel.readParcelable(Parcel.java:4998)
	at android.view.DisplayInfo.readFromParcel(DisplayInfo.java:554)
	at android.view.DisplayInfo.<init>(DisplayInfo.java:399)
	at android.view.DisplayInfo.<init>(Unknown Source:0)
	at android.view.DisplayInfo$1.createFromParcel(DisplayInfo.java:381)
	at android.view.DisplayInfo$1.createFromParcel(DisplayInfo.java:378)
	at android.os.Parcel.readTypedObject(Parcel.java:4159)
	at android.hardware.display.IDisplayManager$Stub$Proxy.getDisplayInfo(IDisplayManager.java:1132)
	at android.hardware.display.DisplayManagerGlobal$1.recompute(DisplayManagerGlobal.java:163)
	at android.hardware.display.DisplayManagerGlobal$1.recompute(DisplayManagerGlobal.java:159)
	at android.app.PropertyInvalidatedCache.query(PropertyInvalidatedCache.java:999)
	at android.hardware.display.DisplayManagerGlobal.getDisplayInfoLocked(DisplayManagerGlobal.java:210)
	at android.hardware.display.DisplayManagerGlobal.getDisplayInfo(DisplayManagerGlobal.java:199)
	at android.hardware.display.DisplayManagerGlobal.getCompatibleDisplay(DisplayManagerGlobal.java:293)
	at android.hardware.display.DisplayManagerGlobal.getRealDisplay(DisplayManagerGlobal.java:326)
	at android.hardware.display.DisplayManagerGlobal.createVirtualDisplayWrapper(DisplayManagerGlobal.java:749)
	at android.hardware.display.DisplayManagerGlobal.createVirtualDisplay(DisplayManagerGlobal.java:734)
	at android.hardware.display.DisplayManager.createVirtualDisplay(DisplayManager.java:1180)
	at android.hardware.display.DisplayManager.createVirtualDisplay(DisplayManager.java:1141)
	at android.hardware.display.DisplayManager.createVirtualDisplay(DisplayManager.java:1089)
	at android.hardware.display.DisplayManager.createVirtualDisplay(DisplayManager.java:1029)
	at android.display.cts.DisplayEventTest.createVirtualDisplay(DisplayEventTest.java:398)
	at android.display.cts.DisplayEventTest.testDisplayEvents(DisplayEventTest.java:295)
	... 41 trimmed
Caused by: java.lang.ClassNotFoundException: Invalid name:  
	at java.lang.Class.classForName(Native Method)
	at java.lang.Class.forName(Class.java:607)
	at android.os.Parcel.readParcelableCreatorInternal(Parcel.java:5124)
	... 66 more
02-06 05:51:48 I/ModuleListener: [9/64] 27161FDH20031X android.display.cts.DisplayEventTest#testDisplayEvents[#1: 2 false] FAILURE: android.os.BadParcelableException: ClassNotFoundException when unmarshalling:  
	at android.os.Parcel.readParcelableCreatorInternal(Parcel.java:5158)
	at android.os.Parcel.readParcelableInternal(Parcel.java:5007)
	at android.os.Parcel.readParcelable(Parcel.java:4998)
	at android.view.DisplayInfo.readFromParcel(DisplayInfo.java:554)
	at android.view.DisplayInfo.<init>(DisplayInfo.java:399)
	at android.view.DisplayInfo.<init>(Unknown Source:0)
	at android.view.DisplayInfo$1.createFromParcel(DisplayInfo.java:381)
	at android.view.DisplayInfo$1.createFromParcel(DisplayInfo.java:378)
	at android.os.Parcel.readTypedObject(Parcel.java:4159)
	at android.hardware.display.IDisplayManager$Stub$Proxy.getDisplayInfo(IDisplayManager.java:1132)
	at android.hardware.display.DisplayManagerGlobal$1.recompute(DisplayManagerGlobal.java:163)
	at android.hardware.display.DisplayManagerGlobal$1.recompute(DisplayManagerGlobal.java:159)
	at android.app.PropertyInvalidatedCache.query(PropertyInvalidatedCache.java:999)
	at android.hardware.display.DisplayManagerGlobal.getDisplayInfoLocked(DisplayManagerGlobal.java:210)
	at android.hardware.display.DisplayManagerGlobal.getDisplayInfo(DisplayManagerGlobal.java:199)
	at android.hardware.display.DisplayManagerGlobal.getCompatibleDisplay(DisplayManagerGlobal.java:293)
	at android.hardware.display.DisplayManagerGlobal.getRealDisplay(DisplayManagerGlobal.java:326)
	at android.hardware.display.DisplayManagerGlobal.createVirtualDisplayWrapper(DisplayManagerGlobal.java:749)
	at android.hardware.display.DisplayManagerGlobal.createVirtualDisplay(DisplayManagerGlobal.java:734)
	at android.hardware.display.DisplayManager.createVirtualDisplay(DisplayManager.java:1180)
	at android.hardware.display.DisplayManager.createVirtualDisplay(DisplayManager.java:1141)
	at android.hardware.display.DisplayManager.createVirtualDisplay(DisplayManager.java:1089)
	at android.hardware.display.DisplayManager.createVirtualDisplay(DisplayManager.java:1029)
	at android.display.cts.DisplayEventTest.createVirtualDisplay(DisplayEventTest.java:398)
	at android.display.cts.DisplayEventTest.testDisplayEvents(DisplayEventTest.java:295)
	... 41 trimmed
Caused by: java.lang.ClassNotFoundException: Invalid name:  
	at java.lang.Class.classForName(Native Method)
	at java.lang.Class.forName(Class.java:607)
	at android.os.Parcel.readParcelableCreatorInternal(Parcel.java:5124)
	... 66 more
02-06 05:51:48 I/ModuleListener: [10/64] 27161FDH20031X android.display.cts.DisplayEventTest#testDisplayEvents[#2: 3 false] FAILURE: android.os.BadParcelableException: ClassNotFoundException when unmarshalling:  
	at android.os.Parcel.readParcelableCreatorInternal(Parcel.java:5158)
	at android.os.Parcel.readParcelableInternal(Parcel.java:5007)
	at android.os.Parcel.readParcelable(Parcel.java:4998)
	at android.view.DisplayInfo.readFromParcel(DisplayInfo.java:554)
	at android.view.DisplayInfo.<init>(DisplayInfo.java:399)
	at android.view.DisplayInfo.<init>(Unknown Source:0)
	at android.view.DisplayInfo$1.createFromParcel(DisplayInfo.java:381)
	at android.view.DisplayInfo$1.createFromParcel(DisplayInfo.java:378)
	at android.os.Parcel.readTypedObject(Parcel.java:4159)
	at android.hardware.display.IDisplayManager$Stub$Proxy.getDisplayInfo(IDisplayManager.java:1132)
	at android.hardware.display.DisplayManagerGlobal$1.recompute(DisplayManagerGlobal.java:163)
	at android.hardware.display.DisplayManagerGlobal$1.recompute(DisplayManagerGlobal.java:159)
	at android.app.PropertyInvalidatedCache.query(PropertyInvalidatedCache.java:999)
	at android.hardware.display.DisplayManagerGlobal.getDisplayInfoLocked(DisplayManagerGlobal.java:210)
	at android.hardware.display.DisplayManagerGlobal.getDisplayInfo(DisplayManagerGlobal.java:199)
	at android.hardware.display.DisplayManagerGlobal.getCompatibleDisplay(DisplayManagerGlobal.java:293)
	at android.hardware.display.DisplayManagerGlobal.getRealDisplay(DisplayManagerGlobal.java:326)
	at android.hardware.display.DisplayManagerGlobal.createVirtualDisplayWrapper(DisplayManagerGlobal.java:749)
	at android.hardware.display.DisplayManagerGlobal.createVirtualDisplay(DisplayManagerGlobal.java:734)
	at android.hardware.display.DisplayManager.createVirtualDisplay(DisplayManager.java:1180)
	at android.hardware.display.DisplayManager.createVirtualDisplay(DisplayManager.java:1141)
	at android.hardware.display.DisplayManager.createVirtualDisplay(DisplayManager.java:1089)
	at android.hardware.display.DisplayManager.createVirtualDisplay(DisplayManager.java:1029)
	at android.display.cts.DisplayEventTest.createVirtualDisplay(DisplayEventTest.java:398)
	at android.display.cts.DisplayEventTest.testDisplayEvents(DisplayEventTest.java:295)
	... 41 trimmed
Caused by: java.lang.ClassNotFoundException: Invalid name:  
	at java.lang.Class.classForName(Native Method)
	at java.lang.Class.forName(Class.java:607)
	at android.os.Parcel.readParcelableCreatorInternal(Parcel.java:5124)
	... 66 more
02-06 05:51:48 I/ModuleListener: [11/64] 27161FDH20031X android.display.cts.DisplayEventTest#testDisplayEvents[#3: 10 false] FAILURE: android.os.BadParcelableException: ClassNotFoundException when unmarshalling:  
	at android.os.Parcel.readParcelableCreatorInternal(Parcel.java:5158)
	at android.os.Parcel.readParcelableInternal(Parcel.java:5007)
	at android.os.Parcel.readParcelable(Parcel.java:4998)
	at android.view.DisplayInfo.readFromParcel(DisplayInfo.java:554)
	at android.view.DisplayInfo.<init>(DisplayInfo.java:399)
	at android.view.DisplayInfo.<init>(Unknown Source:0)
	at android.view.DisplayInfo$1.createFromParcel(DisplayInfo.java:381)
	at android.view.DisplayInfo$1.createFromParcel(DisplayInfo.java:378)
	at android.os.Parcel.readTypedObject(Parcel.java:4159)
	at android.hardware.display.IDisplayManager$Stub$Proxy.getDisplayInfo(IDisplayManager.java:1132)
	at android.hardware.display.DisplayManagerGlobal$1.recompute(DisplayManagerGlobal.java:163)
	at android.hardware.display.DisplayManagerGlobal$1.recompute(DisplayManagerGlobal.java:159)
	at android.app.PropertyInvalidatedCache.query(PropertyInvalidatedCache.java:999)
	at android.hardware.display.DisplayManagerGlobal.getDisplayInfoLocked(DisplayManagerGlobal.java:210)
	at android.hardware.display.DisplayManagerGlobal.getDisplayInfo(DisplayManagerGlobal.java:199)
	at android.hardware.display.DisplayManagerGlobal.getCompatibleDisplay(DisplayManagerGlobal.java:293)
	at android.hardware.display.DisplayManagerGlobal.getRealDisplay(DisplayManagerGlobal.java:326)
	at android.hardware.display.DisplayManagerGlobal.createVirtualDisplayWrapper(DisplayManagerGlobal.java:749)
	at android.hardware.display.DisplayManagerGlobal.createVirtualDisplay(DisplayManagerGlobal.java:734)
	at android.hardware.display.DisplayManager.createVirtualDisplay(DisplayManager.java:1180)
	at android.hardware.display.DisplayManager.createVirtualDisplay(DisplayManager.java:1141)
	at android.hardware.display.DisplayManager.createVirtualDisplay(DisplayManager.java:1089)
	at android.hardware.display.DisplayManager.createVirtualDisplay(DisplayManager.java:1029)
	at android.display.cts.DisplayEventTest.createVirtualDisplay(DisplayEventTest.java:398)
	at android.display.cts.DisplayEventTest.testDisplayEvents(DisplayEventTest.java:295)
	... 41 trimmed
Caused by: java.lang.ClassNotFoundException: Invalid name:  
	at java.lang.Class.classForName(Native Method)
	at java.lang.Class.forName(Class.java:607)
	at android.os.Parcel.readParcelableCreatorInternal(Parcel.java:5124)
	... 66 more
02-06 05:51:48 I/ModuleListener: [12/64] 27161FDH20031X android.display.cts.DisplayEventTest#testDisplayEvents[#4: 1 true] FAILURE: android.os.BadParcelableException: ClassNotFoundException when unmarshalling:  
	at android.os.Parcel.readParcelableCreatorInternal(Parcel.java:5158)
	at android.os.Parcel.readParcelableInternal(Parcel.java:5007)
	at android.os.Parcel.readParcelable(Parcel.java:4998)
	at android.view.DisplayInfo.readFromParcel(DisplayInfo.java:554)
	at android.view.DisplayInfo.<init>(DisplayInfo.java:399)
	at android.view.DisplayInfo.<init>(Unknown Source:0)
	at android.view.DisplayInfo$1.createFromParcel(DisplayInfo.java:381)
	at android.view.DisplayInfo$1.createFromParcel(DisplayInfo.java:378)
	at android.os.Parcel.readTypedObject(Parcel.java:4159)
	at android.hardware.display.IDisplayManager$Stub$Proxy.getDisplayInfo(IDisplayManager.java:1132)
	at android.hardware.display.DisplayManagerGlobal$1.recompute(DisplayManagerGlobal.java:163)
	at android.hardware.display.DisplayManagerGlobal$1.recompute(DisplayManagerGlobal.java:159)
	at android.app.PropertyInvalidatedCache.query(PropertyInvalidatedCache.java:999)
	at android.hardware.display.DisplayManagerGlobal.getDisplayInfoLocked(DisplayManagerGlobal.java:210)
	at android.hardware.display.DisplayManagerGlobal.getDisplayInfo(DisplayManagerGlobal.java:199)
	at android.hardware.display.DisplayManagerGlobal.getCompatibleDisplay(DisplayManagerGlobal.java:311)
	at android.hardware.display.DisplayManager.getOrCreateDisplay(DisplayManager.java:741)
	at android.hardware.display.DisplayManager.getDisplays(DisplayManager.java:700)
	at android.hardware.display.DisplayManager.getDisplays(DisplayManager.java:692)
	at android.hardware.display.DisplayManager.getDisplays(DisplayManager.java:664)
	at android.graphics.HardwareRenderer$ProcessInitializer.initDisplayInfo(HardwareRenderer.java:1376)
	at android.graphics.HardwareRenderer$ProcessInitializer.initUsingContext(HardwareRenderer.java:1348)
	at android.graphics.HardwareRenderer.<init>(HardwareRenderer.java:194)
	at android.view.ThreadedRenderer.<init>(ThreadedRenderer.java:334)
	at android.view.ThreadedRenderer.create(ThreadedRenderer.java:232)
	at android.view.ViewRootImpl.enableHardwareAcceleration(ViewRootImpl.java:1898)
	at android.view.ViewRootImpl.setView(ViewRootImpl.java:1414)
	at android.view.WindowManagerGlobal.addView(WindowManagerGlobal.java:441)
	at android.view.WindowManagerImpl.addView(WindowManagerImpl.java:158)
	at android.app.ActivityThread.handleResumeActivity(ActivityThread.java:5330)
	at android.app.servertransaction.ResumeActivityItem.execute(ResumeActivityItem.java:57)
	at android.app.servertransaction.ActivityTransactionItem.execute(ActivityTransactionItem.java:60)
	at android.app.servertransaction.TransactionExecutor.executeLifecycleItem(TransactionExecutor.java:282)
	at android.app.servertransaction.TransactionExecutor.executeTransactionItems(TransactionExecutor.java:150)
	at android.app.servertransaction.TransactionExecutor.execute(TransactionExecutor.java:93)
	at android.app.ActivityThread$H.handleMessage(ActivityThread.java:2595)
	at android.os.Handler.dispatchMessage(Handler.java:107)
	at android.os.Looper.loopOnce(Looper.java:232)
	at android.os.Looper.loop(Looper.java:317)
	at android.app.ActivityThread.main(ActivityThread.java:8592)
	at java.lang.reflect.Method.invoke(Native Method)
	at com.android.internal.os.RuntimeInit$MethodAndArgsCaller.run(RuntimeInit.java:580)
	at com.android.internal.os.ZygoteInit.main(ZygoteInit.java:878)
Caused by: java.lang.ClassNotFoundException: Invalid name:  
	at java.lang.Class.classForName(Native Method)
	at java.lang.Class.forName(Class.java:607)
	at android.os.Parcel.readParcelableCreatorInternal(Parcel.java:5124)
	... 42 more
02-06 05:51:48 I/ModuleListener: [13/64] 27161FDH20031X android.display.cts.DisplayEventTest#testDisplayEvents[#5: 2 true] SKIPPED: SkipReason[reason=Test did not run due to instrumentation issue. Last executed test was android.display.cts.DisplayEventTest#testDisplayEvents[#4: 1 true]. Run level error reported reason: 'Instrumentation run failed due to 'Process crashed.', trigger=INSTRUMENTATION_ERROR, bugId=]
02-06 05:51:48 I/ModuleListener: [14/64] 27161FDH20031X android.display.cts.DisplayEventTest#testDisplayEvents[#6: 3 true] SKIPPED: SkipReason[reason=Test did not run due to instrumentation issue. Last executed test was android.display.cts.DisplayEventTest#testDisplayEvents[#4: 1 true]. Run level error reported reason: 'Instrumentation run failed due to 'Process crashed.', trigger=INSTRUMENTATION_ERROR, bugId=]
02-06 05:51:48 I/ModuleListener: [15/64] 27161FDH20031X android.display.cts.DisplayEventTest#testDisplayEvents[#7: 10 true] SKIPPED: SkipReason[reason=Test did not run due to instrumentation issue. Last executed test was android.display.cts.DisplayEventTest#testDisplayEvents[#4: 1 true]. Run level error reported reason: 'Instrumentation run failed due to 'Process crashed.', trigger=INSTRUMENTATION_ERROR, bugId=]
02-06 05:51:48 I/ModuleListener: [16/64] 27161FDH20031X android.display.cts.DisplayManagerTest#testCreateVirtualDisplayFromShell SKIPPED: SkipReason[reason=Test did not run due to instrumentation issue. Last executed test was android.display.cts.DisplayEventTest#testDisplayEvents[#4: 1 true]. Run level error reported reason: 'Instrumentation run failed due to 'Process crashed.', trigger=INSTRUMENTATION_ERROR, bugId=]
02-06 05:51:48 I/ModuleListener: [17/64] 27161FDH20031X android.display.cts.DisplayManagerTest#createVirtualDisplayNoPermission SKIPPED: SkipReason[reason=Test did not run due to instrumentation issue. Last executed test was android.display.cts.DisplayEventTest#testDisplayEvents[#4: 1 true]. Run level error reported reason: 'Instrumentation run failed due to 'Process crashed.', trigger=INSTRUMENTATION_ERROR, bugId=]
02-06 05:51:48 I/ModuleListener: [18/64] 27161FDH20031X android.display.cts.DisplayTest#testRestrictedFramebufferSize SKIPPED: SkipReason[reason=Test did not run due to instrumentation issue. Last executed test was android.display.cts.DisplayEventTest#testDisplayEvents[#4: 1 true]. Run level error reported reason: 'Instrumentation run failed due to 'Process crashed.', trigger=INSTRUMENTATION_ERROR, bugId=]
02-06 05:51:48 I/ModuleListener: [19/64] 27161FDH20031X android.display.cts.DisplayTest#testGetHdrCapabilitiesWhenUserDisabledFormatsAreAllowedReturnsNonFilteredHdrTypes SKIPPED: SkipReason[reason=Test did not run due to instrumentation issue. Last executed test was android.display.cts.DisplayEventTest#testDisplayEvents[#4: 1 true]. Run level error reported reason: 'Instrumentation run failed due to 'Process crashed.', trigger=INSTRUMENTATION_ERROR, bugId=]
02-06 05:51:48 I/ModuleListener: [20/64] 27161FDH20031X android.display.cts.DisplayTest#testDefaultDisplay SKIPPED: SkipReason[reason=Test did not run due to instrumentation issue. Last executed test was android.display.cts.DisplayEventTest#testDisplayEvents[#4: 1 true]. Run level error reported reason: 'Instrumentation run failed due to 'Process crashed.', trigger=INSTRUMENTATION_ERROR, bugId=]
02-06 05:51:48 I/ModuleListener: [21/64] 27161FDH20031X android.display.cts.DisplayTest#testGetPreferredWideGamutColorSpace SKIPPED: SkipReason[reason=Test did not run due to instrumentation issue. Last executed test was android.display.cts.DisplayEventTest#testDisplayEvents[#4: 1 true]. Run level error reported reason: 'Instrumentation run failed due to 'Process crashed.', trigger=INSTRUMENTATION_ERROR, bugId=]
02-06 05:51:48 I/ModuleListener: [22/64] 27161FDH20031X android.display.cts.DisplayTest#testGetDisplayAttrs SKIPPED: SkipReason[reason=Test did not run due to instrumentation issue. Last executed test was android.display.cts.DisplayEventTest#testDisplayEvents[#4: 1 true]. Run level error reported reason: 'Instrumentation run failed due to 'Process crashed.', trigger=INSTRUMENTATION_ERROR, bugId=]
02-06 05:51:48 I/ModuleListener: [23/64] 27161FDH20031X android.display.cts.DisplayTest#testGetHdrCapabilitiesWhenUserDisabledFormatsAreNotAllowedReturnsFilteredHdrTypes SKIPPED: SkipReason[reason=Test did not run due to instrumentation issue. Last executed test was android.display.cts.DisplayEventTest#testDisplayEvents[#4: 1 true]. Run level error reported reason: 'Instrumentation run failed due to 'Process crashed.', trigger=INSTRUMENTATION_ERROR, bugId=]
02-06 05:51:48 I/ModuleListener: [24/64] 27161FDH20031X android.display.cts.DisplayTest#testFlags SKIPPED: SkipReason[reason=Test did not run due to instrumentation issue. Last executed test was android.display.cts.DisplayEventTest#testDisplayEvents[#4: 1 true]. Run level error reported reason: 'Instrumentation run failed due to 'Process crashed.', trigger=INSTRUMENTATION_ERROR, bugId=]
02-06 05:51:48 I/ModuleListener: [25/64] 27161FDH20031X android.display.cts.DisplayTest#testMode SKIPPED: SkipReason[reason=Test did not run due to instrumentation issue. Last executed test was android.display.cts.DisplayEventTest#testDisplayEvents[#4: 1 true]. Run level error reported reason: 'Instrumentation run failed due to 'Process crashed.', trigger=INSTRUMENTATION_ERROR, bugId=]
02-06 05:51:48 I/ModuleListener: [26/64] 27161FDH20031X android.display.cts.DisplayTest#testModeSwitchOnPrimaryDisplayWithRestart SKIPPED: SkipReason[reason=Test did not run due to instrumentation issue. Last executed test was android.display.cts.DisplayEventTest#testDisplayEvents[#4: 1 true]. Run level error reported reason: 'Instrumentation run failed due to 'Process crashed.', trigger=INSTRUMENTATION_ERROR, bugId=]
02-06 05:51:48 I/ModuleListener: [27/64] 27161FDH20031X android.display.cts.DisplayTest#testRefreshRateSwitchOnSecondaryDisplay SKIPPED: SkipReason[reason=Test did not run due to instrumentation issue. Last executed test was android.display.cts.DisplayEventTest#testDisplayEvents[#4: 1 true]. Run level error reported reason: 'Instrumentation run failed due to 'Process crashed.', trigger=INSTRUMENTATION_ERROR, bugId=]
02-06 05:51:48 I/ModuleListener: [28/64] 27161FDH20031X android.display.cts.DisplayTest#testModeSwitchOnPrimaryDisplay SKIPPED: SkipReason[reason=Test did not run due to instrumentation issue. Last executed test was android.display.cts.DisplayEventTest#testDisplayEvents[#4: 1 true]. Run level error reported reason: 'Instrumentation run failed due to 'Process crashed.', trigger=INSTRUMENTATION_ERROR, bugId=]
02-06 05:51:48 I/ModuleListener: [29/64] 27161FDH20031X android.display.cts.DisplayTest#testGetDeviceProductInfo SKIPPED: SkipReason[reason=Test did not run due to instrumentation issue. Last executed test was android.display.cts.DisplayEventTest#testDisplayEvents[#4: 1 true]. Run level error reported reason: 'Instrumentation run failed due to 'Process crashed.', trigger=INSTRUMENTATION_ERROR, bugId=]
02-06 05:51:48 I/ModuleListener: [30/64] 27161FDH20031X android.display.cts.DisplayTest#testGetSupportWideColorGamut_displayIsWideColorGamut SKIPPED: SkipReason[reason=Test did not run due to instrumentation issue. Last executed test was android.display.cts.DisplayEventTest#testDisplayEvents[#4: 1 true]. Run level error reported reason: 'Instrumentation run failed due to 'Process crashed.', trigger=INSTRUMENTATION_ERROR, bugId=]
02-06 05:51:48 I/ModuleListener: [31/64] 27161FDH20031X android.display.cts.DisplayTest#testActiveModeIsSupportedModesOnDefaultDisplay SKIPPED: SkipReason[reason=Test did not run due to instrumentation issue. Last executed test was android.display.cts.DisplayEventTest#testDisplayEvents[#4: 1 true]. Run level error reported reason: 'Instrumentation run failed due to 'Process crashed.', trigger=INSTRUMENTATION_ERROR, bugId=]
02-06 05:51:48 I/ModuleListener: [32/64] 27161FDH20031X android.display.cts.DisplayTest#testDefaultDisplayHdrCapability SKIPPED: SkipReason[reason=Test did not run due to instrumentation issue. Last executed test was android.display.cts.DisplayEventTest#testDisplayEvents[#4: 1 true]. Run level error reported reason: 'Instrumentation run failed due to 'Process crashed.', trigger=INSTRUMENTATION_ERROR, bugId=]
02-06 05:51:48 I/ModuleListener: [33/64] 27161FDH20031X android.display.cts.DisplayTest#testActivityContextGetMetrics SKIPPED: SkipReason[reason=Test did not run due to instrumentation issue. Last executed test was android.display.cts.DisplayEventTest#testDisplayEvents[#4: 1 true]. Run level error reported reason: 'Instrumentation run failed due to 'Process crashed.', trigger=INSTRUMENTATION_ERROR, bugId=]
02-06 05:51:48 I/ModuleListener: [34/64] 27161FDH20031X android.display.cts.DisplayTest#getDisplaysWithInvalidCategory_returnsEmptyArray SKIPPED: SkipReason[reason=Test did not run due to instrumentation issue. Last executed test was android.display.cts.DisplayEventTest#testDisplayEvents[#4: 1 true]. Run level error reported reason: 'Instrumentation run failed due to 'Process crashed.', trigger=INSTRUMENTATION_ERROR, bugId=]
02-06 05:51:48 I/ModuleListener: [35/64] 27161FDH20031X android.display.cts.DisplayTest#testGetSupportedModesOnDefaultDisplay SKIPPED: SkipReason[reason=Test did not run due to instrumentation issue. Last executed test was android.display.cts.DisplayEventTest#testDisplayEvents[#4: 1 true]. Run level error reported reason: 'Instrumentation run failed due to 'Process crashed.', trigger=INSTRUMENTATION_ERROR, bugId=]
02-06 05:51:48 I/ModuleListener: [36/64] 27161FDH20031X android.display.cts.DisplayTest#testSecondaryDisplay SKIPPED: SkipReason[reason=Test did not run due to instrumentation issue. Last executed test was android.display.cts.DisplayEventTest#testDisplayEvents[#4: 1 true]. Run level error reported reason: 'Instrumentation run failed due to 'Process crashed.', trigger=INSTRUMENTATION_ERROR, bugId=]
02-06 05:51:48 I/ModuleListener: [37/64] 27161FDH20031X android.display.cts.DisplayTest#testGetSupportedWideColorGamut_shouldNotBeNull SKIPPED: SkipReason[reason=Test did not run due to instrumentation issue. Last executed test was android.display.cts.DisplayEventTest#testDisplayEvents[#4: 1 true]. Run level error reported reason: 'Instrumentation run failed due to 'Process crashed.', trigger=INSTRUMENTATION_ERROR, bugId=]
02-06 05:51:48 I/ModuleListener: [38/64] 27161FDH20031X android.display.cts.DisplayTest#testGetMetrics SKIPPED: SkipReason[reason=Test did not run due to instrumentation issue. Last executed test was android.display.cts.DisplayEventTest#testDisplayEvents[#4: 1 true]. Run level error reported reason: 'Instrumentation run failed due to 'Process crashed.', trigger=INSTRUMENTATION_ERROR, bugId=]
02-06 05:51:48 I/ModuleListener: [39/64] 27161FDH20031X android.display.cts.DisplayTest#testDeviceProductInfo SKIPPED: SkipReason[reason=Test did not run due to instrumentation issue. Last executed test was android.display.cts.DisplayEventTest#testDisplayEvents[#4: 1 true]. Run level error reported reason: 'Instrumentation run failed due to 'Process crashed.', trigger=INSTRUMENTATION_ERROR, bugId=]
02-06 05:51:48 I/ModuleListener: [40/64] 27161FDH20031X android.display.cts.DisplayTest#testGetDisplays SKIPPED: SkipReason[reason=Test did not run due to instrumentation issue. Last executed test was android.display.cts.DisplayEventTest#testDisplayEvents[#4: 1 true]. Run level error reported reason: 'Instrumentation run failed due to 'Process crashed.', trigger=INSTRUMENTATION_ERROR, bugId=]
02-06 05:51:48 I/ModuleListener: [41/64] 27161FDH20031X android.display.cts.DisplayTest#testFailBrightnessChangeWithoutPermission SKIPPED: SkipReason[reason=Test did not run due to instrumentation issue. Last executed test was android.display.cts.DisplayEventTest#testDisplayEvents[#4: 1 true]. Run level error reported reason: 'Instrumentation run failed due to 'Process crashed.', trigger=INSTRUMENTATION_ERROR, bugId=]
02-06 05:51:48 I/ModuleListener: [42/64] 27161FDH20031X android.display.cts.DisplayTest#testSetUserDisabledHdrTypesStoresDisabledFormatsInSettings SKIPPED: SkipReason[reason=Test did not run due to instrumentation issue. Last executed test was android.display.cts.DisplayEventTest#testDisplayEvents[#4: 1 true]. Run level error reported reason: 'Instrumentation run failed due to 'Process crashed.', trigger=INSTRUMENTATION_ERROR, bugId=]
02-06 05:51:48 I/ModuleListener: [43/64] 27161FDH20031X android.display.cts.HdrConversionDisabledTest#testGetSupportedHdrOutputTypes SKIPPED: SkipReason[reason=Test did not run due to instrumentation issue. Last executed test was android.display.cts.DisplayEventTest#testDisplayEvents[#4: 1 true]. Run level error reported reason: 'Instrumentation run failed due to 'Process crashed.', trigger=INSTRUMENTATION_ERROR, bugId=]
02-06 05:51:48 I/ModuleListener: [44/64] 27161FDH20031X android.display.cts.HdrConversionDisabledTest#testSetHdrConversionMode SKIPPED: SkipReason[reason=Test did not run due to instrumentation issue. Last executed test was android.display.cts.DisplayEventTest#testDisplayEvents[#4: 1 true]. Run level error reported reason: 'Instrumentation run failed due to 'Process crashed.', trigger=INSTRUMENTATION_ERROR, bugId=]
02-06 05:51:48 I/ModuleListener: [45/64] 27161FDH20031X android.display.cts.HdrConversionDisabledTest#testGetHdrConversionMode SKIPPED: SkipReason[reason=Test did not run due to instrumentation issue. Last executed test was android.display.cts.DisplayEventTest#testDisplayEvents[#4: 1 true]. Run level error reported reason: 'Instrumentation run failed due to 'Process crashed.', trigger=INSTRUMENTATION_ERROR, bugId=]
02-06 05:51:48 I/ModuleListener: [46/64] 27161FDH20031X android.display.cts.HdrConversionDisabledTest#testGetHdrConversionModeSetting SKIPPED: SkipReason[reason=Test did not run due to instrumentation issue. Last executed test was android.display.cts.DisplayEventTest#testDisplayEvents[#4: 1 true]. Run level error reported reason: 'Instrumentation run failed due to 'Process crashed.', trigger=INSTRUMENTATION_ERROR, bugId=]
02-06 05:51:48 I/ModuleListener: [47/64] 27161FDH20031X android.display.cts.HdrConversionEnabledTest#testGetSupportedHdrOutputTypes SKIPPED: SkipReason[reason=Test did not run due to instrumentation issue. Last executed test was android.display.cts.DisplayEventTest#testDisplayEvents[#4: 1 true]. Run level error reported reason: 'Instrumentation run failed due to 'Process crashed.', trigger=INSTRUMENTATION_ERROR, bugId=]
02-06 05:51:48 I/ModuleListener: [48/64] 27161FDH20031X android.display.cts.HdrConversionEnabledTest#testSetHdrConversionMode SKIPPED: SkipReason[reason=Test did not run due to instrumentation issue. Last executed test was android.display.cts.DisplayEventTest#testDisplayEvents[#4: 1 true]. Run level error reported reason: 'Instrumentation run failed due to 'Process crashed.', trigger=INSTRUMENTATION_ERROR, bugId=]
02-06 05:51:48 I/ModuleListener: [49/64] 27161FDH20031X android.display.cts.HdrConversionEnabledTest#testSetHdrConversionModeThrowsExceptionWithInvalidArgument SKIPPED: SkipReason[reason=Test did not run due to instrumentation issue. Last executed test was android.display.cts.DisplayEventTest#testDisplayEvents[#4: 1 true]. Run level error reported reason: 'Instrumentation run failed due to 'Process crashed.', trigger=INSTRUMENTATION_ERROR, bugId=]
02-06 05:51:48 I/ModuleListener: [50/64] 27161FDH20031X android.display.cts.HdrConversionEnabledTest#testGetSupportedHdrOutputTypesWithAppOverride SKIPPED: SkipReason[reason=Test did not run due to instrumentation issue. Last executed test was android.display.cts.DisplayEventTest#testDisplayEvents[#4: 1 true]. Run level error reported reason: 'Instrumentation run failed due to 'Process crashed.', trigger=INSTRUMENTATION_ERROR, bugId=]
02-06 05:51:48 I/ModuleListener: [51/64] 27161FDH20031X android.display.cts.VirtualDisplayConfigTest#virtualDisplayConfig_noName_throwsException SKIPPED: SkipReason[reason=Test did not run due to instrumentation issue. Last executed test was android.display.cts.DisplayEventTest#testDisplayEvents[#4: 1 true]. Run level error reported reason: 'Instrumentation run failed due to 'Process crashed.', trigger=INSTRUMENTATION_ERROR, bugId=]
02-06 05:51:48 I/ModuleListener: [52/64] 27161FDH20031X android.display.cts.VirtualDisplayConfigTest#parcelAndUnparcel_matches SKIPPED: SkipReason[reason=Test did not run due to instrumentation issue. Last executed test was android.display.cts.DisplayEventTest#testDisplayEvents[#4: 1 true]. Run level error reported reason: 'Instrumentation run failed due to 'Process crashed.', trigger=INSTRUMENTATION_ERROR, bugId=]
02-06 05:51:48 I/ModuleListener: [53/64] 27161FDH20031X android.display.cts.VirtualDisplayConfigTest#virtualDisplayConfig_invalidRequestedRefreshRate_throwsException SKIPPED: SkipReason[reason=Test did not run due to instrumentation issue. Last executed test was android.display.cts.DisplayEventTest#testDisplayEvents[#4: 1 true]. Run level error reported reason: 'Instrumentation run failed due to 'Process crashed.', trigger=INSTRUMENTATION_ERROR, bugId=]
02-06 05:51:48 I/ModuleListener: [54/64] 27161FDH20031X android.display.cts.VirtualDisplayConfigTest#virtualDisplayConfig_nullDisplayCategories_throwsException SKIPPED: SkipReason[reason=Test did not run due to instrumentation issue. Last executed test was android.display.cts.DisplayEventTest#testDisplayEvents[#4: 1 true]. Run level error reported reason: 'Instrumentation run failed due to 'Process crashed.', trigger=INSTRUMENTATION_ERROR, bugId=]
02-06 05:51:48 I/ModuleListener: [55/64] 27161FDH20031X android.display.cts.VirtualDisplayConfigTest#virtualDisplayConfig_invalidDensity_throwsException SKIPPED: SkipReason[reason=Test did not run due to instrumentation issue. Last executed test was android.display.cts.DisplayEventTest#testDisplayEvents[#4: 1 true]. Run level error reported reason: 'Instrumentation run failed due to 'Process crashed.', trigger=INSTRUMENTATION_ERROR, bugId=]
02-06 05:51:48 I/ModuleListener: [56/64] 27161FDH20031X android.display.cts.VirtualDisplayConfigTest#virtualDisplayConfig_invalidWidth_throwsException SKIPPED: SkipReason[reason=Test did not run due to instrumentation issue. Last executed test was android.display.cts.DisplayEventTest#testDisplayEvents[#4: 1 true]. Run level error reported reason: 'Instrumentation run failed due to 'Process crashed.', trigger=INSTRUMENTATION_ERROR, bugId=]
02-06 05:51:48 I/ModuleListener: [57/64] 27161FDH20031X android.display.cts.VirtualDisplayConfigTest#virtualDisplayConfig_invalidHeight_throwsException SKIPPED: SkipReason[reason=Test did not run due to instrumentation issue. Last executed test was android.display.cts.DisplayEventTest#testDisplayEvents[#4: 1 true]. Run level error reported reason: 'Instrumentation run failed due to 'Process crashed.', trigger=INSTRUMENTATION_ERROR, bugId=]
02-06 05:51:48 I/ModuleListener: [58/64] 27161FDH20031X android.display.cts.VirtualDisplayConfigTest#virtualDisplayConfig_nullDisplayCategory_throwsException SKIPPED: SkipReason[reason=Test did not run due to instrumentation issue. Last executed test was android.display.cts.DisplayEventTest#testDisplayEvents[#4: 1 true]. Run level error reported reason: 'Instrumentation run failed due to 'Process crashed.', trigger=INSTRUMENTATION_ERROR, bugId=]
02-06 05:51:48 I/ModuleListener: [59/64] 27161FDH20031X android.display.cts.VirtualDisplayConfigTest#virtualDisplayConfig_onlyRequiredFields SKIPPED: SkipReason[reason=Test did not run due to instrumentation issue. Last executed test was android.display.cts.DisplayEventTest#testDisplayEvents[#4: 1 true]. Run level error reported reason: 'Instrumentation run failed due to 'Process crashed.', trigger=INSTRUMENTATION_ERROR, bugId=]
02-06 05:51:48 I/ModuleListener: [60/64] 27161FDH20031X android.display.cts.VirtualDisplayTest#testHdrApiMethods SKIPPED: SkipReason[reason=Test did not run due to instrumentation issue. Last executed test was android.display.cts.DisplayEventTest#testDisplayEvents[#4: 1 true]. Run level error reported reason: 'Instrumentation run failed due to 'Process crashed.', trigger=INSTRUMENTATION_ERROR, bugId=]
02-06 05:51:48 I/ModuleListener: [61/64] 27161FDH20031X android.display.cts.VirtualDisplayTest#testTrustedVirtualDisplay SKIPPED: SkipReason[reason=Test did not run due to instrumentation issue. Last executed test was android.display.cts.DisplayEventTest#testDisplayEvents[#4: 1 true]. Run level error reported reason: 'Instrumentation run failed due to 'Process crashed.', trigger=INSTRUMENTATION_ERROR, bugId=]
02-06 05:51:48 I/ModuleListener: [62/64] 27161FDH20031X android.display.cts.VirtualDisplayTest#testGetHdrCapabilitiesWithUserDisabledFormats SKIPPED: SkipReason[reason=Test did not run due to instrumentation issue. Last executed test was android.display.cts.DisplayEventTest#testDisplayEvents[#4: 1 true]. Run level error reported reason: 'Instrumentation run failed due to 'Process crashed.', trigger=INSTRUMENTATION_ERROR, bugId=]
02-06 05:51:48 I/ModuleListener: [63/64] 27161FDH20031X android.display.cts.VirtualDisplayTest#testUntrustedSysDecorVirtualDisplay SKIPPED: SkipReason[reason=Test did not run due to instrumentation issue. Last executed test was android.display.cts.DisplayEventTest#testDisplayEvents[#4: 1 true]. Run level error reported reason: 'Instrumentation run failed due to 'Process crashed.', trigger=INSTRUMENTATION_ERROR, bugId=]
02-06 05:51:48 I/ModuleListener: [64/64] 27161FDH20031X android.display.cts.VirtualDisplayTest#testVirtualDisplayWithRequestedRefreshRate SKIPPED: SkipReason[reason=Test did not run due to instrumentation issue. Last executed test was android.display.cts.DisplayEventTest#testDisplayEvents[#4: 1 true]. Run level error reported reason: 'Instrumentation run failed due to 'Process crashed.', trigger=INSTRUMENTATION_ERROR, bugId=]
02-06 05:51:51 I/MonitoringUtils: Wifi Connectivity check failed on 27161FDH20031X. (Is your device connected to Wifi?), retrying in 5000ms
02-06 05:51:57 I/MonitoringUtils: Wifi Connectivity check failed on 27161FDH20031X. (Is your device connected to Wifi?), retrying in 5000ms
02-06 05:52:02 I/MonitoringUtils: Wifi Connectivity check failed on 27161FDH20031X. (Is your device connected to Wifi?), retrying in 5000ms
02-06 05:52:08 I/MonitoringUtils: Wifi Connectivity check failed on 27161FDH20031X. (Is your device connected to Wifi?), retrying in 5000ms
02-06 05:52:13 W/ITestSuite: System status checker [com.android.compatibility.common.tradefed.targetprep.NetworkConnectivityChecker] failed
02-06 05:52:13 W/KeyguardStatusChecker: SystemChecker - post-execution:
	Keyguard on: true, occluded: false
02-06 05:52:13 W/KeyguardStatusChecker: Also attempting to dismiss keyguard.
02-06 05:52:17 W/TestDevice: No response from keyguard 3428ms after being dismissed
02-06 05:52:17 W/ITestSuite: System status checker [com.android.tradefed.suite.checker.KeyguardStatusChecker] failed
02-06 05:52:17 E/LeakedThreadStatusChecker: We have 4 threads instead of 1. List: [Thread[Invocation-27161FDH20031X,5,Invocation-27161FDH20031X], Thread[BackgroundDeviceAction-logcat -b all -v threadtime,uid,5,Invocation-27161FDH20031X], Thread[Timer-1,5,Invocation-27161FDH20031X], Thread[grpc-default-worker-ELG-3-1,5,Invocation-27161FDH20031X]]
02-06 05:52:17 W/ITestSuite: System status checker [com.android.tradefed.suite.checker.LeakedThreadStatusChecker] failed
02-06 05:52:17 W/DeviceSettingChecker: Setting in namespace global fails:
 zen_mode_config_etag changes from -43963934 to -2073530737
02-06 05:52:17 W/ITestSuite: System status checker [com.android.tradefed.suite.checker.DeviceSettingChecker] failed
02-06 05:52:17 W/ITestSuite: There are failed system status checkers: {com.android.compatibility.common.tradefed.targetprep.NetworkConnectivityChecker=, com.android.tradefed.suite.checker.KeyguardStatusChecker=SystemChecker - post-execution:
	Keyguard on: true, occluded: false, com.android.tradefed.suite.checker.LeakedThreadStatusChecker=We have 4 threads instead of 1. List: [Thread[Invocation-27161FDH20031X,5,Invocation-27161FDH20031X], Thread[BackgroundDeviceAction-logcat -b all -v threadtime,uid,5,Invocation-27161FDH20031X], Thread[Timer-1,5,Invocation-27161FDH20031X], Thread[grpc-default-worker-ELG-3-1,5,Invocation-27161FDH20031X]], com.android.tradefed.suite.checker.DeviceSettingChecker=Setting in namespace global fails:
 zen_mode_config_etag changes from -43963934 to -2073530737
}
02-06 05:52:28 D/ModuleDefinition: Running module arm64-v8a CtsDisplayTestCases
02-06 05:52:34 I/ModuleListener: [1/75] 27161FDH20031X android.display.cts.BrightnessTest#testSliderUsagePermission FAILURE: java.lang.IllegalArgumentException: lightZ must be a finite positive, given=Infinity
	at android.graphics.HardwareRenderer.validatePositive(HardwareRenderer.java:1009)
	at android.graphics.HardwareRenderer.setLightSourceGeometry(HardwareRenderer.java:259)
	at android.view.ThreadedRenderer.setLightCenter(ThreadedRenderer.java:615)
	at android.view.ThreadedRenderer.setup(ThreadedRenderer.java:537)
	at android.view.ViewRootImpl.performTraversals(ViewRootImpl.java:3719)
	at android.view.ViewRootImpl.doTraversal(ViewRootImpl.java:2718)
	at android.view.ViewRootImpl$TraversalRunnable.run(ViewRootImpl.java:9937)
	at android.view.Choreographer$CallbackRecord.run(Choreographer.java:1406)
	at android.view.Choreographer$CallbackRecord.run(Choreographer.java:1415)
	at android.view.Choreographer.doCallbacks(Choreographer.java:1015)
	at android.view.Choreographer.doFrame(Choreographer.java:945)
	at android.view.Choreographer$FrameDisplayEventReceiver.run(Choreographer.java:1389)
	at android.os.Handler.handleCallback(Handler.java:959)
	at android.os.Handler.dispatchMessage(Handler.java:100)
	at android.os.Looper.loopOnce(Looper.java:232)
	at android.os.Looper.loop(Looper.java:317)
	at android.app.ActivityThread.main(ActivityThread.java:8592)
	at java.lang.reflect.Method.invoke(Native Method)
	at com.android.internal.os.RuntimeInit$MethodAndArgsCaller.run(RuntimeInit.java:580)
	at com.android.internal.os.ZygoteInit.main(ZygoteInit.java:878)
02-06 05:52:34 I/ModuleListener: [2/75] 27161FDH20031X android.display.cts.BrightnessTest#testSetGetSimpleCurve SKIPPED: SkipReason[reason=Test did not run due to instrumentation issue. Last executed test was android.display.cts.BrightnessTest#testSliderUsagePermission. Run level error reported reason: 'Instrumentation run failed due to 'Process crashed.', trigger=INSTRUMENTATION_ERROR, bugId=]
02-06 05:52:34 I/ModuleListener: [3/75] 27161FDH20031X android.display.cts.BrightnessTest#testSetAndGetPerDisplay SKIPPED: SkipReason[reason=Test did not run due to instrumentation issue. Last executed test was android.display.cts.BrightnessTest#testSliderUsagePermission. Run level error reported reason: 'Instrumentation run failed due to 'Process crashed.', trigger=INSTRUMENTATION_ERROR, bugId=]
02-06 05:52:34 I/ModuleListener: [4/75] 27161FDH20031X android.display.cts.BrightnessTest#testSetAndGetBrightnessConfiguration SKIPPED: SkipReason[reason=Test did not run due to instrumentation issue. Last executed test was android.display.cts.BrightnessTest#testSliderUsagePermission. Run level error reported reason: 'Instrumentation run failed due to 'Process crashed.', trigger=INSTRUMENTATION_ERROR, bugId=]
02-06 05:52:34 I/ModuleListener: [5/75] 27161FDH20031X android.display.cts.BrightnessTest#testBrightnesSliderTrackingDecrease SKIPPED: SkipReason[reason=Test did not run due to instrumentation issue. Last executed test was android.display.cts.BrightnessTest#testSliderUsagePermission. Run level error reported reason: 'Instrumentation run failed due to 'Process crashed.', trigger=INSTRUMENTATION_ERROR, bugId=]
02-06 05:52:34 I/ModuleListener: [6/75] 27161FDH20031X android.display.cts.BrightnessTest#testBrightnessSliderTracking SKIPPED: SkipReason[reason=Test did not run due to instrumentation issue. Last executed test was android.display.cts.BrightnessTest#testSliderUsagePermission. Run level error reported reason: 'Instrumentation run failed due to 'Process crashed.', trigger=INSTRUMENTATION_ERROR, bugId=]
02-06 05:52:34 I/ModuleListener: [7/75] 27161FDH20031X android.display.cts.BrightnessTest#testConfigureBrightnessPermission SKIPPED: SkipReason[reason=Test did not run due to instrumentation issue. Last executed test was android.display.cts.BrightnessTest#testSliderUsagePermission. Run level error reported reason: 'Instrumentation run failed due to 'Process crashed.', trigger=INSTRUMENTATION_ERROR, bugId=]
02-06 05:52:34 I/ModuleListener: [8/75] 27161FDH20031X android.display.cts.BrightnessTest#testNoTrackingForManualBrightness SKIPPED: SkipReason[reason=Test did not run due to instrumentation issue. Last executed test was android.display.cts.BrightnessTest#testSliderUsagePermission. Run level error reported reason: 'Instrumentation run failed due to 'Process crashed.', trigger=INSTRUMENTATION_ERROR, bugId=]
02-06 05:52:34 I/ModuleListener: [9/75] 27161FDH20031X android.display.cts.BrightnessTest#testNoColorSampleData SKIPPED: SkipReason[reason=Test did not run due to instrumentation issue. Last executed test was android.display.cts.BrightnessTest#testSliderUsagePermission. Run level error reported reason: 'Instrumentation run failed due to 'Process crashed.', trigger=INSTRUMENTATION_ERROR, bugId=]
02-06 05:52:34 I/ModuleListener: [10/75] 27161FDH20031X android.display.cts.BrightnessTest#testGetDefaultCurve SKIPPED: SkipReason[reason=Test did not run due to instrumentation issue. Last executed test was android.display.cts.BrightnessTest#testSliderUsagePermission. Run level error reported reason: 'Instrumentation run failed due to 'Process crashed.', trigger=INSTRUMENTATION_ERROR, bugId=]
02-06 05:52:34 I/ModuleListener: [11/75] 27161FDH20031X android.display.cts.BrightnessTest#testAtMostOneAppHoldsBrightnessConfigurationPermission SKIPPED: SkipReason[reason=Test did not run due to instrumentation issue. Last executed test was android.display.cts.BrightnessTest#testSliderUsagePermission. Run level error reported reason: 'Instrumentation run failed due to 'Process crashed.', trigger=INSTRUMENTATION_ERROR, bugId=]
02-06 05:52:34 I/ModuleListener: [12/75] 27161FDH20031X android.display.cts.BrightnessTest#testSliderEventsReflectCurves SKIPPED: SkipReason[reason=Test did not run due to instrumentation issue. Last executed test was android.display.cts.BrightnessTest#testSliderUsagePermission. Run level error reported reason: 'Instrumentation run failed due to 'Process crashed.', trigger=INSTRUMENTATION_ERROR, bugId=]
02-06 05:52:34 I/ModuleListener: [13/75] 27161FDH20031X android.display.cts.DefaultDisplayModeTest#testSetUserPreferredResolutionForSpecificDisplay SKIPPED: SkipReason[reason=Test did not run due to instrumentation issue. Last executed test was android.display.cts.BrightnessTest#testSliderUsagePermission. Run level error reported reason: 'Instrumentation run failed due to 'Process crashed.', trigger=INSTRUMENTATION_ERROR, bugId=]
02-06 05:52:34 I/ModuleListener: [14/75] 27161FDH20031X android.display.cts.DefaultDisplayModeTest#testSetUserPreferredDisplayModeForSpecificDisplay SKIPPED: SkipReason[reason=Test did not run due to instrumentation issue. Last executed test was android.display.cts.BrightnessTest#testSliderUsagePermission. Run level error reported reason: 'Instrumentation run failed due to 'Process crashed.', trigger=INSTRUMENTATION_ERROR, bugId=]
02-06 05:52:34 I/ModuleListener: [15/75] 27161FDH20031X android.display.cts.DefaultDisplayModeTest#testGetUserPreferredDisplayMode SKIPPED: SkipReason[reason=Test did not run due to instrumentation issue. Last executed test was android.display.cts.BrightnessTest#testSliderUsagePermission. Run level error reported reason: 'Instrumentation run failed due to 'Process crashed.', trigger=INSTRUMENTATION_ERROR, bugId=]
02-06 05:52:34 I/ModuleListener: [16/75] 27161FDH20031X android.display.cts.DefaultDisplayModeTest#testSetAndClearUserPreferredDisplayModeGeneratesDisplayChangedEvents SKIPPED: SkipReason[reason=Test did not run due to instrumentation issue. Last executed test was android.display.cts.BrightnessTest#testSliderUsagePermission. Run level error reported reason: 'Instrumentation run failed due to 'Process crashed.', trigger=INSTRUMENTATION_ERROR, bugId=]
02-06 05:52:34 I/ModuleListener: [17/75] 27161FDH20031X android.display.cts.DefaultDisplayModeTest#testSetUserPreferredRefreshRateForSpecificDisplay SKIPPED: SkipReason[reason=Test did not run due to instrumentation issue. Last executed test was android.display.cts.BrightnessTest#testSliderUsagePermission. Run level error reported reason: 'Instrumentation run failed due to 'Process crashed.', trigger=INSTRUMENTATION_ERROR, bugId=]
02-06 05:52:34 I/ModuleListener: [18/75] 27161FDH20031X android.display.cts.DefaultDisplayModeTest#testSetUserPreferredDisplayModeThrowsExceptionWithInvalidMode SKIPPED: SkipReason[reason=Test did not run due to instrumentation issue. Last executed test was android.display.cts.BrightnessTest#testSliderUsagePermission. Run level error reported reason: 'Instrumentation run failed due to 'Process crashed.', trigger=INSTRUMENTATION_ERROR, bugId=]
02-06 05:52:34 I/ModuleListener: [19/75] 27161FDH20031X android.display.cts.DefaultDisplayModeTest#testSetAndClearUserPreferredDisplayModeForSpecificDisplayGeneratesDisplayChangedEvents SKIPPED: SkipReason[reason=Test did not run due to instrumentation issue. Last executed test was android.display.cts.BrightnessTest#testSliderUsagePermission. Run level error reported reason: 'Instrumentation run failed due to 'Process crashed.', trigger=INSTRUMENTATION_ERROR, bugId=]
02-06 05:52:34 I/ModuleListener: [20/75] 27161FDH20031X android.display.cts.DisplayEventTest#testDisplayEvents[#0: 1 false] SKIPPED: SkipReason[reason=Test did not run due to instrumentation issue. Last executed test was android.display.cts.BrightnessTest#testSliderUsagePermission. Run level error reported reason: 'Instrumentation run failed due to 'Process crashed.', trigger=INSTRUMENTATION_ERROR, bugId=]
02-06 05:52:34 I/ModuleListener: [21/75] 27161FDH20031X android.display.cts.DisplayEventTest#testDisplayEvents[#1: 2 false] SKIPPED: SkipReason[reason=Test did not run due to instrumentation issue. Last executed test was android.display.cts.BrightnessTest#testSliderUsagePermission. Run level error reported reason: 'Instrumentation run failed due to 'Process crashed.', trigger=INSTRUMENTATION_ERROR, bugId=]
02-06 05:52:34 I/ModuleListener: [22/75] 27161FDH20031X android.display.cts.DisplayEventTest#testDisplayEvents[#2: 3 false] SKIPPED: SkipReason[reason=Test did not run due to instrumentation issue. Last executed test was android.display.cts.BrightnessTest#testSliderUsagePermission. Run level error reported reason: 'Instrumentation run failed due to 'Process crashed.', trigger=INSTRUMENTATION_ERROR, bugId=]
02-06 05:52:34 I/ModuleListener: [23/75] 27161FDH20031X android.display.cts.DisplayEventTest#testDisplayEvents[#3: 10 false] SKIPPED: SkipReason[reason=Test did not run due to instrumentation issue. Last executed test was android.display.cts.BrightnessTest#testSliderUsagePermission. Run level error reported reason: 'Instrumentation run failed due to 'Process crashed.', trigger=INSTRUMENTATION_ERROR, bugId=]
02-06 05:52:34 I/ModuleListener: [24/75] 27161FDH20031X android.display.cts.DisplayEventTest#testDisplayEvents[#4: 1 true] SKIPPED: SkipReason[reason=Test did not run due to instrumentation issue. Last executed test was android.display.cts.BrightnessTest#testSliderUsagePermission. Run level error reported reason: 'Instrumentation run failed due to 'Process crashed.', trigger=INSTRUMENTATION_ERROR, bugId=]
02-06 05:52:34 I/ModuleListener: [25/75] 27161FDH20031X android.display.cts.DisplayEventTest#testDisplayEvents[#5: 2 true] SKIPPED: SkipReason[reason=Test did not run due to instrumentation issue. Last executed test was android.display.cts.BrightnessTest#testSliderUsagePermission. Run level error reported reason: 'Instrumentation run failed due to 'Process crashed.', trigger=INSTRUMENTATION_ERROR, bugId=]
02-06 05:52:34 I/ModuleListener: [26/75] 27161FDH20031X android.display.cts.DisplayEventTest#testDisplayEvents[#6: 3 true] SKIPPED: SkipReason[reason=Test did not run due to instrumentation issue. Last executed test was android.display.cts.BrightnessTest#testSliderUsagePermission. Run level error reported reason: 'Instrumentation run failed due to 'Process crashed.', trigger=INSTRUMENTATION_ERROR, bugId=]
02-06 05:52:34 I/ModuleListener: [27/75] 27161FDH20031X android.display.cts.DisplayEventTest#testDisplayEvents[#7: 10 true] SKIPPED: SkipReason[reason=Test did not run due to instrumentation issue. Last executed test was android.display.cts.BrightnessTest#testSliderUsagePermission. Run level error reported reason: 'Instrumentation run failed due to 'Process crashed.', trigger=INSTRUMENTATION_ERROR, bugId=]
02-06 05:52:34 I/ModuleListener: [28/75] 27161FDH20031X android.display.cts.DisplayManagerTest#testCreateVirtualDisplayFromShell SKIPPED: SkipReason[reason=Test did not run due to instrumentation issue. Last executed test was android.display.cts.BrightnessTest#testSliderUsagePermission. Run level error reported reason: 'Instrumentation run failed due to 'Process crashed.', trigger=INSTRUMENTATION_ERROR, bugId=]
02-06 05:52:34 I/ModuleListener: [29/75] 27161FDH20031X android.display.cts.DisplayManagerTest#createVirtualDisplayNoPermission SKIPPED: SkipReason[reason=Test did not run due to instrumentation issue. Last executed test was android.display.cts.BrightnessTest#testSliderUsagePermission. Run level error reported reason: 'Instrumentation run failed due to 'Process crashed.', trigger=INSTRUMENTATION_ERROR, bugId=]
02-06 05:52:34 I/ModuleListener: [30/75] 27161FDH20031X android.display.cts.DisplayTest#testRestrictedFramebufferSize SKIPPED: SkipReason[reason=Test did not run due to instrumentation issue. Last executed test was android.display.cts.BrightnessTest#testSliderUsagePermission. Run level error reported reason: 'Instrumentation run failed due to 'Process crashed.', trigger=INSTRUMENTATION_ERROR, bugId=]
02-06 05:52:34 I/ModuleListener: [31/75] 27161FDH20031X android.display.cts.DisplayTest#testGetHdrCapabilitiesWhenUserDisabledFormatsAreAllowedReturnsNonFilteredHdrTypes SKIPPED: SkipReason[reason=Test did not run due to instrumentation issue. Last executed test was android.display.cts.BrightnessTest#testSliderUsagePermission. Run level error reported reason: 'Instrumentation run failed due to 'Process crashed.', trigger=INSTRUMENTATION_ERROR, bugId=]
02-06 05:52:34 I/ModuleListener: [32/75] 27161FDH20031X android.display.cts.DisplayTest#testDefaultDisplay SKIPPED: SkipReason[reason=Test did not run due to instrumentation issue. Last executed test was android.display.cts.BrightnessTest#testSliderUsagePermission. Run level error reported reason: 'Instrumentation run failed due to 'Process crashed.', trigger=INSTRUMENTATION_ERROR, bugId=]
02-06 05:52:34 I/ModuleListener: [33/75] 27161FDH20031X android.display.cts.DisplayTest#testGetPreferredWideGamutColorSpace SKIPPED: SkipReason[reason=Test did not run due to instrumentation issue. Last executed test was android.display.cts.BrightnessTest#testSliderUsagePermission. Run level error reported reason: 'Instrumentation run failed due to 'Process crashed.', trigger=INSTRUMENTATION_ERROR, bugId=]
02-06 05:52:34 I/ModuleListener: [34/75] 27161FDH20031X android.display.cts.DisplayTest#testGetDisplayAttrs SKIPPED: SkipReason[reason=Test did not run due to instrumentation issue. Last executed test was android.display.cts.BrightnessTest#testSliderUsagePermission. Run level error reported reason: 'Instrumentation run failed due to 'Process crashed.', trigger=INSTRUMENTATION_ERROR, bugId=]
02-06 05:52:34 I/ModuleListener: [35/75] 27161FDH20031X android.display.cts.DisplayTest#testGetHdrCapabilitiesWhenUserDisabledFormatsAreNotAllowedReturnsFilteredHdrTypes SKIPPED: SkipReason[reason=Test did not run due to instrumentation issue. Last executed test was android.display.cts.BrightnessTest#testSliderUsagePermission. Run level error reported reason: 'Instrumentation run failed due to 'Process crashed.', trigger=INSTRUMENTATION_ERROR, bugId=]
02-06 05:52:34 I/ModuleListener: [36/75] 27161FDH20031X android.display.cts.DisplayTest#testFlags SKIPPED: SkipReason[reason=Test did not run due to instrumentation issue. Last executed test was android.display.cts.BrightnessTest#testSliderUsagePermission. Run level error reported reason: 'Instrumentation run failed due to 'Process crashed.', trigger=INSTRUMENTATION_ERROR, bugId=]
02-06 05:52:34 I/ModuleListener: [37/75] 27161FDH20031X android.display.cts.DisplayTest#testMode SKIPPED: SkipReason[reason=Test did not run due to instrumentation issue. Last executed test was android.display.cts.BrightnessTest#testSliderUsagePermission. Run level error reported reason: 'Instrumentation run failed due to 'Process crashed.', trigger=INSTRUMENTATION_ERROR, bugId=]
02-06 05:52:34 I/ModuleListener: [38/75] 27161FDH20031X android.display.cts.DisplayTest#testModeSwitchOnPrimaryDisplayWithRestart SKIPPED: SkipReason[reason=Test did not run due to instrumentation issue. Last executed test was android.display.cts.BrightnessTest#testSliderUsagePermission. Run level error reported reason: 'Instrumentation run failed due to 'Process crashed.', trigger=INSTRUMENTATION_ERROR, bugId=]
02-06 05:52:34 I/ModuleListener: [39/75] 27161FDH20031X android.display.cts.DisplayTest#testRefreshRateSwitchOnSecondaryDisplay SKIPPED: SkipReason[reason=Test did not run due to instrumentation issue. Last executed test was android.display.cts.BrightnessTest#testSliderUsagePermission. Run level error reported reason: 'Instrumentation run failed due to 'Process crashed.', trigger=INSTRUMENTATION_ERROR, bugId=]
02-06 05:52:34 I/ModuleListener: [40/75] 27161FDH20031X android.display.cts.DisplayTest#testModeSwitchOnPrimaryDisplay SKIPPED: SkipReason[reason=Test did not run due to instrumentation issue. Last executed test was android.display.cts.BrightnessTest#testSliderUsagePermission. Run level error reported reason: 'Instrumentation run failed due to 'Process crashed.', trigger=INSTRUMENTATION_ERROR, bugId=]
02-06 05:52:34 I/ModuleListener: [41/75] 27161FDH20031X android.display.cts.DisplayTest#testGetDeviceProductInfo SKIPPED: SkipReason[reason=Test did not run due to instrumentation issue. Last executed test was android.display.cts.BrightnessTest#testSliderUsagePermission. Run level error reported reason: 'Instrumentation run failed due to 'Process crashed.', trigger=INSTRUMENTATION_ERROR, bugId=]
02-06 05:52:34 I/ModuleListener: [42/75] 27161FDH20031X android.display.cts.DisplayTest#testGetSupportWideColorGamut_displayIsWideColorGamut SKIPPED: SkipReason[reason=Test did not run due to instrumentation issue. Last executed test was android.display.cts.BrightnessTest#testSliderUsagePermission. Run level error reported reason: 'Instrumentation run failed due to 'Process crashed.', trigger=INSTRUMENTATION_ERROR, bugId=]
02-06 05:52:34 I/ModuleListener: [43/75] 27161FDH20031X android.display.cts.DisplayTest#testActiveModeIsSupportedModesOnDefaultDisplay SKIPPED: SkipReason[reason=Test did not run due to instrumentation issue. Last executed test was android.display.cts.BrightnessTest#testSliderUsagePermission. Run level error reported reason: 'Instrumentation run failed due to 'Process crashed.', trigger=INSTRUMENTATION_ERROR, bugId=]
02-06 05:52:34 I/ModuleListener: [44/75] 27161FDH20031X android.display.cts.DisplayTest#testDefaultDisplayHdrCapability SKIPPED: SkipReason[reason=Test did not run due to instrumentation issue. Last executed test was android.display.cts.BrightnessTest#testSliderUsagePermission. Run level error reported reason: 'Instrumentation run failed due to 'Process crashed.', trigger=INSTRUMENTATION_ERROR, bugId=]
02-06 05:52:34 I/ModuleListener: [45/75] 27161FDH20031X android.display.cts.DisplayTest#getDisplaysWithInvalidCategory_returnsEmptyArray SKIPPED: SkipReason[reason=Test did not run due to instrumentation issue. Last executed test was android.display.cts.BrightnessTest#testSliderUsagePermission. Run level error reported reason: 'Instrumentation run failed due to 'Process crashed.', trigger=INSTRUMENTATION_ERROR, bugId=]
02-06 05:52:34 I/ModuleListener: [46/75] 27161FDH20031X android.display.cts.DisplayTest#testGetSupportedModesOnDefaultDisplay SKIPPED: SkipReason[reason=Test did not run due to instrumentation issue. Last executed test was android.display.cts.BrightnessTest#testSliderUsagePermission. Run level error reported reason: 'Instrumentation run failed due to 'Process crashed.', trigger=INSTRUMENTATION_ERROR, bugId=]
02-06 05:52:34 I/ModuleListener: [47/75] 27161FDH20031X android.display.cts.DisplayTest#testSecondaryDisplay SKIPPED: SkipReason[reason=Test did not run due to instrumentation issue. Last executed test was android.display.cts.BrightnessTest#testSliderUsagePermission. Run level error reported reason: 'Instrumentation run failed due to 'Process crashed.', trigger=INSTRUMENTATION_ERROR, bugId=]
02-06 05:52:34 I/ModuleListener: [48/75] 27161FDH20031X android.display.cts.DisplayTest#testGetSupportedWideColorGamut_shouldNotBeNull SKIPPED: SkipReason[reason=Test did not run due to instrumentation issue. Last executed test was android.display.cts.BrightnessTest#testSliderUsagePermission. Run level error reported reason: 'Instrumentation run failed due to 'Process crashed.', trigger=INSTRUMENTATION_ERROR, bugId=]
02-06 05:52:34 I/ModuleListener: [49/75] 27161FDH20031X android.display.cts.DisplayTest#testGetMetrics SKIPPED: SkipReason[reason=Test did not run due to instrumentation issue. Last executed test was android.display.cts.BrightnessTest#testSliderUsagePermission. Run level error reported reason: 'Instrumentation run failed due to 'Process crashed.', trigger=INSTRUMENTATION_ERROR, bugId=]
02-06 05:52:34 I/ModuleListener: [50/75] 27161FDH20031X android.display.cts.DisplayTest#testDeviceProductInfo SKIPPED: SkipReason[reason=Test did not run due to instrumentation issue. Last executed test was android.display.cts.BrightnessTest#testSliderUsagePermission. Run level error reported reason: 'Instrumentation run failed due to 'Process crashed.', trigger=INSTRUMENTATION_ERROR, bugId=]
02-06 05:52:34 I/ModuleListener: [51/75] 27161FDH20031X android.display.cts.DisplayTest#testGetDisplays SKIPPED: SkipReason[reason=Test did not run due to instrumentation issue. Last executed test was android.display.cts.BrightnessTest#testSliderUsagePermission. Run level error reported reason: 'Instrumentation run failed due to 'Process crashed.', trigger=INSTRUMENTATION_ERROR, bugId=]
02-06 05:52:34 I/ModuleListener: [52/75] 27161FDH20031X android.display.cts.DisplayTest#testFailBrightnessChangeWithoutPermission SKIPPED: SkipReason[reason=Test did not run due to instrumentation issue. Last executed test was android.display.cts.BrightnessTest#testSliderUsagePermission. Run level error reported reason: 'Instrumentation run failed due to 'Process crashed.', trigger=INSTRUMENTATION_ERROR, bugId=]
02-06 05:52:34 I/ModuleListener: [53/75] 27161FDH20031X android.display.cts.DisplayTest#testSetUserDisabledHdrTypesStoresDisabledFormatsInSettings SKIPPED: SkipReason[reason=Test did not run due to instrumentation issue. Last executed test was android.display.cts.BrightnessTest#testSliderUsagePermission. Run level error reported reason: 'Instrumentation run failed due to 'Process crashed.', trigger=INSTRUMENTATION_ERROR, bugId=]
02-06 05:52:34 I/ModuleListener: [54/75] 27161FDH20031X android.display.cts.HdrConversionDisabledTest#testGetSupportedHdrOutputTypes SKIPPED: SkipReason[reason=Test did not run due to instrumentation issue. Last executed test was android.display.cts.BrightnessTest#testSliderUsagePermission. Run level error reported reason: 'Instrumentation run failed due to 'Process crashed.', trigger=INSTRUMENTATION_ERROR, bugId=]
02-06 05:52:34 I/ModuleListener: [55/75] 27161FDH20031X android.display.cts.HdrConversionDisabledTest#testSetHdrConversionMode SKIPPED: SkipReason[reason=Test did not run due to instrumentation issue. Last executed test was android.display.cts.BrightnessTest#testSliderUsagePermission. Run level error reported reason: 'Instrumentation run failed due to 'Process crashed.', trigger=INSTRUMENTATION_ERROR, bugId=]
02-06 05:52:34 I/ModuleListener: [56/75] 27161FDH20031X android.display.cts.HdrConversionDisabledTest#testGetHdrConversionMode SKIPPED: SkipReason[reason=Test did not run due to instrumentation issue. Last executed test was android.display.cts.BrightnessTest#testSliderUsagePermission. Run level error reported reason: 'Instrumentation run failed due to 'Process crashed.', trigger=INSTRUMENTATION_ERROR, bugId=]
02-06 05:52:34 I/ModuleListener: [57/75] 27161FDH20031X android.display.cts.HdrConversionDisabledTest#testGetHdrConversionModeSetting SKIPPED: SkipReason[reason=Test did not run due to instrumentation issue. Last executed test was android.display.cts.BrightnessTest#testSliderUsagePermission. Run level error reported reason: 'Instrumentation run failed due to 'Process crashed.', trigger=INSTRUMENTATION_ERROR, bugId=]
02-06 05:52:34 I/ModuleListener: [58/75] 27161FDH20031X android.display.cts.HdrConversionEnabledTest#testGetSupportedHdrOutputTypes SKIPPED: SkipReason[reason=Test did not run due to instrumentation issue. Last executed test was android.display.cts.BrightnessTest#testSliderUsagePermission. Run level error reported reason: 'Instrumentation run failed due to 'Process crashed.', trigger=INSTRUMENTATION_ERROR, bugId=]
02-06 05:52:34 I/ModuleListener: [59/75] 27161FDH20031X android.display.cts.HdrConversionEnabledTest#testSetHdrConversionMode SKIPPED: SkipReason[reason=Test did not run due to instrumentation issue. Last executed test was android.display.cts.BrightnessTest#testSliderUsagePermission. Run level error reported reason: 'Instrumentation run failed due to 'Process crashed.', trigger=INSTRUMENTATION_ERROR, bugId=]
02-06 05:52:34 I/ModuleListener: [60/75] 27161FDH20031X android.display.cts.HdrConversionEnabledTest#testSetHdrConversionModeThrowsExceptionWithInvalidArgument SKIPPED: SkipReason[reason=Test did not run due to instrumentation issue. Last executed test was android.display.cts.BrightnessTest#testSliderUsagePermission. Run level error reported reason: 'Instrumentation run failed due to 'Process crashed.', trigger=INSTRUMENTATION_ERROR, bugId=]
02-06 05:52:34 I/ModuleListener: [61/75] 27161FDH20031X android.display.cts.HdrConversionEnabledTest#testGetSupportedHdrOutputTypesWithAppOverride SKIPPED: SkipReason[reason=Test did not run due to instrumentation issue. Last executed test was android.display.cts.BrightnessTest#testSliderUsagePermission. Run level error reported reason: 'Instrumentation run failed due to 'Process crashed.', trigger=INSTRUMENTATION_ERROR, bugId=]
02-06 05:52:34 I/ModuleListener: [62/75] 27161FDH20031X android.display.cts.VirtualDisplayConfigTest#virtualDisplayConfig_noName_throwsException SKIPPED: SkipReason[reason=Test did not run due to instrumentation issue. Last executed test was android.display.cts.BrightnessTest#testSliderUsagePermission. Run level error reported reason: 'Instrumentation run failed due to 'Process crashed.', trigger=INSTRUMENTATION_ERROR, bugId=]
02-06 05:52:34 I/ModuleListener: [63/75] 27161FDH20031X android.display.cts.VirtualDisplayConfigTest#parcelAndUnparcel_matches SKIPPED: SkipReason[reason=Test did not run due to instrumentation issue. Last executed test was android.display.cts.BrightnessTest#testSliderUsagePermission. Run level error reported reason: 'Instrumentation run failed due to 'Process crashed.', trigger=INSTRUMENTATION_ERROR, bugId=]
02-06 05:52:34 I/ModuleListener: [64/75] 27161FDH20031X android.display.cts.VirtualDisplayConfigTest#virtualDisplayConfig_invalidRequestedRefreshRate_throwsException SKIPPED: SkipReason[reason=Test did not run due to instrumentation issue. Last executed test was android.display.cts.BrightnessTest#testSliderUsagePermission. Run level error reported reason: 'Instrumentation run failed due to 'Process crashed.', trigger=INSTRUMENTATION_ERROR, bugId=]
02-06 05:52:34 I/ModuleListener: [65/75] 27161FDH20031X android.display.cts.VirtualDisplayConfigTest#virtualDisplayConfig_nullDisplayCategories_throwsException SKIPPED: SkipReason[reason=Test did not run due to instrumentation issue. Last executed test was android.display.cts.BrightnessTest#testSliderUsagePermission. Run level error reported reason: 'Instrumentation run failed due to 'Process crashed.', trigger=INSTRUMENTATION_ERROR, bugId=]
02-06 05:52:34 I/ModuleListener: [66/75] 27161FDH20031X android.display.cts.VirtualDisplayConfigTest#virtualDisplayConfig_invalidDensity_throwsException SKIPPED: SkipReason[reason=Test did not run due to instrumentation issue. Last executed test was android.display.cts.BrightnessTest#testSliderUsagePermission. Run level error reported reason: 'Instrumentation run failed due to 'Process crashed.', trigger=INSTRUMENTATION_ERROR, bugId=]
02-06 05:52:34 I/ModuleListener: [67/75] 27161FDH20031X android.display.cts.VirtualDisplayConfigTest#virtualDisplayConfig_invalidWidth_throwsException SKIPPED: SkipReason[reason=Test did not run due to instrumentation issue. Last executed test was android.display.cts.BrightnessTest#testSliderUsagePermission. Run level error reported reason: 'Instrumentation run failed due to 'Process crashed.', trigger=INSTRUMENTATION_ERROR, bugId=]
02-06 05:52:34 I/ModuleListener: [68/75] 27161FDH20031X android.display.cts.VirtualDisplayConfigTest#virtualDisplayConfig_invalidHeight_throwsException SKIPPED: SkipReason[reason=Test did not run due to instrumentation issue. Last executed test was android.display.cts.BrightnessTest#testSliderUsagePermission. Run level error reported reason: 'Instrumentation run failed due to 'Process crashed.', trigger=INSTRUMENTATION_ERROR, bugId=]
02-06 05:52:34 I/ModuleListener: [69/75] 27161FDH20031X android.display.cts.VirtualDisplayConfigTest#virtualDisplayConfig_nullDisplayCategory_throwsException SKIPPED: SkipReason[reason=Test did not run due to instrumentation issue. Last executed test was android.display.cts.BrightnessTest#testSliderUsagePermission. Run level error reported reason: 'Instrumentation run failed due to 'Process crashed.', trigger=INSTRUMENTATION_ERROR, bugId=]
02-06 05:52:34 I/ModuleListener: [70/75] 27161FDH20031X android.display.cts.VirtualDisplayConfigTest#virtualDisplayConfig_onlyRequiredFields SKIPPED: SkipReason[reason=Test did not run due to instrumentation issue. Last executed test was android.display.cts.BrightnessTest#testSliderUsagePermission. Run level error reported reason: 'Instrumentation run failed due to 'Process crashed.', trigger=INSTRUMENTATION_ERROR, bugId=]
02-06 05:52:34 I/ModuleListener: [71/75] 27161FDH20031X android.display.cts.VirtualDisplayTest#testHdrApiMethods SKIPPED: SkipReason[reason=Test did not run due to instrumentation issue. Last executed test was android.display.cts.BrightnessTest#testSliderUsagePermission. Run level error reported reason: 'Instrumentation run failed due to 'Process crashed.', trigger=INSTRUMENTATION_ERROR, bugId=]
02-06 05:52:34 I/ModuleListener: [72/75] 27161FDH20031X android.display.cts.VirtualDisplayTest#testTrustedVirtualDisplay SKIPPED: SkipReason[reason=Test did not run due to instrumentation issue. Last executed test was android.display.cts.BrightnessTest#testSliderUsagePermission. Run level error reported reason: 'Instrumentation run failed due to 'Process crashed.', trigger=INSTRUMENTATION_ERROR, bugId=]
02-06 05:52:34 I/ModuleListener: [73/75] 27161FDH20031X android.display.cts.VirtualDisplayTest#testGetHdrCapabilitiesWithUserDisabledFormats SKIPPED: SkipReason[reason=Test did not run due to instrumentation issue. Last executed test was android.display.cts.BrightnessTest#testSliderUsagePermission. Run level error reported reason: 'Instrumentation run failed due to 'Process crashed.', trigger=INSTRUMENTATION_ERROR, bugId=]
02-06 05:52:34 I/ModuleListener: [74/75] 27161FDH20031X android.display.cts.VirtualDisplayTest#testUntrustedSysDecorVirtualDisplay SKIPPED: SkipReason[reason=Test did not run due to instrumentation issue. Last executed test was android.display.cts.BrightnessTest#testSliderUsagePermission. Run level error reported reason: 'Instrumentation run failed due to 'Process crashed.', trigger=INSTRUMENTATION_ERROR, bugId=]
02-06 05:52:34 I/ModuleListener: [75/75] 27161FDH20031X android.display.cts.VirtualDisplayTest#testVirtualDisplayWithRequestedRefreshRate SKIPPED: SkipReason[reason=Test did not run due to instrumentation issue. Last executed test was android.display.cts.BrightnessTest#testSliderUsagePermission. Run level error reported reason: 'Instrumentation run failed due to 'Process crashed.', trigger=INSTRUMENTATION_ERROR, bugId=]
02-06 05:52:37 I/MonitoringUtils: Wifi Connectivity check failed on 27161FDH20031X. (Is your device connected to Wifi?), retrying in 5000ms
02-06 05:52:42 I/MonitoringUtils: Wifi Connectivity check failed on 27161FDH20031X. (Is your device connected to Wifi?), retrying in 5000ms
02-06 05:52:48 I/MonitoringUtils: Wifi Connectivity check failed on 27161FDH20031X. (Is your device connected to Wifi?), retrying in 5000ms
02-06 05:52:54 I/MonitoringUtils: Wifi Connectivity check failed on 27161FDH20031X. (Is your device connected to Wifi?), retrying in 5000ms
02-06 05:52:59 W/NetworkConnectivityChecker: NetworkConnectivityChecker is still failing on 27161FDH20031X.
02-06 05:52:59 W/KeyguardStatusChecker: SystemChecker - post-execution:
	Keyguard on: true, occluded: false
02-06 05:52:59 W/KeyguardStatusChecker: Also attempting to dismiss keyguard.
02-06 05:53:03 W/TestDevice: No response from keyguard 3392ms after being dismissed
02-06 05:53:03 W/ITestSuite: System status checker [com.android.tradefed.suite.checker.KeyguardStatusChecker] failed
02-06 05:53:03 E/LeakedThreadStatusChecker: We have 4 threads instead of 1. List: [Thread[Invocation-27161FDH20031X,5,Invocation-27161FDH20031X], Thread[BackgroundDeviceAction-logcat -b all -v threadtime,uid,5,Invocation-27161FDH20031X], Thread[Timer-1,5,Invocation-27161FDH20031X], Thread[grpc-default-worker-ELG-3-1,5,Invocation-27161FDH20031X]]
02-06 05:53:03 W/ITestSuite: System status checker [com.android.tradefed.suite.checker.LeakedThreadStatusChecker] failed
02-06 05:53:03 W/ITestSuite: There are failed system status checkers: {com.android.tradefed.suite.checker.KeyguardStatusChecker=SystemChecker - post-execution:
	Keyguard on: true, occluded: false, com.android.tradefed.suite.checker.LeakedThreadStatusChecker=We have 4 threads instead of 1. List: [Thread[Invocation-27161FDH20031X,5,Invocation-27161FDH20031X], Thread[BackgroundDeviceAction-logcat -b all -v threadtime,uid,5,Invocation-27161FDH20031X], Thread[Timer-1,5,Invocation-27161FDH20031X], Thread[grpc-default-worker-ELG-3-1,5,Invocation-27161FDH20031X]]}
02-06 05:53:04 E/NativeDevice: Device path /sdcard/report-log-files/ does not exist to be pulled.
02-06 05:53:04 W/NativeDevice: Attempting to stop logcat when not capturing for 27161FDH20031X
02-06 05:53:04 I/SuiteResultReporter: 
============================================
================= Results ==================
=============== Consumed Time ==============
    arm64-v8a CtsDisplayTestCases: 4s
    arm64-v8a CtsDisplayTestCases[instant]: 4s
Total aggregated tests run time: 9s
============== Modules Preparation Times ==============
    arm64-v8a CtsDisplayTestCases[instant] => prep = 2149 ms || clean = 841 ms
    arm64-v8a CtsDisplayTestCases => prep = 2598 ms || clean = 475 ms
Total preparation time: 4s  ||  Total tear down time: 1s
=======================================================
=============== Summary ===============
Total Run time: 1m 33s
0/2 modules completed
Module(s) with run failure(s):
    arm64-v8a CtsDisplayTestCases[instant]: Instrumentation run failed due to 'Process crashed.'
Java Crash Messages sorted from most recent:
ClassNotFoundException when unmarshalling: 
android.os.BadParcelableException: ClassNotFoundException when unmarshalling: 
	at android.os.Parcel.readParcelableCreatorInternal(Parcel.java:5158)
	at android.os.Parcel.readParcelableInternal(Parcel.java:5007)
	at android.os.Parcel.readParcelable(Parcel.java:4998)
	at android.view.DisplayInfo.readFromParcel(DisplayInfo.java:554)
	at android.view.DisplayInfo.<init>(DisplayInfo.java:399)
	at android.view.DisplayInfo.<init>(Unknown Source:0)
	at android.view.DisplayInfo$1.createFromParcel(DisplayInfo.java:381)
	at android.view.DisplayInfo$1.createFromParcel(DisplayInfo.java:378)
	at android.os.Parcel.readTypedObject(Parcel.java:4159)
	at android.hardware.display.IDisplayManager$Stub$Proxy.getDisplayInfo(IDisplayManager.java:1132)
	at android.hardware.display.DisplayManagerGlobal$1.recompute(DisplayManagerGlobal.java:163)
	at android.hardware.display.DisplayManagerGlobal$1.recompute(DisplayManagerGlobal.java:159)
	at android.app.PropertyInvalidatedCache.query(PropertyInvalidatedCache.java:999)
	at android.hardware.display.DisplayManagerGlobal.getDisplayInfoLocked(DisplayManagerGlobal.java:210)
	at android.hardware.display.DisplayManagerGlobal.getDisplayInfo(DisplayManagerGlobal.java:199)
	at android.hardware.display.DisplayManagerGlobal.getCompatibleDisplay(DisplayManagerGlobal.java:311)
	at android.hardware.display.DisplayManager.getOrCreateDisplay(DisplayManager.java:741)
	at android.hardware.display.DisplayManager.getDisplays(DisplayManager.java:700)
	at android.hardware.display.DisplayManager.getDisplays(DisplayManager.java:692)
	at android.hardware.display.DisplayManager.getDisplays(DisplayManager.java:664)
	at android.graphics.HardwareRenderer$ProcessInitializer.initDisplayInfo(HardwareRenderer.java:1376)
	at android.graphics.HardwareRenderer$ProcessInitializer.initUsingContext(HardwareRenderer.java:1348)
	at android.graphics.HardwareRenderer.<init>(HardwareRenderer.java:194)
	at android.view.ThreadedRenderer.<init>(ThreadedRenderer.java:334)
	at android.view.ThreadedRenderer.create(ThreadedRenderer.java:232)
	at android.view.ViewRootImpl.enableHardwareAcceleration(ViewRootImpl.java:1898)
	at android.view.ViewRootImpl.setView(ViewRootImpl.java:1414)
	at android.view.WindowManagerGlobal.addView(WindowManagerGlobal.java:441)
	at android.view.WindowManagerImpl.addView(WindowManagerImpl.java:158)
	at android.app.ActivityThread.handleResumeActivity(ActivityThread.java:5330)
	at android.app.servertransaction.ResumeActivityItem.execute(ResumeActivityItem.java:57)
	at android.app.servertransaction.ActivityTransactionItem.execute(ActivityTransactionItem.java:60)
	at android.app.servertransaction.TransactionExecutor.executeLifecycleItem(TransactionExecutor.java:282)
	at android.app.servertransaction.TransactionExecutor.executeTransactionItems(TransactionExecutor.java:150)
	at android.app.servertransaction.TransactionExecutor.execute(TransactionExecutor.java:93)
	at android.app.ActivityThread$H.handleMessage(ActivityThread.java:2595)
	at android.os.Handler.dispatchMessage(Handler.java:107)
	at android.os.Looper.loopOnce(Looper.java:232)
	at android.os.Looper.loop(Looper.java:317)
	at android.app.ActivityThread.main(ActivityThread.java:8592)
	at java.lang.reflect.Method.invoke(Native Method)
	at com.android.internal.os.RuntimeInit$MethodAndArgsCaller.run(RuntimeInit.java:580)
	at com.android.internal.os.ZygoteInit.main(ZygoteInit.java:878)
Caused by: java.lang.ClassNotFoundException: Invalid name: 
	at java.lang.Class.classForName(Native Method)
	at java.lang.Class.forName(Class.java:607)
	at android.os.Parcel.readParcelableCreatorInternal(Parcel.java:5124)
ClassNotFoundException when unmarshalling: 
android.os.BadParcelableException: ClassNotFoundException when unmarshalling: 
	at android.os.Parcel.readParcelableCreatorInternal(Parcel.java:5158)
	at android.os.Parcel.readParcelableInternal(Parcel.java:5007)
	at android.os.Parcel.readParcelable(Parcel.java:4998)
	at android.view.DisplayInfo.readFromParcel(DisplayInfo.java:554)
	at android.view.DisplayInfo.<init>(DisplayInfo.java:399)
	at android.view.DisplayInfo.<init>(Unknown Source:0)
	at android.view.DisplayInfo$1.createFromParcel(DisplayInfo.java:381)
	at android.view.DisplayInfo$1.createFromParcel(DisplayInfo.java:378)
	at android.os.Parcel.readTypedObject(Parcel.java:4159)
	at android.hardware.display.IDisplayManager$Stub$Proxy.getDisplayInfo(IDisplayManager.java:1132)
	at android.hardware.display.DisplayManagerGlobal$1.recompute(DisplayManagerGlobal.java:163)
	at android.hardware.display.DisplayManagerGlobal$1.recompute(DisplayManagerGlobal.java:159)
	at android.app.PropertyInvalidatedCache.query(PropertyInvalidatedCache.java:999)
	at android.hardware.display.DisplayManagerGlobal.getDisplayInfoLocked(DisplayManagerGlobal.java:210)
	at android.hardware.display.DisplayManagerGlobal.getDisplayInfo(DisplayManagerGlobal.java:199)
	at android.hardware.display.DisplayManagerGlobal.getCompatibleDisplay(DisplayManagerGlobal.java:311)
	at android.hardware.display.DisplayManager.getOrCreateDisplay(DisplayManager.java:741)
	at android.hardware.display.DisplayManager.getDisplay(DisplayManager.java:655)
	at com.android.wm.shell.common.DisplayController.getDisplay(go/retraceme 8cc0afd2de4e0136da8c3cb4c75937ec856d88c5dfaf3c5104eea025484dc4b2:11)
	at com.android.wm.shell.common.DisplayController.onDisplayAdded(go/retraceme 8cc0afd2de4e0136da8c3cb4c75937ec856d88c5dfaf3c5104eea025484dc4b2:16)
	at com.android.wm.shell.common.DisplayController$$ExternalSyntheticLambda0.run(go/retraceme 8cc0afd2de4e0136da8c3cb4c75937ec856d88c5dfaf3c5104eea025484dc4b2:20)
	at com.android.wm.shell.sysui.ShellInit.init(go/retraceme 8cc0afd2de4e0136da8c3cb4c75937ec856d88c5dfaf3c5104eea025484dc4b2:54)
	at com.android.wm.shell.sysui.ShellController$$ExternalSyntheticLambda0.run(go/retraceme 8cc0afd2de4e0136da8c3cb4c75937ec856d88c5dfaf3c5104eea025484dc4b2:25)
	at android.os.Handler.handleCallback(Handler.java:959)
	at android.os.Handler.dispatchMessage(Handler.java:100)
	at android.os.Looper.loopOnce(Looper.java:232)
	at android.os.Looper.loop(Looper.java:317)
	at android.os.HandlerThread.run(HandlerThread.java:85)
Caused by: java.lang.ClassNotFoundException: Invalid name: 
	at java.lang.Class.classForName(Native Method)
	at java.lang.Class.forName(Class.java:607)
	at android.os.Parcel.readParcelableCreatorInternal(Parcel.java:5124)
Exception thrown in onCreate() of ComponentInfo{com.android.tradefed.utils.wifi/com.android.tradefed.utils.wifi.WifiUtil}: java.lang.IllegalStateException: UiAutomationService android.accessibilityservice.IAccessibilityServiceClient$Stub$Proxy@8555b10already registered!
java.lang.RuntimeException: Exception thrown in onCreate() of ComponentInfo{com.android.tradefed.utils.wifi/com.android.tradefed.utils.wifi.WifiUtil}: java.lang.IllegalStateException: UiAutomationService android.accessibilityservice.IAccessibilityServiceClient$Stub$Proxy@8555b10already registered!
	at android.app.ActivityThread.handleBindApplication(ActivityThread.java:7395)
	at android.app.ActivityThread.-$$Nest$mhandleBindApplication(Unknown Source:0)
	at android.app.ActivityThread$H.handleMessage(ActivityThread.java:2379)
	at android.os.Handler.dispatchMessage(Handler.java:107)
	at android.os.Looper.loopOnce(Looper.java:232)
	at android.os.Looper.loop(Looper.java:317)
	at android.app.ActivityThread.main(ActivityThread.java:8592)
	at java.lang.reflect.Method.invoke(Native Method)
	at com.android.internal.os.RuntimeInit$MethodAndArgsCaller.run(RuntimeInit.java:580)
	at com.android.internal.os.ZygoteInit.main(ZygoteInit.java:878)
Caused by: java.lang.IllegalStateException: UiAutomationService android.accessibilityservice.IAccessibilityServiceClient$Stub$Proxy@8555b10already registered!
	at android.os.Parcel.createExceptionOrNull(Parcel.java:3191)
	at android.os.Parcel.createException(Parcel.java:3167)
	at android.os.Parcel.readException(Parcel.java:3150)
	at android.os.Parcel.readException(Parcel.java:3092)
	at android.app.IUiAutomationConnection$Stub$Proxy.connect(IUiAutomationConnection.java:460)
	at android.app.UiAutomation.connectWithTimeout(UiAutomation.java:384)
	at android.app.Instrumentation.getUiAutomation(Instrumentation.java:2558)
	at android.app.Instrumentation.getUiAutomation(Instrumentation.java:2503)
	at com.android.tradefed.utils.wifi.WifiUtil.onCreate(WifiUtil.java:70)
	at android.app.ActivityThread.handleBindApplication(ActivityThread.java:7390)
    arm64-v8a CtsDisplayTestCases: Instrumentation run failed due to 'Process crashed.'
Java Crash Messages sorted from most recent:
lightZ must be a finite positive, given=Infinity
java.lang.IllegalArgumentException: lightZ must be a finite positive, given=Infinity
	at android.graphics.HardwareRenderer.validatePositive(HardwareRenderer.java:1009)
	at android.graphics.HardwareRenderer.setLightSourceGeometry(HardwareRenderer.java:259)
	at android.view.ThreadedRenderer.setLightCenter(ThreadedRenderer.java:615)
	at android.view.ThreadedRenderer.setup(ThreadedRenderer.java:537)
	at android.view.ViewRootImpl.performTraversals(ViewRootImpl.java:3719)
	at android.view.ViewRootImpl.doTraversal(ViewRootImpl.java:2718)
	at android.view.ViewRootImpl$TraversalRunnable.run(ViewRootImpl.java:9937)
	at android.view.Choreographer$CallbackRecord.run(Choreographer.java:1406)
	at android.view.Choreographer$CallbackRecord.run(Choreographer.java:1415)
	at android.view.Choreographer.doCallbacks(Choreographer.java:1015)
	at android.view.Choreographer.doFrame(Choreographer.java:945)
	at android.view.Choreographer$FrameDisplayEventReceiver.run(Choreographer.java:1389)
	at android.os.Handler.handleCallback(Handler.java:959)
	at android.os.Handler.dispatchMessage(Handler.java:100)
	at android.os.Looper.loopOnce(Looper.java:232)
	at android.os.Looper.loop(Looper.java:317)
	at android.app.ActivityThread.main(ActivityThread.java:8592)
	at java.lang.reflect.Method.invoke(Native Method)
	at com.android.internal.os.RuntimeInit$MethodAndArgsCaller.run(RuntimeInit.java:580)
	at com.android.internal.os.ZygoteInit.main(ZygoteInit.java:878)
lightZ must be a finite positive, given=Infinity
java.lang.IllegalArgumentException: lightZ must be a finite positive, given=Infinity
	at android.graphics.HardwareRenderer.validatePositive(HardwareRenderer.java:1009)
	at android.graphics.HardwareRenderer.setLightSourceGeometry(HardwareRenderer.java:259)
	at android.view.ThreadedRenderer.setLightCenter(ThreadedRenderer.java:615)
	at android.view.ThreadedRenderer.setup(ThreadedRenderer.java:537)
	at android.view.ViewRootImpl.performTraversals(ViewRootImpl.java:3719)
	at android.view.ViewRootImpl.doTraversal(ViewRootImpl.java:2718)
	at android.view.ViewRootImpl$TraversalRunnable.run(ViewRootImpl.java:9937)
	at android.view.Choreographer$CallbackRecord.run(Choreographer.java:1406)
	at android.view.Choreographer$CallbackRecord.run(Choreographer.java:1415)
	at android.view.Choreographer.doCallbacks(Choreographer.java:1015)
	at android.view.Choreographer.doFrame(Choreographer.java:945)
	at android.view.Choreographer$FrameDisplayEventReceiver.run(Choreographer.java:1389)
	at android.os.Handler.handleCallback(Handler.java:959)
	at android.os.Handler.dispatchMessage(Handler.java:100)
	at android.os.Looper.loopOnce(Looper.java:232)
	at android.os.Looper.loop(Looper.java:317)
	at android.os.HandlerThread.run(HandlerThread.java:85)
Total Tests       : 139
PASSED            : 0
FAILED            : 6
IGNORED           : 126
ASSUMPTION_FAILURE: 7
IMPORTANT: Some modules failed to run to completion, tests counts may be inaccurate.
============== End of Results ==============
============================================
02-06 05:53:04 D/ProtoResultReporter: process final logs: /tmp/13033356/cts/inv_199801616812749779/inv_9386281400118424882/end_host_log_17798054947299414639.txt
02-06 05:53:04 I/CommandScheduler: Updating command 1 with elapsed time 94092 ms
02-06 05:53:04 E/CommandScheduler: Stray thread detected for command 1, [cts, -m, CtsDisplayTestCases, -s, 27161FDH20031X, --skip-preconditions, --skip-device-info]. 2 threads instead of 1
02-06 05:53:04 E/CommandScheduler: List of remaining threads: [Thread[Invocation-27161FDH20031X,5,Invocation-27161FDH20031X], Thread[grpc-default-worker-ELG-3-1,5,Invocation-27161FDH20031X]]
We have 2 threads instead of 1: [Thread[Invocation-27161FDH20031X,5,Invocation-27161FDH20031X], Thread[grpc-default-worker-ELG-3-1,5,Invocation-27161FDH20031X]]. Check the logs for list of threads.
02-06 05:53:04 I/CommandScheduler: Finalizing the logger and invocation.
02-06 05:53:04 D/ActiveTrace: Finalizing trace: /tmp/invocation-trace6835239627507129356.perfetto-trace
02-06 05:53:04 D/ProtoResultReporter: process final logs: /tmp/13033356/cts/inv_199801616812749779/inv_9386281400118424882/invocation-trace_18089068729833255704.perfetto-trace.gz
02-06 05:53:04 D/ProtoResultReporter: process final logs: /tmp/13033356/cts/inv_199801616812749779/inv_9386281400118424882/invoc_complete_host_log_3850645200098383272.txt
02-06 05:53:04 V/LogRegistry: Saved log to /tmp/tradefed_global_log_15577961255443937762.txt
02-06 05:53:04 I/CommandScheduler: All done
