02-19 22:56:05 D/Configuration: Resolve and download remote files from @Option
02-19 22:56:05 I/TestInvocation: Invocation was started with cmd: cts -m CtsDisplayTestCases -t android.display.cts.DisplayTest#testGetSupportedModesOnDefaultDisplay -s 27161FDH20031X
02-19 22:56:05 D/InvocationExecution: Skip linking external directory as FileProperty was set.
02-19 22:56:05 D/RunUtil: Running command [adb, version] with timeout: 2m 0s
02-19 22:56:05 D/TestInvocation: Fetch build duration: 6 ms
02-19 22:56:05 D/ArtifactsAnalyzer: Build analysis report: BuildAnalysis [mDeviceImageChanged=true, mHasTestsArtifacts=true, mHasChangesInTests=false, imageDigests={}]
02-19 22:56:05 D/ArtifactsAnalyzer: Analysis report after test analysis: BuildAnalysis [mDeviceImageChanged=true, mHasTestsArtifacts=true, mHasChangesInTests=true, imageDigests={}]
02-19 22:56:05 D/RunUtil: Running command [adb, -s, 27161FDH20031X, shell, getprop, ro.build.version.sdk] with timeout: 45s
02-19 22:56:05 D/GlobalTestFilter: Setting up global filters
02-19 22:56:05 D/InvocationExecution: IShardHelper selected: com.android.tradefed.invoker.shard.StrictShardHelper@436baa3f
02-19 22:56:05 D/BackgroundDeviceAction: Waiting for device 27161FDH20031X online before starting.
02-19 22:56:05 D/BackgroundDeviceAction: Device 27161FDH20031X now online.
02-19 22:56:05 D/BackgroundDeviceAction: Starting logcat for 27161FDH20031X.
02-19 22:56:05 I/TestInvocation: Starting invocation for 'cts' with '[ DeviceBuildInfo{bid=13033356, serial=27161FDH20031X} on device '27161FDH20031X'] 
02-19 22:56:05 D/FileUtil: Creating temp directory at /tmp/13033356/cts with prefix "inv_"
02-19 22:56:05 D/RunUtil: Running command [chmod, ug+rwx, /tmp/13033356/cts/inv_17232359672059617638] with timeout: 10s
02-19 22:56:05 D/FileSystemLogSaver: Using log file directory /tmp/13033356/cts/inv_17232359672059617638
02-19 22:56:05 D/FileUtil: Creating temp directory at /tmp/13033356/cts/inv_17232359672059617638 with prefix "inv_"
02-19 22:56:05 I/LogFileSaver: Using log file directory /tmp/13033356/cts/inv_17232359672059617638/inv_5414508406574815813
02-19 22:56:05 D/CompatibilityProtoResultReporter: Proto Results Directory: /home/simon/android-cts/tools/../../android-cts/results/2026.02.19_22.56.05/proto
02-19 22:56:05 D/FileUtil: Creating temp file at /home/simon/android-cts/tools/../../android-cts/results/2026.02.19_22.56.05/proto with prefix "tmp-proto" suffix ""
02-19 22:56:05 D/CompatibilityProtoResultReporter: Proto Results Directory: /home/simon/android-cts/tools/../../android-cts/results/2026.02.19_22.56.05/proto
02-19 22:56:05 D/CertificationSuiteResultReporter: Initializing result directory
02-19 22:56:05 D/CertificationSuiteResultReporter: Results Directory: /home/simon/android-cts/tools/../../android-cts/results/2026.02.19_22.56.05
02-19 22:56:05 D/CertificationSuiteResultReporter: Created log dir /home/simon/android-cts/tools/../../android-cts/logs/2026.02.19_22.56.05
02-19 22:56:05 D/FileUtil: Creating temp directory at /home/simon/android-cts/tools/../../android-cts/logs/2026.02.19_22.56.05 with prefix "inv_"
02-19 22:56:05 I/LogFileSaver: Using log file directory /home/simon/android-cts/tools/../../android-cts/logs/2026.02.19_22.56.05/inv_10448709666170630973
02-19 22:56:05 D/LogFileSaver: Log data for tradefed-expanded-config is already compressed, skipping compression
02-19 22:56:05 D/FileUtil: Creating temp file at /home/simon/android-cts/tools/../../android-cts/logs/2026.02.19_22.56.05/inv_10448709666170630973 with prefix "tradefed-expanded-config_" suffix ".xml"
02-19 22:56:05 I/LogFileSaver: Saved log file /home/simon/android-cts/tools/../../android-cts/logs/2026.02.19_22.56.05/inv_10448709666170630973/tradefed-expanded-config_9806268123078045337.xml. [size=58781, elapsed=0ms]
02-19 22:56:05 D/CertificationSuiteResultReporter: Saved logs for tradefed-expanded-config in /home/simon/android-cts/tools/../../android-cts/logs/2026.02.19_22.56.05/inv_10448709666170630973/tradefed-expanded-config_9806268123078045337.xml
02-19 22:56:05 D/LogFileSaver: Log data for tradefed-expanded-config is already compressed, skipping compression
02-19 22:56:05 D/FileUtil: Creating temp file at /tmp/13033356/cts/inv_17232359672059617638/inv_5414508406574815813 with prefix "tradefed-expanded-config_" suffix ".xml"
02-19 22:56:05 I/LogFileSaver: Saved log file /tmp/13033356/cts/inv_17232359672059617638/inv_5414508406574815813/tradefed-expanded-config_11472752957670613971.xml. [size=58781, elapsed=0ms]
02-19 22:56:05 D/InvocationExecution: Starting device pre invocation setup for : '27161FDH20031X'
02-19 22:56:05 D/DefaultConnection: Instance type for connection: GCE
02-19 22:56:05 D/DefaultConnection: Instance type for connection: GCE
02-19 22:56:05 D/NativeDevice: Using connection: com.android.tradefed.device.connection.DefaultConnection@9a0d4a4 (27161FDH20031X)
02-19 22:56:05 I/CommandInterrupter: Interrupt allowed
02-19 22:56:05 D/InvocationExecution: Starting setup for device: '27161FDH20031X'
02-19 22:56:05 D/InvocationExecution: starting preparer 'com.android.compatibility.common.tradefed.targetprep.DeviceFileCollector@1afd0c5d' on device: '27161FDH20031X'
02-19 22:56:05 D/RunUtil: Running command [adb, -s, 27161FDH20031X, shell, getprop, ro.treble.enabled] with timeout: 45s
02-19 22:56:05 D/NativeDevice: Using 'ls' to check doesFileExist(/sys/fs/selinux/policy)
02-19 22:56:05 D/RunUtil: Running command [adb, -s, 27161FDH20031X, shell, ls, '/sys/fs/selinux/policy'] with timeout: 2m 0s
02-19 22:56:05 D/InvocationExecution: done with preparer 'com.android.compatibility.common.tradefed.targetprep.DeviceFileCollector@1afd0c5d' on device: '27161FDH20031X' in 160 ms
02-19 22:56:05 D/InvocationExecution: starting preparer 'com.android.compatibility.common.tradefed.targetprep.DeviceFileCollector@ad094aa' on device: '27161FDH20031X'
02-19 22:56:05 D/NativeDevice: Using property ro.treble.enabled=true from cache.
02-19 22:56:05 D/NativeDevice: Using 'ls' to check doesFileExist(/proc/config.gz)
02-19 22:56:05 D/RunUtil: Running command [adb, -s, 27161FDH20031X, shell, ls, '/proc/config.gz'] with timeout: 2m 0s
02-19 22:56:05 D/InvocationExecution: done with preparer 'com.android.compatibility.common.tradefed.targetprep.DeviceFileCollector@ad094aa' on device: '27161FDH20031X' in 72 ms
02-19 22:56:05 D/InvocationExecution: starting preparer 'com.android.compatibility.common.tradefed.targetprep.DynamicConfigPusher@2c4923a2' on device: '27161FDH20031X'
02-19 22:56:05 I/UrlReplacement: UrlReplacement file [/home/simon/android-cts/tools/UrlReplacement.xml] does not exist
02-19 22:56:05 D/InvocationExecution: done with preparer 'com.android.compatibility.common.tradefed.targetprep.DynamicConfigPusher@2c4923a2' on device: '27161FDH20031X' in 193 ms
02-19 22:56:05 D/InvocationExecution: starting preparer 'com.android.compatibility.common.tradefed.targetprep.StayAwakePreparer@198ffce8' on device: '27161FDH20031X'
02-19 22:56:05 D/SettingsPreparer: Changing value for stay_on_while_plugged_in from 0 to 7
02-19 22:56:06 D/InvocationExecution: done with preparer 'com.android.compatibility.common.tradefed.targetprep.StayAwakePreparer@198ffce8' on device: '27161FDH20031X' in 188 ms
02-19 22:56:06 D/InvocationExecution: starting preparer 'com.android.compatibility.common.tradefed.targetprep.PackageDisabler@513e1fdf' on device: '27161FDH20031X'
02-19 22:56:06 D/InvocationExecution: done with preparer 'com.android.compatibility.common.tradefed.targetprep.PackageDisabler@513e1fdf' on device: '27161FDH20031X' in 156 ms
02-19 22:56:06 D/InvocationExecution: starting preparer 'com.android.compatibility.common.tradefed.targetprep.SettingsPreparer@529fcbea' on device: '27161FDH20031X'
02-19 22:56:06 D/SettingsPreparer: Setting verifier_verify_adb_installs to value 0
02-19 22:56:06 D/InvocationExecution: done with preparer 'com.android.compatibility.common.tradefed.targetprep.SettingsPreparer@529fcbea' on device: '27161FDH20031X' in 96 ms
02-19 22:56:06 D/InvocationExecution: starting preparer 'com.android.compatibility.common.tradefed.targetprep.SettingsPreparer@1ceb245' on device: '27161FDH20031X'
02-19 22:56:06 D/SettingsPreparer: Setting hide_error_dialogs to value 1
02-19 22:56:06 D/InvocationExecution: done with preparer 'com.android.compatibility.common.tradefed.targetprep.SettingsPreparer@1ceb245' on device: '27161FDH20031X' in 96 ms
02-19 22:56:06 D/InvocationExecution: starting preparer 'com.android.compatibility.common.tradefed.targetprep.ApkPreconditionCheck@56e28d48' on device: '27161FDH20031X'
02-19 22:56:06 I/NativeDeviceStateMonitor: Device 27161FDH20031X is already ONLINE
02-19 22:56:06 I/NativeDeviceStateMonitor: Waiting 360000 ms for device 27161FDH20031X boot complete
02-19 22:56:06 I/DeviceStateMonitor: Waiting 359933 ms for device 27161FDH20031X package manager
02-19 22:56:06 I/NativeDeviceStateMonitor: Waiting 359843 ms for device 27161FDH20031X external store
02-19 22:56:07 I/ApkInstrumentationPreparer: Instrumenting package: com.android.preconditions.cts
02-19 22:56:07 D/NativeDevice: Using property ro.build.version.sdk=34 from cache.
02-19 22:56:07 D/NativeDevice: Using property ro.build.version.sdk=34 from cache.
02-19 22:56:07 D/RunUtil: Running command [adb, -s, 27161FDH20031X, shell, getprop, ro.build.version.codename] with timeout: 45s
02-19 22:56:07 D/RunUtil: Running command [adb, -s, 27161FDH20031X, shell, getprop] with timeout: 45s
02-19 22:56:07 D/NativeDevice: Using property ro.build.version.sdk=34 from cache.
02-19 22:56:07 D/RunUtil: Running command [adb, -s, 27161FDH20031X, shell, pm, list, features] with timeout: 2m 0s
02-19 22:56:07 D/NativeDevice: Using property ro.build.version.sdk=34 from cache.
02-19 22:56:07 D/NativeDevice: Using property ro.build.version.codename=REL from cache.
02-19 22:56:07 D/RunUtil: Running command [aapt2, dump, badging, /tmp/services4812398476552757758.apk] with timeout: 1m 0s
02-19 22:56:07 D/RunUtil: Running command [aapt2, dump, xmltree, /tmp/services4812398476552757758.apk, --file, AndroidManifest.xml] with timeout: 1m 0s
02-19 22:56:07 D/TestAppInstallSetup: Installing apk androidx.test.services with [/tmp/services4812398476552757758.apk] ...
02-19 22:56:07 D/NativeDevice: Using property ro.build.version.sdk=34 from cache.
02-19 22:56:07 D/RunUtil: Running command [aapt, dump, badging, /tmp/services4812398476552757758.apk] with timeout: 1m 0s
02-19 22:56:07 D/RunUtil: Running command [aapt, dump, xmltree, /tmp/services4812398476552757758.apk, AndroidManifest.xml] with timeout: 1m 0s
02-19 22:56:07 D/NativeDevice: Using property ro.build.version.sdk=34 from cache.
02-19 22:56:07 D/RunUtil: Running command [adb, -s, 27161FDH20031X, shell, appops, set, --user, 0, --uid, androidx.test.services, MANAGE_EXTERNAL_STORAGE, 0] with timeout: 2m 0s
02-19 22:56:07 D/RunUtil: Running command [adb, -s, 27161FDH20031X, shell, appops, write-settings] with timeout: 2m 0s
02-19 22:56:07 D/RunUtil: Running command [adb, -s, 27161FDH20031X, shell, dumpsys, deviceidle, whitelist, +androidx.test.services] with timeout: 2m 0s
02-19 22:56:08 D/AndroidJUnitTest: stdout: Added: androidx.test.services

stderr: 
02-19 22:56:08 D/NativeDevice: Using property ro.build.version.sdk=34 from cache.
02-19 22:56:08 D/NativeDevice: Using property ro.build.version.codename=REL from cache.
02-19 22:56:08 D/NativeDevice: Using property ro.build.version.sdk=34 from cache.
02-19 22:56:08 D/RunUtil: Running command [aapt, dump, badging, /home/simon/android-cts/tools/../../android-cts/testcases/CtsPreconditions/arm64/CtsPreconditions.apk] with timeout: 1m 0s
02-19 22:56:08 D/RunUtil: Running command [aapt, dump, xmltree, /home/simon/android-cts/tools/../../android-cts/testcases/CtsPreconditions/arm64/CtsPreconditions.apk, AndroidManifest.xml] with timeout: 1m 0s
02-19 22:56:08 D/RunUtil: Running command [adb, -s, 27161FDH20031X, shell, appops, write-settings] with timeout: 2m 0s
02-19 22:56:08 D/ListInstrumentationParser: instrumentation:com.android.preconditions.cts/androidx.test.runner.AndroidJUnitRunner (target=com.android.preconditions.cts)
02-19 22:56:08 D/ListInstrumentationParser: 
02-19 22:56:08 I/InstrumentationTest: No runner name specified. Using: androidx.test.runner.AndroidJUnitRunner.
02-19 22:56:08 D/NativeDevice: Using property ro.build.version.sdk=34 from cache.
02-19 22:56:08 D/NativeDevice: Using property ro.build.version.sdk=34 from cache.
02-19 22:56:08 D/InstrumentationTest: Initializing com.android.tradefed.device.metric.CountTestCasesCollector for instrumentation.
02-19 22:56:08 I/RemoteAndroidTestRunner: Running am instrument -w -r --no-isolated-storage  -e useTestStorageService true -e newRunListenerMode true -e timeout_msec 300000 com.android.preconditions.cts/androidx.test.runner.AndroidJUnitRunner on google-aosp_on_panther-27161FDH20031X
02-19 22:56:09 D/TestDevice: Uninstalling com.android.preconditions.cts with extra args 
02-19 22:56:09 D/TestDevice: Uninstalling androidx.test.services with extra args 
02-19 22:56:09 D/ApkInstrumentationPreparer: Target preparation successful
02-19 22:56:09 D/InvocationExecution: done with preparer 'com.android.compatibility.common.tradefed.targetprep.ApkPreconditionCheck@56e28d48' on device: '27161FDH20031X' in 3s
02-19 22:56:09 D/InvocationExecution: starting preparer 'com.android.compatibility.common.tradefed.targetprep.WifiCheck@75f3fb2d' on device: '27161FDH20031X'
02-19 22:56:09 I/NativeDeviceStateMonitor: Device 27161FDH20031X is already ONLINE
02-19 22:56:09 I/NativeDeviceStateMonitor: Waiting 360000 ms for device 27161FDH20031X boot complete
02-19 22:56:09 I/DeviceStateMonitor: Waiting 359969 ms for device 27161FDH20031X package manager
02-19 22:56:10 I/NativeDeviceStateMonitor: Waiting 359939 ms for device 27161FDH20031X external store
02-19 22:56:10 D/NativeDevice: Using property ro.build.version.sdk=34 from cache.
02-19 22:56:10 D/NativeDevice: Using property ro.build.version.codename=REL from cache.
02-19 22:56:10 D/NativeDevice: Using property ro.build.version.sdk=34 from cache.
02-19 22:56:10 D/RunUtil: Running command [aapt, dump, badging, /tmp/WifiUtil.apk8288548127558250023.apk] with timeout: 1m 0s
02-19 22:56:10 D/RunUtil: Running command [aapt, dump, xmltree, /tmp/WifiUtil.apk8288548127558250023.apk, AndroidManifest.xml] with timeout: 1m 0s
02-19 22:56:10 D/RunUtil: Running command [adb, -s, 27161FDH20031X, shell, appops, write-settings] with timeout: 2m 0s
02-19 22:56:11 I/WifiCheck: Wifi is connected
02-19 22:56:11 D/InvocationExecution: done with preparer 'com.android.compatibility.common.tradefed.targetprep.WifiCheck@75f3fb2d' on device: '27161FDH20031X' in 1s
02-19 22:56:11 D/InvocationExecution: starting preparer 'com.android.tradefed.targetprep.RunCommandTargetPreparer@3900366f' on device: '27161FDH20031X'
02-19 22:56:11 D/RunUtil: Running command [adb, -s, 27161FDH20031X, shell, rm, -rf, /sdcard/device-info-files] with timeout: 2m 0s
02-19 22:56:11 D/RunUtil: Running command [adb, -s, 27161FDH20031X, shell, rm, -rf, /sdcard/report-log-files] with timeout: 2m 0s
02-19 22:56:11 D/RunUtil: Running command [adb, -s, 27161FDH20031X, shell, locksettings, set-disabled, true] with timeout: 2m 0s
02-19 22:56:11 D/InvocationExecution: done with preparer 'com.android.tradefed.targetprep.RunCommandTargetPreparer@3900366f' on device: '27161FDH20031X' in 176 ms
02-19 22:56:11 D/InvocationExecution: starting preparer 'com.android.compatibility.common.tradefed.targetprep.DeviceInfoCollector@1bd79eeb' on device: '27161FDH20031X'
02-19 22:56:11 D/RunUtil: Running command [adb, -s, 27161FDH20031X, shell, getprop, ro.product.model] with timeout: 45s
02-19 22:56:11 D/RunUtil: Running command [adb, -s, 27161FDH20031X, shell, getprop, ro.product.device] with timeout: 45s
02-19 22:56:11 D/NativeDevice: Using property ro.build.id=AP2A.240905.003 from cache.
02-19 22:56:11 D/RunUtil: Running command [adb, -s, 27161FDH20031X, shell, getprop, ro.bootimage.build.fingerprint] with timeout: 45s
02-19 22:56:11 D/NativeDevice: Using property ro.build.version.sdk=34 from cache.
02-19 22:56:11 D/RunUtil: Running command [adb, -s, 27161FDH20031X, shell, getprop, ro.product.manufacturer] with timeout: 45s
02-19 22:56:11 D/RunUtil: Running command [adb, -s, 27161FDH20031X, shell, getprop, ro.serialno] with timeout: 45s
02-19 22:56:11 D/RunUtil: Running command [adb, -s, 27161FDH20031X, shell, getprop, ro.build.version.security_patch] with timeout: 45s
02-19 22:56:11 D/RunUtil: Running command [adb, -s, 27161FDH20031X, shell, getprop, ro.product.cpu.abilist32] with timeout: 45s
02-19 22:56:11 D/RunUtil: Running command [adb, -s, 27161FDH20031X, shell, getprop, ro.build.reference.fingerprint] with timeout: 45s
02-19 22:56:11 D/RunUtil: Running command [adb, -s, 27161FDH20031X, shell, getprop, ro.product.cpu.abi] with timeout: 45s
02-19 22:56:11 D/RunUtil: Running command [adb, -s, 27161FDH20031X, shell, getprop, ro.product.cpu.abilist64] with timeout: 45s
02-19 22:56:11 D/RunUtil: Running command [adb, -s, 27161FDH20031X, shell, getprop, ro.product.name] with timeout: 45s
02-19 22:56:11 D/RunUtil: Running command [adb, -s, 27161FDH20031X, shell, getprop, ro.build.tags] with timeout: 45s
02-19 22:56:11 D/RunUtil: Running command [adb, -s, 27161FDH20031X, shell, getprop, ro.build.version.incremental] with timeout: 45s
02-19 22:56:12 D/RunUtil: Running command [adb, -s, 27161FDH20031X, shell, getprop, ro.product.brand] with timeout: 45s
02-19 22:56:12 D/RunUtil: Running command [adb, -s, 27161FDH20031X, shell, getprop, ro.build.fingerprint] with timeout: 45s
02-19 22:56:12 D/RunUtil: Running command [adb, -s, 27161FDH20031X, shell, getprop, ro.vendor.build.fingerprint] with timeout: 45s
02-19 22:56:12 D/RunUtil: Running command [adb, -s, 27161FDH20031X, shell, getprop, ro.build.version.base_os] with timeout: 45s
02-19 22:56:12 D/RunUtil: Running command [adb, -s, 27161FDH20031X, shell, getprop, ro.product.cpu.abilist] with timeout: 45s
02-19 22:56:12 D/RunUtil: Running command [adb, -s, 27161FDH20031X, shell, getprop, ro.product.board] with timeout: 45s
02-19 22:56:12 D/RunUtil: Running command [adb, -s, 27161FDH20031X, shell, getprop, ro.build.type] with timeout: 45s
02-19 22:56:12 D/RunUtil: Running command [adb, -s, 27161FDH20031X, shell, getprop, ro.build.version.release] with timeout: 45s
02-19 22:56:12 D/RunUtil: Running command [adb, -s, 27161FDH20031X, shell, getprop, ro.product.cpu.abi2] with timeout: 45s
02-19 22:56:12 I/NativeDeviceStateMonitor: Device 27161FDH20031X is already ONLINE
02-19 22:56:12 I/NativeDeviceStateMonitor: Waiting 359999 ms for device 27161FDH20031X boot complete
02-19 22:56:12 I/DeviceStateMonitor: Waiting 359959 ms for device 27161FDH20031X package manager
02-19 22:56:12 I/NativeDeviceStateMonitor: Waiting 359893 ms for device 27161FDH20031X external store
02-19 22:56:12 I/ApkInstrumentationPreparer: Instrumenting package: com.android.compatibility.common.deviceinfo
02-19 22:56:12 D/NativeDevice: Using property ro.build.version.sdk=34 from cache.
02-19 22:56:12 D/NativeDevice: Using property ro.build.version.sdk=34 from cache.
02-19 22:56:12 D/NativeDevice: Using property ro.build.version.codename=REL from cache.
02-19 22:56:12 D/NativeDevice: Using property ro.build.version.sdk=34 from cache.
02-19 22:56:12 D/RunUtil: Running command [adb, -s, 27161FDH20031X, shell, pm, list, features] with timeout: 2m 0s
02-19 22:56:13 D/NativeDevice: Using property ro.build.version.sdk=34 from cache.
02-19 22:56:13 D/NativeDevice: Using property ro.build.version.codename=REL from cache.
02-19 22:56:13 D/RunUtil: Running command [aapt2, dump, badging, /tmp/services331950547679422978.apk] with timeout: 1m 0s
02-19 22:56:13 D/RunUtil: Running command [aapt2, dump, xmltree, /tmp/services331950547679422978.apk, --file, AndroidManifest.xml] with timeout: 1m 0s
02-19 22:56:13 D/TestAppInstallSetup: Installing apk androidx.test.services with [/tmp/services331950547679422978.apk] ...
02-19 22:56:13 D/NativeDevice: Using property ro.build.version.sdk=34 from cache.
02-19 22:56:13 D/RunUtil: Running command [aapt, dump, badging, /tmp/services331950547679422978.apk] with timeout: 1m 0s
02-19 22:56:13 D/RunUtil: Running command [aapt, dump, xmltree, /tmp/services331950547679422978.apk, AndroidManifest.xml] with timeout: 1m 0s
02-19 22:56:13 D/NativeDevice: Using property ro.build.version.sdk=34 from cache.
02-19 22:56:13 D/RunUtil: Running command [adb, -s, 27161FDH20031X, shell, appops, set, --user, 0, --uid, androidx.test.services, MANAGE_EXTERNAL_STORAGE, 0] with timeout: 2m 0s
02-19 22:56:13 D/RunUtil: Running command [adb, -s, 27161FDH20031X, shell, appops, write-settings] with timeout: 2m 0s
02-19 22:56:13 D/RunUtil: Running command [adb, -s, 27161FDH20031X, shell, dumpsys, deviceidle, whitelist, +androidx.test.services] with timeout: 2m 0s
02-19 22:56:13 D/AndroidJUnitTest: stdout: Added: androidx.test.services

stderr: 
02-19 22:56:13 D/NativeDevice: Using property ro.build.version.sdk=34 from cache.
02-19 22:56:13 D/NativeDevice: Using property ro.build.version.codename=REL from cache.
02-19 22:56:13 D/NativeDevice: Using property ro.build.version.sdk=34 from cache.
02-19 22:56:14 D/RunUtil: Running command [aapt, dump, badging, /home/simon/android-cts/tools/../../android-cts/testcases/CtsDeviceInfo/arm64/CtsDeviceInfo.apk] with timeout: 1m 0s
02-19 22:56:14 D/RunUtil: Running command [aapt, dump, xmltree, /home/simon/android-cts/tools/../../android-cts/testcases/CtsDeviceInfo/arm64/CtsDeviceInfo.apk, AndroidManifest.xml] with timeout: 1m 0s
02-19 22:56:14 D/RunUtil: Running command [adb, -s, 27161FDH20031X, shell, appops, write-settings] with timeout: 2m 0s
02-19 22:56:14 D/ListInstrumentationParser: instrumentation:com.android.compatibility.common.deviceinfo/androidx.test.runner.AndroidJUnitRunner (target=com.android.compatibility.common.deviceinfo)
02-19 22:56:14 D/ListInstrumentationParser: instrumentation:com.android.tradefed.utils.wifi/.WifiUtil (target=com.android.tradefed.utils.wifi)
02-19 22:56:14 D/ListInstrumentationParser: 
02-19 22:56:14 I/InstrumentationTest: No runner name specified. Using: androidx.test.runner.AndroidJUnitRunner.
02-19 22:56:14 D/NativeDevice: Using property ro.build.version.sdk=34 from cache.
02-19 22:56:14 D/NativeDevice: Using property ro.build.version.sdk=34 from cache.
02-19 22:56:14 D/InstrumentationTest: Initializing com.android.tradefed.device.metric.CountTestCasesCollector for instrumentation.
02-19 22:56:14 I/RemoteAndroidTestRunner: Running am instrument -w -r --no-isolated-storage  -e useTestStorageService true -e newRunListenerMode true -e timeout_msec 300000 com.android.compatibility.common.deviceinfo/androidx.test.runner.AndroidJUnitRunner on google-aosp_on_panther-27161FDH20031X
02-19 22:56:28 D/TestDevice: Uninstalling com.android.compatibility.common.deviceinfo with extra args 
02-19 22:56:28 D/TestDevice: Uninstalling androidx.test.services with extra args 
02-19 22:56:28 W/ApkInstrumentationPreparer: Target preparation step com.android.compatibility.common.deviceinfo.KeystoreAttestationDeviceInfo#testCollectDeviceInfo failed.
junit.framework.AssertionFailedError: KeystoreAttestationDeviceInfo collection completed. expected:<COMPLETED> but was:<FAILED>
	at junit.framework.Assert.fail(Assert.java:50)
	at junit.framework.Assert.failNotEquals(Assert.java:287)
	at junit.framework.Assert.assertEquals(Assert.java:67)
	at com.android.compatibility.common.deviceinfo.DeviceInfo.testCollectDeviceInfo(DeviceInfo.java:112)
	at java.lang.reflect.Method.invoke(Native Method)
	at android.test.InstrumentationTestCase.runMethod(InstrumentationTestCase.java:220)
	at android.test.InstrumentationTestCase.runTest(InstrumentationTestCase.java:205)

02-19 22:56:28 D/NativeDevice: Using property ro.build.version.sdk=34 from cache.
02-19 22:56:28 D/NativeDevice: Using 'ls' to check doesFileExist(/storage/emulated/0/device-info-files/)
02-19 22:56:28 D/RunUtil: Running command [adb, -s, 27161FDH20031X, shell, ls, '/storage/emulated/0/device-info-files/'] with timeout: 2m 0s
02-19 22:56:29 D/FileUtil: Creating temp file at /tmp/13033356/cts/inv_17232359672059617638/inv_5414508406574815813 with prefix "ConfigurationDeviceInfo.deviceinfo.json_" suffix ".txt.gz"
02-19 22:56:29 I/LogFileSaver: Saved gzip log file /tmp/13033356/cts/inv_17232359672059617638/inv_5414508406574815813/ConfigurationDeviceInfo.deviceinfo.json_1343268091248910252.txt.gz. [size=10, elapsed=3ms]
02-19 22:56:29 D/FileUtil: Creating temp file at /tmp/13033356/cts/inv_17232359672059617638/inv_5414508406574815813 with prefix "StorageDeviceInfo.deviceinfo.json_" suffix ".txt.gz"
02-19 22:56:29 I/LogFileSaver: Saved gzip log file /tmp/13033356/cts/inv_17232359672059617638/inv_5414508406574815813/StorageDeviceInfo.deviceinfo.json_14039220505205828140.txt.gz. [size=10, elapsed=0ms]
02-19 22:56:29 D/FileUtil: Creating temp file at /home/simon/android-cts/tools/../../android-cts/logs/2026.02.19_22.56.05/inv_10448709666170630973 with prefix "framework_manifest.xml_" suffix ".txt.gz"
02-19 22:56:29 I/LogFileSaver: Saved gzip log file /home/simon/android-cts/tools/../../android-cts/logs/2026.02.19_22.56.05/inv_10448709666170630973/framework_manifest.xml_5394874349580482316.txt.gz. [size=10, elapsed=0ms]
02-19 22:56:29 D/CertificationSuiteResultReporter: Saved logs for framework_manifest.xml in /home/simon/android-cts/tools/../../android-cts/logs/2026.02.19_22.56.05/inv_10448709666170630973/framework_manifest.xml_5394874349580482316.txt.gz
02-19 22:56:29 D/FileUtil: Creating temp file at /tmp/13033356/cts/inv_17232359672059617638/inv_5414508406574815813 with prefix "framework_manifest.xml_" suffix ".txt.gz"
02-19 22:56:29 I/LogFileSaver: Saved gzip log file /tmp/13033356/cts/inv_17232359672059617638/inv_5414508406574815813/framework_manifest.xml_17671781973876724226.txt.gz. [size=10, elapsed=0ms]
02-19 22:56:29 D/FileUtil: Creating temp file at /home/simon/android-cts/tools/../../android-cts/logs/2026.02.19_22.56.05/inv_10448709666170630973 with prefix "device_compatibility_matrix.xml_" suffix ".txt.gz"
02-19 22:56:29 I/LogFileSaver: Saved gzip log file /home/simon/android-cts/tools/../../android-cts/logs/2026.02.19_22.56.05/inv_10448709666170630973/device_compatibility_matrix.xml_10247938450114103724.txt.gz. [size=10, elapsed=0ms]
02-19 22:56:29 D/CertificationSuiteResultReporter: Saved logs for device_compatibility_matrix.xml in /home/simon/android-cts/tools/../../android-cts/logs/2026.02.19_22.56.05/inv_10448709666170630973/device_compatibility_matrix.xml_10247938450114103724.txt.gz
02-19 22:56:29 D/FileUtil: Creating temp file at /tmp/13033356/cts/inv_17232359672059617638/inv_5414508406574815813 with prefix "device_compatibility_matrix.xml_" suffix ".txt.gz"
02-19 22:56:29 I/LogFileSaver: Saved gzip log file /tmp/13033356/cts/inv_17232359672059617638/inv_5414508406574815813/device_compatibility_matrix.xml_8095607084785804625.txt.gz. [size=10, elapsed=0ms]
02-19 22:56:29 D/FileUtil: Creating temp file at /tmp/13033356/cts/inv_17232359672059617638/inv_5414508406574815813 with prefix "UserDeviceInfo.deviceinfo.json_" suffix ".txt.gz"
02-19 22:56:29 I/LogFileSaver: Saved gzip log file /tmp/13033356/cts/inv_17232359672059617638/inv_5414508406574815813/UserDeviceInfo.deviceinfo.json_17011863911083374227.txt.gz. [size=10, elapsed=0ms]
02-19 22:56:29 D/FileUtil: Creating temp file at /tmp/13033356/cts/inv_17232359672059617638/inv_5414508406574815813 with prefix "MediaDeviceInfo.deviceinfo.json_" suffix ".txt.gz"
02-19 22:56:29 I/LogFileSaver: Saved gzip log file /tmp/13033356/cts/inv_17232359672059617638/inv_5414508406574815813/MediaDeviceInfo.deviceinfo.json_8983423024572389402.txt.gz. [size=10, elapsed=0ms]
02-19 22:56:29 D/FileUtil: Creating temp file at /home/simon/android-cts/tools/../../android-cts/logs/2026.02.19_22.56.05/inv_10448709666170630973 with prefix "device_manifest.xml_" suffix ".txt.gz"
02-19 22:56:29 I/LogFileSaver: Saved gzip log file /home/simon/android-cts/tools/../../android-cts/logs/2026.02.19_22.56.05/inv_10448709666170630973/device_manifest.xml_6897615962879666500.txt.gz. [size=10, elapsed=0ms]
02-19 22:56:29 D/CertificationSuiteResultReporter: Saved logs for device_manifest.xml in /home/simon/android-cts/tools/../../android-cts/logs/2026.02.19_22.56.05/inv_10448709666170630973/device_manifest.xml_6897615962879666500.txt.gz
02-19 22:56:29 D/FileUtil: Creating temp file at /tmp/13033356/cts/inv_17232359672059617638/inv_5414508406574815813 with prefix "device_manifest.xml_" suffix ".txt.gz"
02-19 22:56:29 I/LogFileSaver: Saved gzip log file /tmp/13033356/cts/inv_17232359672059617638/inv_5414508406574815813/device_manifest.xml_9713708889167633189.txt.gz. [size=10, elapsed=0ms]
02-19 22:56:29 D/FileUtil: Creating temp file at /tmp/13033356/cts/inv_17232359672059617638/inv_5414508406574815813 with prefix "KeystoreAttestationDeviceInfo.deviceinfo.json_" suffix ".txt.gz"
02-19 22:56:29 I/LogFileSaver: Saved gzip log file /tmp/13033356/cts/inv_17232359672059617638/inv_5414508406574815813/KeystoreAttestationDeviceInfo.deviceinfo.json_7685802592449838772.txt.gz. [size=10, elapsed=0ms]
02-19 22:56:29 D/FileUtil: Creating temp file at /tmp/13033356/cts/inv_17232359672059617638/inv_5414508406574815813 with prefix "MediaDrmDeviceInfo.deviceinfo.json_" suffix ".txt.gz"
02-19 22:56:29 I/LogFileSaver: Saved gzip log file /tmp/13033356/cts/inv_17232359672059617638/inv_5414508406574815813/MediaDrmDeviceInfo.deviceinfo.json_1685886830786893648.txt.gz. [size=10, elapsed=0ms]
02-19 22:56:29 D/FileUtil: Creating temp file at /tmp/13033356/cts/inv_17232359672059617638/inv_5414508406574815813 with prefix "CpuDeviceInfo.deviceinfo.json_" suffix ".txt.gz"
02-19 22:56:29 I/LogFileSaver: Saved gzip log file /tmp/13033356/cts/inv_17232359672059617638/inv_5414508406574815813/CpuDeviceInfo.deviceinfo.json_11357764165876292834.txt.gz. [size=10, elapsed=0ms]
02-19 22:56:29 D/FileUtil: Creating temp file at /tmp/13033356/cts/inv_17232359672059617638/inv_5414508406574815813 with prefix "ClientIdDeviceInfo.deviceinfo.json_" suffix ".txt.gz"
02-19 22:56:29 I/LogFileSaver: Saved gzip log file /tmp/13033356/cts/inv_17232359672059617638/inv_5414508406574815813/ClientIdDeviceInfo.deviceinfo.json_13338801253209386592.txt.gz. [size=10, elapsed=0ms]
02-19 22:56:29 D/FileUtil: Creating temp file at /tmp/13033356/cts/inv_17232359672059617638/inv_5414508406574815813 with prefix "VulkanDeviceInfo.deviceinfo.json_" suffix ".txt.gz"
02-19 22:56:29 I/LogFileSaver: Saved gzip log file /tmp/13033356/cts/inv_17232359672059617638/inv_5414508406574815813/VulkanDeviceInfo.deviceinfo.json_17090862954049883324.txt.gz. [size=10, elapsed=0ms]
02-19 22:56:29 D/FileUtil: Creating temp file at /tmp/13033356/cts/inv_17232359672059617638/inv_5414508406574815813 with prefix "ScreenDeviceInfo.deviceinfo.json_" suffix ".txt.gz"
02-19 22:56:29 I/LogFileSaver: Saved gzip log file /tmp/13033356/cts/inv_17232359672059617638/inv_5414508406574815813/ScreenDeviceInfo.deviceinfo.json_13326849770677634897.txt.gz. [size=10, elapsed=0ms]
02-19 22:56:29 D/FileUtil: Creating temp file at /tmp/13033356/cts/inv_17232359672059617638/inv_5414508406574815813 with prefix "DefaultAppDeviceInfo.deviceinfo.json_" suffix ".txt.gz"
02-19 22:56:29 I/LogFileSaver: Saved gzip log file /tmp/13033356/cts/inv_17232359672059617638/inv_5414508406574815813/DefaultAppDeviceInfo.deviceinfo.json_16827587299326506960.txt.gz. [size=10, elapsed=0ms]
02-19 22:56:29 D/FileUtil: Creating temp file at /tmp/13033356/cts/inv_17232359672059617638/inv_5414508406574815813 with prefix "HapticsDeviceInfo.deviceinfo.json_" suffix ".txt.gz"
02-19 22:56:29 I/LogFileSaver: Saved gzip log file /tmp/13033356/cts/inv_17232359672059617638/inv_5414508406574815813/HapticsDeviceInfo.deviceinfo.json_16944717114812722322.txt.gz. [size=10, elapsed=0ms]
02-19 22:56:29 D/FileUtil: Creating temp file at /tmp/13033356/cts/inv_17232359672059617638/inv_5414508406574815813 with prefix "GenericDeviceInfo.deviceinfo.json_" suffix ".txt.gz"
02-19 22:56:29 I/LogFileSaver: Saved gzip log file /tmp/13033356/cts/inv_17232359672059617638/inv_5414508406574815813/GenericDeviceInfo.deviceinfo.json_7724704456515713828.txt.gz. [size=10, elapsed=0ms]
02-19 22:56:29 D/FileUtil: Creating temp file at /tmp/13033356/cts/inv_17232359672059617638/inv_5414508406574815813 with prefix "PackageDeviceInfo.deviceinfo.json_" suffix ".txt.gz"
02-19 22:56:29 I/LogFileSaver: Saved gzip log file /tmp/13033356/cts/inv_17232359672059617638/inv_5414508406574815813/PackageDeviceInfo.deviceinfo.json_17632516826393856111.txt.gz. [size=23663, elapsed=1ms]
02-19 22:56:29 D/FileUtil: Creating temp file at /tmp/13033356/cts/inv_17232359672059617638/inv_5414508406574815813 with prefix "VintfDeviceInfo.deviceinfo.json_" suffix ".txt.gz"
02-19 22:56:29 I/LogFileSaver: Saved gzip log file /tmp/13033356/cts/inv_17232359672059617638/inv_5414508406574815813/VintfDeviceInfo.deviceinfo.json_11501535489863937815.txt.gz. [size=10, elapsed=0ms]
02-19 22:56:29 D/FileUtil: Creating temp file at /tmp/13033356/cts/inv_17232359672059617638/inv_5414508406574815813 with prefix "DeviceIdleDeviceInfo.deviceinfo.json_" suffix ".txt.gz"
02-19 22:56:29 I/LogFileSaver: Saved gzip log file /tmp/13033356/cts/inv_17232359672059617638/inv_5414508406574815813/DeviceIdleDeviceInfo.deviceinfo.json_3002034514942628635.txt.gz. [size=10, elapsed=0ms]
02-19 22:56:29 D/FileUtil: Creating temp file at /tmp/13033356/cts/inv_17232359672059617638/inv_5414508406574815813 with prefix "SensorDeviceInfo.deviceinfo.json_" suffix ".txt.gz"
02-19 22:56:29 I/LogFileSaver: Saved gzip log file /tmp/13033356/cts/inv_17232359672059617638/inv_5414508406574815813/SensorDeviceInfo.deviceinfo.json_18323793991776721212.txt.gz. [size=10, elapsed=0ms]
02-19 22:56:29 D/FileUtil: Creating temp file at /tmp/13033356/cts/inv_17232359672059617638/inv_5414508406574815813 with prefix "MemoryDeviceInfo.deviceinfo.json_" suffix ".txt.gz"
02-19 22:56:29 I/LogFileSaver: Saved gzip log file /tmp/13033356/cts/inv_17232359672059617638/inv_5414508406574815813/MemoryDeviceInfo.deviceinfo.json_11248156199547320181.txt.gz. [size=10, elapsed=1ms]
02-19 22:56:29 D/FileUtil: Creating temp file at /tmp/13033356/cts/inv_17232359672059617638/inv_5414508406574815813 with prefix "ConnectivityDeviceInfo.deviceinfo.json_" suffix ".txt.gz"
02-19 22:56:29 I/LogFileSaver: Saved gzip log file /tmp/13033356/cts/inv_17232359672059617638/inv_5414508406574815813/ConnectivityDeviceInfo.deviceinfo.json_17423377967489246595.txt.gz. [size=10, elapsed=0ms]
02-19 22:56:29 D/FileUtil: Creating temp file at /tmp/13033356/cts/inv_17232359672059617638/inv_5414508406574815813 with prefix "BiometricsDeviceInfo.deviceinfo.json_" suffix ".txt.gz"
02-19 22:56:29 I/LogFileSaver: Saved gzip log file /tmp/13033356/cts/inv_17232359672059617638/inv_5414508406574815813/BiometricsDeviceInfo.deviceinfo.json_13306040545083016267.txt.gz. [size=10, elapsed=0ms]
02-19 22:56:29 D/FileUtil: Creating temp file at /tmp/13033356/cts/inv_17232359672059617638/inv_5414508406574815813 with prefix "LocaleDeviceInfo.deviceinfo.json_" suffix ".txt.gz"
02-19 22:56:29 I/LogFileSaver: Saved gzip log file /tmp/13033356/cts/inv_17232359672059617638/inv_5414508406574815813/LocaleDeviceInfo.deviceinfo.json_71005430127340815.txt.gz. [size=10, elapsed=0ms]
02-19 22:56:29 D/FileUtil: Creating temp file at /tmp/13033356/cts/inv_17232359672059617638/inv_5414508406574815813 with prefix "GraphicsDeviceInfo.deviceinfo.json_" suffix ".txt.gz"
02-19 22:56:29 I/LogFileSaver: Saved gzip log file /tmp/13033356/cts/inv_17232359672059617638/inv_5414508406574815813/GraphicsDeviceInfo.deviceinfo.json_6820272514742195128.txt.gz. [size=10, elapsed=0ms]
02-19 22:56:29 D/FileUtil: Creating temp file at /tmp/13033356/cts/inv_17232359672059617638/inv_5414508406574815813 with prefix "AppStandbyDeviceInfo.deviceinfo.json_" suffix ".txt.gz"
02-19 22:56:29 I/LogFileSaver: Saved gzip log file /tmp/13033356/cts/inv_17232359672059617638/inv_5414508406574815813/AppStandbyDeviceInfo.deviceinfo.json_4204360569432758401.txt.gz. [size=10, elapsed=0ms]
02-19 22:56:29 D/FileUtil: Creating temp file at /home/simon/android-cts/tools/../../android-cts/logs/2026.02.19_22.56.05/inv_10448709666170630973 with prefix "framework_compatibility_matrix.xml_" suffix ".txt.gz"
02-19 22:56:29 I/LogFileSaver: Saved gzip log file /home/simon/android-cts/tools/../../android-cts/logs/2026.02.19_22.56.05/inv_10448709666170630973/framework_compatibility_matrix.xml_11047464704193184534.txt.gz. [size=10, elapsed=1ms]
02-19 22:56:29 D/CertificationSuiteResultReporter: Saved logs for framework_compatibility_matrix.xml in /home/simon/android-cts/tools/../../android-cts/logs/2026.02.19_22.56.05/inv_10448709666170630973/framework_compatibility_matrix.xml_11047464704193184534.txt.gz
02-19 22:56:29 D/FileUtil: Creating temp file at /tmp/13033356/cts/inv_17232359672059617638/inv_5414508406574815813 with prefix "framework_compatibility_matrix.xml_" suffix ".txt.gz"
02-19 22:56:29 I/LogFileSaver: Saved gzip log file /tmp/13033356/cts/inv_17232359672059617638/inv_5414508406574815813/framework_compatibility_matrix.xml_4956130937009749285.txt.gz. [size=10, elapsed=1ms]
02-19 22:56:29 D/FileUtil: Creating temp file at /tmp/13033356/cts/inv_17232359672059617638/inv_5414508406574815813 with prefix "FeatureDeviceInfo.deviceinfo.json_" suffix ".txt.gz"
02-19 22:56:29 I/LogFileSaver: Saved gzip log file /tmp/13033356/cts/inv_17232359672059617638/inv_5414508406574815813/FeatureDeviceInfo.deviceinfo.json_5922648653555130889.txt.gz. [size=10, elapsed=0ms]
02-19 22:56:29 D/FileUtil: Creating temp file at /tmp/13033356/cts/inv_17232359672059617638/inv_5414508406574815813 with prefix "InputDeviceInfo.deviceinfo.json_" suffix ".txt.gz"
02-19 22:56:29 I/LogFileSaver: Saved gzip log file /tmp/13033356/cts/inv_17232359672059617638/inv_5414508406574815813/InputDeviceInfo.deviceinfo.json_1422952468736370193.txt.gz. [size=10, elapsed=0ms]
02-19 22:56:29 D/FileUtil: Creating temp file at /tmp/13033356/cts/inv_17232359672059617638/inv_5414508406574815813 with prefix "MediaOutputDeviceInfo.deviceinfo.json_" suffix ".txt.gz"
02-19 22:56:29 I/LogFileSaver: Saved gzip log file /tmp/13033356/cts/inv_17232359672059617638/inv_5414508406574815813/MediaOutputDeviceInfo.deviceinfo.json_13623219246564453071.txt.gz. [size=10, elapsed=0ms]
02-19 22:56:29 D/FileUtil: Creating temp file at /tmp/13033356/cts/inv_17232359672059617638/inv_5414508406574815813 with prefix "GnssDeviceInfo.deviceinfo.json_" suffix ".txt.gz"
02-19 22:56:29 I/LogFileSaver: Saved gzip log file /tmp/13033356/cts/inv_17232359672059617638/inv_5414508406574815813/GnssDeviceInfo.deviceinfo.json_11097536835513572537.txt.gz. [size=10, elapsed=0ms]
02-19 22:56:29 D/FileUtil: Creating temp file at /tmp/13033356/cts/inv_17232359672059617638/inv_5414508406574815813 with prefix "CameraDeviceInfo.deviceinfo.json_" suffix ".txt.gz"
02-19 22:56:29 I/LogFileSaver: Saved gzip log file /tmp/13033356/cts/inv_17232359672059617638/inv_5414508406574815813/CameraDeviceInfo.deviceinfo.json_2314670944509270008.txt.gz. [size=10, elapsed=1ms]
02-19 22:56:29 D/InvocationExecution: done with preparer 'com.android.compatibility.common.tradefed.targetprep.DeviceInfoCollector@1bd79eeb' on device: '27161FDH20031X' in 18s
02-19 22:56:29 D/InvocationExecution: starting preparer 'com.android.compatibility.common.tradefed.targetprep.ReportLogCollector@16643ce5' on device: '27161FDH20031X'
02-19 22:56:29 D/InvocationExecution: done with preparer 'com.android.compatibility.common.tradefed.targetprep.ReportLogCollector@16643ce5' on device: '27161FDH20031X' in 0 ms
02-19 22:56:29 D/InvocationExecution: starting preparer 'com.android.tradefed.targetprep.RunCommandTargetPreparer@6225108d' on device: '27161FDH20031X'
02-19 22:56:29 D/RunUtil: Running command [adb, -s, 27161FDH20031X, shell, settings, put, global, package_verifier_enable, 0] with timeout: 2m 0s
02-19 22:56:29 D/InvocationExecution: done with preparer 'com.android.tradefed.targetprep.RunCommandTargetPreparer@6225108d' on device: '27161FDH20031X' in 59 ms
02-19 22:56:29 D/InvocationExecution: starting preparer 'com.android.tradefed.targetprep.RunCommandTargetPreparer@5e46607' on device: '27161FDH20031X'
02-19 22:56:29 D/RunUtil: Running command [adb, -s, 27161FDH20031X, shell, settings, put, global, verifier_engprod, 1] with timeout: 2m 0s
02-19 22:56:29 D/InvocationExecution: done with preparer 'com.android.tradefed.targetprep.RunCommandTargetPreparer@5e46607' on device: '27161FDH20031X' in 52 ms
02-19 22:56:29 D/InvocationExecution: starting preparer 'com.android.compatibility.common.tradefed.targetprep.PropertyCheck@7162d6ea' on device: '27161FDH20031X'
02-19 22:56:29 D/NativeDevice: Using property ro.build.type=userdebug from cache.
02-19 22:56:29 W/PropertyCheck: Expected "user" but found "userdebug" for property: ro.build.type
02-19 22:56:29 D/InvocationExecution: done with preparer 'com.android.compatibility.common.tradefed.targetprep.PropertyCheck@7162d6ea' on device: '27161FDH20031X' in 0 ms
02-19 22:56:29 D/InvocationExecution: starting preparer 'com.android.compatibility.common.tradefed.targetprep.PropertyCheck@238af473' on device: '27161FDH20031X'
02-19 22:56:29 D/RunUtil: Running command [adb, -s, 27161FDH20031X, shell, getprop, ro.product.locale] with timeout: 45s
02-19 22:56:29 D/InvocationExecution: done with preparer 'com.android.compatibility.common.tradefed.targetprep.PropertyCheck@238af473' on device: '27161FDH20031X' in 37 ms
02-19 22:56:29 D/InvocationExecution: starting preparer 'com.android.compatibility.common.tradefed.targetprep.PropertyCheck@62502f4d' on device: '27161FDH20031X'
02-19 22:56:29 D/RunUtil: Running command [adb, -s, 27161FDH20031X, shell, getprop, persist.sys.test_harness] with timeout: 45s
02-19 22:56:29 W/PropertyCheck: Property "persist.sys.test_harness" not found on device, cannot verify value "false" 
02-19 22:56:29 D/InvocationExecution: done with preparer 'com.android.compatibility.common.tradefed.targetprep.PropertyCheck@62502f4d' on device: '27161FDH20031X' in 19 ms
02-19 22:56:29 D/InvocationExecution: Done with setup of device: '27161FDH20031X'
02-19 22:56:29 D/RunUtil: Running command [adb, -s, 27161FDH20031X, shell, uname, -a] with timeout: 2m 0s
02-19 22:56:29 I/InvocationExecution: Device 27161FDH20031X kernel information: 'Linux localhost 5.10.198-android13-4-00050-g12f3388846c3-ab11920634 #1 SMP PREEMPT Mon Jun 3 20:51:42 UTC 2024 aarch64 Toybox'
02-19 22:56:29 D/RunUtil: Running command [adb, -s, 27161FDH20031X, shell, getprop, ro.system.build.fingerprint] with timeout: 45s
02-19 22:56:29 I/InvocationExecution: Device 27161FDH20031X system image build information: 'Android/aosp_panther/panther:14/AP2A.240905.003/eng.simon.20260219:userdebug/test-keys'
02-19 22:56:29 D/NativeDevice: Using property ro.vendor.build.fingerprint=Android/aosp_panther/panther:14/AP2A.240905.003/12231197:userdebug/test-keys from cache.
02-19 22:56:29 I/InvocationExecution: Device 27161FDH20031X vendor image build information: 'Android/aosp_panther/panther:14/AP2A.240905.003/12231197:userdebug/test-keys'
02-19 22:56:29 D/InvocationExecution: Total setup duration: 24s'
02-19 22:56:29 D/LogFileSaver: Log data for device_logcat_setup_27161FDH20031X is already compressed, skipping compression
02-19 22:56:29 D/FileUtil: Creating temp file at /home/simon/android-cts/tools/../../android-cts/logs/2026.02.19_22.56.05/inv_10448709666170630973 with prefix "device_logcat_setup_27161FDH20031X_" suffix ".txt"
02-19 22:56:29 I/LogFileSaver: Saved log file /home/simon/android-cts/tools/../../android-cts/logs/2026.02.19_22.56.05/inv_10448709666170630973/device_logcat_setup_27161FDH20031X_13124570248846965312.txt. [size=5107813, elapsed=3ms]
02-19 22:56:29 D/CertificationSuiteResultReporter: Saved logs for device_logcat_setup_27161FDH20031X in /home/simon/android-cts/tools/../../android-cts/logs/2026.02.19_22.56.05/inv_10448709666170630973/device_logcat_setup_27161FDH20031X_13124570248846965312.txt
02-19 22:56:29 D/LogFileSaver: Log data for device_logcat_setup_27161FDH20031X is already compressed, skipping compression
02-19 22:56:29 D/FileUtil: Creating temp file at /tmp/13033356/cts/inv_17232359672059617638/inv_5414508406574815813 with prefix "device_logcat_setup_27161FDH20031X_" suffix ".txt"
02-19 22:56:29 I/LogFileSaver: Saved log file /tmp/13033356/cts/inv_17232359672059617638/inv_5414508406574815813/device_logcat_setup_27161FDH20031X_15860262625710073921.txt. [size=5107813, elapsed=2ms]
02-19 22:56:29 D/TestDevice: No snapuserd notification in progress for BLOCK_BEFORE_TEST
02-19 22:56:29 D/PrettyPrintDelimiter: 
===============================
===== TEST PHASE STARTING =====
===============================
02-19 22:56:29 D/RunUtil: Running command [adb, -s, 27161FDH20031X, shell, cmd, device_state, print-states] with timeout: 2m 0s
02-19 22:56:29 D/NativeDevice: Using property ro.product.cpu.abilist=arm64-v8a from cache.
02-19 22:56:29 D/FileUtil: Creating temp file at /home/simon/android-cts/tools/../../android-cts/logs/2026.02.19_22.56.05/inv_10448709666170630973 with prefix "suite-exclude-filters11435647645761462467.txt_" suffix ".txt.gz"
02-19 22:56:29 I/LogFileSaver: Saved gzip log file /home/simon/android-cts/tools/../../android-cts/logs/2026.02.19_22.56.05/inv_10448709666170630973/suite-exclude-filters11435647645761462467.txt_17173104626998298695.txt.gz. [size=10, elapsed=0ms]
02-19 22:56:29 D/CertificationSuiteResultReporter: Saved logs for suite-exclude-filters11435647645761462467.txt in /home/simon/android-cts/tools/../../android-cts/logs/2026.02.19_22.56.05/inv_10448709666170630973/suite-exclude-filters11435647645761462467.txt_17173104626998298695.txt.gz
02-19 22:56:29 D/FileUtil: Creating temp file at /tmp/13033356/cts/inv_17232359672059617638/inv_5414508406574815813 with prefix "suite-exclude-filters11435647645761462467.txt_" suffix ".txt.gz"
02-19 22:56:29 I/LogFileSaver: Saved gzip log file /tmp/13033356/cts/inv_17232359672059617638/inv_5414508406574815813/suite-exclude-filters11435647645761462467.txt_2200792873781661001.txt.gz. [size=10, elapsed=0ms]
02-19 22:56:29 D/BaseTestSuite: Initializing ModuleRepo
ABIs:[{arm64-v8a, bitness=64}]
Test Args:[com.android.tradefed.testtype.AndroidJUnitTest:exclude-annotation:com.android.compatibility.common.util.CtsDownstreamingTest, com.android.compatibility.common.tradefed.testtype.JarHostTest:exclude-annotation:com.android.compatibility.common.util.CtsDownstreamingTest, com.android.tradefed.testtype.HostTest:exclude-annotation:com.android.compatibility.common.util.CtsDownstreamingTest, com.android.tradefed.testtype.AndroidJUnitTest:exclude-annotation:android.platform.test.annotations.AsbSecurityTest, com.android.compatibility.common.tradefed.testtype.JarHostTest:exclude-annotation:android.platform.test.annotations.AsbSecurityTest, com.android.tradefed.testtype.AndroidJUnitTest:exclude-annotation:android.platform.test.annotations.AppModeInstant, com.android.compatibility.common.tradefed.testtype.JarHostTest:exclude-annotation:android.platform.test.annotations.AppModeInstant, com.android.tradefed.testtype.HostTest:exclude-annotation:android.platform.test.annotations.AppModeInstant]
Module Args:[]
Includes: {arm64-v8a CtsDisplayTestCases=[CtsDisplayTestCases android.display.cts.DisplayTest#testGetSupportedModesOnDefaultDisplay], arm64-v8a CtsDisplayTestCases[instant]=[CtsDisplayTestCases[instant] android.display.cts.DisplayTest#testGetSupportedModesOnDefaultDisplay], arm64-v8a CtsDisplayTestCases[run-on-private-profile]=[CtsDisplayTestCases[run-on-private-profile] android.display.cts.DisplayTest#testGetSupportedModesOnDefaultDisplay], arm64-v8a CtsDisplayTestCases[run-on-work-profile]=[CtsDisplayTestCases[run-on-work-profile] android.display.cts.DisplayTest#testGetSupportedModesOnDefaultDisplay], arm64-v8a CtsDisplayTestCases[run-on-clone-profile]=[CtsDisplayTestCases[run-on-clone-profile] android.display.cts.DisplayTest#testGetSupportedModesOnDefaultDisplay], arm64-v8a CtsDisplayTestCases[run-on-secondary-user]=[CtsDisplayTestCases[run-on-secondary-user] android.display.cts.DisplayTest#testGetSupportedModesOnDefaultDisplay]}
Excludes: See suite-exclude-filters11435647645761462467.txt
02-19 22:56:29 D/BaseTestSuite: Foldable states: [foldable:0:DEFAULT]
02-19 22:56:29 D/BaseTestSuite: Loading tests from [/home/simon/android-cts/tools/../../android-cts/testcases]
02-19 22:56:31 D/ITestSuite: No remote build info, skipping stageTestArtifacts
02-19 22:56:31 D/ITestSuite: Resource not found for allowed preparers: /suite/google-allowed-preparers.txt
02-19 22:56:31 D/ITestSuite: [Total Unique Modules = 2]
02-19 22:56:31 I/ITestSuite: 27161FDH20031X running 2 modules: [arm64-v8a CtsDisplayTestCases[instant], arm64-v8a CtsDisplayTestCases]
02-19 22:56:31 D/TradefedFeatureClient: invoking feature 'skipFeature'
02-19 22:56:31 D/TradefedFeatureClient: Using reference id from metrics.
02-19 22:56:31 D/TradefedFeatureClient: name: "skipFeature"
reference_id: "09b4201f-a166-4947-bcaf-13c06f6daa20"

02-19 22:56:31 D/TradefedFeatureServer: Executing com.android.tradefed.result.skipped.SkipFeature@683e3503 with [name: "skipFeature"
reference_id: "09b4201f-a166-4947-bcaf-13c06f6daa20"
]
02-19 22:56:31 D/TradefedFeatureClient: Feature name: skipFeature. response: multi_part_response {
  response_part {
    key: "delimiter"
    value: "\\+,"
  }
  response_part {
    key: "presubmit"
    value: "false"
  }
  response_part {
    key: "skipModules"
  }
  response_part {
    key: "imageDigests"
  }
}

02-19 22:56:31 D/BaseTestSuite: Filters for 'arm64-v8a CtsDisplayTestCases[instant]': []
02-19 22:56:31 D/FileUtil: Creating temp file at /tmp/tf-workfolder1723359123180412526 with prefix "CtsDisplayTestCases" suffix ".xml"
02-19 22:56:31 D/LogFileSaver: Log data for module-configuration is already compressed, skipping compression
02-19 22:56:31 D/FileUtil: Creating temp file at /home/simon/android-cts/tools/../../android-cts/logs/2026.02.19_22.56.05/inv_10448709666170630973 with prefix "module-configuration_" suffix ".xml"
02-19 22:56:31 I/LogFileSaver: Saved log file /home/simon/android-cts/tools/../../android-cts/logs/2026.02.19_22.56.05/inv_10448709666170630973/module-configuration_14051410050525794333.xml. [size=1645, elapsed=0ms]
02-19 22:56:31 D/CertificationSuiteResultReporter: Saved logs for module-configuration in /home/simon/android-cts/tools/../../android-cts/logs/2026.02.19_22.56.05/inv_10448709666170630973/module-configuration_14051410050525794333.xml
02-19 22:56:31 D/LogFileSaver: Log data for module-configuration is already compressed, skipping compression
02-19 22:56:31 D/FileUtil: Creating temp file at /tmp/13033356/cts/inv_17232359672059617638/inv_5414508406574815813 with prefix "module-configuration_" suffix ".xml"
02-19 22:56:31 I/LogFileSaver: Saved log file /tmp/13033356/cts/inv_17232359672059617638/inv_5414508406574815813/module-configuration_17564921631171367794.xml. [size=1645, elapsed=0ms]
02-19 22:56:31 I/ITestSuite: Running system status checker before module execution: arm64-v8a CtsDisplayTestCases[instant]
02-19 22:56:31 D/NativeDevice: Using property ro.build.version.sdk=34 from cache.
02-19 22:56:31 D/NativeDevice: Using property ro.build.version.sdk=34 from cache.
02-19 22:56:31 D/NativeDevice: Using property ro.build.version.sdk=34 from cache.
02-19 22:56:31 I/UserChecker: Current user 0 is already user type CURRENT, no action.
02-19 22:56:31 I/NativeDevice: adb unroot on device 27161FDH20031X
02-19 22:56:31 D/RunUtil: Running command [adb, -s, 27161FDH20031X, unroot] with timeout: 2m 0s
02-19 22:56:31 D/BackgroundDeviceAction: Waiting for device 27161FDH20031X online before starting.
02-19 22:56:32 I/NativeDeviceStateMonitor: Waiting for device 27161FDH20031X to be in NOT_AVAILABLE mode for '5s'; it is currently in ONLINE mode...
02-19 22:56:37 W/NativeDevice: Did not detect device 27161FDH20031X becoming unavailable after unroot
02-19 22:56:37 I/NativeDeviceStateMonitor: Device 27161FDH20031X is already ONLINE
02-19 22:56:37 W/ShellStatusChecker: This module unexpectedly started in a root shell. Leaked from earlier module?
02-19 22:56:37 W/ITestSuite: System status checker [com.android.tradefed.suite.checker.ShellStatusChecker] failed.
02-19 22:56:37 D/DeviceSettingChecker: Begin preExecutionCheck for checking device setting
02-19 22:56:38 D/NativeDevice: Using property ro.build.version.sdk=34 from cache.
02-19 22:56:38 D/NativeDevice: Using property ro.build.version.sdk=34 from cache.
02-19 22:56:38 D/NativeDevice: Using property ro.build.type=userdebug from cache.
02-19 22:56:38 D/NativeDevice: Using property ro.build.version.sdk=34 from cache.
02-19 22:56:38 D/NativeDevice: Using property ro.build.version.codename=REL from cache.
02-19 22:56:38 D/NativeDevice: Using property ro.build.version.sdk=34 from cache.
02-19 22:56:38 D/NativeDevice: Using property ro.build.version.sdk=34 from cache.
02-19 22:56:38 D/NativeDevice: Using property ro.build.version.sdk=34 from cache.
02-19 22:56:38 D/NativeDevice: Using property ro.build.version.sdk=34 from cache.
02-19 22:56:38 D/NativeDevice: Using property ro.build.version.sdk=34 from cache.
02-19 22:56:38 D/NativeDevice: Using property ro.build.version.sdk=34 from cache.
02-19 22:56:38 D/NativeDevice: Using property ro.build.version.codename=REL from cache.
02-19 22:56:38 D/NativeDevice: Using property ro.build.version.sdk=34 from cache.
02-19 22:56:38 D/NativeDevice: Using property ro.build.version.codename=REL from cache.
02-19 22:56:38 D/NativeDevice: Using property ro.build.version.sdk=34 from cache.
02-19 22:56:38 D/NativeDevice: Using property ro.build.version.codename=REL from cache.
02-19 22:56:38 D/NativeDevice: Using property ro.build.version.sdk=34 from cache.
02-19 22:56:38 D/NativeDevice: Using property ro.build.version.sdk=34 from cache.
02-19 22:56:38 D/NativeDevice: Using property ro.build.version.sdk=34 from cache.
02-19 22:56:38 D/NativeDevice: Using property ro.build.version.sdk=34 from cache.
02-19 22:56:38 D/NativeDevice: Using property ro.build.version.sdk=34 from cache.
02-19 22:56:38 D/NativeDevice: Using property ro.build.version.sdk=34 from cache.
02-19 22:56:38 D/NativeDevice: Using property ro.build.version.sdk=34 from cache.
02-19 22:56:38 D/RunUtil: Running command [adb, -s, 27161FDH20031X, shell, locksettings, get-disabled] with timeout: 2m 0s
02-19 22:56:38 D/RunUtil: Running command [adb, -s, 27161FDH20031X, shell, locksettings, get-disabled] with timeout: 2m 0s
02-19 22:56:38 D/RunUtil: Running command [adb, -s, 27161FDH20031X, shell, input, keyevent, KEYCODE_MENU] with timeout: 2m 0s
02-19 22:56:38 D/RunUtil: Running command [adb, -s, 27161FDH20031X, shell, input, keyevent, KEYCODE_HOME] with timeout: 2m 0s
02-19 22:56:38 I/DeviceBaselineChecker: Enable device baselines keep_engprod_mode_on,disable_os_auto_update,hide_error_dialogs,keep_screen_on,disable_usb_app_verification,clear_lock_screen,keep_location_mode_on,keep_setup_complete_on in 225 millis.
02-19 22:56:38 W/ITestSuite: There are failed system status checkers: {com.android.tradefed.suite.checker.ShellStatusChecker=This module unexpectedly started in a root shell. Leaked from earlier module?}
02-19 22:56:38 D/ModuleDefinition: Running module arm64-v8a CtsDisplayTestCases[instant]
02-19 22:56:38 D/ModuleDefinition: Running setup preparer: SuiteApkInstaller
02-19 22:56:38 D/NativeDevice: Using property ro.build.version.sdk=34 from cache.
02-19 22:56:38 D/NativeDevice: Using property ro.build.version.sdk=34 from cache.
02-19 22:56:38 D/NativeDevice: Using property ro.build.version.codename=REL from cache.
02-19 22:56:38 D/NativeDevice: Using property ro.build.id=AP2A.240905.003 from cache.
02-19 22:56:38 D/NativeDevice: Using property ro.build.version.sdk=34 from cache.
02-19 22:56:38 D/NativeDevice: Using property ro.build.version.codename=REL from cache.
02-19 22:56:38 D/SearchArtifactUtil: Searching the module dir: /home/simon/android-cts/tools/../../android-cts/testcases/CtsDisplayTestCases
02-19 22:56:38 D/RunUtil: Running command [aapt2, dump, badging, /home/simon/android-cts/tools/../../android-cts/testcases/CtsDisplayTestCases/arm64/CtsDisplayTestCases.apk] with timeout: 1m 0s
02-19 22:56:38 D/RunUtil: Running command [aapt2, dump, xmltree, /home/simon/android-cts/tools/../../android-cts/testcases/CtsDisplayTestCases/arm64/CtsDisplayTestCases.apk, --file, AndroidManifest.xml] with timeout: 1m 0s
02-19 22:56:38 D/TestAppInstallSetup: Installing apk android.display.cts with [/home/simon/android-cts/tools/../../android-cts/testcases/CtsDisplayTestCases/arm64/CtsDisplayTestCases.apk] ...
02-19 22:56:38 D/NativeDevice: Using property ro.build.version.sdk=34 from cache.
02-19 22:56:39 D/RunUtil: Running command [aapt, dump, badging, /home/simon/android-cts/tools/../../android-cts/testcases/CtsDisplayTestCases/arm64/CtsDisplayTestCases.apk] with timeout: 1m 0s
02-19 22:56:39 D/RunUtil: Running command [aapt, dump, xmltree, /home/simon/android-cts/tools/../../android-cts/testcases/CtsDisplayTestCases/arm64/CtsDisplayTestCases.apk, AndroidManifest.xml] with timeout: 1m 0s
02-19 22:56:39 D/RunUtil: Running command [adb, -s, 27161FDH20031X, shell, appops, write-settings] with timeout: 2m 0s
02-19 22:56:39 D/SearchArtifactUtil: Searching the module dir: /home/simon/android-cts/tools/../../android-cts/testcases/CtsDisplayTestCases
02-19 22:56:39 D/RunUtil: Running command [aapt2, dump, badging, /home/simon/android-cts/tools/../../android-cts/testcases/CtsDisplayTestCases/CtsAppTestStubs.apk] with timeout: 1m 0s
02-19 22:56:39 D/RunUtil: Running command [aapt2, dump, xmltree, /home/simon/android-cts/tools/../../android-cts/testcases/CtsDisplayTestCases/CtsAppTestStubs.apk, --file, AndroidManifest.xml] with timeout: 1m 0s
02-19 22:56:39 D/TestAppInstallSetup: Installing apk android.app.stubs with [/home/simon/android-cts/tools/../../android-cts/testcases/CtsDisplayTestCases/CtsAppTestStubs.apk] ...
02-19 22:56:39 D/NativeDevice: Using property ro.build.version.sdk=34 from cache.
02-19 22:56:40 D/RunUtil: Running command [aapt, dump, badging, /home/simon/android-cts/tools/../../android-cts/testcases/CtsDisplayTestCases/CtsAppTestStubs.apk] with timeout: 1m 0s
02-19 22:56:40 D/RunUtil: Running command [aapt, dump, xmltree, /home/simon/android-cts/tools/../../android-cts/testcases/CtsDisplayTestCases/CtsAppTestStubs.apk, AndroidManifest.xml] with timeout: 1m 0s
02-19 22:56:40 D/RunUtil: Running command [adb, -s, 27161FDH20031X, shell, appops, write-settings] with timeout: 2m 0s
02-19 22:56:40 D/AndroidJUnitTest: Disable test storage on instant app module.
02-19 22:56:40 D/AndroidJUnitTest: Attempting to push filters to /data/local/tmp/ajur/includes.txt
02-19 22:56:40 D/NativeDevice: Using 'ls' to check doesFileExist(/data/local/tmp/ajur)
02-19 22:56:40 D/RunUtil: Running command [adb, -s, 27161FDH20031X, shell, ls, '/data/local/tmp/ajur'] with timeout: 2m 0s
02-19 22:56:40 D/NativeDevice: File /data/local/tmp/ajur does not exist.
stdout: 
stderr: ls: /data/local/tmp/ajur: No such file or directory

02-19 22:56:40 D/NativeDevice: Using 'ls' to check doesFileExist(/data/local/tmp/ajur/includes.txt)
02-19 22:56:40 D/RunUtil: Running command [adb, -s, 27161FDH20031X, shell, ls, '/data/local/tmp/ajur/includes.txt'] with timeout: 2m 0s
02-19 22:56:40 D/FileUtil: Creating temp file at /home/simon/android-cts/tools/../../android-cts/logs/2026.02.19_22.56.05/inv_10448709666170630973 with prefix "filter-arm64-v8a%20CtsDisplayTestCases%5Binstant%5D.include_" suffix ".txt.gz"
02-19 22:56:40 I/LogFileSaver: Saved gzip log file /home/simon/android-cts/tools/../../android-cts/logs/2026.02.19_22.56.05/inv_10448709666170630973/filter-arm64-v8a%20CtsDisplayTestCases%5Binstant%5D.include_3924988361747450459.txt.gz. [size=10, elapsed=0ms]
02-19 22:56:40 D/CertificationSuiteResultReporter: Saved logs for filter-arm64-v8a%20CtsDisplayTestCases%5Binstant%5D.include in /home/simon/android-cts/tools/../../android-cts/logs/2026.02.19_22.56.05/inv_10448709666170630973/filter-arm64-v8a%20CtsDisplayTestCases%5Binstant%5D.include_3924988361747450459.txt.gz
02-19 22:56:40 D/FileUtil: Creating temp file at /tmp/13033356/cts/inv_17232359672059617638/inv_5414508406574815813 with prefix "filter-arm64-v8a%20CtsDisplayTestCases%5Binstant%5D.include_" suffix ".txt.gz"
02-19 22:56:40 I/LogFileSaver: Saved gzip log file /tmp/13033356/cts/inv_17232359672059617638/inv_5414508406574815813/filter-arm64-v8a%20CtsDisplayTestCases%5Binstant%5D.include_18444234553821701641.txt.gz. [size=10, elapsed=1ms]
02-19 22:56:40 D/ListInstrumentationParser: instrumentation:android.display.cts/androidx.test.runner.AndroidJUnitRunner (target=android.display.cts)
02-19 22:56:40 D/ListInstrumentationParser: instrumentation:com.android.tradefed.utils.wifi/.WifiUtil (target=com.android.tradefed.utils.wifi)
02-19 22:56:40 D/ListInstrumentationParser: 
02-19 22:56:40 I/InstrumentationTest: No runner name specified. Using: androidx.test.runner.AndroidJUnitRunner.
02-19 22:56:40 D/NativeDevice: Using property ro.build.version.sdk=34 from cache.
02-19 22:56:40 D/NativeDevice: Using property ro.build.version.sdk=34 from cache.
02-19 22:56:40 D/InstrumentationTest: Collecting test info for android.display.cts on device 27161FDH20031X
02-19 22:56:40 I/RemoteAndroidTestRunner: Running am instrument -w -r --abi arm64-v8a  -e testFile /data/local/tmp/ajur/includes.txt -e debug false -e newRunListenerMode true -e log true -e notAnnotation android.platform.test.annotations.AsbSecurityTest,com.android.compatibility.common.util.CtsDownstreamingTest,android.platform.test.annotations.AppModeFull -e timeout_msec 300000 android.display.cts/androidx.test.runner.AndroidJUnitRunner on google-aosp_on_panther-27161FDH20031X
02-19 22:56:41 D/InstrumentationTest: Initializing com.android.tradefed.device.metric.CountTestCasesCollector for instrumentation.
02-19 22:56:41 I/RemoteAndroidTestRunner: Running am instrument -w -r --abi arm64-v8a  -e testFile /data/local/tmp/ajur/includes.txt -e debug false -e newRunListenerMode true -e log false -e notAnnotation android.platform.test.annotations.AsbSecurityTest,com.android.compatibility.common.util.CtsDownstreamingTest,android.platform.test.annotations.AppModeFull -e timeout_msec 300000 android.display.cts/androidx.test.runner.AndroidJUnitRunner on google-aosp_on_panther-27161FDH20031X
02-19 22:56:41 D/BackgroundDeviceAction: Device 27161FDH20031X now online.
02-19 22:56:41 D/BackgroundDeviceAction: Starting logcat for 27161FDH20031X.
02-19 22:56:41 D/ModuleListener: ModuleListener.testRunStarted(android.display.cts, 1, 0) on 27161FDH20031X
02-19 22:56:41 D/ModuleListener: ModuleListener.testStarted(android.display.cts.DisplayTest#testGetSupportedModesOnDefaultDisplay) on 27161FDH20031X
02-19 22:56:42 I/ModuleListener: [1/1] 27161FDH20031X android.display.cts.DisplayTest#testGetSupportedModesOnDefaultDisplay FAILURE: java.lang.AssertionError: Expected {id=2, width=1080, height=2400, fps=90.0, vsync=90.0, alternativeRefreshRates=[60.0], supportedHdrTypes=[2, 3, 4]} to be listed as alternative refresh rate of {id=1, width=1080, height=2400, fps=60.0, vsync=60.0, alternativeRefreshRates=[], supportedHdrTypes=[2, 3, 4]}. All supported modes are [{id=1, width=1080, height=2400, fps=60.0, vsync=60.0, alternativeRefreshRates=[], supportedHdrTypes=[2, 3, 4]}, {id=2, width=1080, height=2400, fps=90.0, vsync=90.0, alternativeRefreshRates=[60.0], supportedHdrTypes=[2, 3, 4]}]
	at org.junit.Assert.fail(Assert.java:89)
	at org.junit.Assert.assertTrue(Assert.java:42)
	at android.display.cts.DisplayTest.testGetSupportedModesOnDefaultDisplay(DisplayTest.java:881)

02-19 22:56:42 D/ModuleListener: ModuleListener.testRunEnded(906) on 27161FDH20031X
02-19 22:56:42 D/TestDevice: Uninstalling android.display.cts with extra args 
02-19 22:56:42 D/TestDevice: Uninstalling android.app.stubs with extra args 
02-19 22:56:42 I/NativeDeviceStateMonitor: Device 27161FDH20031X is already ONLINE
02-19 22:56:42 I/NativeDeviceStateMonitor: Waiting 360000 ms for device 27161FDH20031X boot complete
02-19 22:56:42 I/DeviceStateMonitor: Waiting 359964 ms for device 27161FDH20031X package manager
02-19 22:56:42 I/NativeDeviceStateMonitor: Waiting 359929 ms for device 27161FDH20031X external store
02-19 22:56:43 I/ConsoleReporter: [27161FDH20031X] Starting arm64-v8a CtsDisplayTestCases[instant] with 1 test
02-19 22:56:43 I/ConsoleReporter: [1/1 arm64-v8a CtsDisplayTestCases[instant] 27161FDH20031X] android.display.cts.DisplayTest#testGetSupportedModesOnDefaultDisplay fail: java.lang.AssertionError: Expected {id=2, width=1080, height=2400, fps=90.0, vsync=90.0, alternativeRefreshRates=[60.0], supportedHdrTypes=[2, 3, 4]} to be listed as alternative refresh rate of {id=1, width=1080, height=2400, fps=60.0, vsync=60.0, alternativeRefreshRates=[], supportedHdrTypes=[2, 3, 4]}. All supported modes are [{id=1, width=1080, height=2400, fps=60.0, vsync=60.0, alternativeRefreshRates=[], supportedHdrTypes=[2, 3, 4]}, {id=2, width=1080, height=2400, fps=90.0, vsync=90.0, alternativeRefreshRates=[60.0], supportedHdrTypes=[2, 3, 4]}]
	at org.junit.Assert.fail(Assert.java:89)
	at org.junit.Assert.assertTrue(Assert.java:42)
	at android.display.cts.DisplayTest.testGetSupportedModesOnDefaultDisplay(DisplayTest.java:881)

02-19 22:56:43 I/ConsoleReporter: [27161FDH20031X] arm64-v8a CtsDisplayTestCases[instant] completed in 2s. 0 passed, 1 failed, 0 not executed
02-19 22:56:43 I/ITestSuite: Running system status checker after module execution: arm64-v8a CtsDisplayTestCases[instant]
02-19 22:56:43 D/NativeDevice: Using property ro.build.version.sdk=34 from cache.
02-19 22:56:43 D/NativeDevice: Using property ro.build.version.sdk=34 from cache.
02-19 22:56:43 D/NativeDevice: Using property ro.build.version.sdk=34 from cache.
02-19 22:56:43 I/NativeDeviceStateMonitor: Device 27161FDH20031X is already ONLINE
02-19 22:56:43 I/NativeDeviceStateMonitor: Waiting 360000 ms for device 27161FDH20031X boot complete
02-19 22:56:43 I/DeviceStateMonitor: Waiting 359929 ms for device 27161FDH20031X package manager
02-19 22:56:43 I/NativeDeviceStateMonitor: Waiting 359834 ms for device 27161FDH20031X external store
02-19 22:56:44 I/MonitoringUtils: Wifi Connectivity: passed check.
02-19 22:56:44 D/TestDevice: Output from KeyguardController:   KeyguardController:
    mKeyguardShowing=false
    mAodShowing=false
    mKeyguardGoingAway=false

02-19 22:56:44 E/LeakedThreadStatusChecker: We have 4 threads instead of 1. List: [Thread[Invocation-27161FDH20031X,5,Invocation-27161FDH20031X], Thread[BackgroundDeviceAction-logcat -b all -v threadtime,uid,5,Invocation-27161FDH20031X], Thread[Timer-1,5,Invocation-27161FDH20031X], Thread[grpc-default-worker-ELG-3-1,5,Invocation-27161FDH20031X]]
02-19 22:56:44 W/ITestSuite: System status checker [com.android.tradefed.suite.checker.LeakedThreadStatusChecker] failed
02-19 22:56:44 D/NativeDevice: Time offset = 550 ms
02-19 22:56:44 D/DeviceSettingChecker: Begin postExecution for checking device setting
02-19 22:56:44 W/DeviceSettingChecker: Setting in namespace global fails:
 ota_disable_automatic_update is not found before module run

02-19 22:56:44 W/ITestSuite: System status checker [com.android.tradefed.suite.checker.DeviceSettingChecker] failed
02-19 22:56:45 D/NativeDevice: Using property ro.build.version.sdk=34 from cache.
02-19 22:56:45 W/ITestSuite: There are failed system status checkers: {com.android.tradefed.suite.checker.LeakedThreadStatusChecker=We have 4 threads instead of 1. List: [Thread[Invocation-27161FDH20031X,5,Invocation-27161FDH20031X], Thread[BackgroundDeviceAction-logcat -b all -v threadtime,uid,5,Invocation-27161FDH20031X], Thread[Timer-1,5,Invocation-27161FDH20031X], Thread[grpc-default-worker-ELG-3-1,5,Invocation-27161FDH20031X]], com.android.tradefed.suite.checker.DeviceSettingChecker=Setting in namespace global fails:
 ota_disable_automatic_update is not found before module run
}
02-19 22:56:45 D/FileUtil: Creating temp file at /home/simon/android-cts/tools/../../android-cts/results/2026.02.19_22.56.05/proto with prefix "tmp-proto" suffix ""
02-19 22:56:45 D/BaseTestSuite: Filters for 'arm64-v8a CtsDisplayTestCases': [CtsDisplayTestCases android.display.cts.DisplayTest#testActivityContextGetMetrics]
02-19 22:56:45 D/FileUtil: Creating temp file at /tmp/tf-workfolder1723359123180412526 with prefix "CtsDisplayTestCases" suffix ".xml"
02-19 22:56:45 D/LogFileSaver: Log data for module-configuration is already compressed, skipping compression
02-19 22:56:45 D/FileUtil: Creating temp file at /home/simon/android-cts/tools/../../android-cts/logs/2026.02.19_22.56.05/inv_10448709666170630973 with prefix "module-configuration_" suffix ".xml"
02-19 22:56:45 I/LogFileSaver: Saved log file /home/simon/android-cts/tools/../../android-cts/logs/2026.02.19_22.56.05/inv_10448709666170630973/module-configuration_11307239253735149285.xml. [size=1599, elapsed=0ms]
02-19 22:56:45 D/CertificationSuiteResultReporter: Saved logs for module-configuration in /home/simon/android-cts/tools/../../android-cts/logs/2026.02.19_22.56.05/inv_10448709666170630973/module-configuration_11307239253735149285.xml
02-19 22:56:45 D/LogFileSaver: Log data for module-configuration is already compressed, skipping compression
02-19 22:56:45 D/FileUtil: Creating temp file at /tmp/13033356/cts/inv_17232359672059617638/inv_5414508406574815813 with prefix "module-configuration_" suffix ".xml"
02-19 22:56:45 I/LogFileSaver: Saved log file /tmp/13033356/cts/inv_17232359672059617638/inv_5414508406574815813/module-configuration_16362150568060307275.xml. [size=1599, elapsed=0ms]
02-19 22:56:45 I/ITestSuite: Running system status checker before module execution: arm64-v8a CtsDisplayTestCases
02-19 22:56:45 D/NativeDevice: Using property ro.build.version.sdk=34 from cache.
02-19 22:56:45 D/NativeDevice: Using property ro.build.version.sdk=34 from cache.
02-19 22:56:45 D/NativeDevice: Using property ro.build.version.sdk=34 from cache.
02-19 22:56:45 I/UserChecker: Current user 0 is already user type CURRENT, no action.
02-19 22:56:45 D/DeviceSettingChecker: Begin preExecutionCheck for checking device setting
02-19 22:56:45 D/NativeDevice: Using property ro.build.version.sdk=34 from cache.
02-19 22:56:46 D/NativeDevice: Using property ro.build.version.sdk=34 from cache.
02-19 22:56:46 D/NativeDevice: Using property ro.build.version.sdk=34 from cache.
02-19 22:56:46 D/NativeDevice: Using property ro.build.version.codename=REL from cache.
02-19 22:56:46 D/NativeDevice: Using property ro.build.version.sdk=34 from cache.
02-19 22:56:46 D/NativeDevice: Using property ro.build.version.sdk=34 from cache.
02-19 22:56:46 D/NativeDevice: Using property ro.build.version.sdk=34 from cache.
02-19 22:56:46 D/NativeDevice: Using property ro.build.version.sdk=34 from cache.
02-19 22:56:46 D/NativeDevice: Using property ro.build.version.sdk=34 from cache.
02-19 22:56:46 D/NativeDevice: Using property ro.build.version.sdk=34 from cache.
02-19 22:56:46 D/NativeDevice: Using property ro.build.version.codename=REL from cache.
02-19 22:56:46 D/NativeDevice: Using property ro.build.version.sdk=34 from cache.
02-19 22:56:46 D/NativeDevice: Using property ro.build.version.codename=REL from cache.
02-19 22:56:46 D/NativeDevice: Using property ro.build.version.sdk=34 from cache.
02-19 22:56:46 D/NativeDevice: Using property ro.build.version.codename=REL from cache.
02-19 22:56:46 D/NativeDevice: Using property ro.build.version.sdk=34 from cache.
02-19 22:56:46 D/NativeDevice: Using property ro.build.version.sdk=34 from cache.
02-19 22:56:46 D/NativeDevice: Using property ro.build.version.sdk=34 from cache.
02-19 22:56:46 D/NativeDevice: Using property ro.build.version.sdk=34 from cache.
02-19 22:56:46 D/NativeDevice: Using property ro.build.version.sdk=34 from cache.
02-19 22:56:46 D/NativeDevice: Using property ro.build.version.sdk=34 from cache.
02-19 22:56:46 D/NativeDevice: Using property ro.build.version.sdk=34 from cache.
02-19 22:56:46 D/RunUtil: Running command [adb, -s, 27161FDH20031X, shell, locksettings, get-disabled] with timeout: 2m 0s
02-19 22:56:46 D/RunUtil: Running command [adb, -s, 27161FDH20031X, shell, locksettings, get-disabled] with timeout: 2m 0s
02-19 22:56:46 D/RunUtil: Running command [adb, -s, 27161FDH20031X, shell, input, keyevent, KEYCODE_MENU] with timeout: 2m 0s
02-19 22:56:46 D/RunUtil: Running command [adb, -s, 27161FDH20031X, shell, input, keyevent, KEYCODE_HOME] with timeout: 2m 0s
02-19 22:56:46 I/DeviceBaselineChecker: Enable device baselines keep_engprod_mode_on,disable_os_auto_update,hide_error_dialogs,keep_screen_on,disable_usb_app_verification,clear_lock_screen,keep_location_mode_on,keep_setup_complete_on in 257 millis.
02-19 22:56:46 D/ModuleDefinition: Running module arm64-v8a CtsDisplayTestCases
02-19 22:56:46 D/ModuleDefinition: Running setup preparer: SuiteApkInstaller
02-19 22:56:46 D/NativeDevice: Using property ro.build.version.sdk=34 from cache.
02-19 22:56:46 D/NativeDevice: Using property ro.build.version.sdk=34 from cache.
02-19 22:56:46 D/NativeDevice: Using property ro.build.version.codename=REL from cache.
02-19 22:56:46 D/NativeDevice: Using property ro.build.id=AP2A.240905.003 from cache.
02-19 22:56:46 D/NativeDevice: Using property ro.build.version.sdk=34 from cache.
02-19 22:56:46 D/NativeDevice: Using property ro.build.version.codename=REL from cache.
02-19 22:56:46 D/SearchArtifactUtil: Searching the module dir: /home/simon/android-cts/tools/../../android-cts/testcases/CtsDisplayTestCases
02-19 22:56:46 D/RunUtil: Running command [aapt2, dump, badging, /home/simon/android-cts/tools/../../android-cts/testcases/CtsDisplayTestCases/arm64/CtsDisplayTestCases.apk] with timeout: 1m 0s
02-19 22:56:46 D/RunUtil: Running command [aapt2, dump, xmltree, /home/simon/android-cts/tools/../../android-cts/testcases/CtsDisplayTestCases/arm64/CtsDisplayTestCases.apk, --file, AndroidManifest.xml] with timeout: 1m 0s
02-19 22:56:46 D/TestAppInstallSetup: Installing apk android.display.cts with [/home/simon/android-cts/tools/../../android-cts/testcases/CtsDisplayTestCases/arm64/CtsDisplayTestCases.apk] ...
02-19 22:56:46 D/NativeDevice: Using property ro.build.version.sdk=34 from cache.
02-19 22:56:47 D/RunUtil: Running command [aapt, dump, badging, /home/simon/android-cts/tools/../../android-cts/testcases/CtsDisplayTestCases/arm64/CtsDisplayTestCases.apk] with timeout: 1m 0s
02-19 22:56:47 D/RunUtil: Running command [aapt, dump, xmltree, /home/simon/android-cts/tools/../../android-cts/testcases/CtsDisplayTestCases/arm64/CtsDisplayTestCases.apk, AndroidManifest.xml] with timeout: 1m 0s
02-19 22:56:47 D/RunUtil: Running command [adb, -s, 27161FDH20031X, shell, appops, write-settings] with timeout: 2m 0s
02-19 22:56:47 D/SearchArtifactUtil: Searching the module dir: /home/simon/android-cts/tools/../../android-cts/testcases/CtsDisplayTestCases
02-19 22:56:47 D/RunUtil: Running command [aapt2, dump, badging, /home/simon/android-cts/tools/../../android-cts/testcases/CtsDisplayTestCases/CtsAppTestStubs.apk] with timeout: 1m 0s
02-19 22:56:47 D/RunUtil: Running command [aapt2, dump, xmltree, /home/simon/android-cts/tools/../../android-cts/testcases/CtsDisplayTestCases/CtsAppTestStubs.apk, --file, AndroidManifest.xml] with timeout: 1m 0s
02-19 22:56:47 D/TestAppInstallSetup: Installing apk android.app.stubs with [/home/simon/android-cts/tools/../../android-cts/testcases/CtsDisplayTestCases/CtsAppTestStubs.apk] ...
02-19 22:56:47 D/NativeDevice: Using property ro.build.version.sdk=34 from cache.
02-19 22:56:48 D/RunUtil: Running command [aapt, dump, badging, /home/simon/android-cts/tools/../../android-cts/testcases/CtsDisplayTestCases/CtsAppTestStubs.apk] with timeout: 1m 0s
02-19 22:56:48 D/RunUtil: Running command [aapt, dump, xmltree, /home/simon/android-cts/tools/../../android-cts/testcases/CtsDisplayTestCases/CtsAppTestStubs.apk, AndroidManifest.xml] with timeout: 1m 0s
02-19 22:56:48 D/RunUtil: Running command [adb, -s, 27161FDH20031X, shell, appops, write-settings] with timeout: 2m 0s
02-19 22:56:48 D/NativeDevice: Using property ro.build.version.sdk=34 from cache.
02-19 22:56:48 D/NativeDevice: Using property ro.build.version.sdk=34 from cache.
02-19 22:56:48 D/NativeDevice: Using property ro.build.version.codename=REL from cache.
02-19 22:56:48 D/AndroidJUnitTest: Attempting to push filters to /data/local/tmp/ajur/includes.txt
02-19 22:56:48 D/NativeDevice: Using 'ls' to check doesFileExist(/data/local/tmp/ajur)
02-19 22:56:48 D/RunUtil: Running command [adb, -s, 27161FDH20031X, shell, ls, '/data/local/tmp/ajur'] with timeout: 2m 0s
02-19 22:56:48 D/NativeDevice: File /data/local/tmp/ajur does not exist.
stdout: 
stderr: ls: /data/local/tmp/ajur: No such file or directory

02-19 22:56:48 D/NativeDevice: Using 'ls' to check doesFileExist(/data/local/tmp/ajur/includes.txt)
02-19 22:56:48 D/RunUtil: Running command [adb, -s, 27161FDH20031X, shell, ls, '/data/local/tmp/ajur/includes.txt'] with timeout: 2m 0s
02-19 22:56:48 D/FileUtil: Creating temp file at /home/simon/android-cts/tools/../../android-cts/logs/2026.02.19_22.56.05/inv_10448709666170630973 with prefix "filter-arm64-v8a%20CtsDisplayTestCases.include_" suffix ".txt.gz"
02-19 22:56:48 I/LogFileSaver: Saved gzip log file /home/simon/android-cts/tools/../../android-cts/logs/2026.02.19_22.56.05/inv_10448709666170630973/filter-arm64-v8a%20CtsDisplayTestCases.include_11938745554117837057.txt.gz. [size=10, elapsed=0ms]
02-19 22:56:48 D/CertificationSuiteResultReporter: Saved logs for filter-arm64-v8a%20CtsDisplayTestCases.include in /home/simon/android-cts/tools/../../android-cts/logs/2026.02.19_22.56.05/inv_10448709666170630973/filter-arm64-v8a%20CtsDisplayTestCases.include_11938745554117837057.txt.gz
02-19 22:56:48 D/FileUtil: Creating temp file at /tmp/13033356/cts/inv_17232359672059617638/inv_5414508406574815813 with prefix "filter-arm64-v8a%20CtsDisplayTestCases.include_" suffix ".txt.gz"
02-19 22:56:48 I/LogFileSaver: Saved gzip log file /tmp/13033356/cts/inv_17232359672059617638/inv_5414508406574815813/filter-arm64-v8a%20CtsDisplayTestCases.include_8286621541002046962.txt.gz. [size=10, elapsed=0ms]
02-19 22:56:48 D/AndroidJUnitTest: Attempting to push filters to /sdcard/googletest/test_runfiles/data/local/tmp/ajur/includes.txt
02-19 22:56:48 D/NativeDevice: Using 'ls' to check doesFileExist(/data/local/tmp/ajur)
02-19 22:56:48 D/RunUtil: Running command [adb, -s, 27161FDH20031X, shell, ls, '/data/local/tmp/ajur'] with timeout: 2m 0s
02-19 22:56:48 D/NativeDevice: Using property ro.build.version.sdk=34 from cache.
02-19 22:56:48 D/AndroidJUnitTest: Attempting to push filters to /data/local/tmp/ajur/excludes.txt
02-19 22:56:48 D/NativeDevice: Using 'ls' to check doesFileExist(/data/local/tmp/ajur)
02-19 22:56:48 D/RunUtil: Running command [adb, -s, 27161FDH20031X, shell, ls, '/data/local/tmp/ajur'] with timeout: 2m 0s
02-19 22:56:49 D/FileUtil: Creating temp file at /home/simon/android-cts/tools/../../android-cts/logs/2026.02.19_22.56.05/inv_10448709666170630973 with prefix "filter-arm64-v8a%20CtsDisplayTestCases.exclude_" suffix ".txt.gz"
02-19 22:56:49 I/LogFileSaver: Saved gzip log file /home/simon/android-cts/tools/../../android-cts/logs/2026.02.19_22.56.05/inv_10448709666170630973/filter-arm64-v8a%20CtsDisplayTestCases.exclude_4317348611121124305.txt.gz. [size=10, elapsed=0ms]
02-19 22:56:49 D/CertificationSuiteResultReporter: Saved logs for filter-arm64-v8a%20CtsDisplayTestCases.exclude in /home/simon/android-cts/tools/../../android-cts/logs/2026.02.19_22.56.05/inv_10448709666170630973/filter-arm64-v8a%20CtsDisplayTestCases.exclude_4317348611121124305.txt.gz
02-19 22:56:49 D/FileUtil: Creating temp file at /tmp/13033356/cts/inv_17232359672059617638/inv_5414508406574815813 with prefix "filter-arm64-v8a%20CtsDisplayTestCases.exclude_" suffix ".txt.gz"
02-19 22:56:49 I/LogFileSaver: Saved gzip log file /tmp/13033356/cts/inv_17232359672059617638/inv_5414508406574815813/filter-arm64-v8a%20CtsDisplayTestCases.exclude_14407462387815052224.txt.gz. [size=10, elapsed=0ms]
02-19 22:56:49 D/AndroidJUnitTest: Attempting to push filters to /sdcard/googletest/test_runfiles/data/local/tmp/ajur/excludes.txt
02-19 22:56:49 D/NativeDevice: Using 'ls' to check doesFileExist(/data/local/tmp/ajur)
02-19 22:56:49 D/RunUtil: Running command [adb, -s, 27161FDH20031X, shell, ls, '/data/local/tmp/ajur'] with timeout: 2m 0s
02-19 22:56:49 D/NativeDevice: Using property ro.build.version.sdk=34 from cache.
02-19 22:56:49 D/NativeDevice: Using property ro.build.version.sdk=34 from cache.
02-19 22:56:49 D/RunUtil: Running command [adb, -s, 27161FDH20031X, shell, pm, list, features] with timeout: 2m 0s
02-19 22:56:49 D/NativeDevice: Using property ro.build.version.sdk=34 from cache.
02-19 22:56:49 D/NativeDevice: Using property ro.build.version.codename=REL from cache.
02-19 22:56:49 D/RunUtil: Running command [aapt2, dump, badging, /tmp/services9834232671649020257.apk] with timeout: 1m 0s
02-19 22:56:49 D/RunUtil: Running command [aapt2, dump, xmltree, /tmp/services9834232671649020257.apk, --file, AndroidManifest.xml] with timeout: 1m 0s
02-19 22:56:49 D/TestAppInstallSetup: Installing apk androidx.test.services with [/tmp/services9834232671649020257.apk] ...
02-19 22:56:49 D/NativeDevice: Using property ro.build.version.sdk=34 from cache.
02-19 22:56:49 D/RunUtil: Running command [aapt, dump, badging, /tmp/services9834232671649020257.apk] with timeout: 1m 0s
02-19 22:56:49 D/RunUtil: Running command [aapt, dump, xmltree, /tmp/services9834232671649020257.apk, AndroidManifest.xml] with timeout: 1m 0s
02-19 22:56:49 D/NativeDevice: Using property ro.build.version.sdk=34 from cache.
02-19 22:56:49 D/RunUtil: Running command [adb, -s, 27161FDH20031X, shell, appops, set, --user, 0, --uid, androidx.test.services, MANAGE_EXTERNAL_STORAGE, 0] with timeout: 2m 0s
02-19 22:56:49 D/RunUtil: Running command [adb, -s, 27161FDH20031X, shell, appops, write-settings] with timeout: 2m 0s
02-19 22:56:49 D/RunUtil: Running command [adb, -s, 27161FDH20031X, shell, dumpsys, deviceidle, whitelist, +androidx.test.services] with timeout: 2m 0s
02-19 22:56:49 D/AndroidJUnitTest: stdout: Added: androidx.test.services

stderr: 
02-19 22:56:50 D/ListInstrumentationParser: instrumentation:android.display.cts/androidx.test.runner.AndroidJUnitRunner (target=android.display.cts)
02-19 22:56:50 D/ListInstrumentationParser: instrumentation:com.android.tradefed.utils.wifi/.WifiUtil (target=com.android.tradefed.utils.wifi)
02-19 22:56:50 D/ListInstrumentationParser: 
02-19 22:56:50 I/InstrumentationTest: No runner name specified. Using: androidx.test.runner.AndroidJUnitRunner.
02-19 22:56:50 D/NativeDevice: Using property ro.build.version.sdk=34 from cache.
02-19 22:56:50 D/NativeDevice: Using property ro.build.version.sdk=34 from cache.
02-19 22:56:50 D/InstrumentationTest: Collecting test info for android.display.cts on device 27161FDH20031X
02-19 22:56:50 I/RemoteAndroidTestRunner: Running am instrument -w -r --abi arm64-v8a  -e testFile /data/local/tmp/ajur/includes.txt -e debug false -e useTestStorageService true -e newRunListenerMode true -e log true -e notAnnotation com.android.compatibility.common.util.CtsDownstreamingTest,android.platform.test.annotations.AsbSecurityTest,android.platform.test.annotations.AppModeInstant -e notTestFile /data/local/tmp/ajur/excludes.txt -e timeout_msec 300000 android.display.cts/androidx.test.runner.AndroidJUnitRunner on google-aosp_on_panther-27161FDH20031X
02-19 22:56:50 D/InstrumentationTest: Initializing com.android.tradefed.device.metric.CountTestCasesCollector for instrumentation.
02-19 22:56:50 I/RemoteAndroidTestRunner: Running am instrument -w -r --abi arm64-v8a  -e testFile /data/local/tmp/ajur/includes.txt -e debug false -e useTestStorageService true -e newRunListenerMode true -e log false -e notAnnotation com.android.compatibility.common.util.CtsDownstreamingTest,android.platform.test.annotations.AsbSecurityTest,android.platform.test.annotations.AppModeInstant -e notTestFile /data/local/tmp/ajur/excludes.txt -e timeout_msec 300000 android.display.cts/androidx.test.runner.AndroidJUnitRunner on google-aosp_on_panther-27161FDH20031X
02-19 22:56:50 D/ModuleListener: ModuleListener.testRunStarted(android.display.cts, 1, 0) on 27161FDH20031X
02-19 22:56:50 D/ModuleListener: ModuleListener.testStarted(android.display.cts.DisplayTest#testGetSupportedModesOnDefaultDisplay) on 27161FDH20031X
02-19 22:56:51 I/ModuleListener: [1/1] 27161FDH20031X android.display.cts.DisplayTest#testGetSupportedModesOnDefaultDisplay FAILURE: java.lang.AssertionError: Expected {id=2, width=1080, height=2400, fps=90.0, vsync=90.0, alternativeRefreshRates=[60.0], supportedHdrTypes=[2, 3, 4]} to be listed as alternative refresh rate of {id=1, width=1080, height=2400, fps=60.0, vsync=60.0, alternativeRefreshRates=[], supportedHdrTypes=[2, 3, 4]}. All supported modes are [{id=1, width=1080, height=2400, fps=60.0, vsync=60.0, alternativeRefreshRates=[], supportedHdrTypes=[2, 3, 4]}, {id=2, width=1080, height=2400, fps=90.0, vsync=90.0, alternativeRefreshRates=[60.0], supportedHdrTypes=[2, 3, 4]}]
	at org.junit.Assert.fail(Assert.java:89)
	at org.junit.Assert.assertTrue(Assert.java:42)
	at android.display.cts.DisplayTest.testGetSupportedModesOnDefaultDisplay(DisplayTest.java:881)

02-19 22:56:51 D/ModuleListener: ModuleListener.testRunEnded(853) on 27161FDH20031X
02-19 22:56:51 D/TestDevice: Uninstalling androidx.test.services with extra args 
02-19 22:56:52 D/TestDevice: Uninstalling android.display.cts with extra args 
02-19 22:56:52 D/TestDevice: Uninstalling android.app.stubs with extra args 
02-19 22:56:52 I/NativeDeviceStateMonitor: Device 27161FDH20031X is already ONLINE
02-19 22:56:52 I/NativeDeviceStateMonitor: Waiting 360000 ms for device 27161FDH20031X boot complete
02-19 22:56:52 I/DeviceStateMonitor: Waiting 359965 ms for device 27161FDH20031X package manager
02-19 22:56:52 I/NativeDeviceStateMonitor: Waiting 359930 ms for device 27161FDH20031X external store
02-19 22:56:52 I/ConsoleReporter: [27161FDH20031X] Starting arm64-v8a CtsDisplayTestCases with 1 test
02-19 22:56:52 I/ConsoleReporter: [1/1 arm64-v8a CtsDisplayTestCases 27161FDH20031X] android.display.cts.DisplayTest#testGetSupportedModesOnDefaultDisplay fail: java.lang.AssertionError: Expected {id=2, width=1080, height=2400, fps=90.0, vsync=90.0, alternativeRefreshRates=[60.0], supportedHdrTypes=[2, 3, 4]} to be listed as alternative refresh rate of {id=1, width=1080, height=2400, fps=60.0, vsync=60.0, alternativeRefreshRates=[], supportedHdrTypes=[2, 3, 4]}. All supported modes are [{id=1, width=1080, height=2400, fps=60.0, vsync=60.0, alternativeRefreshRates=[], supportedHdrTypes=[2, 3, 4]}, {id=2, width=1080, height=2400, fps=90.0, vsync=90.0, alternativeRefreshRates=[60.0], supportedHdrTypes=[2, 3, 4]}]
	at org.junit.Assert.fail(Assert.java:89)
	at org.junit.Assert.assertTrue(Assert.java:42)
	at android.display.cts.DisplayTest.testGetSupportedModesOnDefaultDisplay(DisplayTest.java:881)

02-19 22:56:52 I/ConsoleReporter: [27161FDH20031X] arm64-v8a CtsDisplayTestCases completed in 4s. 0 passed, 1 failed, 0 not executed
02-19 22:56:52 I/ITestSuite: Running system status checker after module execution: arm64-v8a CtsDisplayTestCases
02-19 22:56:52 D/NativeDevice: Using property ro.build.version.sdk=34 from cache.
02-19 22:56:52 D/NativeDevice: Using property ro.build.version.sdk=34 from cache.
02-19 22:56:52 D/NativeDevice: Using property ro.build.version.sdk=34 from cache.
02-19 22:56:52 I/NativeDeviceStateMonitor: Device 27161FDH20031X is already ONLINE
02-19 22:56:52 I/NativeDeviceStateMonitor: Waiting 360000 ms for device 27161FDH20031X boot complete
02-19 22:56:52 I/DeviceStateMonitor: Waiting 359959 ms for device 27161FDH20031X package manager
02-19 22:56:52 I/NativeDeviceStateMonitor: Waiting 359899 ms for device 27161FDH20031X external store
02-19 22:56:53 I/MonitoringUtils: Wifi Connectivity: passed check.
02-19 22:56:53 D/TestDevice: Output from KeyguardController:   KeyguardController:
    mKeyguardShowing=false
    mAodShowing=false
    mKeyguardGoingAway=false

02-19 22:56:53 E/LeakedThreadStatusChecker: We have 4 threads instead of 1. List: [Thread[Invocation-27161FDH20031X,5,Invocation-27161FDH20031X], Thread[BackgroundDeviceAction-logcat -b all -v threadtime,uid,5,Invocation-27161FDH20031X], Thread[Timer-1,5,Invocation-27161FDH20031X], Thread[grpc-default-worker-ELG-3-1,5,Invocation-27161FDH20031X]]
02-19 22:56:53 W/ITestSuite: System status checker [com.android.tradefed.suite.checker.LeakedThreadStatusChecker] failed
02-19 22:56:53 D/NativeDevice: Time offset = -317 ms
02-19 22:56:53 D/DeviceSettingChecker: Begin postExecution for checking device setting
02-19 22:56:54 D/NativeDevice: Using property ro.build.version.sdk=34 from cache.
02-19 22:56:54 W/ITestSuite: There are failed system status checkers: {com.android.tradefed.suite.checker.LeakedThreadStatusChecker=We have 4 threads instead of 1. List: [Thread[Invocation-27161FDH20031X,5,Invocation-27161FDH20031X], Thread[BackgroundDeviceAction-logcat -b all -v threadtime,uid,5,Invocation-27161FDH20031X], Thread[Timer-1,5,Invocation-27161FDH20031X], Thread[grpc-default-worker-ELG-3-1,5,Invocation-27161FDH20031X]]}
02-19 22:56:54 D/FileUtil: Creating temp file at /home/simon/android-cts/tools/../../android-cts/results/2026.02.19_22.56.05/proto with prefix "tmp-proto" suffix ""
02-19 22:56:54 D/PrettyPrintDelimiter: 
=============================
===== TEST PHASE ENDING =====
=============================
02-19 22:56:54 D/LogFileSaver: Log data for device_logcat_test_27161FDH20031X is already compressed, skipping compression
02-19 22:56:54 D/FileUtil: Creating temp file at /home/simon/android-cts/tools/../../android-cts/logs/2026.02.19_22.56.05/inv_10448709666170630973 with prefix "device_logcat_test_27161FDH20031X_" suffix ".txt"
02-19 22:56:54 I/LogFileSaver: Saved log file /home/simon/android-cts/tools/../../android-cts/logs/2026.02.19_22.56.05/inv_10448709666170630973/device_logcat_test_27161FDH20031X_11136741644476006280.txt. [size=4908461, elapsed=2ms]
02-19 22:56:54 D/CertificationSuiteResultReporter: Saved logs for device_logcat_test_27161FDH20031X in /home/simon/android-cts/tools/../../android-cts/logs/2026.02.19_22.56.05/inv_10448709666170630973/device_logcat_test_27161FDH20031X_11136741644476006280.txt
02-19 22:56:54 D/LogFileSaver: Log data for device_logcat_test_27161FDH20031X is already compressed, skipping compression
02-19 22:56:54 D/FileUtil: Creating temp file at /tmp/13033356/cts/inv_17232359672059617638/inv_5414508406574815813 with prefix "device_logcat_test_27161FDH20031X_" suffix ".txt"
02-19 22:56:54 I/LogFileSaver: Saved log file /tmp/13033356/cts/inv_17232359672059617638/inv_5414508406574815813/device_logcat_test_27161FDH20031X_14052693556258560989.txt. [size=4908461, elapsed=2ms]
02-19 22:56:54 I/CommandInterrupter: Interrupt blocked
02-19 22:56:54 D/TestInvocation: Testing minimum responsiveness.
02-19 22:56:54 I/NativeDeviceStateMonitor: Device 27161FDH20031X is already ONLINE
02-19 22:56:54 D/RunUtil: Running command [adb, -s, 27161FDH20031X, shell, getprop, ro.build.version.sdk] with timeout: 45s
02-19 22:56:54 D/FileUtil: Creating temp file at /home/simon/android-cts/tools/../../android-cts/logs/2026.02.19_22.56.05/inv_10448709666170630973 with prefix "executeShellCommandLog_27161FDH20031X_" suffix ".txt.gz"
02-19 22:56:54 I/LogFileSaver: Saved gzip log file /home/simon/android-cts/tools/../../android-cts/logs/2026.02.19_22.56.05/inv_10448709666170630973/executeShellCommandLog_27161FDH20031X_14037274047689664353.txt.gz. [size=10, elapsed=0ms]
02-19 22:56:54 D/CertificationSuiteResultReporter: Saved logs for executeShellCommandLog_27161FDH20031X in /home/simon/android-cts/tools/../../android-cts/logs/2026.02.19_22.56.05/inv_10448709666170630973/executeShellCommandLog_27161FDH20031X_14037274047689664353.txt.gz
02-19 22:56:54 D/FileUtil: Creating temp file at /tmp/13033356/cts/inv_17232359672059617638/inv_5414508406574815813 with prefix "executeShellCommandLog_27161FDH20031X_" suffix ".txt.gz"
02-19 22:56:54 I/LogFileSaver: Saved gzip log file /tmp/13033356/cts/inv_17232359672059617638/inv_5414508406574815813/executeShellCommandLog_27161FDH20031X_3375442435412949898.txt.gz. [size=10, elapsed=1ms]
02-19 22:56:54 D/TestInvocation: Checking that devices are online.
02-19 22:56:54 I/NativeDeviceStateMonitor: Device 27161FDH20031X is already ONLINE
02-19 22:56:54 I/NativeDeviceStateMonitor: Waiting 180000 ms for device 27161FDH20031X boot complete
02-19 22:56:54 I/DeviceStateMonitor: Waiting 179929 ms for device 27161FDH20031X package manager
02-19 22:56:54 I/NativeDeviceStateMonitor: Waiting 179834 ms for device 27161FDH20031X external store
02-19 22:56:55 D/InvocationExecution: starting tearDown 'com.android.compatibility.common.tradefed.targetprep.PropertyCheck@62502f4d' on device: '27161FDH20031X'
02-19 22:56:55 D/InvocationExecution: done with tearDown 'com.android.compatibility.common.tradefed.targetprep.PropertyCheck@62502f4d' on device: '27161FDH20031X' in 0 ms
02-19 22:56:55 D/InvocationExecution: starting tearDown 'com.android.compatibility.common.tradefed.targetprep.PropertyCheck@238af473' on device: '27161FDH20031X'
02-19 22:56:55 D/InvocationExecution: done with tearDown 'com.android.compatibility.common.tradefed.targetprep.PropertyCheck@238af473' on device: '27161FDH20031X' in 1 ms
02-19 22:56:55 D/InvocationExecution: starting tearDown 'com.android.compatibility.common.tradefed.targetprep.PropertyCheck@7162d6ea' on device: '27161FDH20031X'
02-19 22:56:55 D/InvocationExecution: done with tearDown 'com.android.compatibility.common.tradefed.targetprep.PropertyCheck@7162d6ea' on device: '27161FDH20031X' in 0 ms
02-19 22:56:55 D/InvocationExecution: starting tearDown 'com.android.tradefed.targetprep.RunCommandTargetPreparer@5e46607' on device: '27161FDH20031X'
02-19 22:56:55 D/RunUtil: Running command [adb, -s, 27161FDH20031X, shell, settings, put, global, verifier_engprod, 0] with timeout: 2m 0s
02-19 22:56:55 D/InvocationExecution: done with tearDown 'com.android.tradefed.targetprep.RunCommandTargetPreparer@5e46607' on device: '27161FDH20031X' in 90 ms
02-19 22:56:55 D/InvocationExecution: starting tearDown 'com.android.tradefed.targetprep.RunCommandTargetPreparer@6225108d' on device: '27161FDH20031X'
02-19 22:56:55 D/RunUtil: Running command [adb, -s, 27161FDH20031X, shell, settings, put, global, package_verifier_enable, 1] with timeout: 2m 0s
02-19 22:56:55 D/InvocationExecution: done with tearDown 'com.android.tradefed.targetprep.RunCommandTargetPreparer@6225108d' on device: '27161FDH20031X' in 69 ms
02-19 22:56:55 D/InvocationExecution: starting tearDown 'com.android.compatibility.common.tradefed.targetprep.ReportLogCollector@16643ce5' on device: '27161FDH20031X'
02-19 22:56:55 D/NativeDevice: Using property ro.build.version.sdk=34 from cache.
02-19 22:56:55 D/NativeDevice: Using 'ls' to check doesFileExist(/storage/emulated/0/report-log-files/)
02-19 22:56:55 D/RunUtil: Running command [adb, -s, 27161FDH20031X, shell, ls, '/storage/emulated/0/report-log-files/'] with timeout: 2m 0s
02-19 22:56:55 D/NativeDevice: File /storage/emulated/0/report-log-files/ does not exist.
stdout: 
stderr: ls: /storage/emulated/0/report-log-files/: No such file or directory

02-19 22:56:55 E/NativeDevice: Device path /sdcard/report-log-files/ does not exist to be pulled.
02-19 22:56:55 D/InvocationExecution: done with tearDown 'com.android.compatibility.common.tradefed.targetprep.ReportLogCollector@16643ce5' on device: '27161FDH20031X' in 147 ms
02-19 22:56:55 D/InvocationExecution: starting tearDown 'com.android.compatibility.common.tradefed.targetprep.DeviceInfoCollector@1bd79eeb' on device: '27161FDH20031X'
02-19 22:56:55 D/InvocationExecution: done with tearDown 'com.android.compatibility.common.tradefed.targetprep.DeviceInfoCollector@1bd79eeb' on device: '27161FDH20031X' in 0 ms
02-19 22:56:55 D/InvocationExecution: starting tearDown 'com.android.tradefed.targetprep.RunCommandTargetPreparer@3900366f' on device: '27161FDH20031X'
02-19 22:56:55 D/InvocationExecution: done with tearDown 'com.android.tradefed.targetprep.RunCommandTargetPreparer@3900366f' on device: '27161FDH20031X' in 0 ms
02-19 22:56:55 D/InvocationExecution: starting tearDown 'com.android.compatibility.common.tradefed.targetprep.WifiCheck@75f3fb2d' on device: '27161FDH20031X'
02-19 22:56:55 D/InvocationExecution: done with tearDown 'com.android.compatibility.common.tradefed.targetprep.WifiCheck@75f3fb2d' on device: '27161FDH20031X' in 0 ms
02-19 22:56:55 D/InvocationExecution: starting tearDown 'com.android.compatibility.common.tradefed.targetprep.ApkPreconditionCheck@56e28d48' on device: '27161FDH20031X'
02-19 22:56:55 D/InvocationExecution: done with tearDown 'com.android.compatibility.common.tradefed.targetprep.ApkPreconditionCheck@56e28d48' on device: '27161FDH20031X' in 0 ms
02-19 22:56:55 D/InvocationExecution: starting tearDown 'com.android.compatibility.common.tradefed.targetprep.SettingsPreparer@1ceb245' on device: '27161FDH20031X'
02-19 22:56:55 D/InvocationExecution: done with tearDown 'com.android.compatibility.common.tradefed.targetprep.SettingsPreparer@1ceb245' on device: '27161FDH20031X' in 0 ms
02-19 22:56:55 D/InvocationExecution: starting tearDown 'com.android.compatibility.common.tradefed.targetprep.SettingsPreparer@529fcbea' on device: '27161FDH20031X'
02-19 22:56:55 D/InvocationExecution: done with tearDown 'com.android.compatibility.common.tradefed.targetprep.SettingsPreparer@529fcbea' on device: '27161FDH20031X' in 0 ms
02-19 22:56:55 D/InvocationExecution: starting tearDown 'com.android.compatibility.common.tradefed.targetprep.PackageDisabler@513e1fdf' on device: '27161FDH20031X'
02-19 22:56:55 D/InvocationExecution: done with tearDown 'com.android.compatibility.common.tradefed.targetprep.PackageDisabler@513e1fdf' on device: '27161FDH20031X' in 0 ms
02-19 22:56:55 D/InvocationExecution: starting tearDown 'com.android.compatibility.common.tradefed.targetprep.StayAwakePreparer@198ffce8' on device: '27161FDH20031X'
02-19 22:56:55 D/InvocationExecution: done with tearDown 'com.android.compatibility.common.tradefed.targetprep.StayAwakePreparer@198ffce8' on device: '27161FDH20031X' in 0 ms
02-19 22:56:55 D/InvocationExecution: starting tearDown 'com.android.compatibility.common.tradefed.targetprep.DynamicConfigPusher@2c4923a2' on device: '27161FDH20031X'
02-19 22:56:55 D/InvocationExecution: done with tearDown 'com.android.compatibility.common.tradefed.targetprep.DynamicConfigPusher@2c4923a2' on device: '27161FDH20031X' in 0 ms
02-19 22:56:55 D/InvocationExecution: starting tearDown 'com.android.compatibility.common.tradefed.targetprep.DeviceFileCollector@ad094aa' on device: '27161FDH20031X'
02-19 22:56:55 D/InvocationExecution: done with tearDown 'com.android.compatibility.common.tradefed.targetprep.DeviceFileCollector@ad094aa' on device: '27161FDH20031X' in 0 ms
02-19 22:56:55 D/InvocationExecution: starting tearDown 'com.android.compatibility.common.tradefed.targetprep.DeviceFileCollector@1afd0c5d' on device: '27161FDH20031X'
02-19 22:56:55 D/InvocationExecution: done with tearDown 'com.android.compatibility.common.tradefed.targetprep.DeviceFileCollector@1afd0c5d' on device: '27161FDH20031X' in 0 ms
02-19 22:56:55 D/TestDevice: Uninstalling com.android.tradefed.utils.wifi with extra args 
02-19 22:56:55 D/WifiHelper: Successfully clean up WifiHelper.
02-19 22:56:55 D/RunUtil: Running command [id, -u, simon] with timeout: 1m 0s
02-19 22:56:55 D/RunUtil: Running command [tail, -c, 10MB, /tmp/adb.1000.log] with timeout: 1m 0s
02-19 22:56:55 D/LogFileSaver: Log data for host_adb_log is already compressed, skipping compression
02-19 22:56:55 D/FileUtil: Creating temp file at /home/simon/android-cts/tools/../../android-cts/logs/2026.02.19_22.56.05/inv_10448709666170630973 with prefix "host_adb_log_" suffix ".txt"
02-19 22:56:55 I/LogFileSaver: Saved log file /home/simon/android-cts/tools/../../android-cts/logs/2026.02.19_22.56.05/inv_10448709666170630973/host_adb_log_14294647314057548036.txt. [size=93280, elapsed=1ms]
02-19 22:56:55 D/CertificationSuiteResultReporter: Saved logs for host_adb_log in /home/simon/android-cts/tools/../../android-cts/logs/2026.02.19_22.56.05/inv_10448709666170630973/host_adb_log_14294647314057548036.txt
02-19 22:56:55 D/LogFileSaver: Log data for host_adb_log is already compressed, skipping compression
02-19 22:56:55 D/FileUtil: Creating temp file at /tmp/13033356/cts/inv_17232359672059617638/inv_5414508406574815813 with prefix "host_adb_log_" suffix ".txt"
02-19 22:56:55 I/LogFileSaver: Saved log file /tmp/13033356/cts/inv_17232359672059617638/inv_5414508406574815813/host_adb_log_14361641479344306793.txt. [size=93280, elapsed=0ms]
02-19 22:56:55 D/LogFileSaver: Log data for device_logcat_teardown_27161FDH20031X is already compressed, skipping compression
02-19 22:56:55 D/FileUtil: Creating temp file at /home/simon/android-cts/tools/../../android-cts/logs/2026.02.19_22.56.05/inv_10448709666170630973 with prefix "device_logcat_teardown_27161FDH20031X_" suffix ".txt"
02-19 22:56:55 I/LogFileSaver: Saved log file /home/simon/android-cts/tools/../../android-cts/logs/2026.02.19_22.56.05/inv_10448709666170630973/device_logcat_teardown_27161FDH20031X_12056846887433540844.txt. [size=2875, elapsed=0ms]
02-19 22:56:55 D/CertificationSuiteResultReporter: Saved logs for device_logcat_teardown_27161FDH20031X in /home/simon/android-cts/tools/../../android-cts/logs/2026.02.19_22.56.05/inv_10448709666170630973/device_logcat_teardown_27161FDH20031X_12056846887433540844.txt
02-19 22:56:55 D/LogFileSaver: Log data for device_logcat_teardown_27161FDH20031X is already compressed, skipping compression
02-19 22:56:55 D/FileUtil: Creating temp file at /tmp/13033356/cts/inv_17232359672059617638/inv_5414508406574815813 with prefix "device_logcat_teardown_27161FDH20031X_" suffix ".txt"
02-19 22:56:55 I/LogFileSaver: Saved log file /tmp/13033356/cts/inv_17232359672059617638/inv_5414508406574815813/device_logcat_teardown_27161FDH20031X_1657666440047627767.txt. [size=2875, elapsed=0ms]
02-19 22:56:55 I/TestInvocation: Done stopping logcat for 27161FDH20031X
02-19 22:56:55 D/BackgroundDeviceAction: com.android.ddmlib.TimeoutException while running logcat on 27161FDH20031X. May see duplicated content in log.
02-19 22:56:55 D/BackgroundDeviceAction: Waiting for device 27161FDH20031X online before starting.
02-19 22:56:55 D/CommandScheduler: TestDeviceState for releasing '27161FDH20031X(class com.android.tradefed.device.TestDevice)' is 'ONLINE'
02-19 22:56:55 I/NativeDeviceStateMonitor: Waiting 30000 ms for device 27161FDH20031X shell to be responsive
02-19 22:56:55 I/NativeDeviceStateMonitor: shell ready. id output: uid=2000(shell) gid=2000(shell) groups=2000(shell),1004(input),1007(log),1011(adb),1015(sdcard_rw),1028(sdcard_r),1078(ext_data_rw),1079(ext_obb_rw),3001(net_bt_admin),3002(net_bt),3003(inet),3006(net_bw_stats),3009(readproc),3011(uhid),3012(readtracefs) context=u:r:shell:s0

02-19 22:56:55 D/CommandScheduler: Release map of the devices: {com.android.tradefed.device.TestDevice@134f7559=AVAILABLE}
02-19 22:56:55 W/NativeDevice: Attempting to stop logcat when not capturing for 27161FDH20031X
02-19 22:56:55 D/TestDevice: No snapuserd notification in progress for BLOCK_BEFORE_RELEASING
