02-21 23:10:04 D/Configuration: Resolve and download remote files from @Option
02-21 23:10:04 I/TestInvocation: Invocation was started with cmd: cts -m CtsDisplayTestCases -t android.display.cts.DisplayTest#testGetDisplayAttrs -s 27161FDH20031X
02-21 23:10:04 D/InvocationExecution: Skip linking external directory as FileProperty was set.
02-21 23:10:04 D/RunUtil: Running command [adb, version] with timeout: 2m 0s
02-21 23:10:04 D/TestInvocation: Fetch build duration: 4 ms
02-21 23:10:04 D/ArtifactsAnalyzer: Build analysis report: BuildAnalysis [mDeviceImageChanged=true, mHasTestsArtifacts=true, mHasChangesInTests=false, imageDigests={}]
02-21 23:10:04 D/ArtifactsAnalyzer: Analysis report after test analysis: BuildAnalysis [mDeviceImageChanged=true, mHasTestsArtifacts=true, mHasChangesInTests=true, imageDigests={}]
02-21 23:10:04 D/RunUtil: Running command [adb, -s, 27161FDH20031X, shell, getprop, ro.build.version.sdk] with timeout: 45s
02-21 23:10:04 D/GlobalTestFilter: Setting up global filters
02-21 23:10:04 D/BackgroundDeviceAction: Waiting for device 27161FDH20031X online before starting.
02-21 23:10:04 D/InvocationExecution: IShardHelper selected: com.android.tradefed.invoker.shard.StrictShardHelper@73b8ca7a
02-21 23:10:04 D/BackgroundDeviceAction: Device 27161FDH20031X now online.
02-21 23:10:04 D/BackgroundDeviceAction: Starting logcat for 27161FDH20031X.
02-21 23:10:04 I/TestInvocation: Starting invocation for 'cts' with '[ DeviceBuildInfo{bid=13033356, serial=27161FDH20031X} on device '27161FDH20031X'] 
02-21 23:10:04 D/FileUtil: Creating temp directory at /tmp/13033356/cts with prefix "inv_"
02-21 23:10:04 D/RunUtil: Running command [chmod, ug+rwx, /tmp/13033356/cts/inv_15299213713728936886] with timeout: 10s
02-21 23:10:04 D/FileSystemLogSaver: Using log file directory /tmp/13033356/cts/inv_15299213713728936886
02-21 23:10:04 D/FileUtil: Creating temp directory at /tmp/13033356/cts/inv_15299213713728936886 with prefix "inv_"
02-21 23:10:04 I/LogFileSaver: Using log file directory /tmp/13033356/cts/inv_15299213713728936886/inv_11069800983361484480
02-21 23:10:04 D/CompatibilityProtoResultReporter: Proto Results Directory: /home/simon/android-cts/tools/../../android-cts/results/2026.02.21_23.10.04/proto
02-21 23:10:04 D/FileUtil: Creating temp file at /home/simon/android-cts/tools/../../android-cts/results/2026.02.21_23.10.04/proto with prefix "tmp-proto" suffix ""
02-21 23:10:04 D/CompatibilityProtoResultReporter: Proto Results Directory: /home/simon/android-cts/tools/../../android-cts/results/2026.02.21_23.10.04/proto
02-21 23:10:04 D/CertificationSuiteResultReporter: Initializing result directory
02-21 23:10:04 D/CertificationSuiteResultReporter: Results Directory: /home/simon/android-cts/tools/../../android-cts/results/2026.02.21_23.10.04
02-21 23:10:04 D/CertificationSuiteResultReporter: Created log dir /home/simon/android-cts/tools/../../android-cts/logs/2026.02.21_23.10.04
02-21 23:10:04 D/FileUtil: Creating temp directory at /home/simon/android-cts/tools/../../android-cts/logs/2026.02.21_23.10.04 with prefix "inv_"
02-21 23:10:04 I/LogFileSaver: Using log file directory /home/simon/android-cts/tools/../../android-cts/logs/2026.02.21_23.10.04/inv_9433158287727923421
02-21 23:10:04 D/LogFileSaver: Log data for tradefed-expanded-config is already compressed, skipping compression
02-21 23:10:04 D/FileUtil: Creating temp file at /home/simon/android-cts/tools/../../android-cts/logs/2026.02.21_23.10.04/inv_9433158287727923421 with prefix "tradefed-expanded-config_" suffix ".xml"
02-21 23:10:04 I/LogFileSaver: Saved log file /home/simon/android-cts/tools/../../android-cts/logs/2026.02.21_23.10.04/inv_9433158287727923421/tradefed-expanded-config_13798339069269056042.xml. [size=58763, elapsed=0ms]
02-21 23:10:04 D/CertificationSuiteResultReporter: Saved logs for tradefed-expanded-config in /home/simon/android-cts/tools/../../android-cts/logs/2026.02.21_23.10.04/inv_9433158287727923421/tradefed-expanded-config_13798339069269056042.xml
02-21 23:10:04 D/LogFileSaver: Log data for tradefed-expanded-config is already compressed, skipping compression
02-21 23:10:04 D/FileUtil: Creating temp file at /tmp/13033356/cts/inv_15299213713728936886/inv_11069800983361484480 with prefix "tradefed-expanded-config_" suffix ".xml"
02-21 23:10:04 I/LogFileSaver: Saved log file /tmp/13033356/cts/inv_15299213713728936886/inv_11069800983361484480/tradefed-expanded-config_1165643019471760726.xml. [size=58763, elapsed=0ms]
02-21 23:10:04 D/InvocationExecution: Starting device pre invocation setup for : '27161FDH20031X'
02-21 23:10:04 D/DefaultConnection: Instance type for connection: GCE
02-21 23:10:04 D/DefaultConnection: Instance type for connection: GCE
02-21 23:10:04 D/NativeDevice: Using connection: com.android.tradefed.device.connection.DefaultConnection@7b76e9ab (27161FDH20031X)
02-21 23:10:04 I/CommandInterrupter: Interrupt allowed
02-21 23:10:04 D/InvocationExecution: Starting setup for device: '27161FDH20031X'
02-21 23:10:04 D/InvocationExecution: starting preparer 'com.android.compatibility.common.tradefed.targetprep.DeviceFileCollector@35beb06a' on device: '27161FDH20031X'
02-21 23:10:04 D/RunUtil: Running command [adb, -s, 27161FDH20031X, shell, getprop, ro.treble.enabled] with timeout: 45s
02-21 23:10:04 D/NativeDevice: Using 'ls' to check doesFileExist(/sys/fs/selinux/policy)
02-21 23:10:04 D/RunUtil: Running command [adb, -s, 27161FDH20031X, shell, ls, '/sys/fs/selinux/policy'] with timeout: 2m 0s
02-21 23:10:04 D/InvocationExecution: done with preparer 'com.android.compatibility.common.tradefed.targetprep.DeviceFileCollector@35beb06a' on device: '27161FDH20031X' in 134 ms
02-21 23:10:04 D/InvocationExecution: starting preparer 'com.android.compatibility.common.tradefed.targetprep.DeviceFileCollector@404c1274' on device: '27161FDH20031X'
02-21 23:10:04 D/NativeDevice: Using property ro.treble.enabled=true from cache.
02-21 23:10:04 D/NativeDevice: Using 'ls' to check doesFileExist(/proc/config.gz)
02-21 23:10:04 D/RunUtil: Running command [adb, -s, 27161FDH20031X, shell, ls, '/proc/config.gz'] with timeout: 2m 0s
02-21 23:10:04 D/InvocationExecution: done with preparer 'com.android.compatibility.common.tradefed.targetprep.DeviceFileCollector@404c1274' on device: '27161FDH20031X' in 78 ms
02-21 23:10:04 D/InvocationExecution: starting preparer 'com.android.compatibility.common.tradefed.targetprep.DynamicConfigPusher@e986115' on device: '27161FDH20031X'
02-21 23:10:04 I/UrlReplacement: UrlReplacement file [/home/simon/android-cts/tools/UrlReplacement.xml] does not exist
02-21 23:10:04 D/InvocationExecution: done with preparer 'com.android.compatibility.common.tradefed.targetprep.DynamicConfigPusher@e986115' on device: '27161FDH20031X' in 176 ms
02-21 23:10:04 D/InvocationExecution: starting preparer 'com.android.compatibility.common.tradefed.targetprep.StayAwakePreparer@74c31c3' on device: '27161FDH20031X'
02-21 23:10:04 D/SettingsPreparer: Changing value for stay_on_while_plugged_in from 0 to 7
02-21 23:10:05 D/InvocationExecution: done with preparer 'com.android.compatibility.common.tradefed.targetprep.StayAwakePreparer@74c31c3' on device: '27161FDH20031X' in 253 ms
02-21 23:10:05 D/InvocationExecution: starting preparer 'com.android.compatibility.common.tradefed.targetprep.PackageDisabler@775c6ac8' on device: '27161FDH20031X'
02-21 23:10:05 D/InvocationExecution: done with preparer 'com.android.compatibility.common.tradefed.targetprep.PackageDisabler@775c6ac8' on device: '27161FDH20031X' in 187 ms
02-21 23:10:05 D/InvocationExecution: starting preparer 'com.android.compatibility.common.tradefed.targetprep.SettingsPreparer@7fe3d843' on device: '27161FDH20031X'
02-21 23:10:05 D/SettingsPreparer: Setting verifier_verify_adb_installs to value 0
02-21 23:10:05 D/InvocationExecution: done with preparer 'com.android.compatibility.common.tradefed.targetprep.SettingsPreparer@7fe3d843' on device: '27161FDH20031X' in 91 ms
02-21 23:10:05 D/InvocationExecution: starting preparer 'com.android.compatibility.common.tradefed.targetprep.SettingsPreparer@382bc4d' on device: '27161FDH20031X'
02-21 23:10:05 D/SettingsPreparer: Setting hide_error_dialogs to value 1
02-21 23:10:05 D/InvocationExecution: done with preparer 'com.android.compatibility.common.tradefed.targetprep.SettingsPreparer@382bc4d' on device: '27161FDH20031X' in 102 ms
02-21 23:10:05 D/InvocationExecution: starting preparer 'com.android.compatibility.common.tradefed.targetprep.ApkPreconditionCheck@5c2526bf' on device: '27161FDH20031X'
02-21 23:10:05 I/NativeDeviceStateMonitor: Device 27161FDH20031X is already ONLINE
02-21 23:10:05 I/NativeDeviceStateMonitor: Waiting 359999 ms for device 27161FDH20031X boot complete
02-21 23:10:05 I/DeviceStateMonitor: Waiting 359923 ms for device 27161FDH20031X package manager
02-21 23:10:05 I/NativeDeviceStateMonitor: Waiting 359802 ms for device 27161FDH20031X external store
02-21 23:10:06 I/ApkInstrumentationPreparer: Instrumenting package: com.android.preconditions.cts
02-21 23:10:06 D/NativeDevice: Using property ro.build.version.sdk=34 from cache.
02-21 23:10:06 D/NativeDevice: Using property ro.build.version.sdk=34 from cache.
02-21 23:10:06 D/RunUtil: Running command [adb, -s, 27161FDH20031X, shell, getprop, ro.build.version.codename] with timeout: 45s
02-21 23:10:06 D/RunUtil: Running command [adb, -s, 27161FDH20031X, shell, getprop] with timeout: 45s
02-21 23:10:06 D/NativeDevice: Using property ro.build.version.sdk=34 from cache.
02-21 23:10:06 D/RunUtil: Running command [adb, -s, 27161FDH20031X, shell, pm, list, features] with timeout: 2m 0s
02-21 23:10:06 D/NativeDevice: Using property ro.build.version.sdk=34 from cache.
02-21 23:10:06 D/NativeDevice: Using property ro.build.version.codename=REL from cache.
02-21 23:10:06 D/RunUtil: Running command [aapt2, dump, badging, /tmp/services10388290437858104169.apk] with timeout: 1m 0s
02-21 23:10:06 D/RunUtil: Running command [aapt2, dump, xmltree, /tmp/services10388290437858104169.apk, --file, AndroidManifest.xml] with timeout: 1m 0s
02-21 23:10:06 D/TestAppInstallSetup: Installing apk androidx.test.services with [/tmp/services10388290437858104169.apk] ...
02-21 23:10:06 D/NativeDevice: Using property ro.build.version.sdk=34 from cache.
02-21 23:10:06 D/RunUtil: Running command [aapt, dump, badging, /tmp/services10388290437858104169.apk] with timeout: 1m 0s
02-21 23:10:06 D/RunUtil: Running command [aapt, dump, xmltree, /tmp/services10388290437858104169.apk, AndroidManifest.xml] with timeout: 1m 0s
02-21 23:10:06 D/NativeDevice: Using property ro.build.version.sdk=34 from cache.
02-21 23:10:06 D/RunUtil: Running command [adb, -s, 27161FDH20031X, shell, appops, set, --user, 0, --uid, androidx.test.services, MANAGE_EXTERNAL_STORAGE, 0] with timeout: 2m 0s
02-21 23:10:06 D/RunUtil: Running command [adb, -s, 27161FDH20031X, shell, appops, write-settings] with timeout: 2m 0s
02-21 23:10:07 D/RunUtil: Running command [adb, -s, 27161FDH20031X, shell, dumpsys, deviceidle, whitelist, +androidx.test.services] with timeout: 2m 0s
02-21 23:10:07 D/AndroidJUnitTest: stdout: Added: androidx.test.services

stderr: 
02-21 23:10:07 D/NativeDevice: Using property ro.build.version.sdk=34 from cache.
02-21 23:10:07 D/NativeDevice: Using property ro.build.version.codename=REL from cache.
02-21 23:10:07 D/NativeDevice: Using property ro.build.version.sdk=34 from cache.
02-21 23:10:07 D/RunUtil: Running command [aapt, dump, badging, /home/simon/android-cts/tools/../../android-cts/testcases/CtsPreconditions/arm64/CtsPreconditions.apk] with timeout: 1m 0s
02-21 23:10:07 D/RunUtil: Running command [aapt, dump, xmltree, /home/simon/android-cts/tools/../../android-cts/testcases/CtsPreconditions/arm64/CtsPreconditions.apk, AndroidManifest.xml] with timeout: 1m 0s
02-21 23:10:07 D/RunUtil: Running command [adb, -s, 27161FDH20031X, shell, appops, write-settings] with timeout: 2m 0s
02-21 23:10:07 D/ListInstrumentationParser: instrumentation:com.android.preconditions.cts/androidx.test.runner.AndroidJUnitRunner (target=com.android.preconditions.cts)
02-21 23:10:07 D/ListInstrumentationParser: 
02-21 23:10:07 I/InstrumentationTest: No runner name specified. Using: androidx.test.runner.AndroidJUnitRunner.
02-21 23:10:07 D/NativeDevice: Using property ro.build.version.sdk=34 from cache.
02-21 23:10:07 D/NativeDevice: Using property ro.build.version.sdk=34 from cache.
02-21 23:10:07 D/InstrumentationTest: Initializing com.android.tradefed.device.metric.CountTestCasesCollector for instrumentation.
02-21 23:10:07 I/RemoteAndroidTestRunner: Running am instrument -w -r --no-isolated-storage  -e useTestStorageService true -e newRunListenerMode true -e timeout_msec 300000 com.android.preconditions.cts/androidx.test.runner.AndroidJUnitRunner on google-aosp_on_panther-27161FDH20031X
02-21 23:10:08 D/TestDevice: Uninstalling com.android.preconditions.cts with extra args 
02-21 23:10:08 D/TestDevice: Uninstalling androidx.test.services with extra args 
02-21 23:10:08 D/ApkInstrumentationPreparer: Target preparation successful
02-21 23:10:08 D/InvocationExecution: done with preparer 'com.android.compatibility.common.tradefed.targetprep.ApkPreconditionCheck@5c2526bf' on device: '27161FDH20031X' in 3s
02-21 23:10:08 D/InvocationExecution: starting preparer 'com.android.compatibility.common.tradefed.targetprep.WifiCheck@c614886' on device: '27161FDH20031X'
02-21 23:10:08 I/NativeDeviceStateMonitor: Device 27161FDH20031X is already ONLINE
02-21 23:10:08 I/NativeDeviceStateMonitor: Waiting 360000 ms for device 27161FDH20031X boot complete
02-21 23:10:08 I/DeviceStateMonitor: Waiting 359959 ms for device 27161FDH20031X package manager
02-21 23:10:08 I/NativeDeviceStateMonitor: Waiting 359924 ms for device 27161FDH20031X external store
02-21 23:10:09 D/NativeDevice: Using property ro.build.version.sdk=34 from cache.
02-21 23:10:09 D/NativeDevice: Using property ro.build.version.codename=REL from cache.
02-21 23:10:09 D/NativeDevice: Using property ro.build.version.sdk=34 from cache.
02-21 23:10:09 D/RunUtil: Running command [aapt, dump, badging, /tmp/WifiUtil.apk9745521985447411859.apk] with timeout: 1m 0s
02-21 23:10:09 D/RunUtil: Running command [aapt, dump, xmltree, /tmp/WifiUtil.apk9745521985447411859.apk, AndroidManifest.xml] with timeout: 1m 0s
02-21 23:10:09 D/RunUtil: Running command [adb, -s, 27161FDH20031X, shell, appops, write-settings] with timeout: 2m 0s
02-21 23:10:10 I/WifiCheck: Wifi is connected
02-21 23:10:10 D/InvocationExecution: done with preparer 'com.android.compatibility.common.tradefed.targetprep.WifiCheck@c614886' on device: '27161FDH20031X' in 1s
02-21 23:10:10 D/InvocationExecution: starting preparer 'com.android.tradefed.targetprep.RunCommandTargetPreparer@8b02285' on device: '27161FDH20031X'
02-21 23:10:10 D/RunUtil: Running command [adb, -s, 27161FDH20031X, shell, rm, -rf, /sdcard/device-info-files] with timeout: 2m 0s
02-21 23:10:10 D/RunUtil: Running command [adb, -s, 27161FDH20031X, shell, rm, -rf, /sdcard/report-log-files] with timeout: 2m 0s
02-21 23:10:10 D/RunUtil: Running command [adb, -s, 27161FDH20031X, shell, locksettings, set-disabled, true] with timeout: 2m 0s
02-21 23:10:10 D/InvocationExecution: done with preparer 'com.android.tradefed.targetprep.RunCommandTargetPreparer@8b02285' on device: '27161FDH20031X' in 194 ms
02-21 23:10:10 D/InvocationExecution: starting preparer 'com.android.compatibility.common.tradefed.targetprep.DeviceInfoCollector@cf1d980' on device: '27161FDH20031X'
02-21 23:10:10 D/RunUtil: Running command [adb, -s, 27161FDH20031X, shell, getprop, ro.product.model] with timeout: 45s
02-21 23:10:10 D/RunUtil: Running command [adb, -s, 27161FDH20031X, shell, getprop, ro.product.device] with timeout: 45s
02-21 23:10:10 D/NativeDevice: Using property ro.build.id=AP2A.240905.003 from cache.
02-21 23:10:10 D/RunUtil: Running command [adb, -s, 27161FDH20031X, shell, getprop, ro.bootimage.build.fingerprint] with timeout: 45s
02-21 23:10:10 D/NativeDevice: Using property ro.build.version.sdk=34 from cache.
02-21 23:10:10 D/RunUtil: Running command [adb, -s, 27161FDH20031X, shell, getprop, ro.product.manufacturer] with timeout: 45s
02-21 23:10:10 D/RunUtil: Running command [adb, -s, 27161FDH20031X, shell, getprop, ro.serialno] with timeout: 45s
02-21 23:10:10 D/RunUtil: Running command [adb, -s, 27161FDH20031X, shell, getprop, ro.build.version.security_patch] with timeout: 45s
02-21 23:10:10 D/RunUtil: Running command [adb, -s, 27161FDH20031X, shell, getprop, ro.product.cpu.abilist32] with timeout: 45s
02-21 23:10:10 D/RunUtil: Running command [adb, -s, 27161FDH20031X, shell, getprop, ro.build.reference.fingerprint] with timeout: 45s
02-21 23:10:10 D/RunUtil: Running command [adb, -s, 27161FDH20031X, shell, getprop, ro.product.cpu.abi] with timeout: 45s
02-21 23:10:10 D/RunUtil: Running command [adb, -s, 27161FDH20031X, shell, getprop, ro.product.cpu.abilist64] with timeout: 45s
02-21 23:10:10 D/RunUtil: Running command [adb, -s, 27161FDH20031X, shell, getprop, ro.product.name] with timeout: 45s
02-21 23:10:10 D/RunUtil: Running command [adb, -s, 27161FDH20031X, shell, getprop, ro.build.tags] with timeout: 45s
02-21 23:10:10 D/RunUtil: Running command [adb, -s, 27161FDH20031X, shell, getprop, ro.build.version.incremental] with timeout: 45s
02-21 23:10:10 D/RunUtil: Running command [adb, -s, 27161FDH20031X, shell, getprop, ro.product.brand] with timeout: 45s
02-21 23:10:11 D/RunUtil: Running command [adb, -s, 27161FDH20031X, shell, getprop, ro.build.fingerprint] with timeout: 45s
02-21 23:10:11 D/RunUtil: Running command [adb, -s, 27161FDH20031X, shell, getprop, ro.vendor.build.fingerprint] with timeout: 45s
02-21 23:10:11 D/RunUtil: Running command [adb, -s, 27161FDH20031X, shell, getprop, ro.build.version.base_os] with timeout: 45s
02-21 23:10:11 D/RunUtil: Running command [adb, -s, 27161FDH20031X, shell, getprop, ro.product.cpu.abilist] with timeout: 45s
02-21 23:10:11 D/RunUtil: Running command [adb, -s, 27161FDH20031X, shell, getprop, ro.product.board] with timeout: 45s
02-21 23:10:11 D/RunUtil: Running command [adb, -s, 27161FDH20031X, shell, getprop, ro.build.type] with timeout: 45s
02-21 23:10:11 D/RunUtil: Running command [adb, -s, 27161FDH20031X, shell, getprop, ro.build.version.release] with timeout: 45s
02-21 23:10:11 D/RunUtil: Running command [adb, -s, 27161FDH20031X, shell, getprop, ro.product.cpu.abi2] with timeout: 45s
02-21 23:10:11 I/NativeDeviceStateMonitor: Device 27161FDH20031X is already ONLINE
02-21 23:10:11 I/NativeDeviceStateMonitor: Waiting 360000 ms for device 27161FDH20031X boot complete
02-21 23:10:11 I/DeviceStateMonitor: Waiting 359935 ms for device 27161FDH20031X package manager
02-21 23:10:11 I/NativeDeviceStateMonitor: Waiting 359834 ms for device 27161FDH20031X external store
02-21 23:10:12 I/ApkInstrumentationPreparer: Instrumenting package: com.android.compatibility.common.deviceinfo
02-21 23:10:12 D/NativeDevice: Using property ro.build.version.sdk=34 from cache.
02-21 23:10:12 D/NativeDevice: Using property ro.build.version.sdk=34 from cache.
02-21 23:10:12 D/NativeDevice: Using property ro.build.version.codename=REL from cache.
02-21 23:10:12 D/NativeDevice: Using property ro.build.version.sdk=34 from cache.
02-21 23:10:12 D/RunUtil: Running command [adb, -s, 27161FDH20031X, shell, pm, list, features] with timeout: 2m 0s
02-21 23:10:12 D/NativeDevice: Using property ro.build.version.sdk=34 from cache.
02-21 23:10:12 D/NativeDevice: Using property ro.build.version.codename=REL from cache.
02-21 23:10:12 D/RunUtil: Running command [aapt2, dump, badging, /tmp/services4890099274175190572.apk] with timeout: 1m 0s
02-21 23:10:12 D/RunUtil: Running command [aapt2, dump, xmltree, /tmp/services4890099274175190572.apk, --file, AndroidManifest.xml] with timeout: 1m 0s
02-21 23:10:12 D/TestAppInstallSetup: Installing apk androidx.test.services with [/tmp/services4890099274175190572.apk] ...
02-21 23:10:12 D/NativeDevice: Using property ro.build.version.sdk=34 from cache.
02-21 23:10:12 D/RunUtil: Running command [aapt, dump, badging, /tmp/services4890099274175190572.apk] with timeout: 1m 0s
02-21 23:10:12 D/RunUtil: Running command [aapt, dump, xmltree, /tmp/services4890099274175190572.apk, AndroidManifest.xml] with timeout: 1m 0s
02-21 23:10:12 D/NativeDevice: Using property ro.build.version.sdk=34 from cache.
02-21 23:10:12 D/RunUtil: Running command [adb, -s, 27161FDH20031X, shell, appops, set, --user, 0, --uid, androidx.test.services, MANAGE_EXTERNAL_STORAGE, 0] with timeout: 2m 0s
02-21 23:10:12 D/RunUtil: Running command [adb, -s, 27161FDH20031X, shell, appops, write-settings] with timeout: 2m 0s
02-21 23:10:12 D/RunUtil: Running command [adb, -s, 27161FDH20031X, shell, dumpsys, deviceidle, whitelist, +androidx.test.services] with timeout: 2m 0s
02-21 23:10:12 D/AndroidJUnitTest: stdout: Added: androidx.test.services

stderr: 
02-21 23:10:12 D/NativeDevice: Using property ro.build.version.sdk=34 from cache.
02-21 23:10:12 D/NativeDevice: Using property ro.build.version.codename=REL from cache.
02-21 23:10:12 D/NativeDevice: Using property ro.build.version.sdk=34 from cache.
02-21 23:10:13 D/RunUtil: Running command [aapt, dump, badging, /home/simon/android-cts/tools/../../android-cts/testcases/CtsDeviceInfo/arm64/CtsDeviceInfo.apk] with timeout: 1m 0s
02-21 23:10:13 D/RunUtil: Running command [aapt, dump, xmltree, /home/simon/android-cts/tools/../../android-cts/testcases/CtsDeviceInfo/arm64/CtsDeviceInfo.apk, AndroidManifest.xml] with timeout: 1m 0s
02-21 23:10:13 D/RunUtil: Running command [adb, -s, 27161FDH20031X, shell, appops, write-settings] with timeout: 2m 0s
02-21 23:10:13 D/ListInstrumentationParser: instrumentation:com.android.compatibility.common.deviceinfo/androidx.test.runner.AndroidJUnitRunner (target=com.android.compatibility.common.deviceinfo)
02-21 23:10:13 D/ListInstrumentationParser: instrumentation:com.android.tradefed.utils.wifi/.WifiUtil (target=com.android.tradefed.utils.wifi)
02-21 23:10:13 D/ListInstrumentationParser: 
02-21 23:10:13 I/InstrumentationTest: No runner name specified. Using: androidx.test.runner.AndroidJUnitRunner.
02-21 23:10:13 D/NativeDevice: Using property ro.build.version.sdk=34 from cache.
02-21 23:10:13 D/NativeDevice: Using property ro.build.version.sdk=34 from cache.
02-21 23:10:13 D/InstrumentationTest: Initializing com.android.tradefed.device.metric.CountTestCasesCollector for instrumentation.
02-21 23:10:13 I/RemoteAndroidTestRunner: Running am instrument -w -r --no-isolated-storage  -e useTestStorageService true -e newRunListenerMode true -e timeout_msec 300000 com.android.compatibility.common.deviceinfo/androidx.test.runner.AndroidJUnitRunner on google-aosp_on_panther-27161FDH20031X
02-21 23:10:26 D/TestDevice: Uninstalling com.android.compatibility.common.deviceinfo with extra args 
02-21 23:10:27 D/TestDevice: Uninstalling androidx.test.services with extra args 
02-21 23:10:27 W/ApkInstrumentationPreparer: Target preparation step com.android.compatibility.common.deviceinfo.KeystoreAttestationDeviceInfo#testCollectDeviceInfo failed.
junit.framework.AssertionFailedError: KeystoreAttestationDeviceInfo collection completed. expected:<COMPLETED> but was:<FAILED>
	at junit.framework.Assert.fail(Assert.java:50)
	at junit.framework.Assert.failNotEquals(Assert.java:287)
	at junit.framework.Assert.assertEquals(Assert.java:67)
	at com.android.compatibility.common.deviceinfo.DeviceInfo.testCollectDeviceInfo(DeviceInfo.java:112)
	at java.lang.reflect.Method.invoke(Native Method)
	at android.test.InstrumentationTestCase.runMethod(InstrumentationTestCase.java:220)
	at android.test.InstrumentationTestCase.runTest(InstrumentationTestCase.java:205)

02-21 23:10:27 D/NativeDevice: Using property ro.build.version.sdk=34 from cache.
02-21 23:10:27 D/NativeDevice: Using 'ls' to check doesFileExist(/storage/emulated/0/device-info-files/)
02-21 23:10:27 D/RunUtil: Running command [adb, -s, 27161FDH20031X, shell, ls, '/storage/emulated/0/device-info-files/'] with timeout: 2m 0s
02-21 23:10:28 D/FileUtil: Creating temp file at /tmp/13033356/cts/inv_15299213713728936886/inv_11069800983361484480 with prefix "ConfigurationDeviceInfo.deviceinfo.json_" suffix ".txt.gz"
02-21 23:10:28 I/LogFileSaver: Saved gzip log file /tmp/13033356/cts/inv_15299213713728936886/inv_11069800983361484480/ConfigurationDeviceInfo.deviceinfo.json_12405173667276214206.txt.gz. [size=10, elapsed=0ms]
02-21 23:10:28 D/FileUtil: Creating temp file at /tmp/13033356/cts/inv_15299213713728936886/inv_11069800983361484480 with prefix "StorageDeviceInfo.deviceinfo.json_" suffix ".txt.gz"
02-21 23:10:28 I/LogFileSaver: Saved gzip log file /tmp/13033356/cts/inv_15299213713728936886/inv_11069800983361484480/StorageDeviceInfo.deviceinfo.json_10527976813012603830.txt.gz. [size=10, elapsed=0ms]
02-21 23:10:28 D/FileUtil: Creating temp file at /home/simon/android-cts/tools/../../android-cts/logs/2026.02.21_23.10.04/inv_9433158287727923421 with prefix "framework_manifest.xml_" suffix ".txt.gz"
02-21 23:10:28 I/LogFileSaver: Saved gzip log file /home/simon/android-cts/tools/../../android-cts/logs/2026.02.21_23.10.04/inv_9433158287727923421/framework_manifest.xml_6556534599834070320.txt.gz. [size=10, elapsed=0ms]
02-21 23:10:28 D/CertificationSuiteResultReporter: Saved logs for framework_manifest.xml in /home/simon/android-cts/tools/../../android-cts/logs/2026.02.21_23.10.04/inv_9433158287727923421/framework_manifest.xml_6556534599834070320.txt.gz
02-21 23:10:28 D/FileUtil: Creating temp file at /tmp/13033356/cts/inv_15299213713728936886/inv_11069800983361484480 with prefix "framework_manifest.xml_" suffix ".txt.gz"
02-21 23:10:28 I/LogFileSaver: Saved gzip log file /tmp/13033356/cts/inv_15299213713728936886/inv_11069800983361484480/framework_manifest.xml_3187098489715920003.txt.gz. [size=10, elapsed=0ms]
02-21 23:10:28 D/FileUtil: Creating temp file at /home/simon/android-cts/tools/../../android-cts/logs/2026.02.21_23.10.04/inv_9433158287727923421 with prefix "device_compatibility_matrix.xml_" suffix ".txt.gz"
02-21 23:10:28 I/LogFileSaver: Saved gzip log file /home/simon/android-cts/tools/../../android-cts/logs/2026.02.21_23.10.04/inv_9433158287727923421/device_compatibility_matrix.xml_11059158371479800131.txt.gz. [size=10, elapsed=0ms]
02-21 23:10:28 D/CertificationSuiteResultReporter: Saved logs for device_compatibility_matrix.xml in /home/simon/android-cts/tools/../../android-cts/logs/2026.02.21_23.10.04/inv_9433158287727923421/device_compatibility_matrix.xml_11059158371479800131.txt.gz
02-21 23:10:28 D/FileUtil: Creating temp file at /tmp/13033356/cts/inv_15299213713728936886/inv_11069800983361484480 with prefix "device_compatibility_matrix.xml_" suffix ".txt.gz"
02-21 23:10:28 I/LogFileSaver: Saved gzip log file /tmp/13033356/cts/inv_15299213713728936886/inv_11069800983361484480/device_compatibility_matrix.xml_4019812499034012562.txt.gz. [size=10, elapsed=0ms]
02-21 23:10:28 D/FileUtil: Creating temp file at /tmp/13033356/cts/inv_15299213713728936886/inv_11069800983361484480 with prefix "UserDeviceInfo.deviceinfo.json_" suffix ".txt.gz"
02-21 23:10:28 I/LogFileSaver: Saved gzip log file /tmp/13033356/cts/inv_15299213713728936886/inv_11069800983361484480/UserDeviceInfo.deviceinfo.json_8863864191516780165.txt.gz. [size=10, elapsed=0ms]
02-21 23:10:28 D/FileUtil: Creating temp file at /tmp/13033356/cts/inv_15299213713728936886/inv_11069800983361484480 with prefix "MediaDeviceInfo.deviceinfo.json_" suffix ".txt.gz"
02-21 23:10:28 I/LogFileSaver: Saved gzip log file /tmp/13033356/cts/inv_15299213713728936886/inv_11069800983361484480/MediaDeviceInfo.deviceinfo.json_1837375450710644371.txt.gz. [size=10, elapsed=0ms]
02-21 23:10:28 D/FileUtil: Creating temp file at /home/simon/android-cts/tools/../../android-cts/logs/2026.02.21_23.10.04/inv_9433158287727923421 with prefix "device_manifest.xml_" suffix ".txt.gz"
02-21 23:10:28 I/LogFileSaver: Saved gzip log file /home/simon/android-cts/tools/../../android-cts/logs/2026.02.21_23.10.04/inv_9433158287727923421/device_manifest.xml_33684533402492552.txt.gz. [size=10, elapsed=0ms]
02-21 23:10:28 D/CertificationSuiteResultReporter: Saved logs for device_manifest.xml in /home/simon/android-cts/tools/../../android-cts/logs/2026.02.21_23.10.04/inv_9433158287727923421/device_manifest.xml_33684533402492552.txt.gz
02-21 23:10:28 D/FileUtil: Creating temp file at /tmp/13033356/cts/inv_15299213713728936886/inv_11069800983361484480 with prefix "device_manifest.xml_" suffix ".txt.gz"
02-21 23:10:28 I/LogFileSaver: Saved gzip log file /tmp/13033356/cts/inv_15299213713728936886/inv_11069800983361484480/device_manifest.xml_18201071436767999719.txt.gz. [size=10, elapsed=0ms]
02-21 23:10:28 D/FileUtil: Creating temp file at /tmp/13033356/cts/inv_15299213713728936886/inv_11069800983361484480 with prefix "KeystoreAttestationDeviceInfo.deviceinfo.json_" suffix ".txt.gz"
02-21 23:10:28 I/LogFileSaver: Saved gzip log file /tmp/13033356/cts/inv_15299213713728936886/inv_11069800983361484480/KeystoreAttestationDeviceInfo.deviceinfo.json_13192491745924611016.txt.gz. [size=10, elapsed=0ms]
02-21 23:10:28 D/FileUtil: Creating temp file at /tmp/13033356/cts/inv_15299213713728936886/inv_11069800983361484480 with prefix "MediaDrmDeviceInfo.deviceinfo.json_" suffix ".txt.gz"
02-21 23:10:28 I/LogFileSaver: Saved gzip log file /tmp/13033356/cts/inv_15299213713728936886/inv_11069800983361484480/MediaDrmDeviceInfo.deviceinfo.json_7140940316355851402.txt.gz. [size=10, elapsed=0ms]
02-21 23:10:28 D/FileUtil: Creating temp file at /tmp/13033356/cts/inv_15299213713728936886/inv_11069800983361484480 with prefix "CpuDeviceInfo.deviceinfo.json_" suffix ".txt.gz"
02-21 23:10:28 I/LogFileSaver: Saved gzip log file /tmp/13033356/cts/inv_15299213713728936886/inv_11069800983361484480/CpuDeviceInfo.deviceinfo.json_15168425065095393624.txt.gz. [size=10, elapsed=0ms]
02-21 23:10:28 D/FileUtil: Creating temp file at /tmp/13033356/cts/inv_15299213713728936886/inv_11069800983361484480 with prefix "ClientIdDeviceInfo.deviceinfo.json_" suffix ".txt.gz"
02-21 23:10:28 I/LogFileSaver: Saved gzip log file /tmp/13033356/cts/inv_15299213713728936886/inv_11069800983361484480/ClientIdDeviceInfo.deviceinfo.json_3202651386325985176.txt.gz. [size=10, elapsed=0ms]
02-21 23:10:28 D/FileUtil: Creating temp file at /tmp/13033356/cts/inv_15299213713728936886/inv_11069800983361484480 with prefix "VulkanDeviceInfo.deviceinfo.json_" suffix ".txt.gz"
02-21 23:10:28 I/LogFileSaver: Saved gzip log file /tmp/13033356/cts/inv_15299213713728936886/inv_11069800983361484480/VulkanDeviceInfo.deviceinfo.json_11014331499731862069.txt.gz. [size=10, elapsed=0ms]
02-21 23:10:28 D/FileUtil: Creating temp file at /tmp/13033356/cts/inv_15299213713728936886/inv_11069800983361484480 with prefix "ScreenDeviceInfo.deviceinfo.json_" suffix ".txt.gz"
02-21 23:10:28 I/LogFileSaver: Saved gzip log file /tmp/13033356/cts/inv_15299213713728936886/inv_11069800983361484480/ScreenDeviceInfo.deviceinfo.json_196854155776865178.txt.gz. [size=10, elapsed=0ms]
02-21 23:10:28 D/FileUtil: Creating temp file at /tmp/13033356/cts/inv_15299213713728936886/inv_11069800983361484480 with prefix "DefaultAppDeviceInfo.deviceinfo.json_" suffix ".txt.gz"
02-21 23:10:28 I/LogFileSaver: Saved gzip log file /tmp/13033356/cts/inv_15299213713728936886/inv_11069800983361484480/DefaultAppDeviceInfo.deviceinfo.json_17176759740327936071.txt.gz. [size=10, elapsed=0ms]
02-21 23:10:28 D/FileUtil: Creating temp file at /tmp/13033356/cts/inv_15299213713728936886/inv_11069800983361484480 with prefix "HapticsDeviceInfo.deviceinfo.json_" suffix ".txt.gz"
02-21 23:10:28 I/LogFileSaver: Saved gzip log file /tmp/13033356/cts/inv_15299213713728936886/inv_11069800983361484480/HapticsDeviceInfo.deviceinfo.json_14057768655912272635.txt.gz. [size=10, elapsed=0ms]
02-21 23:10:28 D/FileUtil: Creating temp file at /tmp/13033356/cts/inv_15299213713728936886/inv_11069800983361484480 with prefix "GenericDeviceInfo.deviceinfo.json_" suffix ".txt.gz"
02-21 23:10:28 I/LogFileSaver: Saved gzip log file /tmp/13033356/cts/inv_15299213713728936886/inv_11069800983361484480/GenericDeviceInfo.deviceinfo.json_7290890785409931879.txt.gz. [size=10, elapsed=1ms]
02-21 23:10:28 D/FileUtil: Creating temp file at /tmp/13033356/cts/inv_15299213713728936886/inv_11069800983361484480 with prefix "PackageDeviceInfo.deviceinfo.json_" suffix ".txt.gz"
02-21 23:10:28 I/LogFileSaver: Saved gzip log file /tmp/13033356/cts/inv_15299213713728936886/inv_11069800983361484480/PackageDeviceInfo.deviceinfo.json_13000565285584696783.txt.gz. [size=23681, elapsed=2ms]
02-21 23:10:28 D/FileUtil: Creating temp file at /tmp/13033356/cts/inv_15299213713728936886/inv_11069800983361484480 with prefix "VintfDeviceInfo.deviceinfo.json_" suffix ".txt.gz"
02-21 23:10:28 I/LogFileSaver: Saved gzip log file /tmp/13033356/cts/inv_15299213713728936886/inv_11069800983361484480/VintfDeviceInfo.deviceinfo.json_14049989975606547201.txt.gz. [size=10, elapsed=0ms]
02-21 23:10:28 D/FileUtil: Creating temp file at /tmp/13033356/cts/inv_15299213713728936886/inv_11069800983361484480 with prefix "DeviceIdleDeviceInfo.deviceinfo.json_" suffix ".txt.gz"
02-21 23:10:28 I/LogFileSaver: Saved gzip log file /tmp/13033356/cts/inv_15299213713728936886/inv_11069800983361484480/DeviceIdleDeviceInfo.deviceinfo.json_2435913234303835625.txt.gz. [size=10, elapsed=0ms]
02-21 23:10:28 D/FileUtil: Creating temp file at /tmp/13033356/cts/inv_15299213713728936886/inv_11069800983361484480 with prefix "SensorDeviceInfo.deviceinfo.json_" suffix ".txt.gz"
02-21 23:10:28 I/LogFileSaver: Saved gzip log file /tmp/13033356/cts/inv_15299213713728936886/inv_11069800983361484480/SensorDeviceInfo.deviceinfo.json_17489442235344233053.txt.gz. [size=10, elapsed=1ms]
02-21 23:10:28 D/FileUtil: Creating temp file at /tmp/13033356/cts/inv_15299213713728936886/inv_11069800983361484480 with prefix "MemoryDeviceInfo.deviceinfo.json_" suffix ".txt.gz"
02-21 23:10:28 I/LogFileSaver: Saved gzip log file /tmp/13033356/cts/inv_15299213713728936886/inv_11069800983361484480/MemoryDeviceInfo.deviceinfo.json_7477347529556926363.txt.gz. [size=10, elapsed=0ms]
02-21 23:10:28 D/FileUtil: Creating temp file at /tmp/13033356/cts/inv_15299213713728936886/inv_11069800983361484480 with prefix "ConnectivityDeviceInfo.deviceinfo.json_" suffix ".txt.gz"
02-21 23:10:28 I/LogFileSaver: Saved gzip log file /tmp/13033356/cts/inv_15299213713728936886/inv_11069800983361484480/ConnectivityDeviceInfo.deviceinfo.json_1746854839239508660.txt.gz. [size=10, elapsed=0ms]
02-21 23:10:28 D/FileUtil: Creating temp file at /tmp/13033356/cts/inv_15299213713728936886/inv_11069800983361484480 with prefix "BiometricsDeviceInfo.deviceinfo.json_" suffix ".txt.gz"
02-21 23:10:28 I/LogFileSaver: Saved gzip log file /tmp/13033356/cts/inv_15299213713728936886/inv_11069800983361484480/BiometricsDeviceInfo.deviceinfo.json_1576525961219591994.txt.gz. [size=10, elapsed=0ms]
02-21 23:10:28 D/FileUtil: Creating temp file at /tmp/13033356/cts/inv_15299213713728936886/inv_11069800983361484480 with prefix "LocaleDeviceInfo.deviceinfo.json_" suffix ".txt.gz"
02-21 23:10:28 I/LogFileSaver: Saved gzip log file /tmp/13033356/cts/inv_15299213713728936886/inv_11069800983361484480/LocaleDeviceInfo.deviceinfo.json_16416769303550302209.txt.gz. [size=10, elapsed=0ms]
02-21 23:10:28 D/FileUtil: Creating temp file at /tmp/13033356/cts/inv_15299213713728936886/inv_11069800983361484480 with prefix "GraphicsDeviceInfo.deviceinfo.json_" suffix ".txt.gz"
02-21 23:10:28 I/LogFileSaver: Saved gzip log file /tmp/13033356/cts/inv_15299213713728936886/inv_11069800983361484480/GraphicsDeviceInfo.deviceinfo.json_11345142532409296832.txt.gz. [size=10, elapsed=0ms]
02-21 23:10:28 D/FileUtil: Creating temp file at /tmp/13033356/cts/inv_15299213713728936886/inv_11069800983361484480 with prefix "AppStandbyDeviceInfo.deviceinfo.json_" suffix ".txt.gz"
02-21 23:10:28 I/LogFileSaver: Saved gzip log file /tmp/13033356/cts/inv_15299213713728936886/inv_11069800983361484480/AppStandbyDeviceInfo.deviceinfo.json_18290826613620160692.txt.gz. [size=10, elapsed=0ms]
02-21 23:10:28 D/FileUtil: Creating temp file at /home/simon/android-cts/tools/../../android-cts/logs/2026.02.21_23.10.04/inv_9433158287727923421 with prefix "framework_compatibility_matrix.xml_" suffix ".txt.gz"
02-21 23:10:28 I/LogFileSaver: Saved gzip log file /home/simon/android-cts/tools/../../android-cts/logs/2026.02.21_23.10.04/inv_9433158287727923421/framework_compatibility_matrix.xml_15268976165879661489.txt.gz. [size=10, elapsed=1ms]
02-21 23:10:28 D/CertificationSuiteResultReporter: Saved logs for framework_compatibility_matrix.xml in /home/simon/android-cts/tools/../../android-cts/logs/2026.02.21_23.10.04/inv_9433158287727923421/framework_compatibility_matrix.xml_15268976165879661489.txt.gz
02-21 23:10:28 D/FileUtil: Creating temp file at /tmp/13033356/cts/inv_15299213713728936886/inv_11069800983361484480 with prefix "framework_compatibility_matrix.xml_" suffix ".txt.gz"
02-21 23:10:28 I/LogFileSaver: Saved gzip log file /tmp/13033356/cts/inv_15299213713728936886/inv_11069800983361484480/framework_compatibility_matrix.xml_5599282017174279157.txt.gz. [size=10, elapsed=1ms]
02-21 23:10:28 D/FileUtil: Creating temp file at /tmp/13033356/cts/inv_15299213713728936886/inv_11069800983361484480 with prefix "FeatureDeviceInfo.deviceinfo.json_" suffix ".txt.gz"
02-21 23:10:28 I/LogFileSaver: Saved gzip log file /tmp/13033356/cts/inv_15299213713728936886/inv_11069800983361484480/FeatureDeviceInfo.deviceinfo.json_2951980636025578550.txt.gz. [size=10, elapsed=0ms]
02-21 23:10:28 D/FileUtil: Creating temp file at /tmp/13033356/cts/inv_15299213713728936886/inv_11069800983361484480 with prefix "InputDeviceInfo.deviceinfo.json_" suffix ".txt.gz"
02-21 23:10:28 I/LogFileSaver: Saved gzip log file /tmp/13033356/cts/inv_15299213713728936886/inv_11069800983361484480/InputDeviceInfo.deviceinfo.json_1534494191270770752.txt.gz. [size=10, elapsed=0ms]
02-21 23:10:28 D/FileUtil: Creating temp file at /tmp/13033356/cts/inv_15299213713728936886/inv_11069800983361484480 with prefix "MediaOutputDeviceInfo.deviceinfo.json_" suffix ".txt.gz"
02-21 23:10:28 I/LogFileSaver: Saved gzip log file /tmp/13033356/cts/inv_15299213713728936886/inv_11069800983361484480/MediaOutputDeviceInfo.deviceinfo.json_8213856326939790916.txt.gz. [size=10, elapsed=0ms]
02-21 23:10:28 D/FileUtil: Creating temp file at /tmp/13033356/cts/inv_15299213713728936886/inv_11069800983361484480 with prefix "GnssDeviceInfo.deviceinfo.json_" suffix ".txt.gz"
02-21 23:10:28 I/LogFileSaver: Saved gzip log file /tmp/13033356/cts/inv_15299213713728936886/inv_11069800983361484480/GnssDeviceInfo.deviceinfo.json_495070605627727970.txt.gz. [size=10, elapsed=0ms]
02-21 23:10:28 D/FileUtil: Creating temp file at /tmp/13033356/cts/inv_15299213713728936886/inv_11069800983361484480 with prefix "CameraDeviceInfo.deviceinfo.json_" suffix ".txt.gz"
02-21 23:10:28 I/LogFileSaver: Saved gzip log file /tmp/13033356/cts/inv_15299213713728936886/inv_11069800983361484480/CameraDeviceInfo.deviceinfo.json_6975814795522997963.txt.gz. [size=10, elapsed=1ms]
02-21 23:10:28 D/InvocationExecution: done with preparer 'com.android.compatibility.common.tradefed.targetprep.DeviceInfoCollector@cf1d980' on device: '27161FDH20031X' in 17s
02-21 23:10:28 D/InvocationExecution: starting preparer 'com.android.compatibility.common.tradefed.targetprep.ReportLogCollector@4f75677e' on device: '27161FDH20031X'
02-21 23:10:28 D/InvocationExecution: done with preparer 'com.android.compatibility.common.tradefed.targetprep.ReportLogCollector@4f75677e' on device: '27161FDH20031X' in 0 ms
02-21 23:10:28 D/InvocationExecution: starting preparer 'com.android.tradefed.targetprep.RunCommandTargetPreparer@3e974395' on device: '27161FDH20031X'
02-21 23:10:28 D/RunUtil: Running command [adb, -s, 27161FDH20031X, shell, settings, put, global, package_verifier_enable, 0] with timeout: 2m 0s
02-21 23:10:28 D/InvocationExecution: done with preparer 'com.android.tradefed.targetprep.RunCommandTargetPreparer@3e974395' on device: '27161FDH20031X' in 81 ms
02-21 23:10:28 D/InvocationExecution: starting preparer 'com.android.tradefed.targetprep.RunCommandTargetPreparer@78d4c8ca' on device: '27161FDH20031X'
02-21 23:10:28 D/RunUtil: Running command [adb, -s, 27161FDH20031X, shell, settings, put, global, verifier_engprod, 1] with timeout: 2m 0s
02-21 23:10:28 D/InvocationExecution: done with preparer 'com.android.tradefed.targetprep.RunCommandTargetPreparer@78d4c8ca' on device: '27161FDH20031X' in 46 ms
02-21 23:10:28 D/InvocationExecution: starting preparer 'com.android.compatibility.common.tradefed.targetprep.PropertyCheck@5f3a8cda' on device: '27161FDH20031X'
02-21 23:10:28 D/NativeDevice: Using property ro.build.type=userdebug from cache.
02-21 23:10:28 W/PropertyCheck: Expected "user" but found "userdebug" for property: ro.build.type
02-21 23:10:28 D/InvocationExecution: done with preparer 'com.android.compatibility.common.tradefed.targetprep.PropertyCheck@5f3a8cda' on device: '27161FDH20031X' in 0 ms
02-21 23:10:28 D/InvocationExecution: starting preparer 'com.android.compatibility.common.tradefed.targetprep.PropertyCheck@270c5a9a' on device: '27161FDH20031X'
02-21 23:10:28 D/RunUtil: Running command [adb, -s, 27161FDH20031X, shell, getprop, ro.product.locale] with timeout: 45s
02-21 23:10:28 D/InvocationExecution: done with preparer 'com.android.compatibility.common.tradefed.targetprep.PropertyCheck@270c5a9a' on device: '27161FDH20031X' in 34 ms
02-21 23:10:28 D/InvocationExecution: starting preparer 'com.android.compatibility.common.tradefed.targetprep.PropertyCheck@6d8cda42' on device: '27161FDH20031X'
02-21 23:10:28 D/RunUtil: Running command [adb, -s, 27161FDH20031X, shell, getprop, persist.sys.test_harness] with timeout: 45s
02-21 23:10:28 W/PropertyCheck: Property "persist.sys.test_harness" not found on device, cannot verify value "false" 
02-21 23:10:28 D/InvocationExecution: done with preparer 'com.android.compatibility.common.tradefed.targetprep.PropertyCheck@6d8cda42' on device: '27161FDH20031X' in 36 ms
02-21 23:10:28 D/InvocationExecution: Done with setup of device: '27161FDH20031X'
02-21 23:10:28 D/RunUtil: Running command [adb, -s, 27161FDH20031X, shell, uname, -a] with timeout: 2m 0s
02-21 23:10:28 I/InvocationExecution: Device 27161FDH20031X kernel information: 'Linux localhost 5.10.198-android13-4-00050-g12f3388846c3-ab11920634 #1 SMP PREEMPT Mon Jun 3 20:51:42 UTC 2024 aarch64 Toybox'
02-21 23:10:28 D/RunUtil: Running command [adb, -s, 27161FDH20031X, shell, getprop, ro.system.build.fingerprint] with timeout: 45s
02-21 23:10:28 I/InvocationExecution: Device 27161FDH20031X system image build information: 'Android/aosp_panther/panther:14/AP2A.240905.003/eng.simon.20260221.230516:userdebug/test-keys'
02-21 23:10:28 D/NativeDevice: Using property ro.vendor.build.fingerprint=Android/aosp_panther/panther:14/AP2A.240905.003/12231197:userdebug/test-keys from cache.
02-21 23:10:28 I/InvocationExecution: Device 27161FDH20031X vendor image build information: 'Android/aosp_panther/panther:14/AP2A.240905.003/12231197:userdebug/test-keys'
02-21 23:10:28 D/InvocationExecution: Total setup duration: 24s'
02-21 23:10:28 D/LogFileSaver: Log data for device_logcat_setup_27161FDH20031X is already compressed, skipping compression
02-21 23:10:28 D/FileUtil: Creating temp file at /home/simon/android-cts/tools/../../android-cts/logs/2026.02.21_23.10.04/inv_9433158287727923421 with prefix "device_logcat_setup_27161FDH20031X_" suffix ".txt"
02-21 23:10:28 I/LogFileSaver: Saved log file /home/simon/android-cts/tools/../../android-cts/logs/2026.02.21_23.10.04/inv_9433158287727923421/device_logcat_setup_27161FDH20031X_12411138095996789668.txt. [size=4871954, elapsed=2ms]
02-21 23:10:28 D/CertificationSuiteResultReporter: Saved logs for device_logcat_setup_27161FDH20031X in /home/simon/android-cts/tools/../../android-cts/logs/2026.02.21_23.10.04/inv_9433158287727923421/device_logcat_setup_27161FDH20031X_12411138095996789668.txt
02-21 23:10:28 D/LogFileSaver: Log data for device_logcat_setup_27161FDH20031X is already compressed, skipping compression
02-21 23:10:28 D/FileUtil: Creating temp file at /tmp/13033356/cts/inv_15299213713728936886/inv_11069800983361484480 with prefix "device_logcat_setup_27161FDH20031X_" suffix ".txt"
02-21 23:10:28 I/LogFileSaver: Saved log file /tmp/13033356/cts/inv_15299213713728936886/inv_11069800983361484480/device_logcat_setup_27161FDH20031X_14781908417737448379.txt. [size=4871954, elapsed=2ms]
02-21 23:10:28 D/TestDevice: No snapuserd notification in progress for BLOCK_BEFORE_TEST
02-21 23:10:28 D/PrettyPrintDelimiter: 
===============================
===== TEST PHASE STARTING =====
===============================
02-21 23:10:28 D/RunUtil: Running command [adb, -s, 27161FDH20031X, shell, cmd, device_state, print-states] with timeout: 2m 0s
02-21 23:10:28 D/NativeDevice: Using property ro.product.cpu.abilist=arm64-v8a from cache.
02-21 23:10:28 D/FileUtil: Creating temp file at /home/simon/android-cts/tools/../../android-cts/logs/2026.02.21_23.10.04/inv_9433158287727923421 with prefix "suite-exclude-filters8769635512549257498.txt_" suffix ".txt.gz"
02-21 23:10:28 I/LogFileSaver: Saved gzip log file /home/simon/android-cts/tools/../../android-cts/logs/2026.02.21_23.10.04/inv_9433158287727923421/suite-exclude-filters8769635512549257498.txt_7122064394598964561.txt.gz. [size=10, elapsed=0ms]
02-21 23:10:28 D/CertificationSuiteResultReporter: Saved logs for suite-exclude-filters8769635512549257498.txt in /home/simon/android-cts/tools/../../android-cts/logs/2026.02.21_23.10.04/inv_9433158287727923421/suite-exclude-filters8769635512549257498.txt_7122064394598964561.txt.gz
02-21 23:10:28 D/FileUtil: Creating temp file at /tmp/13033356/cts/inv_15299213713728936886/inv_11069800983361484480 with prefix "suite-exclude-filters8769635512549257498.txt_" suffix ".txt.gz"
02-21 23:10:28 I/LogFileSaver: Saved gzip log file /tmp/13033356/cts/inv_15299213713728936886/inv_11069800983361484480/suite-exclude-filters8769635512549257498.txt_17257988369938114481.txt.gz. [size=10, elapsed=0ms]
02-21 23:10:28 D/BaseTestSuite: Initializing ModuleRepo
ABIs:[{arm64-v8a, bitness=64}]
Test Args:[com.android.tradefed.testtype.AndroidJUnitTest:exclude-annotation:com.android.compatibility.common.util.CtsDownstreamingTest, com.android.compatibility.common.tradefed.testtype.JarHostTest:exclude-annotation:com.android.compatibility.common.util.CtsDownstreamingTest, com.android.tradefed.testtype.HostTest:exclude-annotation:com.android.compatibility.common.util.CtsDownstreamingTest, com.android.tradefed.testtype.AndroidJUnitTest:exclude-annotation:android.platform.test.annotations.AsbSecurityTest, com.android.compatibility.common.tradefed.testtype.JarHostTest:exclude-annotation:android.platform.test.annotations.AsbSecurityTest, com.android.tradefed.testtype.AndroidJUnitTest:exclude-annotation:android.platform.test.annotations.AppModeInstant, com.android.compatibility.common.tradefed.testtype.JarHostTest:exclude-annotation:android.platform.test.annotations.AppModeInstant, com.android.tradefed.testtype.HostTest:exclude-annotation:android.platform.test.annotations.AppModeInstant]
Module Args:[]
Includes: {arm64-v8a CtsDisplayTestCases=[CtsDisplayTestCases android.display.cts.DisplayTest#testGetDisplayAttrs], arm64-v8a CtsDisplayTestCases[instant]=[CtsDisplayTestCases[instant] android.display.cts.DisplayTest#testGetDisplayAttrs], arm64-v8a CtsDisplayTestCases[run-on-clone-profile]=[CtsDisplayTestCases[run-on-clone-profile] android.display.cts.DisplayTest#testGetDisplayAttrs], arm64-v8a CtsDisplayTestCases[run-on-secondary-user]=[CtsDisplayTestCases[run-on-secondary-user] android.display.cts.DisplayTest#testGetDisplayAttrs], arm64-v8a CtsDisplayTestCases[run-on-private-profile]=[CtsDisplayTestCases[run-on-private-profile] android.display.cts.DisplayTest#testGetDisplayAttrs], arm64-v8a CtsDisplayTestCases[run-on-work-profile]=[CtsDisplayTestCases[run-on-work-profile] android.display.cts.DisplayTest#testGetDisplayAttrs]}
Excludes: See suite-exclude-filters8769635512549257498.txt
02-21 23:10:28 D/BaseTestSuite: Foldable states: [foldable:0:DEFAULT]
02-21 23:10:28 D/BaseTestSuite: Loading tests from [/home/simon/android-cts/tools/../../android-cts/testcases]
02-21 23:10:29 D/ITestSuite: No remote build info, skipping stageTestArtifacts
02-21 23:10:29 D/ITestSuite: Resource not found for allowed preparers: /suite/google-allowed-preparers.txt
02-21 23:10:29 D/ITestSuite: [Total Unique Modules = 2]
02-21 23:10:29 I/ITestSuite: 27161FDH20031X running 2 modules: [arm64-v8a CtsDisplayTestCases[instant], arm64-v8a CtsDisplayTestCases]
02-21 23:10:29 D/TradefedFeatureClient: invoking feature 'skipFeature'
02-21 23:10:29 D/TradefedFeatureClient: Using reference id from metrics.
02-21 23:10:29 D/TradefedFeatureClient: name: "skipFeature"
reference_id: "5180c5b2-090a-47db-8a43-63e031b994ec"

02-21 23:10:29 D/TradefedFeatureServer: Executing com.android.tradefed.result.skipped.SkipFeature@5f32de2e with [name: "skipFeature"
reference_id: "5180c5b2-090a-47db-8a43-63e031b994ec"
]
02-21 23:10:29 D/TradefedFeatureClient: Feature name: skipFeature. response: multi_part_response {
  response_part {
    key: "delimiter"
    value: "\\+,"
  }
  response_part {
    key: "presubmit"
    value: "false"
  }
  response_part {
    key: "skipModules"
  }
  response_part {
    key: "imageDigests"
  }
}

02-21 23:10:29 D/BaseTestSuite: Filters for 'arm64-v8a CtsDisplayTestCases[instant]': []
02-21 23:10:29 D/FileUtil: Creating temp file at /tmp/tf-workfolder7243552074830890066 with prefix "CtsDisplayTestCases" suffix ".xml"
02-21 23:10:29 D/LogFileSaver: Log data for module-configuration is already compressed, skipping compression
02-21 23:10:29 D/FileUtil: Creating temp file at /home/simon/android-cts/tools/../../android-cts/logs/2026.02.21_23.10.04/inv_9433158287727923421 with prefix "module-configuration_" suffix ".xml"
02-21 23:10:29 I/LogFileSaver: Saved log file /home/simon/android-cts/tools/../../android-cts/logs/2026.02.21_23.10.04/inv_9433158287727923421/module-configuration_16608493313592231885.xml. [size=1645, elapsed=0ms]
02-21 23:10:29 D/CertificationSuiteResultReporter: Saved logs for module-configuration in /home/simon/android-cts/tools/../../android-cts/logs/2026.02.21_23.10.04/inv_9433158287727923421/module-configuration_16608493313592231885.xml
02-21 23:10:29 D/LogFileSaver: Log data for module-configuration is already compressed, skipping compression
02-21 23:10:29 D/FileUtil: Creating temp file at /tmp/13033356/cts/inv_15299213713728936886/inv_11069800983361484480 with prefix "module-configuration_" suffix ".xml"
02-21 23:10:29 I/LogFileSaver: Saved log file /tmp/13033356/cts/inv_15299213713728936886/inv_11069800983361484480/module-configuration_4258248780383586469.xml. [size=1645, elapsed=1ms]
02-21 23:10:29 I/ITestSuite: Running system status checker before module execution: arm64-v8a CtsDisplayTestCases[instant]
02-21 23:10:29 D/NativeDevice: Using property ro.build.version.sdk=34 from cache.
02-21 23:10:29 D/NativeDevice: Using property ro.build.version.sdk=34 from cache.
02-21 23:10:29 D/NativeDevice: Using property ro.build.version.sdk=34 from cache.
02-21 23:10:30 I/UserChecker: Current user 0 is already user type CURRENT, no action.
02-21 23:10:30 I/NativeDevice: adb unroot on device 27161FDH20031X
02-21 23:10:30 D/RunUtil: Running command [adb, -s, 27161FDH20031X, unroot] with timeout: 2m 0s
02-21 23:10:30 D/BackgroundDeviceAction: Waiting for device 27161FDH20031X online before starting.
02-21 23:10:31 I/NativeDeviceStateMonitor: Waiting for device 27161FDH20031X to be in NOT_AVAILABLE mode for '5s'; it is currently in ONLINE mode...
02-21 23:10:36 W/NativeDevice: Did not detect device 27161FDH20031X becoming unavailable after unroot
02-21 23:10:36 I/NativeDeviceStateMonitor: Device 27161FDH20031X is already ONLINE
02-21 23:10:36 W/ShellStatusChecker: This module unexpectedly started in a root shell. Leaked from earlier module?
02-21 23:10:36 W/ITestSuite: System status checker [com.android.tradefed.suite.checker.ShellStatusChecker] failed.
02-21 23:10:36 D/DeviceSettingChecker: Begin preExecutionCheck for checking device setting
02-21 23:10:36 D/NativeDevice: Using property ro.build.version.sdk=34 from cache.
02-21 23:10:37 D/NativeDevice: Using property ro.build.version.sdk=34 from cache.
02-21 23:10:37 D/NativeDevice: Using property ro.build.type=userdebug from cache.
02-21 23:10:37 D/NativeDevice: Using property ro.build.version.sdk=34 from cache.
02-21 23:10:37 D/NativeDevice: Using property ro.build.version.codename=REL from cache.
02-21 23:10:37 D/NativeDevice: Using property ro.build.version.sdk=34 from cache.
02-21 23:10:37 D/NativeDevice: Using property ro.build.version.sdk=34 from cache.
02-21 23:10:37 D/NativeDevice: Using property ro.build.version.sdk=34 from cache.
02-21 23:10:37 D/NativeDevice: Using property ro.build.version.sdk=34 from cache.
02-21 23:10:37 D/NativeDevice: Using property ro.build.version.sdk=34 from cache.
02-21 23:10:37 D/NativeDevice: Using property ro.build.version.sdk=34 from cache.
02-21 23:10:37 D/NativeDevice: Using property ro.build.version.codename=REL from cache.
02-21 23:10:37 D/NativeDevice: Using property ro.build.version.sdk=34 from cache.
02-21 23:10:37 D/NativeDevice: Using property ro.build.version.codename=REL from cache.
02-21 23:10:37 D/NativeDevice: Using property ro.build.version.sdk=34 from cache.
02-21 23:10:37 D/NativeDevice: Using property ro.build.version.codename=REL from cache.
02-21 23:10:37 D/NativeDevice: Using property ro.build.version.sdk=34 from cache.
02-21 23:10:37 D/NativeDevice: Using property ro.build.version.sdk=34 from cache.
02-21 23:10:37 D/NativeDevice: Using property ro.build.version.sdk=34 from cache.
02-21 23:10:37 D/NativeDevice: Using property ro.build.version.sdk=34 from cache.
02-21 23:10:37 D/NativeDevice: Using property ro.build.version.sdk=34 from cache.
02-21 23:10:37 D/NativeDevice: Using property ro.build.version.sdk=34 from cache.
02-21 23:10:37 D/NativeDevice: Using property ro.build.version.sdk=34 from cache.
02-21 23:10:37 D/RunUtil: Running command [adb, -s, 27161FDH20031X, shell, locksettings, get-disabled] with timeout: 2m 0s
02-21 23:10:37 D/RunUtil: Running command [adb, -s, 27161FDH20031X, shell, locksettings, get-disabled] with timeout: 2m 0s
02-21 23:10:37 D/RunUtil: Running command [adb, -s, 27161FDH20031X, shell, input, keyevent, KEYCODE_MENU] with timeout: 2m 0s
02-21 23:10:37 D/RunUtil: Running command [adb, -s, 27161FDH20031X, shell, input, keyevent, KEYCODE_HOME] with timeout: 2m 0s
02-21 23:10:37 I/DeviceBaselineChecker: Enable device baselines keep_engprod_mode_on,disable_os_auto_update,hide_error_dialogs,keep_screen_on,disable_usb_app_verification,clear_lock_screen,keep_location_mode_on,keep_setup_complete_on in 189 millis.
02-21 23:10:37 W/ITestSuite: There are failed system status checkers: {com.android.tradefed.suite.checker.ShellStatusChecker=This module unexpectedly started in a root shell. Leaked from earlier module?}
02-21 23:10:37 D/ModuleDefinition: Running module arm64-v8a CtsDisplayTestCases[instant]
02-21 23:10:37 D/ModuleDefinition: Running setup preparer: SuiteApkInstaller
02-21 23:10:37 D/NativeDevice: Using property ro.build.version.sdk=34 from cache.
02-21 23:10:37 D/NativeDevice: Using property ro.build.version.sdk=34 from cache.
02-21 23:10:37 D/NativeDevice: Using property ro.build.version.codename=REL from cache.
02-21 23:10:37 D/NativeDevice: Using property ro.build.id=AP2A.240905.003 from cache.
02-21 23:10:37 D/NativeDevice: Using property ro.build.version.sdk=34 from cache.
02-21 23:10:37 D/NativeDevice: Using property ro.build.version.codename=REL from cache.
02-21 23:10:37 D/SearchArtifactUtil: Searching the module dir: /home/simon/android-cts/tools/../../android-cts/testcases/CtsDisplayTestCases
02-21 23:10:37 D/RunUtil: Running command [aapt2, dump, badging, /home/simon/android-cts/tools/../../android-cts/testcases/CtsDisplayTestCases/arm64/CtsDisplayTestCases.apk] with timeout: 1m 0s
02-21 23:10:37 D/RunUtil: Running command [aapt2, dump, xmltree, /home/simon/android-cts/tools/../../android-cts/testcases/CtsDisplayTestCases/arm64/CtsDisplayTestCases.apk, --file, AndroidManifest.xml] with timeout: 1m 0s
02-21 23:10:37 D/TestAppInstallSetup: Installing apk android.display.cts with [/home/simon/android-cts/tools/../../android-cts/testcases/CtsDisplayTestCases/arm64/CtsDisplayTestCases.apk] ...
02-21 23:10:37 D/NativeDevice: Using property ro.build.version.sdk=34 from cache.
02-21 23:10:38 D/RunUtil: Running command [aapt, dump, badging, /home/simon/android-cts/tools/../../android-cts/testcases/CtsDisplayTestCases/arm64/CtsDisplayTestCases.apk] with timeout: 1m 0s
02-21 23:10:38 D/RunUtil: Running command [aapt, dump, xmltree, /home/simon/android-cts/tools/../../android-cts/testcases/CtsDisplayTestCases/arm64/CtsDisplayTestCases.apk, AndroidManifest.xml] with timeout: 1m 0s
02-21 23:10:38 D/RunUtil: Running command [adb, -s, 27161FDH20031X, shell, appops, write-settings] with timeout: 2m 0s
02-21 23:10:38 D/SearchArtifactUtil: Searching the module dir: /home/simon/android-cts/tools/../../android-cts/testcases/CtsDisplayTestCases
02-21 23:10:38 D/RunUtil: Running command [aapt2, dump, badging, /home/simon/android-cts/tools/../../android-cts/testcases/CtsDisplayTestCases/CtsAppTestStubs.apk] with timeout: 1m 0s
02-21 23:10:38 D/RunUtil: Running command [aapt2, dump, xmltree, /home/simon/android-cts/tools/../../android-cts/testcases/CtsDisplayTestCases/CtsAppTestStubs.apk, --file, AndroidManifest.xml] with timeout: 1m 0s
02-21 23:10:38 D/TestAppInstallSetup: Installing apk android.app.stubs with [/home/simon/android-cts/tools/../../android-cts/testcases/CtsDisplayTestCases/CtsAppTestStubs.apk] ...
02-21 23:10:38 D/NativeDevice: Using property ro.build.version.sdk=34 from cache.
02-21 23:10:39 D/RunUtil: Running command [aapt, dump, badging, /home/simon/android-cts/tools/../../android-cts/testcases/CtsDisplayTestCases/CtsAppTestStubs.apk] with timeout: 1m 0s
02-21 23:10:39 D/RunUtil: Running command [aapt, dump, xmltree, /home/simon/android-cts/tools/../../android-cts/testcases/CtsDisplayTestCases/CtsAppTestStubs.apk, AndroidManifest.xml] with timeout: 1m 0s
02-21 23:10:39 D/RunUtil: Running command [adb, -s, 27161FDH20031X, shell, appops, write-settings] with timeout: 2m 0s
02-21 23:10:39 D/AndroidJUnitTest: Disable test storage on instant app module.
02-21 23:10:39 D/AndroidJUnitTest: Attempting to push filters to /data/local/tmp/ajur/includes.txt
02-21 23:10:39 D/NativeDevice: Using 'ls' to check doesFileExist(/data/local/tmp/ajur)
02-21 23:10:39 D/RunUtil: Running command [adb, -s, 27161FDH20031X, shell, ls, '/data/local/tmp/ajur'] with timeout: 2m 0s
02-21 23:10:39 D/NativeDevice: File /data/local/tmp/ajur does not exist.
stdout: 
stderr: ls: /data/local/tmp/ajur: No such file or directory

02-21 23:10:39 D/NativeDevice: Using 'ls' to check doesFileExist(/data/local/tmp/ajur/includes.txt)
02-21 23:10:39 D/RunUtil: Running command [adb, -s, 27161FDH20031X, shell, ls, '/data/local/tmp/ajur/includes.txt'] with timeout: 2m 0s
02-21 23:10:39 D/FileUtil: Creating temp file at /home/simon/android-cts/tools/../../android-cts/logs/2026.02.21_23.10.04/inv_9433158287727923421 with prefix "filter-arm64-v8a%20CtsDisplayTestCases%5Binstant%5D.include_" suffix ".txt.gz"
02-21 23:10:39 I/LogFileSaver: Saved gzip log file /home/simon/android-cts/tools/../../android-cts/logs/2026.02.21_23.10.04/inv_9433158287727923421/filter-arm64-v8a%20CtsDisplayTestCases%5Binstant%5D.include_3187044540452175244.txt.gz. [size=10, elapsed=0ms]
02-21 23:10:39 D/CertificationSuiteResultReporter: Saved logs for filter-arm64-v8a%20CtsDisplayTestCases%5Binstant%5D.include in /home/simon/android-cts/tools/../../android-cts/logs/2026.02.21_23.10.04/inv_9433158287727923421/filter-arm64-v8a%20CtsDisplayTestCases%5Binstant%5D.include_3187044540452175244.txt.gz
02-21 23:10:39 D/FileUtil: Creating temp file at /tmp/13033356/cts/inv_15299213713728936886/inv_11069800983361484480 with prefix "filter-arm64-v8a%20CtsDisplayTestCases%5Binstant%5D.include_" suffix ".txt.gz"
02-21 23:10:39 I/LogFileSaver: Saved gzip log file /tmp/13033356/cts/inv_15299213713728936886/inv_11069800983361484480/filter-arm64-v8a%20CtsDisplayTestCases%5Binstant%5D.include_3281074828198472760.txt.gz. [size=10, elapsed=0ms]
02-21 23:10:39 D/ListInstrumentationParser: instrumentation:android.display.cts/androidx.test.runner.AndroidJUnitRunner (target=android.display.cts)
02-21 23:10:39 D/ListInstrumentationParser: instrumentation:com.android.tradefed.utils.wifi/.WifiUtil (target=com.android.tradefed.utils.wifi)
02-21 23:10:39 D/ListInstrumentationParser: 
02-21 23:10:39 I/InstrumentationTest: No runner name specified. Using: androidx.test.runner.AndroidJUnitRunner.
02-21 23:10:39 D/NativeDevice: Using property ro.build.version.sdk=34 from cache.
02-21 23:10:39 D/NativeDevice: Using property ro.build.version.sdk=34 from cache.
02-21 23:10:39 D/InstrumentationTest: Collecting test info for android.display.cts on device 27161FDH20031X
02-21 23:10:39 I/RemoteAndroidTestRunner: Running am instrument -w -r --abi arm64-v8a  -e testFile /data/local/tmp/ajur/includes.txt -e debug false -e newRunListenerMode true -e log true -e notAnnotation android.platform.test.annotations.AsbSecurityTest,com.android.compatibility.common.util.CtsDownstreamingTest,android.platform.test.annotations.AppModeFull -e timeout_msec 300000 android.display.cts/androidx.test.runner.AndroidJUnitRunner on google-aosp_on_panther-27161FDH20031X
02-21 23:10:40 D/InstrumentationTest: Initializing com.android.tradefed.device.metric.CountTestCasesCollector for instrumentation.
02-21 23:10:40 I/RemoteAndroidTestRunner: Running am instrument -w -r --abi arm64-v8a  -e testFile /data/local/tmp/ajur/includes.txt -e debug false -e newRunListenerMode true -e log false -e notAnnotation android.platform.test.annotations.AsbSecurityTest,com.android.compatibility.common.util.CtsDownstreamingTest,android.platform.test.annotations.AppModeFull -e timeout_msec 300000 android.display.cts/androidx.test.runner.AndroidJUnitRunner on google-aosp_on_panther-27161FDH20031X
02-21 23:10:40 D/BackgroundDeviceAction: Device 27161FDH20031X now online.
02-21 23:10:40 D/BackgroundDeviceAction: Starting logcat for 27161FDH20031X.
02-21 23:10:40 D/ModuleListener: ModuleListener.testRunStarted(android.display.cts, 1, 0) on 27161FDH20031X
02-21 23:10:40 D/ModuleListener: ModuleListener.testStarted(android.display.cts.DisplayTest#testGetDisplayAttrs) on 27161FDH20031X
02-21 23:10:40 I/ModuleListener: [1/1] 27161FDH20031X android.display.cts.DisplayTest#testGetDisplayAttrs FAILURE: java.lang.AssertionError: expected:<181> but was:<182>
	at org.junit.Assert.fail(Assert.java:89)
	at org.junit.Assert.failNotEquals(Assert.java:835)
	at org.junit.Assert.assertEquals(Assert.java:647)
	at org.junit.Assert.assertEquals(Assert.java:633)
	at android.display.cts.DisplayTest.testGetDisplayAttrs(DisplayTest.java:544)

02-21 23:10:41 D/ModuleListener: ModuleListener.testRunEnded(878) on 27161FDH20031X
02-21 23:10:41 D/TestDevice: Uninstalling android.display.cts with extra args 
02-21 23:10:41 D/TestDevice: Uninstalling android.app.stubs with extra args 
02-21 23:10:41 I/NativeDeviceStateMonitor: Device 27161FDH20031X is already ONLINE
02-21 23:10:41 I/NativeDeviceStateMonitor: Waiting 360000 ms for device 27161FDH20031X boot complete
02-21 23:10:41 I/DeviceStateMonitor: Waiting 359965 ms for device 27161FDH20031X package manager
02-21 23:10:41 I/NativeDeviceStateMonitor: Waiting 359929 ms for device 27161FDH20031X external store
02-21 23:10:41 I/ConsoleReporter: [27161FDH20031X] Starting arm64-v8a CtsDisplayTestCases[instant] with 1 test
02-21 23:10:41 I/ConsoleReporter: [1/1 arm64-v8a CtsDisplayTestCases[instant] 27161FDH20031X] android.display.cts.DisplayTest#testGetDisplayAttrs fail: java.lang.AssertionError: expected:<181> but was:<182>
	at org.junit.Assert.fail(Assert.java:89)
	at org.junit.Assert.failNotEquals(Assert.java:835)
	at org.junit.Assert.assertEquals(Assert.java:647)
	at org.junit.Assert.assertEquals(Assert.java:633)
	at android.display.cts.DisplayTest.testGetDisplayAttrs(DisplayTest.java:544)

02-21 23:10:41 I/ConsoleReporter: [27161FDH20031X] arm64-v8a CtsDisplayTestCases[instant] completed in 2s. 0 passed, 1 failed, 0 not executed
02-21 23:10:41 I/ITestSuite: Running system status checker after module execution: arm64-v8a CtsDisplayTestCases[instant]
02-21 23:10:41 D/NativeDevice: Using property ro.build.version.sdk=34 from cache.
02-21 23:10:41 D/NativeDevice: Using property ro.build.version.sdk=34 from cache.
02-21 23:10:41 D/NativeDevice: Using property ro.build.version.sdk=34 from cache.
02-21 23:10:42 I/NativeDeviceStateMonitor: Device 27161FDH20031X is already ONLINE
02-21 23:10:42 I/NativeDeviceStateMonitor: Waiting 360000 ms for device 27161FDH20031X boot complete
02-21 23:10:42 I/DeviceStateMonitor: Waiting 359929 ms for device 27161FDH20031X package manager
02-21 23:10:42 I/NativeDeviceStateMonitor: Waiting 359824 ms for device 27161FDH20031X external store
02-21 23:10:42 I/MonitoringUtils: Wifi Connectivity: passed check.
02-21 23:10:43 D/TestDevice: Output from KeyguardController:   KeyguardController:
    mKeyguardShowing=false
    mAodShowing=false
    mKeyguardGoingAway=false

02-21 23:10:43 E/LeakedThreadStatusChecker: We have 4 threads instead of 1. List: [Thread[Invocation-27161FDH20031X,5,Invocation-27161FDH20031X], Thread[BackgroundDeviceAction-logcat -b all -v threadtime,uid,5,Invocation-27161FDH20031X], Thread[Timer-1,5,Invocation-27161FDH20031X], Thread[grpc-default-worker-ELG-3-1,5,Invocation-27161FDH20031X]]
02-21 23:10:43 W/ITestSuite: System status checker [com.android.tradefed.suite.checker.LeakedThreadStatusChecker] failed
02-21 23:10:43 D/NativeDevice: Time offset = 1142 ms
02-21 23:10:43 D/DeviceSettingChecker: Begin postExecution for checking device setting
02-21 23:10:43 W/DeviceSettingChecker: Setting in namespace global fails:
 zen_mode_config_etag changes from 267572658 to -2073530737
ota_disable_automatic_update is not found before module run

02-21 23:10:43 W/ITestSuite: System status checker [com.android.tradefed.suite.checker.DeviceSettingChecker] failed
02-21 23:10:43 D/NativeDevice: Using property ro.build.version.sdk=34 from cache.
02-21 23:10:43 W/ITestSuite: There are failed system status checkers: {com.android.tradefed.suite.checker.LeakedThreadStatusChecker=We have 4 threads instead of 1. List: [Thread[Invocation-27161FDH20031X,5,Invocation-27161FDH20031X], Thread[BackgroundDeviceAction-logcat -b all -v threadtime,uid,5,Invocation-27161FDH20031X], Thread[Timer-1,5,Invocation-27161FDH20031X], Thread[grpc-default-worker-ELG-3-1,5,Invocation-27161FDH20031X]], com.android.tradefed.suite.checker.DeviceSettingChecker=Setting in namespace global fails:
 zen_mode_config_etag changes from 267572658 to -2073530737
ota_disable_automatic_update is not found before module run
}
02-21 23:10:43 D/FileUtil: Creating temp file at /home/simon/android-cts/tools/../../android-cts/results/2026.02.21_23.10.04/proto with prefix "tmp-proto" suffix ""
02-21 23:10:43 D/BaseTestSuite: Filters for 'arm64-v8a CtsDisplayTestCases': [CtsDisplayTestCases android.display.cts.DisplayTest#testActivityContextGetMetrics]
02-21 23:10:43 D/FileUtil: Creating temp file at /tmp/tf-workfolder7243552074830890066 with prefix "CtsDisplayTestCases" suffix ".xml"
02-21 23:10:43 D/LogFileSaver: Log data for module-configuration is already compressed, skipping compression
02-21 23:10:43 D/FileUtil: Creating temp file at /home/simon/android-cts/tools/../../android-cts/logs/2026.02.21_23.10.04/inv_9433158287727923421 with prefix "module-configuration_" suffix ".xml"
02-21 23:10:43 I/LogFileSaver: Saved log file /home/simon/android-cts/tools/../../android-cts/logs/2026.02.21_23.10.04/inv_9433158287727923421/module-configuration_1205146025739727302.xml. [size=1599, elapsed=0ms]
02-21 23:10:43 D/CertificationSuiteResultReporter: Saved logs for module-configuration in /home/simon/android-cts/tools/../../android-cts/logs/2026.02.21_23.10.04/inv_9433158287727923421/module-configuration_1205146025739727302.xml
02-21 23:10:43 D/LogFileSaver: Log data for module-configuration is already compressed, skipping compression
02-21 23:10:43 D/FileUtil: Creating temp file at /tmp/13033356/cts/inv_15299213713728936886/inv_11069800983361484480 with prefix "module-configuration_" suffix ".xml"
02-21 23:10:43 I/LogFileSaver: Saved log file /tmp/13033356/cts/inv_15299213713728936886/inv_11069800983361484480/module-configuration_9128447852599668382.xml. [size=1599, elapsed=0ms]
02-21 23:10:43 I/ITestSuite: Running system status checker before module execution: arm64-v8a CtsDisplayTestCases
02-21 23:10:43 D/NativeDevice: Using property ro.build.version.sdk=34 from cache.
02-21 23:10:43 D/NativeDevice: Using property ro.build.version.sdk=34 from cache.
02-21 23:10:43 D/NativeDevice: Using property ro.build.version.sdk=34 from cache.
02-21 23:10:44 I/UserChecker: Current user 0 is already user type CURRENT, no action.
02-21 23:10:44 D/DeviceSettingChecker: Begin preExecutionCheck for checking device setting
02-21 23:10:44 D/NativeDevice: Using property ro.build.version.sdk=34 from cache.
02-21 23:10:44 D/NativeDevice: Using property ro.build.version.sdk=34 from cache.
02-21 23:10:44 D/NativeDevice: Using property ro.build.version.sdk=34 from cache.
02-21 23:10:44 D/NativeDevice: Using property ro.build.version.codename=REL from cache.
02-21 23:10:44 D/NativeDevice: Using property ro.build.version.sdk=34 from cache.
02-21 23:10:44 D/NativeDevice: Using property ro.build.version.sdk=34 from cache.
02-21 23:10:44 D/NativeDevice: Using property ro.build.version.sdk=34 from cache.
02-21 23:10:44 D/NativeDevice: Using property ro.build.version.sdk=34 from cache.
02-21 23:10:44 D/NativeDevice: Using property ro.build.version.sdk=34 from cache.
02-21 23:10:44 D/NativeDevice: Using property ro.build.version.sdk=34 from cache.
02-21 23:10:44 D/NativeDevice: Using property ro.build.version.codename=REL from cache.
02-21 23:10:44 D/NativeDevice: Using property ro.build.version.sdk=34 from cache.
02-21 23:10:44 D/NativeDevice: Using property ro.build.version.codename=REL from cache.
02-21 23:10:44 D/NativeDevice: Using property ro.build.version.sdk=34 from cache.
02-21 23:10:44 D/NativeDevice: Using property ro.build.version.codename=REL from cache.
02-21 23:10:44 D/NativeDevice: Using property ro.build.version.sdk=34 from cache.
02-21 23:10:44 D/NativeDevice: Using property ro.build.version.sdk=34 from cache.
02-21 23:10:44 D/NativeDevice: Using property ro.build.version.sdk=34 from cache.
02-21 23:10:44 D/NativeDevice: Using property ro.build.version.sdk=34 from cache.
02-21 23:10:44 D/NativeDevice: Using property ro.build.version.sdk=34 from cache.
02-21 23:10:44 D/NativeDevice: Using property ro.build.version.sdk=34 from cache.
02-21 23:10:44 D/NativeDevice: Using property ro.build.version.sdk=34 from cache.
02-21 23:10:44 D/RunUtil: Running command [adb, -s, 27161FDH20031X, shell, locksettings, get-disabled] with timeout: 2m 0s
02-21 23:10:44 D/RunUtil: Running command [adb, -s, 27161FDH20031X, shell, locksettings, get-disabled] with timeout: 2m 0s
02-21 23:10:44 D/RunUtil: Running command [adb, -s, 27161FDH20031X, shell, input, keyevent, KEYCODE_MENU] with timeout: 2m 0s
02-21 23:10:44 D/RunUtil: Running command [adb, -s, 27161FDH20031X, shell, input, keyevent, KEYCODE_HOME] with timeout: 2m 0s
02-21 23:10:45 I/DeviceBaselineChecker: Enable device baselines keep_engprod_mode_on,disable_os_auto_update,hide_error_dialogs,keep_screen_on,disable_usb_app_verification,clear_lock_screen,keep_location_mode_on,keep_setup_complete_on in 271 millis.
02-21 23:10:45 D/ModuleDefinition: Running module arm64-v8a CtsDisplayTestCases
02-21 23:10:45 D/ModuleDefinition: Running setup preparer: SuiteApkInstaller
02-21 23:10:45 D/NativeDevice: Using property ro.build.version.sdk=34 from cache.
02-21 23:10:45 D/NativeDevice: Using property ro.build.version.sdk=34 from cache.
02-21 23:10:45 D/NativeDevice: Using property ro.build.version.codename=REL from cache.
02-21 23:10:45 D/NativeDevice: Using property ro.build.id=AP2A.240905.003 from cache.
02-21 23:10:45 D/NativeDevice: Using property ro.build.version.sdk=34 from cache.
02-21 23:10:45 D/NativeDevice: Using property ro.build.version.codename=REL from cache.
02-21 23:10:45 D/SearchArtifactUtil: Searching the module dir: /home/simon/android-cts/tools/../../android-cts/testcases/CtsDisplayTestCases
02-21 23:10:45 D/RunUtil: Running command [aapt2, dump, badging, /home/simon/android-cts/tools/../../android-cts/testcases/CtsDisplayTestCases/arm64/CtsDisplayTestCases.apk] with timeout: 1m 0s
02-21 23:10:45 D/RunUtil: Running command [aapt2, dump, xmltree, /home/simon/android-cts/tools/../../android-cts/testcases/CtsDisplayTestCases/arm64/CtsDisplayTestCases.apk, --file, AndroidManifest.xml] with timeout: 1m 0s
02-21 23:10:45 D/TestAppInstallSetup: Installing apk android.display.cts with [/home/simon/android-cts/tools/../../android-cts/testcases/CtsDisplayTestCases/arm64/CtsDisplayTestCases.apk] ...
02-21 23:10:45 D/NativeDevice: Using property ro.build.version.sdk=34 from cache.
02-21 23:10:46 D/RunUtil: Running command [aapt, dump, badging, /home/simon/android-cts/tools/../../android-cts/testcases/CtsDisplayTestCases/arm64/CtsDisplayTestCases.apk] with timeout: 1m 0s
02-21 23:10:46 D/RunUtil: Running command [aapt, dump, xmltree, /home/simon/android-cts/tools/../../android-cts/testcases/CtsDisplayTestCases/arm64/CtsDisplayTestCases.apk, AndroidManifest.xml] with timeout: 1m 0s
02-21 23:10:46 D/RunUtil: Running command [adb, -s, 27161FDH20031X, shell, appops, write-settings] with timeout: 2m 0s
02-21 23:10:46 D/SearchArtifactUtil: Searching the module dir: /home/simon/android-cts/tools/../../android-cts/testcases/CtsDisplayTestCases
02-21 23:10:46 D/RunUtil: Running command [aapt2, dump, badging, /home/simon/android-cts/tools/../../android-cts/testcases/CtsDisplayTestCases/CtsAppTestStubs.apk] with timeout: 1m 0s
02-21 23:10:46 D/RunUtil: Running command [aapt2, dump, xmltree, /home/simon/android-cts/tools/../../android-cts/testcases/CtsDisplayTestCases/CtsAppTestStubs.apk, --file, AndroidManifest.xml] with timeout: 1m 0s
02-21 23:10:46 D/TestAppInstallSetup: Installing apk android.app.stubs with [/home/simon/android-cts/tools/../../android-cts/testcases/CtsDisplayTestCases/CtsAppTestStubs.apk] ...
02-21 23:10:46 D/NativeDevice: Using property ro.build.version.sdk=34 from cache.
02-21 23:10:47 D/RunUtil: Running command [aapt, dump, badging, /home/simon/android-cts/tools/../../android-cts/testcases/CtsDisplayTestCases/CtsAppTestStubs.apk] with timeout: 1m 0s
02-21 23:10:47 D/RunUtil: Running command [aapt, dump, xmltree, /home/simon/android-cts/tools/../../android-cts/testcases/CtsDisplayTestCases/CtsAppTestStubs.apk, AndroidManifest.xml] with timeout: 1m 0s
02-21 23:10:47 D/RunUtil: Running command [adb, -s, 27161FDH20031X, shell, appops, write-settings] with timeout: 2m 0s
02-21 23:10:47 D/NativeDevice: Using property ro.build.version.sdk=34 from cache.
02-21 23:10:47 D/NativeDevice: Using property ro.build.version.sdk=34 from cache.
02-21 23:10:47 D/NativeDevice: Using property ro.build.version.codename=REL from cache.
02-21 23:10:47 D/AndroidJUnitTest: Attempting to push filters to /data/local/tmp/ajur/includes.txt
02-21 23:10:47 D/NativeDevice: Using 'ls' to check doesFileExist(/data/local/tmp/ajur)
02-21 23:10:47 D/RunUtil: Running command [adb, -s, 27161FDH20031X, shell, ls, '/data/local/tmp/ajur'] with timeout: 2m 0s
02-21 23:10:47 D/NativeDevice: File /data/local/tmp/ajur does not exist.
stdout: 
stderr: ls: /data/local/tmp/ajur: No such file or directory

02-21 23:10:47 D/NativeDevice: Using 'ls' to check doesFileExist(/data/local/tmp/ajur/includes.txt)
02-21 23:10:47 D/RunUtil: Running command [adb, -s, 27161FDH20031X, shell, ls, '/data/local/tmp/ajur/includes.txt'] with timeout: 2m 0s
02-21 23:10:47 D/FileUtil: Creating temp file at /home/simon/android-cts/tools/../../android-cts/logs/2026.02.21_23.10.04/inv_9433158287727923421 with prefix "filter-arm64-v8a%20CtsDisplayTestCases.include_" suffix ".txt.gz"
02-21 23:10:47 I/LogFileSaver: Saved gzip log file /home/simon/android-cts/tools/../../android-cts/logs/2026.02.21_23.10.04/inv_9433158287727923421/filter-arm64-v8a%20CtsDisplayTestCases.include_12652251397045763530.txt.gz. [size=10, elapsed=0ms]
02-21 23:10:47 D/CertificationSuiteResultReporter: Saved logs for filter-arm64-v8a%20CtsDisplayTestCases.include in /home/simon/android-cts/tools/../../android-cts/logs/2026.02.21_23.10.04/inv_9433158287727923421/filter-arm64-v8a%20CtsDisplayTestCases.include_12652251397045763530.txt.gz
02-21 23:10:47 D/FileUtil: Creating temp file at /tmp/13033356/cts/inv_15299213713728936886/inv_11069800983361484480 with prefix "filter-arm64-v8a%20CtsDisplayTestCases.include_" suffix ".txt.gz"
02-21 23:10:47 I/LogFileSaver: Saved gzip log file /tmp/13033356/cts/inv_15299213713728936886/inv_11069800983361484480/filter-arm64-v8a%20CtsDisplayTestCases.include_12042096026041488993.txt.gz. [size=10, elapsed=0ms]
02-21 23:10:47 D/AndroidJUnitTest: Attempting to push filters to /sdcard/googletest/test_runfiles/data/local/tmp/ajur/includes.txt
02-21 23:10:47 D/NativeDevice: Using 'ls' to check doesFileExist(/data/local/tmp/ajur)
02-21 23:10:47 D/RunUtil: Running command [adb, -s, 27161FDH20031X, shell, ls, '/data/local/tmp/ajur'] with timeout: 2m 0s
02-21 23:10:47 D/NativeDevice: Using property ro.build.version.sdk=34 from cache.
02-21 23:10:47 D/AndroidJUnitTest: Attempting to push filters to /data/local/tmp/ajur/excludes.txt
02-21 23:10:47 D/NativeDevice: Using 'ls' to check doesFileExist(/data/local/tmp/ajur)
02-21 23:10:47 D/RunUtil: Running command [adb, -s, 27161FDH20031X, shell, ls, '/data/local/tmp/ajur'] with timeout: 2m 0s
02-21 23:10:47 D/FileUtil: Creating temp file at /home/simon/android-cts/tools/../../android-cts/logs/2026.02.21_23.10.04/inv_9433158287727923421 with prefix "filter-arm64-v8a%20CtsDisplayTestCases.exclude_" suffix ".txt.gz"
02-21 23:10:47 I/LogFileSaver: Saved gzip log file /home/simon/android-cts/tools/../../android-cts/logs/2026.02.21_23.10.04/inv_9433158287727923421/filter-arm64-v8a%20CtsDisplayTestCases.exclude_12744457453953852191.txt.gz. [size=10, elapsed=0ms]
02-21 23:10:47 D/CertificationSuiteResultReporter: Saved logs for filter-arm64-v8a%20CtsDisplayTestCases.exclude in /home/simon/android-cts/tools/../../android-cts/logs/2026.02.21_23.10.04/inv_9433158287727923421/filter-arm64-v8a%20CtsDisplayTestCases.exclude_12744457453953852191.txt.gz
02-21 23:10:47 D/FileUtil: Creating temp file at /tmp/13033356/cts/inv_15299213713728936886/inv_11069800983361484480 with prefix "filter-arm64-v8a%20CtsDisplayTestCases.exclude_" suffix ".txt.gz"
02-21 23:10:47 I/LogFileSaver: Saved gzip log file /tmp/13033356/cts/inv_15299213713728936886/inv_11069800983361484480/filter-arm64-v8a%20CtsDisplayTestCases.exclude_7953926147883673206.txt.gz. [size=10, elapsed=0ms]
02-21 23:10:47 D/AndroidJUnitTest: Attempting to push filters to /sdcard/googletest/test_runfiles/data/local/tmp/ajur/excludes.txt
02-21 23:10:47 D/NativeDevice: Using 'ls' to check doesFileExist(/data/local/tmp/ajur)
02-21 23:10:47 D/RunUtil: Running command [adb, -s, 27161FDH20031X, shell, ls, '/data/local/tmp/ajur'] with timeout: 2m 0s
02-21 23:10:47 D/NativeDevice: Using property ro.build.version.sdk=34 from cache.
02-21 23:10:47 D/NativeDevice: Using property ro.build.version.sdk=34 from cache.
02-21 23:10:47 D/RunUtil: Running command [adb, -s, 27161FDH20031X, shell, pm, list, features] with timeout: 2m 0s
02-21 23:10:48 D/NativeDevice: Using property ro.build.version.sdk=34 from cache.
02-21 23:10:48 D/NativeDevice: Using property ro.build.version.codename=REL from cache.
02-21 23:10:48 D/RunUtil: Running command [aapt2, dump, badging, /tmp/services12316809564850240085.apk] with timeout: 1m 0s
02-21 23:10:48 D/RunUtil: Running command [aapt2, dump, xmltree, /tmp/services12316809564850240085.apk, --file, AndroidManifest.xml] with timeout: 1m 0s
02-21 23:10:48 D/TestAppInstallSetup: Installing apk androidx.test.services with [/tmp/services12316809564850240085.apk] ...
02-21 23:10:48 D/NativeDevice: Using property ro.build.version.sdk=34 from cache.
02-21 23:10:48 D/RunUtil: Running command [aapt, dump, badging, /tmp/services12316809564850240085.apk] with timeout: 1m 0s
02-21 23:10:48 D/RunUtil: Running command [aapt, dump, xmltree, /tmp/services12316809564850240085.apk, AndroidManifest.xml] with timeout: 1m 0s
02-21 23:10:48 D/NativeDevice: Using property ro.build.version.sdk=34 from cache.
02-21 23:10:48 D/RunUtil: Running command [adb, -s, 27161FDH20031X, shell, appops, set, --user, 0, --uid, androidx.test.services, MANAGE_EXTERNAL_STORAGE, 0] with timeout: 2m 0s
02-21 23:10:48 D/RunUtil: Running command [adb, -s, 27161FDH20031X, shell, appops, write-settings] with timeout: 2m 0s
02-21 23:10:48 D/RunUtil: Running command [adb, -s, 27161FDH20031X, shell, dumpsys, deviceidle, whitelist, +androidx.test.services] with timeout: 2m 0s
02-21 23:10:48 D/AndroidJUnitTest: stdout: Added: androidx.test.services

stderr: 
02-21 23:10:48 D/ListInstrumentationParser: instrumentation:android.display.cts/androidx.test.runner.AndroidJUnitRunner (target=android.display.cts)
02-21 23:10:48 D/ListInstrumentationParser: instrumentation:com.android.tradefed.utils.wifi/.WifiUtil (target=com.android.tradefed.utils.wifi)
02-21 23:10:48 D/ListInstrumentationParser: 
02-21 23:10:48 I/InstrumentationTest: No runner name specified. Using: androidx.test.runner.AndroidJUnitRunner.
02-21 23:10:48 D/NativeDevice: Using property ro.build.version.sdk=34 from cache.
02-21 23:10:48 D/NativeDevice: Using property ro.build.version.sdk=34 from cache.
02-21 23:10:48 D/InstrumentationTest: Collecting test info for android.display.cts on device 27161FDH20031X
02-21 23:10:48 I/RemoteAndroidTestRunner: Running am instrument -w -r --abi arm64-v8a  -e testFile /data/local/tmp/ajur/includes.txt -e debug false -e useTestStorageService true -e newRunListenerMode true -e log true -e notAnnotation com.android.compatibility.common.util.CtsDownstreamingTest,android.platform.test.annotations.AsbSecurityTest,android.platform.test.annotations.AppModeInstant -e notTestFile /data/local/tmp/ajur/excludes.txt -e timeout_msec 300000 android.display.cts/androidx.test.runner.AndroidJUnitRunner on google-aosp_on_panther-27161FDH20031X
02-21 23:10:49 D/InstrumentationTest: Initializing com.android.tradefed.device.metric.CountTestCasesCollector for instrumentation.
02-21 23:10:49 I/RemoteAndroidTestRunner: Running am instrument -w -r --abi arm64-v8a  -e testFile /data/local/tmp/ajur/includes.txt -e debug false -e useTestStorageService true -e newRunListenerMode true -e log false -e notAnnotation com.android.compatibility.common.util.CtsDownstreamingTest,android.platform.test.annotations.AsbSecurityTest,android.platform.test.annotations.AppModeInstant -e notTestFile /data/local/tmp/ajur/excludes.txt -e timeout_msec 300000 android.display.cts/androidx.test.runner.AndroidJUnitRunner on google-aosp_on_panther-27161FDH20031X
02-21 23:10:49 D/ModuleListener: ModuleListener.testRunStarted(android.display.cts, 1, 0) on 27161FDH20031X
02-21 23:10:49 D/ModuleListener: ModuleListener.testStarted(android.display.cts.DisplayTest#testGetDisplayAttrs) on 27161FDH20031X
02-21 23:10:50 I/ModuleListener: [1/1] 27161FDH20031X android.display.cts.DisplayTest#testGetDisplayAttrs FAILURE: java.lang.AssertionError: expected:<181> but was:<182>
	at org.junit.Assert.fail(Assert.java:89)
	at org.junit.Assert.failNotEquals(Assert.java:835)
	at org.junit.Assert.assertEquals(Assert.java:647)
	at org.junit.Assert.assertEquals(Assert.java:633)
	at android.display.cts.DisplayTest.testGetDisplayAttrs(DisplayTest.java:544)

02-21 23:10:50 D/ModuleListener: ModuleListener.testRunEnded(879) on 27161FDH20031X
02-21 23:10:50 D/TestDevice: Uninstalling androidx.test.services with extra args 
02-21 23:10:50 D/TestDevice: Uninstalling android.display.cts with extra args 
02-21 23:10:50 D/TestDevice: Uninstalling android.app.stubs with extra args 
02-21 23:10:51 I/NativeDeviceStateMonitor: Device 27161FDH20031X is already ONLINE
02-21 23:10:51 I/NativeDeviceStateMonitor: Waiting 360000 ms for device 27161FDH20031X boot complete
02-21 23:10:51 I/DeviceStateMonitor: Waiting 359964 ms for device 27161FDH20031X package manager
02-21 23:10:51 I/NativeDeviceStateMonitor: Waiting 359904 ms for device 27161FDH20031X external store
02-21 23:10:51 I/ConsoleReporter: [27161FDH20031X] Starting arm64-v8a CtsDisplayTestCases with 1 test
02-21 23:10:51 I/ConsoleReporter: [1/1 arm64-v8a CtsDisplayTestCases 27161FDH20031X] android.display.cts.DisplayTest#testGetDisplayAttrs fail: java.lang.AssertionError: expected:<181> but was:<182>
	at org.junit.Assert.fail(Assert.java:89)
	at org.junit.Assert.failNotEquals(Assert.java:835)
	at org.junit.Assert.assertEquals(Assert.java:647)
	at org.junit.Assert.assertEquals(Assert.java:633)
	at android.display.cts.DisplayTest.testGetDisplayAttrs(DisplayTest.java:544)

02-21 23:10:51 I/ConsoleReporter: [27161FDH20031X] arm64-v8a CtsDisplayTestCases completed in 4s. 0 passed, 1 failed, 0 not executed
02-21 23:10:51 I/ITestSuite: Running system status checker after module execution: arm64-v8a CtsDisplayTestCases
02-21 23:10:51 D/NativeDevice: Using property ro.build.version.sdk=34 from cache.
02-21 23:10:51 D/NativeDevice: Using property ro.build.version.sdk=34 from cache.
02-21 23:10:51 D/NativeDevice: Using property ro.build.version.sdk=34 from cache.
02-21 23:10:51 I/NativeDeviceStateMonitor: Device 27161FDH20031X is already ONLINE
02-21 23:10:51 I/NativeDeviceStateMonitor: Waiting 360000 ms for device 27161FDH20031X boot complete
02-21 23:10:51 I/DeviceStateMonitor: Waiting 359955 ms for device 27161FDH20031X package manager
02-21 23:10:51 I/NativeDeviceStateMonitor: Waiting 359889 ms for device 27161FDH20031X external store
02-21 23:10:52 I/MonitoringUtils: Wifi Connectivity: passed check.
02-21 23:10:52 D/TestDevice: Output from KeyguardController:   KeyguardController:
    mKeyguardShowing=false
    mAodShowing=false
    mKeyguardGoingAway=false

02-21 23:10:52 E/LeakedThreadStatusChecker: We have 4 threads instead of 1. List: [Thread[Invocation-27161FDH20031X,5,Invocation-27161FDH20031X], Thread[BackgroundDeviceAction-logcat -b all -v threadtime,uid,5,Invocation-27161FDH20031X], Thread[Timer-1,5,Invocation-27161FDH20031X], Thread[grpc-default-worker-ELG-3-1,5,Invocation-27161FDH20031X]]
02-21 23:10:52 W/ITestSuite: System status checker [com.android.tradefed.suite.checker.LeakedThreadStatusChecker] failed
02-21 23:10:52 D/NativeDevice: Time offset = 1557 ms
02-21 23:10:52 D/DeviceSettingChecker: Begin postExecution for checking device setting
02-21 23:10:53 D/NativeDevice: Using property ro.build.version.sdk=34 from cache.
02-21 23:10:53 W/ITestSuite: There are failed system status checkers: {com.android.tradefed.suite.checker.LeakedThreadStatusChecker=We have 4 threads instead of 1. List: [Thread[Invocation-27161FDH20031X,5,Invocation-27161FDH20031X], Thread[BackgroundDeviceAction-logcat -b all -v threadtime,uid,5,Invocation-27161FDH20031X], Thread[Timer-1,5,Invocation-27161FDH20031X], Thread[grpc-default-worker-ELG-3-1,5,Invocation-27161FDH20031X]]}
02-21 23:10:53 D/FileUtil: Creating temp file at /home/simon/android-cts/tools/../../android-cts/results/2026.02.21_23.10.04/proto with prefix "tmp-proto" suffix ""
02-21 23:10:53 D/PrettyPrintDelimiter: 
=============================
===== TEST PHASE ENDING =====
=============================
02-21 23:10:53 D/LogFileSaver: Log data for device_logcat_test_27161FDH20031X is already compressed, skipping compression
02-21 23:10:53 D/FileUtil: Creating temp file at /home/simon/android-cts/tools/../../android-cts/logs/2026.02.21_23.10.04/inv_9433158287727923421 with prefix "device_logcat_test_27161FDH20031X_" suffix ".txt"
02-21 23:10:53 I/LogFileSaver: Saved log file /home/simon/android-cts/tools/../../android-cts/logs/2026.02.21_23.10.04/inv_9433158287727923421/device_logcat_test_27161FDH20031X_1717805285492549525.txt. [size=5164450, elapsed=4ms]
02-21 23:10:53 D/CertificationSuiteResultReporter: Saved logs for device_logcat_test_27161FDH20031X in /home/simon/android-cts/tools/../../android-cts/logs/2026.02.21_23.10.04/inv_9433158287727923421/device_logcat_test_27161FDH20031X_1717805285492549525.txt
02-21 23:10:53 D/LogFileSaver: Log data for device_logcat_test_27161FDH20031X is already compressed, skipping compression
02-21 23:10:53 D/FileUtil: Creating temp file at /tmp/13033356/cts/inv_15299213713728936886/inv_11069800983361484480 with prefix "device_logcat_test_27161FDH20031X_" suffix ".txt"
02-21 23:10:53 I/LogFileSaver: Saved log file /tmp/13033356/cts/inv_15299213713728936886/inv_11069800983361484480/device_logcat_test_27161FDH20031X_12831010962355218829.txt. [size=5164450, elapsed=2ms]
02-21 23:10:53 I/CommandInterrupter: Interrupt blocked
02-21 23:10:53 D/TestInvocation: Testing minimum responsiveness.
02-21 23:10:53 I/NativeDeviceStateMonitor: Device 27161FDH20031X is already ONLINE
02-21 23:10:53 D/RunUtil: Running command [adb, -s, 27161FDH20031X, shell, getprop, ro.build.version.sdk] with timeout: 45s
02-21 23:10:53 D/FileUtil: Creating temp file at /home/simon/android-cts/tools/../../android-cts/logs/2026.02.21_23.10.04/inv_9433158287727923421 with prefix "executeShellCommandLog_27161FDH20031X_" suffix ".txt.gz"
02-21 23:10:53 I/LogFileSaver: Saved gzip log file /home/simon/android-cts/tools/../../android-cts/logs/2026.02.21_23.10.04/inv_9433158287727923421/executeShellCommandLog_27161FDH20031X_2685002733681974440.txt.gz. [size=10, elapsed=0ms]
02-21 23:10:53 D/CertificationSuiteResultReporter: Saved logs for executeShellCommandLog_27161FDH20031X in /home/simon/android-cts/tools/../../android-cts/logs/2026.02.21_23.10.04/inv_9433158287727923421/executeShellCommandLog_27161FDH20031X_2685002733681974440.txt.gz
02-21 23:10:53 D/FileUtil: Creating temp file at /tmp/13033356/cts/inv_15299213713728936886/inv_11069800983361484480 with prefix "executeShellCommandLog_27161FDH20031X_" suffix ".txt.gz"
02-21 23:10:53 I/LogFileSaver: Saved gzip log file /tmp/13033356/cts/inv_15299213713728936886/inv_11069800983361484480/executeShellCommandLog_27161FDH20031X_288709628957907782.txt.gz. [size=10, elapsed=0ms]
02-21 23:10:53 D/TestInvocation: Checking that devices are online.
02-21 23:10:53 I/NativeDeviceStateMonitor: Device 27161FDH20031X is already ONLINE
02-21 23:10:53 I/NativeDeviceStateMonitor: Waiting 180000 ms for device 27161FDH20031X boot complete
02-21 23:10:53 I/DeviceStateMonitor: Waiting 179929 ms for device 27161FDH20031X package manager
02-21 23:10:53 I/NativeDeviceStateMonitor: Waiting 179828 ms for device 27161FDH20031X external store
02-21 23:10:54 D/InvocationExecution: starting tearDown 'com.android.compatibility.common.tradefed.targetprep.PropertyCheck@6d8cda42' on device: '27161FDH20031X'
02-21 23:10:54 D/InvocationExecution: done with tearDown 'com.android.compatibility.common.tradefed.targetprep.PropertyCheck@6d8cda42' on device: '27161FDH20031X' in 0 ms
02-21 23:10:54 D/InvocationExecution: starting tearDown 'com.android.compatibility.common.tradefed.targetprep.PropertyCheck@270c5a9a' on device: '27161FDH20031X'
02-21 23:10:54 D/InvocationExecution: done with tearDown 'com.android.compatibility.common.tradefed.targetprep.PropertyCheck@270c5a9a' on device: '27161FDH20031X' in 0 ms
02-21 23:10:54 D/InvocationExecution: starting tearDown 'com.android.compatibility.common.tradefed.targetprep.PropertyCheck@5f3a8cda' on device: '27161FDH20031X'
02-21 23:10:54 D/InvocationExecution: done with tearDown 'com.android.compatibility.common.tradefed.targetprep.PropertyCheck@5f3a8cda' on device: '27161FDH20031X' in 0 ms
02-21 23:10:54 D/InvocationExecution: starting tearDown 'com.android.tradefed.targetprep.RunCommandTargetPreparer@78d4c8ca' on device: '27161FDH20031X'
02-21 23:10:54 D/RunUtil: Running command [adb, -s, 27161FDH20031X, shell, settings, put, global, verifier_engprod, 0] with timeout: 2m 0s
02-21 23:10:54 D/InvocationExecution: done with tearDown 'com.android.tradefed.targetprep.RunCommandTargetPreparer@78d4c8ca' on device: '27161FDH20031X' in 70 ms
02-21 23:10:54 D/InvocationExecution: starting tearDown 'com.android.tradefed.targetprep.RunCommandTargetPreparer@3e974395' on device: '27161FDH20031X'
02-21 23:10:54 D/RunUtil: Running command [adb, -s, 27161FDH20031X, shell, settings, put, global, package_verifier_enable, 1] with timeout: 2m 0s
02-21 23:10:54 D/InvocationExecution: done with tearDown 'com.android.tradefed.targetprep.RunCommandTargetPreparer@3e974395' on device: '27161FDH20031X' in 61 ms
02-21 23:10:54 D/InvocationExecution: starting tearDown 'com.android.compatibility.common.tradefed.targetprep.ReportLogCollector@4f75677e' on device: '27161FDH20031X'
02-21 23:10:54 D/NativeDevice: Using property ro.build.version.sdk=34 from cache.
02-21 23:10:54 D/NativeDevice: Using 'ls' to check doesFileExist(/storage/emulated/0/report-log-files/)
02-21 23:10:54 D/RunUtil: Running command [adb, -s, 27161FDH20031X, shell, ls, '/storage/emulated/0/report-log-files/'] with timeout: 2m 0s
02-21 23:10:54 D/NativeDevice: File /storage/emulated/0/report-log-files/ does not exist.
stdout: 
stderr: ls: /storage/emulated/0/report-log-files/: No such file or directory

02-21 23:10:54 E/NativeDevice: Device path /sdcard/report-log-files/ does not exist to be pulled.
02-21 23:10:54 D/InvocationExecution: done with tearDown 'com.android.compatibility.common.tradefed.targetprep.ReportLogCollector@4f75677e' on device: '27161FDH20031X' in 164 ms
02-21 23:10:54 D/InvocationExecution: starting tearDown 'com.android.compatibility.common.tradefed.targetprep.DeviceInfoCollector@cf1d980' on device: '27161FDH20031X'
02-21 23:10:54 D/InvocationExecution: done with tearDown 'com.android.compatibility.common.tradefed.targetprep.DeviceInfoCollector@cf1d980' on device: '27161FDH20031X' in 1 ms
02-21 23:10:54 D/InvocationExecution: starting tearDown 'com.android.tradefed.targetprep.RunCommandTargetPreparer@8b02285' on device: '27161FDH20031X'
02-21 23:10:54 D/InvocationExecution: done with tearDown 'com.android.tradefed.targetprep.RunCommandTargetPreparer@8b02285' on device: '27161FDH20031X' in 0 ms
02-21 23:10:54 D/InvocationExecution: starting tearDown 'com.android.compatibility.common.tradefed.targetprep.WifiCheck@c614886' on device: '27161FDH20031X'
02-21 23:10:54 D/InvocationExecution: done with tearDown 'com.android.compatibility.common.tradefed.targetprep.WifiCheck@c614886' on device: '27161FDH20031X' in 0 ms
02-21 23:10:54 D/InvocationExecution: starting tearDown 'com.android.compatibility.common.tradefed.targetprep.ApkPreconditionCheck@5c2526bf' on device: '27161FDH20031X'
02-21 23:10:54 D/InvocationExecution: done with tearDown 'com.android.compatibility.common.tradefed.targetprep.ApkPreconditionCheck@5c2526bf' on device: '27161FDH20031X' in 0 ms
02-21 23:10:54 D/InvocationExecution: starting tearDown 'com.android.compatibility.common.tradefed.targetprep.SettingsPreparer@382bc4d' on device: '27161FDH20031X'
02-21 23:10:54 D/InvocationExecution: done with tearDown 'com.android.compatibility.common.tradefed.targetprep.SettingsPreparer@382bc4d' on device: '27161FDH20031X' in 0 ms
02-21 23:10:54 D/InvocationExecution: starting tearDown 'com.android.compatibility.common.tradefed.targetprep.SettingsPreparer@7fe3d843' on device: '27161FDH20031X'
02-21 23:10:54 D/InvocationExecution: done with tearDown 'com.android.compatibility.common.tradefed.targetprep.SettingsPreparer@7fe3d843' on device: '27161FDH20031X' in 0 ms
02-21 23:10:54 D/InvocationExecution: starting tearDown 'com.android.compatibility.common.tradefed.targetprep.PackageDisabler@775c6ac8' on device: '27161FDH20031X'
02-21 23:10:54 D/InvocationExecution: done with tearDown 'com.android.compatibility.common.tradefed.targetprep.PackageDisabler@775c6ac8' on device: '27161FDH20031X' in 0 ms
02-21 23:10:54 D/InvocationExecution: starting tearDown 'com.android.compatibility.common.tradefed.targetprep.StayAwakePreparer@74c31c3' on device: '27161FDH20031X'
02-21 23:10:54 D/InvocationExecution: done with tearDown 'com.android.compatibility.common.tradefed.targetprep.StayAwakePreparer@74c31c3' on device: '27161FDH20031X' in 0 ms
02-21 23:10:54 D/InvocationExecution: starting tearDown 'com.android.compatibility.common.tradefed.targetprep.DynamicConfigPusher@e986115' on device: '27161FDH20031X'
02-21 23:10:54 D/InvocationExecution: done with tearDown 'com.android.compatibility.common.tradefed.targetprep.DynamicConfigPusher@e986115' on device: '27161FDH20031X' in 0 ms
02-21 23:10:54 D/InvocationExecution: starting tearDown 'com.android.compatibility.common.tradefed.targetprep.DeviceFileCollector@404c1274' on device: '27161FDH20031X'
02-21 23:10:54 D/InvocationExecution: done with tearDown 'com.android.compatibility.common.tradefed.targetprep.DeviceFileCollector@404c1274' on device: '27161FDH20031X' in 0 ms
02-21 23:10:54 D/InvocationExecution: starting tearDown 'com.android.compatibility.common.tradefed.targetprep.DeviceFileCollector@35beb06a' on device: '27161FDH20031X'
02-21 23:10:54 D/InvocationExecution: done with tearDown 'com.android.compatibility.common.tradefed.targetprep.DeviceFileCollector@35beb06a' on device: '27161FDH20031X' in 0 ms
02-21 23:10:54 D/TestDevice: Uninstalling com.android.tradefed.utils.wifi with extra args 
02-21 23:10:54 D/WifiHelper: Successfully clean up WifiHelper.
02-21 23:10:54 D/RunUtil: Running command [id, -u, simon] with timeout: 1m 0s
02-21 23:10:54 D/RunUtil: Running command [tail, -c, 10MB, /tmp/adb.1000.log] with timeout: 1m 0s
02-21 23:10:54 D/LogFileSaver: Log data for host_adb_log is already compressed, skipping compression
02-21 23:10:54 D/FileUtil: Creating temp file at /home/simon/android-cts/tools/../../android-cts/logs/2026.02.21_23.10.04/inv_9433158287727923421 with prefix "host_adb_log_" suffix ".txt"
02-21 23:10:54 I/LogFileSaver: Saved log file /home/simon/android-cts/tools/../../android-cts/logs/2026.02.21_23.10.04/inv_9433158287727923421/host_adb_log_964570062486795160.txt. [size=14382, elapsed=0ms]
02-21 23:10:54 D/CertificationSuiteResultReporter: Saved logs for host_adb_log in /home/simon/android-cts/tools/../../android-cts/logs/2026.02.21_23.10.04/inv_9433158287727923421/host_adb_log_964570062486795160.txt
02-21 23:10:54 D/LogFileSaver: Log data for host_adb_log is already compressed, skipping compression
02-21 23:10:54 D/FileUtil: Creating temp file at /tmp/13033356/cts/inv_15299213713728936886/inv_11069800983361484480 with prefix "host_adb_log_" suffix ".txt"
02-21 23:10:54 I/LogFileSaver: Saved log file /tmp/13033356/cts/inv_15299213713728936886/inv_11069800983361484480/host_adb_log_3134528473054865691.txt. [size=14382, elapsed=0ms]
02-21 23:10:54 D/LogFileSaver: Log data for device_logcat_teardown_27161FDH20031X is already compressed, skipping compression
02-21 23:10:54 D/FileUtil: Creating temp file at /home/simon/android-cts/tools/../../android-cts/logs/2026.02.21_23.10.04/inv_9433158287727923421 with prefix "device_logcat_teardown_27161FDH20031X_" suffix ".txt"
02-21 23:10:54 I/LogFileSaver: Saved log file /home/simon/android-cts/tools/../../android-cts/logs/2026.02.21_23.10.04/inv_9433158287727923421/device_logcat_teardown_27161FDH20031X_7000533905376122928.txt. [size=9118, elapsed=0ms]
02-21 23:10:54 D/CertificationSuiteResultReporter: Saved logs for device_logcat_teardown_27161FDH20031X in /home/simon/android-cts/tools/../../android-cts/logs/2026.02.21_23.10.04/inv_9433158287727923421/device_logcat_teardown_27161FDH20031X_7000533905376122928.txt
02-21 23:10:54 D/LogFileSaver: Log data for device_logcat_teardown_27161FDH20031X is already compressed, skipping compression
02-21 23:10:54 D/FileUtil: Creating temp file at /tmp/13033356/cts/inv_15299213713728936886/inv_11069800983361484480 with prefix "device_logcat_teardown_27161FDH20031X_" suffix ".txt"
02-21 23:10:54 I/LogFileSaver: Saved log file /tmp/13033356/cts/inv_15299213713728936886/inv_11069800983361484480/device_logcat_teardown_27161FDH20031X_4381191200285833039.txt. [size=9118, elapsed=0ms]
02-21 23:10:54 I/TestInvocation: Done stopping logcat for 27161FDH20031X
02-21 23:10:54 D/BackgroundDeviceAction: com.android.ddmlib.TimeoutException while running logcat on 27161FDH20031X. May see duplicated content in log.
02-21 23:10:54 D/BackgroundDeviceAction: Waiting for device 27161FDH20031X online before starting.
02-21 23:10:54 D/CommandScheduler: TestDeviceState for releasing '27161FDH20031X(class com.android.tradefed.device.TestDevice)' is 'ONLINE'
02-21 23:10:54 I/NativeDeviceStateMonitor: Waiting 30000 ms for device 27161FDH20031X shell to be responsive
02-21 23:10:54 I/NativeDeviceStateMonitor: shell ready. id output: uid=2000(shell) gid=2000(shell) groups=2000(shell),1004(input),1007(log),1011(adb),1015(sdcard_rw),1028(sdcard_r),1078(ext_data_rw),1079(ext_obb_rw),3001(net_bt_admin),3002(net_bt),3003(inet),3006(net_bw_stats),3009(readproc),3011(uhid),3012(readtracefs) context=u:r:shell:s0

02-21 23:10:54 D/CommandScheduler: Release map of the devices: {com.android.tradefed.device.TestDevice@6ec6df64=AVAILABLE}
02-21 23:10:54 W/NativeDevice: Attempting to stop logcat when not capturing for 27161FDH20031X
02-21 23:10:54 D/TestDevice: No snapuserd notification in progress for BLOCK_BEFORE_RELEASING
