INSTRUMENTATION_STATUS: class=android.display.cts.DisplayTest
INSTRUMENTATION_STATUS: current=1
INSTRUMENTATION_STATUS: id=AndroidJUnitRunner
INSTRUMENTATION_STATUS: numtests=1
INSTRUMENTATION_STATUS: stream=
android.display.cts.DisplayTest:
INSTRUMENTATION_STATUS: test=testGetHdrCapabilitiesWhenUserDisabledFormatsAreNotAllowedReturnsFilteredHdrTypes
INSTRUMENTATION_STATUS_CODE: 1
INSTRUMENTATION_STATUS: class=android.display.cts.DisplayTest
INSTRUMENTATION_STATUS: current=1
INSTRUMENTATION_STATUS: id=AndroidJUnitRunner
INSTRUMENTATION_STATUS: numtests=1
INSTRUMENTATION_STATUS: stack=array lengths differed, expected.length=2 actual.length=0; arrays first differed at element [0]; expected:<2> but was:<end of array>
	at org.junit.internal.ComparisonCriteria.arrayEquals(ComparisonCriteria.java:89)
	at org.junit.internal.ComparisonCriteria.arrayEquals(ComparisonCriteria.java:28)
	at org.junit.Assert.internalArrayEquals(Assert.java:534)
	at org.junit.Assert.assertArrayEquals(Assert.java:418)
	at org.junit.Assert.assertArrayEquals(Assert.java:429)
	at android.display.cts.DisplayTest.testGetHdrCapabilitiesWhenUserDisabledFormatsAreNotAllowedReturnsFilteredHdrTypes(DisplayTest.java:408)

Caused by: java.lang.AssertionError: expected:<2> but was:<end of array>

FAILURES!!!
Tests run: 1,  Failures: 1

INSTRUMENTATION_CODE: -1
