02-19 23:02:51 D/Configuration: Resolve and download remote files from @Option
02-19 23:02:51 I/TestInvocation: Invocation was started with cmd: cts -m CtsDisplayTestCases -t android.display.cts.DisplayTest#testModeSwitchOnPrimaryDisplay -s 27161FDH20031X
02-19 23:02:51 D/InvocationExecution: Skip linking external directory as FileProperty was set.
02-19 23:02:51 D/RunUtil: Running command [adb, version] with timeout: 2m 0s
02-19 23:02:51 D/TestInvocation: Fetch build duration: 5 ms
02-19 23:02:51 D/ArtifactsAnalyzer: Build analysis report: BuildAnalysis [mDeviceImageChanged=true, mHasTestsArtifacts=true, mHasChangesInTests=false, imageDigests={}]
02-19 23:02:51 D/ArtifactsAnalyzer: Analysis report after test analysis: BuildAnalysis [mDeviceImageChanged=true, mHasTestsArtifacts=true, mHasChangesInTests=true, imageDigests={}]
02-19 23:02:51 D/RunUtil: Running command [adb, -s, 27161FDH20031X, shell, getprop, ro.build.version.sdk] with timeout: 45s
02-19 23:02:51 D/GlobalTestFilter: Setting up global filters
02-19 23:02:51 D/BackgroundDeviceAction: Waiting for device 27161FDH20031X online before starting.
02-19 23:02:51 D/InvocationExecution: IShardHelper selected: com.android.tradefed.invoker.shard.StrictShardHelper@6d70d05c
02-19 23:02:51 D/BackgroundDeviceAction: Device 27161FDH20031X now online.
02-19 23:02:51 D/BackgroundDeviceAction: Starting logcat for 27161FDH20031X.
02-19 23:02:51 I/TestInvocation: Starting invocation for 'cts' with '[ DeviceBuildInfo{bid=13033356, serial=27161FDH20031X} on device '27161FDH20031X'] 
02-19 23:02:51 D/FileUtil: Creating temp directory at /tmp/13033356/cts with prefix "inv_"
02-19 23:02:51 D/RunUtil: Running command [chmod, ug+rwx, /tmp/13033356/cts/inv_3965343894500954911] with timeout: 10s
02-19 23:02:51 D/FileSystemLogSaver: Using log file directory /tmp/13033356/cts/inv_3965343894500954911
02-19 23:02:51 D/FileUtil: Creating temp directory at /tmp/13033356/cts/inv_3965343894500954911 with prefix "inv_"
02-19 23:02:51 I/LogFileSaver: Using log file directory /tmp/13033356/cts/inv_3965343894500954911/inv_5292416972648222978
02-19 23:02:51 D/CompatibilityProtoResultReporter: Proto Results Directory: /home/simon/android-cts/tools/../../android-cts/results/2026.02.19_23.02.51/proto
02-19 23:02:51 D/FileUtil: Creating temp file at /home/simon/android-cts/tools/../../android-cts/results/2026.02.19_23.02.51/proto with prefix "tmp-proto" suffix ""
02-19 23:02:51 D/CompatibilityProtoResultReporter: Proto Results Directory: /home/simon/android-cts/tools/../../android-cts/results/2026.02.19_23.02.51/proto
02-19 23:02:51 D/CertificationSuiteResultReporter: Initializing result directory
02-19 23:02:51 D/CertificationSuiteResultReporter: Results Directory: /home/simon/android-cts/tools/../../android-cts/results/2026.02.19_23.02.51
02-19 23:02:51 D/CertificationSuiteResultReporter: Created log dir /home/simon/android-cts/tools/../../android-cts/logs/2026.02.19_23.02.51
02-19 23:02:51 D/FileUtil: Creating temp directory at /home/simon/android-cts/tools/../../android-cts/logs/2026.02.19_23.02.51 with prefix "inv_"
02-19 23:02:51 I/LogFileSaver: Using log file directory /home/simon/android-cts/tools/../../android-cts/logs/2026.02.19_23.02.51/inv_1248664580707606622
02-19 23:02:51 D/LogFileSaver: Log data for tradefed-expanded-config is already compressed, skipping compression
02-19 23:02:51 D/FileUtil: Creating temp file at /home/simon/android-cts/tools/../../android-cts/logs/2026.02.19_23.02.51/inv_1248664580707606622 with prefix "tradefed-expanded-config_" suffix ".xml"
02-19 23:02:51 I/LogFileSaver: Saved log file /home/simon/android-cts/tools/../../android-cts/logs/2026.02.19_23.02.51/inv_1248664580707606622/tradefed-expanded-config_18323650608528943123.xml. [size=58774, elapsed=0ms]
02-19 23:02:51 D/CertificationSuiteResultReporter: Saved logs for tradefed-expanded-config in /home/simon/android-cts/tools/../../android-cts/logs/2026.02.19_23.02.51/inv_1248664580707606622/tradefed-expanded-config_18323650608528943123.xml
02-19 23:02:51 D/LogFileSaver: Log data for tradefed-expanded-config is already compressed, skipping compression
02-19 23:02:51 D/FileUtil: Creating temp file at /tmp/13033356/cts/inv_3965343894500954911/inv_5292416972648222978 with prefix "tradefed-expanded-config_" suffix ".xml"
02-19 23:02:51 I/LogFileSaver: Saved log file /tmp/13033356/cts/inv_3965343894500954911/inv_5292416972648222978/tradefed-expanded-config_10881682688388066065.xml. [size=58774, elapsed=0ms]
02-19 23:02:51 D/InvocationExecution: Starting device pre invocation setup for : '27161FDH20031X'
02-19 23:02:51 D/DefaultConnection: Instance type for connection: GCE
02-19 23:02:51 D/DefaultConnection: Instance type for connection: GCE
02-19 23:02:51 D/NativeDevice: Using connection: com.android.tradefed.device.connection.DefaultConnection@c7eea6f (27161FDH20031X)
02-19 23:02:51 I/CommandInterrupter: Interrupt allowed
02-19 23:02:51 D/InvocationExecution: Starting setup for device: '27161FDH20031X'
02-19 23:02:51 D/InvocationExecution: starting preparer 'com.android.compatibility.common.tradefed.targetprep.DeviceFileCollector@63845e4e' on device: '27161FDH20031X'
02-19 23:02:51 D/RunUtil: Running command [adb, -s, 27161FDH20031X, shell, getprop, ro.treble.enabled] with timeout: 45s
02-19 23:02:51 D/NativeDevice: Using 'ls' to check doesFileExist(/sys/fs/selinux/policy)
02-19 23:02:51 D/RunUtil: Running command [adb, -s, 27161FDH20031X, shell, ls, '/sys/fs/selinux/policy'] with timeout: 2m 0s
02-19 23:02:51 D/InvocationExecution: done with preparer 'com.android.compatibility.common.tradefed.targetprep.DeviceFileCollector@63845e4e' on device: '27161FDH20031X' in 134 ms
02-19 23:02:51 D/InvocationExecution: starting preparer 'com.android.compatibility.common.tradefed.targetprep.DeviceFileCollector@29fd5607' on device: '27161FDH20031X'
02-19 23:02:51 D/NativeDevice: Using property ro.treble.enabled=true from cache.
02-19 23:02:51 D/NativeDevice: Using 'ls' to check doesFileExist(/proc/config.gz)
02-19 23:02:51 D/RunUtil: Running command [adb, -s, 27161FDH20031X, shell, ls, '/proc/config.gz'] with timeout: 2m 0s
02-19 23:02:51 D/InvocationExecution: done with preparer 'com.android.compatibility.common.tradefed.targetprep.DeviceFileCollector@29fd5607' on device: '27161FDH20031X' in 71 ms
02-19 23:02:51 D/InvocationExecution: starting preparer 'com.android.compatibility.common.tradefed.targetprep.DynamicConfigPusher@666f140f' on device: '27161FDH20031X'
02-19 23:02:51 I/UrlReplacement: UrlReplacement file [/home/simon/android-cts/tools/UrlReplacement.xml] does not exist
02-19 23:02:51 D/InvocationExecution: done with preparer 'com.android.compatibility.common.tradefed.targetprep.DynamicConfigPusher@666f140f' on device: '27161FDH20031X' in 200 ms
02-19 23:02:51 D/InvocationExecution: starting preparer 'com.android.compatibility.common.tradefed.targetprep.StayAwakePreparer@5702121c' on device: '27161FDH20031X'
02-19 23:02:51 D/SettingsPreparer: Changing value for stay_on_while_plugged_in from 0 to 7
02-19 23:02:51 D/InvocationExecution: done with preparer 'com.android.compatibility.common.tradefed.targetprep.StayAwakePreparer@5702121c' on device: '27161FDH20031X' in 183 ms
02-19 23:02:51 D/InvocationExecution: starting preparer 'com.android.compatibility.common.tradefed.targetprep.PackageDisabler@582a8770' on device: '27161FDH20031X'
02-19 23:02:52 D/InvocationExecution: done with preparer 'com.android.compatibility.common.tradefed.targetprep.PackageDisabler@582a8770' on device: '27161FDH20031X' in 156 ms
02-19 23:02:52 D/InvocationExecution: starting preparer 'com.android.compatibility.common.tradefed.targetprep.SettingsPreparer@43757df0' on device: '27161FDH20031X'
02-19 23:02:52 D/SettingsPreparer: Setting verifier_verify_adb_installs to value 0
02-19 23:02:52 D/InvocationExecution: done with preparer 'com.android.compatibility.common.tradefed.targetprep.SettingsPreparer@43757df0' on device: '27161FDH20031X' in 91 ms
02-19 23:02:52 D/InvocationExecution: starting preparer 'com.android.compatibility.common.tradefed.targetprep.SettingsPreparer@4e71b651' on device: '27161FDH20031X'
02-19 23:02:52 D/SettingsPreparer: Setting hide_error_dialogs to value 1
02-19 23:02:52 D/InvocationExecution: done with preparer 'com.android.compatibility.common.tradefed.targetprep.SettingsPreparer@4e71b651' on device: '27161FDH20031X' in 96 ms
02-19 23:02:52 D/InvocationExecution: starting preparer 'com.android.compatibility.common.tradefed.targetprep.ApkPreconditionCheck@72dce6c3' on device: '27161FDH20031X'
02-19 23:02:52 I/NativeDeviceStateMonitor: Device 27161FDH20031X is already ONLINE
02-19 23:02:52 I/NativeDeviceStateMonitor: Waiting 360000 ms for device 27161FDH20031X boot complete
02-19 23:02:52 I/DeviceStateMonitor: Waiting 359959 ms for device 27161FDH20031X package manager
02-19 23:02:52 I/NativeDeviceStateMonitor: Waiting 359868 ms for device 27161FDH20031X external store
02-19 23:02:52 I/ApkInstrumentationPreparer: Instrumenting package: com.android.preconditions.cts
02-19 23:02:52 D/NativeDevice: Using property ro.build.version.sdk=34 from cache.
02-19 23:02:52 D/NativeDevice: Using property ro.build.version.sdk=34 from cache.
02-19 23:02:52 D/RunUtil: Running command [adb, -s, 27161FDH20031X, shell, getprop, ro.build.version.codename] with timeout: 45s
02-19 23:02:52 D/RunUtil: Running command [adb, -s, 27161FDH20031X, shell, getprop] with timeout: 45s
02-19 23:02:52 D/NativeDevice: Using property ro.build.version.sdk=34 from cache.
02-19 23:02:52 D/RunUtil: Running command [adb, -s, 27161FDH20031X, shell, pm, list, features] with timeout: 2m 0s
02-19 23:02:53 D/NativeDevice: Using property ro.build.version.sdk=34 from cache.
02-19 23:02:53 D/NativeDevice: Using property ro.build.version.codename=REL from cache.
02-19 23:02:53 D/RunUtil: Running command [aapt2, dump, badging, /tmp/services4322620340682120297.apk] with timeout: 1m 0s
02-19 23:02:53 D/RunUtil: Running command [aapt2, dump, xmltree, /tmp/services4322620340682120297.apk, --file, AndroidManifest.xml] with timeout: 1m 0s
02-19 23:02:53 D/TestAppInstallSetup: Installing apk androidx.test.services with [/tmp/services4322620340682120297.apk] ...
02-19 23:02:53 D/NativeDevice: Using property ro.build.version.sdk=34 from cache.
02-19 23:02:53 D/RunUtil: Running command [aapt, dump, badging, /tmp/services4322620340682120297.apk] with timeout: 1m 0s
02-19 23:02:53 D/RunUtil: Running command [aapt, dump, xmltree, /tmp/services4322620340682120297.apk, AndroidManifest.xml] with timeout: 1m 0s
02-19 23:02:53 D/NativeDevice: Using property ro.build.version.sdk=34 from cache.
02-19 23:02:53 D/RunUtil: Running command [adb, -s, 27161FDH20031X, shell, appops, set, --user, 0, --uid, androidx.test.services, MANAGE_EXTERNAL_STORAGE, 0] with timeout: 2m 0s
02-19 23:02:53 D/RunUtil: Running command [adb, -s, 27161FDH20031X, shell, appops, write-settings] with timeout: 2m 0s
02-19 23:02:53 D/RunUtil: Running command [adb, -s, 27161FDH20031X, shell, dumpsys, deviceidle, whitelist, +androidx.test.services] with timeout: 2m 0s
02-19 23:02:53 D/AndroidJUnitTest: stdout: Added: androidx.test.services

stderr: 
02-19 23:02:53 D/NativeDevice: Using property ro.build.version.sdk=34 from cache.
02-19 23:02:53 D/NativeDevice: Using property ro.build.version.codename=REL from cache.
02-19 23:02:53 D/NativeDevice: Using property ro.build.version.sdk=34 from cache.
02-19 23:02:54 D/RunUtil: Running command [aapt, dump, badging, /home/simon/android-cts/tools/../../android-cts/testcases/CtsPreconditions/arm64/CtsPreconditions.apk] with timeout: 1m 0s
02-19 23:02:54 D/RunUtil: Running command [aapt, dump, xmltree, /home/simon/android-cts/tools/../../android-cts/testcases/CtsPreconditions/arm64/CtsPreconditions.apk, AndroidManifest.xml] with timeout: 1m 0s
02-19 23:02:54 D/RunUtil: Running command [adb, -s, 27161FDH20031X, shell, appops, write-settings] with timeout: 2m 0s
02-19 23:02:54 D/ListInstrumentationParser: instrumentation:com.android.preconditions.cts/androidx.test.runner.AndroidJUnitRunner (target=com.android.preconditions.cts)
02-19 23:02:54 D/ListInstrumentationParser: 
02-19 23:02:54 I/InstrumentationTest: No runner name specified. Using: androidx.test.runner.AndroidJUnitRunner.
02-19 23:02:54 D/NativeDevice: Using property ro.build.version.sdk=34 from cache.
02-19 23:02:54 D/NativeDevice: Using property ro.build.version.sdk=34 from cache.
02-19 23:02:54 D/InstrumentationTest: Initializing com.android.tradefed.device.metric.CountTestCasesCollector for instrumentation.
02-19 23:02:54 I/RemoteAndroidTestRunner: Running am instrument -w -r --no-isolated-storage  -e useTestStorageService true -e newRunListenerMode true -e timeout_msec 300000 com.android.preconditions.cts/androidx.test.runner.AndroidJUnitRunner on google-aosp_on_panther-27161FDH20031X
02-19 23:02:55 D/TestDevice: Uninstalling com.android.preconditions.cts with extra args 
02-19 23:02:55 D/TestDevice: Uninstalling androidx.test.services with extra args 
02-19 23:02:55 D/ApkInstrumentationPreparer: Target preparation successful
02-19 23:02:55 D/InvocationExecution: done with preparer 'com.android.compatibility.common.tradefed.targetprep.ApkPreconditionCheck@72dce6c3' on device: '27161FDH20031X' in 3s
02-19 23:02:55 D/InvocationExecution: starting preparer 'com.android.compatibility.common.tradefed.targetprep.WifiCheck@1936ba10' on device: '27161FDH20031X'
02-19 23:02:55 I/NativeDeviceStateMonitor: Device 27161FDH20031X is already ONLINE
02-19 23:02:55 I/NativeDeviceStateMonitor: Waiting 360000 ms for device 27161FDH20031X boot complete
02-19 23:02:55 I/DeviceStateMonitor: Waiting 359959 ms for device 27161FDH20031X package manager
02-19 23:02:55 I/NativeDeviceStateMonitor: Waiting 359924 ms for device 27161FDH20031X external store
02-19 23:02:55 D/NativeDevice: Using property ro.build.version.sdk=34 from cache.
02-19 23:02:55 D/NativeDevice: Using property ro.build.version.codename=REL from cache.
02-19 23:02:55 D/NativeDevice: Using property ro.build.version.sdk=34 from cache.
02-19 23:02:56 D/RunUtil: Running command [aapt, dump, badging, /tmp/WifiUtil.apk133649159534036366.apk] with timeout: 1m 0s
02-19 23:02:56 D/RunUtil: Running command [aapt, dump, xmltree, /tmp/WifiUtil.apk133649159534036366.apk, AndroidManifest.xml] with timeout: 1m 0s
02-19 23:02:56 D/RunUtil: Running command [adb, -s, 27161FDH20031X, shell, appops, write-settings] with timeout: 2m 0s
02-19 23:02:56 I/WifiCheck: Wifi is connected
02-19 23:02:56 D/InvocationExecution: done with preparer 'com.android.compatibility.common.tradefed.targetprep.WifiCheck@1936ba10' on device: '27161FDH20031X' in 1s
02-19 23:02:56 D/InvocationExecution: starting preparer 'com.android.tradefed.targetprep.RunCommandTargetPreparer@491388fb' on device: '27161FDH20031X'
02-19 23:02:56 D/RunUtil: Running command [adb, -s, 27161FDH20031X, shell, rm, -rf, /sdcard/device-info-files] with timeout: 2m 0s
02-19 23:02:57 D/RunUtil: Running command [adb, -s, 27161FDH20031X, shell, rm, -rf, /sdcard/report-log-files] with timeout: 2m 0s
02-19 23:02:57 D/RunUtil: Running command [adb, -s, 27161FDH20031X, shell, locksettings, set-disabled, true] with timeout: 2m 0s
02-19 23:02:57 D/InvocationExecution: done with preparer 'com.android.tradefed.targetprep.RunCommandTargetPreparer@491388fb' on device: '27161FDH20031X' in 230 ms
02-19 23:02:57 D/InvocationExecution: starting preparer 'com.android.compatibility.common.tradefed.targetprep.DeviceInfoCollector@3f43762d' on device: '27161FDH20031X'
02-19 23:02:57 D/RunUtil: Running command [adb, -s, 27161FDH20031X, shell, getprop, ro.product.model] with timeout: 45s
02-19 23:02:57 D/RunUtil: Running command [adb, -s, 27161FDH20031X, shell, getprop, ro.product.device] with timeout: 45s
02-19 23:02:57 D/NativeDevice: Using property ro.build.id=AP2A.240905.003 from cache.
02-19 23:02:57 D/RunUtil: Running command [adb, -s, 27161FDH20031X, shell, getprop, ro.bootimage.build.fingerprint] with timeout: 45s
02-19 23:02:57 D/NativeDevice: Using property ro.build.version.sdk=34 from cache.
02-19 23:02:57 D/RunUtil: Running command [adb, -s, 27161FDH20031X, shell, getprop, ro.product.manufacturer] with timeout: 45s
02-19 23:02:57 D/RunUtil: Running command [adb, -s, 27161FDH20031X, shell, getprop, ro.serialno] with timeout: 45s
02-19 23:02:57 D/RunUtil: Running command [adb, -s, 27161FDH20031X, shell, getprop, ro.build.version.security_patch] with timeout: 45s
02-19 23:02:57 D/RunUtil: Running command [adb, -s, 27161FDH20031X, shell, getprop, ro.product.cpu.abilist32] with timeout: 45s
02-19 23:02:57 D/RunUtil: Running command [adb, -s, 27161FDH20031X, shell, getprop, ro.build.reference.fingerprint] with timeout: 45s
02-19 23:02:57 D/RunUtil: Running command [adb, -s, 27161FDH20031X, shell, getprop, ro.product.cpu.abi] with timeout: 45s
02-19 23:02:57 D/RunUtil: Running command [adb, -s, 27161FDH20031X, shell, getprop, ro.product.cpu.abilist64] with timeout: 45s
02-19 23:02:57 D/RunUtil: Running command [adb, -s, 27161FDH20031X, shell, getprop, ro.product.name] with timeout: 45s
02-19 23:02:57 D/RunUtil: Running command [adb, -s, 27161FDH20031X, shell, getprop, ro.build.tags] with timeout: 45s
02-19 23:02:57 D/RunUtil: Running command [adb, -s, 27161FDH20031X, shell, getprop, ro.build.version.incremental] with timeout: 45s
02-19 23:02:57 D/RunUtil: Running command [adb, -s, 27161FDH20031X, shell, getprop, ro.product.brand] with timeout: 45s
02-19 23:02:57 D/RunUtil: Running command [adb, -s, 27161FDH20031X, shell, getprop, ro.build.fingerprint] with timeout: 45s
02-19 23:02:57 D/RunUtil: Running command [adb, -s, 27161FDH20031X, shell, getprop, ro.vendor.build.fingerprint] with timeout: 45s
02-19 23:02:57 D/RunUtil: Running command [adb, -s, 27161FDH20031X, shell, getprop, ro.build.version.base_os] with timeout: 45s
02-19 23:02:57 D/RunUtil: Running command [adb, -s, 27161FDH20031X, shell, getprop, ro.product.cpu.abilist] with timeout: 45s
02-19 23:02:58 D/RunUtil: Running command [adb, -s, 27161FDH20031X, shell, getprop, ro.product.board] with timeout: 45s
02-19 23:02:58 D/RunUtil: Running command [adb, -s, 27161FDH20031X, shell, getprop, ro.build.type] with timeout: 45s
02-19 23:02:58 D/RunUtil: Running command [adb, -s, 27161FDH20031X, shell, getprop, ro.build.version.release] with timeout: 45s
02-19 23:02:58 D/RunUtil: Running command [adb, -s, 27161FDH20031X, shell, getprop, ro.product.cpu.abi2] with timeout: 45s
02-19 23:02:58 I/NativeDeviceStateMonitor: Device 27161FDH20031X is already ONLINE
02-19 23:02:58 I/NativeDeviceStateMonitor: Waiting 360000 ms for device 27161FDH20031X boot complete
02-19 23:02:58 I/DeviceStateMonitor: Waiting 359918 ms for device 27161FDH20031X package manager
02-19 23:02:58 I/NativeDeviceStateMonitor: Waiting 359817 ms for device 27161FDH20031X external store
02-19 23:02:58 I/ApkInstrumentationPreparer: Instrumenting package: com.android.compatibility.common.deviceinfo
02-19 23:02:58 D/NativeDevice: Using property ro.build.version.sdk=34 from cache.
02-19 23:02:58 D/NativeDevice: Using property ro.build.version.sdk=34 from cache.
02-19 23:02:58 D/NativeDevice: Using property ro.build.version.codename=REL from cache.
02-19 23:02:58 D/NativeDevice: Using property ro.build.version.sdk=34 from cache.
02-19 23:02:58 D/RunUtil: Running command [adb, -s, 27161FDH20031X, shell, pm, list, features] with timeout: 2m 0s
02-19 23:02:58 D/NativeDevice: Using property ro.build.version.sdk=34 from cache.
02-19 23:02:58 D/NativeDevice: Using property ro.build.version.codename=REL from cache.
02-19 23:02:58 D/RunUtil: Running command [aapt2, dump, badging, /tmp/services1989185581956166236.apk] with timeout: 1m 0s
02-19 23:02:58 D/RunUtil: Running command [aapt2, dump, xmltree, /tmp/services1989185581956166236.apk, --file, AndroidManifest.xml] with timeout: 1m 0s
02-19 23:02:58 D/TestAppInstallSetup: Installing apk androidx.test.services with [/tmp/services1989185581956166236.apk] ...
02-19 23:02:58 D/NativeDevice: Using property ro.build.version.sdk=34 from cache.
02-19 23:02:59 D/RunUtil: Running command [aapt, dump, badging, /tmp/services1989185581956166236.apk] with timeout: 1m 0s
02-19 23:02:59 D/RunUtil: Running command [aapt, dump, xmltree, /tmp/services1989185581956166236.apk, AndroidManifest.xml] with timeout: 1m 0s
02-19 23:02:59 D/NativeDevice: Using property ro.build.version.sdk=34 from cache.
02-19 23:02:59 D/RunUtil: Running command [adb, -s, 27161FDH20031X, shell, appops, set, --user, 0, --uid, androidx.test.services, MANAGE_EXTERNAL_STORAGE, 0] with timeout: 2m 0s
02-19 23:02:59 D/RunUtil: Running command [adb, -s, 27161FDH20031X, shell, appops, write-settings] with timeout: 2m 0s
02-19 23:02:59 D/RunUtil: Running command [adb, -s, 27161FDH20031X, shell, dumpsys, deviceidle, whitelist, +androidx.test.services] with timeout: 2m 0s
02-19 23:02:59 D/AndroidJUnitTest: stdout: Added: androidx.test.services

stderr: 
02-19 23:02:59 D/NativeDevice: Using property ro.build.version.sdk=34 from cache.
02-19 23:02:59 D/NativeDevice: Using property ro.build.version.codename=REL from cache.
02-19 23:02:59 D/NativeDevice: Using property ro.build.version.sdk=34 from cache.
02-19 23:03:00 D/RunUtil: Running command [aapt, dump, badging, /home/simon/android-cts/tools/../../android-cts/testcases/CtsDeviceInfo/arm64/CtsDeviceInfo.apk] with timeout: 1m 0s
02-19 23:03:00 D/RunUtil: Running command [aapt, dump, xmltree, /home/simon/android-cts/tools/../../android-cts/testcases/CtsDeviceInfo/arm64/CtsDeviceInfo.apk, AndroidManifest.xml] with timeout: 1m 0s
02-19 23:03:00 D/RunUtil: Running command [adb, -s, 27161FDH20031X, shell, appops, write-settings] with timeout: 2m 0s
02-19 23:03:00 D/ListInstrumentationParser: instrumentation:com.android.compatibility.common.deviceinfo/androidx.test.runner.AndroidJUnitRunner (target=com.android.compatibility.common.deviceinfo)
02-19 23:03:00 D/ListInstrumentationParser: instrumentation:com.android.tradefed.utils.wifi/.WifiUtil (target=com.android.tradefed.utils.wifi)
02-19 23:03:00 D/ListInstrumentationParser: 
02-19 23:03:00 I/InstrumentationTest: No runner name specified. Using: androidx.test.runner.AndroidJUnitRunner.
02-19 23:03:00 D/NativeDevice: Using property ro.build.version.sdk=34 from cache.
02-19 23:03:00 D/NativeDevice: Using property ro.build.version.sdk=34 from cache.
02-19 23:03:00 D/InstrumentationTest: Initializing com.android.tradefed.device.metric.CountTestCasesCollector for instrumentation.
02-19 23:03:00 I/RemoteAndroidTestRunner: Running am instrument -w -r --no-isolated-storage  -e useTestStorageService true -e newRunListenerMode true -e timeout_msec 300000 com.android.compatibility.common.deviceinfo/androidx.test.runner.AndroidJUnitRunner on google-aosp_on_panther-27161FDH20031X
02-19 23:03:14 D/TestDevice: Uninstalling com.android.compatibility.common.deviceinfo with extra args 
02-19 23:03:14 D/TestDevice: Uninstalling androidx.test.services with extra args 
02-19 23:03:14 W/ApkInstrumentationPreparer: Target preparation step com.android.compatibility.common.deviceinfo.KeystoreAttestationDeviceInfo#testCollectDeviceInfo failed.
junit.framework.AssertionFailedError: KeystoreAttestationDeviceInfo collection completed. expected:<COMPLETED> but was:<FAILED>
	at junit.framework.Assert.fail(Assert.java:50)
	at junit.framework.Assert.failNotEquals(Assert.java:287)
	at junit.framework.Assert.assertEquals(Assert.java:67)
	at com.android.compatibility.common.deviceinfo.DeviceInfo.testCollectDeviceInfo(DeviceInfo.java:112)
	at java.lang.reflect.Method.invoke(Native Method)
	at android.test.InstrumentationTestCase.runMethod(InstrumentationTestCase.java:220)
	at android.test.InstrumentationTestCase.runTest(InstrumentationTestCase.java:205)

02-19 23:03:14 D/NativeDevice: Using property ro.build.version.sdk=34 from cache.
02-19 23:03:14 D/NativeDevice: Using 'ls' to check doesFileExist(/storage/emulated/0/device-info-files/)
02-19 23:03:14 D/RunUtil: Running command [adb, -s, 27161FDH20031X, shell, ls, '/storage/emulated/0/device-info-files/'] with timeout: 2m 0s
02-19 23:03:15 D/FileUtil: Creating temp file at /tmp/13033356/cts/inv_3965343894500954911/inv_5292416972648222978 with prefix "ConfigurationDeviceInfo.deviceinfo.json_" suffix ".txt.gz"
02-19 23:03:15 I/LogFileSaver: Saved gzip log file /tmp/13033356/cts/inv_3965343894500954911/inv_5292416972648222978/ConfigurationDeviceInfo.deviceinfo.json_11118336389102794302.txt.gz. [size=10, elapsed=1ms]
02-19 23:03:15 D/FileUtil: Creating temp file at /tmp/13033356/cts/inv_3965343894500954911/inv_5292416972648222978 with prefix "StorageDeviceInfo.deviceinfo.json_" suffix ".txt.gz"
02-19 23:03:15 I/LogFileSaver: Saved gzip log file /tmp/13033356/cts/inv_3965343894500954911/inv_5292416972648222978/StorageDeviceInfo.deviceinfo.json_5486497162311092315.txt.gz. [size=10, elapsed=0ms]
02-19 23:03:15 D/FileUtil: Creating temp file at /home/simon/android-cts/tools/../../android-cts/logs/2026.02.19_23.02.51/inv_1248664580707606622 with prefix "framework_manifest.xml_" suffix ".txt.gz"
02-19 23:03:15 I/LogFileSaver: Saved gzip log file /home/simon/android-cts/tools/../../android-cts/logs/2026.02.19_23.02.51/inv_1248664580707606622/framework_manifest.xml_8665433012680634166.txt.gz. [size=10, elapsed=0ms]
02-19 23:03:15 D/CertificationSuiteResultReporter: Saved logs for framework_manifest.xml in /home/simon/android-cts/tools/../../android-cts/logs/2026.02.19_23.02.51/inv_1248664580707606622/framework_manifest.xml_8665433012680634166.txt.gz
02-19 23:03:15 D/FileUtil: Creating temp file at /tmp/13033356/cts/inv_3965343894500954911/inv_5292416972648222978 with prefix "framework_manifest.xml_" suffix ".txt.gz"
02-19 23:03:15 I/LogFileSaver: Saved gzip log file /tmp/13033356/cts/inv_3965343894500954911/inv_5292416972648222978/framework_manifest.xml_4803289185014511794.txt.gz. [size=10, elapsed=0ms]
02-19 23:03:15 D/FileUtil: Creating temp file at /home/simon/android-cts/tools/../../android-cts/logs/2026.02.19_23.02.51/inv_1248664580707606622 with prefix "device_compatibility_matrix.xml_" suffix ".txt.gz"
02-19 23:03:15 I/LogFileSaver: Saved gzip log file /home/simon/android-cts/tools/../../android-cts/logs/2026.02.19_23.02.51/inv_1248664580707606622/device_compatibility_matrix.xml_16592296116075206205.txt.gz. [size=10, elapsed=0ms]
02-19 23:03:15 D/CertificationSuiteResultReporter: Saved logs for device_compatibility_matrix.xml in /home/simon/android-cts/tools/../../android-cts/logs/2026.02.19_23.02.51/inv_1248664580707606622/device_compatibility_matrix.xml_16592296116075206205.txt.gz
02-19 23:03:15 D/FileUtil: Creating temp file at /tmp/13033356/cts/inv_3965343894500954911/inv_5292416972648222978 with prefix "device_compatibility_matrix.xml_" suffix ".txt.gz"
02-19 23:03:15 I/LogFileSaver: Saved gzip log file /tmp/13033356/cts/inv_3965343894500954911/inv_5292416972648222978/device_compatibility_matrix.xml_13743080993636226863.txt.gz. [size=10, elapsed=0ms]
02-19 23:03:15 D/FileUtil: Creating temp file at /tmp/13033356/cts/inv_3965343894500954911/inv_5292416972648222978 with prefix "UserDeviceInfo.deviceinfo.json_" suffix ".txt.gz"
02-19 23:03:15 I/LogFileSaver: Saved gzip log file /tmp/13033356/cts/inv_3965343894500954911/inv_5292416972648222978/UserDeviceInfo.deviceinfo.json_308388730383317311.txt.gz. [size=10, elapsed=0ms]
02-19 23:03:15 D/FileUtil: Creating temp file at /tmp/13033356/cts/inv_3965343894500954911/inv_5292416972648222978 with prefix "MediaDeviceInfo.deviceinfo.json_" suffix ".txt.gz"
02-19 23:03:15 I/LogFileSaver: Saved gzip log file /tmp/13033356/cts/inv_3965343894500954911/inv_5292416972648222978/MediaDeviceInfo.deviceinfo.json_4453623820875522972.txt.gz. [size=10, elapsed=1ms]
02-19 23:03:15 D/FileUtil: Creating temp file at /home/simon/android-cts/tools/../../android-cts/logs/2026.02.19_23.02.51/inv_1248664580707606622 with prefix "device_manifest.xml_" suffix ".txt.gz"
02-19 23:03:15 I/LogFileSaver: Saved gzip log file /home/simon/android-cts/tools/../../android-cts/logs/2026.02.19_23.02.51/inv_1248664580707606622/device_manifest.xml_1432530029382767290.txt.gz. [size=10, elapsed=0ms]
02-19 23:03:15 D/CertificationSuiteResultReporter: Saved logs for device_manifest.xml in /home/simon/android-cts/tools/../../android-cts/logs/2026.02.19_23.02.51/inv_1248664580707606622/device_manifest.xml_1432530029382767290.txt.gz
02-19 23:03:15 D/FileUtil: Creating temp file at /tmp/13033356/cts/inv_3965343894500954911/inv_5292416972648222978 with prefix "device_manifest.xml_" suffix ".txt.gz"
02-19 23:03:15 I/LogFileSaver: Saved gzip log file /tmp/13033356/cts/inv_3965343894500954911/inv_5292416972648222978/device_manifest.xml_8360144673780719410.txt.gz. [size=10, elapsed=0ms]
02-19 23:03:15 D/FileUtil: Creating temp file at /tmp/13033356/cts/inv_3965343894500954911/inv_5292416972648222978 with prefix "KeystoreAttestationDeviceInfo.deviceinfo.json_" suffix ".txt.gz"
02-19 23:03:15 I/LogFileSaver: Saved gzip log file /tmp/13033356/cts/inv_3965343894500954911/inv_5292416972648222978/KeystoreAttestationDeviceInfo.deviceinfo.json_16788033712912996459.txt.gz. [size=10, elapsed=0ms]
02-19 23:03:15 D/FileUtil: Creating temp file at /tmp/13033356/cts/inv_3965343894500954911/inv_5292416972648222978 with prefix "MediaDrmDeviceInfo.deviceinfo.json_" suffix ".txt.gz"
02-19 23:03:15 I/LogFileSaver: Saved gzip log file /tmp/13033356/cts/inv_3965343894500954911/inv_5292416972648222978/MediaDrmDeviceInfo.deviceinfo.json_4393645054537127114.txt.gz. [size=10, elapsed=0ms]
02-19 23:03:15 D/FileUtil: Creating temp file at /tmp/13033356/cts/inv_3965343894500954911/inv_5292416972648222978 with prefix "CpuDeviceInfo.deviceinfo.json_" suffix ".txt.gz"
02-19 23:03:15 I/LogFileSaver: Saved gzip log file /tmp/13033356/cts/inv_3965343894500954911/inv_5292416972648222978/CpuDeviceInfo.deviceinfo.json_10403739221342895998.txt.gz. [size=10, elapsed=1ms]
02-19 23:03:15 D/FileUtil: Creating temp file at /tmp/13033356/cts/inv_3965343894500954911/inv_5292416972648222978 with prefix "ClientIdDeviceInfo.deviceinfo.json_" suffix ".txt.gz"
02-19 23:03:15 I/LogFileSaver: Saved gzip log file /tmp/13033356/cts/inv_3965343894500954911/inv_5292416972648222978/ClientIdDeviceInfo.deviceinfo.json_8746568691943129599.txt.gz. [size=10, elapsed=0ms]
02-19 23:03:15 D/FileUtil: Creating temp file at /tmp/13033356/cts/inv_3965343894500954911/inv_5292416972648222978 with prefix "VulkanDeviceInfo.deviceinfo.json_" suffix ".txt.gz"
02-19 23:03:15 I/LogFileSaver: Saved gzip log file /tmp/13033356/cts/inv_3965343894500954911/inv_5292416972648222978/VulkanDeviceInfo.deviceinfo.json_14322907330125690183.txt.gz. [size=10, elapsed=0ms]
02-19 23:03:15 D/FileUtil: Creating temp file at /tmp/13033356/cts/inv_3965343894500954911/inv_5292416972648222978 with prefix "ScreenDeviceInfo.deviceinfo.json_" suffix ".txt.gz"
02-19 23:03:15 I/LogFileSaver: Saved gzip log file /tmp/13033356/cts/inv_3965343894500954911/inv_5292416972648222978/ScreenDeviceInfo.deviceinfo.json_8776843924085678414.txt.gz. [size=10, elapsed=0ms]
02-19 23:03:15 D/FileUtil: Creating temp file at /tmp/13033356/cts/inv_3965343894500954911/inv_5292416972648222978 with prefix "DefaultAppDeviceInfo.deviceinfo.json_" suffix ".txt.gz"
02-19 23:03:15 I/LogFileSaver: Saved gzip log file /tmp/13033356/cts/inv_3965343894500954911/inv_5292416972648222978/DefaultAppDeviceInfo.deviceinfo.json_5705194440541279643.txt.gz. [size=10, elapsed=0ms]
02-19 23:03:15 D/FileUtil: Creating temp file at /tmp/13033356/cts/inv_3965343894500954911/inv_5292416972648222978 with prefix "HapticsDeviceInfo.deviceinfo.json_" suffix ".txt.gz"
02-19 23:03:15 I/LogFileSaver: Saved gzip log file /tmp/13033356/cts/inv_3965343894500954911/inv_5292416972648222978/HapticsDeviceInfo.deviceinfo.json_13836484744461297011.txt.gz. [size=10, elapsed=0ms]
02-19 23:03:15 D/FileUtil: Creating temp file at /tmp/13033356/cts/inv_3965343894500954911/inv_5292416972648222978 with prefix "GenericDeviceInfo.deviceinfo.json_" suffix ".txt.gz"
02-19 23:03:15 I/LogFileSaver: Saved gzip log file /tmp/13033356/cts/inv_3965343894500954911/inv_5292416972648222978/GenericDeviceInfo.deviceinfo.json_4071496524890036682.txt.gz. [size=10, elapsed=0ms]
02-19 23:03:15 D/FileUtil: Creating temp file at /tmp/13033356/cts/inv_3965343894500954911/inv_5292416972648222978 with prefix "PackageDeviceInfo.deviceinfo.json_" suffix ".txt.gz"
02-19 23:03:15 I/LogFileSaver: Saved gzip log file /tmp/13033356/cts/inv_3965343894500954911/inv_5292416972648222978/PackageDeviceInfo.deviceinfo.json_9692522747162321727.txt.gz. [size=23667, elapsed=2ms]
02-19 23:03:15 D/FileUtil: Creating temp file at /tmp/13033356/cts/inv_3965343894500954911/inv_5292416972648222978 with prefix "VintfDeviceInfo.deviceinfo.json_" suffix ".txt.gz"
02-19 23:03:15 I/LogFileSaver: Saved gzip log file /tmp/13033356/cts/inv_3965343894500954911/inv_5292416972648222978/VintfDeviceInfo.deviceinfo.json_4396084148347455784.txt.gz. [size=10, elapsed=0ms]
02-19 23:03:15 D/FileUtil: Creating temp file at /tmp/13033356/cts/inv_3965343894500954911/inv_5292416972648222978 with prefix "DeviceIdleDeviceInfo.deviceinfo.json_" suffix ".txt.gz"
02-19 23:03:15 I/LogFileSaver: Saved gzip log file /tmp/13033356/cts/inv_3965343894500954911/inv_5292416972648222978/DeviceIdleDeviceInfo.deviceinfo.json_5930914071491965244.txt.gz. [size=10, elapsed=0ms]
02-19 23:03:15 D/FileUtil: Creating temp file at /tmp/13033356/cts/inv_3965343894500954911/inv_5292416972648222978 with prefix "SensorDeviceInfo.deviceinfo.json_" suffix ".txt.gz"
02-19 23:03:15 I/LogFileSaver: Saved gzip log file /tmp/13033356/cts/inv_3965343894500954911/inv_5292416972648222978/SensorDeviceInfo.deviceinfo.json_14103431931774238868.txt.gz. [size=10, elapsed=0ms]
02-19 23:03:15 D/FileUtil: Creating temp file at /tmp/13033356/cts/inv_3965343894500954911/inv_5292416972648222978 with prefix "MemoryDeviceInfo.deviceinfo.json_" suffix ".txt.gz"
02-19 23:03:15 I/LogFileSaver: Saved gzip log file /tmp/13033356/cts/inv_3965343894500954911/inv_5292416972648222978/MemoryDeviceInfo.deviceinfo.json_6737184582732958464.txt.gz. [size=10, elapsed=1ms]
02-19 23:03:15 D/FileUtil: Creating temp file at /tmp/13033356/cts/inv_3965343894500954911/inv_5292416972648222978 with prefix "ConnectivityDeviceInfo.deviceinfo.json_" suffix ".txt.gz"
02-19 23:03:15 I/LogFileSaver: Saved gzip log file /tmp/13033356/cts/inv_3965343894500954911/inv_5292416972648222978/ConnectivityDeviceInfo.deviceinfo.json_4973111300539924496.txt.gz. [size=10, elapsed=0ms]
02-19 23:03:15 D/FileUtil: Creating temp file at /tmp/13033356/cts/inv_3965343894500954911/inv_5292416972648222978 with prefix "BiometricsDeviceInfo.deviceinfo.json_" suffix ".txt.gz"
02-19 23:03:15 I/LogFileSaver: Saved gzip log file /tmp/13033356/cts/inv_3965343894500954911/inv_5292416972648222978/BiometricsDeviceInfo.deviceinfo.json_5893146890814976936.txt.gz. [size=10, elapsed=0ms]
02-19 23:03:15 D/FileUtil: Creating temp file at /tmp/13033356/cts/inv_3965343894500954911/inv_5292416972648222978 with prefix "LocaleDeviceInfo.deviceinfo.json_" suffix ".txt.gz"
02-19 23:03:15 I/LogFileSaver: Saved gzip log file /tmp/13033356/cts/inv_3965343894500954911/inv_5292416972648222978/LocaleDeviceInfo.deviceinfo.json_10152488218026505559.txt.gz. [size=10, elapsed=0ms]
02-19 23:03:15 D/FileUtil: Creating temp file at /tmp/13033356/cts/inv_3965343894500954911/inv_5292416972648222978 with prefix "GraphicsDeviceInfo.deviceinfo.json_" suffix ".txt.gz"
02-19 23:03:15 I/LogFileSaver: Saved gzip log file /tmp/13033356/cts/inv_3965343894500954911/inv_5292416972648222978/GraphicsDeviceInfo.deviceinfo.json_9149700468847201786.txt.gz. [size=10, elapsed=0ms]
02-19 23:03:15 D/FileUtil: Creating temp file at /tmp/13033356/cts/inv_3965343894500954911/inv_5292416972648222978 with prefix "AppStandbyDeviceInfo.deviceinfo.json_" suffix ".txt.gz"
02-19 23:03:15 I/LogFileSaver: Saved gzip log file /tmp/13033356/cts/inv_3965343894500954911/inv_5292416972648222978/AppStandbyDeviceInfo.deviceinfo.json_10279715236548578210.txt.gz. [size=10, elapsed=0ms]
02-19 23:03:15 D/FileUtil: Creating temp file at /home/simon/android-cts/tools/../../android-cts/logs/2026.02.19_23.02.51/inv_1248664580707606622 with prefix "framework_compatibility_matrix.xml_" suffix ".txt.gz"
02-19 23:03:15 I/LogFileSaver: Saved gzip log file /home/simon/android-cts/tools/../../android-cts/logs/2026.02.19_23.02.51/inv_1248664580707606622/framework_compatibility_matrix.xml_5680920514398834719.txt.gz. [size=10, elapsed=1ms]
02-19 23:03:15 D/CertificationSuiteResultReporter: Saved logs for framework_compatibility_matrix.xml in /home/simon/android-cts/tools/../../android-cts/logs/2026.02.19_23.02.51/inv_1248664580707606622/framework_compatibility_matrix.xml_5680920514398834719.txt.gz
02-19 23:03:15 D/FileUtil: Creating temp file at /tmp/13033356/cts/inv_3965343894500954911/inv_5292416972648222978 with prefix "framework_compatibility_matrix.xml_" suffix ".txt.gz"
02-19 23:03:15 I/LogFileSaver: Saved gzip log file /tmp/13033356/cts/inv_3965343894500954911/inv_5292416972648222978/framework_compatibility_matrix.xml_12638757057871774885.txt.gz. [size=10, elapsed=1ms]
02-19 23:03:15 D/FileUtil: Creating temp file at /tmp/13033356/cts/inv_3965343894500954911/inv_5292416972648222978 with prefix "FeatureDeviceInfo.deviceinfo.json_" suffix ".txt.gz"
02-19 23:03:15 I/LogFileSaver: Saved gzip log file /tmp/13033356/cts/inv_3965343894500954911/inv_5292416972648222978/FeatureDeviceInfo.deviceinfo.json_9757713181317007566.txt.gz. [size=10, elapsed=0ms]
02-19 23:03:15 D/FileUtil: Creating temp file at /tmp/13033356/cts/inv_3965343894500954911/inv_5292416972648222978 with prefix "InputDeviceInfo.deviceinfo.json_" suffix ".txt.gz"
02-19 23:03:15 I/LogFileSaver: Saved gzip log file /tmp/13033356/cts/inv_3965343894500954911/inv_5292416972648222978/InputDeviceInfo.deviceinfo.json_6172098127300838643.txt.gz. [size=10, elapsed=1ms]
02-19 23:03:15 D/FileUtil: Creating temp file at /tmp/13033356/cts/inv_3965343894500954911/inv_5292416972648222978 with prefix "MediaOutputDeviceInfo.deviceinfo.json_" suffix ".txt.gz"
02-19 23:03:15 I/LogFileSaver: Saved gzip log file /tmp/13033356/cts/inv_3965343894500954911/inv_5292416972648222978/MediaOutputDeviceInfo.deviceinfo.json_10087719999443586032.txt.gz. [size=10, elapsed=0ms]
02-19 23:03:15 D/FileUtil: Creating temp file at /tmp/13033356/cts/inv_3965343894500954911/inv_5292416972648222978 with prefix "GnssDeviceInfo.deviceinfo.json_" suffix ".txt.gz"
02-19 23:03:15 I/LogFileSaver: Saved gzip log file /tmp/13033356/cts/inv_3965343894500954911/inv_5292416972648222978/GnssDeviceInfo.deviceinfo.json_12862196591234426713.txt.gz. [size=10, elapsed=0ms]
02-19 23:03:15 D/FileUtil: Creating temp file at /tmp/13033356/cts/inv_3965343894500954911/inv_5292416972648222978 with prefix "CameraDeviceInfo.deviceinfo.json_" suffix ".txt.gz"
02-19 23:03:15 I/LogFileSaver: Saved gzip log file /tmp/13033356/cts/inv_3965343894500954911/inv_5292416972648222978/CameraDeviceInfo.deviceinfo.json_18071983177805820625.txt.gz. [size=10, elapsed=1ms]
02-19 23:03:15 D/InvocationExecution: done with preparer 'com.android.compatibility.common.tradefed.targetprep.DeviceInfoCollector@3f43762d' on device: '27161FDH20031X' in 18s
02-19 23:03:15 D/InvocationExecution: starting preparer 'com.android.compatibility.common.tradefed.targetprep.ReportLogCollector@2f4612af' on device: '27161FDH20031X'
02-19 23:03:15 D/InvocationExecution: done with preparer 'com.android.compatibility.common.tradefed.targetprep.ReportLogCollector@2f4612af' on device: '27161FDH20031X' in 0 ms
02-19 23:03:15 D/InvocationExecution: starting preparer 'com.android.tradefed.targetprep.RunCommandTargetPreparer@24f132d2' on device: '27161FDH20031X'
02-19 23:03:15 D/RunUtil: Running command [adb, -s, 27161FDH20031X, shell, settings, put, global, package_verifier_enable, 0] with timeout: 2m 0s
02-19 23:03:15 D/InvocationExecution: done with preparer 'com.android.tradefed.targetprep.RunCommandTargetPreparer@24f132d2' on device: '27161FDH20031X' in 55 ms
02-19 23:03:15 D/InvocationExecution: starting preparer 'com.android.tradefed.targetprep.RunCommandTargetPreparer@78eb8a53' on device: '27161FDH20031X'
02-19 23:03:15 D/RunUtil: Running command [adb, -s, 27161FDH20031X, shell, settings, put, global, verifier_engprod, 1] with timeout: 2m 0s
02-19 23:03:15 D/InvocationExecution: done with preparer 'com.android.tradefed.targetprep.RunCommandTargetPreparer@78eb8a53' on device: '27161FDH20031X' in 71 ms
02-19 23:03:15 D/InvocationExecution: starting preparer 'com.android.compatibility.common.tradefed.targetprep.PropertyCheck@62932963' on device: '27161FDH20031X'
02-19 23:03:15 D/NativeDevice: Using property ro.build.type=userdebug from cache.
02-19 23:03:15 W/PropertyCheck: Expected "user" but found "userdebug" for property: ro.build.type
02-19 23:03:15 D/InvocationExecution: done with preparer 'com.android.compatibility.common.tradefed.targetprep.PropertyCheck@62932963' on device: '27161FDH20031X' in 0 ms
02-19 23:03:15 D/InvocationExecution: starting preparer 'com.android.compatibility.common.tradefed.targetprep.PropertyCheck@51858d13' on device: '27161FDH20031X'
02-19 23:03:15 D/RunUtil: Running command [adb, -s, 27161FDH20031X, shell, getprop, ro.product.locale] with timeout: 45s
02-19 23:03:15 D/InvocationExecution: done with preparer 'com.android.compatibility.common.tradefed.targetprep.PropertyCheck@51858d13' on device: '27161FDH20031X' in 19 ms
02-19 23:03:15 D/InvocationExecution: starting preparer 'com.android.compatibility.common.tradefed.targetprep.PropertyCheck@189f4e42' on device: '27161FDH20031X'
02-19 23:03:15 D/RunUtil: Running command [adb, -s, 27161FDH20031X, shell, getprop, persist.sys.test_harness] with timeout: 45s
02-19 23:03:15 W/PropertyCheck: Property "persist.sys.test_harness" not found on device, cannot verify value "false" 
02-19 23:03:15 D/InvocationExecution: done with preparer 'com.android.compatibility.common.tradefed.targetprep.PropertyCheck@189f4e42' on device: '27161FDH20031X' in 37 ms
02-19 23:03:15 D/InvocationExecution: Done with setup of device: '27161FDH20031X'
02-19 23:03:15 D/RunUtil: Running command [adb, -s, 27161FDH20031X, shell, uname, -a] with timeout: 2m 0s
02-19 23:03:15 I/InvocationExecution: Device 27161FDH20031X kernel information: 'Linux localhost 5.10.198-android13-4-00050-g12f3388846c3-ab11920634 #1 SMP PREEMPT Mon Jun 3 20:51:42 UTC 2024 aarch64 Toybox'
02-19 23:03:15 D/RunUtil: Running command [adb, -s, 27161FDH20031X, shell, getprop, ro.system.build.fingerprint] with timeout: 45s
02-19 23:03:15 I/InvocationExecution: Device 27161FDH20031X system image build information: 'Android/aosp_panther/panther:14/AP2A.240905.003/eng.simon.20260219:userdebug/test-keys'
02-19 23:03:15 D/NativeDevice: Using property ro.vendor.build.fingerprint=Android/aosp_panther/panther:14/AP2A.240905.003/12231197:userdebug/test-keys from cache.
02-19 23:03:15 I/InvocationExecution: Device 27161FDH20031X vendor image build information: 'Android/aosp_panther/panther:14/AP2A.240905.003/12231197:userdebug/test-keys'
02-19 23:03:15 D/InvocationExecution: Total setup duration: 24s'
02-19 23:03:15 D/LogFileSaver: Log data for device_logcat_setup_27161FDH20031X is already compressed, skipping compression
02-19 23:03:15 D/FileUtil: Creating temp file at /home/simon/android-cts/tools/../../android-cts/logs/2026.02.19_23.02.51/inv_1248664580707606622 with prefix "device_logcat_setup_27161FDH20031X_" suffix ".txt"
02-19 23:03:15 I/LogFileSaver: Saved log file /home/simon/android-cts/tools/../../android-cts/logs/2026.02.19_23.02.51/inv_1248664580707606622/device_logcat_setup_27161FDH20031X_6889941734619520758.txt. [size=4987459, elapsed=2ms]
02-19 23:03:15 D/CertificationSuiteResultReporter: Saved logs for device_logcat_setup_27161FDH20031X in /home/simon/android-cts/tools/../../android-cts/logs/2026.02.19_23.02.51/inv_1248664580707606622/device_logcat_setup_27161FDH20031X_6889941734619520758.txt
02-19 23:03:15 D/LogFileSaver: Log data for device_logcat_setup_27161FDH20031X is already compressed, skipping compression
02-19 23:03:15 D/FileUtil: Creating temp file at /tmp/13033356/cts/inv_3965343894500954911/inv_5292416972648222978 with prefix "device_logcat_setup_27161FDH20031X_" suffix ".txt"
02-19 23:03:15 I/LogFileSaver: Saved log file /tmp/13033356/cts/inv_3965343894500954911/inv_5292416972648222978/device_logcat_setup_27161FDH20031X_18196672345976176454.txt. [size=4987459, elapsed=2ms]
02-19 23:03:15 D/TestDevice: No snapuserd notification in progress for BLOCK_BEFORE_TEST
02-19 23:03:15 D/PrettyPrintDelimiter: 
===============================
===== TEST PHASE STARTING =====
===============================
02-19 23:03:15 D/RunUtil: Running command [adb, -s, 27161FDH20031X, shell, cmd, device_state, print-states] with timeout: 2m 0s
02-19 23:03:15 D/NativeDevice: Using property ro.product.cpu.abilist=arm64-v8a from cache.
02-19 23:03:15 D/FileUtil: Creating temp file at /home/simon/android-cts/tools/../../android-cts/logs/2026.02.19_23.02.51/inv_1248664580707606622 with prefix "suite-exclude-filters16650944052115566866.txt_" suffix ".txt.gz"
02-19 23:03:15 I/LogFileSaver: Saved gzip log file /home/simon/android-cts/tools/../../android-cts/logs/2026.02.19_23.02.51/inv_1248664580707606622/suite-exclude-filters16650944052115566866.txt_3173661615005826536.txt.gz. [size=10, elapsed=0ms]
02-19 23:03:15 D/CertificationSuiteResultReporter: Saved logs for suite-exclude-filters16650944052115566866.txt in /home/simon/android-cts/tools/../../android-cts/logs/2026.02.19_23.02.51/inv_1248664580707606622/suite-exclude-filters16650944052115566866.txt_3173661615005826536.txt.gz
02-19 23:03:15 D/FileUtil: Creating temp file at /tmp/13033356/cts/inv_3965343894500954911/inv_5292416972648222978 with prefix "suite-exclude-filters16650944052115566866.txt_" suffix ".txt.gz"
02-19 23:03:15 I/LogFileSaver: Saved gzip log file /tmp/13033356/cts/inv_3965343894500954911/inv_5292416972648222978/suite-exclude-filters16650944052115566866.txt_17027721533320320567.txt.gz. [size=10, elapsed=0ms]
02-19 23:03:15 D/BaseTestSuite: Initializing ModuleRepo
ABIs:[{arm64-v8a, bitness=64}]
Test Args:[com.android.tradefed.testtype.AndroidJUnitTest:exclude-annotation:com.android.compatibility.common.util.CtsDownstreamingTest, com.android.compatibility.common.tradefed.testtype.JarHostTest:exclude-annotation:com.android.compatibility.common.util.CtsDownstreamingTest, com.android.tradefed.testtype.HostTest:exclude-annotation:com.android.compatibility.common.util.CtsDownstreamingTest, com.android.tradefed.testtype.AndroidJUnitTest:exclude-annotation:android.platform.test.annotations.AsbSecurityTest, com.android.compatibility.common.tradefed.testtype.JarHostTest:exclude-annotation:android.platform.test.annotations.AsbSecurityTest, com.android.tradefed.testtype.AndroidJUnitTest:exclude-annotation:android.platform.test.annotations.AppModeInstant, com.android.compatibility.common.tradefed.testtype.JarHostTest:exclude-annotation:android.platform.test.annotations.AppModeInstant, com.android.tradefed.testtype.HostTest:exclude-annotation:android.platform.test.annotations.AppModeInstant]
Module Args:[]
Includes: {arm64-v8a CtsDisplayTestCases=[CtsDisplayTestCases android.display.cts.DisplayTest#testModeSwitchOnPrimaryDisplay], arm64-v8a CtsDisplayTestCases[instant]=[CtsDisplayTestCases[instant] android.display.cts.DisplayTest#testModeSwitchOnPrimaryDisplay], arm64-v8a CtsDisplayTestCases[run-on-clone-profile]=[CtsDisplayTestCases[run-on-clone-profile] android.display.cts.DisplayTest#testModeSwitchOnPrimaryDisplay], arm64-v8a CtsDisplayTestCases[run-on-private-profile]=[CtsDisplayTestCases[run-on-private-profile] android.display.cts.DisplayTest#testModeSwitchOnPrimaryDisplay], arm64-v8a CtsDisplayTestCases[run-on-work-profile]=[CtsDisplayTestCases[run-on-work-profile] android.display.cts.DisplayTest#testModeSwitchOnPrimaryDisplay], arm64-v8a CtsDisplayTestCases[run-on-secondary-user]=[CtsDisplayTestCases[run-on-secondary-user] android.display.cts.DisplayTest#testModeSwitchOnPrimaryDisplay]}
Excludes: See suite-exclude-filters16650944052115566866.txt
02-19 23:03:15 D/BaseTestSuite: Foldable states: [foldable:0:DEFAULT]
02-19 23:03:15 D/BaseTestSuite: Loading tests from [/home/simon/android-cts/tools/../../android-cts/testcases]
02-19 23:03:16 D/ITestSuite: No remote build info, skipping stageTestArtifacts
02-19 23:03:16 D/ITestSuite: Resource not found for allowed preparers: /suite/google-allowed-preparers.txt
02-19 23:03:16 D/ITestSuite: [Total Unique Modules = 2]
02-19 23:03:16 I/ITestSuite: 27161FDH20031X running 2 modules: [arm64-v8a CtsDisplayTestCases[instant], arm64-v8a CtsDisplayTestCases]
02-19 23:03:16 D/TradefedFeatureClient: invoking feature 'skipFeature'
02-19 23:03:16 D/TradefedFeatureClient: Using reference id from metrics.
02-19 23:03:16 D/TradefedFeatureClient: name: "skipFeature"
reference_id: "3bb61b02-fc39-4278-872e-b07c235e3aff"

02-19 23:03:16 D/TradefedFeatureServer: Executing com.android.tradefed.result.skipped.SkipFeature@683e3503 with [name: "skipFeature"
reference_id: "3bb61b02-fc39-4278-872e-b07c235e3aff"
]
02-19 23:03:16 D/TradefedFeatureClient: Feature name: skipFeature. response: multi_part_response {
  response_part {
    key: "delimiter"
    value: "\\+,"
  }
  response_part {
    key: "presubmit"
    value: "false"
  }
  response_part {
    key: "skipModules"
  }
  response_part {
    key: "imageDigests"
  }
}

02-19 23:03:16 D/BaseTestSuite: Filters for 'arm64-v8a CtsDisplayTestCases[instant]': []
02-19 23:03:16 D/FileUtil: Creating temp file at /tmp/tf-workfolder2441891837840337653 with prefix "CtsDisplayTestCases" suffix ".xml"
02-19 23:03:16 D/LogFileSaver: Log data for module-configuration is already compressed, skipping compression
02-19 23:03:16 D/FileUtil: Creating temp file at /home/simon/android-cts/tools/../../android-cts/logs/2026.02.19_23.02.51/inv_1248664580707606622 with prefix "module-configuration_" suffix ".xml"
02-19 23:03:16 I/LogFileSaver: Saved log file /home/simon/android-cts/tools/../../android-cts/logs/2026.02.19_23.02.51/inv_1248664580707606622/module-configuration_6178606275438877878.xml. [size=1645, elapsed=0ms]
02-19 23:03:16 D/CertificationSuiteResultReporter: Saved logs for module-configuration in /home/simon/android-cts/tools/../../android-cts/logs/2026.02.19_23.02.51/inv_1248664580707606622/module-configuration_6178606275438877878.xml
02-19 23:03:16 D/LogFileSaver: Log data for module-configuration is already compressed, skipping compression
02-19 23:03:16 D/FileUtil: Creating temp file at /tmp/13033356/cts/inv_3965343894500954911/inv_5292416972648222978 with prefix "module-configuration_" suffix ".xml"
02-19 23:03:16 I/LogFileSaver: Saved log file /tmp/13033356/cts/inv_3965343894500954911/inv_5292416972648222978/module-configuration_13669287340755575188.xml. [size=1645, elapsed=1ms]
02-19 23:03:16 I/ITestSuite: Running system status checker before module execution: arm64-v8a CtsDisplayTestCases[instant]
02-19 23:03:16 D/NativeDevice: Using property ro.build.version.sdk=34 from cache.
02-19 23:03:16 D/NativeDevice: Using property ro.build.version.sdk=34 from cache.
02-19 23:03:16 D/NativeDevice: Using property ro.build.version.sdk=34 from cache.
02-19 23:03:16 I/UserChecker: Current user 0 is already user type CURRENT, no action.
02-19 23:03:17 I/NativeDevice: adb unroot on device 27161FDH20031X
02-19 23:03:17 D/RunUtil: Running command [adb, -s, 27161FDH20031X, unroot] with timeout: 2m 0s
02-19 23:03:17 D/BackgroundDeviceAction: Waiting for device 27161FDH20031X online before starting.
02-19 23:03:18 I/NativeDeviceStateMonitor: Waiting for device 27161FDH20031X to be in NOT_AVAILABLE mode for '5s'; it is currently in ONLINE mode...
02-19 23:03:23 W/NativeDevice: Did not detect device 27161FDH20031X becoming unavailable after unroot
02-19 23:03:23 I/NativeDeviceStateMonitor: Device 27161FDH20031X is already ONLINE
02-19 23:03:23 W/ShellStatusChecker: This module unexpectedly started in a root shell. Leaked from earlier module?
02-19 23:03:23 W/ITestSuite: System status checker [com.android.tradefed.suite.checker.ShellStatusChecker] failed.
02-19 23:03:23 D/DeviceSettingChecker: Begin preExecutionCheck for checking device setting
02-19 23:03:23 D/NativeDevice: Using property ro.build.version.sdk=34 from cache.
02-19 23:03:23 D/NativeDevice: Using property ro.build.version.sdk=34 from cache.
02-19 23:03:24 D/NativeDevice: Using property ro.build.type=userdebug from cache.
02-19 23:03:24 D/NativeDevice: Using property ro.build.version.sdk=34 from cache.
02-19 23:03:24 D/NativeDevice: Using property ro.build.version.codename=REL from cache.
02-19 23:03:24 D/NativeDevice: Using property ro.build.version.sdk=34 from cache.
02-19 23:03:24 D/NativeDevice: Using property ro.build.version.sdk=34 from cache.
02-19 23:03:24 D/NativeDevice: Using property ro.build.version.sdk=34 from cache.
02-19 23:03:24 D/NativeDevice: Using property ro.build.version.sdk=34 from cache.
02-19 23:03:24 D/NativeDevice: Using property ro.build.version.sdk=34 from cache.
02-19 23:03:24 D/NativeDevice: Using property ro.build.version.sdk=34 from cache.
02-19 23:03:24 D/NativeDevice: Using property ro.build.version.codename=REL from cache.
02-19 23:03:24 D/NativeDevice: Using property ro.build.version.sdk=34 from cache.
02-19 23:03:24 D/NativeDevice: Using property ro.build.version.codename=REL from cache.
02-19 23:03:24 D/NativeDevice: Using property ro.build.version.sdk=34 from cache.
02-19 23:03:24 D/NativeDevice: Using property ro.build.version.codename=REL from cache.
02-19 23:03:24 D/NativeDevice: Using property ro.build.version.sdk=34 from cache.
02-19 23:03:24 D/NativeDevice: Using property ro.build.version.sdk=34 from cache.
02-19 23:03:24 D/NativeDevice: Using property ro.build.version.sdk=34 from cache.
02-19 23:03:24 D/NativeDevice: Using property ro.build.version.sdk=34 from cache.
02-19 23:03:24 D/NativeDevice: Using property ro.build.version.sdk=34 from cache.
02-19 23:03:24 D/NativeDevice: Using property ro.build.version.sdk=34 from cache.
02-19 23:03:24 D/NativeDevice: Using property ro.build.version.sdk=34 from cache.
02-19 23:03:24 D/RunUtil: Running command [adb, -s, 27161FDH20031X, shell, locksettings, get-disabled] with timeout: 2m 0s
02-19 23:03:24 D/RunUtil: Running command [adb, -s, 27161FDH20031X, shell, locksettings, get-disabled] with timeout: 2m 0s
02-19 23:03:24 D/RunUtil: Running command [adb, -s, 27161FDH20031X, shell, input, keyevent, KEYCODE_MENU] with timeout: 2m 0s
02-19 23:03:24 D/RunUtil: Running command [adb, -s, 27161FDH20031X, shell, input, keyevent, KEYCODE_HOME] with timeout: 2m 0s
02-19 23:03:24 I/DeviceBaselineChecker: Enable device baselines keep_engprod_mode_on,disable_os_auto_update,hide_error_dialogs,keep_screen_on,disable_usb_app_verification,clear_lock_screen,keep_location_mode_on,keep_setup_complete_on in 229 millis.
02-19 23:03:24 W/ITestSuite: There are failed system status checkers: {com.android.tradefed.suite.checker.ShellStatusChecker=This module unexpectedly started in a root shell. Leaked from earlier module?}
02-19 23:03:24 D/ModuleDefinition: Running module arm64-v8a CtsDisplayTestCases[instant]
02-19 23:03:24 D/ModuleDefinition: Running setup preparer: SuiteApkInstaller
02-19 23:03:24 D/NativeDevice: Using property ro.build.version.sdk=34 from cache.
02-19 23:03:24 D/NativeDevice: Using property ro.build.version.sdk=34 from cache.
02-19 23:03:24 D/NativeDevice: Using property ro.build.version.codename=REL from cache.
02-19 23:03:24 D/NativeDevice: Using property ro.build.id=AP2A.240905.003 from cache.
02-19 23:03:24 D/NativeDevice: Using property ro.build.version.sdk=34 from cache.
02-19 23:03:24 D/NativeDevice: Using property ro.build.version.codename=REL from cache.
02-19 23:03:24 D/SearchArtifactUtil: Searching the module dir: /home/simon/android-cts/tools/../../android-cts/testcases/CtsDisplayTestCases
02-19 23:03:24 D/RunUtil: Running command [aapt2, dump, badging, /home/simon/android-cts/tools/../../android-cts/testcases/CtsDisplayTestCases/arm64/CtsDisplayTestCases.apk] with timeout: 1m 0s
02-19 23:03:24 D/RunUtil: Running command [aapt2, dump, xmltree, /home/simon/android-cts/tools/../../android-cts/testcases/CtsDisplayTestCases/arm64/CtsDisplayTestCases.apk, --file, AndroidManifest.xml] with timeout: 1m 0s
02-19 23:03:24 D/TestAppInstallSetup: Installing apk android.display.cts with [/home/simon/android-cts/tools/../../android-cts/testcases/CtsDisplayTestCases/arm64/CtsDisplayTestCases.apk] ...
02-19 23:03:24 D/NativeDevice: Using property ro.build.version.sdk=34 from cache.
02-19 23:03:25 D/RunUtil: Running command [aapt, dump, badging, /home/simon/android-cts/tools/../../android-cts/testcases/CtsDisplayTestCases/arm64/CtsDisplayTestCases.apk] with timeout: 1m 0s
02-19 23:03:25 D/RunUtil: Running command [aapt, dump, xmltree, /home/simon/android-cts/tools/../../android-cts/testcases/CtsDisplayTestCases/arm64/CtsDisplayTestCases.apk, AndroidManifest.xml] with timeout: 1m 0s
02-19 23:03:25 D/RunUtil: Running command [adb, -s, 27161FDH20031X, shell, appops, write-settings] with timeout: 2m 0s
02-19 23:03:25 D/SearchArtifactUtil: Searching the module dir: /home/simon/android-cts/tools/../../android-cts/testcases/CtsDisplayTestCases
02-19 23:03:25 D/RunUtil: Running command [aapt2, dump, badging, /home/simon/android-cts/tools/../../android-cts/testcases/CtsDisplayTestCases/CtsAppTestStubs.apk] with timeout: 1m 0s
02-19 23:03:25 D/RunUtil: Running command [aapt2, dump, xmltree, /home/simon/android-cts/tools/../../android-cts/testcases/CtsDisplayTestCases/CtsAppTestStubs.apk, --file, AndroidManifest.xml] with timeout: 1m 0s
02-19 23:03:25 D/TestAppInstallSetup: Installing apk android.app.stubs with [/home/simon/android-cts/tools/../../android-cts/testcases/CtsDisplayTestCases/CtsAppTestStubs.apk] ...
02-19 23:03:25 D/NativeDevice: Using property ro.build.version.sdk=34 from cache.
02-19 23:03:26 D/RunUtil: Running command [aapt, dump, badging, /home/simon/android-cts/tools/../../android-cts/testcases/CtsDisplayTestCases/CtsAppTestStubs.apk] with timeout: 1m 0s
02-19 23:03:26 D/RunUtil: Running command [aapt, dump, xmltree, /home/simon/android-cts/tools/../../android-cts/testcases/CtsDisplayTestCases/CtsAppTestStubs.apk, AndroidManifest.xml] with timeout: 1m 0s
02-19 23:03:26 D/RunUtil: Running command [adb, -s, 27161FDH20031X, shell, appops, write-settings] with timeout: 2m 0s
02-19 23:03:26 D/AndroidJUnitTest: Disable test storage on instant app module.
02-19 23:03:26 D/AndroidJUnitTest: Attempting to push filters to /data/local/tmp/ajur/includes.txt
02-19 23:03:26 D/NativeDevice: Using 'ls' to check doesFileExist(/data/local/tmp/ajur)
02-19 23:03:26 D/RunUtil: Running command [adb, -s, 27161FDH20031X, shell, ls, '/data/local/tmp/ajur'] with timeout: 2m 0s
02-19 23:03:26 D/NativeDevice: File /data/local/tmp/ajur does not exist.
stdout: 
stderr: ls: /data/local/tmp/ajur: No such file or directory

02-19 23:03:26 D/NativeDevice: Using 'ls' to check doesFileExist(/data/local/tmp/ajur/includes.txt)
02-19 23:03:26 D/RunUtil: Running command [adb, -s, 27161FDH20031X, shell, ls, '/data/local/tmp/ajur/includes.txt'] with timeout: 2m 0s
02-19 23:03:26 D/FileUtil: Creating temp file at /home/simon/android-cts/tools/../../android-cts/logs/2026.02.19_23.02.51/inv_1248664580707606622 with prefix "filter-arm64-v8a%20CtsDisplayTestCases%5Binstant%5D.include_" suffix ".txt.gz"
02-19 23:03:26 I/LogFileSaver: Saved gzip log file /home/simon/android-cts/tools/../../android-cts/logs/2026.02.19_23.02.51/inv_1248664580707606622/filter-arm64-v8a%20CtsDisplayTestCases%5Binstant%5D.include_16935845247878227801.txt.gz. [size=10, elapsed=1ms]
02-19 23:03:26 D/CertificationSuiteResultReporter: Saved logs for filter-arm64-v8a%20CtsDisplayTestCases%5Binstant%5D.include in /home/simon/android-cts/tools/../../android-cts/logs/2026.02.19_23.02.51/inv_1248664580707606622/filter-arm64-v8a%20CtsDisplayTestCases%5Binstant%5D.include_16935845247878227801.txt.gz
02-19 23:03:26 D/FileUtil: Creating temp file at /tmp/13033356/cts/inv_3965343894500954911/inv_5292416972648222978 with prefix "filter-arm64-v8a%20CtsDisplayTestCases%5Binstant%5D.include_" suffix ".txt.gz"
02-19 23:03:26 I/LogFileSaver: Saved gzip log file /tmp/13033356/cts/inv_3965343894500954911/inv_5292416972648222978/filter-arm64-v8a%20CtsDisplayTestCases%5Binstant%5D.include_17958888699037278028.txt.gz. [size=10, elapsed=0ms]
02-19 23:03:26 D/ListInstrumentationParser: instrumentation:android.display.cts/androidx.test.runner.AndroidJUnitRunner (target=android.display.cts)
02-19 23:03:26 D/ListInstrumentationParser: instrumentation:com.android.tradefed.utils.wifi/.WifiUtil (target=com.android.tradefed.utils.wifi)
02-19 23:03:26 D/ListInstrumentationParser: 
02-19 23:03:26 I/InstrumentationTest: No runner name specified. Using: androidx.test.runner.AndroidJUnitRunner.
02-19 23:03:26 D/NativeDevice: Using property ro.build.version.sdk=34 from cache.
02-19 23:03:26 D/NativeDevice: Using property ro.build.version.sdk=34 from cache.
02-19 23:03:26 D/InstrumentationTest: Collecting test info for android.display.cts on device 27161FDH20031X
02-19 23:03:26 I/RemoteAndroidTestRunner: Running am instrument -w -r --abi arm64-v8a  -e testFile /data/local/tmp/ajur/includes.txt -e debug false -e newRunListenerMode true -e log true -e notAnnotation android.platform.test.annotations.AsbSecurityTest,com.android.compatibility.common.util.CtsDownstreamingTest,android.platform.test.annotations.AppModeFull -e timeout_msec 300000 android.display.cts/androidx.test.runner.AndroidJUnitRunner on google-aosp_on_panther-27161FDH20031X
02-19 23:03:27 D/InstrumentationTest: Initializing com.android.tradefed.device.metric.CountTestCasesCollector for instrumentation.
02-19 23:03:27 I/RemoteAndroidTestRunner: Running am instrument -w -r --abi arm64-v8a  -e testFile /data/local/tmp/ajur/includes.txt -e debug false -e newRunListenerMode true -e log false -e notAnnotation android.platform.test.annotations.AsbSecurityTest,com.android.compatibility.common.util.CtsDownstreamingTest,android.platform.test.annotations.AppModeFull -e timeout_msec 300000 android.display.cts/androidx.test.runner.AndroidJUnitRunner on google-aosp_on_panther-27161FDH20031X
02-19 23:03:27 D/BackgroundDeviceAction: Device 27161FDH20031X now online.
02-19 23:03:27 D/BackgroundDeviceAction: Starting logcat for 27161FDH20031X.
02-19 23:03:27 D/ModuleListener: ModuleListener.testRunStarted(android.display.cts, 1, 0) on 27161FDH20031X
02-19 23:03:27 D/ModuleListener: ModuleListener.testStarted(android.display.cts.DisplayTest#testModeSwitchOnPrimaryDisplay) on 27161FDH20031X
02-19 23:03:33 I/ModuleListener: [1/1] 27161FDH20031X android.display.cts.DisplayTest#testModeSwitchOnPrimaryDisplay FAILURE: java.lang.AssertionError
	at org.junit.Assert.fail(Assert.java:87)
	at org.junit.Assert.assertTrue(Assert.java:42)
	at org.junit.Assert.assertTrue(Assert.java:53)
	at android.display.cts.DisplayTest.testSwitchToModeId(DisplayTest.java:755)
	at android.display.cts.DisplayTest.testModeSwitchOnPrimaryDisplay(DisplayTest.java:659)

02-19 23:03:33 D/ModuleListener: ModuleListener.testRunEnded(6515) on 27161FDH20031X
02-19 23:03:34 D/TestDevice: Uninstalling android.display.cts with extra args 
02-19 23:03:34 D/TestDevice: Uninstalling android.app.stubs with extra args 
02-19 23:03:34 I/NativeDeviceStateMonitor: Device 27161FDH20031X is already ONLINE
02-19 23:03:34 I/NativeDeviceStateMonitor: Waiting 360000 ms for device 27161FDH20031X boot complete
02-19 23:03:34 I/DeviceStateMonitor: Waiting 359969 ms for device 27161FDH20031X package manager
02-19 23:03:34 I/NativeDeviceStateMonitor: Waiting 359934 ms for device 27161FDH20031X external store
02-19 23:03:34 I/ConsoleReporter: [27161FDH20031X] Starting arm64-v8a CtsDisplayTestCases[instant] with 1 test
02-19 23:03:34 I/ConsoleReporter: [1/1 arm64-v8a CtsDisplayTestCases[instant] 27161FDH20031X] android.display.cts.DisplayTest#testModeSwitchOnPrimaryDisplay fail: java.lang.AssertionError
	at org.junit.Assert.fail(Assert.java:87)
	at org.junit.Assert.assertTrue(Assert.java:42)
	at org.junit.Assert.assertTrue(Assert.java:53)
	at android.display.cts.DisplayTest.testSwitchToModeId(DisplayTest.java:755)
	at android.display.cts.DisplayTest.testModeSwitchOnPrimaryDisplay(DisplayTest.java:659)

02-19 23:03:34 I/ConsoleReporter: [27161FDH20031X] arm64-v8a CtsDisplayTestCases[instant] completed in 8s. 0 passed, 1 failed, 0 not executed
02-19 23:03:34 I/ITestSuite: Running system status checker after module execution: arm64-v8a CtsDisplayTestCases[instant]
02-19 23:03:34 D/NativeDevice: Using property ro.build.version.sdk=34 from cache.
02-19 23:03:34 D/NativeDevice: Using property ro.build.version.sdk=34 from cache.
02-19 23:03:34 D/NativeDevice: Using property ro.build.version.sdk=34 from cache.
02-19 23:03:34 I/NativeDeviceStateMonitor: Device 27161FDH20031X is already ONLINE
02-19 23:03:34 I/NativeDeviceStateMonitor: Waiting 360000 ms for device 27161FDH20031X boot complete
02-19 23:03:34 I/DeviceStateMonitor: Waiting 359959 ms for device 27161FDH20031X package manager
02-19 23:03:34 I/NativeDeviceStateMonitor: Waiting 359863 ms for device 27161FDH20031X external store
02-19 23:03:35 I/MonitoringUtils: Wifi Connectivity: passed check.
02-19 23:03:36 D/TestDevice: Output from KeyguardController:   KeyguardController:
    mKeyguardShowing=false
    mAodShowing=false
    mKeyguardGoingAway=false

02-19 23:03:36 E/LeakedThreadStatusChecker: We have 4 threads instead of 1. List: [Thread[Invocation-27161FDH20031X,5,Invocation-27161FDH20031X], Thread[BackgroundDeviceAction-logcat -b all -v threadtime,uid,5,Invocation-27161FDH20031X], Thread[Timer-1,5,Invocation-27161FDH20031X], Thread[grpc-default-worker-ELG-3-1,5,Invocation-27161FDH20031X]]
02-19 23:03:36 W/ITestSuite: System status checker [com.android.tradefed.suite.checker.LeakedThreadStatusChecker] failed
02-19 23:03:36 D/NativeDevice: Time offset = 43 ms
02-19 23:03:36 D/DeviceSettingChecker: Begin postExecution for checking device setting
02-19 23:03:36 W/DeviceSettingChecker: Setting in namespace global fails:
 ota_disable_automatic_update is not found before module run

02-19 23:03:36 W/ITestSuite: System status checker [com.android.tradefed.suite.checker.DeviceSettingChecker] failed
02-19 23:03:36 D/NativeDevice: Using property ro.build.version.sdk=34 from cache.
02-19 23:03:36 W/ITestSuite: There are failed system status checkers: {com.android.tradefed.suite.checker.LeakedThreadStatusChecker=We have 4 threads instead of 1. List: [Thread[Invocation-27161FDH20031X,5,Invocation-27161FDH20031X], Thread[BackgroundDeviceAction-logcat -b all -v threadtime,uid,5,Invocation-27161FDH20031X], Thread[Timer-1,5,Invocation-27161FDH20031X], Thread[grpc-default-worker-ELG-3-1,5,Invocation-27161FDH20031X]], com.android.tradefed.suite.checker.DeviceSettingChecker=Setting in namespace global fails:
 ota_disable_automatic_update is not found before module run
}
02-19 23:03:36 D/FileUtil: Creating temp file at /home/simon/android-cts/tools/../../android-cts/results/2026.02.19_23.02.51/proto with prefix "tmp-proto" suffix ""
02-19 23:03:36 D/BaseTestSuite: Filters for 'arm64-v8a CtsDisplayTestCases': [CtsDisplayTestCases android.display.cts.DisplayTest#testActivityContextGetMetrics]
02-19 23:03:36 D/FileUtil: Creating temp file at /tmp/tf-workfolder2441891837840337653 with prefix "CtsDisplayTestCases" suffix ".xml"
02-19 23:03:36 D/LogFileSaver: Log data for module-configuration is already compressed, skipping compression
02-19 23:03:36 D/FileUtil: Creating temp file at /home/simon/android-cts/tools/../../android-cts/logs/2026.02.19_23.02.51/inv_1248664580707606622 with prefix "module-configuration_" suffix ".xml"
02-19 23:03:36 I/LogFileSaver: Saved log file /home/simon/android-cts/tools/../../android-cts/logs/2026.02.19_23.02.51/inv_1248664580707606622/module-configuration_4414656583361042940.xml. [size=1599, elapsed=0ms]
02-19 23:03:36 D/CertificationSuiteResultReporter: Saved logs for module-configuration in /home/simon/android-cts/tools/../../android-cts/logs/2026.02.19_23.02.51/inv_1248664580707606622/module-configuration_4414656583361042940.xml
02-19 23:03:36 D/LogFileSaver: Log data for module-configuration is already compressed, skipping compression
02-19 23:03:36 D/FileUtil: Creating temp file at /tmp/13033356/cts/inv_3965343894500954911/inv_5292416972648222978 with prefix "module-configuration_" suffix ".xml"
02-19 23:03:36 I/LogFileSaver: Saved log file /tmp/13033356/cts/inv_3965343894500954911/inv_5292416972648222978/module-configuration_10176027517849317976.xml. [size=1599, elapsed=0ms]
02-19 23:03:36 I/ITestSuite: Running system status checker before module execution: arm64-v8a CtsDisplayTestCases
02-19 23:03:36 D/NativeDevice: Using property ro.build.version.sdk=34 from cache.
02-19 23:03:36 D/NativeDevice: Using property ro.build.version.sdk=34 from cache.
02-19 23:03:36 D/NativeDevice: Using property ro.build.version.sdk=34 from cache.
02-19 23:03:37 I/UserChecker: Current user 0 is already user type CURRENT, no action.
02-19 23:03:37 D/DeviceSettingChecker: Begin preExecutionCheck for checking device setting
02-19 23:03:37 D/NativeDevice: Using property ro.build.version.sdk=34 from cache.
02-19 23:03:37 D/NativeDevice: Using property ro.build.version.sdk=34 from cache.
02-19 23:03:37 D/NativeDevice: Using property ro.build.version.sdk=34 from cache.
02-19 23:03:37 D/NativeDevice: Using property ro.build.version.codename=REL from cache.
02-19 23:03:37 D/NativeDevice: Using property ro.build.version.sdk=34 from cache.
02-19 23:03:37 D/NativeDevice: Using property ro.build.version.sdk=34 from cache.
02-19 23:03:37 D/NativeDevice: Using property ro.build.version.sdk=34 from cache.
02-19 23:03:37 D/NativeDevice: Using property ro.build.version.sdk=34 from cache.
02-19 23:03:37 D/NativeDevice: Using property ro.build.version.sdk=34 from cache.
02-19 23:03:37 D/NativeDevice: Using property ro.build.version.sdk=34 from cache.
02-19 23:03:37 D/NativeDevice: Using property ro.build.version.codename=REL from cache.
02-19 23:03:37 D/NativeDevice: Using property ro.build.version.sdk=34 from cache.
02-19 23:03:37 D/NativeDevice: Using property ro.build.version.codename=REL from cache.
02-19 23:03:37 D/NativeDevice: Using property ro.build.version.sdk=34 from cache.
02-19 23:03:37 D/NativeDevice: Using property ro.build.version.codename=REL from cache.
02-19 23:03:37 D/NativeDevice: Using property ro.build.version.sdk=34 from cache.
02-19 23:03:37 D/NativeDevice: Using property ro.build.version.sdk=34 from cache.
02-19 23:03:37 D/NativeDevice: Using property ro.build.version.sdk=34 from cache.
02-19 23:03:37 D/NativeDevice: Using property ro.build.version.sdk=34 from cache.
02-19 23:03:37 D/NativeDevice: Using property ro.build.version.sdk=34 from cache.
02-19 23:03:37 D/NativeDevice: Using property ro.build.version.sdk=34 from cache.
02-19 23:03:37 D/NativeDevice: Using property ro.build.version.sdk=34 from cache.
02-19 23:03:37 D/RunUtil: Running command [adb, -s, 27161FDH20031X, shell, locksettings, get-disabled] with timeout: 2m 0s
02-19 23:03:37 D/RunUtil: Running command [adb, -s, 27161FDH20031X, shell, locksettings, get-disabled] with timeout: 2m 0s
02-19 23:03:37 D/RunUtil: Running command [adb, -s, 27161FDH20031X, shell, input, keyevent, KEYCODE_MENU] with timeout: 2m 0s
02-19 23:03:37 D/RunUtil: Running command [adb, -s, 27161FDH20031X, shell, input, keyevent, KEYCODE_HOME] with timeout: 2m 0s
02-19 23:03:37 I/DeviceBaselineChecker: Enable device baselines keep_engprod_mode_on,disable_os_auto_update,hide_error_dialogs,keep_screen_on,disable_usb_app_verification,clear_lock_screen,keep_location_mode_on,keep_setup_complete_on in 240 millis.
02-19 23:03:37 D/ModuleDefinition: Running module arm64-v8a CtsDisplayTestCases
02-19 23:03:37 D/ModuleDefinition: Running setup preparer: SuiteApkInstaller
02-19 23:03:37 D/NativeDevice: Using property ro.build.version.sdk=34 from cache.
02-19 23:03:37 D/NativeDevice: Using property ro.build.version.sdk=34 from cache.
02-19 23:03:37 D/NativeDevice: Using property ro.build.version.codename=REL from cache.
02-19 23:03:37 D/NativeDevice: Using property ro.build.id=AP2A.240905.003 from cache.
02-19 23:03:37 D/NativeDevice: Using property ro.build.version.sdk=34 from cache.
02-19 23:03:37 D/NativeDevice: Using property ro.build.version.codename=REL from cache.
02-19 23:03:37 D/SearchArtifactUtil: Searching the module dir: /home/simon/android-cts/tools/../../android-cts/testcases/CtsDisplayTestCases
02-19 23:03:37 D/RunUtil: Running command [aapt2, dump, badging, /home/simon/android-cts/tools/../../android-cts/testcases/CtsDisplayTestCases/arm64/CtsDisplayTestCases.apk] with timeout: 1m 0s
02-19 23:03:37 D/RunUtil: Running command [aapt2, dump, xmltree, /home/simon/android-cts/tools/../../android-cts/testcases/CtsDisplayTestCases/arm64/CtsDisplayTestCases.apk, --file, AndroidManifest.xml] with timeout: 1m 0s
02-19 23:03:37 D/TestAppInstallSetup: Installing apk android.display.cts with [/home/simon/android-cts/tools/../../android-cts/testcases/CtsDisplayTestCases/arm64/CtsDisplayTestCases.apk] ...
02-19 23:03:37 D/NativeDevice: Using property ro.build.version.sdk=34 from cache.
02-19 23:03:38 D/RunUtil: Running command [aapt, dump, badging, /home/simon/android-cts/tools/../../android-cts/testcases/CtsDisplayTestCases/arm64/CtsDisplayTestCases.apk] with timeout: 1m 0s
02-19 23:03:38 D/RunUtil: Running command [aapt, dump, xmltree, /home/simon/android-cts/tools/../../android-cts/testcases/CtsDisplayTestCases/arm64/CtsDisplayTestCases.apk, AndroidManifest.xml] with timeout: 1m 0s
02-19 23:03:38 D/RunUtil: Running command [adb, -s, 27161FDH20031X, shell, appops, write-settings] with timeout: 2m 0s
02-19 23:03:39 D/SearchArtifactUtil: Searching the module dir: /home/simon/android-cts/tools/../../android-cts/testcases/CtsDisplayTestCases
02-19 23:03:39 D/RunUtil: Running command [aapt2, dump, badging, /home/simon/android-cts/tools/../../android-cts/testcases/CtsDisplayTestCases/CtsAppTestStubs.apk] with timeout: 1m 0s
02-19 23:03:39 D/RunUtil: Running command [aapt2, dump, xmltree, /home/simon/android-cts/tools/../../android-cts/testcases/CtsDisplayTestCases/CtsAppTestStubs.apk, --file, AndroidManifest.xml] with timeout: 1m 0s
02-19 23:03:39 D/TestAppInstallSetup: Installing apk android.app.stubs with [/home/simon/android-cts/tools/../../android-cts/testcases/CtsDisplayTestCases/CtsAppTestStubs.apk] ...
02-19 23:03:39 D/NativeDevice: Using property ro.build.version.sdk=34 from cache.
02-19 23:03:39 D/RunUtil: Running command [aapt, dump, badging, /home/simon/android-cts/tools/../../android-cts/testcases/CtsDisplayTestCases/CtsAppTestStubs.apk] with timeout: 1m 0s
02-19 23:03:39 D/RunUtil: Running command [aapt, dump, xmltree, /home/simon/android-cts/tools/../../android-cts/testcases/CtsDisplayTestCases/CtsAppTestStubs.apk, AndroidManifest.xml] with timeout: 1m 0s
02-19 23:03:39 D/RunUtil: Running command [adb, -s, 27161FDH20031X, shell, appops, write-settings] with timeout: 2m 0s
02-19 23:03:40 D/NativeDevice: Using property ro.build.version.sdk=34 from cache.
02-19 23:03:40 D/NativeDevice: Using property ro.build.version.sdk=34 from cache.
02-19 23:03:40 D/NativeDevice: Using property ro.build.version.codename=REL from cache.
02-19 23:03:40 D/AndroidJUnitTest: Attempting to push filters to /data/local/tmp/ajur/includes.txt
02-19 23:03:40 D/NativeDevice: Using 'ls' to check doesFileExist(/data/local/tmp/ajur)
02-19 23:03:40 D/RunUtil: Running command [adb, -s, 27161FDH20031X, shell, ls, '/data/local/tmp/ajur'] with timeout: 2m 0s
02-19 23:03:40 D/NativeDevice: File /data/local/tmp/ajur does not exist.
stdout: 
stderr: ls: /data/local/tmp/ajur: No such file or directory

02-19 23:03:40 D/NativeDevice: Using 'ls' to check doesFileExist(/data/local/tmp/ajur/includes.txt)
02-19 23:03:40 D/RunUtil: Running command [adb, -s, 27161FDH20031X, shell, ls, '/data/local/tmp/ajur/includes.txt'] with timeout: 2m 0s
02-19 23:03:40 D/FileUtil: Creating temp file at /home/simon/android-cts/tools/../../android-cts/logs/2026.02.19_23.02.51/inv_1248664580707606622 with prefix "filter-arm64-v8a%20CtsDisplayTestCases.include_" suffix ".txt.gz"
02-19 23:03:40 I/LogFileSaver: Saved gzip log file /home/simon/android-cts/tools/../../android-cts/logs/2026.02.19_23.02.51/inv_1248664580707606622/filter-arm64-v8a%20CtsDisplayTestCases.include_7810214334912760591.txt.gz. [size=10, elapsed=0ms]
02-19 23:03:40 D/CertificationSuiteResultReporter: Saved logs for filter-arm64-v8a%20CtsDisplayTestCases.include in /home/simon/android-cts/tools/../../android-cts/logs/2026.02.19_23.02.51/inv_1248664580707606622/filter-arm64-v8a%20CtsDisplayTestCases.include_7810214334912760591.txt.gz
02-19 23:03:40 D/FileUtil: Creating temp file at /tmp/13033356/cts/inv_3965343894500954911/inv_5292416972648222978 with prefix "filter-arm64-v8a%20CtsDisplayTestCases.include_" suffix ".txt.gz"
02-19 23:03:40 I/LogFileSaver: Saved gzip log file /tmp/13033356/cts/inv_3965343894500954911/inv_5292416972648222978/filter-arm64-v8a%20CtsDisplayTestCases.include_3293401240977716219.txt.gz. [size=10, elapsed=0ms]
02-19 23:03:40 D/AndroidJUnitTest: Attempting to push filters to /sdcard/googletest/test_runfiles/data/local/tmp/ajur/includes.txt
02-19 23:03:40 D/NativeDevice: Using 'ls' to check doesFileExist(/data/local/tmp/ajur)
02-19 23:03:40 D/RunUtil: Running command [adb, -s, 27161FDH20031X, shell, ls, '/data/local/tmp/ajur'] with timeout: 2m 0s
02-19 23:03:40 D/NativeDevice: Using property ro.build.version.sdk=34 from cache.
02-19 23:03:40 D/AndroidJUnitTest: Attempting to push filters to /data/local/tmp/ajur/excludes.txt
02-19 23:03:40 D/NativeDevice: Using 'ls' to check doesFileExist(/data/local/tmp/ajur)
02-19 23:03:40 D/RunUtil: Running command [adb, -s, 27161FDH20031X, shell, ls, '/data/local/tmp/ajur'] with timeout: 2m 0s
02-19 23:03:40 D/FileUtil: Creating temp file at /home/simon/android-cts/tools/../../android-cts/logs/2026.02.19_23.02.51/inv_1248664580707606622 with prefix "filter-arm64-v8a%20CtsDisplayTestCases.exclude_" suffix ".txt.gz"
02-19 23:03:40 I/LogFileSaver: Saved gzip log file /home/simon/android-cts/tools/../../android-cts/logs/2026.02.19_23.02.51/inv_1248664580707606622/filter-arm64-v8a%20CtsDisplayTestCases.exclude_16370141760662140889.txt.gz. [size=10, elapsed=0ms]
02-19 23:03:40 D/CertificationSuiteResultReporter: Saved logs for filter-arm64-v8a%20CtsDisplayTestCases.exclude in /home/simon/android-cts/tools/../../android-cts/logs/2026.02.19_23.02.51/inv_1248664580707606622/filter-arm64-v8a%20CtsDisplayTestCases.exclude_16370141760662140889.txt.gz
02-19 23:03:40 D/FileUtil: Creating temp file at /tmp/13033356/cts/inv_3965343894500954911/inv_5292416972648222978 with prefix "filter-arm64-v8a%20CtsDisplayTestCases.exclude_" suffix ".txt.gz"
02-19 23:03:40 I/LogFileSaver: Saved gzip log file /tmp/13033356/cts/inv_3965343894500954911/inv_5292416972648222978/filter-arm64-v8a%20CtsDisplayTestCases.exclude_5174273986964490411.txt.gz. [size=10, elapsed=0ms]
02-19 23:03:40 D/AndroidJUnitTest: Attempting to push filters to /sdcard/googletest/test_runfiles/data/local/tmp/ajur/excludes.txt
02-19 23:03:40 D/NativeDevice: Using 'ls' to check doesFileExist(/data/local/tmp/ajur)
02-19 23:03:40 D/RunUtil: Running command [adb, -s, 27161FDH20031X, shell, ls, '/data/local/tmp/ajur'] with timeout: 2m 0s
02-19 23:03:40 D/NativeDevice: Using property ro.build.version.sdk=34 from cache.
02-19 23:03:40 D/NativeDevice: Using property ro.build.version.sdk=34 from cache.
02-19 23:03:40 D/RunUtil: Running command [adb, -s, 27161FDH20031X, shell, pm, list, features] with timeout: 2m 0s
02-19 23:03:40 D/NativeDevice: Using property ro.build.version.sdk=34 from cache.
02-19 23:03:40 D/NativeDevice: Using property ro.build.version.codename=REL from cache.
02-19 23:03:40 D/RunUtil: Running command [aapt2, dump, badging, /tmp/services15664041653292670181.apk] with timeout: 1m 0s
02-19 23:03:40 D/RunUtil: Running command [aapt2, dump, xmltree, /tmp/services15664041653292670181.apk, --file, AndroidManifest.xml] with timeout: 1m 0s
02-19 23:03:40 D/TestAppInstallSetup: Installing apk androidx.test.services with [/tmp/services15664041653292670181.apk] ...
02-19 23:03:40 D/NativeDevice: Using property ro.build.version.sdk=34 from cache.
02-19 23:03:41 D/RunUtil: Running command [aapt, dump, badging, /tmp/services15664041653292670181.apk] with timeout: 1m 0s
02-19 23:03:41 D/RunUtil: Running command [aapt, dump, xmltree, /tmp/services15664041653292670181.apk, AndroidManifest.xml] with timeout: 1m 0s
02-19 23:03:41 D/NativeDevice: Using property ro.build.version.sdk=34 from cache.
02-19 23:03:41 D/RunUtil: Running command [adb, -s, 27161FDH20031X, shell, appops, set, --user, 0, --uid, androidx.test.services, MANAGE_EXTERNAL_STORAGE, 0] with timeout: 2m 0s
02-19 23:03:41 D/RunUtil: Running command [adb, -s, 27161FDH20031X, shell, appops, write-settings] with timeout: 2m 0s
02-19 23:03:41 D/RunUtil: Running command [adb, -s, 27161FDH20031X, shell, dumpsys, deviceidle, whitelist, +androidx.test.services] with timeout: 2m 0s
02-19 23:03:41 D/AndroidJUnitTest: stdout: Added: androidx.test.services

stderr: 
02-19 23:03:41 D/ListInstrumentationParser: instrumentation:android.display.cts/androidx.test.runner.AndroidJUnitRunner (target=android.display.cts)
02-19 23:03:41 D/ListInstrumentationParser: instrumentation:com.android.tradefed.utils.wifi/.WifiUtil (target=com.android.tradefed.utils.wifi)
02-19 23:03:41 D/ListInstrumentationParser: 
02-19 23:03:41 I/InstrumentationTest: No runner name specified. Using: androidx.test.runner.AndroidJUnitRunner.
02-19 23:03:41 D/NativeDevice: Using property ro.build.version.sdk=34 from cache.
02-19 23:03:41 D/NativeDevice: Using property ro.build.version.sdk=34 from cache.
02-19 23:03:41 D/InstrumentationTest: Collecting test info for android.display.cts on device 27161FDH20031X
02-19 23:03:41 I/RemoteAndroidTestRunner: Running am instrument -w -r --abi arm64-v8a  -e testFile /data/local/tmp/ajur/includes.txt -e debug false -e useTestStorageService true -e newRunListenerMode true -e log true -e notAnnotation com.android.compatibility.common.util.CtsDownstreamingTest,android.platform.test.annotations.AsbSecurityTest,android.platform.test.annotations.AppModeInstant -e notTestFile /data/local/tmp/ajur/excludes.txt -e timeout_msec 300000 android.display.cts/androidx.test.runner.AndroidJUnitRunner on google-aosp_on_panther-27161FDH20031X
02-19 23:03:42 D/InstrumentationTest: Initializing com.android.tradefed.device.metric.CountTestCasesCollector for instrumentation.
02-19 23:03:42 I/RemoteAndroidTestRunner: Running am instrument -w -r --abi arm64-v8a  -e testFile /data/local/tmp/ajur/includes.txt -e debug false -e useTestStorageService true -e newRunListenerMode true -e log false -e notAnnotation com.android.compatibility.common.util.CtsDownstreamingTest,android.platform.test.annotations.AsbSecurityTest,android.platform.test.annotations.AppModeInstant -e notTestFile /data/local/tmp/ajur/excludes.txt -e timeout_msec 300000 android.display.cts/androidx.test.runner.AndroidJUnitRunner on google-aosp_on_panther-27161FDH20031X
02-19 23:03:42 D/ModuleListener: ModuleListener.testRunStarted(android.display.cts, 1, 0) on 27161FDH20031X
02-19 23:03:42 D/ModuleListener: ModuleListener.testStarted(android.display.cts.DisplayTest#testModeSwitchOnPrimaryDisplay) on 27161FDH20031X
02-19 23:03:48 I/ModuleListener: [1/1] 27161FDH20031X android.display.cts.DisplayTest#testModeSwitchOnPrimaryDisplay FAILURE: java.lang.AssertionError
	at org.junit.Assert.fail(Assert.java:87)
	at org.junit.Assert.assertTrue(Assert.java:42)
	at org.junit.Assert.assertTrue(Assert.java:53)
	at android.display.cts.DisplayTest.testSwitchToModeId(DisplayTest.java:755)
	at android.display.cts.DisplayTest.testModeSwitchOnPrimaryDisplay(DisplayTest.java:659)

02-19 23:03:48 D/ModuleListener: ModuleListener.testRunEnded(6472) on 27161FDH20031X
02-19 23:03:48 D/TestDevice: Uninstalling androidx.test.services with extra args 
02-19 23:03:49 D/TestDevice: Uninstalling android.display.cts with extra args 
02-19 23:03:49 D/TestDevice: Uninstalling android.app.stubs with extra args 
02-19 23:03:49 I/NativeDeviceStateMonitor: Device 27161FDH20031X is already ONLINE
02-19 23:03:49 I/NativeDeviceStateMonitor: Waiting 360000 ms for device 27161FDH20031X boot complete
02-19 23:03:49 I/DeviceStateMonitor: Waiting 359964 ms for device 27161FDH20031X package manager
02-19 23:03:49 I/NativeDeviceStateMonitor: Waiting 359904 ms for device 27161FDH20031X external store
02-19 23:03:49 I/ConsoleReporter: [27161FDH20031X] Starting arm64-v8a CtsDisplayTestCases with 1 test
02-19 23:03:49 I/ConsoleReporter: [1/1 arm64-v8a CtsDisplayTestCases 27161FDH20031X] android.display.cts.DisplayTest#testModeSwitchOnPrimaryDisplay fail: java.lang.AssertionError
	at org.junit.Assert.fail(Assert.java:87)
	at org.junit.Assert.assertTrue(Assert.java:42)
	at org.junit.Assert.assertTrue(Assert.java:53)
	at android.display.cts.DisplayTest.testSwitchToModeId(DisplayTest.java:755)
	at android.display.cts.DisplayTest.testModeSwitchOnPrimaryDisplay(DisplayTest.java:659)

02-19 23:03:49 I/ConsoleReporter: [27161FDH20031X] arm64-v8a CtsDisplayTestCases completed in 9s. 0 passed, 1 failed, 0 not executed
02-19 23:03:49 I/ITestSuite: Running system status checker after module execution: arm64-v8a CtsDisplayTestCases
02-19 23:03:49 D/NativeDevice: Using property ro.build.version.sdk=34 from cache.
02-19 23:03:49 D/NativeDevice: Using property ro.build.version.sdk=34 from cache.
02-19 23:03:49 D/NativeDevice: Using property ro.build.version.sdk=34 from cache.
02-19 23:03:49 I/NativeDeviceStateMonitor: Device 27161FDH20031X is already ONLINE
02-19 23:03:49 I/NativeDeviceStateMonitor: Waiting 360000 ms for device 27161FDH20031X boot complete
02-19 23:03:49 I/DeviceStateMonitor: Waiting 359930 ms for device 27161FDH20031X package manager
02-19 23:03:49 I/NativeDeviceStateMonitor: Waiting 359829 ms for device 27161FDH20031X external store
02-19 23:03:50 I/MonitoringUtils: Wifi Connectivity: passed check.
02-19 23:03:50 D/TestDevice: Output from KeyguardController:   KeyguardController:
    mKeyguardShowing=false
    mAodShowing=false
    mKeyguardGoingAway=false

02-19 23:03:50 E/LeakedThreadStatusChecker: We have 4 threads instead of 1. List: [Thread[Invocation-27161FDH20031X,5,Invocation-27161FDH20031X], Thread[BackgroundDeviceAction-logcat -b all -v threadtime,uid,5,Invocation-27161FDH20031X], Thread[Timer-1,5,Invocation-27161FDH20031X], Thread[grpc-default-worker-ELG-3-1,5,Invocation-27161FDH20031X]]
02-19 23:03:50 W/ITestSuite: System status checker [com.android.tradefed.suite.checker.LeakedThreadStatusChecker] failed
02-19 23:03:50 D/NativeDevice: Time offset = -77 ms
02-19 23:03:50 D/DeviceSettingChecker: Begin postExecution for checking device setting
02-19 23:03:51 D/NativeDevice: Using property ro.build.version.sdk=34 from cache.
02-19 23:03:51 W/ITestSuite: There are failed system status checkers: {com.android.tradefed.suite.checker.LeakedThreadStatusChecker=We have 4 threads instead of 1. List: [Thread[Invocation-27161FDH20031X,5,Invocation-27161FDH20031X], Thread[BackgroundDeviceAction-logcat -b all -v threadtime,uid,5,Invocation-27161FDH20031X], Thread[Timer-1,5,Invocation-27161FDH20031X], Thread[grpc-default-worker-ELG-3-1,5,Invocation-27161FDH20031X]]}
02-19 23:03:51 D/FileUtil: Creating temp file at /home/simon/android-cts/tools/../../android-cts/results/2026.02.19_23.02.51/proto with prefix "tmp-proto" suffix ""
02-19 23:03:51 D/PrettyPrintDelimiter: 
=============================
===== TEST PHASE ENDING =====
=============================
02-19 23:03:51 D/LogFileSaver: Log data for device_logcat_test_27161FDH20031X is already compressed, skipping compression
02-19 23:03:51 D/FileUtil: Creating temp file at /home/simon/android-cts/tools/../../android-cts/logs/2026.02.19_23.02.51/inv_1248664580707606622 with prefix "device_logcat_test_27161FDH20031X_" suffix ".txt"
02-19 23:03:51 I/LogFileSaver: Saved log file /home/simon/android-cts/tools/../../android-cts/logs/2026.02.19_23.02.51/inv_1248664580707606622/device_logcat_test_27161FDH20031X_9898019625447897569.txt. [size=5001730, elapsed=2ms]
02-19 23:03:51 D/CertificationSuiteResultReporter: Saved logs for device_logcat_test_27161FDH20031X in /home/simon/android-cts/tools/../../android-cts/logs/2026.02.19_23.02.51/inv_1248664580707606622/device_logcat_test_27161FDH20031X_9898019625447897569.txt
02-19 23:03:51 D/LogFileSaver: Log data for device_logcat_test_27161FDH20031X is already compressed, skipping compression
02-19 23:03:51 D/FileUtil: Creating temp file at /tmp/13033356/cts/inv_3965343894500954911/inv_5292416972648222978 with prefix "device_logcat_test_27161FDH20031X_" suffix ".txt"
02-19 23:03:51 I/LogFileSaver: Saved log file /tmp/13033356/cts/inv_3965343894500954911/inv_5292416972648222978/device_logcat_test_27161FDH20031X_17947650469726614872.txt. [size=5001730, elapsed=3ms]
02-19 23:03:51 I/CommandInterrupter: Interrupt blocked
02-19 23:03:51 D/TestInvocation: Testing minimum responsiveness.
02-19 23:03:51 I/NativeDeviceStateMonitor: Device 27161FDH20031X is already ONLINE
02-19 23:03:51 D/RunUtil: Running command [adb, -s, 27161FDH20031X, shell, getprop, ro.build.version.sdk] with timeout: 45s
02-19 23:03:52 D/FileUtil: Creating temp file at /home/simon/android-cts/tools/../../android-cts/logs/2026.02.19_23.02.51/inv_1248664580707606622 with prefix "executeShellCommandLog_27161FDH20031X_" suffix ".txt.gz"
02-19 23:03:52 I/LogFileSaver: Saved gzip log file /home/simon/android-cts/tools/../../android-cts/logs/2026.02.19_23.02.51/inv_1248664580707606622/executeShellCommandLog_27161FDH20031X_93754067859230508.txt.gz. [size=10, elapsed=1ms]
02-19 23:03:52 D/CertificationSuiteResultReporter: Saved logs for executeShellCommandLog_27161FDH20031X in /home/simon/android-cts/tools/../../android-cts/logs/2026.02.19_23.02.51/inv_1248664580707606622/executeShellCommandLog_27161FDH20031X_93754067859230508.txt.gz
02-19 23:03:52 D/FileUtil: Creating temp file at /tmp/13033356/cts/inv_3965343894500954911/inv_5292416972648222978 with prefix "executeShellCommandLog_27161FDH20031X_" suffix ".txt.gz"
02-19 23:03:52 I/LogFileSaver: Saved gzip log file /tmp/13033356/cts/inv_3965343894500954911/inv_5292416972648222978/executeShellCommandLog_27161FDH20031X_14877851288316780674.txt.gz. [size=10, elapsed=0ms]
02-19 23:03:52 D/TestInvocation: Checking that devices are online.
02-19 23:03:52 I/NativeDeviceStateMonitor: Device 27161FDH20031X is already ONLINE
02-19 23:03:52 I/NativeDeviceStateMonitor: Waiting 180000 ms for device 27161FDH20031X boot complete
02-19 23:03:52 I/DeviceStateMonitor: Waiting 179925 ms for device 27161FDH20031X package manager
02-19 23:03:52 I/NativeDeviceStateMonitor: Waiting 179798 ms for device 27161FDH20031X external store
02-19 23:03:52 D/InvocationExecution: starting tearDown 'com.android.compatibility.common.tradefed.targetprep.PropertyCheck@189f4e42' on device: '27161FDH20031X'
02-19 23:03:52 D/InvocationExecution: done with tearDown 'com.android.compatibility.common.tradefed.targetprep.PropertyCheck@189f4e42' on device: '27161FDH20031X' in 3 ms
02-19 23:03:52 D/InvocationExecution: starting tearDown 'com.android.compatibility.common.tradefed.targetprep.PropertyCheck@51858d13' on device: '27161FDH20031X'
02-19 23:03:52 D/InvocationExecution: done with tearDown 'com.android.compatibility.common.tradefed.targetprep.PropertyCheck@51858d13' on device: '27161FDH20031X' in 0 ms
02-19 23:03:52 D/InvocationExecution: starting tearDown 'com.android.compatibility.common.tradefed.targetprep.PropertyCheck@62932963' on device: '27161FDH20031X'
02-19 23:03:52 D/InvocationExecution: done with tearDown 'com.android.compatibility.common.tradefed.targetprep.PropertyCheck@62932963' on device: '27161FDH20031X' in 0 ms
02-19 23:03:52 D/InvocationExecution: starting tearDown 'com.android.tradefed.targetprep.RunCommandTargetPreparer@78eb8a53' on device: '27161FDH20031X'
02-19 23:03:52 D/RunUtil: Running command [adb, -s, 27161FDH20031X, shell, settings, put, global, verifier_engprod, 0] with timeout: 2m 0s
02-19 23:03:52 D/InvocationExecution: done with tearDown 'com.android.tradefed.targetprep.RunCommandTargetPreparer@78eb8a53' on device: '27161FDH20031X' in 91 ms
02-19 23:03:52 D/InvocationExecution: starting tearDown 'com.android.tradefed.targetprep.RunCommandTargetPreparer@24f132d2' on device: '27161FDH20031X'
02-19 23:03:52 D/RunUtil: Running command [adb, -s, 27161FDH20031X, shell, settings, put, global, package_verifier_enable, 1] with timeout: 2m 0s
02-19 23:03:52 D/InvocationExecution: done with tearDown 'com.android.tradefed.targetprep.RunCommandTargetPreparer@24f132d2' on device: '27161FDH20031X' in 85 ms
02-19 23:03:52 D/InvocationExecution: starting tearDown 'com.android.compatibility.common.tradefed.targetprep.ReportLogCollector@2f4612af' on device: '27161FDH20031X'
02-19 23:03:52 D/NativeDevice: Using property ro.build.version.sdk=34 from cache.
02-19 23:03:52 D/NativeDevice: Using 'ls' to check doesFileExist(/storage/emulated/0/report-log-files/)
02-19 23:03:52 D/RunUtil: Running command [adb, -s, 27161FDH20031X, shell, ls, '/storage/emulated/0/report-log-files/'] with timeout: 2m 0s
02-19 23:03:52 D/NativeDevice: File /storage/emulated/0/report-log-files/ does not exist.
stdout: 
stderr: ls: /storage/emulated/0/report-log-files/: No such file or directory

02-19 23:03:52 E/NativeDevice: Device path /sdcard/report-log-files/ does not exist to be pulled.
02-19 23:03:52 D/InvocationExecution: done with tearDown 'com.android.compatibility.common.tradefed.targetprep.ReportLogCollector@2f4612af' on device: '27161FDH20031X' in 159 ms
02-19 23:03:52 D/InvocationExecution: starting tearDown 'com.android.compatibility.common.tradefed.targetprep.DeviceInfoCollector@3f43762d' on device: '27161FDH20031X'
02-19 23:03:52 D/InvocationExecution: done with tearDown 'com.android.compatibility.common.tradefed.targetprep.DeviceInfoCollector@3f43762d' on device: '27161FDH20031X' in 0 ms
02-19 23:03:52 D/InvocationExecution: starting tearDown 'com.android.tradefed.targetprep.RunCommandTargetPreparer@491388fb' on device: '27161FDH20031X'
02-19 23:03:52 D/InvocationExecution: done with tearDown 'com.android.tradefed.targetprep.RunCommandTargetPreparer@491388fb' on device: '27161FDH20031X' in 0 ms
02-19 23:03:52 D/InvocationExecution: starting tearDown 'com.android.compatibility.common.tradefed.targetprep.WifiCheck@1936ba10' on device: '27161FDH20031X'
02-19 23:03:52 D/InvocationExecution: done with tearDown 'com.android.compatibility.common.tradefed.targetprep.WifiCheck@1936ba10' on device: '27161FDH20031X' in 0 ms
02-19 23:03:52 D/InvocationExecution: starting tearDown 'com.android.compatibility.common.tradefed.targetprep.ApkPreconditionCheck@72dce6c3' on device: '27161FDH20031X'
02-19 23:03:52 D/InvocationExecution: done with tearDown 'com.android.compatibility.common.tradefed.targetprep.ApkPreconditionCheck@72dce6c3' on device: '27161FDH20031X' in 0 ms
02-19 23:03:52 D/InvocationExecution: starting tearDown 'com.android.compatibility.common.tradefed.targetprep.SettingsPreparer@4e71b651' on device: '27161FDH20031X'
02-19 23:03:52 D/InvocationExecution: done with tearDown 'com.android.compatibility.common.tradefed.targetprep.SettingsPreparer@4e71b651' on device: '27161FDH20031X' in 0 ms
02-19 23:03:52 D/InvocationExecution: starting tearDown 'com.android.compatibility.common.tradefed.targetprep.SettingsPreparer@43757df0' on device: '27161FDH20031X'
02-19 23:03:52 D/InvocationExecution: done with tearDown 'com.android.compatibility.common.tradefed.targetprep.SettingsPreparer@43757df0' on device: '27161FDH20031X' in 0 ms
02-19 23:03:52 D/InvocationExecution: starting tearDown 'com.android.compatibility.common.tradefed.targetprep.PackageDisabler@582a8770' on device: '27161FDH20031X'
02-19 23:03:52 D/InvocationExecution: done with tearDown 'com.android.compatibility.common.tradefed.targetprep.PackageDisabler@582a8770' on device: '27161FDH20031X' in 0 ms
02-19 23:03:52 D/InvocationExecution: starting tearDown 'com.android.compatibility.common.tradefed.targetprep.StayAwakePreparer@5702121c' on device: '27161FDH20031X'
02-19 23:03:52 D/InvocationExecution: done with tearDown 'com.android.compatibility.common.tradefed.targetprep.StayAwakePreparer@5702121c' on device: '27161FDH20031X' in 0 ms
02-19 23:03:52 D/InvocationExecution: starting tearDown 'com.android.compatibility.common.tradefed.targetprep.DynamicConfigPusher@666f140f' on device: '27161FDH20031X'
02-19 23:03:52 D/InvocationExecution: done with tearDown 'com.android.compatibility.common.tradefed.targetprep.DynamicConfigPusher@666f140f' on device: '27161FDH20031X' in 0 ms
02-19 23:03:52 D/InvocationExecution: starting tearDown 'com.android.compatibility.common.tradefed.targetprep.DeviceFileCollector@29fd5607' on device: '27161FDH20031X'
02-19 23:03:52 D/InvocationExecution: done with tearDown 'com.android.compatibility.common.tradefed.targetprep.DeviceFileCollector@29fd5607' on device: '27161FDH20031X' in 0 ms
02-19 23:03:52 D/InvocationExecution: starting tearDown 'com.android.compatibility.common.tradefed.targetprep.DeviceFileCollector@63845e4e' on device: '27161FDH20031X'
02-19 23:03:52 D/InvocationExecution: done with tearDown 'com.android.compatibility.common.tradefed.targetprep.DeviceFileCollector@63845e4e' on device: '27161FDH20031X' in 0 ms
02-19 23:03:52 D/TestDevice: Uninstalling com.android.tradefed.utils.wifi with extra args 
02-19 23:03:53 D/WifiHelper: Successfully clean up WifiHelper.
02-19 23:03:53 D/RunUtil: Running command [id, -u, simon] with timeout: 1m 0s
02-19 23:03:53 D/RunUtil: Running command [tail, -c, 10MB, /tmp/adb.1000.log] with timeout: 1m 0s
02-19 23:03:53 D/LogFileSaver: Log data for host_adb_log is already compressed, skipping compression
02-19 23:03:53 D/FileUtil: Creating temp file at /home/simon/android-cts/tools/../../android-cts/logs/2026.02.19_23.02.51/inv_1248664580707606622 with prefix "host_adb_log_" suffix ".txt"
02-19 23:03:53 I/LogFileSaver: Saved log file /home/simon/android-cts/tools/../../android-cts/logs/2026.02.19_23.02.51/inv_1248664580707606622/host_adb_log_13721672495735541922.txt. [size=95616, elapsed=0ms]
02-19 23:03:53 D/CertificationSuiteResultReporter: Saved logs for host_adb_log in /home/simon/android-cts/tools/../../android-cts/logs/2026.02.19_23.02.51/inv_1248664580707606622/host_adb_log_13721672495735541922.txt
02-19 23:03:53 D/LogFileSaver: Log data for host_adb_log is already compressed, skipping compression
02-19 23:03:53 D/FileUtil: Creating temp file at /tmp/13033356/cts/inv_3965343894500954911/inv_5292416972648222978 with prefix "host_adb_log_" suffix ".txt"
02-19 23:03:53 I/LogFileSaver: Saved log file /tmp/13033356/cts/inv_3965343894500954911/inv_5292416972648222978/host_adb_log_16930633921395265532.txt. [size=95616, elapsed=0ms]
02-19 23:03:53 D/LogFileSaver: Log data for device_logcat_teardown_27161FDH20031X is already compressed, skipping compression
02-19 23:03:53 D/FileUtil: Creating temp file at /home/simon/android-cts/tools/../../android-cts/logs/2026.02.19_23.02.51/inv_1248664580707606622 with prefix "device_logcat_teardown_27161FDH20031X_" suffix ".txt"
02-19 23:03:53 I/LogFileSaver: Saved log file /home/simon/android-cts/tools/../../android-cts/logs/2026.02.19_23.02.51/inv_1248664580707606622/device_logcat_teardown_27161FDH20031X_12355995628058576910.txt. [size=11678, elapsed=0ms]
02-19 23:03:53 D/CertificationSuiteResultReporter: Saved logs for device_logcat_teardown_27161FDH20031X in /home/simon/android-cts/tools/../../android-cts/logs/2026.02.19_23.02.51/inv_1248664580707606622/device_logcat_teardown_27161FDH20031X_12355995628058576910.txt
02-19 23:03:53 D/LogFileSaver: Log data for device_logcat_teardown_27161FDH20031X is already compressed, skipping compression
02-19 23:03:53 D/FileUtil: Creating temp file at /tmp/13033356/cts/inv_3965343894500954911/inv_5292416972648222978 with prefix "device_logcat_teardown_27161FDH20031X_" suffix ".txt"
02-19 23:03:53 I/LogFileSaver: Saved log file /tmp/13033356/cts/inv_3965343894500954911/inv_5292416972648222978/device_logcat_teardown_27161FDH20031X_13442665150830277577.txt. [size=11678, elapsed=0ms]
02-19 23:03:53 I/TestInvocation: Done stopping logcat for 27161FDH20031X
02-19 23:03:53 D/BackgroundDeviceAction: com.android.ddmlib.TimeoutException while running logcat on 27161FDH20031X. May see duplicated content in log.
02-19 23:03:53 D/BackgroundDeviceAction: Waiting for device 27161FDH20031X online before starting.
02-19 23:03:53 D/CommandScheduler: TestDeviceState for releasing '27161FDH20031X(class com.android.tradefed.device.TestDevice)' is 'ONLINE'
02-19 23:03:53 I/NativeDeviceStateMonitor: Waiting 30000 ms for device 27161FDH20031X shell to be responsive
02-19 23:03:53 I/NativeDeviceStateMonitor: shell ready. id output: uid=2000(shell) gid=2000(shell) groups=2000(shell),1004(input),1007(log),1011(adb),1015(sdcard_rw),1028(sdcard_r),1078(ext_data_rw),1079(ext_obb_rw),3001(net_bt_admin),3002(net_bt),3003(inet),3006(net_bw_stats),3009(readproc),3011(uhid),3012(readtracefs) context=u:r:shell:s0

02-19 23:03:53 D/CommandScheduler: Release map of the devices: {com.android.tradefed.device.TestDevice@60b3c7ab=AVAILABLE}
02-19 23:03:53 W/NativeDevice: Attempting to stop logcat when not capturing for 27161FDH20031X
02-19 23:03:53 D/TestDevice: No snapuserd notification in progress for BLOCK_BEFORE_RELEASING
