02-21 23:58:02 D/Configuration: Resolve and download remote files from @Option
02-21 23:58:02 I/TestInvocation: Invocation was started with cmd: cts -m CtsDisplayTestCases -t android.display.cts.DisplayTest#testMode -s 27161FDH20031X
02-21 23:58:02 D/InvocationExecution: Skip linking external directory as FileProperty was set.
02-21 23:58:02 D/RunUtil: Running command [adb, version] with timeout: 2m 0s
02-21 23:58:02 D/TestInvocation: Fetch build duration: 5 ms
02-21 23:58:02 D/ArtifactsAnalyzer: Build analysis report: BuildAnalysis [mDeviceImageChanged=true, mHasTestsArtifacts=true, mHasChangesInTests=false, imageDigests={}]
02-21 23:58:02 D/ArtifactsAnalyzer: Analysis report after test analysis: BuildAnalysis [mDeviceImageChanged=true, mHasTestsArtifacts=true, mHasChangesInTests=true, imageDigests={}]
02-21 23:58:02 D/RunUtil: Running command [adb, -s, 27161FDH20031X, shell, getprop, ro.build.version.sdk] with timeout: 45s
02-21 23:58:02 D/GlobalTestFilter: Setting up global filters
02-21 23:58:02 D/BackgroundDeviceAction: Waiting for device 27161FDH20031X online before starting.
02-21 23:58:02 D/InvocationExecution: IShardHelper selected: com.android.tradefed.invoker.shard.StrictShardHelper@2ce33051
02-21 23:58:02 D/BackgroundDeviceAction: Device 27161FDH20031X now online.
02-21 23:58:02 D/BackgroundDeviceAction: Starting logcat for 27161FDH20031X.
02-21 23:58:02 I/TestInvocation: Starting invocation for 'cts' with '[ DeviceBuildInfo{bid=13033356, serial=27161FDH20031X} on device '27161FDH20031X'] 
02-21 23:58:02 D/FileUtil: Creating temp directory at /tmp/13033356/cts with prefix "inv_"
02-21 23:58:02 D/RunUtil: Running command [chmod, ug+rwx, /tmp/13033356/cts/inv_3064608441729781508] with timeout: 10s
02-21 23:58:02 D/FileSystemLogSaver: Using log file directory /tmp/13033356/cts/inv_3064608441729781508
02-21 23:58:02 D/FileUtil: Creating temp directory at /tmp/13033356/cts/inv_3064608441729781508 with prefix "inv_"
02-21 23:58:02 I/LogFileSaver: Using log file directory /tmp/13033356/cts/inv_3064608441729781508/inv_10022850878599440680
02-21 23:58:02 D/CompatibilityProtoResultReporter: Proto Results Directory: /home/simon/android-cts/tools/../../android-cts/results/2026.02.21_23.58.02/proto
02-21 23:58:02 D/FileUtil: Creating temp file at /home/simon/android-cts/tools/../../android-cts/results/2026.02.21_23.58.02/proto with prefix "tmp-proto" suffix ""
02-21 23:58:02 D/CompatibilityProtoResultReporter: Proto Results Directory: /home/simon/android-cts/tools/../../android-cts/results/2026.02.21_23.58.02/proto
02-21 23:58:02 D/CertificationSuiteResultReporter: Initializing result directory
02-21 23:58:02 D/CertificationSuiteResultReporter: Results Directory: /home/simon/android-cts/tools/../../android-cts/results/2026.02.21_23.58.02
02-21 23:58:02 D/CertificationSuiteResultReporter: Created log dir /home/simon/android-cts/tools/../../android-cts/logs/2026.02.21_23.58.02
02-21 23:58:02 D/FileUtil: Creating temp directory at /home/simon/android-cts/tools/../../android-cts/logs/2026.02.21_23.58.02 with prefix "inv_"
02-21 23:58:02 I/LogFileSaver: Using log file directory /home/simon/android-cts/tools/../../android-cts/logs/2026.02.21_23.58.02/inv_3975703343429301694
02-21 23:58:02 D/LogFileSaver: Log data for tradefed-expanded-config is already compressed, skipping compression
02-21 23:58:02 D/FileUtil: Creating temp file at /home/simon/android-cts/tools/../../android-cts/logs/2026.02.21_23.58.02/inv_3975703343429301694 with prefix "tradefed-expanded-config_" suffix ".xml"
02-21 23:58:02 I/LogFileSaver: Saved log file /home/simon/android-cts/tools/../../android-cts/logs/2026.02.21_23.58.02/inv_3975703343429301694/tradefed-expanded-config_11402738439095566972.xml. [size=58752, elapsed=1ms]
02-21 23:58:02 D/CertificationSuiteResultReporter: Saved logs for tradefed-expanded-config in /home/simon/android-cts/tools/../../android-cts/logs/2026.02.21_23.58.02/inv_3975703343429301694/tradefed-expanded-config_11402738439095566972.xml
02-21 23:58:02 D/LogFileSaver: Log data for tradefed-expanded-config is already compressed, skipping compression
02-21 23:58:02 D/FileUtil: Creating temp file at /tmp/13033356/cts/inv_3064608441729781508/inv_10022850878599440680 with prefix "tradefed-expanded-config_" suffix ".xml"
02-21 23:58:02 I/LogFileSaver: Saved log file /tmp/13033356/cts/inv_3064608441729781508/inv_10022850878599440680/tradefed-expanded-config_10774987722742463075.xml. [size=58752, elapsed=0ms]
02-21 23:58:02 D/InvocationExecution: Starting device pre invocation setup for : '27161FDH20031X'
02-21 23:58:02 D/DefaultConnection: Instance type for connection: GCE
02-21 23:58:02 D/DefaultConnection: Instance type for connection: GCE
02-21 23:58:02 D/NativeDevice: Using connection: com.android.tradefed.device.connection.DefaultConnection@7bc006be (27161FDH20031X)
02-21 23:58:02 I/CommandInterrupter: Interrupt allowed
02-21 23:58:02 D/InvocationExecution: Starting setup for device: '27161FDH20031X'
02-21 23:58:02 D/InvocationExecution: starting preparer 'com.android.compatibility.common.tradefed.targetprep.DeviceFileCollector@5cdacb13' on device: '27161FDH20031X'
02-21 23:58:02 D/RunUtil: Running command [adb, -s, 27161FDH20031X, shell, getprop, ro.treble.enabled] with timeout: 45s
02-21 23:58:02 D/NativeDevice: Using 'ls' to check doesFileExist(/sys/fs/selinux/policy)
02-21 23:58:02 D/RunUtil: Running command [adb, -s, 27161FDH20031X, shell, ls, '/sys/fs/selinux/policy'] with timeout: 2m 0s
02-21 23:58:02 D/InvocationExecution: done with preparer 'com.android.compatibility.common.tradefed.targetprep.DeviceFileCollector@5cdacb13' on device: '27161FDH20031X' in 132 ms
02-21 23:58:02 D/InvocationExecution: starting preparer 'com.android.compatibility.common.tradefed.targetprep.DeviceFileCollector@6665863c' on device: '27161FDH20031X'
02-21 23:58:02 D/NativeDevice: Using property ro.treble.enabled=true from cache.
02-21 23:58:02 D/NativeDevice: Using 'ls' to check doesFileExist(/proc/config.gz)
02-21 23:58:02 D/RunUtil: Running command [adb, -s, 27161FDH20031X, shell, ls, '/proc/config.gz'] with timeout: 2m 0s
02-21 23:58:02 D/InvocationExecution: done with preparer 'com.android.compatibility.common.tradefed.targetprep.DeviceFileCollector@6665863c' on device: '27161FDH20031X' in 71 ms
02-21 23:58:02 D/InvocationExecution: starting preparer 'com.android.compatibility.common.tradefed.targetprep.DynamicConfigPusher@51b9ec42' on device: '27161FDH20031X'
02-21 23:58:02 I/UrlReplacement: UrlReplacement file [/home/simon/android-cts/tools/UrlReplacement.xml] does not exist
02-21 23:58:03 D/InvocationExecution: done with preparer 'com.android.compatibility.common.tradefed.targetprep.DynamicConfigPusher@51b9ec42' on device: '27161FDH20031X' in 158 ms
02-21 23:58:03 D/InvocationExecution: starting preparer 'com.android.compatibility.common.tradefed.targetprep.StayAwakePreparer@5b8fa370' on device: '27161FDH20031X'
02-21 23:58:03 D/SettingsPreparer: Changing value for stay_on_while_plugged_in from 0 to 7
02-21 23:58:03 D/InvocationExecution: done with preparer 'com.android.compatibility.common.tradefed.targetprep.StayAwakePreparer@5b8fa370' on device: '27161FDH20031X' in 193 ms
02-21 23:58:03 D/InvocationExecution: starting preparer 'com.android.compatibility.common.tradefed.targetprep.PackageDisabler@6207aba8' on device: '27161FDH20031X'
02-21 23:58:03 D/InvocationExecution: done with preparer 'com.android.compatibility.common.tradefed.targetprep.PackageDisabler@6207aba8' on device: '27161FDH20031X' in 157 ms
02-21 23:58:03 D/InvocationExecution: starting preparer 'com.android.compatibility.common.tradefed.targetprep.SettingsPreparer@4d56629d' on device: '27161FDH20031X'
02-21 23:58:03 D/SettingsPreparer: Setting verifier_verify_adb_installs to value 0
02-21 23:58:03 D/InvocationExecution: done with preparer 'com.android.compatibility.common.tradefed.targetprep.SettingsPreparer@4d56629d' on device: '27161FDH20031X' in 96 ms
02-21 23:58:03 D/InvocationExecution: starting preparer 'com.android.compatibility.common.tradefed.targetprep.SettingsPreparer@19d57140' on device: '27161FDH20031X'
02-21 23:58:03 D/SettingsPreparer: Setting hide_error_dialogs to value 1
02-21 23:58:03 D/InvocationExecution: done with preparer 'com.android.compatibility.common.tradefed.targetprep.SettingsPreparer@19d57140' on device: '27161FDH20031X' in 107 ms
02-21 23:58:03 D/InvocationExecution: starting preparer 'com.android.compatibility.common.tradefed.targetprep.ApkPreconditionCheck@245c6bd2' on device: '27161FDH20031X'
02-21 23:58:03 I/NativeDeviceStateMonitor: Device 27161FDH20031X is already ONLINE
02-21 23:58:03 I/NativeDeviceStateMonitor: Waiting 360000 ms for device 27161FDH20031X boot complete
02-21 23:58:03 I/DeviceStateMonitor: Waiting 359933 ms for device 27161FDH20031X package manager
02-21 23:58:03 I/NativeDeviceStateMonitor: Waiting 359812 ms for device 27161FDH20031X external store
02-21 23:58:04 I/ApkInstrumentationPreparer: Instrumenting package: com.android.preconditions.cts
02-21 23:58:04 D/NativeDevice: Using property ro.build.version.sdk=34 from cache.
02-21 23:58:04 D/NativeDevice: Using property ro.build.version.sdk=34 from cache.
02-21 23:58:04 D/RunUtil: Running command [adb, -s, 27161FDH20031X, shell, getprop, ro.build.version.codename] with timeout: 45s
02-21 23:58:04 D/RunUtil: Running command [adb, -s, 27161FDH20031X, shell, getprop] with timeout: 45s
02-21 23:58:04 D/NativeDevice: Using property ro.build.version.sdk=34 from cache.
02-21 23:58:04 D/RunUtil: Running command [adb, -s, 27161FDH20031X, shell, pm, list, features] with timeout: 2m 0s
02-21 23:58:04 D/NativeDevice: Using property ro.build.version.sdk=34 from cache.
02-21 23:58:04 D/NativeDevice: Using property ro.build.version.codename=REL from cache.
02-21 23:58:04 D/RunUtil: Running command [aapt2, dump, badging, /tmp/services10106190980835783508.apk] with timeout: 1m 0s
02-21 23:58:04 D/RunUtil: Running command [aapt2, dump, xmltree, /tmp/services10106190980835783508.apk, --file, AndroidManifest.xml] with timeout: 1m 0s
02-21 23:58:04 D/TestAppInstallSetup: Installing apk androidx.test.services with [/tmp/services10106190980835783508.apk] ...
02-21 23:58:04 D/NativeDevice: Using property ro.build.version.sdk=34 from cache.
02-21 23:58:04 D/RunUtil: Running command [aapt, dump, badging, /tmp/services10106190980835783508.apk] with timeout: 1m 0s
02-21 23:58:04 D/RunUtil: Running command [aapt, dump, xmltree, /tmp/services10106190980835783508.apk, AndroidManifest.xml] with timeout: 1m 0s
02-21 23:58:04 D/NativeDevice: Using property ro.build.version.sdk=34 from cache.
02-21 23:58:04 D/RunUtil: Running command [adb, -s, 27161FDH20031X, shell, appops, set, --user, 0, --uid, androidx.test.services, MANAGE_EXTERNAL_STORAGE, 0] with timeout: 2m 0s
02-21 23:58:04 D/RunUtil: Running command [adb, -s, 27161FDH20031X, shell, appops, write-settings] with timeout: 2m 0s
02-21 23:58:05 D/RunUtil: Running command [adb, -s, 27161FDH20031X, shell, dumpsys, deviceidle, whitelist, +androidx.test.services] with timeout: 2m 0s
02-21 23:58:05 D/AndroidJUnitTest: stdout: Added: androidx.test.services

stderr: 
02-21 23:58:05 D/NativeDevice: Using property ro.build.version.sdk=34 from cache.
02-21 23:58:05 D/NativeDevice: Using property ro.build.version.codename=REL from cache.
02-21 23:58:05 D/NativeDevice: Using property ro.build.version.sdk=34 from cache.
02-21 23:58:05 D/RunUtil: Running command [aapt, dump, badging, /home/simon/android-cts/tools/../../android-cts/testcases/CtsPreconditions/arm64/CtsPreconditions.apk] with timeout: 1m 0s
02-21 23:58:05 D/RunUtil: Running command [aapt, dump, xmltree, /home/simon/android-cts/tools/../../android-cts/testcases/CtsPreconditions/arm64/CtsPreconditions.apk, AndroidManifest.xml] with timeout: 1m 0s
02-21 23:58:05 D/RunUtil: Running command [adb, -s, 27161FDH20031X, shell, appops, write-settings] with timeout: 2m 0s
02-21 23:58:05 D/ListInstrumentationParser: instrumentation:com.android.preconditions.cts/androidx.test.runner.AndroidJUnitRunner (target=com.android.preconditions.cts)
02-21 23:58:05 D/ListInstrumentationParser: 
02-21 23:58:05 I/InstrumentationTest: No runner name specified. Using: androidx.test.runner.AndroidJUnitRunner.
02-21 23:58:05 D/NativeDevice: Using property ro.build.version.sdk=34 from cache.
02-21 23:58:05 D/NativeDevice: Using property ro.build.version.sdk=34 from cache.
02-21 23:58:05 D/InstrumentationTest: Initializing com.android.tradefed.device.metric.CountTestCasesCollector for instrumentation.
02-21 23:58:05 I/RemoteAndroidTestRunner: Running am instrument -w -r --no-isolated-storage  -e useTestStorageService true -e newRunListenerMode true -e timeout_msec 300000 com.android.preconditions.cts/androidx.test.runner.AndroidJUnitRunner on google-aosp_on_panther-27161FDH20031X
02-21 23:58:06 D/TestDevice: Uninstalling com.android.preconditions.cts with extra args 
02-21 23:58:06 D/TestDevice: Uninstalling androidx.test.services with extra args 
02-21 23:58:06 D/ApkInstrumentationPreparer: Target preparation successful
02-21 23:58:06 D/InvocationExecution: done with preparer 'com.android.compatibility.common.tradefed.targetprep.ApkPreconditionCheck@245c6bd2' on device: '27161FDH20031X' in 3s
02-21 23:58:06 D/InvocationExecution: starting preparer 'com.android.compatibility.common.tradefed.targetprep.WifiCheck@67980cb6' on device: '27161FDH20031X'
02-21 23:58:06 I/NativeDeviceStateMonitor: Device 27161FDH20031X is already ONLINE
02-21 23:58:06 I/NativeDeviceStateMonitor: Waiting 360000 ms for device 27161FDH20031X boot complete
02-21 23:58:06 I/DeviceStateMonitor: Waiting 359934 ms for device 27161FDH20031X package manager
02-21 23:58:07 I/NativeDeviceStateMonitor: Waiting 359899 ms for device 27161FDH20031X external store
02-21 23:58:07 D/NativeDevice: Using property ro.build.version.sdk=34 from cache.
02-21 23:58:07 D/NativeDevice: Using property ro.build.version.codename=REL from cache.
02-21 23:58:07 D/NativeDevice: Using property ro.build.version.sdk=34 from cache.
02-21 23:58:07 D/RunUtil: Running command [aapt, dump, badging, /tmp/WifiUtil.apk13176454394497336133.apk] with timeout: 1m 0s
02-21 23:58:07 D/RunUtil: Running command [aapt, dump, xmltree, /tmp/WifiUtil.apk13176454394497336133.apk, AndroidManifest.xml] with timeout: 1m 0s
02-21 23:58:07 D/RunUtil: Running command [adb, -s, 27161FDH20031X, shell, appops, write-settings] with timeout: 2m 0s
02-21 23:58:08 I/WifiCheck: Wifi is connected
02-21 23:58:08 D/InvocationExecution: done with preparer 'com.android.compatibility.common.tradefed.targetprep.WifiCheck@67980cb6' on device: '27161FDH20031X' in 1s
02-21 23:58:08 D/InvocationExecution: starting preparer 'com.android.tradefed.targetprep.RunCommandTargetPreparer@6688595' on device: '27161FDH20031X'
02-21 23:58:08 D/RunUtil: Running command [adb, -s, 27161FDH20031X, shell, rm, -rf, /sdcard/device-info-files] with timeout: 2m 0s
02-21 23:58:08 D/RunUtil: Running command [adb, -s, 27161FDH20031X, shell, rm, -rf, /sdcard/report-log-files] with timeout: 2m 0s
02-21 23:58:08 D/RunUtil: Running command [adb, -s, 27161FDH20031X, shell, locksettings, set-disabled, true] with timeout: 2m 0s
02-21 23:58:08 D/InvocationExecution: done with preparer 'com.android.tradefed.targetprep.RunCommandTargetPreparer@6688595' on device: '27161FDH20031X' in 198 ms
02-21 23:58:08 D/InvocationExecution: starting preparer 'com.android.compatibility.common.tradefed.targetprep.DeviceInfoCollector@6a05163c' on device: '27161FDH20031X'
02-21 23:58:08 D/RunUtil: Running command [adb, -s, 27161FDH20031X, shell, getprop, ro.product.model] with timeout: 45s
02-21 23:58:08 D/RunUtil: Running command [adb, -s, 27161FDH20031X, shell, getprop, ro.product.device] with timeout: 45s
02-21 23:58:08 D/NativeDevice: Using property ro.build.id=AP2A.240905.003 from cache.
02-21 23:58:08 D/RunUtil: Running command [adb, -s, 27161FDH20031X, shell, getprop, ro.bootimage.build.fingerprint] with timeout: 45s
02-21 23:58:08 D/NativeDevice: Using property ro.build.version.sdk=34 from cache.
02-21 23:58:08 D/RunUtil: Running command [adb, -s, 27161FDH20031X, shell, getprop, ro.product.manufacturer] with timeout: 45s
02-21 23:58:08 D/RunUtil: Running command [adb, -s, 27161FDH20031X, shell, getprop, ro.serialno] with timeout: 45s
02-21 23:58:08 D/RunUtil: Running command [adb, -s, 27161FDH20031X, shell, getprop, ro.build.version.security_patch] with timeout: 45s
02-21 23:58:08 D/RunUtil: Running command [adb, -s, 27161FDH20031X, shell, getprop, ro.product.cpu.abilist32] with timeout: 45s
02-21 23:58:08 D/RunUtil: Running command [adb, -s, 27161FDH20031X, shell, getprop, ro.build.reference.fingerprint] with timeout: 45s
02-21 23:58:08 D/RunUtil: Running command [adb, -s, 27161FDH20031X, shell, getprop, ro.product.cpu.abi] with timeout: 45s
02-21 23:58:08 D/RunUtil: Running command [adb, -s, 27161FDH20031X, shell, getprop, ro.product.cpu.abilist64] with timeout: 45s
02-21 23:58:08 D/RunUtil: Running command [adb, -s, 27161FDH20031X, shell, getprop, ro.product.name] with timeout: 45s
02-21 23:58:08 D/RunUtil: Running command [adb, -s, 27161FDH20031X, shell, getprop, ro.build.tags] with timeout: 45s
02-21 23:58:09 D/RunUtil: Running command [adb, -s, 27161FDH20031X, shell, getprop, ro.build.version.incremental] with timeout: 45s
02-21 23:58:09 D/RunUtil: Running command [adb, -s, 27161FDH20031X, shell, getprop, ro.product.brand] with timeout: 45s
02-21 23:58:09 D/RunUtil: Running command [adb, -s, 27161FDH20031X, shell, getprop, ro.build.fingerprint] with timeout: 45s
02-21 23:58:09 D/RunUtil: Running command [adb, -s, 27161FDH20031X, shell, getprop, ro.vendor.build.fingerprint] with timeout: 45s
02-21 23:58:09 D/RunUtil: Running command [adb, -s, 27161FDH20031X, shell, getprop, ro.build.version.base_os] with timeout: 45s
02-21 23:58:09 D/RunUtil: Running command [adb, -s, 27161FDH20031X, shell, getprop, ro.product.cpu.abilist] with timeout: 45s
02-21 23:58:09 D/RunUtil: Running command [adb, -s, 27161FDH20031X, shell, getprop, ro.product.board] with timeout: 45s
02-21 23:58:09 D/RunUtil: Running command [adb, -s, 27161FDH20031X, shell, getprop, ro.build.type] with timeout: 45s
02-21 23:58:09 D/RunUtil: Running command [adb, -s, 27161FDH20031X, shell, getprop, ro.build.version.release] with timeout: 45s
02-21 23:58:09 D/RunUtil: Running command [adb, -s, 27161FDH20031X, shell, getprop, ro.product.cpu.abi2] with timeout: 45s
02-21 23:58:09 I/NativeDeviceStateMonitor: Device 27161FDH20031X is already ONLINE
02-21 23:58:09 I/NativeDeviceStateMonitor: Waiting 360000 ms for device 27161FDH20031X boot complete
02-21 23:58:09 I/DeviceStateMonitor: Waiting 359949 ms for device 27161FDH20031X package manager
02-21 23:58:09 I/NativeDeviceStateMonitor: Waiting 359863 ms for device 27161FDH20031X external store
02-21 23:58:10 I/ApkInstrumentationPreparer: Instrumenting package: com.android.compatibility.common.deviceinfo
02-21 23:58:10 D/NativeDevice: Using property ro.build.version.sdk=34 from cache.
02-21 23:58:10 D/NativeDevice: Using property ro.build.version.sdk=34 from cache.
02-21 23:58:10 D/NativeDevice: Using property ro.build.version.codename=REL from cache.
02-21 23:58:10 D/NativeDevice: Using property ro.build.version.sdk=34 from cache.
02-21 23:58:10 D/RunUtil: Running command [adb, -s, 27161FDH20031X, shell, pm, list, features] with timeout: 2m 0s
02-21 23:58:10 D/NativeDevice: Using property ro.build.version.sdk=34 from cache.
02-21 23:58:10 D/NativeDevice: Using property ro.build.version.codename=REL from cache.
02-21 23:58:10 D/RunUtil: Running command [aapt2, dump, badging, /tmp/services18337506856770814200.apk] with timeout: 1m 0s
02-21 23:58:10 D/RunUtil: Running command [aapt2, dump, xmltree, /tmp/services18337506856770814200.apk, --file, AndroidManifest.xml] with timeout: 1m 0s
02-21 23:58:10 D/TestAppInstallSetup: Installing apk androidx.test.services with [/tmp/services18337506856770814200.apk] ...
02-21 23:58:10 D/NativeDevice: Using property ro.build.version.sdk=34 from cache.
02-21 23:58:10 D/RunUtil: Running command [aapt, dump, badging, /tmp/services18337506856770814200.apk] with timeout: 1m 0s
02-21 23:58:10 D/RunUtil: Running command [aapt, dump, xmltree, /tmp/services18337506856770814200.apk, AndroidManifest.xml] with timeout: 1m 0s
02-21 23:58:10 D/NativeDevice: Using property ro.build.version.sdk=34 from cache.
02-21 23:58:10 D/RunUtil: Running command [adb, -s, 27161FDH20031X, shell, appops, set, --user, 0, --uid, androidx.test.services, MANAGE_EXTERNAL_STORAGE, 0] with timeout: 2m 0s
02-21 23:58:10 D/RunUtil: Running command [adb, -s, 27161FDH20031X, shell, appops, write-settings] with timeout: 2m 0s
02-21 23:58:10 D/RunUtil: Running command [adb, -s, 27161FDH20031X, shell, dumpsys, deviceidle, whitelist, +androidx.test.services] with timeout: 2m 0s
02-21 23:58:10 D/AndroidJUnitTest: stdout: Added: androidx.test.services

stderr: 
02-21 23:58:10 D/NativeDevice: Using property ro.build.version.sdk=34 from cache.
02-21 23:58:10 D/NativeDevice: Using property ro.build.version.codename=REL from cache.
02-21 23:58:10 D/NativeDevice: Using property ro.build.version.sdk=34 from cache.
02-21 23:58:11 D/RunUtil: Running command [aapt, dump, badging, /home/simon/android-cts/tools/../../android-cts/testcases/CtsDeviceInfo/arm64/CtsDeviceInfo.apk] with timeout: 1m 0s
02-21 23:58:11 D/RunUtil: Running command [aapt, dump, xmltree, /home/simon/android-cts/tools/../../android-cts/testcases/CtsDeviceInfo/arm64/CtsDeviceInfo.apk, AndroidManifest.xml] with timeout: 1m 0s
02-21 23:58:11 D/RunUtil: Running command [adb, -s, 27161FDH20031X, shell, appops, write-settings] with timeout: 2m 0s
02-21 23:58:11 D/ListInstrumentationParser: instrumentation:com.android.compatibility.common.deviceinfo/androidx.test.runner.AndroidJUnitRunner (target=com.android.compatibility.common.deviceinfo)
02-21 23:58:11 D/ListInstrumentationParser: instrumentation:com.android.tradefed.utils.wifi/.WifiUtil (target=com.android.tradefed.utils.wifi)
02-21 23:58:11 D/ListInstrumentationParser: 
02-21 23:58:11 I/InstrumentationTest: No runner name specified. Using: androidx.test.runner.AndroidJUnitRunner.
02-21 23:58:11 D/NativeDevice: Using property ro.build.version.sdk=34 from cache.
02-21 23:58:11 D/NativeDevice: Using property ro.build.version.sdk=34 from cache.
02-21 23:58:11 D/InstrumentationTest: Initializing com.android.tradefed.device.metric.CountTestCasesCollector for instrumentation.
02-21 23:58:11 I/RemoteAndroidTestRunner: Running am instrument -w -r --no-isolated-storage  -e useTestStorageService true -e newRunListenerMode true -e timeout_msec 300000 com.android.compatibility.common.deviceinfo/androidx.test.runner.AndroidJUnitRunner on google-aosp_on_panther-27161FDH20031X
02-21 23:58:25 D/TestDevice: Uninstalling com.android.compatibility.common.deviceinfo with extra args 
02-21 23:58:25 D/TestDevice: Uninstalling androidx.test.services with extra args 
02-21 23:58:25 W/ApkInstrumentationPreparer: Target preparation step com.android.compatibility.common.deviceinfo.KeystoreAttestationDeviceInfo#testCollectDeviceInfo failed.
junit.framework.AssertionFailedError: KeystoreAttestationDeviceInfo collection completed. expected:<COMPLETED> but was:<FAILED>
	at junit.framework.Assert.fail(Assert.java:50)
	at junit.framework.Assert.failNotEquals(Assert.java:287)
	at junit.framework.Assert.assertEquals(Assert.java:67)
	at com.android.compatibility.common.deviceinfo.DeviceInfo.testCollectDeviceInfo(DeviceInfo.java:112)
	at java.lang.reflect.Method.invoke(Native Method)
	at android.test.InstrumentationTestCase.runMethod(InstrumentationTestCase.java:220)
	at android.test.InstrumentationTestCase.runTest(InstrumentationTestCase.java:205)

02-21 23:58:25 D/NativeDevice: Using property ro.build.version.sdk=34 from cache.
02-21 23:58:25 D/NativeDevice: Using 'ls' to check doesFileExist(/storage/emulated/0/device-info-files/)
02-21 23:58:25 D/RunUtil: Running command [adb, -s, 27161FDH20031X, shell, ls, '/storage/emulated/0/device-info-files/'] with timeout: 2m 0s
02-21 23:58:26 D/FileUtil: Creating temp file at /tmp/13033356/cts/inv_3064608441729781508/inv_10022850878599440680 with prefix "ConfigurationDeviceInfo.deviceinfo.json_" suffix ".txt.gz"
02-21 23:58:26 I/LogFileSaver: Saved gzip log file /tmp/13033356/cts/inv_3064608441729781508/inv_10022850878599440680/ConfigurationDeviceInfo.deviceinfo.json_8094414805762476681.txt.gz. [size=10, elapsed=1ms]
02-21 23:58:26 D/FileUtil: Creating temp file at /tmp/13033356/cts/inv_3064608441729781508/inv_10022850878599440680 with prefix "StorageDeviceInfo.deviceinfo.json_" suffix ".txt.gz"
02-21 23:58:26 I/LogFileSaver: Saved gzip log file /tmp/13033356/cts/inv_3064608441729781508/inv_10022850878599440680/StorageDeviceInfo.deviceinfo.json_9647968352247082469.txt.gz. [size=10, elapsed=0ms]
02-21 23:58:26 D/FileUtil: Creating temp file at /home/simon/android-cts/tools/../../android-cts/logs/2026.02.21_23.58.02/inv_3975703343429301694 with prefix "framework_manifest.xml_" suffix ".txt.gz"
02-21 23:58:26 I/LogFileSaver: Saved gzip log file /home/simon/android-cts/tools/../../android-cts/logs/2026.02.21_23.58.02/inv_3975703343429301694/framework_manifest.xml_16851407003452678797.txt.gz. [size=10, elapsed=0ms]
02-21 23:58:26 D/CertificationSuiteResultReporter: Saved logs for framework_manifest.xml in /home/simon/android-cts/tools/../../android-cts/logs/2026.02.21_23.58.02/inv_3975703343429301694/framework_manifest.xml_16851407003452678797.txt.gz
02-21 23:58:26 D/FileUtil: Creating temp file at /tmp/13033356/cts/inv_3064608441729781508/inv_10022850878599440680 with prefix "framework_manifest.xml_" suffix ".txt.gz"
02-21 23:58:26 I/LogFileSaver: Saved gzip log file /tmp/13033356/cts/inv_3064608441729781508/inv_10022850878599440680/framework_manifest.xml_6117165440554114434.txt.gz. [size=10, elapsed=1ms]
02-21 23:58:26 D/FileUtil: Creating temp file at /home/simon/android-cts/tools/../../android-cts/logs/2026.02.21_23.58.02/inv_3975703343429301694 with prefix "device_compatibility_matrix.xml_" suffix ".txt.gz"
02-21 23:58:26 I/LogFileSaver: Saved gzip log file /home/simon/android-cts/tools/../../android-cts/logs/2026.02.21_23.58.02/inv_3975703343429301694/device_compatibility_matrix.xml_11634474158132923602.txt.gz. [size=10, elapsed=0ms]
02-21 23:58:26 D/CertificationSuiteResultReporter: Saved logs for device_compatibility_matrix.xml in /home/simon/android-cts/tools/../../android-cts/logs/2026.02.21_23.58.02/inv_3975703343429301694/device_compatibility_matrix.xml_11634474158132923602.txt.gz
02-21 23:58:26 D/FileUtil: Creating temp file at /tmp/13033356/cts/inv_3064608441729781508/inv_10022850878599440680 with prefix "device_compatibility_matrix.xml_" suffix ".txt.gz"
02-21 23:58:26 I/LogFileSaver: Saved gzip log file /tmp/13033356/cts/inv_3064608441729781508/inv_10022850878599440680/device_compatibility_matrix.xml_8048386862367409173.txt.gz. [size=10, elapsed=0ms]
02-21 23:58:26 D/FileUtil: Creating temp file at /tmp/13033356/cts/inv_3064608441729781508/inv_10022850878599440680 with prefix "UserDeviceInfo.deviceinfo.json_" suffix ".txt.gz"
02-21 23:58:26 I/LogFileSaver: Saved gzip log file /tmp/13033356/cts/inv_3064608441729781508/inv_10022850878599440680/UserDeviceInfo.deviceinfo.json_1391418955724993973.txt.gz. [size=10, elapsed=0ms]
02-21 23:58:26 D/FileUtil: Creating temp file at /tmp/13033356/cts/inv_3064608441729781508/inv_10022850878599440680 with prefix "MediaDeviceInfo.deviceinfo.json_" suffix ".txt.gz"
02-21 23:58:26 I/LogFileSaver: Saved gzip log file /tmp/13033356/cts/inv_3064608441729781508/inv_10022850878599440680/MediaDeviceInfo.deviceinfo.json_6375429827943181396.txt.gz. [size=10, elapsed=0ms]
02-21 23:58:26 D/FileUtil: Creating temp file at /home/simon/android-cts/tools/../../android-cts/logs/2026.02.21_23.58.02/inv_3975703343429301694 with prefix "device_manifest.xml_" suffix ".txt.gz"
02-21 23:58:26 I/LogFileSaver: Saved gzip log file /home/simon/android-cts/tools/../../android-cts/logs/2026.02.21_23.58.02/inv_3975703343429301694/device_manifest.xml_11288065123301084506.txt.gz. [size=10, elapsed=0ms]
02-21 23:58:26 D/CertificationSuiteResultReporter: Saved logs for device_manifest.xml in /home/simon/android-cts/tools/../../android-cts/logs/2026.02.21_23.58.02/inv_3975703343429301694/device_manifest.xml_11288065123301084506.txt.gz
02-21 23:58:26 D/FileUtil: Creating temp file at /tmp/13033356/cts/inv_3064608441729781508/inv_10022850878599440680 with prefix "device_manifest.xml_" suffix ".txt.gz"
02-21 23:58:26 I/LogFileSaver: Saved gzip log file /tmp/13033356/cts/inv_3064608441729781508/inv_10022850878599440680/device_manifest.xml_4647750825317469215.txt.gz. [size=10, elapsed=0ms]
02-21 23:58:26 D/FileUtil: Creating temp file at /tmp/13033356/cts/inv_3064608441729781508/inv_10022850878599440680 with prefix "KeystoreAttestationDeviceInfo.deviceinfo.json_" suffix ".txt.gz"
02-21 23:58:26 I/LogFileSaver: Saved gzip log file /tmp/13033356/cts/inv_3064608441729781508/inv_10022850878599440680/KeystoreAttestationDeviceInfo.deviceinfo.json_15576093131207123697.txt.gz. [size=10, elapsed=0ms]
02-21 23:58:26 D/FileUtil: Creating temp file at /tmp/13033356/cts/inv_3064608441729781508/inv_10022850878599440680 with prefix "MediaDrmDeviceInfo.deviceinfo.json_" suffix ".txt.gz"
02-21 23:58:26 I/LogFileSaver: Saved gzip log file /tmp/13033356/cts/inv_3064608441729781508/inv_10022850878599440680/MediaDrmDeviceInfo.deviceinfo.json_13390515322278831915.txt.gz. [size=10, elapsed=0ms]
02-21 23:58:26 D/FileUtil: Creating temp file at /tmp/13033356/cts/inv_3064608441729781508/inv_10022850878599440680 with prefix "CpuDeviceInfo.deviceinfo.json_" suffix ".txt.gz"
02-21 23:58:26 I/LogFileSaver: Saved gzip log file /tmp/13033356/cts/inv_3064608441729781508/inv_10022850878599440680/CpuDeviceInfo.deviceinfo.json_7114438418281524477.txt.gz. [size=10, elapsed=0ms]
02-21 23:58:26 D/FileUtil: Creating temp file at /tmp/13033356/cts/inv_3064608441729781508/inv_10022850878599440680 with prefix "ClientIdDeviceInfo.deviceinfo.json_" suffix ".txt.gz"
02-21 23:58:26 I/LogFileSaver: Saved gzip log file /tmp/13033356/cts/inv_3064608441729781508/inv_10022850878599440680/ClientIdDeviceInfo.deviceinfo.json_7659267254658527548.txt.gz. [size=10, elapsed=0ms]
02-21 23:58:26 D/FileUtil: Creating temp file at /tmp/13033356/cts/inv_3064608441729781508/inv_10022850878599440680 with prefix "VulkanDeviceInfo.deviceinfo.json_" suffix ".txt.gz"
02-21 23:58:26 I/LogFileSaver: Saved gzip log file /tmp/13033356/cts/inv_3064608441729781508/inv_10022850878599440680/VulkanDeviceInfo.deviceinfo.json_15650746874606856966.txt.gz. [size=10, elapsed=0ms]
02-21 23:58:26 D/FileUtil: Creating temp file at /tmp/13033356/cts/inv_3064608441729781508/inv_10022850878599440680 with prefix "ScreenDeviceInfo.deviceinfo.json_" suffix ".txt.gz"
02-21 23:58:26 I/LogFileSaver: Saved gzip log file /tmp/13033356/cts/inv_3064608441729781508/inv_10022850878599440680/ScreenDeviceInfo.deviceinfo.json_197440701812076151.txt.gz. [size=10, elapsed=0ms]
02-21 23:58:26 D/FileUtil: Creating temp file at /tmp/13033356/cts/inv_3064608441729781508/inv_10022850878599440680 with prefix "DefaultAppDeviceInfo.deviceinfo.json_" suffix ".txt.gz"
02-21 23:58:26 I/LogFileSaver: Saved gzip log file /tmp/13033356/cts/inv_3064608441729781508/inv_10022850878599440680/DefaultAppDeviceInfo.deviceinfo.json_5164853795521393252.txt.gz. [size=10, elapsed=1ms]
02-21 23:58:26 D/FileUtil: Creating temp file at /tmp/13033356/cts/inv_3064608441729781508/inv_10022850878599440680 with prefix "HapticsDeviceInfo.deviceinfo.json_" suffix ".txt.gz"
02-21 23:58:26 I/LogFileSaver: Saved gzip log file /tmp/13033356/cts/inv_3064608441729781508/inv_10022850878599440680/HapticsDeviceInfo.deviceinfo.json_5894655388563790308.txt.gz. [size=10, elapsed=0ms]
02-21 23:58:26 D/FileUtil: Creating temp file at /tmp/13033356/cts/inv_3064608441729781508/inv_10022850878599440680 with prefix "GenericDeviceInfo.deviceinfo.json_" suffix ".txt.gz"
02-21 23:58:26 I/LogFileSaver: Saved gzip log file /tmp/13033356/cts/inv_3064608441729781508/inv_10022850878599440680/GenericDeviceInfo.deviceinfo.json_3879975662179877215.txt.gz. [size=10, elapsed=0ms]
02-21 23:58:26 D/FileUtil: Creating temp file at /tmp/13033356/cts/inv_3064608441729781508/inv_10022850878599440680 with prefix "PackageDeviceInfo.deviceinfo.json_" suffix ".txt.gz"
02-21 23:58:26 I/LogFileSaver: Saved gzip log file /tmp/13033356/cts/inv_3064608441729781508/inv_10022850878599440680/PackageDeviceInfo.deviceinfo.json_11087585732937518865.txt.gz. [size=23655, elapsed=2ms]
02-21 23:58:26 D/FileUtil: Creating temp file at /tmp/13033356/cts/inv_3064608441729781508/inv_10022850878599440680 with prefix "VintfDeviceInfo.deviceinfo.json_" suffix ".txt.gz"
02-21 23:58:26 I/LogFileSaver: Saved gzip log file /tmp/13033356/cts/inv_3064608441729781508/inv_10022850878599440680/VintfDeviceInfo.deviceinfo.json_4352014005178484431.txt.gz. [size=10, elapsed=0ms]
02-21 23:58:26 D/FileUtil: Creating temp file at /tmp/13033356/cts/inv_3064608441729781508/inv_10022850878599440680 with prefix "DeviceIdleDeviceInfo.deviceinfo.json_" suffix ".txt.gz"
02-21 23:58:26 I/LogFileSaver: Saved gzip log file /tmp/13033356/cts/inv_3064608441729781508/inv_10022850878599440680/DeviceIdleDeviceInfo.deviceinfo.json_13190935123452845770.txt.gz. [size=10, elapsed=0ms]
02-21 23:58:26 D/FileUtil: Creating temp file at /tmp/13033356/cts/inv_3064608441729781508/inv_10022850878599440680 with prefix "SensorDeviceInfo.deviceinfo.json_" suffix ".txt.gz"
02-21 23:58:26 I/LogFileSaver: Saved gzip log file /tmp/13033356/cts/inv_3064608441729781508/inv_10022850878599440680/SensorDeviceInfo.deviceinfo.json_8876652110456734057.txt.gz. [size=10, elapsed=0ms]
02-21 23:58:26 D/FileUtil: Creating temp file at /tmp/13033356/cts/inv_3064608441729781508/inv_10022850878599440680 with prefix "MemoryDeviceInfo.deviceinfo.json_" suffix ".txt.gz"
02-21 23:58:26 I/LogFileSaver: Saved gzip log file /tmp/13033356/cts/inv_3064608441729781508/inv_10022850878599440680/MemoryDeviceInfo.deviceinfo.json_4689217456113154107.txt.gz. [size=10, elapsed=0ms]
02-21 23:58:26 D/FileUtil: Creating temp file at /tmp/13033356/cts/inv_3064608441729781508/inv_10022850878599440680 with prefix "ConnectivityDeviceInfo.deviceinfo.json_" suffix ".txt.gz"
02-21 23:58:26 I/LogFileSaver: Saved gzip log file /tmp/13033356/cts/inv_3064608441729781508/inv_10022850878599440680/ConnectivityDeviceInfo.deviceinfo.json_1499286655159292911.txt.gz. [size=10, elapsed=0ms]
02-21 23:58:26 D/FileUtil: Creating temp file at /tmp/13033356/cts/inv_3064608441729781508/inv_10022850878599440680 with prefix "BiometricsDeviceInfo.deviceinfo.json_" suffix ".txt.gz"
02-21 23:58:26 I/LogFileSaver: Saved gzip log file /tmp/13033356/cts/inv_3064608441729781508/inv_10022850878599440680/BiometricsDeviceInfo.deviceinfo.json_54288704879998753.txt.gz. [size=10, elapsed=0ms]
02-21 23:58:26 D/FileUtil: Creating temp file at /tmp/13033356/cts/inv_3064608441729781508/inv_10022850878599440680 with prefix "LocaleDeviceInfo.deviceinfo.json_" suffix ".txt.gz"
02-21 23:58:26 I/LogFileSaver: Saved gzip log file /tmp/13033356/cts/inv_3064608441729781508/inv_10022850878599440680/LocaleDeviceInfo.deviceinfo.json_6005341137702713286.txt.gz. [size=10, elapsed=0ms]
02-21 23:58:26 D/FileUtil: Creating temp file at /tmp/13033356/cts/inv_3064608441729781508/inv_10022850878599440680 with prefix "GraphicsDeviceInfo.deviceinfo.json_" suffix ".txt.gz"
02-21 23:58:26 I/LogFileSaver: Saved gzip log file /tmp/13033356/cts/inv_3064608441729781508/inv_10022850878599440680/GraphicsDeviceInfo.deviceinfo.json_1853174614999002803.txt.gz. [size=10, elapsed=0ms]
02-21 23:58:26 D/FileUtil: Creating temp file at /tmp/13033356/cts/inv_3064608441729781508/inv_10022850878599440680 with prefix "AppStandbyDeviceInfo.deviceinfo.json_" suffix ".txt.gz"
02-21 23:58:26 I/LogFileSaver: Saved gzip log file /tmp/13033356/cts/inv_3064608441729781508/inv_10022850878599440680/AppStandbyDeviceInfo.deviceinfo.json_3242884566531328975.txt.gz. [size=10, elapsed=0ms]
02-21 23:58:26 D/FileUtil: Creating temp file at /home/simon/android-cts/tools/../../android-cts/logs/2026.02.21_23.58.02/inv_3975703343429301694 with prefix "framework_compatibility_matrix.xml_" suffix ".txt.gz"
02-21 23:58:26 I/LogFileSaver: Saved gzip log file /home/simon/android-cts/tools/../../android-cts/logs/2026.02.21_23.58.02/inv_3975703343429301694/framework_compatibility_matrix.xml_15634323358588851997.txt.gz. [size=10, elapsed=1ms]
02-21 23:58:26 D/CertificationSuiteResultReporter: Saved logs for framework_compatibility_matrix.xml in /home/simon/android-cts/tools/../../android-cts/logs/2026.02.21_23.58.02/inv_3975703343429301694/framework_compatibility_matrix.xml_15634323358588851997.txt.gz
02-21 23:58:26 D/FileUtil: Creating temp file at /tmp/13033356/cts/inv_3064608441729781508/inv_10022850878599440680 with prefix "framework_compatibility_matrix.xml_" suffix ".txt.gz"
02-21 23:58:26 I/LogFileSaver: Saved gzip log file /tmp/13033356/cts/inv_3064608441729781508/inv_10022850878599440680/framework_compatibility_matrix.xml_4749946503600945412.txt.gz. [size=10, elapsed=1ms]
02-21 23:58:26 D/FileUtil: Creating temp file at /tmp/13033356/cts/inv_3064608441729781508/inv_10022850878599440680 with prefix "FeatureDeviceInfo.deviceinfo.json_" suffix ".txt.gz"
02-21 23:58:26 I/LogFileSaver: Saved gzip log file /tmp/13033356/cts/inv_3064608441729781508/inv_10022850878599440680/FeatureDeviceInfo.deviceinfo.json_13077881758672232063.txt.gz. [size=10, elapsed=0ms]
02-21 23:58:26 D/FileUtil: Creating temp file at /tmp/13033356/cts/inv_3064608441729781508/inv_10022850878599440680 with prefix "InputDeviceInfo.deviceinfo.json_" suffix ".txt.gz"
02-21 23:58:26 I/LogFileSaver: Saved gzip log file /tmp/13033356/cts/inv_3064608441729781508/inv_10022850878599440680/InputDeviceInfo.deviceinfo.json_10961557123206034650.txt.gz. [size=10, elapsed=0ms]
02-21 23:58:26 D/FileUtil: Creating temp file at /tmp/13033356/cts/inv_3064608441729781508/inv_10022850878599440680 with prefix "MediaOutputDeviceInfo.deviceinfo.json_" suffix ".txt.gz"
02-21 23:58:26 I/LogFileSaver: Saved gzip log file /tmp/13033356/cts/inv_3064608441729781508/inv_10022850878599440680/MediaOutputDeviceInfo.deviceinfo.json_5793795124295479932.txt.gz. [size=10, elapsed=0ms]
02-21 23:58:26 D/FileUtil: Creating temp file at /tmp/13033356/cts/inv_3064608441729781508/inv_10022850878599440680 with prefix "GnssDeviceInfo.deviceinfo.json_" suffix ".txt.gz"
02-21 23:58:26 I/LogFileSaver: Saved gzip log file /tmp/13033356/cts/inv_3064608441729781508/inv_10022850878599440680/GnssDeviceInfo.deviceinfo.json_17661192670892521952.txt.gz. [size=10, elapsed=1ms]
02-21 23:58:26 D/FileUtil: Creating temp file at /tmp/13033356/cts/inv_3064608441729781508/inv_10022850878599440680 with prefix "CameraDeviceInfo.deviceinfo.json_" suffix ".txt.gz"
02-21 23:58:26 I/LogFileSaver: Saved gzip log file /tmp/13033356/cts/inv_3064608441729781508/inv_10022850878599440680/CameraDeviceInfo.deviceinfo.json_9868716794791878699.txt.gz. [size=10, elapsed=1ms]
02-21 23:58:26 D/InvocationExecution: done with preparer 'com.android.compatibility.common.tradefed.targetprep.DeviceInfoCollector@6a05163c' on device: '27161FDH20031X' in 18s
02-21 23:58:26 D/InvocationExecution: starting preparer 'com.android.compatibility.common.tradefed.targetprep.ReportLogCollector@798ad28a' on device: '27161FDH20031X'
02-21 23:58:26 D/InvocationExecution: done with preparer 'com.android.compatibility.common.tradefed.targetprep.ReportLogCollector@798ad28a' on device: '27161FDH20031X' in 0 ms
02-21 23:58:26 D/InvocationExecution: starting preparer 'com.android.tradefed.targetprep.RunCommandTargetPreparer@16e26f72' on device: '27161FDH20031X'
02-21 23:58:26 D/RunUtil: Running command [adb, -s, 27161FDH20031X, shell, settings, put, global, package_verifier_enable, 0] with timeout: 2m 0s
02-21 23:58:26 D/InvocationExecution: done with preparer 'com.android.tradefed.targetprep.RunCommandTargetPreparer@16e26f72' on device: '27161FDH20031X' in 94 ms
02-21 23:58:26 D/InvocationExecution: starting preparer 'com.android.tradefed.targetprep.RunCommandTargetPreparer@5ae9a157' on device: '27161FDH20031X'
02-21 23:58:26 D/RunUtil: Running command [adb, -s, 27161FDH20031X, shell, settings, put, global, verifier_engprod, 1] with timeout: 2m 0s
02-21 23:58:27 D/InvocationExecution: done with preparer 'com.android.tradefed.targetprep.RunCommandTargetPreparer@5ae9a157' on device: '27161FDH20031X' in 79 ms
02-21 23:58:27 D/InvocationExecution: starting preparer 'com.android.compatibility.common.tradefed.targetprep.PropertyCheck@38aa109c' on device: '27161FDH20031X'
02-21 23:58:27 D/NativeDevice: Using property ro.build.type=userdebug from cache.
02-21 23:58:27 W/PropertyCheck: Expected "user" but found "userdebug" for property: ro.build.type
02-21 23:58:27 D/InvocationExecution: done with preparer 'com.android.compatibility.common.tradefed.targetprep.PropertyCheck@38aa109c' on device: '27161FDH20031X' in 0 ms
02-21 23:58:27 D/InvocationExecution: starting preparer 'com.android.compatibility.common.tradefed.targetprep.PropertyCheck@25c63693' on device: '27161FDH20031X'
02-21 23:58:27 D/RunUtil: Running command [adb, -s, 27161FDH20031X, shell, getprop, ro.product.locale] with timeout: 45s
02-21 23:58:27 D/InvocationExecution: done with preparer 'com.android.compatibility.common.tradefed.targetprep.PropertyCheck@25c63693' on device: '27161FDH20031X' in 43 ms
02-21 23:58:27 D/InvocationExecution: starting preparer 'com.android.compatibility.common.tradefed.targetprep.PropertyCheck@1b5dfb2b' on device: '27161FDH20031X'
02-21 23:58:27 D/RunUtil: Running command [adb, -s, 27161FDH20031X, shell, getprop, persist.sys.test_harness] with timeout: 45s
02-21 23:58:27 W/PropertyCheck: Property "persist.sys.test_harness" not found on device, cannot verify value "false" 
02-21 23:58:27 D/InvocationExecution: done with preparer 'com.android.compatibility.common.tradefed.targetprep.PropertyCheck@1b5dfb2b' on device: '27161FDH20031X' in 62 ms
02-21 23:58:27 D/InvocationExecution: Done with setup of device: '27161FDH20031X'
02-21 23:58:27 D/RunUtil: Running command [adb, -s, 27161FDH20031X, shell, uname, -a] with timeout: 2m 0s
02-21 23:58:27 I/InvocationExecution: Device 27161FDH20031X kernel information: 'Linux localhost 5.10.198-android13-4-00050-g12f3388846c3-ab11920634 #1 SMP PREEMPT Mon Jun 3 20:51:42 UTC 2024 aarch64 Toybox'
02-21 23:58:27 D/RunUtil: Running command [adb, -s, 27161FDH20031X, shell, getprop, ro.system.build.fingerprint] with timeout: 45s
02-21 23:58:27 I/InvocationExecution: Device 27161FDH20031X system image build information: 'Android/aosp_panther/panther:14/AP2A.240905.003/eng.simon.20260221.235318:userdebug/test-keys'
02-21 23:58:27 D/NativeDevice: Using property ro.vendor.build.fingerprint=Android/aosp_panther/panther:14/AP2A.240905.003/12231197:userdebug/test-keys from cache.
02-21 23:58:27 I/InvocationExecution: Device 27161FDH20031X vendor image build information: 'Android/aosp_panther/panther:14/AP2A.240905.003/12231197:userdebug/test-keys'
02-21 23:58:27 D/InvocationExecution: Total setup duration: 24s'
02-21 23:58:27 D/LogFileSaver: Log data for device_logcat_setup_27161FDH20031X is already compressed, skipping compression
02-21 23:58:27 D/FileUtil: Creating temp file at /home/simon/android-cts/tools/../../android-cts/logs/2026.02.21_23.58.02/inv_3975703343429301694 with prefix "device_logcat_setup_27161FDH20031X_" suffix ".txt"
02-21 23:58:27 I/LogFileSaver: Saved log file /home/simon/android-cts/tools/../../android-cts/logs/2026.02.21_23.58.02/inv_3975703343429301694/device_logcat_setup_27161FDH20031X_6489796961148179302.txt. [size=4853241, elapsed=1ms]
02-21 23:58:27 D/CertificationSuiteResultReporter: Saved logs for device_logcat_setup_27161FDH20031X in /home/simon/android-cts/tools/../../android-cts/logs/2026.02.21_23.58.02/inv_3975703343429301694/device_logcat_setup_27161FDH20031X_6489796961148179302.txt
02-21 23:58:27 D/LogFileSaver: Log data for device_logcat_setup_27161FDH20031X is already compressed, skipping compression
02-21 23:58:27 D/FileUtil: Creating temp file at /tmp/13033356/cts/inv_3064608441729781508/inv_10022850878599440680 with prefix "device_logcat_setup_27161FDH20031X_" suffix ".txt"
02-21 23:58:27 I/LogFileSaver: Saved log file /tmp/13033356/cts/inv_3064608441729781508/inv_10022850878599440680/device_logcat_setup_27161FDH20031X_17801220480656213647.txt. [size=4853241, elapsed=2ms]
02-21 23:58:27 D/TestDevice: No snapuserd notification in progress for BLOCK_BEFORE_TEST
02-21 23:58:27 D/PrettyPrintDelimiter: 
===============================
===== TEST PHASE STARTING =====
===============================
02-21 23:58:27 D/RunUtil: Running command [adb, -s, 27161FDH20031X, shell, cmd, device_state, print-states] with timeout: 2m 0s
02-21 23:58:27 D/NativeDevice: Using property ro.product.cpu.abilist=arm64-v8a from cache.
02-21 23:58:27 D/FileUtil: Creating temp file at /home/simon/android-cts/tools/../../android-cts/logs/2026.02.21_23.58.02/inv_3975703343429301694 with prefix "suite-exclude-filters6753005618671649113.txt_" suffix ".txt.gz"
02-21 23:58:27 I/LogFileSaver: Saved gzip log file /home/simon/android-cts/tools/../../android-cts/logs/2026.02.21_23.58.02/inv_3975703343429301694/suite-exclude-filters6753005618671649113.txt_1646215772428118077.txt.gz. [size=10, elapsed=0ms]
02-21 23:58:27 D/CertificationSuiteResultReporter: Saved logs for suite-exclude-filters6753005618671649113.txt in /home/simon/android-cts/tools/../../android-cts/logs/2026.02.21_23.58.02/inv_3975703343429301694/suite-exclude-filters6753005618671649113.txt_1646215772428118077.txt.gz
02-21 23:58:27 D/FileUtil: Creating temp file at /tmp/13033356/cts/inv_3064608441729781508/inv_10022850878599440680 with prefix "suite-exclude-filters6753005618671649113.txt_" suffix ".txt.gz"
02-21 23:58:27 I/LogFileSaver: Saved gzip log file /tmp/13033356/cts/inv_3064608441729781508/inv_10022850878599440680/suite-exclude-filters6753005618671649113.txt_7050417659816732457.txt.gz. [size=10, elapsed=0ms]
02-21 23:58:27 D/BaseTestSuite: Initializing ModuleRepo
ABIs:[{arm64-v8a, bitness=64}]
Test Args:[com.android.tradefed.testtype.AndroidJUnitTest:exclude-annotation:com.android.compatibility.common.util.CtsDownstreamingTest, com.android.compatibility.common.tradefed.testtype.JarHostTest:exclude-annotation:com.android.compatibility.common.util.CtsDownstreamingTest, com.android.tradefed.testtype.HostTest:exclude-annotation:com.android.compatibility.common.util.CtsDownstreamingTest, com.android.tradefed.testtype.AndroidJUnitTest:exclude-annotation:android.platform.test.annotations.AsbSecurityTest, com.android.compatibility.common.tradefed.testtype.JarHostTest:exclude-annotation:android.platform.test.annotations.AsbSecurityTest, com.android.tradefed.testtype.AndroidJUnitTest:exclude-annotation:android.platform.test.annotations.AppModeInstant, com.android.compatibility.common.tradefed.testtype.JarHostTest:exclude-annotation:android.platform.test.annotations.AppModeInstant, com.android.tradefed.testtype.HostTest:exclude-annotation:android.platform.test.annotations.AppModeInstant]
Module Args:[]
Includes: {arm64-v8a CtsDisplayTestCases=[CtsDisplayTestCases android.display.cts.DisplayTest#testMode], arm64-v8a CtsDisplayTestCases[instant]=[CtsDisplayTestCases[instant] android.display.cts.DisplayTest#testMode], arm64-v8a CtsDisplayTestCases[run-on-private-profile]=[CtsDisplayTestCases[run-on-private-profile] android.display.cts.DisplayTest#testMode], arm64-v8a CtsDisplayTestCases[run-on-secondary-user]=[CtsDisplayTestCases[run-on-secondary-user] android.display.cts.DisplayTest#testMode], arm64-v8a CtsDisplayTestCases[run-on-work-profile]=[CtsDisplayTestCases[run-on-work-profile] android.display.cts.DisplayTest#testMode], arm64-v8a CtsDisplayTestCases[run-on-clone-profile]=[CtsDisplayTestCases[run-on-clone-profile] android.display.cts.DisplayTest#testMode]}
Excludes: See suite-exclude-filters6753005618671649113.txt
02-21 23:58:27 D/BaseTestSuite: Foldable states: [foldable:0:DEFAULT]
02-21 23:58:27 D/BaseTestSuite: Loading tests from [/home/simon/android-cts/tools/../../android-cts/testcases]
02-21 23:58:28 D/ITestSuite: No remote build info, skipping stageTestArtifacts
02-21 23:58:28 D/ITestSuite: Resource not found for allowed preparers: /suite/google-allowed-preparers.txt
02-21 23:58:28 D/ITestSuite: [Total Unique Modules = 2]
02-21 23:58:28 I/ITestSuite: 27161FDH20031X running 2 modules: [arm64-v8a CtsDisplayTestCases[instant], arm64-v8a CtsDisplayTestCases]
02-21 23:58:28 D/TradefedFeatureClient: invoking feature 'skipFeature'
02-21 23:58:28 D/TradefedFeatureClient: Using reference id from metrics.
02-21 23:58:28 D/TradefedFeatureClient: name: "skipFeature"
reference_id: "3842e131-211d-4af0-a0e8-0b7e94259fa4"

02-21 23:58:28 D/TradefedFeatureServer: Executing com.android.tradefed.result.skipped.SkipFeature@5c467b4f with [name: "skipFeature"
reference_id: "3842e131-211d-4af0-a0e8-0b7e94259fa4"
]
02-21 23:58:28 D/TradefedFeatureClient: Feature name: skipFeature. response: multi_part_response {
  response_part {
    key: "delimiter"
    value: "\\+,"
  }
  response_part {
    key: "presubmit"
    value: "false"
  }
  response_part {
    key: "skipModules"
  }
  response_part {
    key: "imageDigests"
  }
}

02-21 23:58:28 D/BaseTestSuite: Filters for 'arm64-v8a CtsDisplayTestCases[instant]': []
02-21 23:58:28 D/FileUtil: Creating temp file at /tmp/tf-workfolder17371546104635174528 with prefix "CtsDisplayTestCases" suffix ".xml"
02-21 23:58:28 D/LogFileSaver: Log data for module-configuration is already compressed, skipping compression
02-21 23:58:28 D/FileUtil: Creating temp file at /home/simon/android-cts/tools/../../android-cts/logs/2026.02.21_23.58.02/inv_3975703343429301694 with prefix "module-configuration_" suffix ".xml"
02-21 23:58:28 I/LogFileSaver: Saved log file /home/simon/android-cts/tools/../../android-cts/logs/2026.02.21_23.58.02/inv_3975703343429301694/module-configuration_1097264122882309631.xml. [size=1645, elapsed=0ms]
02-21 23:58:28 D/CertificationSuiteResultReporter: Saved logs for module-configuration in /home/simon/android-cts/tools/../../android-cts/logs/2026.02.21_23.58.02/inv_3975703343429301694/module-configuration_1097264122882309631.xml
02-21 23:58:28 D/LogFileSaver: Log data for module-configuration is already compressed, skipping compression
02-21 23:58:28 D/FileUtil: Creating temp file at /tmp/13033356/cts/inv_3064608441729781508/inv_10022850878599440680 with prefix "module-configuration_" suffix ".xml"
02-21 23:58:28 I/LogFileSaver: Saved log file /tmp/13033356/cts/inv_3064608441729781508/inv_10022850878599440680/module-configuration_14197207496712349996.xml. [size=1645, elapsed=0ms]
02-21 23:58:28 I/ITestSuite: Running system status checker before module execution: arm64-v8a CtsDisplayTestCases[instant]
02-21 23:58:28 D/NativeDevice: Using property ro.build.version.sdk=34 from cache.
02-21 23:58:28 D/NativeDevice: Using property ro.build.version.sdk=34 from cache.
02-21 23:58:28 D/NativeDevice: Using property ro.build.version.sdk=34 from cache.
02-21 23:58:28 I/UserChecker: Current user 0 is already user type CURRENT, no action.
02-21 23:58:28 I/NativeDevice: adb unroot on device 27161FDH20031X
02-21 23:58:28 D/RunUtil: Running command [adb, -s, 27161FDH20031X, unroot] with timeout: 2m 0s
02-21 23:58:29 D/BackgroundDeviceAction: Waiting for device 27161FDH20031X online before starting.
02-21 23:58:30 I/NativeDeviceStateMonitor: Waiting for device 27161FDH20031X to be in NOT_AVAILABLE mode for '5s'; it is currently in ONLINE mode...
02-21 23:58:35 W/NativeDevice: Did not detect device 27161FDH20031X becoming unavailable after unroot
02-21 23:58:35 I/NativeDeviceStateMonitor: Device 27161FDH20031X is already ONLINE
02-21 23:58:35 W/ShellStatusChecker: This module unexpectedly started in a root shell. Leaked from earlier module?
02-21 23:58:35 W/ITestSuite: System status checker [com.android.tradefed.suite.checker.ShellStatusChecker] failed.
02-21 23:58:35 D/DeviceSettingChecker: Begin preExecutionCheck for checking device setting
02-21 23:58:35 D/NativeDevice: Using property ro.build.version.sdk=34 from cache.
02-21 23:58:36 D/NativeDevice: Using property ro.build.version.sdk=34 from cache.
02-21 23:58:36 D/NativeDevice: Using property ro.build.type=userdebug from cache.
02-21 23:58:36 D/NativeDevice: Using property ro.build.version.sdk=34 from cache.
02-21 23:58:36 D/NativeDevice: Using property ro.build.version.codename=REL from cache.
02-21 23:58:36 D/NativeDevice: Using property ro.build.version.sdk=34 from cache.
02-21 23:58:36 D/NativeDevice: Using property ro.build.version.sdk=34 from cache.
02-21 23:58:36 D/NativeDevice: Using property ro.build.version.sdk=34 from cache.
02-21 23:58:36 D/NativeDevice: Using property ro.build.version.sdk=34 from cache.
02-21 23:58:36 D/NativeDevice: Using property ro.build.version.sdk=34 from cache.
02-21 23:58:36 D/NativeDevice: Using property ro.build.version.sdk=34 from cache.
02-21 23:58:36 D/NativeDevice: Using property ro.build.version.codename=REL from cache.
02-21 23:58:36 D/NativeDevice: Using property ro.build.version.sdk=34 from cache.
02-21 23:58:36 D/NativeDevice: Using property ro.build.version.codename=REL from cache.
02-21 23:58:36 D/NativeDevice: Using property ro.build.version.sdk=34 from cache.
02-21 23:58:36 D/NativeDevice: Using property ro.build.version.codename=REL from cache.
02-21 23:58:36 D/NativeDevice: Using property ro.build.version.sdk=34 from cache.
02-21 23:58:36 D/NativeDevice: Using property ro.build.version.sdk=34 from cache.
02-21 23:58:36 D/NativeDevice: Using property ro.build.version.sdk=34 from cache.
02-21 23:58:36 D/NativeDevice: Using property ro.build.version.sdk=34 from cache.
02-21 23:58:36 D/NativeDevice: Using property ro.build.version.sdk=34 from cache.
02-21 23:58:36 D/NativeDevice: Using property ro.build.version.sdk=34 from cache.
02-21 23:58:36 D/NativeDevice: Using property ro.build.version.sdk=34 from cache.
02-21 23:58:36 D/RunUtil: Running command [adb, -s, 27161FDH20031X, shell, locksettings, get-disabled] with timeout: 2m 0s
02-21 23:58:36 D/RunUtil: Running command [adb, -s, 27161FDH20031X, shell, locksettings, get-disabled] with timeout: 2m 0s
02-21 23:58:36 D/RunUtil: Running command [adb, -s, 27161FDH20031X, shell, input, keyevent, KEYCODE_MENU] with timeout: 2m 0s
02-21 23:58:36 D/RunUtil: Running command [adb, -s, 27161FDH20031X, shell, input, keyevent, KEYCODE_HOME] with timeout: 2m 0s
02-21 23:58:36 I/DeviceBaselineChecker: Enable device baselines keep_engprod_mode_on,disable_os_auto_update,hide_error_dialogs,keep_screen_on,disable_usb_app_verification,clear_lock_screen,keep_location_mode_on,keep_setup_complete_on in 273 millis.
02-21 23:58:36 W/ITestSuite: There are failed system status checkers: {com.android.tradefed.suite.checker.ShellStatusChecker=This module unexpectedly started in a root shell. Leaked from earlier module?}
02-21 23:58:36 D/ModuleDefinition: Running module arm64-v8a CtsDisplayTestCases[instant]
02-21 23:58:36 D/ModuleDefinition: Running setup preparer: SuiteApkInstaller
02-21 23:58:36 D/NativeDevice: Using property ro.build.version.sdk=34 from cache.
02-21 23:58:36 D/NativeDevice: Using property ro.build.version.sdk=34 from cache.
02-21 23:58:36 D/NativeDevice: Using property ro.build.version.codename=REL from cache.
02-21 23:58:36 D/NativeDevice: Using property ro.build.id=AP2A.240905.003 from cache.
02-21 23:58:36 D/NativeDevice: Using property ro.build.version.sdk=34 from cache.
02-21 23:58:36 D/NativeDevice: Using property ro.build.version.codename=REL from cache.
02-21 23:58:36 D/SearchArtifactUtil: Searching the module dir: /home/simon/android-cts/tools/../../android-cts/testcases/CtsDisplayTestCases
02-21 23:58:36 D/RunUtil: Running command [aapt2, dump, badging, /home/simon/android-cts/tools/../../android-cts/testcases/CtsDisplayTestCases/arm64/CtsDisplayTestCases.apk] with timeout: 1m 0s
02-21 23:58:36 D/RunUtil: Running command [aapt2, dump, xmltree, /home/simon/android-cts/tools/../../android-cts/testcases/CtsDisplayTestCases/arm64/CtsDisplayTestCases.apk, --file, AndroidManifest.xml] with timeout: 1m 0s
02-21 23:58:36 D/TestAppInstallSetup: Installing apk android.display.cts with [/home/simon/android-cts/tools/../../android-cts/testcases/CtsDisplayTestCases/arm64/CtsDisplayTestCases.apk] ...
02-21 23:58:36 D/NativeDevice: Using property ro.build.version.sdk=34 from cache.
02-21 23:58:37 D/RunUtil: Running command [aapt, dump, badging, /home/simon/android-cts/tools/../../android-cts/testcases/CtsDisplayTestCases/arm64/CtsDisplayTestCases.apk] with timeout: 1m 0s
02-21 23:58:37 D/RunUtil: Running command [aapt, dump, xmltree, /home/simon/android-cts/tools/../../android-cts/testcases/CtsDisplayTestCases/arm64/CtsDisplayTestCases.apk, AndroidManifest.xml] with timeout: 1m 0s
02-21 23:58:37 D/RunUtil: Running command [adb, -s, 27161FDH20031X, shell, appops, write-settings] with timeout: 2m 0s
02-21 23:58:37 D/SearchArtifactUtil: Searching the module dir: /home/simon/android-cts/tools/../../android-cts/testcases/CtsDisplayTestCases
02-21 23:58:37 D/RunUtil: Running command [aapt2, dump, badging, /home/simon/android-cts/tools/../../android-cts/testcases/CtsDisplayTestCases/CtsAppTestStubs.apk] with timeout: 1m 0s
02-21 23:58:37 D/RunUtil: Running command [aapt2, dump, xmltree, /home/simon/android-cts/tools/../../android-cts/testcases/CtsDisplayTestCases/CtsAppTestStubs.apk, --file, AndroidManifest.xml] with timeout: 1m 0s
02-21 23:58:37 D/TestAppInstallSetup: Installing apk android.app.stubs with [/home/simon/android-cts/tools/../../android-cts/testcases/CtsDisplayTestCases/CtsAppTestStubs.apk] ...
02-21 23:58:37 D/NativeDevice: Using property ro.build.version.sdk=34 from cache.
02-21 23:58:38 D/RunUtil: Running command [aapt, dump, badging, /home/simon/android-cts/tools/../../android-cts/testcases/CtsDisplayTestCases/CtsAppTestStubs.apk] with timeout: 1m 0s
02-21 23:58:38 D/RunUtil: Running command [aapt, dump, xmltree, /home/simon/android-cts/tools/../../android-cts/testcases/CtsDisplayTestCases/CtsAppTestStubs.apk, AndroidManifest.xml] with timeout: 1m 0s
02-21 23:58:38 D/RunUtil: Running command [adb, -s, 27161FDH20031X, shell, appops, write-settings] with timeout: 2m 0s
02-21 23:58:38 D/AndroidJUnitTest: Disable test storage on instant app module.
02-21 23:58:38 D/AndroidJUnitTest: Attempting to push filters to /data/local/tmp/ajur/includes.txt
02-21 23:58:38 D/NativeDevice: Using 'ls' to check doesFileExist(/data/local/tmp/ajur)
02-21 23:58:38 D/RunUtil: Running command [adb, -s, 27161FDH20031X, shell, ls, '/data/local/tmp/ajur'] with timeout: 2m 0s
02-21 23:58:38 D/NativeDevice: File /data/local/tmp/ajur does not exist.
stdout: 
stderr: ls: /data/local/tmp/ajur: No such file or directory

02-21 23:58:38 D/NativeDevice: Using 'ls' to check doesFileExist(/data/local/tmp/ajur/includes.txt)
02-21 23:58:38 D/RunUtil: Running command [adb, -s, 27161FDH20031X, shell, ls, '/data/local/tmp/ajur/includes.txt'] with timeout: 2m 0s
02-21 23:58:38 D/FileUtil: Creating temp file at /home/simon/android-cts/tools/../../android-cts/logs/2026.02.21_23.58.02/inv_3975703343429301694 with prefix "filter-arm64-v8a%20CtsDisplayTestCases%5Binstant%5D.include_" suffix ".txt.gz"
02-21 23:58:38 I/LogFileSaver: Saved gzip log file /home/simon/android-cts/tools/../../android-cts/logs/2026.02.21_23.58.02/inv_3975703343429301694/filter-arm64-v8a%20CtsDisplayTestCases%5Binstant%5D.include_7168038332913395078.txt.gz. [size=10, elapsed=0ms]
02-21 23:58:38 D/CertificationSuiteResultReporter: Saved logs for filter-arm64-v8a%20CtsDisplayTestCases%5Binstant%5D.include in /home/simon/android-cts/tools/../../android-cts/logs/2026.02.21_23.58.02/inv_3975703343429301694/filter-arm64-v8a%20CtsDisplayTestCases%5Binstant%5D.include_7168038332913395078.txt.gz
02-21 23:58:38 D/FileUtil: Creating temp file at /tmp/13033356/cts/inv_3064608441729781508/inv_10022850878599440680 with prefix "filter-arm64-v8a%20CtsDisplayTestCases%5Binstant%5D.include_" suffix ".txt.gz"
02-21 23:58:38 I/LogFileSaver: Saved gzip log file /tmp/13033356/cts/inv_3064608441729781508/inv_10022850878599440680/filter-arm64-v8a%20CtsDisplayTestCases%5Binstant%5D.include_2606637666624853466.txt.gz. [size=10, elapsed=0ms]
02-21 23:58:38 D/ListInstrumentationParser: instrumentation:android.display.cts/androidx.test.runner.AndroidJUnitRunner (target=android.display.cts)
02-21 23:58:38 D/ListInstrumentationParser: instrumentation:com.android.tradefed.utils.wifi/.WifiUtil (target=com.android.tradefed.utils.wifi)
02-21 23:58:38 D/ListInstrumentationParser: 
02-21 23:58:38 I/InstrumentationTest: No runner name specified. Using: androidx.test.runner.AndroidJUnitRunner.
02-21 23:58:38 D/NativeDevice: Using property ro.build.version.sdk=34 from cache.
02-21 23:58:38 D/NativeDevice: Using property ro.build.version.sdk=34 from cache.
02-21 23:58:38 D/InstrumentationTest: Collecting test info for android.display.cts on device 27161FDH20031X
02-21 23:58:38 I/RemoteAndroidTestRunner: Running am instrument -w -r --abi arm64-v8a  -e testFile /data/local/tmp/ajur/includes.txt -e debug false -e newRunListenerMode true -e log true -e notAnnotation android.platform.test.annotations.AsbSecurityTest,com.android.compatibility.common.util.CtsDownstreamingTest,android.platform.test.annotations.AppModeFull -e timeout_msec 300000 android.display.cts/androidx.test.runner.AndroidJUnitRunner on google-aosp_on_panther-27161FDH20031X
02-21 23:58:39 D/InstrumentationTest: Initializing com.android.tradefed.device.metric.CountTestCasesCollector for instrumentation.
02-21 23:58:39 I/RemoteAndroidTestRunner: Running am instrument -w -r --abi arm64-v8a  -e testFile /data/local/tmp/ajur/includes.txt -e debug false -e newRunListenerMode true -e log false -e notAnnotation android.platform.test.annotations.AsbSecurityTest,com.android.compatibility.common.util.CtsDownstreamingTest,android.platform.test.annotations.AppModeFull -e timeout_msec 300000 android.display.cts/androidx.test.runner.AndroidJUnitRunner on google-aosp_on_panther-27161FDH20031X
02-21 23:58:39 D/BackgroundDeviceAction: Device 27161FDH20031X now online.
02-21 23:58:39 D/BackgroundDeviceAction: Starting logcat for 27161FDH20031X.
02-21 23:58:39 D/ModuleListener: ModuleListener.testRunStarted(android.display.cts, 1, 0) on 27161FDH20031X
02-21 23:58:39 D/ModuleListener: ModuleListener.testStarted(android.display.cts.DisplayTest#testMode) on 27161FDH20031X
02-21 23:58:41 D/NativeDevice: Using property ro.build.version.sdk=34 from cache.
02-21 23:58:41 D/NativeDevice: Using property ro.build.version.sdk=34 from cache.
02-21 23:58:41 I/ModuleListener: [1/1] 27161FDH20031X android.display.cts.DisplayTest#testMode FAILURE: Test failed to run to completion. Reason: 'Test run failed to complete. Expected 1 tests, received 0. onError: commandError=false message=INSTRUMENTATION_ABORTED: System has crashed.'. Check device logcat for details
02-21 23:58:41 D/ModuleListener: ModuleListener.testRunFailed(TEST_FAILURE|INSTRUMENTATION_CRASH|Test run failed to complete. Expected 1 tests, received 0. onError: commandError=false message=INSTRUMENTATION_ABORTED: System has crashed.) on 27161FDH20031X
02-21 23:58:41 D/ModuleListener: ModuleListener.testRunEnded(2048) on 27161FDH20031X
02-21 23:58:41 I/NativeDeviceStateMonitor: Device 27161FDH20031X is already ONLINE
02-21 23:58:41 I/NativeDeviceStateMonitor: Waiting 360000 ms for device 27161FDH20031X boot complete
02-21 23:58:41 I/DeviceStateMonitor: Waiting 359934 ms for device 27161FDH20031X package manager
02-21 23:58:42 I/NativeDeviceStateMonitor: Waiting 358807 ms for device 27161FDH20031X external store
02-21 23:58:42 W/NativeDeviceStateMonitor: stat command return value should be a number. output: stat: '/sdcard': Transport endpoint is not connected
02-21 23:58:42 W/NativeDeviceStateMonitor: Failed to get the fileSystem of '/sdcard'
02-21 23:58:43 W/NativeDeviceStateMonitor: stat command return value should be a number. output: stat: '/sdcard': Transport endpoint is not connected
02-21 23:58:43 W/NativeDeviceStateMonitor: Failed to get the fileSystem of '/sdcard'
02-21 23:58:46 D/InstrumentationTest: No tests to re-run, all tests executed at least once.
02-21 23:58:46 D/TestDevice: Uninstalling android.display.cts with extra args 
02-21 23:58:46 D/TestDevice: Uninstalling android.app.stubs with extra args 
02-21 23:58:46 I/NativeDeviceStateMonitor: Device 27161FDH20031X is already ONLINE
02-21 23:58:46 I/NativeDeviceStateMonitor: Waiting 360000 ms for device 27161FDH20031X boot complete
02-21 23:58:46 I/DeviceStateMonitor: Waiting 359964 ms for device 27161FDH20031X package manager
02-21 23:58:46 I/NativeDeviceStateMonitor: Waiting 359929 ms for device 27161FDH20031X external store
02-21 23:58:46 I/ConsoleReporter: [27161FDH20031X] Starting arm64-v8a CtsDisplayTestCases[instant] with 1 test
02-21 23:58:46 I/ConsoleReporter: [1/1 arm64-v8a CtsDisplayTestCases[instant] 27161FDH20031X] android.display.cts.DisplayTest#testMode fail: Test failed to run to completion. Reason: 'Test run failed to complete. Expected 1 tests, received 0. onError: commandError=false message=INSTRUMENTATION_ABORTED: System has crashed.'. Check device logcat for details
02-21 23:58:46 I/ConsoleReporter: [27161FDH20031X] Test run failed to complete. Expected 1 tests, received 0. onError: commandError=false message=INSTRUMENTATION_ABORTED: System has crashed.
02-21 23:58:46 I/ConsoleReporter: [27161FDH20031X] arm64-v8a CtsDisplayTestCases[instant] completed in 8s. 0 passed, 1 failed, 0 not executed
02-21 23:58:46 I/ITestSuite: Running system status checker after module execution: arm64-v8a CtsDisplayTestCases[instant]
02-21 23:58:46 D/NativeDevice: Using property ro.build.version.sdk=34 from cache.
02-21 23:58:46 D/NativeDevice: Using property ro.build.version.sdk=34 from cache.
02-21 23:58:46 D/NativeDevice: Using property ro.build.version.sdk=34 from cache.
02-21 23:58:46 I/NativeDeviceStateMonitor: Device 27161FDH20031X is already ONLINE
02-21 23:58:46 I/NativeDeviceStateMonitor: Waiting 359999 ms for device 27161FDH20031X boot complete
02-21 23:58:46 I/DeviceStateMonitor: Waiting 359964 ms for device 27161FDH20031X package manager
02-21 23:58:46 I/NativeDeviceStateMonitor: Waiting 359904 ms for device 27161FDH20031X external store
02-21 23:58:47 I/MonitoringUtils: Wifi Connectivity check failed on 27161FDH20031X. (Is your device connected to Wifi?), retrying in 5000ms
02-21 23:58:52 I/NativeDeviceStateMonitor: Device 27161FDH20031X is already ONLINE
02-21 23:58:52 I/NativeDeviceStateMonitor: Waiting 360000 ms for device 27161FDH20031X boot complete
02-21 23:58:52 I/DeviceStateMonitor: Waiting 359959 ms for device 27161FDH20031X package manager
02-21 23:58:52 I/NativeDeviceStateMonitor: Waiting 359868 ms for device 27161FDH20031X external store
02-21 23:58:53 I/MonitoringUtils: Wifi Connectivity: passed check.
02-21 23:58:53 D/TestDevice: Output from KeyguardController:   KeyguardController:
    mKeyguardShowing=false
    mAodShowing=false
    mKeyguardGoingAway=false

02-21 23:58:53 E/LeakedThreadStatusChecker: We have 4 threads instead of 1. List: [Thread[Invocation-27161FDH20031X,5,Invocation-27161FDH20031X], Thread[BackgroundDeviceAction-logcat -b all -v threadtime,uid,5,Invocation-27161FDH20031X], Thread[Timer-1,5,Invocation-27161FDH20031X], Thread[grpc-default-worker-ELG-3-1,5,Invocation-27161FDH20031X]]
02-21 23:58:53 W/ITestSuite: System status checker [com.android.tradefed.suite.checker.LeakedThreadStatusChecker] failed
02-21 23:58:53 D/NativeDevice: Time offset = 1470 ms
02-21 23:58:53 D/DeviceSettingChecker: Begin postExecution for checking device setting
02-21 23:58:53 W/DeviceSettingChecker: Setting in namespace global fails:
 boot_count changes from 1 to 2
ota_disable_automatic_update is not found before module run
Setting in namespace secure fails:
 zen_settings_updated changes from 0 to 1
assistant is not found before module run

02-21 23:58:53 W/ITestSuite: System status checker [com.android.tradefed.suite.checker.DeviceSettingChecker] failed
02-21 23:58:53 D/NativeDevice: Using property ro.build.version.sdk=34 from cache.
02-21 23:58:54 D/RunUtil: Running command [adb, -s, 27161FDH20031X, shell, getprop, persist.sys.boot.reason.history] with timeout: 45s
02-21 23:58:54 I/NativeDevice: There are new boot history since 1771689441. NewBootHistory = {1771689458=reboot, 1771689441=bootloader}
02-21 23:58:54 W/SystemServerStatusChecker: com.android.tradefed.error.HarnessRuntimeException[UNEXPECTED_REBOOT|520753|SYSTEM_UNDER_TEST_CRASHED]: Device 27161FDH20031X has abnormal reboot reason bootloader at 1771689441
	at com.android.tradefed.device.NativeDevice.hasNormalRebootSince(NativeDevice.java:5682)
	at com.android.tradefed.device.NativeDevice.deviceSoftRestarted(NativeDevice.java:5778)
	at com.android.tradefed.suite.checker.SystemServerStatusChecker.postExecutionCheck(SystemServerStatusChecker.java:87)
	at com.android.tradefed.testtype.suite.ITestSuite.runPostModuleCheck(ITestSuite.java:1390)
	at com.android.tradefed.testtype.suite.ITestSuite.runSingleModule(ITestSuite.java:1298)
	at com.android.tradefed.testtype.suite.ITestSuite.run(ITestSuite.java:1056)
	at com.android.tradefed.invoker.InvocationExecution.runTest(InvocationExecution.java:1457)
	at com.android.tradefed.invoker.InvocationExecution.runTests(InvocationExecution.java:1232)
	at com.android.tradefed.invoker.TestInvocation.prepareAndRun(TestInvocation.java:644)
	at com.android.tradefed.invoker.TestInvocation.performInvocation(TestInvocation.java:291)
	at com.android.tradefed.invoker.TestInvocation.invoke(TestInvocation.java:1437)
	at com.android.tradefed.command.CommandScheduler$InvocationThread.run(CommandScheduler.java:692)

02-21 23:58:54 W/ITestSuite: System status checker [com.android.tradefed.suite.checker.SystemServerStatusChecker] failed
02-21 23:58:54 W/ITestSuite: There are failed system status checkers: {com.android.tradefed.suite.checker.LeakedThreadStatusChecker=We have 4 threads instead of 1. List: [Thread[Invocation-27161FDH20031X,5,Invocation-27161FDH20031X], Thread[BackgroundDeviceAction-logcat -b all -v threadtime,uid,5,Invocation-27161FDH20031X], Thread[Timer-1,5,Invocation-27161FDH20031X], Thread[grpc-default-worker-ELG-3-1,5,Invocation-27161FDH20031X]], com.android.tradefed.suite.checker.DeviceSettingChecker=Setting in namespace global fails:
 boot_count changes from 1 to 2
ota_disable_automatic_update is not found before module run
Setting in namespace secure fails:
 zen_settings_updated changes from 0 to 1
assistant is not found before module run
, com.android.tradefed.suite.checker.SystemServerStatusChecker=com.android.tradefed.error.HarnessRuntimeException[UNEXPECTED_REBOOT|520753|SYSTEM_UNDER_TEST_CRASHED]: Device 27161FDH20031X has abnormal reboot reason bootloader at 1771689441
	at com.android.tradefed.device.NativeDevice.hasNormalRebootSince(NativeDevice.java:5682)
	at com.android.tradefed.device.NativeDevice.deviceSoftRestarted(NativeDevice.java:5778)
	at com.android.tradefed.suite.checker.SystemServerStatusChecker.postExecutionCheck(SystemServerStatusChecker.java:87)
	at com.android.tradefed.testtype.suite.ITestSuite.runPostModuleCheck(ITestSuite.java:1390)
	at com.android.tradefed.testtype.suite.ITestSuite.runSingleModule(ITestSuite.java:1298)
	at com.android.tradefed.testtype.suite.ITestSuite.run(ITestSuite.java:1056)
	at com.android.tradefed.invoker.InvocationExecution.runTest(InvocationExecution.java:1457)
	at com.android.tradefed.invoker.InvocationExecution.runTests(InvocationExecution.java:1232)
	at com.android.tradefed.invoker.TestInvocation.prepareAndRun(TestInvocation.java:644)
	at com.android.tradefed.invoker.TestInvocation.performInvocation(TestInvocation.java:291)
	at com.android.tradefed.invoker.TestInvocation.invoke(TestInvocation.java:1437)
	at com.android.tradefed.command.CommandScheduler$InvocationThread.run(CommandScheduler.java:692)
}
02-21 23:58:54 D/NativeDevice: Using property ro.build.version.sdk=34 from cache.
02-21 23:58:54 D/TestDevice: Start getBugreportz()
02-22 00:00:07 D/NativeDevice: Using 'ls' to check doesFileExist(/data/user_de/0/com.android.shell/files/bugreports/bugreport-aosp_panther-AP2A.240905.003-2026-02-21-23-58-53.zip)
02-22 00:00:07 D/RunUtil: Running command [adb, -s, 27161FDH20031X, shell, ls, '/data/user_de/0/com.android.shell/files/bugreports/bugreport-aosp_panther-AP2A.240905.003-2026-02-21-23-58-53.zip'] with timeout: 2m 0s
02-22 00:00:08 D/TestDevice: Done with getBugreportz()
02-22 00:00:08 D/LogFileSaver: Log data for bugreport-checker-post-module-arm64-v8a CtsDisplayTestCases[instant] is already compressed, skipping compression
02-22 00:00:08 D/FileUtil: Creating temp file at /home/simon/android-cts/tools/../../android-cts/logs/2026.02.21_23.58.02/inv_3975703343429301694 with prefix "bugreport-checker-post-module-arm64-v8a CtsDisplayTestCases[instant]_" suffix ".zip"
02-22 00:00:08 I/LogFileSaver: Saved log file /home/simon/android-cts/tools/../../android-cts/logs/2026.02.21_23.58.02/inv_3975703343429301694/bugreport-checker-post-module-arm64-v8a CtsDisplayTestCases[instant]_1767678561745673628.zip. [size=21353683, elapsed=11ms]
02-22 00:00:08 D/CertificationSuiteResultReporter: Saved logs for bugreport-checker-post-module-arm64-v8a CtsDisplayTestCases[instant] in /home/simon/android-cts/tools/../../android-cts/logs/2026.02.21_23.58.02/inv_3975703343429301694/bugreport-checker-post-module-arm64-v8a CtsDisplayTestCases[instant]_1767678561745673628.zip
02-22 00:00:08 D/LogFileSaver: Log data for bugreport-checker-post-module-arm64-v8a CtsDisplayTestCases[instant] is already compressed, skipping compression
02-22 00:00:08 D/FileUtil: Creating temp file at /tmp/13033356/cts/inv_3064608441729781508/inv_10022850878599440680 with prefix "bugreport-checker-post-module-arm64-v8a CtsDisplayTestCases[instant]_" suffix ".zip"
02-22 00:00:08 I/LogFileSaver: Saved log file /tmp/13033356/cts/inv_3064608441729781508/inv_10022850878599440680/bugreport-checker-post-module-arm64-v8a CtsDisplayTestCases[instant]_13746683926203335777.zip. [size=21353683, elapsed=0ms]
02-22 00:00:08 D/FileUtil: Creating temp file at /home/simon/android-cts/tools/../../android-cts/results/2026.02.21_23.58.02/proto with prefix "tmp-proto" suffix ""
02-22 00:00:08 D/BaseTestSuite: Filters for 'arm64-v8a CtsDisplayTestCases': [CtsDisplayTestCases android.display.cts.DisplayTest#testActivityContextGetMetrics]
02-22 00:00:08 D/FileUtil: Creating temp file at /tmp/tf-workfolder17371546104635174528 with prefix "CtsDisplayTestCases" suffix ".xml"
02-22 00:00:08 D/LogFileSaver: Log data for module-configuration is already compressed, skipping compression
02-22 00:00:08 D/FileUtil: Creating temp file at /home/simon/android-cts/tools/../../android-cts/logs/2026.02.21_23.58.02/inv_3975703343429301694 with prefix "module-configuration_" suffix ".xml"
02-22 00:00:08 I/LogFileSaver: Saved log file /home/simon/android-cts/tools/../../android-cts/logs/2026.02.21_23.58.02/inv_3975703343429301694/module-configuration_12044350963782378243.xml. [size=1599, elapsed=0ms]
02-22 00:00:08 D/CertificationSuiteResultReporter: Saved logs for module-configuration in /home/simon/android-cts/tools/../../android-cts/logs/2026.02.21_23.58.02/inv_3975703343429301694/module-configuration_12044350963782378243.xml
02-22 00:00:08 D/LogFileSaver: Log data for module-configuration is already compressed, skipping compression
02-22 00:00:08 D/FileUtil: Creating temp file at /tmp/13033356/cts/inv_3064608441729781508/inv_10022850878599440680 with prefix "module-configuration_" suffix ".xml"
02-22 00:00:08 I/LogFileSaver: Saved log file /tmp/13033356/cts/inv_3064608441729781508/inv_10022850878599440680/module-configuration_16964116078742094529.xml. [size=1599, elapsed=0ms]
02-22 00:00:08 I/ITestSuite: Running system status checker before module execution: arm64-v8a CtsDisplayTestCases
02-22 00:00:08 D/NativeDevice: Using property ro.build.version.sdk=34 from cache.
02-22 00:00:08 D/NativeDevice: Using property ro.build.version.sdk=34 from cache.
02-22 00:00:08 D/NativeDevice: Using property ro.build.version.sdk=34 from cache.
02-22 00:00:08 I/UserChecker: Current user 0 is already user type CURRENT, no action.
02-22 00:00:09 D/DeviceSettingChecker: Begin preExecutionCheck for checking device setting
02-22 00:00:09 D/NativeDevice: Using property ro.build.version.sdk=34 from cache.
02-22 00:00:09 D/NativeDevice: Using property ro.build.version.sdk=34 from cache.
02-22 00:00:09 D/NativeDevice: Using property ro.build.version.sdk=34 from cache.
02-22 00:00:09 D/NativeDevice: Using property ro.build.version.codename=REL from cache.
02-22 00:00:09 D/NativeDevice: Using property ro.build.version.sdk=34 from cache.
02-22 00:00:09 D/NativeDevice: Using property ro.build.version.sdk=34 from cache.
02-22 00:00:09 D/NativeDevice: Using property ro.build.version.sdk=34 from cache.
02-22 00:00:09 D/NativeDevice: Using property ro.build.version.sdk=34 from cache.
02-22 00:00:09 D/NativeDevice: Using property ro.build.version.sdk=34 from cache.
02-22 00:00:09 D/NativeDevice: Using property ro.build.version.sdk=34 from cache.
02-22 00:00:09 D/NativeDevice: Using property ro.build.version.codename=REL from cache.
02-22 00:00:09 D/NativeDevice: Using property ro.build.version.sdk=34 from cache.
02-22 00:00:09 D/NativeDevice: Using property ro.build.version.codename=REL from cache.
02-22 00:00:09 D/NativeDevice: Using property ro.build.version.sdk=34 from cache.
02-22 00:00:09 D/NativeDevice: Using property ro.build.version.codename=REL from cache.
02-22 00:00:09 D/NativeDevice: Using property ro.build.version.sdk=34 from cache.
02-22 00:00:09 D/NativeDevice: Using property ro.build.version.sdk=34 from cache.
02-22 00:00:09 D/NativeDevice: Using property ro.build.version.sdk=34 from cache.
02-22 00:00:09 D/NativeDevice: Using property ro.build.version.sdk=34 from cache.
02-22 00:00:09 D/NativeDevice: Using property ro.build.version.sdk=34 from cache.
02-22 00:00:09 D/RunUtil: Running command [adb, -s, 27161FDH20031X, shell, locksettings, get-disabled] with timeout: 2m 0s
02-22 00:00:09 D/NativeDevice: Using property ro.build.version.sdk=34 from cache.
02-22 00:00:09 D/NativeDevice: Using property ro.build.version.sdk=34 from cache.
02-22 00:00:09 D/RunUtil: Running command [adb, -s, 27161FDH20031X, shell, locksettings, get-disabled] with timeout: 2m 0s
02-22 00:00:09 D/RunUtil: Running command [adb, -s, 27161FDH20031X, shell, input, keyevent, KEYCODE_MENU] with timeout: 2m 0s
02-22 00:00:09 D/RunUtil: Running command [adb, -s, 27161FDH20031X, shell, input, keyevent, KEYCODE_HOME] with timeout: 2m 0s
02-22 00:00:10 I/DeviceBaselineChecker: Enable device baselines keep_engprod_mode_on,disable_os_auto_update,hide_error_dialogs,keep_screen_on,disable_usb_app_verification,clear_lock_screen,keep_location_mode_on,keep_setup_complete_on in 255 millis.
02-22 00:00:10 D/ModuleDefinition: Running module arm64-v8a CtsDisplayTestCases
02-22 00:00:10 D/ModuleDefinition: Running setup preparer: SuiteApkInstaller
02-22 00:00:10 D/NativeDevice: Using property ro.build.version.sdk=34 from cache.
02-22 00:00:10 D/NativeDevice: Using property ro.build.version.sdk=34 from cache.
02-22 00:00:10 D/NativeDevice: Using property ro.build.version.codename=REL from cache.
02-22 00:00:10 D/NativeDevice: Using property ro.build.id=AP2A.240905.003 from cache.
02-22 00:00:10 D/NativeDevice: Using property ro.build.version.sdk=34 from cache.
02-22 00:00:10 D/NativeDevice: Using property ro.build.version.codename=REL from cache.
02-22 00:00:10 D/SearchArtifactUtil: Searching the module dir: /home/simon/android-cts/tools/../../android-cts/testcases/CtsDisplayTestCases
02-22 00:00:10 D/RunUtil: Running command [aapt2, dump, badging, /home/simon/android-cts/tools/../../android-cts/testcases/CtsDisplayTestCases/arm64/CtsDisplayTestCases.apk] with timeout: 1m 0s
02-22 00:00:10 D/RunUtil: Running command [aapt2, dump, xmltree, /home/simon/android-cts/tools/../../android-cts/testcases/CtsDisplayTestCases/arm64/CtsDisplayTestCases.apk, --file, AndroidManifest.xml] with timeout: 1m 0s
02-22 00:00:10 D/TestAppInstallSetup: Installing apk android.display.cts with [/home/simon/android-cts/tools/../../android-cts/testcases/CtsDisplayTestCases/arm64/CtsDisplayTestCases.apk] ...
02-22 00:00:10 D/NativeDevice: Using property ro.build.version.sdk=34 from cache.
02-22 00:00:10 D/RunUtil: Running command [aapt, dump, badging, /home/simon/android-cts/tools/../../android-cts/testcases/CtsDisplayTestCases/arm64/CtsDisplayTestCases.apk] with timeout: 1m 0s
02-22 00:00:10 D/RunUtil: Running command [aapt, dump, xmltree, /home/simon/android-cts/tools/../../android-cts/testcases/CtsDisplayTestCases/arm64/CtsDisplayTestCases.apk, AndroidManifest.xml] with timeout: 1m 0s
02-22 00:00:10 D/RunUtil: Running command [adb, -s, 27161FDH20031X, shell, appops, write-settings] with timeout: 2m 0s
02-22 00:00:10 D/SearchArtifactUtil: Searching the module dir: /home/simon/android-cts/tools/../../android-cts/testcases/CtsDisplayTestCases
02-22 00:00:10 D/RunUtil: Running command [aapt2, dump, badging, /home/simon/android-cts/tools/../../android-cts/testcases/CtsDisplayTestCases/CtsAppTestStubs.apk] with timeout: 1m 0s
02-22 00:00:10 D/RunUtil: Running command [aapt2, dump, xmltree, /home/simon/android-cts/tools/../../android-cts/testcases/CtsDisplayTestCases/CtsAppTestStubs.apk, --file, AndroidManifest.xml] with timeout: 1m 0s
02-22 00:00:10 D/TestAppInstallSetup: Installing apk android.app.stubs with [/home/simon/android-cts/tools/../../android-cts/testcases/CtsDisplayTestCases/CtsAppTestStubs.apk] ...
02-22 00:00:10 D/NativeDevice: Using property ro.build.version.sdk=34 from cache.
02-22 00:00:11 D/RunUtil: Running command [aapt, dump, badging, /home/simon/android-cts/tools/../../android-cts/testcases/CtsDisplayTestCases/CtsAppTestStubs.apk] with timeout: 1m 0s
02-22 00:00:11 D/RunUtil: Running command [aapt, dump, xmltree, /home/simon/android-cts/tools/../../android-cts/testcases/CtsDisplayTestCases/CtsAppTestStubs.apk, AndroidManifest.xml] with timeout: 1m 0s
02-22 00:00:11 D/RunUtil: Running command [adb, -s, 27161FDH20031X, shell, appops, write-settings] with timeout: 2m 0s
02-22 00:00:12 D/NativeDevice: Using property ro.build.version.sdk=34 from cache.
02-22 00:00:12 D/NativeDevice: Using property ro.build.version.sdk=34 from cache.
02-22 00:00:12 D/NativeDevice: Using property ro.build.version.codename=REL from cache.
02-22 00:00:12 D/AndroidJUnitTest: Attempting to push filters to /data/local/tmp/ajur/includes.txt
02-22 00:00:12 D/NativeDevice: Using 'ls' to check doesFileExist(/data/local/tmp/ajur)
02-22 00:00:12 D/RunUtil: Running command [adb, -s, 27161FDH20031X, shell, ls, '/data/local/tmp/ajur'] with timeout: 2m 0s
02-22 00:00:12 D/NativeDevice: File /data/local/tmp/ajur does not exist.
stdout: 
stderr: ls: /data/local/tmp/ajur: No such file or directory

02-22 00:00:12 D/NativeDevice: Using 'ls' to check doesFileExist(/data/local/tmp/ajur/includes.txt)
02-22 00:00:12 D/RunUtil: Running command [adb, -s, 27161FDH20031X, shell, ls, '/data/local/tmp/ajur/includes.txt'] with timeout: 2m 0s
02-22 00:00:12 D/FileUtil: Creating temp file at /home/simon/android-cts/tools/../../android-cts/logs/2026.02.21_23.58.02/inv_3975703343429301694 with prefix "filter-arm64-v8a%20CtsDisplayTestCases.include_" suffix ".txt.gz"
02-22 00:00:12 I/LogFileSaver: Saved gzip log file /home/simon/android-cts/tools/../../android-cts/logs/2026.02.21_23.58.02/inv_3975703343429301694/filter-arm64-v8a%20CtsDisplayTestCases.include_11809055674851562369.txt.gz. [size=10, elapsed=1ms]
02-22 00:00:12 D/CertificationSuiteResultReporter: Saved logs for filter-arm64-v8a%20CtsDisplayTestCases.include in /home/simon/android-cts/tools/../../android-cts/logs/2026.02.21_23.58.02/inv_3975703343429301694/filter-arm64-v8a%20CtsDisplayTestCases.include_11809055674851562369.txt.gz
02-22 00:00:12 D/FileUtil: Creating temp file at /tmp/13033356/cts/inv_3064608441729781508/inv_10022850878599440680 with prefix "filter-arm64-v8a%20CtsDisplayTestCases.include_" suffix ".txt.gz"
02-22 00:00:12 I/LogFileSaver: Saved gzip log file /tmp/13033356/cts/inv_3064608441729781508/inv_10022850878599440680/filter-arm64-v8a%20CtsDisplayTestCases.include_15090519395222496176.txt.gz. [size=10, elapsed=0ms]
02-22 00:00:12 D/AndroidJUnitTest: Attempting to push filters to /sdcard/googletest/test_runfiles/data/local/tmp/ajur/includes.txt
02-22 00:00:12 D/NativeDevice: Using 'ls' to check doesFileExist(/data/local/tmp/ajur)
02-22 00:00:12 D/RunUtil: Running command [adb, -s, 27161FDH20031X, shell, ls, '/data/local/tmp/ajur'] with timeout: 2m 0s
02-22 00:00:12 D/NativeDevice: Using property ro.build.version.sdk=34 from cache.
02-22 00:00:12 D/AndroidJUnitTest: Attempting to push filters to /data/local/tmp/ajur/excludes.txt
02-22 00:00:12 D/NativeDevice: Using 'ls' to check doesFileExist(/data/local/tmp/ajur)
02-22 00:00:12 D/RunUtil: Running command [adb, -s, 27161FDH20031X, shell, ls, '/data/local/tmp/ajur'] with timeout: 2m 0s
02-22 00:00:12 D/FileUtil: Creating temp file at /home/simon/android-cts/tools/../../android-cts/logs/2026.02.21_23.58.02/inv_3975703343429301694 with prefix "filter-arm64-v8a%20CtsDisplayTestCases.exclude_" suffix ".txt.gz"
02-22 00:00:12 I/LogFileSaver: Saved gzip log file /home/simon/android-cts/tools/../../android-cts/logs/2026.02.21_23.58.02/inv_3975703343429301694/filter-arm64-v8a%20CtsDisplayTestCases.exclude_54917234375068057.txt.gz. [size=10, elapsed=0ms]
02-22 00:00:12 D/CertificationSuiteResultReporter: Saved logs for filter-arm64-v8a%20CtsDisplayTestCases.exclude in /home/simon/android-cts/tools/../../android-cts/logs/2026.02.21_23.58.02/inv_3975703343429301694/filter-arm64-v8a%20CtsDisplayTestCases.exclude_54917234375068057.txt.gz
02-22 00:00:12 D/FileUtil: Creating temp file at /tmp/13033356/cts/inv_3064608441729781508/inv_10022850878599440680 with prefix "filter-arm64-v8a%20CtsDisplayTestCases.exclude_" suffix ".txt.gz"
02-22 00:00:12 I/LogFileSaver: Saved gzip log file /tmp/13033356/cts/inv_3064608441729781508/inv_10022850878599440680/filter-arm64-v8a%20CtsDisplayTestCases.exclude_16156779420294319099.txt.gz. [size=10, elapsed=0ms]
02-22 00:00:12 D/AndroidJUnitTest: Attempting to push filters to /sdcard/googletest/test_runfiles/data/local/tmp/ajur/excludes.txt
02-22 00:00:12 D/NativeDevice: Using 'ls' to check doesFileExist(/data/local/tmp/ajur)
02-22 00:00:12 D/RunUtil: Running command [adb, -s, 27161FDH20031X, shell, ls, '/data/local/tmp/ajur'] with timeout: 2m 0s
02-22 00:00:12 D/NativeDevice: Using property ro.build.version.sdk=34 from cache.
02-22 00:00:12 D/NativeDevice: Using property ro.build.version.sdk=34 from cache.
02-22 00:00:12 D/RunUtil: Running command [adb, -s, 27161FDH20031X, shell, pm, list, features] with timeout: 2m 0s
02-22 00:00:12 D/NativeDevice: Using property ro.build.version.sdk=34 from cache.
02-22 00:00:12 D/NativeDevice: Using property ro.build.version.codename=REL from cache.
02-22 00:00:12 D/RunUtil: Running command [aapt2, dump, badging, /tmp/services6369738960656320067.apk] with timeout: 1m 0s
02-22 00:00:12 D/RunUtil: Running command [aapt2, dump, xmltree, /tmp/services6369738960656320067.apk, --file, AndroidManifest.xml] with timeout: 1m 0s
02-22 00:00:12 D/TestAppInstallSetup: Installing apk androidx.test.services with [/tmp/services6369738960656320067.apk] ...
02-22 00:00:12 D/NativeDevice: Using property ro.build.version.sdk=34 from cache.
02-22 00:00:13 D/RunUtil: Running command [aapt, dump, badging, /tmp/services6369738960656320067.apk] with timeout: 1m 0s
02-22 00:00:13 D/RunUtil: Running command [aapt, dump, xmltree, /tmp/services6369738960656320067.apk, AndroidManifest.xml] with timeout: 1m 0s
02-22 00:00:13 D/NativeDevice: Using property ro.build.version.sdk=34 from cache.
02-22 00:00:13 D/RunUtil: Running command [adb, -s, 27161FDH20031X, shell, appops, set, --user, 0, --uid, androidx.test.services, MANAGE_EXTERNAL_STORAGE, 0] with timeout: 2m 0s
02-22 00:00:13 D/RunUtil: Running command [adb, -s, 27161FDH20031X, shell, appops, write-settings] with timeout: 2m 0s
02-22 00:00:13 D/RunUtil: Running command [adb, -s, 27161FDH20031X, shell, dumpsys, deviceidle, whitelist, +androidx.test.services] with timeout: 2m 0s
02-22 00:00:13 D/AndroidJUnitTest: stdout: Added: androidx.test.services

stderr: 
02-22 00:00:13 D/ListInstrumentationParser: instrumentation:android.display.cts/androidx.test.runner.AndroidJUnitRunner (target=android.display.cts)
02-22 00:00:13 D/ListInstrumentationParser: instrumentation:com.android.tradefed.utils.wifi/.WifiUtil (target=com.android.tradefed.utils.wifi)
02-22 00:00:13 D/ListInstrumentationParser: 
02-22 00:00:13 I/InstrumentationTest: No runner name specified. Using: androidx.test.runner.AndroidJUnitRunner.
02-22 00:00:13 D/NativeDevice: Using property ro.build.version.sdk=34 from cache.
02-22 00:00:13 D/NativeDevice: Using property ro.build.version.sdk=34 from cache.
02-22 00:00:13 D/InstrumentationTest: Collecting test info for android.display.cts on device 27161FDH20031X
02-22 00:00:13 I/RemoteAndroidTestRunner: Running am instrument -w -r --abi arm64-v8a  -e testFile /data/local/tmp/ajur/includes.txt -e debug false -e useTestStorageService true -e newRunListenerMode true -e log true -e notAnnotation com.android.compatibility.common.util.CtsDownstreamingTest,android.platform.test.annotations.AsbSecurityTest,android.platform.test.annotations.AppModeInstant -e notTestFile /data/local/tmp/ajur/excludes.txt -e timeout_msec 300000 android.display.cts/androidx.test.runner.AndroidJUnitRunner on google-aosp_on_panther-27161FDH20031X
02-22 00:00:14 D/InstrumentationTest: Initializing com.android.tradefed.device.metric.CountTestCasesCollector for instrumentation.
02-22 00:00:14 I/RemoteAndroidTestRunner: Running am instrument -w -r --abi arm64-v8a  -e testFile /data/local/tmp/ajur/includes.txt -e debug false -e useTestStorageService true -e newRunListenerMode true -e log false -e notAnnotation com.android.compatibility.common.util.CtsDownstreamingTest,android.platform.test.annotations.AsbSecurityTest,android.platform.test.annotations.AppModeInstant -e notTestFile /data/local/tmp/ajur/excludes.txt -e timeout_msec 300000 android.display.cts/androidx.test.runner.AndroidJUnitRunner on google-aosp_on_panther-27161FDH20031X
02-22 00:00:14 D/ModuleListener: ModuleListener.testRunStarted(android.display.cts, 1, 0) on 27161FDH20031X
02-22 00:00:14 D/ModuleListener: ModuleListener.testStarted(android.display.cts.DisplayTest#testMode) on 27161FDH20031X
02-22 00:00:16 D/NativeDevice: Using property ro.build.version.sdk=34 from cache.
02-22 00:00:16 D/NativeDevice: Using property ro.build.version.sdk=34 from cache.
02-22 00:00:16 I/ModuleListener: [1/1] 27161FDH20031X android.display.cts.DisplayTest#testMode FAILURE: Test failed to run to completion. Reason: 'Test run failed to complete. Expected 1 tests, received 0. onError: commandError=false message=INSTRUMENTATION_ABORTED: System has crashed.'. Check device logcat for details
02-22 00:00:16 D/ModuleListener: ModuleListener.testRunFailed(TEST_FAILURE|INSTRUMENTATION_CRASH|Test run failed to complete. Expected 1 tests, received 0. onError: commandError=false message=INSTRUMENTATION_ABORTED: System has crashed.) on 27161FDH20031X
02-22 00:00:16 D/ModuleListener: ModuleListener.testRunEnded(2117) on 27161FDH20031X
02-22 00:00:16 I/NativeDeviceStateMonitor: Device 27161FDH20031X is already ONLINE
02-22 00:00:16 I/NativeDeviceStateMonitor: Waiting 360000 ms for device 27161FDH20031X boot complete
02-22 00:00:16 I/DeviceStateMonitor: Waiting 359959 ms for device 27161FDH20031X package manager
02-22 00:00:17 I/NativeDeviceStateMonitor: Waiting 358813 ms for device 27161FDH20031X external store
02-22 00:00:17 W/NativeDeviceStateMonitor: stat command return value should be a number. output: stat: '/sdcard': Transport endpoint is not connected
02-22 00:00:17 W/NativeDeviceStateMonitor: Failed to get the fileSystem of '/sdcard'
02-22 00:00:18 W/NativeDeviceStateMonitor: stat command return value should be a number. output: stat: '/sdcard': Transport endpoint is not connected
02-22 00:00:18 W/NativeDeviceStateMonitor: Failed to get the fileSystem of '/sdcard'
02-22 00:00:21 D/InstrumentationTest: No tests to re-run, all tests executed at least once.
02-22 00:00:21 D/TestDevice: Uninstalling androidx.test.services with extra args 
02-22 00:00:21 D/TestDevice: Uninstalling android.display.cts with extra args 
02-22 00:00:21 D/TestDevice: Uninstalling android.app.stubs with extra args 
02-22 00:00:21 I/NativeDeviceStateMonitor: Device 27161FDH20031X is already ONLINE
02-22 00:00:21 I/NativeDeviceStateMonitor: Waiting 360000 ms for device 27161FDH20031X boot complete
02-22 00:00:21 I/DeviceStateMonitor: Waiting 359965 ms for device 27161FDH20031X package manager
02-22 00:00:21 I/NativeDeviceStateMonitor: Waiting 359904 ms for device 27161FDH20031X external store
02-22 00:00:21 I/ConsoleReporter: [27161FDH20031X] Starting arm64-v8a CtsDisplayTestCases with 1 test
02-22 00:00:21 I/ConsoleReporter: [1/1 arm64-v8a CtsDisplayTestCases 27161FDH20031X] android.display.cts.DisplayTest#testMode fail: Test failed to run to completion. Reason: 'Test run failed to complete. Expected 1 tests, received 0. onError: commandError=false message=INSTRUMENTATION_ABORTED: System has crashed.'. Check device logcat for details
02-22 00:00:21 I/ConsoleReporter: [27161FDH20031X] Test run failed to complete. Expected 1 tests, received 0. onError: commandError=false message=INSTRUMENTATION_ABORTED: System has crashed.
02-22 00:00:21 I/ConsoleReporter: [27161FDH20031X] arm64-v8a CtsDisplayTestCases completed in 9s. 0 passed, 1 failed, 0 not executed
02-22 00:00:21 I/ITestSuite: Running system status checker after module execution: arm64-v8a CtsDisplayTestCases
02-22 00:00:21 D/NativeDevice: Using property ro.build.version.sdk=34 from cache.
02-22 00:00:21 D/NativeDevice: Using property ro.build.version.sdk=34 from cache.
02-22 00:00:21 D/NativeDevice: Using property ro.build.version.sdk=34 from cache.
02-22 00:00:21 I/NativeDeviceStateMonitor: Device 27161FDH20031X is already ONLINE
02-22 00:00:21 I/NativeDeviceStateMonitor: Waiting 360000 ms for device 27161FDH20031X boot complete
02-22 00:00:21 I/DeviceStateMonitor: Waiting 359939 ms for device 27161FDH20031X package manager
02-22 00:00:21 I/NativeDeviceStateMonitor: Waiting 359879 ms for device 27161FDH20031X external store
02-22 00:00:22 I/MonitoringUtils: Wifi Connectivity check failed on 27161FDH20031X. (Is your device connected to Wifi?), retrying in 5000ms
02-22 00:00:27 I/NativeDeviceStateMonitor: Device 27161FDH20031X is already ONLINE
02-22 00:00:27 I/NativeDeviceStateMonitor: Waiting 360000 ms for device 27161FDH20031X boot complete
02-22 00:00:27 I/DeviceStateMonitor: Waiting 359964 ms for device 27161FDH20031X package manager
02-22 00:00:27 I/NativeDeviceStateMonitor: Waiting 359898 ms for device 27161FDH20031X external store
02-22 00:00:28 I/MonitoringUtils: Wifi Connectivity: passed check.
02-22 00:00:28 D/TestDevice: Output from KeyguardController:   KeyguardController:
    mKeyguardShowing=false
    mAodShowing=false
    mKeyguardGoingAway=false

02-22 00:00:28 E/LeakedThreadStatusChecker: We have 4 threads instead of 1. List: [Thread[Invocation-27161FDH20031X,5,Invocation-27161FDH20031X], Thread[BackgroundDeviceAction-logcat -b all -v threadtime,uid,5,Invocation-27161FDH20031X], Thread[Timer-1,5,Invocation-27161FDH20031X], Thread[grpc-default-worker-ELG-3-1,5,Invocation-27161FDH20031X]]
02-22 00:00:28 W/ITestSuite: System status checker [com.android.tradefed.suite.checker.LeakedThreadStatusChecker] failed
02-22 00:00:28 D/NativeDevice: Time offset = 774 ms
02-22 00:00:28 D/DeviceSettingChecker: Begin postExecution for checking device setting
02-22 00:00:29 W/DeviceSettingChecker: Setting in namespace global fails:
 boot_count changes from 2 to 3

02-22 00:00:29 W/ITestSuite: System status checker [com.android.tradefed.suite.checker.DeviceSettingChecker] failed
02-22 00:00:29 D/NativeDevice: Using property ro.build.version.sdk=34 from cache.
02-22 00:00:29 D/NativeDevice: Using property persist.sys.boot.reason.history=reboot,factory_reset,1771689458
bootloader,1771689441 from cache.
02-22 00:00:29 W/NativeDevice: There is no reboot history since 1771775919
02-22 00:00:29 W/ITestSuite: System status checker [com.android.tradefed.suite.checker.SystemServerStatusChecker] failed
02-22 00:00:29 W/ITestSuite: There are failed system status checkers: {com.android.tradefed.suite.checker.LeakedThreadStatusChecker=We have 4 threads instead of 1. List: [Thread[Invocation-27161FDH20031X,5,Invocation-27161FDH20031X], Thread[BackgroundDeviceAction-logcat -b all -v threadtime,uid,5,Invocation-27161FDH20031X], Thread[Timer-1,5,Invocation-27161FDH20031X], Thread[grpc-default-worker-ELG-3-1,5,Invocation-27161FDH20031X]], com.android.tradefed.suite.checker.DeviceSettingChecker=Setting in namespace global fails:
 boot_count changes from 2 to 3
, com.android.tradefed.suite.checker.SystemServerStatusChecker=The system-server crashed during test execution}
02-22 00:00:29 D/FileUtil: Creating temp file at /home/simon/android-cts/tools/../../android-cts/results/2026.02.21_23.58.02/proto with prefix "tmp-proto" suffix ""
02-22 00:00:29 D/PrettyPrintDelimiter: 
=============================
===== TEST PHASE ENDING =====
=============================
02-22 00:00:29 D/LogFileSaver: Log data for device_logcat_test_27161FDH20031X is already compressed, skipping compression
02-22 00:00:29 D/FileUtil: Creating temp file at /home/simon/android-cts/tools/../../android-cts/logs/2026.02.21_23.58.02/inv_3975703343429301694 with prefix "device_logcat_test_27161FDH20031X_" suffix ".txt"
02-22 00:00:29 I/LogFileSaver: Saved log file /home/simon/android-cts/tools/../../android-cts/logs/2026.02.21_23.58.02/inv_3975703343429301694/device_logcat_test_27161FDH20031X_1911929996070660835.txt. [size=15862366, elapsed=7ms]
02-22 00:00:29 D/CertificationSuiteResultReporter: Saved logs for device_logcat_test_27161FDH20031X in /home/simon/android-cts/tools/../../android-cts/logs/2026.02.21_23.58.02/inv_3975703343429301694/device_logcat_test_27161FDH20031X_1911929996070660835.txt
02-22 00:00:29 D/LogFileSaver: Log data for device_logcat_test_27161FDH20031X is already compressed, skipping compression
02-22 00:00:29 D/FileUtil: Creating temp file at /tmp/13033356/cts/inv_3064608441729781508/inv_10022850878599440680 with prefix "device_logcat_test_27161FDH20031X_" suffix ".txt"
02-22 00:00:29 I/LogFileSaver: Saved log file /tmp/13033356/cts/inv_3064608441729781508/inv_10022850878599440680/device_logcat_test_27161FDH20031X_16035208611681020083.txt. [size=15862366, elapsed=6ms]
02-22 00:00:29 I/CommandInterrupter: Interrupt blocked
02-22 00:00:29 D/TestInvocation: Testing minimum responsiveness.
02-22 00:00:29 I/NativeDeviceStateMonitor: Device 27161FDH20031X is already ONLINE
02-22 00:00:29 D/RunUtil: Running command [adb, -s, 27161FDH20031X, shell, getprop, ro.build.version.sdk] with timeout: 45s
02-22 00:00:29 D/FileUtil: Creating temp file at /home/simon/android-cts/tools/../../android-cts/logs/2026.02.21_23.58.02/inv_3975703343429301694 with prefix "executeShellCommandLog_27161FDH20031X_" suffix ".txt.gz"
02-22 00:00:29 I/LogFileSaver: Saved gzip log file /home/simon/android-cts/tools/../../android-cts/logs/2026.02.21_23.58.02/inv_3975703343429301694/executeShellCommandLog_27161FDH20031X_8026404244047453661.txt.gz. [size=10, elapsed=1ms]
02-22 00:00:29 D/CertificationSuiteResultReporter: Saved logs for executeShellCommandLog_27161FDH20031X in /home/simon/android-cts/tools/../../android-cts/logs/2026.02.21_23.58.02/inv_3975703343429301694/executeShellCommandLog_27161FDH20031X_8026404244047453661.txt.gz
02-22 00:00:29 D/FileUtil: Creating temp file at /tmp/13033356/cts/inv_3064608441729781508/inv_10022850878599440680 with prefix "executeShellCommandLog_27161FDH20031X_" suffix ".txt.gz"
02-22 00:00:29 I/LogFileSaver: Saved gzip log file /tmp/13033356/cts/inv_3064608441729781508/inv_10022850878599440680/executeShellCommandLog_27161FDH20031X_12656315171370671464.txt.gz. [size=10, elapsed=0ms]
02-22 00:00:29 D/TestInvocation: Checking that devices are online.
02-22 00:00:29 I/NativeDeviceStateMonitor: Device 27161FDH20031X is already ONLINE
02-22 00:00:29 I/NativeDeviceStateMonitor: Waiting 180000 ms for device 27161FDH20031X boot complete
02-22 00:00:29 I/DeviceStateMonitor: Waiting 179929 ms for device 27161FDH20031X package manager
02-22 00:00:30 I/NativeDeviceStateMonitor: Waiting 179802 ms for device 27161FDH20031X external store
02-22 00:00:30 D/InvocationExecution: starting tearDown 'com.android.compatibility.common.tradefed.targetprep.PropertyCheck@1b5dfb2b' on device: '27161FDH20031X'
02-22 00:00:30 D/InvocationExecution: done with tearDown 'com.android.compatibility.common.tradefed.targetprep.PropertyCheck@1b5dfb2b' on device: '27161FDH20031X' in 0 ms
02-22 00:00:30 D/InvocationExecution: starting tearDown 'com.android.compatibility.common.tradefed.targetprep.PropertyCheck@25c63693' on device: '27161FDH20031X'
02-22 00:00:30 D/InvocationExecution: done with tearDown 'com.android.compatibility.common.tradefed.targetprep.PropertyCheck@25c63693' on device: '27161FDH20031X' in 0 ms
02-22 00:00:30 D/InvocationExecution: starting tearDown 'com.android.compatibility.common.tradefed.targetprep.PropertyCheck@38aa109c' on device: '27161FDH20031X'
02-22 00:00:30 D/InvocationExecution: done with tearDown 'com.android.compatibility.common.tradefed.targetprep.PropertyCheck@38aa109c' on device: '27161FDH20031X' in 0 ms
02-22 00:00:30 D/InvocationExecution: starting tearDown 'com.android.tradefed.targetprep.RunCommandTargetPreparer@5ae9a157' on device: '27161FDH20031X'
02-22 00:00:30 D/RunUtil: Running command [adb, -s, 27161FDH20031X, shell, settings, put, global, verifier_engprod, 0] with timeout: 2m 0s
02-22 00:00:30 D/InvocationExecution: done with tearDown 'com.android.tradefed.targetprep.RunCommandTargetPreparer@5ae9a157' on device: '27161FDH20031X' in 74 ms
02-22 00:00:30 D/InvocationExecution: starting tearDown 'com.android.tradefed.targetprep.RunCommandTargetPreparer@16e26f72' on device: '27161FDH20031X'
02-22 00:00:30 D/RunUtil: Running command [adb, -s, 27161FDH20031X, shell, settings, put, global, package_verifier_enable, 1] with timeout: 2m 0s
02-22 00:00:30 D/InvocationExecution: done with tearDown 'com.android.tradefed.targetprep.RunCommandTargetPreparer@16e26f72' on device: '27161FDH20031X' in 73 ms
02-22 00:00:30 D/InvocationExecution: starting tearDown 'com.android.compatibility.common.tradefed.targetprep.ReportLogCollector@798ad28a' on device: '27161FDH20031X'
02-22 00:00:30 D/NativeDevice: Using property ro.build.version.sdk=34 from cache.
02-22 00:00:30 D/NativeDevice: Using 'ls' to check doesFileExist(/storage/emulated/0/report-log-files/)
02-22 00:00:30 D/RunUtil: Running command [adb, -s, 27161FDH20031X, shell, ls, '/storage/emulated/0/report-log-files/'] with timeout: 2m 0s
02-22 00:00:30 D/NativeDevice: File /storage/emulated/0/report-log-files/ does not exist.
stdout: 
stderr: ls: /storage/emulated/0/report-log-files/: No such file or directory

02-22 00:00:30 E/NativeDevice: Device path /sdcard/report-log-files/ does not exist to be pulled.
02-22 00:00:30 D/InvocationExecution: done with tearDown 'com.android.compatibility.common.tradefed.targetprep.ReportLogCollector@798ad28a' on device: '27161FDH20031X' in 116 ms
02-22 00:00:30 D/InvocationExecution: starting tearDown 'com.android.compatibility.common.tradefed.targetprep.DeviceInfoCollector@6a05163c' on device: '27161FDH20031X'
02-22 00:00:30 D/InvocationExecution: done with tearDown 'com.android.compatibility.common.tradefed.targetprep.DeviceInfoCollector@6a05163c' on device: '27161FDH20031X' in 0 ms
02-22 00:00:30 D/InvocationExecution: starting tearDown 'com.android.tradefed.targetprep.RunCommandTargetPreparer@6688595' on device: '27161FDH20031X'
02-22 00:00:30 D/InvocationExecution: done with tearDown 'com.android.tradefed.targetprep.RunCommandTargetPreparer@6688595' on device: '27161FDH20031X' in 0 ms
02-22 00:00:30 D/InvocationExecution: starting tearDown 'com.android.compatibility.common.tradefed.targetprep.WifiCheck@67980cb6' on device: '27161FDH20031X'
02-22 00:00:30 D/InvocationExecution: done with tearDown 'com.android.compatibility.common.tradefed.targetprep.WifiCheck@67980cb6' on device: '27161FDH20031X' in 0 ms
02-22 00:00:30 D/InvocationExecution: starting tearDown 'com.android.compatibility.common.tradefed.targetprep.ApkPreconditionCheck@245c6bd2' on device: '27161FDH20031X'
02-22 00:00:30 D/InvocationExecution: done with tearDown 'com.android.compatibility.common.tradefed.targetprep.ApkPreconditionCheck@245c6bd2' on device: '27161FDH20031X' in 0 ms
02-22 00:00:30 D/InvocationExecution: starting tearDown 'com.android.compatibility.common.tradefed.targetprep.SettingsPreparer@19d57140' on device: '27161FDH20031X'
02-22 00:00:30 D/InvocationExecution: done with tearDown 'com.android.compatibility.common.tradefed.targetprep.SettingsPreparer@19d57140' on device: '27161FDH20031X' in 0 ms
02-22 00:00:30 D/InvocationExecution: starting tearDown 'com.android.compatibility.common.tradefed.targetprep.SettingsPreparer@4d56629d' on device: '27161FDH20031X'
02-22 00:00:30 D/InvocationExecution: done with tearDown 'com.android.compatibility.common.tradefed.targetprep.SettingsPreparer@4d56629d' on device: '27161FDH20031X' in 0 ms
02-22 00:00:30 D/InvocationExecution: starting tearDown 'com.android.compatibility.common.tradefed.targetprep.PackageDisabler@6207aba8' on device: '27161FDH20031X'
02-22 00:00:30 D/InvocationExecution: done with tearDown 'com.android.compatibility.common.tradefed.targetprep.PackageDisabler@6207aba8' on device: '27161FDH20031X' in 0 ms
02-22 00:00:30 D/InvocationExecution: starting tearDown 'com.android.compatibility.common.tradefed.targetprep.StayAwakePreparer@5b8fa370' on device: '27161FDH20031X'
02-22 00:00:30 D/InvocationExecution: done with tearDown 'com.android.compatibility.common.tradefed.targetprep.StayAwakePreparer@5b8fa370' on device: '27161FDH20031X' in 0 ms
02-22 00:00:30 D/InvocationExecution: starting tearDown 'com.android.compatibility.common.tradefed.targetprep.DynamicConfigPusher@51b9ec42' on device: '27161FDH20031X'
02-22 00:00:30 D/InvocationExecution: done with tearDown 'com.android.compatibility.common.tradefed.targetprep.DynamicConfigPusher@51b9ec42' on device: '27161FDH20031X' in 0 ms
02-22 00:00:30 D/InvocationExecution: starting tearDown 'com.android.compatibility.common.tradefed.targetprep.DeviceFileCollector@6665863c' on device: '27161FDH20031X'
02-22 00:00:30 D/InvocationExecution: done with tearDown 'com.android.compatibility.common.tradefed.targetprep.DeviceFileCollector@6665863c' on device: '27161FDH20031X' in 0 ms
02-22 00:00:30 D/InvocationExecution: starting tearDown 'com.android.compatibility.common.tradefed.targetprep.DeviceFileCollector@5cdacb13' on device: '27161FDH20031X'
02-22 00:00:30 D/InvocationExecution: done with tearDown 'com.android.compatibility.common.tradefed.targetprep.DeviceFileCollector@5cdacb13' on device: '27161FDH20031X' in 0 ms
02-22 00:00:30 D/TestDevice: Uninstalling com.android.tradefed.utils.wifi with extra args 
02-22 00:00:30 D/WifiHelper: Successfully clean up WifiHelper.
02-22 00:00:30 D/RunUtil: Running command [id, -u, simon] with timeout: 1m 0s
02-22 00:00:30 D/RunUtil: Running command [tail, -c, 10MB, /tmp/adb.1000.log] with timeout: 1m 0s
02-22 00:00:30 D/LogFileSaver: Log data for host_adb_log is already compressed, skipping compression
02-22 00:00:30 D/FileUtil: Creating temp file at /home/simon/android-cts/tools/../../android-cts/logs/2026.02.21_23.58.02/inv_3975703343429301694 with prefix "host_adb_log_" suffix ".txt"
02-22 00:00:30 I/LogFileSaver: Saved log file /home/simon/android-cts/tools/../../android-cts/logs/2026.02.21_23.58.02/inv_3975703343429301694/host_adb_log_12174939690480061399.txt. [size=23158, elapsed=1ms]
02-22 00:00:30 D/CertificationSuiteResultReporter: Saved logs for host_adb_log in /home/simon/android-cts/tools/../../android-cts/logs/2026.02.21_23.58.02/inv_3975703343429301694/host_adb_log_12174939690480061399.txt
02-22 00:00:30 D/LogFileSaver: Log data for host_adb_log is already compressed, skipping compression
02-22 00:00:30 D/FileUtil: Creating temp file at /tmp/13033356/cts/inv_3064608441729781508/inv_10022850878599440680 with prefix "host_adb_log_" suffix ".txt"
02-22 00:00:30 I/LogFileSaver: Saved log file /tmp/13033356/cts/inv_3064608441729781508/inv_10022850878599440680/host_adb_log_2227713490972613326.txt. [size=23158, elapsed=0ms]
02-22 00:00:30 D/LogFileSaver: Log data for device_logcat_teardown_27161FDH20031X is already compressed, skipping compression
02-22 00:00:30 D/FileUtil: Creating temp file at /home/simon/android-cts/tools/../../android-cts/logs/2026.02.21_23.58.02/inv_3975703343429301694 with prefix "device_logcat_teardown_27161FDH20031X_" suffix ".txt"
02-22 00:00:30 I/LogFileSaver: Saved log file /home/simon/android-cts/tools/../../android-cts/logs/2026.02.21_23.58.02/inv_3975703343429301694/device_logcat_teardown_27161FDH20031X_304904558824413424.txt. [size=5447, elapsed=0ms]
02-22 00:00:30 D/CertificationSuiteResultReporter: Saved logs for device_logcat_teardown_27161FDH20031X in /home/simon/android-cts/tools/../../android-cts/logs/2026.02.21_23.58.02/inv_3975703343429301694/device_logcat_teardown_27161FDH20031X_304904558824413424.txt
02-22 00:00:30 D/LogFileSaver: Log data for device_logcat_teardown_27161FDH20031X is already compressed, skipping compression
02-22 00:00:30 D/FileUtil: Creating temp file at /tmp/13033356/cts/inv_3064608441729781508/inv_10022850878599440680 with prefix "device_logcat_teardown_27161FDH20031X_" suffix ".txt"
02-22 00:00:30 I/LogFileSaver: Saved log file /tmp/13033356/cts/inv_3064608441729781508/inv_10022850878599440680/device_logcat_teardown_27161FDH20031X_5579122591765048878.txt. [size=5447, elapsed=0ms]
02-22 00:00:30 I/TestInvocation: Done stopping logcat for 27161FDH20031X
02-22 00:00:30 D/BackgroundDeviceAction: com.android.ddmlib.TimeoutException while running logcat on 27161FDH20031X. May see duplicated content in log.
02-22 00:00:30 D/BackgroundDeviceAction: Waiting for device 27161FDH20031X online before starting.
02-22 00:00:30 D/CommandScheduler: TestDeviceState for releasing '27161FDH20031X(class com.android.tradefed.device.TestDevice)' is 'ONLINE'
02-22 00:00:30 I/NativeDeviceStateMonitor: Waiting 30000 ms for device 27161FDH20031X shell to be responsive
02-22 00:00:30 I/NativeDeviceStateMonitor: shell ready. id output: uid=2000(shell) gid=2000(shell) groups=2000(shell),1004(input),1007(log),1011(adb),1015(sdcard_rw),1028(sdcard_r),1078(ext_data_rw),1079(ext_obb_rw),3001(net_bt_admin),3002(net_bt),3003(inet),3006(net_bw_stats),3009(readproc),3011(uhid),3012(readtracefs) context=u:r:shell:s0

02-22 00:00:30 D/CommandScheduler: Release map of the devices: {com.android.tradefed.device.TestDevice@74995491=AVAILABLE}
02-22 00:00:30 W/NativeDevice: Attempting to stop logcat when not capturing for 27161FDH20031X
02-22 00:00:30 D/TestDevice: No snapuserd notification in progress for BLOCK_BEFORE_RELEASING
