02-21 23:16:12 D/Configuration: Resolve and download remote files from @Option
02-21 23:16:12 I/TestInvocation: Invocation was started with cmd: cts -m CtsDisplayTestCases -t android.display.cts.DisplayTest#testGetDisplayAttrs -s 27161FDH20031X
02-21 23:16:12 D/InvocationExecution: Skip linking external directory as FileProperty was set.
02-21 23:16:12 D/RunUtil: Running command [adb, version] with timeout: 2m 0s
02-21 23:16:12 D/TestInvocation: Fetch build duration: 5 ms
02-21 23:16:12 D/ArtifactsAnalyzer: Build analysis report: BuildAnalysis [mDeviceImageChanged=true, mHasTestsArtifacts=true, mHasChangesInTests=false, imageDigests={}]
02-21 23:16:12 D/ArtifactsAnalyzer: Analysis report after test analysis: BuildAnalysis [mDeviceImageChanged=true, mHasTestsArtifacts=true, mHasChangesInTests=true, imageDigests={}]
02-21 23:16:12 D/RunUtil: Running command [adb, -s, 27161FDH20031X, shell, getprop, ro.build.version.sdk] with timeout: 45s
02-21 23:16:12 D/GlobalTestFilter: Setting up global filters
02-21 23:16:12 D/BackgroundDeviceAction: Waiting for device 27161FDH20031X online before starting.
02-21 23:16:12 D/InvocationExecution: IShardHelper selected: com.android.tradefed.invoker.shard.StrictShardHelper@dd06be3
02-21 23:16:12 D/BackgroundDeviceAction: Device 27161FDH20031X now online.
02-21 23:16:12 D/BackgroundDeviceAction: Starting logcat for 27161FDH20031X.
02-21 23:16:12 I/TestInvocation: Starting invocation for 'cts' with '[ DeviceBuildInfo{bid=13033356, serial=27161FDH20031X} on device '27161FDH20031X'] 
02-21 23:16:12 D/FileUtil: Creating temp directory at /tmp/13033356/cts with prefix "inv_"
02-21 23:16:12 D/RunUtil: Running command [chmod, ug+rwx, /tmp/13033356/cts/inv_726567457929803474] with timeout: 10s
02-21 23:16:12 D/FileSystemLogSaver: Using log file directory /tmp/13033356/cts/inv_726567457929803474
02-21 23:16:12 D/FileUtil: Creating temp directory at /tmp/13033356/cts/inv_726567457929803474 with prefix "inv_"
02-21 23:16:12 I/LogFileSaver: Using log file directory /tmp/13033356/cts/inv_726567457929803474/inv_10865161023681524810
02-21 23:16:12 D/CompatibilityProtoResultReporter: Proto Results Directory: /home/simon/android-cts/tools/../../android-cts/results/2026.02.21_23.16.12/proto
02-21 23:16:12 D/FileUtil: Creating temp file at /home/simon/android-cts/tools/../../android-cts/results/2026.02.21_23.16.12/proto with prefix "tmp-proto" suffix ""
02-21 23:16:12 D/CompatibilityProtoResultReporter: Proto Results Directory: /home/simon/android-cts/tools/../../android-cts/results/2026.02.21_23.16.12/proto
02-21 23:16:12 D/CertificationSuiteResultReporter: Initializing result directory
02-21 23:16:12 D/CertificationSuiteResultReporter: Results Directory: /home/simon/android-cts/tools/../../android-cts/results/2026.02.21_23.16.12
02-21 23:16:12 D/CertificationSuiteResultReporter: Created log dir /home/simon/android-cts/tools/../../android-cts/logs/2026.02.21_23.16.12
02-21 23:16:12 D/FileUtil: Creating temp directory at /home/simon/android-cts/tools/../../android-cts/logs/2026.02.21_23.16.12 with prefix "inv_"
02-21 23:16:12 I/LogFileSaver: Using log file directory /home/simon/android-cts/tools/../../android-cts/logs/2026.02.21_23.16.12/inv_9171898061450307823
02-21 23:16:12 D/LogFileSaver: Log data for tradefed-expanded-config is already compressed, skipping compression
02-21 23:16:12 D/FileUtil: Creating temp file at /home/simon/android-cts/tools/../../android-cts/logs/2026.02.21_23.16.12/inv_9171898061450307823 with prefix "tradefed-expanded-config_" suffix ".xml"
02-21 23:16:12 I/LogFileSaver: Saved log file /home/simon/android-cts/tools/../../android-cts/logs/2026.02.21_23.16.12/inv_9171898061450307823/tradefed-expanded-config_17511661962128094618.xml. [size=58763, elapsed=0ms]
02-21 23:16:12 D/CertificationSuiteResultReporter: Saved logs for tradefed-expanded-config in /home/simon/android-cts/tools/../../android-cts/logs/2026.02.21_23.16.12/inv_9171898061450307823/tradefed-expanded-config_17511661962128094618.xml
02-21 23:16:12 D/LogFileSaver: Log data for tradefed-expanded-config is already compressed, skipping compression
02-21 23:16:12 D/FileUtil: Creating temp file at /tmp/13033356/cts/inv_726567457929803474/inv_10865161023681524810 with prefix "tradefed-expanded-config_" suffix ".xml"
02-21 23:16:12 I/LogFileSaver: Saved log file /tmp/13033356/cts/inv_726567457929803474/inv_10865161023681524810/tradefed-expanded-config_14510311871095181262.xml. [size=58763, elapsed=0ms]
02-21 23:16:12 D/InvocationExecution: Starting device pre invocation setup for : '27161FDH20031X'
02-21 23:16:12 D/DefaultConnection: Instance type for connection: GCE
02-21 23:16:12 D/DefaultConnection: Instance type for connection: GCE
02-21 23:16:12 D/NativeDevice: Using connection: com.android.tradefed.device.connection.DefaultConnection@52920db4 (27161FDH20031X)
02-21 23:16:12 I/CommandInterrupter: Interrupt allowed
02-21 23:16:12 D/InvocationExecution: Starting setup for device: '27161FDH20031X'
02-21 23:16:12 D/InvocationExecution: starting preparer 'com.android.compatibility.common.tradefed.targetprep.DeviceFileCollector@13b7d240' on device: '27161FDH20031X'
02-21 23:16:12 D/RunUtil: Running command [adb, -s, 27161FDH20031X, shell, getprop, ro.treble.enabled] with timeout: 45s
02-21 23:16:12 D/NativeDevice: Using 'ls' to check doesFileExist(/sys/fs/selinux/policy)
02-21 23:16:12 D/RunUtil: Running command [adb, -s, 27161FDH20031X, shell, ls, '/sys/fs/selinux/policy'] with timeout: 2m 0s
02-21 23:16:12 D/InvocationExecution: done with preparer 'com.android.compatibility.common.tradefed.targetprep.DeviceFileCollector@13b7d240' on device: '27161FDH20031X' in 162 ms
02-21 23:16:12 D/InvocationExecution: starting preparer 'com.android.compatibility.common.tradefed.targetprep.DeviceFileCollector@7eedc659' on device: '27161FDH20031X'
02-21 23:16:12 D/NativeDevice: Using property ro.treble.enabled=true from cache.
02-21 23:16:12 D/NativeDevice: Using 'ls' to check doesFileExist(/proc/config.gz)
02-21 23:16:12 D/RunUtil: Running command [adb, -s, 27161FDH20031X, shell, ls, '/proc/config.gz'] with timeout: 2m 0s
02-21 23:16:12 D/InvocationExecution: done with preparer 'com.android.compatibility.common.tradefed.targetprep.DeviceFileCollector@7eedc659' on device: '27161FDH20031X' in 124 ms
02-21 23:16:12 D/InvocationExecution: starting preparer 'com.android.compatibility.common.tradefed.targetprep.DynamicConfigPusher@2489cd9e' on device: '27161FDH20031X'
02-21 23:16:12 I/UrlReplacement: UrlReplacement file [/home/simon/android-cts/tools/UrlReplacement.xml] does not exist
02-21 23:16:13 D/InvocationExecution: done with preparer 'com.android.compatibility.common.tradefed.targetprep.DynamicConfigPusher@2489cd9e' on device: '27161FDH20031X' in 203 ms
02-21 23:16:13 D/InvocationExecution: starting preparer 'com.android.compatibility.common.tradefed.targetprep.StayAwakePreparer@16d5eafd' on device: '27161FDH20031X'
02-21 23:16:13 D/SettingsPreparer: Changing value for stay_on_while_plugged_in from 0 to 7
02-21 23:16:13 D/InvocationExecution: done with preparer 'com.android.compatibility.common.tradefed.targetprep.StayAwakePreparer@16d5eafd' on device: '27161FDH20031X' in 188 ms
02-21 23:16:13 D/InvocationExecution: starting preparer 'com.android.compatibility.common.tradefed.targetprep.PackageDisabler@34c94a30' on device: '27161FDH20031X'
02-21 23:16:13 D/InvocationExecution: done with preparer 'com.android.compatibility.common.tradefed.targetprep.PackageDisabler@34c94a30' on device: '27161FDH20031X' in 174 ms
02-21 23:16:13 D/InvocationExecution: starting preparer 'com.android.compatibility.common.tradefed.targetprep.SettingsPreparer@64e722df' on device: '27161FDH20031X'
02-21 23:16:13 D/SettingsPreparer: Setting verifier_verify_adb_installs to value 0
02-21 23:16:13 D/InvocationExecution: done with preparer 'com.android.compatibility.common.tradefed.targetprep.SettingsPreparer@64e722df' on device: '27161FDH20031X' in 96 ms
02-21 23:16:13 D/InvocationExecution: starting preparer 'com.android.compatibility.common.tradefed.targetprep.SettingsPreparer@4ba01a61' on device: '27161FDH20031X'
02-21 23:16:13 D/SettingsPreparer: Setting hide_error_dialogs to value 1
02-21 23:16:13 D/InvocationExecution: done with preparer 'com.android.compatibility.common.tradefed.targetprep.SettingsPreparer@4ba01a61' on device: '27161FDH20031X' in 66 ms
02-21 23:16:13 D/InvocationExecution: starting preparer 'com.android.compatibility.common.tradefed.targetprep.ApkPreconditionCheck@dbb6481' on device: '27161FDH20031X'
02-21 23:16:13 I/NativeDeviceStateMonitor: Device 27161FDH20031X is already ONLINE
02-21 23:16:13 I/NativeDeviceStateMonitor: Waiting 359999 ms for device 27161FDH20031X boot complete
02-21 23:16:13 I/DeviceStateMonitor: Waiting 359953 ms for device 27161FDH20031X package manager
02-21 23:16:14 I/NativeDeviceStateMonitor: Waiting 359862 ms for device 27161FDH20031X external store
02-21 23:16:14 I/ApkInstrumentationPreparer: Instrumenting package: com.android.preconditions.cts
02-21 23:16:14 D/NativeDevice: Using property ro.build.version.sdk=34 from cache.
02-21 23:16:14 D/NativeDevice: Using property ro.build.version.sdk=34 from cache.
02-21 23:16:14 D/RunUtil: Running command [adb, -s, 27161FDH20031X, shell, getprop, ro.build.version.codename] with timeout: 45s
02-21 23:16:14 D/RunUtil: Running command [adb, -s, 27161FDH20031X, shell, getprop] with timeout: 45s
02-21 23:16:14 D/NativeDevice: Using property ro.build.version.sdk=34 from cache.
02-21 23:16:14 D/RunUtil: Running command [adb, -s, 27161FDH20031X, shell, pm, list, features] with timeout: 2m 0s
02-21 23:16:14 D/NativeDevice: Using property ro.build.version.sdk=34 from cache.
02-21 23:16:14 D/NativeDevice: Using property ro.build.version.codename=REL from cache.
02-21 23:16:14 D/RunUtil: Running command [aapt2, dump, badging, /tmp/services12605231881930318485.apk] with timeout: 1m 0s
02-21 23:16:14 D/RunUtil: Running command [aapt2, dump, xmltree, /tmp/services12605231881930318485.apk, --file, AndroidManifest.xml] with timeout: 1m 0s
02-21 23:16:14 D/TestAppInstallSetup: Installing apk androidx.test.services with [/tmp/services12605231881930318485.apk] ...
02-21 23:16:14 D/NativeDevice: Using property ro.build.version.sdk=34 from cache.
02-21 23:16:14 D/RunUtil: Running command [aapt, dump, badging, /tmp/services12605231881930318485.apk] with timeout: 1m 0s
02-21 23:16:14 D/RunUtil: Running command [aapt, dump, xmltree, /tmp/services12605231881930318485.apk, AndroidManifest.xml] with timeout: 1m 0s
02-21 23:16:14 D/NativeDevice: Using property ro.build.version.sdk=34 from cache.
02-21 23:16:15 D/RunUtil: Running command [adb, -s, 27161FDH20031X, shell, appops, set, --user, 0, --uid, androidx.test.services, MANAGE_EXTERNAL_STORAGE, 0] with timeout: 2m 0s
02-21 23:16:15 D/RunUtil: Running command [adb, -s, 27161FDH20031X, shell, appops, write-settings] with timeout: 2m 0s
02-21 23:16:15 D/RunUtil: Running command [adb, -s, 27161FDH20031X, shell, dumpsys, deviceidle, whitelist, +androidx.test.services] with timeout: 2m 0s
02-21 23:16:15 D/AndroidJUnitTest: stdout: Added: androidx.test.services

stderr: 
02-21 23:16:15 D/NativeDevice: Using property ro.build.version.sdk=34 from cache.
02-21 23:16:15 D/NativeDevice: Using property ro.build.version.codename=REL from cache.
02-21 23:16:15 D/NativeDevice: Using property ro.build.version.sdk=34 from cache.
02-21 23:16:16 D/RunUtil: Running command [aapt, dump, badging, /home/simon/android-cts/tools/../../android-cts/testcases/CtsPreconditions/arm64/CtsPreconditions.apk] with timeout: 1m 0s
02-21 23:16:16 D/RunUtil: Running command [aapt, dump, xmltree, /home/simon/android-cts/tools/../../android-cts/testcases/CtsPreconditions/arm64/CtsPreconditions.apk, AndroidManifest.xml] with timeout: 1m 0s
02-21 23:16:16 D/RunUtil: Running command [adb, -s, 27161FDH20031X, shell, appops, write-settings] with timeout: 2m 0s
02-21 23:16:16 D/ListInstrumentationParser: instrumentation:com.android.preconditions.cts/androidx.test.runner.AndroidJUnitRunner (target=com.android.preconditions.cts)
02-21 23:16:16 D/ListInstrumentationParser: 
02-21 23:16:16 I/InstrumentationTest: No runner name specified. Using: androidx.test.runner.AndroidJUnitRunner.
02-21 23:16:16 D/NativeDevice: Using property ro.build.version.sdk=34 from cache.
02-21 23:16:16 D/NativeDevice: Using property ro.build.version.sdk=34 from cache.
02-21 23:16:16 D/InstrumentationTest: Initializing com.android.tradefed.device.metric.CountTestCasesCollector for instrumentation.
02-21 23:16:16 I/RemoteAndroidTestRunner: Running am instrument -w -r --no-isolated-storage  -e useTestStorageService true -e newRunListenerMode true -e timeout_msec 300000 com.android.preconditions.cts/androidx.test.runner.AndroidJUnitRunner on google-aosp_on_panther-27161FDH20031X
02-21 23:16:16 D/TestDevice: Uninstalling com.android.preconditions.cts with extra args 
02-21 23:16:16 D/TestDevice: Uninstalling androidx.test.services with extra args 
02-21 23:16:17 D/ApkInstrumentationPreparer: Target preparation successful
02-21 23:16:17 D/InvocationExecution: done with preparer 'com.android.compatibility.common.tradefed.targetprep.ApkPreconditionCheck@dbb6481' on device: '27161FDH20031X' in 3s
02-21 23:16:17 D/InvocationExecution: starting preparer 'com.android.compatibility.common.tradefed.targetprep.WifiCheck@6d3bab25' on device: '27161FDH20031X'
02-21 23:16:17 I/NativeDeviceStateMonitor: Device 27161FDH20031X is already ONLINE
02-21 23:16:17 I/NativeDeviceStateMonitor: Waiting 360000 ms for device 27161FDH20031X boot complete
02-21 23:16:17 I/DeviceStateMonitor: Waiting 359960 ms for device 27161FDH20031X package manager
02-21 23:16:17 I/NativeDeviceStateMonitor: Waiting 359924 ms for device 27161FDH20031X external store
02-21 23:16:17 D/NativeDevice: Using property ro.build.version.sdk=34 from cache.
02-21 23:16:17 D/NativeDevice: Using property ro.build.version.codename=REL from cache.
02-21 23:16:17 D/NativeDevice: Using property ro.build.version.sdk=34 from cache.
02-21 23:16:17 D/RunUtil: Running command [aapt, dump, badging, /tmp/WifiUtil.apk12700291781601195026.apk] with timeout: 1m 0s
02-21 23:16:17 D/RunUtil: Running command [aapt, dump, xmltree, /tmp/WifiUtil.apk12700291781601195026.apk, AndroidManifest.xml] with timeout: 1m 0s
02-21 23:16:17 D/RunUtil: Running command [adb, -s, 27161FDH20031X, shell, appops, write-settings] with timeout: 2m 0s
02-21 23:16:18 I/WifiCheck: Wifi is connected
02-21 23:16:18 D/InvocationExecution: done with preparer 'com.android.compatibility.common.tradefed.targetprep.WifiCheck@6d3bab25' on device: '27161FDH20031X' in 1s
02-21 23:16:18 D/InvocationExecution: starting preparer 'com.android.tradefed.targetprep.RunCommandTargetPreparer@7d3b8a49' on device: '27161FDH20031X'
02-21 23:16:18 D/RunUtil: Running command [adb, -s, 27161FDH20031X, shell, rm, -rf, /sdcard/device-info-files] with timeout: 2m 0s
02-21 23:16:18 D/RunUtil: Running command [adb, -s, 27161FDH20031X, shell, rm, -rf, /sdcard/report-log-files] with timeout: 2m 0s
02-21 23:16:18 D/RunUtil: Running command [adb, -s, 27161FDH20031X, shell, locksettings, set-disabled, true] with timeout: 2m 0s
02-21 23:16:18 D/InvocationExecution: done with preparer 'com.android.tradefed.targetprep.RunCommandTargetPreparer@7d3b8a49' on device: '27161FDH20031X' in 198 ms
02-21 23:16:18 D/InvocationExecution: starting preparer 'com.android.compatibility.common.tradefed.targetprep.DeviceInfoCollector@23e820d8' on device: '27161FDH20031X'
02-21 23:16:18 D/RunUtil: Running command [adb, -s, 27161FDH20031X, shell, getprop, ro.product.model] with timeout: 45s
02-21 23:16:18 D/RunUtil: Running command [adb, -s, 27161FDH20031X, shell, getprop, ro.product.device] with timeout: 45s
02-21 23:16:18 D/NativeDevice: Using property ro.build.id=AP2A.240905.003 from cache.
02-21 23:16:18 D/RunUtil: Running command [adb, -s, 27161FDH20031X, shell, getprop, ro.bootimage.build.fingerprint] with timeout: 45s
02-21 23:16:18 D/NativeDevice: Using property ro.build.version.sdk=34 from cache.
02-21 23:16:18 D/RunUtil: Running command [adb, -s, 27161FDH20031X, shell, getprop, ro.product.manufacturer] with timeout: 45s
02-21 23:16:18 D/RunUtil: Running command [adb, -s, 27161FDH20031X, shell, getprop, ro.serialno] with timeout: 45s
02-21 23:16:18 D/RunUtil: Running command [adb, -s, 27161FDH20031X, shell, getprop, ro.build.version.security_patch] with timeout: 45s
02-21 23:16:19 D/RunUtil: Running command [adb, -s, 27161FDH20031X, shell, getprop, ro.product.cpu.abilist32] with timeout: 45s
02-21 23:16:19 D/RunUtil: Running command [adb, -s, 27161FDH20031X, shell, getprop, ro.build.reference.fingerprint] with timeout: 45s
02-21 23:16:19 D/RunUtil: Running command [adb, -s, 27161FDH20031X, shell, getprop, ro.product.cpu.abi] with timeout: 45s
02-21 23:16:19 D/RunUtil: Running command [adb, -s, 27161FDH20031X, shell, getprop, ro.product.cpu.abilist64] with timeout: 45s
02-21 23:16:19 D/RunUtil: Running command [adb, -s, 27161FDH20031X, shell, getprop, ro.product.name] with timeout: 45s
02-21 23:16:19 D/RunUtil: Running command [adb, -s, 27161FDH20031X, shell, getprop, ro.build.tags] with timeout: 45s
02-21 23:16:19 D/RunUtil: Running command [adb, -s, 27161FDH20031X, shell, getprop, ro.build.version.incremental] with timeout: 45s
02-21 23:16:19 D/RunUtil: Running command [adb, -s, 27161FDH20031X, shell, getprop, ro.product.brand] with timeout: 45s
02-21 23:16:19 D/RunUtil: Running command [adb, -s, 27161FDH20031X, shell, getprop, ro.build.fingerprint] with timeout: 45s
02-21 23:16:19 D/RunUtil: Running command [adb, -s, 27161FDH20031X, shell, getprop, ro.vendor.build.fingerprint] with timeout: 45s
02-21 23:16:19 D/RunUtil: Running command [adb, -s, 27161FDH20031X, shell, getprop, ro.build.version.base_os] with timeout: 45s
02-21 23:16:19 D/RunUtil: Running command [adb, -s, 27161FDH20031X, shell, getprop, ro.product.cpu.abilist] with timeout: 45s
02-21 23:16:19 D/RunUtil: Running command [adb, -s, 27161FDH20031X, shell, getprop, ro.product.board] with timeout: 45s
02-21 23:16:19 D/RunUtil: Running command [adb, -s, 27161FDH20031X, shell, getprop, ro.build.type] with timeout: 45s
02-21 23:16:19 D/RunUtil: Running command [adb, -s, 27161FDH20031X, shell, getprop, ro.build.version.release] with timeout: 45s
02-21 23:16:19 D/RunUtil: Running command [adb, -s, 27161FDH20031X, shell, getprop, ro.product.cpu.abi2] with timeout: 45s
02-21 23:16:19 I/NativeDeviceStateMonitor: Device 27161FDH20031X is already ONLINE
02-21 23:16:19 I/NativeDeviceStateMonitor: Waiting 360000 ms for device 27161FDH20031X boot complete
02-21 23:16:19 I/DeviceStateMonitor: Waiting 359919 ms for device 27161FDH20031X package manager
02-21 23:16:20 I/NativeDeviceStateMonitor: Waiting 359808 ms for device 27161FDH20031X external store
02-21 23:16:20 I/ApkInstrumentationPreparer: Instrumenting package: com.android.compatibility.common.deviceinfo
02-21 23:16:20 D/NativeDevice: Using property ro.build.version.sdk=34 from cache.
02-21 23:16:20 D/NativeDevice: Using property ro.build.version.sdk=34 from cache.
02-21 23:16:20 D/NativeDevice: Using property ro.build.version.codename=REL from cache.
02-21 23:16:20 D/NativeDevice: Using property ro.build.version.sdk=34 from cache.
02-21 23:16:20 D/RunUtil: Running command [adb, -s, 27161FDH20031X, shell, pm, list, features] with timeout: 2m 0s
02-21 23:16:20 D/NativeDevice: Using property ro.build.version.sdk=34 from cache.
02-21 23:16:20 D/NativeDevice: Using property ro.build.version.codename=REL from cache.
02-21 23:16:20 D/RunUtil: Running command [aapt2, dump, badging, /tmp/services4630046222261948356.apk] with timeout: 1m 0s
02-21 23:16:20 D/RunUtil: Running command [aapt2, dump, xmltree, /tmp/services4630046222261948356.apk, --file, AndroidManifest.xml] with timeout: 1m 0s
02-21 23:16:20 D/TestAppInstallSetup: Installing apk androidx.test.services with [/tmp/services4630046222261948356.apk] ...
02-21 23:16:20 D/NativeDevice: Using property ro.build.version.sdk=34 from cache.
02-21 23:16:20 D/RunUtil: Running command [aapt, dump, badging, /tmp/services4630046222261948356.apk] with timeout: 1m 0s
02-21 23:16:20 D/RunUtil: Running command [aapt, dump, xmltree, /tmp/services4630046222261948356.apk, AndroidManifest.xml] with timeout: 1m 0s
02-21 23:16:20 D/NativeDevice: Using property ro.build.version.sdk=34 from cache.
02-21 23:16:20 D/RunUtil: Running command [adb, -s, 27161FDH20031X, shell, appops, set, --user, 0, --uid, androidx.test.services, MANAGE_EXTERNAL_STORAGE, 0] with timeout: 2m 0s
02-21 23:16:20 D/RunUtil: Running command [adb, -s, 27161FDH20031X, shell, appops, write-settings] with timeout: 2m 0s
02-21 23:16:21 D/RunUtil: Running command [adb, -s, 27161FDH20031X, shell, dumpsys, deviceidle, whitelist, +androidx.test.services] with timeout: 2m 0s
02-21 23:16:21 D/AndroidJUnitTest: stdout: Added: androidx.test.services

stderr: 
02-21 23:16:21 D/NativeDevice: Using property ro.build.version.sdk=34 from cache.
02-21 23:16:21 D/NativeDevice: Using property ro.build.version.codename=REL from cache.
02-21 23:16:21 D/NativeDevice: Using property ro.build.version.sdk=34 from cache.
02-21 23:16:21 D/RunUtil: Running command [aapt, dump, badging, /home/simon/android-cts/tools/../../android-cts/testcases/CtsDeviceInfo/arm64/CtsDeviceInfo.apk] with timeout: 1m 0s
02-21 23:16:21 D/RunUtil: Running command [aapt, dump, xmltree, /home/simon/android-cts/tools/../../android-cts/testcases/CtsDeviceInfo/arm64/CtsDeviceInfo.apk, AndroidManifest.xml] with timeout: 1m 0s
02-21 23:16:21 D/RunUtil: Running command [adb, -s, 27161FDH20031X, shell, appops, write-settings] with timeout: 2m 0s
02-21 23:16:22 D/ListInstrumentationParser: instrumentation:com.android.compatibility.common.deviceinfo/androidx.test.runner.AndroidJUnitRunner (target=com.android.compatibility.common.deviceinfo)
02-21 23:16:22 D/ListInstrumentationParser: instrumentation:com.android.tradefed.utils.wifi/.WifiUtil (target=com.android.tradefed.utils.wifi)
02-21 23:16:22 D/ListInstrumentationParser: 
02-21 23:16:22 I/InstrumentationTest: No runner name specified. Using: androidx.test.runner.AndroidJUnitRunner.
02-21 23:16:22 D/NativeDevice: Using property ro.build.version.sdk=34 from cache.
02-21 23:16:22 D/NativeDevice: Using property ro.build.version.sdk=34 from cache.
02-21 23:16:22 D/InstrumentationTest: Initializing com.android.tradefed.device.metric.CountTestCasesCollector for instrumentation.
02-21 23:16:22 I/RemoteAndroidTestRunner: Running am instrument -w -r --no-isolated-storage  -e useTestStorageService true -e newRunListenerMode true -e timeout_msec 300000 com.android.compatibility.common.deviceinfo/androidx.test.runner.AndroidJUnitRunner on google-aosp_on_panther-27161FDH20031X
02-21 23:16:35 D/TestDevice: Uninstalling com.android.compatibility.common.deviceinfo with extra args 
02-21 23:16:35 D/TestDevice: Uninstalling androidx.test.services with extra args 
02-21 23:16:35 W/ApkInstrumentationPreparer: Target preparation step com.android.compatibility.common.deviceinfo.KeystoreAttestationDeviceInfo#testCollectDeviceInfo failed.
junit.framework.AssertionFailedError: KeystoreAttestationDeviceInfo collection completed. expected:<COMPLETED> but was:<FAILED>
	at junit.framework.Assert.fail(Assert.java:50)
	at junit.framework.Assert.failNotEquals(Assert.java:287)
	at junit.framework.Assert.assertEquals(Assert.java:67)
	at com.android.compatibility.common.deviceinfo.DeviceInfo.testCollectDeviceInfo(DeviceInfo.java:112)
	at java.lang.reflect.Method.invoke(Native Method)
	at android.test.InstrumentationTestCase.runMethod(InstrumentationTestCase.java:220)
	at android.test.InstrumentationTestCase.runTest(InstrumentationTestCase.java:205)

02-21 23:16:35 D/NativeDevice: Using property ro.build.version.sdk=34 from cache.
02-21 23:16:35 D/NativeDevice: Using 'ls' to check doesFileExist(/storage/emulated/0/device-info-files/)
02-21 23:16:35 D/RunUtil: Running command [adb, -s, 27161FDH20031X, shell, ls, '/storage/emulated/0/device-info-files/'] with timeout: 2m 0s
02-21 23:16:36 D/FileUtil: Creating temp file at /tmp/13033356/cts/inv_726567457929803474/inv_10865161023681524810 with prefix "ConfigurationDeviceInfo.deviceinfo.json_" suffix ".txt.gz"
02-21 23:16:36 I/LogFileSaver: Saved gzip log file /tmp/13033356/cts/inv_726567457929803474/inv_10865161023681524810/ConfigurationDeviceInfo.deviceinfo.json_4913682692598162937.txt.gz. [size=10, elapsed=0ms]
02-21 23:16:36 D/FileUtil: Creating temp file at /tmp/13033356/cts/inv_726567457929803474/inv_10865161023681524810 with prefix "StorageDeviceInfo.deviceinfo.json_" suffix ".txt.gz"
02-21 23:16:36 I/LogFileSaver: Saved gzip log file /tmp/13033356/cts/inv_726567457929803474/inv_10865161023681524810/StorageDeviceInfo.deviceinfo.json_1162640933094161281.txt.gz. [size=10, elapsed=0ms]
02-21 23:16:36 D/FileUtil: Creating temp file at /home/simon/android-cts/tools/../../android-cts/logs/2026.02.21_23.16.12/inv_9171898061450307823 with prefix "framework_manifest.xml_" suffix ".txt.gz"
02-21 23:16:36 I/LogFileSaver: Saved gzip log file /home/simon/android-cts/tools/../../android-cts/logs/2026.02.21_23.16.12/inv_9171898061450307823/framework_manifest.xml_7629750617547331740.txt.gz. [size=10, elapsed=0ms]
02-21 23:16:36 D/CertificationSuiteResultReporter: Saved logs for framework_manifest.xml in /home/simon/android-cts/tools/../../android-cts/logs/2026.02.21_23.16.12/inv_9171898061450307823/framework_manifest.xml_7629750617547331740.txt.gz
02-21 23:16:36 D/FileUtil: Creating temp file at /tmp/13033356/cts/inv_726567457929803474/inv_10865161023681524810 with prefix "framework_manifest.xml_" suffix ".txt.gz"
02-21 23:16:36 I/LogFileSaver: Saved gzip log file /tmp/13033356/cts/inv_726567457929803474/inv_10865161023681524810/framework_manifest.xml_2217331754918801620.txt.gz. [size=10, elapsed=0ms]
02-21 23:16:36 D/FileUtil: Creating temp file at /home/simon/android-cts/tools/../../android-cts/logs/2026.02.21_23.16.12/inv_9171898061450307823 with prefix "device_compatibility_matrix.xml_" suffix ".txt.gz"
02-21 23:16:36 I/LogFileSaver: Saved gzip log file /home/simon/android-cts/tools/../../android-cts/logs/2026.02.21_23.16.12/inv_9171898061450307823/device_compatibility_matrix.xml_14003301450783354715.txt.gz. [size=10, elapsed=0ms]
02-21 23:16:36 D/CertificationSuiteResultReporter: Saved logs for device_compatibility_matrix.xml in /home/simon/android-cts/tools/../../android-cts/logs/2026.02.21_23.16.12/inv_9171898061450307823/device_compatibility_matrix.xml_14003301450783354715.txt.gz
02-21 23:16:36 D/FileUtil: Creating temp file at /tmp/13033356/cts/inv_726567457929803474/inv_10865161023681524810 with prefix "device_compatibility_matrix.xml_" suffix ".txt.gz"
02-21 23:16:36 I/LogFileSaver: Saved gzip log file /tmp/13033356/cts/inv_726567457929803474/inv_10865161023681524810/device_compatibility_matrix.xml_15544110113876923934.txt.gz. [size=10, elapsed=0ms]
02-21 23:16:36 D/FileUtil: Creating temp file at /tmp/13033356/cts/inv_726567457929803474/inv_10865161023681524810 with prefix "UserDeviceInfo.deviceinfo.json_" suffix ".txt.gz"
02-21 23:16:36 I/LogFileSaver: Saved gzip log file /tmp/13033356/cts/inv_726567457929803474/inv_10865161023681524810/UserDeviceInfo.deviceinfo.json_18193032391414588900.txt.gz. [size=10, elapsed=0ms]
02-21 23:16:36 D/FileUtil: Creating temp file at /tmp/13033356/cts/inv_726567457929803474/inv_10865161023681524810 with prefix "MediaDeviceInfo.deviceinfo.json_" suffix ".txt.gz"
02-21 23:16:36 I/LogFileSaver: Saved gzip log file /tmp/13033356/cts/inv_726567457929803474/inv_10865161023681524810/MediaDeviceInfo.deviceinfo.json_3643480268830967129.txt.gz. [size=10, elapsed=0ms]
02-21 23:16:36 D/FileUtil: Creating temp file at /home/simon/android-cts/tools/../../android-cts/logs/2026.02.21_23.16.12/inv_9171898061450307823 with prefix "device_manifest.xml_" suffix ".txt.gz"
02-21 23:16:36 I/LogFileSaver: Saved gzip log file /home/simon/android-cts/tools/../../android-cts/logs/2026.02.21_23.16.12/inv_9171898061450307823/device_manifest.xml_18133107031780192160.txt.gz. [size=10, elapsed=0ms]
02-21 23:16:36 D/CertificationSuiteResultReporter: Saved logs for device_manifest.xml in /home/simon/android-cts/tools/../../android-cts/logs/2026.02.21_23.16.12/inv_9171898061450307823/device_manifest.xml_18133107031780192160.txt.gz
02-21 23:16:36 D/FileUtil: Creating temp file at /tmp/13033356/cts/inv_726567457929803474/inv_10865161023681524810 with prefix "device_manifest.xml_" suffix ".txt.gz"
02-21 23:16:36 I/LogFileSaver: Saved gzip log file /tmp/13033356/cts/inv_726567457929803474/inv_10865161023681524810/device_manifest.xml_2211047512286051692.txt.gz. [size=10, elapsed=0ms]
02-21 23:16:36 D/FileUtil: Creating temp file at /tmp/13033356/cts/inv_726567457929803474/inv_10865161023681524810 with prefix "KeystoreAttestationDeviceInfo.deviceinfo.json_" suffix ".txt.gz"
02-21 23:16:36 I/LogFileSaver: Saved gzip log file /tmp/13033356/cts/inv_726567457929803474/inv_10865161023681524810/KeystoreAttestationDeviceInfo.deviceinfo.json_4895050551964809239.txt.gz. [size=10, elapsed=0ms]
02-21 23:16:36 D/FileUtil: Creating temp file at /tmp/13033356/cts/inv_726567457929803474/inv_10865161023681524810 with prefix "MediaDrmDeviceInfo.deviceinfo.json_" suffix ".txt.gz"
02-21 23:16:36 I/LogFileSaver: Saved gzip log file /tmp/13033356/cts/inv_726567457929803474/inv_10865161023681524810/MediaDrmDeviceInfo.deviceinfo.json_331549873950070986.txt.gz. [size=10, elapsed=0ms]
02-21 23:16:36 D/FileUtil: Creating temp file at /tmp/13033356/cts/inv_726567457929803474/inv_10865161023681524810 with prefix "CpuDeviceInfo.deviceinfo.json_" suffix ".txt.gz"
02-21 23:16:36 I/LogFileSaver: Saved gzip log file /tmp/13033356/cts/inv_726567457929803474/inv_10865161023681524810/CpuDeviceInfo.deviceinfo.json_17618863506611835131.txt.gz. [size=10, elapsed=0ms]
02-21 23:16:36 D/FileUtil: Creating temp file at /tmp/13033356/cts/inv_726567457929803474/inv_10865161023681524810 with prefix "ClientIdDeviceInfo.deviceinfo.json_" suffix ".txt.gz"
02-21 23:16:36 I/LogFileSaver: Saved gzip log file /tmp/13033356/cts/inv_726567457929803474/inv_10865161023681524810/ClientIdDeviceInfo.deviceinfo.json_2802889901926260627.txt.gz. [size=10, elapsed=0ms]
02-21 23:16:36 D/FileUtil: Creating temp file at /tmp/13033356/cts/inv_726567457929803474/inv_10865161023681524810 with prefix "VulkanDeviceInfo.deviceinfo.json_" suffix ".txt.gz"
02-21 23:16:36 I/LogFileSaver: Saved gzip log file /tmp/13033356/cts/inv_726567457929803474/inv_10865161023681524810/VulkanDeviceInfo.deviceinfo.json_442063569629933957.txt.gz. [size=10, elapsed=0ms]
02-21 23:16:36 D/FileUtil: Creating temp file at /tmp/13033356/cts/inv_726567457929803474/inv_10865161023681524810 with prefix "ScreenDeviceInfo.deviceinfo.json_" suffix ".txt.gz"
02-21 23:16:36 I/LogFileSaver: Saved gzip log file /tmp/13033356/cts/inv_726567457929803474/inv_10865161023681524810/ScreenDeviceInfo.deviceinfo.json_14964648167780837533.txt.gz. [size=10, elapsed=0ms]
02-21 23:16:36 D/FileUtil: Creating temp file at /tmp/13033356/cts/inv_726567457929803474/inv_10865161023681524810 with prefix "DefaultAppDeviceInfo.deviceinfo.json_" suffix ".txt.gz"
02-21 23:16:36 I/LogFileSaver: Saved gzip log file /tmp/13033356/cts/inv_726567457929803474/inv_10865161023681524810/DefaultAppDeviceInfo.deviceinfo.json_11198630579218826699.txt.gz. [size=10, elapsed=0ms]
02-21 23:16:36 D/FileUtil: Creating temp file at /tmp/13033356/cts/inv_726567457929803474/inv_10865161023681524810 with prefix "HapticsDeviceInfo.deviceinfo.json_" suffix ".txt.gz"
02-21 23:16:36 I/LogFileSaver: Saved gzip log file /tmp/13033356/cts/inv_726567457929803474/inv_10865161023681524810/HapticsDeviceInfo.deviceinfo.json_7609402073800752770.txt.gz. [size=10, elapsed=0ms]
02-21 23:16:36 D/FileUtil: Creating temp file at /tmp/13033356/cts/inv_726567457929803474/inv_10865161023681524810 with prefix "GenericDeviceInfo.deviceinfo.json_" suffix ".txt.gz"
02-21 23:16:36 I/LogFileSaver: Saved gzip log file /tmp/13033356/cts/inv_726567457929803474/inv_10865161023681524810/GenericDeviceInfo.deviceinfo.json_5488362707231048600.txt.gz. [size=10, elapsed=0ms]
02-21 23:16:36 D/FileUtil: Creating temp file at /tmp/13033356/cts/inv_726567457929803474/inv_10865161023681524810 with prefix "PackageDeviceInfo.deviceinfo.json_" suffix ".txt.gz"
02-21 23:16:36 I/LogFileSaver: Saved gzip log file /tmp/13033356/cts/inv_726567457929803474/inv_10865161023681524810/PackageDeviceInfo.deviceinfo.json_8120345719198630317.txt.gz. [size=23662, elapsed=2ms]
02-21 23:16:36 D/FileUtil: Creating temp file at /tmp/13033356/cts/inv_726567457929803474/inv_10865161023681524810 with prefix "VintfDeviceInfo.deviceinfo.json_" suffix ".txt.gz"
02-21 23:16:36 I/LogFileSaver: Saved gzip log file /tmp/13033356/cts/inv_726567457929803474/inv_10865161023681524810/VintfDeviceInfo.deviceinfo.json_6064117584478247176.txt.gz. [size=10, elapsed=0ms]
02-21 23:16:36 D/FileUtil: Creating temp file at /tmp/13033356/cts/inv_726567457929803474/inv_10865161023681524810 with prefix "DeviceIdleDeviceInfo.deviceinfo.json_" suffix ".txt.gz"
02-21 23:16:36 I/LogFileSaver: Saved gzip log file /tmp/13033356/cts/inv_726567457929803474/inv_10865161023681524810/DeviceIdleDeviceInfo.deviceinfo.json_14523233833871886150.txt.gz. [size=10, elapsed=0ms]
02-21 23:16:36 D/FileUtil: Creating temp file at /tmp/13033356/cts/inv_726567457929803474/inv_10865161023681524810 with prefix "SensorDeviceInfo.deviceinfo.json_" suffix ".txt.gz"
02-21 23:16:36 I/LogFileSaver: Saved gzip log file /tmp/13033356/cts/inv_726567457929803474/inv_10865161023681524810/SensorDeviceInfo.deviceinfo.json_14255645286686473291.txt.gz. [size=10, elapsed=0ms]
02-21 23:16:36 D/FileUtil: Creating temp file at /tmp/13033356/cts/inv_726567457929803474/inv_10865161023681524810 with prefix "MemoryDeviceInfo.deviceinfo.json_" suffix ".txt.gz"
02-21 23:16:36 I/LogFileSaver: Saved gzip log file /tmp/13033356/cts/inv_726567457929803474/inv_10865161023681524810/MemoryDeviceInfo.deviceinfo.json_2589060973347658852.txt.gz. [size=10, elapsed=1ms]
02-21 23:16:36 D/FileUtil: Creating temp file at /tmp/13033356/cts/inv_726567457929803474/inv_10865161023681524810 with prefix "ConnectivityDeviceInfo.deviceinfo.json_" suffix ".txt.gz"
02-21 23:16:36 I/LogFileSaver: Saved gzip log file /tmp/13033356/cts/inv_726567457929803474/inv_10865161023681524810/ConnectivityDeviceInfo.deviceinfo.json_17870224464244427877.txt.gz. [size=10, elapsed=0ms]
02-21 23:16:36 D/FileUtil: Creating temp file at /tmp/13033356/cts/inv_726567457929803474/inv_10865161023681524810 with prefix "BiometricsDeviceInfo.deviceinfo.json_" suffix ".txt.gz"
02-21 23:16:36 I/LogFileSaver: Saved gzip log file /tmp/13033356/cts/inv_726567457929803474/inv_10865161023681524810/BiometricsDeviceInfo.deviceinfo.json_10266766011939617111.txt.gz. [size=10, elapsed=0ms]
02-21 23:16:36 D/FileUtil: Creating temp file at /tmp/13033356/cts/inv_726567457929803474/inv_10865161023681524810 with prefix "LocaleDeviceInfo.deviceinfo.json_" suffix ".txt.gz"
02-21 23:16:36 I/LogFileSaver: Saved gzip log file /tmp/13033356/cts/inv_726567457929803474/inv_10865161023681524810/LocaleDeviceInfo.deviceinfo.json_3678244698811853926.txt.gz. [size=10, elapsed=0ms]
02-21 23:16:36 D/FileUtil: Creating temp file at /tmp/13033356/cts/inv_726567457929803474/inv_10865161023681524810 with prefix "GraphicsDeviceInfo.deviceinfo.json_" suffix ".txt.gz"
02-21 23:16:36 I/LogFileSaver: Saved gzip log file /tmp/13033356/cts/inv_726567457929803474/inv_10865161023681524810/GraphicsDeviceInfo.deviceinfo.json_6754637297917699135.txt.gz. [size=10, elapsed=0ms]
02-21 23:16:36 D/FileUtil: Creating temp file at /tmp/13033356/cts/inv_726567457929803474/inv_10865161023681524810 with prefix "AppStandbyDeviceInfo.deviceinfo.json_" suffix ".txt.gz"
02-21 23:16:36 I/LogFileSaver: Saved gzip log file /tmp/13033356/cts/inv_726567457929803474/inv_10865161023681524810/AppStandbyDeviceInfo.deviceinfo.json_16936981636663726003.txt.gz. [size=10, elapsed=0ms]
02-21 23:16:36 D/FileUtil: Creating temp file at /home/simon/android-cts/tools/../../android-cts/logs/2026.02.21_23.16.12/inv_9171898061450307823 with prefix "framework_compatibility_matrix.xml_" suffix ".txt.gz"
02-21 23:16:36 I/LogFileSaver: Saved gzip log file /home/simon/android-cts/tools/../../android-cts/logs/2026.02.21_23.16.12/inv_9171898061450307823/framework_compatibility_matrix.xml_9267513052188431279.txt.gz. [size=10, elapsed=1ms]
02-21 23:16:36 D/CertificationSuiteResultReporter: Saved logs for framework_compatibility_matrix.xml in /home/simon/android-cts/tools/../../android-cts/logs/2026.02.21_23.16.12/inv_9171898061450307823/framework_compatibility_matrix.xml_9267513052188431279.txt.gz
02-21 23:16:36 D/FileUtil: Creating temp file at /tmp/13033356/cts/inv_726567457929803474/inv_10865161023681524810 with prefix "framework_compatibility_matrix.xml_" suffix ".txt.gz"
02-21 23:16:36 I/LogFileSaver: Saved gzip log file /tmp/13033356/cts/inv_726567457929803474/inv_10865161023681524810/framework_compatibility_matrix.xml_12658412384697522544.txt.gz. [size=10, elapsed=1ms]
02-21 23:16:36 D/FileUtil: Creating temp file at /tmp/13033356/cts/inv_726567457929803474/inv_10865161023681524810 with prefix "FeatureDeviceInfo.deviceinfo.json_" suffix ".txt.gz"
02-21 23:16:36 I/LogFileSaver: Saved gzip log file /tmp/13033356/cts/inv_726567457929803474/inv_10865161023681524810/FeatureDeviceInfo.deviceinfo.json_10279659503731976816.txt.gz. [size=10, elapsed=0ms]
02-21 23:16:36 D/FileUtil: Creating temp file at /tmp/13033356/cts/inv_726567457929803474/inv_10865161023681524810 with prefix "InputDeviceInfo.deviceinfo.json_" suffix ".txt.gz"
02-21 23:16:36 I/LogFileSaver: Saved gzip log file /tmp/13033356/cts/inv_726567457929803474/inv_10865161023681524810/InputDeviceInfo.deviceinfo.json_13599190368922945476.txt.gz. [size=10, elapsed=0ms]
02-21 23:16:36 D/FileUtil: Creating temp file at /tmp/13033356/cts/inv_726567457929803474/inv_10865161023681524810 with prefix "MediaOutputDeviceInfo.deviceinfo.json_" suffix ".txt.gz"
02-21 23:16:36 I/LogFileSaver: Saved gzip log file /tmp/13033356/cts/inv_726567457929803474/inv_10865161023681524810/MediaOutputDeviceInfo.deviceinfo.json_436859811472438801.txt.gz. [size=10, elapsed=0ms]
02-21 23:16:36 D/FileUtil: Creating temp file at /tmp/13033356/cts/inv_726567457929803474/inv_10865161023681524810 with prefix "GnssDeviceInfo.deviceinfo.json_" suffix ".txt.gz"
02-21 23:16:36 I/LogFileSaver: Saved gzip log file /tmp/13033356/cts/inv_726567457929803474/inv_10865161023681524810/GnssDeviceInfo.deviceinfo.json_13526409052090557605.txt.gz. [size=10, elapsed=0ms]
02-21 23:16:36 D/FileUtil: Creating temp file at /tmp/13033356/cts/inv_726567457929803474/inv_10865161023681524810 with prefix "CameraDeviceInfo.deviceinfo.json_" suffix ".txt.gz"
02-21 23:16:36 I/LogFileSaver: Saved gzip log file /tmp/13033356/cts/inv_726567457929803474/inv_10865161023681524810/CameraDeviceInfo.deviceinfo.json_120949940544620302.txt.gz. [size=10, elapsed=1ms]
02-21 23:16:36 D/InvocationExecution: done with preparer 'com.android.compatibility.common.tradefed.targetprep.DeviceInfoCollector@23e820d8' on device: '27161FDH20031X' in 17s
02-21 23:16:36 D/InvocationExecution: starting preparer 'com.android.compatibility.common.tradefed.targetprep.ReportLogCollector@660ce114' on device: '27161FDH20031X'
02-21 23:16:36 D/InvocationExecution: done with preparer 'com.android.compatibility.common.tradefed.targetprep.ReportLogCollector@660ce114' on device: '27161FDH20031X' in 0 ms
02-21 23:16:36 D/InvocationExecution: starting preparer 'com.android.tradefed.targetprep.RunCommandTargetPreparer@5c72ba84' on device: '27161FDH20031X'
02-21 23:16:36 D/RunUtil: Running command [adb, -s, 27161FDH20031X, shell, settings, put, global, package_verifier_enable, 0] with timeout: 2m 0s
02-21 23:16:36 D/InvocationExecution: done with preparer 'com.android.tradefed.targetprep.RunCommandTargetPreparer@5c72ba84' on device: '27161FDH20031X' in 76 ms
02-21 23:16:36 D/InvocationExecution: starting preparer 'com.android.tradefed.targetprep.RunCommandTargetPreparer@2bd961d1' on device: '27161FDH20031X'
02-21 23:16:36 D/RunUtil: Running command [adb, -s, 27161FDH20031X, shell, settings, put, global, verifier_engprod, 1] with timeout: 2m 0s
02-21 23:16:36 D/InvocationExecution: done with preparer 'com.android.tradefed.targetprep.RunCommandTargetPreparer@2bd961d1' on device: '27161FDH20031X' in 69 ms
02-21 23:16:36 D/InvocationExecution: starting preparer 'com.android.compatibility.common.tradefed.targetprep.PropertyCheck@fadd53' on device: '27161FDH20031X'
02-21 23:16:36 D/NativeDevice: Using property ro.build.type=userdebug from cache.
02-21 23:16:36 W/PropertyCheck: Expected "user" but found "userdebug" for property: ro.build.type
02-21 23:16:36 D/InvocationExecution: done with preparer 'com.android.compatibility.common.tradefed.targetprep.PropertyCheck@fadd53' on device: '27161FDH20031X' in 1 ms
02-21 23:16:36 D/InvocationExecution: starting preparer 'com.android.compatibility.common.tradefed.targetprep.PropertyCheck@1479040b' on device: '27161FDH20031X'
02-21 23:16:36 D/RunUtil: Running command [adb, -s, 27161FDH20031X, shell, getprop, ro.product.locale] with timeout: 45s
02-21 23:16:36 D/InvocationExecution: done with preparer 'com.android.compatibility.common.tradefed.targetprep.PropertyCheck@1479040b' on device: '27161FDH20031X' in 41 ms
02-21 23:16:36 D/InvocationExecution: starting preparer 'com.android.compatibility.common.tradefed.targetprep.PropertyCheck@2bd6105a' on device: '27161FDH20031X'
02-21 23:16:36 D/RunUtil: Running command [adb, -s, 27161FDH20031X, shell, getprop, persist.sys.test_harness] with timeout: 45s
02-21 23:16:36 W/PropertyCheck: Property "persist.sys.test_harness" not found on device, cannot verify value "false" 
02-21 23:16:36 D/InvocationExecution: done with preparer 'com.android.compatibility.common.tradefed.targetprep.PropertyCheck@2bd6105a' on device: '27161FDH20031X' in 48 ms
02-21 23:16:36 D/InvocationExecution: Done with setup of device: '27161FDH20031X'
02-21 23:16:36 D/RunUtil: Running command [adb, -s, 27161FDH20031X, shell, uname, -a] with timeout: 2m 0s
02-21 23:16:36 I/InvocationExecution: Device 27161FDH20031X kernel information: 'Linux localhost 5.10.198-android13-4-00050-g12f3388846c3-ab11920634 #1 SMP PREEMPT Mon Jun 3 20:51:42 UTC 2024 aarch64 Toybox'
02-21 23:16:36 D/RunUtil: Running command [adb, -s, 27161FDH20031X, shell, getprop, ro.system.build.fingerprint] with timeout: 45s
02-21 23:16:36 I/InvocationExecution: Device 27161FDH20031X system image build information: 'Android/aosp_panther/panther:14/AP2A.240905.003/eng.simon.20260221.231121:userdebug/test-keys'
02-21 23:16:36 D/NativeDevice: Using property ro.vendor.build.fingerprint=Android/aosp_panther/panther:14/AP2A.240905.003/12231197:userdebug/test-keys from cache.
02-21 23:16:36 I/InvocationExecution: Device 27161FDH20031X vendor image build information: 'Android/aosp_panther/panther:14/AP2A.240905.003/12231197:userdebug/test-keys'
02-21 23:16:36 D/InvocationExecution: Total setup duration: 24s'
02-21 23:16:36 D/LogFileSaver: Log data for device_logcat_setup_27161FDH20031X is already compressed, skipping compression
02-21 23:16:36 D/FileUtil: Creating temp file at /home/simon/android-cts/tools/../../android-cts/logs/2026.02.21_23.16.12/inv_9171898061450307823 with prefix "device_logcat_setup_27161FDH20031X_" suffix ".txt"
02-21 23:16:36 I/LogFileSaver: Saved log file /home/simon/android-cts/tools/../../android-cts/logs/2026.02.21_23.16.12/inv_9171898061450307823/device_logcat_setup_27161FDH20031X_13009753269217953720.txt. [size=4890010, elapsed=2ms]
02-21 23:16:36 D/CertificationSuiteResultReporter: Saved logs for device_logcat_setup_27161FDH20031X in /home/simon/android-cts/tools/../../android-cts/logs/2026.02.21_23.16.12/inv_9171898061450307823/device_logcat_setup_27161FDH20031X_13009753269217953720.txt
02-21 23:16:36 D/LogFileSaver: Log data for device_logcat_setup_27161FDH20031X is already compressed, skipping compression
02-21 23:16:36 D/FileUtil: Creating temp file at /tmp/13033356/cts/inv_726567457929803474/inv_10865161023681524810 with prefix "device_logcat_setup_27161FDH20031X_" suffix ".txt"
02-21 23:16:36 I/LogFileSaver: Saved log file /tmp/13033356/cts/inv_726567457929803474/inv_10865161023681524810/device_logcat_setup_27161FDH20031X_5116289592273746533.txt. [size=4890010, elapsed=2ms]
02-21 23:16:36 D/TestDevice: No snapuserd notification in progress for BLOCK_BEFORE_TEST
02-21 23:16:36 D/PrettyPrintDelimiter: 
===============================
===== TEST PHASE STARTING =====
===============================
02-21 23:16:36 D/RunUtil: Running command [adb, -s, 27161FDH20031X, shell, cmd, device_state, print-states] with timeout: 2m 0s
02-21 23:16:36 D/NativeDevice: Using property ro.product.cpu.abilist=arm64-v8a from cache.
02-21 23:16:36 D/FileUtil: Creating temp file at /home/simon/android-cts/tools/../../android-cts/logs/2026.02.21_23.16.12/inv_9171898061450307823 with prefix "suite-exclude-filters9130220160612918061.txt_" suffix ".txt.gz"
02-21 23:16:36 I/LogFileSaver: Saved gzip log file /home/simon/android-cts/tools/../../android-cts/logs/2026.02.21_23.16.12/inv_9171898061450307823/suite-exclude-filters9130220160612918061.txt_3930899650268209271.txt.gz. [size=10, elapsed=0ms]
02-21 23:16:36 D/CertificationSuiteResultReporter: Saved logs for suite-exclude-filters9130220160612918061.txt in /home/simon/android-cts/tools/../../android-cts/logs/2026.02.21_23.16.12/inv_9171898061450307823/suite-exclude-filters9130220160612918061.txt_3930899650268209271.txt.gz
02-21 23:16:36 D/FileUtil: Creating temp file at /tmp/13033356/cts/inv_726567457929803474/inv_10865161023681524810 with prefix "suite-exclude-filters9130220160612918061.txt_" suffix ".txt.gz"
02-21 23:16:36 I/LogFileSaver: Saved gzip log file /tmp/13033356/cts/inv_726567457929803474/inv_10865161023681524810/suite-exclude-filters9130220160612918061.txt_3220116204831313157.txt.gz. [size=10, elapsed=0ms]
02-21 23:16:36 D/BaseTestSuite: Initializing ModuleRepo
ABIs:[{arm64-v8a, bitness=64}]
Test Args:[com.android.tradefed.testtype.AndroidJUnitTest:exclude-annotation:com.android.compatibility.common.util.CtsDownstreamingTest, com.android.compatibility.common.tradefed.testtype.JarHostTest:exclude-annotation:com.android.compatibility.common.util.CtsDownstreamingTest, com.android.tradefed.testtype.HostTest:exclude-annotation:com.android.compatibility.common.util.CtsDownstreamingTest, com.android.tradefed.testtype.AndroidJUnitTest:exclude-annotation:android.platform.test.annotations.AsbSecurityTest, com.android.compatibility.common.tradefed.testtype.JarHostTest:exclude-annotation:android.platform.test.annotations.AsbSecurityTest, com.android.tradefed.testtype.AndroidJUnitTest:exclude-annotation:android.platform.test.annotations.AppModeInstant, com.android.compatibility.common.tradefed.testtype.JarHostTest:exclude-annotation:android.platform.test.annotations.AppModeInstant, com.android.tradefed.testtype.HostTest:exclude-annotation:android.platform.test.annotations.AppModeInstant]
Module Args:[]
Includes: {arm64-v8a CtsDisplayTestCases=[CtsDisplayTestCases android.display.cts.DisplayTest#testGetDisplayAttrs], arm64-v8a CtsDisplayTestCases[instant]=[CtsDisplayTestCases[instant] android.display.cts.DisplayTest#testGetDisplayAttrs], arm64-v8a CtsDisplayTestCases[run-on-private-profile]=[CtsDisplayTestCases[run-on-private-profile] android.display.cts.DisplayTest#testGetDisplayAttrs], arm64-v8a CtsDisplayTestCases[run-on-clone-profile]=[CtsDisplayTestCases[run-on-clone-profile] android.display.cts.DisplayTest#testGetDisplayAttrs], arm64-v8a CtsDisplayTestCases[run-on-secondary-user]=[CtsDisplayTestCases[run-on-secondary-user] android.display.cts.DisplayTest#testGetDisplayAttrs], arm64-v8a CtsDisplayTestCases[run-on-work-profile]=[CtsDisplayTestCases[run-on-work-profile] android.display.cts.DisplayTest#testGetDisplayAttrs]}
Excludes: See suite-exclude-filters9130220160612918061.txt
02-21 23:16:36 D/BaseTestSuite: Foldable states: [foldable:0:DEFAULT]
02-21 23:16:36 D/BaseTestSuite: Loading tests from [/home/simon/android-cts/tools/../../android-cts/testcases]
02-21 23:16:38 D/ITestSuite: No remote build info, skipping stageTestArtifacts
02-21 23:16:38 D/ITestSuite: Resource not found for allowed preparers: /suite/google-allowed-preparers.txt
02-21 23:16:38 D/ITestSuite: [Total Unique Modules = 2]
02-21 23:16:38 I/ITestSuite: 27161FDH20031X running 2 modules: [arm64-v8a CtsDisplayTestCases[instant], arm64-v8a CtsDisplayTestCases]
02-21 23:16:38 D/TradefedFeatureClient: invoking feature 'skipFeature'
02-21 23:16:38 D/TradefedFeatureClient: Using reference id from metrics.
02-21 23:16:38 D/TradefedFeatureClient: name: "skipFeature"
reference_id: "d1d9a9ed-83f2-4cc9-8f0d-9723bde245fa"

02-21 23:16:38 D/TradefedFeatureServer: Executing com.android.tradefed.result.skipped.SkipFeature@765b13a1 with [name: "skipFeature"
reference_id: "d1d9a9ed-83f2-4cc9-8f0d-9723bde245fa"
]
02-21 23:16:38 D/TradefedFeatureClient: Feature name: skipFeature. response: multi_part_response {
  response_part {
    key: "delimiter"
    value: "\\+,"
  }
  response_part {
    key: "presubmit"
    value: "false"
  }
  response_part {
    key: "skipModules"
  }
  response_part {
    key: "imageDigests"
  }
}

02-21 23:16:38 D/BaseTestSuite: Filters for 'arm64-v8a CtsDisplayTestCases[instant]': []
02-21 23:16:38 D/FileUtil: Creating temp file at /tmp/tf-workfolder17171861071138294780 with prefix "CtsDisplayTestCases" suffix ".xml"
02-21 23:16:38 D/LogFileSaver: Log data for module-configuration is already compressed, skipping compression
02-21 23:16:38 D/FileUtil: Creating temp file at /home/simon/android-cts/tools/../../android-cts/logs/2026.02.21_23.16.12/inv_9171898061450307823 with prefix "module-configuration_" suffix ".xml"
02-21 23:16:38 I/LogFileSaver: Saved log file /home/simon/android-cts/tools/../../android-cts/logs/2026.02.21_23.16.12/inv_9171898061450307823/module-configuration_5444265874037587514.xml. [size=1645, elapsed=0ms]
02-21 23:16:38 D/CertificationSuiteResultReporter: Saved logs for module-configuration in /home/simon/android-cts/tools/../../android-cts/logs/2026.02.21_23.16.12/inv_9171898061450307823/module-configuration_5444265874037587514.xml
02-21 23:16:38 D/LogFileSaver: Log data for module-configuration is already compressed, skipping compression
02-21 23:16:38 D/FileUtil: Creating temp file at /tmp/13033356/cts/inv_726567457929803474/inv_10865161023681524810 with prefix "module-configuration_" suffix ".xml"
02-21 23:16:38 I/LogFileSaver: Saved log file /tmp/13033356/cts/inv_726567457929803474/inv_10865161023681524810/module-configuration_5397131886456462593.xml. [size=1645, elapsed=0ms]
02-21 23:16:38 I/ITestSuite: Running system status checker before module execution: arm64-v8a CtsDisplayTestCases[instant]
02-21 23:16:38 D/NativeDevice: Using property ro.build.version.sdk=34 from cache.
02-21 23:16:38 D/NativeDevice: Using property ro.build.version.sdk=34 from cache.
02-21 23:16:38 D/NativeDevice: Using property ro.build.version.sdk=34 from cache.
02-21 23:16:38 I/UserChecker: Current user 0 is already user type CURRENT, no action.
02-21 23:16:38 I/NativeDevice: adb unroot on device 27161FDH20031X
02-21 23:16:38 D/RunUtil: Running command [adb, -s, 27161FDH20031X, unroot] with timeout: 2m 0s
02-21 23:16:38 D/BackgroundDeviceAction: Waiting for device 27161FDH20031X online before starting.
02-21 23:16:40 I/NativeDeviceStateMonitor: Waiting for device 27161FDH20031X to be in NOT_AVAILABLE mode for '5s'; it is currently in ONLINE mode...
02-21 23:16:45 W/NativeDevice: Did not detect device 27161FDH20031X becoming unavailable after unroot
02-21 23:16:45 I/NativeDeviceStateMonitor: Device 27161FDH20031X is already ONLINE
02-21 23:16:45 W/ShellStatusChecker: This module unexpectedly started in a root shell. Leaked from earlier module?
02-21 23:16:45 W/ITestSuite: System status checker [com.android.tradefed.suite.checker.ShellStatusChecker] failed.
02-21 23:16:45 D/DeviceSettingChecker: Begin preExecutionCheck for checking device setting
02-21 23:16:46 D/NativeDevice: Using property ro.build.version.sdk=34 from cache.
02-21 23:16:46 D/NativeDevice: Using property ro.build.version.sdk=34 from cache.
02-21 23:16:46 D/NativeDevice: Using property ro.build.type=userdebug from cache.
02-21 23:16:46 D/NativeDevice: Using property ro.build.version.sdk=34 from cache.
02-21 23:16:46 D/NativeDevice: Using property ro.build.version.codename=REL from cache.
02-21 23:16:46 D/NativeDevice: Using property ro.build.version.sdk=34 from cache.
02-21 23:16:46 D/NativeDevice: Using property ro.build.version.sdk=34 from cache.
02-21 23:16:46 D/NativeDevice: Using property ro.build.version.sdk=34 from cache.
02-21 23:16:46 D/NativeDevice: Using property ro.build.version.sdk=34 from cache.
02-21 23:16:46 D/NativeDevice: Using property ro.build.version.sdk=34 from cache.
02-21 23:16:46 D/NativeDevice: Using property ro.build.version.sdk=34 from cache.
02-21 23:16:46 D/NativeDevice: Using property ro.build.version.codename=REL from cache.
02-21 23:16:46 D/NativeDevice: Using property ro.build.version.sdk=34 from cache.
02-21 23:16:46 D/NativeDevice: Using property ro.build.version.codename=REL from cache.
02-21 23:16:46 D/NativeDevice: Using property ro.build.version.sdk=34 from cache.
02-21 23:16:46 D/NativeDevice: Using property ro.build.version.codename=REL from cache.
02-21 23:16:46 D/NativeDevice: Using property ro.build.version.sdk=34 from cache.
02-21 23:16:46 D/NativeDevice: Using property ro.build.version.sdk=34 from cache.
02-21 23:16:46 D/NativeDevice: Using property ro.build.version.sdk=34 from cache.
02-21 23:16:46 D/NativeDevice: Using property ro.build.version.sdk=34 from cache.
02-21 23:16:46 D/NativeDevice: Using property ro.build.version.sdk=34 from cache.
02-21 23:16:46 D/NativeDevice: Using property ro.build.version.sdk=34 from cache.
02-21 23:16:46 D/NativeDevice: Using property ro.build.version.sdk=34 from cache.
02-21 23:16:46 D/RunUtil: Running command [adb, -s, 27161FDH20031X, shell, locksettings, get-disabled] with timeout: 2m 0s
02-21 23:16:46 D/RunUtil: Running command [adb, -s, 27161FDH20031X, shell, locksettings, get-disabled] with timeout: 2m 0s
02-21 23:16:46 D/RunUtil: Running command [adb, -s, 27161FDH20031X, shell, input, keyevent, KEYCODE_MENU] with timeout: 2m 0s
02-21 23:16:46 D/RunUtil: Running command [adb, -s, 27161FDH20031X, shell, input, keyevent, KEYCODE_HOME] with timeout: 2m 0s
02-21 23:16:46 I/DeviceBaselineChecker: Enable device baselines keep_engprod_mode_on,disable_os_auto_update,hide_error_dialogs,keep_screen_on,disable_usb_app_verification,clear_lock_screen,keep_location_mode_on,keep_setup_complete_on in 278 millis.
02-21 23:16:46 W/ITestSuite: There are failed system status checkers: {com.android.tradefed.suite.checker.ShellStatusChecker=This module unexpectedly started in a root shell. Leaked from earlier module?}
02-21 23:16:46 D/ModuleDefinition: Running module arm64-v8a CtsDisplayTestCases[instant]
02-21 23:16:46 D/ModuleDefinition: Running setup preparer: SuiteApkInstaller
02-21 23:16:46 D/NativeDevice: Using property ro.build.version.sdk=34 from cache.
02-21 23:16:46 D/NativeDevice: Using property ro.build.version.sdk=34 from cache.
02-21 23:16:46 D/NativeDevice: Using property ro.build.version.codename=REL from cache.
02-21 23:16:46 D/NativeDevice: Using property ro.build.id=AP2A.240905.003 from cache.
02-21 23:16:46 D/NativeDevice: Using property ro.build.version.sdk=34 from cache.
02-21 23:16:46 D/NativeDevice: Using property ro.build.version.codename=REL from cache.
02-21 23:16:46 D/SearchArtifactUtil: Searching the module dir: /home/simon/android-cts/tools/../../android-cts/testcases/CtsDisplayTestCases
02-21 23:16:46 D/RunUtil: Running command [aapt2, dump, badging, /home/simon/android-cts/tools/../../android-cts/testcases/CtsDisplayTestCases/arm64/CtsDisplayTestCases.apk] with timeout: 1m 0s
02-21 23:16:46 D/RunUtil: Running command [aapt2, dump, xmltree, /home/simon/android-cts/tools/../../android-cts/testcases/CtsDisplayTestCases/arm64/CtsDisplayTestCases.apk, --file, AndroidManifest.xml] with timeout: 1m 0s
02-21 23:16:46 D/TestAppInstallSetup: Installing apk android.display.cts with [/home/simon/android-cts/tools/../../android-cts/testcases/CtsDisplayTestCases/arm64/CtsDisplayTestCases.apk] ...
02-21 23:16:46 D/NativeDevice: Using property ro.build.version.sdk=34 from cache.
02-21 23:16:47 D/RunUtil: Running command [aapt, dump, badging, /home/simon/android-cts/tools/../../android-cts/testcases/CtsDisplayTestCases/arm64/CtsDisplayTestCases.apk] with timeout: 1m 0s
02-21 23:16:47 D/RunUtil: Running command [aapt, dump, xmltree, /home/simon/android-cts/tools/../../android-cts/testcases/CtsDisplayTestCases/arm64/CtsDisplayTestCases.apk, AndroidManifest.xml] with timeout: 1m 0s
02-21 23:16:47 D/RunUtil: Running command [adb, -s, 27161FDH20031X, shell, appops, write-settings] with timeout: 2m 0s
02-21 23:16:47 D/SearchArtifactUtil: Searching the module dir: /home/simon/android-cts/tools/../../android-cts/testcases/CtsDisplayTestCases
02-21 23:16:47 D/RunUtil: Running command [aapt2, dump, badging, /home/simon/android-cts/tools/../../android-cts/testcases/CtsDisplayTestCases/CtsAppTestStubs.apk] with timeout: 1m 0s
02-21 23:16:47 D/RunUtil: Running command [aapt2, dump, xmltree, /home/simon/android-cts/tools/../../android-cts/testcases/CtsDisplayTestCases/CtsAppTestStubs.apk, --file, AndroidManifest.xml] with timeout: 1m 0s
02-21 23:16:47 D/TestAppInstallSetup: Installing apk android.app.stubs with [/home/simon/android-cts/tools/../../android-cts/testcases/CtsDisplayTestCases/CtsAppTestStubs.apk] ...
02-21 23:16:47 D/NativeDevice: Using property ro.build.version.sdk=34 from cache.
02-21 23:16:48 D/BackgroundDeviceAction: Device 27161FDH20031X now online.
02-21 23:16:48 D/BackgroundDeviceAction: Starting logcat for 27161FDH20031X.
02-21 23:16:48 D/RunUtil: Running command [aapt, dump, badging, /home/simon/android-cts/tools/../../android-cts/testcases/CtsDisplayTestCases/CtsAppTestStubs.apk] with timeout: 1m 0s
02-21 23:16:48 D/RunUtil: Running command [aapt, dump, xmltree, /home/simon/android-cts/tools/../../android-cts/testcases/CtsDisplayTestCases/CtsAppTestStubs.apk, AndroidManifest.xml] with timeout: 1m 0s
02-21 23:16:48 D/RunUtil: Running command [adb, -s, 27161FDH20031X, shell, appops, write-settings] with timeout: 2m 0s
02-21 23:16:49 D/AndroidJUnitTest: Disable test storage on instant app module.
02-21 23:16:49 D/AndroidJUnitTest: Attempting to push filters to /data/local/tmp/ajur/includes.txt
02-21 23:16:49 D/NativeDevice: Using 'ls' to check doesFileExist(/data/local/tmp/ajur)
02-21 23:16:49 D/RunUtil: Running command [adb, -s, 27161FDH20031X, shell, ls, '/data/local/tmp/ajur'] with timeout: 2m 0s
02-21 23:16:49 D/NativeDevice: File /data/local/tmp/ajur does not exist.
stdout: 
stderr: ls: /data/local/tmp/ajur: No such file or directory

02-21 23:16:49 D/NativeDevice: Using 'ls' to check doesFileExist(/data/local/tmp/ajur/includes.txt)
02-21 23:16:49 D/RunUtil: Running command [adb, -s, 27161FDH20031X, shell, ls, '/data/local/tmp/ajur/includes.txt'] with timeout: 2m 0s
02-21 23:16:49 D/FileUtil: Creating temp file at /home/simon/android-cts/tools/../../android-cts/logs/2026.02.21_23.16.12/inv_9171898061450307823 with prefix "filter-arm64-v8a%20CtsDisplayTestCases%5Binstant%5D.include_" suffix ".txt.gz"
02-21 23:16:49 I/LogFileSaver: Saved gzip log file /home/simon/android-cts/tools/../../android-cts/logs/2026.02.21_23.16.12/inv_9171898061450307823/filter-arm64-v8a%20CtsDisplayTestCases%5Binstant%5D.include_5452506829571653395.txt.gz. [size=10, elapsed=0ms]
02-21 23:16:49 D/CertificationSuiteResultReporter: Saved logs for filter-arm64-v8a%20CtsDisplayTestCases%5Binstant%5D.include in /home/simon/android-cts/tools/../../android-cts/logs/2026.02.21_23.16.12/inv_9171898061450307823/filter-arm64-v8a%20CtsDisplayTestCases%5Binstant%5D.include_5452506829571653395.txt.gz
02-21 23:16:49 D/FileUtil: Creating temp file at /tmp/13033356/cts/inv_726567457929803474/inv_10865161023681524810 with prefix "filter-arm64-v8a%20CtsDisplayTestCases%5Binstant%5D.include_" suffix ".txt.gz"
02-21 23:16:49 I/LogFileSaver: Saved gzip log file /tmp/13033356/cts/inv_726567457929803474/inv_10865161023681524810/filter-arm64-v8a%20CtsDisplayTestCases%5Binstant%5D.include_7589590058843301280.txt.gz. [size=10, elapsed=0ms]
02-21 23:16:49 D/ListInstrumentationParser: instrumentation:android.display.cts/androidx.test.runner.AndroidJUnitRunner (target=android.display.cts)
02-21 23:16:49 D/ListInstrumentationParser: instrumentation:com.android.tradefed.utils.wifi/.WifiUtil (target=com.android.tradefed.utils.wifi)
02-21 23:16:49 D/ListInstrumentationParser: 
02-21 23:16:49 I/InstrumentationTest: No runner name specified. Using: androidx.test.runner.AndroidJUnitRunner.
02-21 23:16:49 D/NativeDevice: Using property ro.build.version.sdk=34 from cache.
02-21 23:16:49 D/NativeDevice: Using property ro.build.version.sdk=34 from cache.
02-21 23:16:49 D/InstrumentationTest: Collecting test info for android.display.cts on device 27161FDH20031X
02-21 23:16:49 I/RemoteAndroidTestRunner: Running am instrument -w -r --abi arm64-v8a  -e testFile /data/local/tmp/ajur/includes.txt -e debug false -e newRunListenerMode true -e log true -e notAnnotation android.platform.test.annotations.AsbSecurityTest,com.android.compatibility.common.util.CtsDownstreamingTest,android.platform.test.annotations.AppModeFull -e timeout_msec 300000 android.display.cts/androidx.test.runner.AndroidJUnitRunner on google-aosp_on_panther-27161FDH20031X
02-21 23:16:49 D/InstrumentationTest: Initializing com.android.tradefed.device.metric.CountTestCasesCollector for instrumentation.
02-21 23:16:49 I/RemoteAndroidTestRunner: Running am instrument -w -r --abi arm64-v8a  -e testFile /data/local/tmp/ajur/includes.txt -e debug false -e newRunListenerMode true -e log false -e notAnnotation android.platform.test.annotations.AsbSecurityTest,com.android.compatibility.common.util.CtsDownstreamingTest,android.platform.test.annotations.AppModeFull -e timeout_msec 300000 android.display.cts/androidx.test.runner.AndroidJUnitRunner on google-aosp_on_panther-27161FDH20031X
02-21 23:16:50 D/ModuleListener: ModuleListener.testRunStarted(android.display.cts, 1, 0) on 27161FDH20031X
02-21 23:16:50 D/ModuleListener: ModuleListener.testStarted(android.display.cts.DisplayTest#testGetDisplayAttrs) on 27161FDH20031X
02-21 23:16:50 I/ModuleListener: [1/1] 27161FDH20031X android.display.cts.DisplayTest#testGetDisplayAttrs FAILURE: java.lang.AssertionError: expected:<161> but was:<162>
	at org.junit.Assert.fail(Assert.java:89)
	at org.junit.Assert.failNotEquals(Assert.java:835)
	at org.junit.Assert.assertEquals(Assert.java:647)
	at org.junit.Assert.assertEquals(Assert.java:633)
	at android.display.cts.DisplayTest.testGetDisplayAttrs(DisplayTest.java:545)

02-21 23:16:51 D/ModuleListener: ModuleListener.testRunEnded(905) on 27161FDH20031X
02-21 23:16:51 D/TestDevice: Uninstalling android.display.cts with extra args 
02-21 23:16:51 D/TestDevice: Uninstalling android.app.stubs with extra args 
02-21 23:16:51 I/NativeDeviceStateMonitor: Device 27161FDH20031X is already ONLINE
02-21 23:16:51 I/NativeDeviceStateMonitor: Waiting 360000 ms for device 27161FDH20031X boot complete
02-21 23:16:51 I/DeviceStateMonitor: Waiting 359964 ms for device 27161FDH20031X package manager
02-21 23:16:51 I/NativeDeviceStateMonitor: Waiting 359929 ms for device 27161FDH20031X external store
02-21 23:16:51 I/ConsoleReporter: [27161FDH20031X] Starting arm64-v8a CtsDisplayTestCases[instant] with 1 test
02-21 23:16:51 I/ConsoleReporter: [1/1 arm64-v8a CtsDisplayTestCases[instant] 27161FDH20031X] android.display.cts.DisplayTest#testGetDisplayAttrs fail: java.lang.AssertionError: expected:<161> but was:<162>
	at org.junit.Assert.fail(Assert.java:89)
	at org.junit.Assert.failNotEquals(Assert.java:835)
	at org.junit.Assert.assertEquals(Assert.java:647)
	at org.junit.Assert.assertEquals(Assert.java:633)
	at android.display.cts.DisplayTest.testGetDisplayAttrs(DisplayTest.java:545)

02-21 23:16:51 I/ConsoleReporter: [27161FDH20031X] arm64-v8a CtsDisplayTestCases[instant] completed in 2s. 0 passed, 1 failed, 0 not executed
02-21 23:16:51 I/ITestSuite: Running system status checker after module execution: arm64-v8a CtsDisplayTestCases[instant]
02-21 23:16:51 D/NativeDevice: Using property ro.build.version.sdk=34 from cache.
02-21 23:16:51 D/NativeDevice: Using property ro.build.version.sdk=34 from cache.
02-21 23:16:51 D/NativeDevice: Using property ro.build.version.sdk=34 from cache.
02-21 23:16:52 I/NativeDeviceStateMonitor: Device 27161FDH20031X is already ONLINE
02-21 23:16:52 I/NativeDeviceStateMonitor: Waiting 360000 ms for device 27161FDH20031X boot complete
02-21 23:16:52 I/DeviceStateMonitor: Waiting 359920 ms for device 27161FDH20031X package manager
02-21 23:16:52 I/NativeDeviceStateMonitor: Waiting 359849 ms for device 27161FDH20031X external store
02-21 23:16:53 I/MonitoringUtils: Wifi Connectivity: passed check.
02-21 23:16:53 D/TestDevice: Output from KeyguardController:   KeyguardController:
    mKeyguardShowing=false
    mAodShowing=false
    mKeyguardGoingAway=false

02-21 23:16:53 E/LeakedThreadStatusChecker: We have 4 threads instead of 1. List: [Thread[Invocation-27161FDH20031X,5,Invocation-27161FDH20031X], Thread[BackgroundDeviceAction-logcat -b all -v threadtime,uid,5,Invocation-27161FDH20031X], Thread[Timer-1,5,Invocation-27161FDH20031X], Thread[grpc-default-worker-ELG-3-1,5,Invocation-27161FDH20031X]]
02-21 23:16:53 W/ITestSuite: System status checker [com.android.tradefed.suite.checker.LeakedThreadStatusChecker] failed
02-21 23:16:53 D/NativeDevice: Time offset = 1299 ms
02-21 23:16:53 D/DeviceSettingChecker: Begin postExecution for checking device setting
02-21 23:16:53 W/DeviceSettingChecker: Setting in namespace global fails:
 ota_disable_automatic_update is not found before module run

02-21 23:16:53 W/ITestSuite: System status checker [com.android.tradefed.suite.checker.DeviceSettingChecker] failed
02-21 23:16:53 D/NativeDevice: Using property ro.build.version.sdk=34 from cache.
02-21 23:16:54 W/ITestSuite: There are failed system status checkers: {com.android.tradefed.suite.checker.LeakedThreadStatusChecker=We have 4 threads instead of 1. List: [Thread[Invocation-27161FDH20031X,5,Invocation-27161FDH20031X], Thread[BackgroundDeviceAction-logcat -b all -v threadtime,uid,5,Invocation-27161FDH20031X], Thread[Timer-1,5,Invocation-27161FDH20031X], Thread[grpc-default-worker-ELG-3-1,5,Invocation-27161FDH20031X]], com.android.tradefed.suite.checker.DeviceSettingChecker=Setting in namespace global fails:
 ota_disable_automatic_update is not found before module run
}
02-21 23:16:54 D/FileUtil: Creating temp file at /home/simon/android-cts/tools/../../android-cts/results/2026.02.21_23.16.12/proto with prefix "tmp-proto" suffix ""
02-21 23:16:54 D/BaseTestSuite: Filters for 'arm64-v8a CtsDisplayTestCases': [CtsDisplayTestCases android.display.cts.DisplayTest#testActivityContextGetMetrics]
02-21 23:16:54 D/FileUtil: Creating temp file at /tmp/tf-workfolder17171861071138294780 with prefix "CtsDisplayTestCases" suffix ".xml"
02-21 23:16:54 D/LogFileSaver: Log data for module-configuration is already compressed, skipping compression
02-21 23:16:54 D/FileUtil: Creating temp file at /home/simon/android-cts/tools/../../android-cts/logs/2026.02.21_23.16.12/inv_9171898061450307823 with prefix "module-configuration_" suffix ".xml"
02-21 23:16:54 I/LogFileSaver: Saved log file /home/simon/android-cts/tools/../../android-cts/logs/2026.02.21_23.16.12/inv_9171898061450307823/module-configuration_351619504079176523.xml. [size=1599, elapsed=0ms]
02-21 23:16:54 D/CertificationSuiteResultReporter: Saved logs for module-configuration in /home/simon/android-cts/tools/../../android-cts/logs/2026.02.21_23.16.12/inv_9171898061450307823/module-configuration_351619504079176523.xml
02-21 23:16:54 D/LogFileSaver: Log data for module-configuration is already compressed, skipping compression
02-21 23:16:54 D/FileUtil: Creating temp file at /tmp/13033356/cts/inv_726567457929803474/inv_10865161023681524810 with prefix "module-configuration_" suffix ".xml"
02-21 23:16:54 I/LogFileSaver: Saved log file /tmp/13033356/cts/inv_726567457929803474/inv_10865161023681524810/module-configuration_12696194181660159719.xml. [size=1599, elapsed=0ms]
02-21 23:16:54 I/ITestSuite: Running system status checker before module execution: arm64-v8a CtsDisplayTestCases
02-21 23:16:54 D/NativeDevice: Using property ro.build.version.sdk=34 from cache.
02-21 23:16:54 D/NativeDevice: Using property ro.build.version.sdk=34 from cache.
02-21 23:16:54 D/NativeDevice: Using property ro.build.version.sdk=34 from cache.
02-21 23:16:54 I/UserChecker: Current user 0 is already user type CURRENT, no action.
02-21 23:16:54 D/DeviceSettingChecker: Begin preExecutionCheck for checking device setting
02-21 23:16:54 D/NativeDevice: Using property ro.build.version.sdk=34 from cache.
02-21 23:16:54 D/NativeDevice: Using property ro.build.version.sdk=34 from cache.
02-21 23:16:54 D/NativeDevice: Using property ro.build.version.sdk=34 from cache.
02-21 23:16:54 D/NativeDevice: Using property ro.build.version.codename=REL from cache.
02-21 23:16:54 D/NativeDevice: Using property ro.build.version.sdk=34 from cache.
02-21 23:16:54 D/NativeDevice: Using property ro.build.version.sdk=34 from cache.
02-21 23:16:54 D/NativeDevice: Using property ro.build.version.sdk=34 from cache.
02-21 23:16:54 D/NativeDevice: Using property ro.build.version.sdk=34 from cache.
02-21 23:16:54 D/NativeDevice: Using property ro.build.version.sdk=34 from cache.
02-21 23:16:54 D/NativeDevice: Using property ro.build.version.sdk=34 from cache.
02-21 23:16:54 D/NativeDevice: Using property ro.build.version.codename=REL from cache.
02-21 23:16:54 D/NativeDevice: Using property ro.build.version.sdk=34 from cache.
02-21 23:16:54 D/NativeDevice: Using property ro.build.version.codename=REL from cache.
02-21 23:16:54 D/NativeDevice: Using property ro.build.version.sdk=34 from cache.
02-21 23:16:54 D/NativeDevice: Using property ro.build.version.codename=REL from cache.
02-21 23:16:54 D/NativeDevice: Using property ro.build.version.sdk=34 from cache.
02-21 23:16:54 D/NativeDevice: Using property ro.build.version.sdk=34 from cache.
02-21 23:16:54 D/NativeDevice: Using property ro.build.version.sdk=34 from cache.
02-21 23:16:54 D/NativeDevice: Using property ro.build.version.sdk=34 from cache.
02-21 23:16:54 D/NativeDevice: Using property ro.build.version.sdk=34 from cache.
02-21 23:16:54 D/NativeDevice: Using property ro.build.version.sdk=34 from cache.
02-21 23:16:54 D/NativeDevice: Using property ro.build.version.sdk=34 from cache.
02-21 23:16:54 D/RunUtil: Running command [adb, -s, 27161FDH20031X, shell, locksettings, get-disabled] with timeout: 2m 0s
02-21 23:16:54 D/RunUtil: Running command [adb, -s, 27161FDH20031X, shell, locksettings, get-disabled] with timeout: 2m 0s
02-21 23:16:55 D/RunUtil: Running command [adb, -s, 27161FDH20031X, shell, input, keyevent, KEYCODE_MENU] with timeout: 2m 0s
02-21 23:16:55 D/RunUtil: Running command [adb, -s, 27161FDH20031X, shell, input, keyevent, KEYCODE_HOME] with timeout: 2m 0s
02-21 23:16:55 I/DeviceBaselineChecker: Enable device baselines keep_engprod_mode_on,disable_os_auto_update,hide_error_dialogs,keep_screen_on,disable_usb_app_verification,clear_lock_screen,keep_location_mode_on,keep_setup_complete_on in 214 millis.
02-21 23:16:55 D/ModuleDefinition: Running module arm64-v8a CtsDisplayTestCases
02-21 23:16:55 D/ModuleDefinition: Running setup preparer: SuiteApkInstaller
02-21 23:16:55 D/NativeDevice: Using property ro.build.version.sdk=34 from cache.
02-21 23:16:55 D/NativeDevice: Using property ro.build.version.sdk=34 from cache.
02-21 23:16:55 D/NativeDevice: Using property ro.build.version.codename=REL from cache.
02-21 23:16:55 D/NativeDevice: Using property ro.build.id=AP2A.240905.003 from cache.
02-21 23:16:55 D/NativeDevice: Using property ro.build.version.sdk=34 from cache.
02-21 23:16:55 D/NativeDevice: Using property ro.build.version.codename=REL from cache.
02-21 23:16:55 D/SearchArtifactUtil: Searching the module dir: /home/simon/android-cts/tools/../../android-cts/testcases/CtsDisplayTestCases
02-21 23:16:55 D/RunUtil: Running command [aapt2, dump, badging, /home/simon/android-cts/tools/../../android-cts/testcases/CtsDisplayTestCases/arm64/CtsDisplayTestCases.apk] with timeout: 1m 0s
02-21 23:16:55 D/RunUtil: Running command [aapt2, dump, xmltree, /home/simon/android-cts/tools/../../android-cts/testcases/CtsDisplayTestCases/arm64/CtsDisplayTestCases.apk, --file, AndroidManifest.xml] with timeout: 1m 0s
02-21 23:16:55 D/TestAppInstallSetup: Installing apk android.display.cts with [/home/simon/android-cts/tools/../../android-cts/testcases/CtsDisplayTestCases/arm64/CtsDisplayTestCases.apk] ...
02-21 23:16:55 D/NativeDevice: Using property ro.build.version.sdk=34 from cache.
02-21 23:16:56 D/RunUtil: Running command [aapt, dump, badging, /home/simon/android-cts/tools/../../android-cts/testcases/CtsDisplayTestCases/arm64/CtsDisplayTestCases.apk] with timeout: 1m 0s
02-21 23:16:56 D/RunUtil: Running command [aapt, dump, xmltree, /home/simon/android-cts/tools/../../android-cts/testcases/CtsDisplayTestCases/arm64/CtsDisplayTestCases.apk, AndroidManifest.xml] with timeout: 1m 0s
02-21 23:16:56 D/RunUtil: Running command [adb, -s, 27161FDH20031X, shell, appops, write-settings] with timeout: 2m 0s
02-21 23:16:56 D/SearchArtifactUtil: Searching the module dir: /home/simon/android-cts/tools/../../android-cts/testcases/CtsDisplayTestCases
02-21 23:16:56 D/RunUtil: Running command [aapt2, dump, badging, /home/simon/android-cts/tools/../../android-cts/testcases/CtsDisplayTestCases/CtsAppTestStubs.apk] with timeout: 1m 0s
02-21 23:16:56 D/RunUtil: Running command [aapt2, dump, xmltree, /home/simon/android-cts/tools/../../android-cts/testcases/CtsDisplayTestCases/CtsAppTestStubs.apk, --file, AndroidManifest.xml] with timeout: 1m 0s
02-21 23:16:56 D/TestAppInstallSetup: Installing apk android.app.stubs with [/home/simon/android-cts/tools/../../android-cts/testcases/CtsDisplayTestCases/CtsAppTestStubs.apk] ...
02-21 23:16:56 D/NativeDevice: Using property ro.build.version.sdk=34 from cache.
02-21 23:16:57 D/RunUtil: Running command [aapt, dump, badging, /home/simon/android-cts/tools/../../android-cts/testcases/CtsDisplayTestCases/CtsAppTestStubs.apk] with timeout: 1m 0s
02-21 23:16:57 D/RunUtil: Running command [aapt, dump, xmltree, /home/simon/android-cts/tools/../../android-cts/testcases/CtsDisplayTestCases/CtsAppTestStubs.apk, AndroidManifest.xml] with timeout: 1m 0s
02-21 23:16:57 D/RunUtil: Running command [adb, -s, 27161FDH20031X, shell, appops, write-settings] with timeout: 2m 0s
02-21 23:16:57 D/NativeDevice: Using property ro.build.version.sdk=34 from cache.
02-21 23:16:57 D/NativeDevice: Using property ro.build.version.sdk=34 from cache.
02-21 23:16:57 D/NativeDevice: Using property ro.build.version.codename=REL from cache.
02-21 23:16:57 D/AndroidJUnitTest: Attempting to push filters to /data/local/tmp/ajur/includes.txt
02-21 23:16:57 D/NativeDevice: Using 'ls' to check doesFileExist(/data/local/tmp/ajur)
02-21 23:16:57 D/RunUtil: Running command [adb, -s, 27161FDH20031X, shell, ls, '/data/local/tmp/ajur'] with timeout: 2m 0s
02-21 23:16:57 D/NativeDevice: File /data/local/tmp/ajur does not exist.
stdout: 
stderr: ls: /data/local/tmp/ajur: No such file or directory

02-21 23:16:57 D/NativeDevice: Using 'ls' to check doesFileExist(/data/local/tmp/ajur/includes.txt)
02-21 23:16:57 D/RunUtil: Running command [adb, -s, 27161FDH20031X, shell, ls, '/data/local/tmp/ajur/includes.txt'] with timeout: 2m 0s
02-21 23:16:57 D/FileUtil: Creating temp file at /home/simon/android-cts/tools/../../android-cts/logs/2026.02.21_23.16.12/inv_9171898061450307823 with prefix "filter-arm64-v8a%20CtsDisplayTestCases.include_" suffix ".txt.gz"
02-21 23:16:57 I/LogFileSaver: Saved gzip log file /home/simon/android-cts/tools/../../android-cts/logs/2026.02.21_23.16.12/inv_9171898061450307823/filter-arm64-v8a%20CtsDisplayTestCases.include_11162175763145086035.txt.gz. [size=10, elapsed=0ms]
02-21 23:16:57 D/CertificationSuiteResultReporter: Saved logs for filter-arm64-v8a%20CtsDisplayTestCases.include in /home/simon/android-cts/tools/../../android-cts/logs/2026.02.21_23.16.12/inv_9171898061450307823/filter-arm64-v8a%20CtsDisplayTestCases.include_11162175763145086035.txt.gz
02-21 23:16:57 D/FileUtil: Creating temp file at /tmp/13033356/cts/inv_726567457929803474/inv_10865161023681524810 with prefix "filter-arm64-v8a%20CtsDisplayTestCases.include_" suffix ".txt.gz"
02-21 23:16:57 I/LogFileSaver: Saved gzip log file /tmp/13033356/cts/inv_726567457929803474/inv_10865161023681524810/filter-arm64-v8a%20CtsDisplayTestCases.include_11460697094007028198.txt.gz. [size=10, elapsed=0ms]
02-21 23:16:57 D/AndroidJUnitTest: Attempting to push filters to /sdcard/googletest/test_runfiles/data/local/tmp/ajur/includes.txt
02-21 23:16:57 D/NativeDevice: Using 'ls' to check doesFileExist(/data/local/tmp/ajur)
02-21 23:16:57 D/RunUtil: Running command [adb, -s, 27161FDH20031X, shell, ls, '/data/local/tmp/ajur'] with timeout: 2m 0s
02-21 23:16:57 D/NativeDevice: Using property ro.build.version.sdk=34 from cache.
02-21 23:16:57 D/AndroidJUnitTest: Attempting to push filters to /data/local/tmp/ajur/excludes.txt
02-21 23:16:57 D/NativeDevice: Using 'ls' to check doesFileExist(/data/local/tmp/ajur)
02-21 23:16:57 D/RunUtil: Running command [adb, -s, 27161FDH20031X, shell, ls, '/data/local/tmp/ajur'] with timeout: 2m 0s
02-21 23:16:57 D/FileUtil: Creating temp file at /home/simon/android-cts/tools/../../android-cts/logs/2026.02.21_23.16.12/inv_9171898061450307823 with prefix "filter-arm64-v8a%20CtsDisplayTestCases.exclude_" suffix ".txt.gz"
02-21 23:16:57 I/LogFileSaver: Saved gzip log file /home/simon/android-cts/tools/../../android-cts/logs/2026.02.21_23.16.12/inv_9171898061450307823/filter-arm64-v8a%20CtsDisplayTestCases.exclude_3739310244440644677.txt.gz. [size=10, elapsed=1ms]
02-21 23:16:57 D/CertificationSuiteResultReporter: Saved logs for filter-arm64-v8a%20CtsDisplayTestCases.exclude in /home/simon/android-cts/tools/../../android-cts/logs/2026.02.21_23.16.12/inv_9171898061450307823/filter-arm64-v8a%20CtsDisplayTestCases.exclude_3739310244440644677.txt.gz
02-21 23:16:57 D/FileUtil: Creating temp file at /tmp/13033356/cts/inv_726567457929803474/inv_10865161023681524810 with prefix "filter-arm64-v8a%20CtsDisplayTestCases.exclude_" suffix ".txt.gz"
02-21 23:16:57 I/LogFileSaver: Saved gzip log file /tmp/13033356/cts/inv_726567457929803474/inv_10865161023681524810/filter-arm64-v8a%20CtsDisplayTestCases.exclude_15052165553808510646.txt.gz. [size=10, elapsed=0ms]
02-21 23:16:57 D/AndroidJUnitTest: Attempting to push filters to /sdcard/googletest/test_runfiles/data/local/tmp/ajur/excludes.txt
02-21 23:16:57 D/NativeDevice: Using 'ls' to check doesFileExist(/data/local/tmp/ajur)
02-21 23:16:57 D/RunUtil: Running command [adb, -s, 27161FDH20031X, shell, ls, '/data/local/tmp/ajur'] with timeout: 2m 0s
02-21 23:16:57 D/NativeDevice: Using property ro.build.version.sdk=34 from cache.
02-21 23:16:57 D/NativeDevice: Using property ro.build.version.sdk=34 from cache.
02-21 23:16:57 D/RunUtil: Running command [adb, -s, 27161FDH20031X, shell, pm, list, features] with timeout: 2m 0s
02-21 23:16:58 D/NativeDevice: Using property ro.build.version.sdk=34 from cache.
02-21 23:16:58 D/NativeDevice: Using property ro.build.version.codename=REL from cache.
02-21 23:16:58 D/RunUtil: Running command [aapt2, dump, badging, /tmp/services6996726498427965853.apk] with timeout: 1m 0s
02-21 23:16:58 D/RunUtil: Running command [aapt2, dump, xmltree, /tmp/services6996726498427965853.apk, --file, AndroidManifest.xml] with timeout: 1m 0s
02-21 23:16:58 D/TestAppInstallSetup: Installing apk androidx.test.services with [/tmp/services6996726498427965853.apk] ...
02-21 23:16:58 D/NativeDevice: Using property ro.build.version.sdk=34 from cache.
02-21 23:16:58 D/RunUtil: Running command [aapt, dump, badging, /tmp/services6996726498427965853.apk] with timeout: 1m 0s
02-21 23:16:58 D/RunUtil: Running command [aapt, dump, xmltree, /tmp/services6996726498427965853.apk, AndroidManifest.xml] with timeout: 1m 0s
02-21 23:16:58 D/NativeDevice: Using property ro.build.version.sdk=34 from cache.
02-21 23:16:58 D/RunUtil: Running command [adb, -s, 27161FDH20031X, shell, appops, set, --user, 0, --uid, androidx.test.services, MANAGE_EXTERNAL_STORAGE, 0] with timeout: 2m 0s
02-21 23:16:58 D/RunUtil: Running command [adb, -s, 27161FDH20031X, shell, appops, write-settings] with timeout: 2m 0s
02-21 23:16:58 D/RunUtil: Running command [adb, -s, 27161FDH20031X, shell, dumpsys, deviceidle, whitelist, +androidx.test.services] with timeout: 2m 0s
02-21 23:16:58 D/AndroidJUnitTest: stdout: Added: androidx.test.services

stderr: 
02-21 23:16:58 D/ListInstrumentationParser: instrumentation:android.display.cts/androidx.test.runner.AndroidJUnitRunner (target=android.display.cts)
02-21 23:16:58 D/ListInstrumentationParser: instrumentation:com.android.tradefed.utils.wifi/.WifiUtil (target=com.android.tradefed.utils.wifi)
02-21 23:16:58 D/ListInstrumentationParser: 
02-21 23:16:58 I/InstrumentationTest: No runner name specified. Using: androidx.test.runner.AndroidJUnitRunner.
02-21 23:16:58 D/NativeDevice: Using property ro.build.version.sdk=34 from cache.
02-21 23:16:58 D/NativeDevice: Using property ro.build.version.sdk=34 from cache.
02-21 23:16:58 D/InstrumentationTest: Collecting test info for android.display.cts on device 27161FDH20031X
02-21 23:16:58 I/RemoteAndroidTestRunner: Running am instrument -w -r --abi arm64-v8a  -e testFile /data/local/tmp/ajur/includes.txt -e debug false -e useTestStorageService true -e newRunListenerMode true -e log true -e notAnnotation com.android.compatibility.common.util.CtsDownstreamingTest,android.platform.test.annotations.AsbSecurityTest,android.platform.test.annotations.AppModeInstant -e notTestFile /data/local/tmp/ajur/excludes.txt -e timeout_msec 300000 android.display.cts/androidx.test.runner.AndroidJUnitRunner on google-aosp_on_panther-27161FDH20031X
02-21 23:16:59 D/InstrumentationTest: Initializing com.android.tradefed.device.metric.CountTestCasesCollector for instrumentation.
02-21 23:16:59 I/RemoteAndroidTestRunner: Running am instrument -w -r --abi arm64-v8a  -e testFile /data/local/tmp/ajur/includes.txt -e debug false -e useTestStorageService true -e newRunListenerMode true -e log false -e notAnnotation com.android.compatibility.common.util.CtsDownstreamingTest,android.platform.test.annotations.AsbSecurityTest,android.platform.test.annotations.AppModeInstant -e notTestFile /data/local/tmp/ajur/excludes.txt -e timeout_msec 300000 android.display.cts/androidx.test.runner.AndroidJUnitRunner on google-aosp_on_panther-27161FDH20031X
02-21 23:16:59 D/ModuleListener: ModuleListener.testRunStarted(android.display.cts, 1, 0) on 27161FDH20031X
02-21 23:16:59 D/ModuleListener: ModuleListener.testStarted(android.display.cts.DisplayTest#testGetDisplayAttrs) on 27161FDH20031X
02-21 23:17:00 I/ModuleListener: [1/1] 27161FDH20031X android.display.cts.DisplayTest#testGetDisplayAttrs FAILURE: java.lang.AssertionError: expected:<161> but was:<162>
	at org.junit.Assert.fail(Assert.java:89)
	at org.junit.Assert.failNotEquals(Assert.java:835)
	at org.junit.Assert.assertEquals(Assert.java:647)
	at org.junit.Assert.assertEquals(Assert.java:633)
	at android.display.cts.DisplayTest.testGetDisplayAttrs(DisplayTest.java:545)

02-21 23:17:00 D/ModuleListener: ModuleListener.testRunEnded(830) on 27161FDH20031X
02-21 23:17:00 D/TestDevice: Uninstalling androidx.test.services with extra args 
02-21 23:17:00 D/TestDevice: Uninstalling android.display.cts with extra args 
02-21 23:17:00 D/TestDevice: Uninstalling android.app.stubs with extra args 
02-21 23:17:00 I/NativeDeviceStateMonitor: Device 27161FDH20031X is already ONLINE
02-21 23:17:00 I/NativeDeviceStateMonitor: Waiting 360000 ms for device 27161FDH20031X boot complete
02-21 23:17:00 I/DeviceStateMonitor: Waiting 359964 ms for device 27161FDH20031X package manager
02-21 23:17:01 I/NativeDeviceStateMonitor: Waiting 359904 ms for device 27161FDH20031X external store
02-21 23:17:01 I/ConsoleReporter: [27161FDH20031X] Starting arm64-v8a CtsDisplayTestCases with 1 test
02-21 23:17:01 I/ConsoleReporter: [1/1 arm64-v8a CtsDisplayTestCases 27161FDH20031X] android.display.cts.DisplayTest#testGetDisplayAttrs fail: java.lang.AssertionError: expected:<161> but was:<162>
	at org.junit.Assert.fail(Assert.java:89)
	at org.junit.Assert.failNotEquals(Assert.java:835)
	at org.junit.Assert.assertEquals(Assert.java:647)
	at org.junit.Assert.assertEquals(Assert.java:633)
	at android.display.cts.DisplayTest.testGetDisplayAttrs(DisplayTest.java:545)

02-21 23:17:01 I/ConsoleReporter: [27161FDH20031X] arm64-v8a CtsDisplayTestCases completed in 3s. 0 passed, 1 failed, 0 not executed
02-21 23:17:01 I/ITestSuite: Running system status checker after module execution: arm64-v8a CtsDisplayTestCases
02-21 23:17:01 D/NativeDevice: Using property ro.build.version.sdk=34 from cache.
02-21 23:17:01 D/NativeDevice: Using property ro.build.version.sdk=34 from cache.
02-21 23:17:01 D/NativeDevice: Using property ro.build.version.sdk=34 from cache.
02-21 23:17:01 I/NativeDeviceStateMonitor: Device 27161FDH20031X is already ONLINE
02-21 23:17:01 I/NativeDeviceStateMonitor: Waiting 360000 ms for device 27161FDH20031X boot complete
02-21 23:17:01 I/DeviceStateMonitor: Waiting 359959 ms for device 27161FDH20031X package manager
02-21 23:17:01 I/NativeDeviceStateMonitor: Waiting 359894 ms for device 27161FDH20031X external store
02-21 23:17:02 I/MonitoringUtils: Wifi Connectivity: passed check.
02-21 23:17:02 D/TestDevice: Output from KeyguardController:   KeyguardController:
    mKeyguardShowing=false
    mAodShowing=false
    mKeyguardGoingAway=false

02-21 23:17:02 E/LeakedThreadStatusChecker: We have 4 threads instead of 1. List: [Thread[Invocation-27161FDH20031X,5,Invocation-27161FDH20031X], Thread[BackgroundDeviceAction-logcat -b all -v threadtime,uid,5,Invocation-27161FDH20031X], Thread[Timer-1,5,Invocation-27161FDH20031X], Thread[grpc-default-worker-ELG-3-1,5,Invocation-27161FDH20031X]]
02-21 23:17:02 W/ITestSuite: System status checker [com.android.tradefed.suite.checker.LeakedThreadStatusChecker] failed
02-21 23:17:02 D/NativeDevice: Time offset = 1369 ms
02-21 23:17:02 D/DeviceSettingChecker: Begin postExecution for checking device setting
02-21 23:17:02 D/NativeDevice: Using property ro.build.version.sdk=34 from cache.
02-21 23:17:03 W/ITestSuite: There are failed system status checkers: {com.android.tradefed.suite.checker.LeakedThreadStatusChecker=We have 4 threads instead of 1. List: [Thread[Invocation-27161FDH20031X,5,Invocation-27161FDH20031X], Thread[BackgroundDeviceAction-logcat -b all -v threadtime,uid,5,Invocation-27161FDH20031X], Thread[Timer-1,5,Invocation-27161FDH20031X], Thread[grpc-default-worker-ELG-3-1,5,Invocation-27161FDH20031X]]}
02-21 23:17:03 D/FileUtil: Creating temp file at /home/simon/android-cts/tools/../../android-cts/results/2026.02.21_23.16.12/proto with prefix "tmp-proto" suffix ""
02-21 23:17:03 D/PrettyPrintDelimiter: 
=============================
===== TEST PHASE ENDING =====
=============================
02-21 23:17:03 D/LogFileSaver: Log data for device_logcat_test_27161FDH20031X is already compressed, skipping compression
02-21 23:17:03 D/FileUtil: Creating temp file at /home/simon/android-cts/tools/../../android-cts/logs/2026.02.21_23.16.12/inv_9171898061450307823 with prefix "device_logcat_test_27161FDH20031X_" suffix ".txt"
02-21 23:17:03 I/LogFileSaver: Saved log file /home/simon/android-cts/tools/../../android-cts/logs/2026.02.21_23.16.12/inv_9171898061450307823/device_logcat_test_27161FDH20031X_9778227582123207707.txt. [size=5031323, elapsed=2ms]
02-21 23:17:03 D/CertificationSuiteResultReporter: Saved logs for device_logcat_test_27161FDH20031X in /home/simon/android-cts/tools/../../android-cts/logs/2026.02.21_23.16.12/inv_9171898061450307823/device_logcat_test_27161FDH20031X_9778227582123207707.txt
02-21 23:17:03 D/LogFileSaver: Log data for device_logcat_test_27161FDH20031X is already compressed, skipping compression
02-21 23:17:03 D/FileUtil: Creating temp file at /tmp/13033356/cts/inv_726567457929803474/inv_10865161023681524810 with prefix "device_logcat_test_27161FDH20031X_" suffix ".txt"
02-21 23:17:03 I/LogFileSaver: Saved log file /tmp/13033356/cts/inv_726567457929803474/inv_10865161023681524810/device_logcat_test_27161FDH20031X_13329620374142229820.txt. [size=5031323, elapsed=2ms]
02-21 23:17:03 I/CommandInterrupter: Interrupt blocked
02-21 23:17:03 D/TestInvocation: Testing minimum responsiveness.
02-21 23:17:03 I/NativeDeviceStateMonitor: Device 27161FDH20031X is already ONLINE
02-21 23:17:03 D/RunUtil: Running command [adb, -s, 27161FDH20031X, shell, getprop, ro.build.version.sdk] with timeout: 45s
02-21 23:17:03 D/FileUtil: Creating temp file at /home/simon/android-cts/tools/../../android-cts/logs/2026.02.21_23.16.12/inv_9171898061450307823 with prefix "executeShellCommandLog_27161FDH20031X_" suffix ".txt.gz"
02-21 23:17:03 I/LogFileSaver: Saved gzip log file /home/simon/android-cts/tools/../../android-cts/logs/2026.02.21_23.16.12/inv_9171898061450307823/executeShellCommandLog_27161FDH20031X_10580124250631299232.txt.gz. [size=10, elapsed=0ms]
02-21 23:17:03 D/CertificationSuiteResultReporter: Saved logs for executeShellCommandLog_27161FDH20031X in /home/simon/android-cts/tools/../../android-cts/logs/2026.02.21_23.16.12/inv_9171898061450307823/executeShellCommandLog_27161FDH20031X_10580124250631299232.txt.gz
02-21 23:17:03 D/FileUtil: Creating temp file at /tmp/13033356/cts/inv_726567457929803474/inv_10865161023681524810 with prefix "executeShellCommandLog_27161FDH20031X_" suffix ".txt.gz"
02-21 23:17:03 I/LogFileSaver: Saved gzip log file /tmp/13033356/cts/inv_726567457929803474/inv_10865161023681524810/executeShellCommandLog_27161FDH20031X_15862312029069470670.txt.gz. [size=10, elapsed=0ms]
02-21 23:17:03 D/TestInvocation: Checking that devices are online.
02-21 23:17:03 I/NativeDeviceStateMonitor: Device 27161FDH20031X is already ONLINE
02-21 23:17:03 I/NativeDeviceStateMonitor: Waiting 180000 ms for device 27161FDH20031X boot complete
02-21 23:17:03 I/DeviceStateMonitor: Waiting 179934 ms for device 27161FDH20031X package manager
02-21 23:17:03 I/NativeDeviceStateMonitor: Waiting 179843 ms for device 27161FDH20031X external store
02-21 23:17:03 D/InvocationExecution: starting tearDown 'com.android.compatibility.common.tradefed.targetprep.PropertyCheck@2bd6105a' on device: '27161FDH20031X'
02-21 23:17:03 D/InvocationExecution: done with tearDown 'com.android.compatibility.common.tradefed.targetprep.PropertyCheck@2bd6105a' on device: '27161FDH20031X' in 0 ms
02-21 23:17:03 D/InvocationExecution: starting tearDown 'com.android.compatibility.common.tradefed.targetprep.PropertyCheck@1479040b' on device: '27161FDH20031X'
02-21 23:17:03 D/InvocationExecution: done with tearDown 'com.android.compatibility.common.tradefed.targetprep.PropertyCheck@1479040b' on device: '27161FDH20031X' in 0 ms
02-21 23:17:03 D/InvocationExecution: starting tearDown 'com.android.compatibility.common.tradefed.targetprep.PropertyCheck@fadd53' on device: '27161FDH20031X'
02-21 23:17:03 D/InvocationExecution: done with tearDown 'com.android.compatibility.common.tradefed.targetprep.PropertyCheck@fadd53' on device: '27161FDH20031X' in 0 ms
02-21 23:17:03 D/InvocationExecution: starting tearDown 'com.android.tradefed.targetprep.RunCommandTargetPreparer@2bd961d1' on device: '27161FDH20031X'
02-21 23:17:03 D/RunUtil: Running command [adb, -s, 27161FDH20031X, shell, settings, put, global, verifier_engprod, 0] with timeout: 2m 0s
02-21 23:17:03 D/InvocationExecution: done with tearDown 'com.android.tradefed.targetprep.RunCommandTargetPreparer@2bd961d1' on device: '27161FDH20031X' in 77 ms
02-21 23:17:03 D/InvocationExecution: starting tearDown 'com.android.tradefed.targetprep.RunCommandTargetPreparer@5c72ba84' on device: '27161FDH20031X'
02-21 23:17:03 D/RunUtil: Running command [adb, -s, 27161FDH20031X, shell, settings, put, global, package_verifier_enable, 1] with timeout: 2m 0s
02-21 23:17:03 D/InvocationExecution: done with tearDown 'com.android.tradefed.targetprep.RunCommandTargetPreparer@5c72ba84' on device: '27161FDH20031X' in 79 ms
02-21 23:17:03 D/InvocationExecution: starting tearDown 'com.android.compatibility.common.tradefed.targetprep.ReportLogCollector@660ce114' on device: '27161FDH20031X'
02-21 23:17:03 D/NativeDevice: Using property ro.build.version.sdk=34 from cache.
02-21 23:17:03 D/NativeDevice: Using 'ls' to check doesFileExist(/storage/emulated/0/report-log-files/)
02-21 23:17:03 D/RunUtil: Running command [adb, -s, 27161FDH20031X, shell, ls, '/storage/emulated/0/report-log-files/'] with timeout: 2m 0s
02-21 23:17:03 D/NativeDevice: File /storage/emulated/0/report-log-files/ does not exist.
stdout: 
stderr: ls: /storage/emulated/0/report-log-files/: No such file or directory

02-21 23:17:03 E/NativeDevice: Device path /sdcard/report-log-files/ does not exist to be pulled.
02-21 23:17:03 D/InvocationExecution: done with tearDown 'com.android.compatibility.common.tradefed.targetprep.ReportLogCollector@660ce114' on device: '27161FDH20031X' in 135 ms
02-21 23:17:03 D/InvocationExecution: starting tearDown 'com.android.compatibility.common.tradefed.targetprep.DeviceInfoCollector@23e820d8' on device: '27161FDH20031X'
02-21 23:17:03 D/InvocationExecution: done with tearDown 'com.android.compatibility.common.tradefed.targetprep.DeviceInfoCollector@23e820d8' on device: '27161FDH20031X' in 1 ms
02-21 23:17:03 D/InvocationExecution: starting tearDown 'com.android.tradefed.targetprep.RunCommandTargetPreparer@7d3b8a49' on device: '27161FDH20031X'
02-21 23:17:03 D/InvocationExecution: done with tearDown 'com.android.tradefed.targetprep.RunCommandTargetPreparer@7d3b8a49' on device: '27161FDH20031X' in 0 ms
02-21 23:17:03 D/InvocationExecution: starting tearDown 'com.android.compatibility.common.tradefed.targetprep.WifiCheck@6d3bab25' on device: '27161FDH20031X'
02-21 23:17:03 D/InvocationExecution: done with tearDown 'com.android.compatibility.common.tradefed.targetprep.WifiCheck@6d3bab25' on device: '27161FDH20031X' in 0 ms
02-21 23:17:03 D/InvocationExecution: starting tearDown 'com.android.compatibility.common.tradefed.targetprep.ApkPreconditionCheck@dbb6481' on device: '27161FDH20031X'
02-21 23:17:03 D/InvocationExecution: done with tearDown 'com.android.compatibility.common.tradefed.targetprep.ApkPreconditionCheck@dbb6481' on device: '27161FDH20031X' in 0 ms
02-21 23:17:03 D/InvocationExecution: starting tearDown 'com.android.compatibility.common.tradefed.targetprep.SettingsPreparer@4ba01a61' on device: '27161FDH20031X'
02-21 23:17:03 D/InvocationExecution: done with tearDown 'com.android.compatibility.common.tradefed.targetprep.SettingsPreparer@4ba01a61' on device: '27161FDH20031X' in 0 ms
02-21 23:17:03 D/InvocationExecution: starting tearDown 'com.android.compatibility.common.tradefed.targetprep.SettingsPreparer@64e722df' on device: '27161FDH20031X'
02-21 23:17:03 D/InvocationExecution: done with tearDown 'com.android.compatibility.common.tradefed.targetprep.SettingsPreparer@64e722df' on device: '27161FDH20031X' in 0 ms
02-21 23:17:03 D/InvocationExecution: starting tearDown 'com.android.compatibility.common.tradefed.targetprep.PackageDisabler@34c94a30' on device: '27161FDH20031X'
02-21 23:17:03 D/InvocationExecution: done with tearDown 'com.android.compatibility.common.tradefed.targetprep.PackageDisabler@34c94a30' on device: '27161FDH20031X' in 0 ms
02-21 23:17:03 D/InvocationExecution: starting tearDown 'com.android.compatibility.common.tradefed.targetprep.StayAwakePreparer@16d5eafd' on device: '27161FDH20031X'
02-21 23:17:03 D/InvocationExecution: done with tearDown 'com.android.compatibility.common.tradefed.targetprep.StayAwakePreparer@16d5eafd' on device: '27161FDH20031X' in 0 ms
02-21 23:17:03 D/InvocationExecution: starting tearDown 'com.android.compatibility.common.tradefed.targetprep.DynamicConfigPusher@2489cd9e' on device: '27161FDH20031X'
02-21 23:17:03 D/InvocationExecution: done with tearDown 'com.android.compatibility.common.tradefed.targetprep.DynamicConfigPusher@2489cd9e' on device: '27161FDH20031X' in 0 ms
02-21 23:17:03 D/InvocationExecution: starting tearDown 'com.android.compatibility.common.tradefed.targetprep.DeviceFileCollector@7eedc659' on device: '27161FDH20031X'
02-21 23:17:03 D/InvocationExecution: done with tearDown 'com.android.compatibility.common.tradefed.targetprep.DeviceFileCollector@7eedc659' on device: '27161FDH20031X' in 0 ms
02-21 23:17:03 D/InvocationExecution: starting tearDown 'com.android.compatibility.common.tradefed.targetprep.DeviceFileCollector@13b7d240' on device: '27161FDH20031X'
02-21 23:17:03 D/InvocationExecution: done with tearDown 'com.android.compatibility.common.tradefed.targetprep.DeviceFileCollector@13b7d240' on device: '27161FDH20031X' in 0 ms
02-21 23:17:03 D/TestDevice: Uninstalling com.android.tradefed.utils.wifi with extra args 
02-21 23:17:04 D/WifiHelper: Successfully clean up WifiHelper.
02-21 23:17:04 D/RunUtil: Running command [id, -u, simon] with timeout: 1m 0s
02-21 23:17:04 D/RunUtil: Running command [tail, -c, 10MB, /tmp/adb.1000.log] with timeout: 1m 0s
02-21 23:17:04 D/LogFileSaver: Log data for host_adb_log is already compressed, skipping compression
02-21 23:17:04 D/FileUtil: Creating temp file at /home/simon/android-cts/tools/../../android-cts/logs/2026.02.21_23.16.12/inv_9171898061450307823 with prefix "host_adb_log_" suffix ".txt"
02-21 23:17:04 I/LogFileSaver: Saved log file /home/simon/android-cts/tools/../../android-cts/logs/2026.02.21_23.16.12/inv_9171898061450307823/host_adb_log_1060522165391995605.txt. [size=17554, elapsed=1ms]
02-21 23:17:04 D/CertificationSuiteResultReporter: Saved logs for host_adb_log in /home/simon/android-cts/tools/../../android-cts/logs/2026.02.21_23.16.12/inv_9171898061450307823/host_adb_log_1060522165391995605.txt
02-21 23:17:04 D/LogFileSaver: Log data for host_adb_log is already compressed, skipping compression
02-21 23:17:04 D/FileUtil: Creating temp file at /tmp/13033356/cts/inv_726567457929803474/inv_10865161023681524810 with prefix "host_adb_log_" suffix ".txt"
02-21 23:17:04 I/LogFileSaver: Saved log file /tmp/13033356/cts/inv_726567457929803474/inv_10865161023681524810/host_adb_log_8233761818169065115.txt. [size=17554, elapsed=0ms]
02-21 23:17:04 D/LogFileSaver: Log data for device_logcat_teardown_27161FDH20031X is already compressed, skipping compression
02-21 23:17:04 D/FileUtil: Creating temp file at /home/simon/android-cts/tools/../../android-cts/logs/2026.02.21_23.16.12/inv_9171898061450307823 with prefix "device_logcat_teardown_27161FDH20031X_" suffix ".txt"
02-21 23:17:04 I/LogFileSaver: Saved log file /home/simon/android-cts/tools/../../android-cts/logs/2026.02.21_23.16.12/inv_9171898061450307823/device_logcat_teardown_27161FDH20031X_1788630813158640434.txt. [size=2314, elapsed=0ms]
02-21 23:17:04 D/CertificationSuiteResultReporter: Saved logs for device_logcat_teardown_27161FDH20031X in /home/simon/android-cts/tools/../../android-cts/logs/2026.02.21_23.16.12/inv_9171898061450307823/device_logcat_teardown_27161FDH20031X_1788630813158640434.txt
02-21 23:17:04 D/LogFileSaver: Log data for device_logcat_teardown_27161FDH20031X is already compressed, skipping compression
02-21 23:17:04 D/FileUtil: Creating temp file at /tmp/13033356/cts/inv_726567457929803474/inv_10865161023681524810 with prefix "device_logcat_teardown_27161FDH20031X_" suffix ".txt"
02-21 23:17:04 I/LogFileSaver: Saved log file /tmp/13033356/cts/inv_726567457929803474/inv_10865161023681524810/device_logcat_teardown_27161FDH20031X_17671086040612050962.txt. [size=2314, elapsed=0ms]
02-21 23:17:04 I/TestInvocation: Done stopping logcat for 27161FDH20031X
02-21 23:17:04 D/BackgroundDeviceAction: com.android.ddmlib.TimeoutException while running logcat on 27161FDH20031X. May see duplicated content in log.
02-21 23:17:04 D/BackgroundDeviceAction: Waiting for device 27161FDH20031X online before starting.
02-21 23:17:04 D/CommandScheduler: TestDeviceState for releasing '27161FDH20031X(class com.android.tradefed.device.TestDevice)' is 'ONLINE'
02-21 23:17:04 I/NativeDeviceStateMonitor: Waiting 30000 ms for device 27161FDH20031X shell to be responsive
02-21 23:17:04 I/NativeDeviceStateMonitor: shell ready. id output: uid=2000(shell) gid=2000(shell) groups=2000(shell),1004(input),1007(log),1011(adb),1015(sdcard_rw),1028(sdcard_r),1078(ext_data_rw),1079(ext_obb_rw),3001(net_bt_admin),3002(net_bt),3003(inet),3006(net_bw_stats),3009(readproc),3011(uhid),3012(readtracefs) context=u:r:shell:s0

02-21 23:17:04 D/CommandScheduler: Release map of the devices: {com.android.tradefed.device.TestDevice@d9c9343=AVAILABLE}
02-21 23:17:04 W/NativeDevice: Attempting to stop logcat when not capturing for 27161FDH20031X
02-21 23:17:04 D/TestDevice: No snapuserd notification in progress for BLOCK_BEFORE_RELEASING
