
âÓ
]Android/aosp_panther/panther:14/AP2A.240905.003/eng.simon.20260219.184306:userdebug/test-keys„
adb_versionu1.0.41 subVersion: 35.0.1-eng.simon.20250807.040149 install path: /home/simon/aosp-panther/out/host/linux-x86/bin/adb8
check_device_availability1771506482327:1771506482763
collector_time_ms4A
command_line_args,cts -m CtsDisplayTestCases -s 27161FDH20031X
delete_device_file_count1 
delete_device_file_time_ms41
device_count1&
device_done_timestamp1771506483360“
device_kernel_info}Linux localhost 5.10.198-android13-4-00050-g12f3388846c3-ab11920634 #1 SMP PREEMPT Mon Jun 3 20:51:42 UTC 2024 aarch64 Toybox!
device_release_state	AVAILABLE
does_file_exists_count7
does_file_exists_time_ms370/
dynamic_download1771506277072:1771506277083-
fetch_artifact1771506277083:1771506277088
fetch_build_time_ms5
has_any_run_failurestrueO
instru_collect_tests71771506311932:1771506312776,1771506400545:1771506401605d
 invocation-external-dependencies@com.android.tradefed.dependencies.connectivity.NetworkDependency
invocation-id11
invocation_warm_up1771506277069:1771506277071‚’
java_classpathî‘/tmp/xts-root-dir-478704b6-25cb-47f6-864e-b48b116f52c5/android-cts/tools/tradefed.jar:/tmp/xts-root-dir-478704b6-25cb-47f6-864e-b48b116f52c5/android-cts/tools/cts-tradefed-tests.jar:/tmp/xts-root-dir-478704b6-25cb-47f6-864e-b48b116f52c5/android-cts/tools/loganalysis.jar:/tmp/xts-root-dir-478704b6-25cb-47f6-864e-b48b116f52c5/android-cts/tools/compatibility-host-util.jar:/tmp/xts-root-dir-478704b6-25cb-47f6-864e-b48b116f52c5/android-cts/tools/cts-tradefed.jar:/tmp/xts-root-dir-478704b6-25cb-47f6-864e-b48b116f52c5/android-cts/tools/compatibility-tradefed.jar:/tmp/xts-root-dir-478704b6-25cb-47f6-864e-b48b116f52c5/android-cts/testcases/CtsJvmtiRunTest1978HostTestCases/CtsJvmtiRunTest1978HostTestCases.jar:/tmp/xts-root-dir-478704b6-25cb-47f6-864e-b48b116f52c5/android-cts/testcases/CtsSustainedPerformanceHostTestCases/CtsSustainedPerformanceHostTestCases.jar:/tmp/xts-root-dir-478704b6-25cb-47f6-864e-b48b116f52c5/android-cts/testcases/CtsJvmtiRunTest910HostTestCases/CtsJvmtiRunTest910HostTestCases.jar:/tmp/xts-root-dir-478704b6-25cb-47f6-864e-b48b116f52c5/android-cts/testcases/CtsCarBuiltinApiHostTestCases/CtsCarBuiltinApiHostTestCases.jar:/tmp/xts-root-dir-478704b6-25cb-47f6-864e-b48b116f52c5/android-cts/testcases/CtsJvmtiRunTest945HostTestCases/CtsJvmtiRunTest945HostTestCases.jar:/tmp/xts-root-dir-478704b6-25cb-47f6-864e-b48b116f52c5/android-cts/testcases/CtsJvmtiRunTest990HostTestCases/CtsJvmtiRunTest990HostTestCases.jar:/tmp/xts-root-dir-478704b6-25cb-47f6-864e-b48b116f52c5/android-cts/testcases/CtsBlobStoreHostTestCases/CtsBlobStoreHostTestCases.jar:/tmp/xts-root-dir-478704b6-25cb-47f6-864e-b48b116f52c5/android-cts/testcases/CtsJvmtiRunTest951HostTestCases/CtsJvmtiRunTest951HostTestCases.jar:/tmp/xts-root-dir-478704b6-25cb-47f6-864e-b48b116f52c5/android-cts/testcases/CtsSystemUiHostTestCases/CtsSystemUiHostTestCases.jar:/tmp/xts-root-dir-478704b6-25cb-47f6-864e-b48b116f52c5/android-cts/testcases/net-tests-utils-host-common/net-tests-utils-host-common.jar:/tmp/xts-root-dir-478704b6-25cb-47f6-864e-b48b116f52c5/android-cts/testcases/CtsJvmtiRunTest2001HostTestCases/CtsJvmtiRunTest2001HostTestCases.jar:/tmp/xts-root-dir-478704b6-25cb-47f6-864e-b48b116f52c5/android-cts/testcases/CtsBiometricsHostTestCases/CtsBiometricsHostTestCases.jar:/tmp/xts-root-dir-478704b6-25cb-47f6-864e-b48b116f52c5/android-cts/testcases/CtsHealthConnectHostTestCases/CtsHealthConnectHostTestCases.jar:/tmp/xts-root-dir-478704b6-25cb-47f6-864e-b48b116f52c5/android-cts/testcases/CtsIcu4cTestCases/CtsIcu4cTestCases.jar:/tmp/xts-root-dir-478704b6-25cb-47f6-864e-b48b116f52c5/android-cts/testcases/CtsIcu4cTestCases/ICU4CTestRunner.jar:/tmp/xts-root-dir-478704b6-25cb-47f6-864e-b48b116f52c5/android-cts/testcases/CtsJvmtiRunTest912HostTestCases/CtsJvmtiRunTest912HostTestCases.jar:/tmp/xts-root-dir-478704b6-25cb-47f6-864e-b48b116f52c5/android-cts/testcases/CtsAccountsHostTestCases/CtsAccountsHostTestCases.jar:/tmp/xts-root-dir-478704b6-25cb-47f6-864e-b48b116f52c5/android-cts/testcases/CtsJvmtiRunTest1920HostTestCases/CtsJvmtiRunTest1920HostTestCases.jar:/tmp/xts-root-dir-478704b6-25cb-47f6-864e-b48b116f52c5/android-cts/testcases/CtsJdwpSecurityHostTestCases/CtsJdwpSecurityHostTestCases.jar:/tmp/xts-root-dir-478704b6-25cb-47f6-864e-b48b116f52c5/android-cts/testcases/CtsJdwpSecurityHostTestCases/CtsJdwpApp.jar:/tmp/xts-root-dir-478704b6-25cb-47f6-864e-b48b116f52c5/android-cts/testcases/CtsJvmtiRunTest1910HostTestCases/CtsJvmtiRunTest1910HostTestCases.jar:/tmp/xts-root-dir-478704b6-25cb-47f6-864e-b48b116f52c5/android-cts/testcases/CtsJvmtiRunTest1962HostTestCases/CtsJvmtiRunTest1962HostTestCases.jar:/tmp/xts-root-dir-478704b6-25cb-47f6-864e-b48b116f52c5/android-cts/testcases/CtsJvmtiRunTest920HostTestCases/CtsJvmtiRunTest920HostTestCases.jar:/tmp/xts-root-dir-478704b6-25cb-47f6-864e-b48b116f52c5/android-cts/testcases/CtsMultiUserHostTestCases/CtsMultiUserHostTestCases.jar:/tmp/xts-root-dir-478704b6-25cb-47f6-864e-b48b116f52c5/android-cts/testcases/CtsGwpAsanTestCases/CtsGwpAsanTestCases.jar:/tmp/xts-root-dir-478704b6-25cb-47f6-864e-b48b116f52c5/android-cts/testcases/CtsSilentUpdateHostTestCases/CtsSilentUpdateHostTestCases.jar:/tmp/xts-root-dir-478704b6-25cb-47f6-864e-b48b116f52c5/android-cts/testcases/CtsClasspathsTestCases/CtsClasspathsTestCases.jar:/tmp/xts-root-dir-478704b6-25cb-47f6-864e-b48b116f52c5/android-cts/testcases/CtsJvmtiRunTest1991HostTestCases/CtsJvmtiRunTest1991HostTestCases.jar:/tmp/xts-root-dir-478704b6-25cb-47f6-864e-b48b116f52c5/android-cts/testcases/CtsSdkSandboxHostSideTests/CtsSdkSandboxHostSideTests.jar:/tmp/xts-root-dir-478704b6-25cb-47f6-864e-b48b116f52c5/android-cts/testcases/CtsSyncContentHostTestCases/CtsSyncContentHostTestCases.jar:/tmp/xts-root-dir-478704b6-25cb-47f6-864e-b48b116f52c5/android-cts/testcases/CtsJvmtiRunTest1941HostTestCases/CtsJvmtiRunTest1941HostTestCases.jar:/tmp/xts-root-dir-478704b6-25cb-47f6-864e-b48b116f52c5/android-cts/testcases/CtsJvmtiRunTest2004HostTestCases/CtsJvmtiRunTest2004HostTestCases.jar:/tmp/xts-root-dir-478704b6-25cb-47f6-864e-b48b116f52c5/android-cts/testcases/odsign_e2e_tests/odsign_e2e_tests.jar:/tmp/xts-root-dir-478704b6-25cb-47f6-864e-b48b116f52c5/android-cts/testcases/CtsInputMethodServiceHostTestCases/CtsInputMethodServiceHostTestCases.jar:/tmp/xts-root-dir-478704b6-25cb-47f6-864e-b48b116f52c5/android-cts/testcases/CtsJvmtiRunTest2005HostTestCases/CtsJvmtiRunTest2005HostTestCases.jar:/tmp/xts-root-dir-478704b6-25cb-47f6-864e-b48b116f52c5/android-cts/testcases/CtsAppSecurityHostTestCases/CtsAppSecurityHostTestCases.jar:/tmp/xts-root-dir-478704b6-25cb-47f6-864e-b48b116f52c5/android-cts/testcases/CtsSettingsHostTestCases/CtsSettingsHostTestCases.jar:/tmp/xts-root-dir-478704b6-25cb-47f6-864e-b48b116f52c5/android-cts/testcases/CtsJvmtiRunTest1937HostTestCases/CtsJvmtiRunTest1937HostTestCases.jar:/tmp/xts-root-dir-478704b6-25cb-47f6-864e-b48b116f52c5/android-cts/testcases/CtsJvmtiRunTest1958HostTestCases/CtsJvmtiRunTest1958HostTestCases.jar:/tmp/xts-root-dir-478704b6-25cb-47f6-864e-b48b116f52c5/android-cts/testcases/CtsTestHarnessModeTestCases/CtsTestHarnessModeTestCases.jar:/tmp/xts-root-dir-478704b6-25cb-47f6-864e-b48b116f52c5/android-cts/testcases/CtsOsHostTestCases/CtsOsHostTestCases.jar:/tmp/xts-root-dir-478704b6-25cb-47f6-864e-b48b116f52c5/android-cts/testcases/CtsCarHostNonRecoverableTestCases/CtsCarHostNonRecoverableTestCases.jar:/tmp/xts-root-dir-478704b6-25cb-47f6-864e-b48b116f52c5/android-cts/testcases/CtsJvmtiRunTest932HostTestCases/CtsJvmtiRunTest932HostTestCases.jar:/tmp/xts-root-dir-478704b6-25cb-47f6-864e-b48b116f52c5/android-cts/testcases/CtsJvmtiRunTest2002HostTestCases/CtsJvmtiRunTest2002HostTestCases.jar:/tmp/xts-root-dir-478704b6-25cb-47f6-864e-b48b116f52c5/android-cts/testcases/CtsLocationTimeZoneManagerHostTest/CtsLocationTimeZoneManagerHostTest.jar:/tmp/xts-root-dir-478704b6-25cb-47f6-864e-b48b116f52c5/android-cts/testcases/CtsJvmtiRunTest1902HostTestCases/CtsJvmtiRunTest1902HostTestCases.jar:/tmp/xts-root-dir-478704b6-25cb-47f6-864e-b48b116f52c5/android-cts/testcases/CtsDumpsysHostTestCases/CtsDumpsysHostTestCases.jar:/tmp/xts-root-dir-478704b6-25cb-47f6-864e-b48b116f52c5/android-cts/testcases/CtsInputMethodServiceLib/arm64/CtsInputMethodServiceLib.jar:/tmp/xts-root-dir-478704b6-25cb-47f6-864e-b48b116f52c5/android-cts/testcases/CtsJvmtiRunTest1917HostTestCases/CtsJvmtiRunTest1917HostTestCases.jar:/tmp/xts-root-dir-478704b6-25cb-47f6-864e-b48b116f52c5/android-cts/testcases/CtsJvmtiRunTest1982HostTestCases/CtsJvmtiRunTest1982HostTestCases.jar:/tmp/xts-root-dir-478704b6-25cb-47f6-864e-b48b116f52c5/android-cts/testcases/CtsJvmtiTaggingHostTestCases/CtsJvmtiTaggingHostTestCases.jar:/tmp/xts-root-dir-478704b6-25cb-47f6-864e-b48b116f52c5/android-cts/testcases/CtsAppCloningHostTest/CtsAppCloningHostTest.jar:/tmp/xts-root-dir-478704b6-25cb-47f6-864e-b48b116f52c5/android-cts/testcases/CtsJvmtiTrackingHostTestCases/CtsJvmtiTrackingHostTestCases.jar:/tmp/xts-root-dir-478704b6-25cb-47f6-864e-b48b116f52c5/android-cts/testcases/CtsJvmtiRunTest1940HostTestCases/CtsJvmtiRunTest1940HostTestCases.jar:/tmp/xts-root-dir-478704b6-25cb-47f6-864e-b48b116f52c5/android-cts/testcases/CtsJvmtiRunTest2006HostTestCases/CtsJvmtiRunTest2006HostTestCases.jar:/tmp/xts-root-dir-478704b6-25cb-47f6-864e-b48b116f52c5/android-cts/testcases/CtsJvmtiRunTest993HostTestCases/CtsJvmtiRunTest993HostTestCases.jar:/tmp/xts-root-dir-478704b6-25cb-47f6-864e-b48b116f52c5/android-cts/testcases/CtsDeviceIdleHostTestCases/CtsDeviceIdleHostTestCases.jar:/tmp/xts-root-dir-478704b6-25cb-47f6-864e-b48b116f52c5/android-cts/testcases/CtsAppBindingHostTestCases/CtsAppBindingHostTestCases.jar:/tmp/xts-root-dir-478704b6-25cb-47f6-864e-b48b116f52c5/android-cts/testcases/CtsLocaleManagerHostTestCases/CtsLocaleManagerHostTestCases.jar:/tmp/xts-root-dir-478704b6-25cb-47f6-864e-b48b116f52c5/android-cts/testcases/CtsJvmtiRunTest947HostTestCases/CtsJvmtiRunTest947HostTestCases.jar:/tmp/xts-root-dir-478704b6-25cb-47f6-864e-b48b116f52c5/android-cts/testcases/CtsCarrierApiTargetPrep/CtsCarrierApiTargetPrep.jar:/tmp/xts-root-dir-478704b6-25cb-47f6-864e-b48b116f52c5/android-cts/testcases/CtsStagedInstallHostTestCases/CtsStagedInstallHostTestCases.jar:/tmp/xts-root-dir-478704b6-25cb-47f6-864e-b48b116f52c5/android-cts/testcases/CtsJvmtiRunTest1970HostTestCases/CtsJvmtiRunTest1970HostTestCases.jar:/tmp/xts-root-dir-478704b6-25cb-47f6-864e-b48b116f52c5/android-cts/testcases/MicrodroidHostTestCases/MicrodroidHostTestCases.jar:/tmp/xts-root-dir-478704b6-25cb-47f6-864e-b48b116f52c5/android-cts/testcases/CtsJvmtiRunTest1994HostTestCases/CtsJvmtiRunTest1994HostTestCases.jar:/tmp/xts-root-dir-478704b6-25cb-47f6-864e-b48b116f52c5/android-cts/testcases/CtsBootDisplayModeTestCases/CtsBootDisplayModeTestCases.jar:/tmp/xts-root-dir-478704b6-25cb-47f6-864e-b48b116f52c5/android-cts/testcases/CtsHostsideNetworkTests/CtsHostsideNetworkTests.jar:/tmp/xts-root-dir-478704b6-25cb-47f6-864e-b48b116f52c5/android-cts/testcases/CtsJvmtiRunTest1968HostTestCases/CtsJvmtiRunTest1968HostTestCases.jar:/tmp/xts-root-dir-478704b6-25cb-47f6-864e-b48b116f52c5/android-cts/testcases/CtsJvmtiRunTest1989HostTestCases/CtsJvmtiRunTest1989HostTestCases.jar:/tmp/xts-root-dir-478704b6-25cb-47f6-864e-b48b116f52c5/android-cts/testcases/CtsScopedStorageHostTest/CtsScopedStorageHostTest.jar:/tmp/xts-root-dir-478704b6-25cb-47f6-864e-b48b116f52c5/android-cts/testcases/CtsJvmtiRunTest922HostTestCases/CtsJvmtiRunTest922HostTestCases.jar:/tmp/xts-root-dir-478704b6-25cb-47f6-864e-b48b116f52c5/android-cts/testcases/CtsJvmtiRunTest1939HostTestCases/CtsJvmtiRunTest1939HostTestCases.jar:/tmp/xts-root-dir-478704b6-25cb-47f6-864e-b48b116f52c5/android-cts/testcases/CtsJvmtiRunTest1936HostTestCases/CtsJvmtiRunTest1936HostTestCases.jar:/tmp/xts-root-dir-478704b6-25cb-47f6-864e-b48b116f52c5/android-cts/testcases/CtsDeqpTestCases/CtsDeqpTestCases.jar:/tmp/xts-root-dir-478704b6-25cb-47f6-864e-b48b116f52c5/android-cts/testcases/CtsCarHostTestCases/CtsCarHostTestCases.jar:/tmp/xts-root-dir-478704b6-25cb-47f6-864e-b48b116f52c5/android-cts/testcases/CtsClasspathDeviceInfoTestCases/CtsClasspathDeviceInfoTestCases.jar:/tmp/xts-root-dir-478704b6-25cb-47f6-864e-b48b116f52c5/android-cts/testcases/CtsJvmtiRunTest1932HostTestCases/CtsJvmtiRunTest1932HostTestCases.jar:/tmp/xts-root-dir-478704b6-25cb-47f6-864e-b48b116f52c5/android-cts/testcases/CtsJvmtiRunTest924HostTestCases/CtsJvmtiRunTest924HostTestCases.jar:/tmp/xts-root-dir-478704b6-25cb-47f6-864e-b48b116f52c5/android-cts/testcases/CtsJvmtiRunTest1995HostTestCases/CtsJvmtiRunTest1995HostTestCases.jar:/tmp/xts-root-dir-478704b6-25cb-47f6-864e-b48b116f52c5/android-cts/testcases/CtsJvmtiRunTest994HostTestCases/CtsJvmtiRunTest994HostTestCases.jar:/tmp/xts-root-dir-478704b6-25cb-47f6-864e-b48b116f52c5/android-cts/testcases/CtsJvmtiRunTest1933HostTestCases/CtsJvmtiRunTest1933HostTestCases.jar:/tmp/xts-root-dir-478704b6-25cb-47f6-864e-b48b116f52c5/android-cts/testcases/CtsPackageManagerPreferredActivityHostTestCases/CtsPackageManagerPreferredActivityHostTestCases.jar:/tmp/xts-root-dir-478704b6-25cb-47f6-864e-b48b116f52c5/android-cts/testcases/CtsJvmtiRunTest1911HostTestCases/CtsJvmtiRunTest1911HostTestCases.jar:/tmp/xts-root-dir-478704b6-25cb-47f6-864e-b48b116f52c5/android-cts/testcases/CtsVideoEncodingQualityHostTestCases/CtsVideoEncodingQualityHostTestCases.jar:/tmp/xts-root-dir-478704b6-25cb-47f6-864e-b48b116f52c5/android-cts/testcases/CtsJvmtiRunTest988HostTestCases/CtsJvmtiRunTest988HostTestCases.jar:/tmp/xts-root-dir-478704b6-25cb-47f6-864e-b48b116f52c5/android-cts/testcases/CtsJvmtiRunTest908HostTestCases/CtsJvmtiRunTest908HostTestCases.jar:/tmp/xts-root-dir-478704b6-25cb-47f6-864e-b48b116f52c5/android-cts/testcases/CtsJvmtiRunTest940HostTestCases/CtsJvmtiRunTest940HostTestCases.jar:/tmp/xts-root-dir-478704b6-25cb-47f6-864e-b48b116f52c5/android-cts/testcases/CtsJvmtiRunTest1988HostTestCases/CtsJvmtiRunTest1988HostTestCases.jar:/tmp/xts-root-dir-478704b6-25cb-47f6-864e-b48b116f52c5/android-cts/testcases/CtsJvmtiRunTest1927HostTestCases/CtsJvmtiRunTest1927HostTestCases.jar:/tmp/xts-root-dir-478704b6-25cb-47f6-864e-b48b116f52c5/android-cts/testcases/CtsJvmtiRunTest1971HostTestCases/CtsJvmtiRunTest1971HostTestCases.jar:/tmp/xts-root-dir-478704b6-25cb-47f6-864e-b48b116f52c5/android-cts/testcases/CtsJvmtiRunTest927HostTestCases/CtsJvmtiRunTest927HostTestCases.jar:/tmp/xts-root-dir-478704b6-25cb-47f6-864e-b48b116f52c5/android-cts/testcases/CtsJvmtiRunTest923HostTestCases/CtsJvmtiRunTest923HostTestCases.jar:/tmp/xts-root-dir-478704b6-25cb-47f6-864e-b48b116f52c5/android-cts/testcases/CtsUsesLibraryHostTestCases/CtsUsesLibraryHostTestCases.jar:/tmp/xts-root-dir-478704b6-25cb-47f6-864e-b48b116f52c5/android-cts/testcases/CtsAdbHostTestCases/CtsAdbHostTestCases.jar:/tmp/xts-root-dir-478704b6-25cb-47f6-864e-b48b116f52c5/android-cts/testcases/CtsJvmtiRunTest1908HostTestCases/CtsJvmtiRunTest1908HostTestCases.jar:/tmp/xts-root-dir-478704b6-25cb-47f6-864e-b48b116f52c5/android-cts/testcases/CtsJvmtiRunTest1915HostTestCases/CtsJvmtiRunTest1915HostTestCases.jar:/tmp/xts-root-dir-478704b6-25cb-47f6-864e-b48b116f52c5/android-cts/testcases/CtsJvmtiRunTest1977HostTestCases/CtsJvmtiRunTest1977HostTestCases.jar:/tmp/xts-root-dir-478704b6-25cb-47f6-864e-b48b116f52c5/android-cts/testcases/CtsStrictJavaPackagesTestCases/CtsStrictJavaPackagesTestCases.jar:/tmp/xts-root-dir-478704b6-25cb-47f6-864e-b48b116f52c5/android-cts/testcases/CtsGpuProfilingDataTestCases/CtsGpuProfilingDataTestCases.jar:/tmp/xts-root-dir-478704b6-25cb-47f6-864e-b48b116f52c5/android-cts/testcases/CtsHdmiCecHostTestCases/CtsHdmiCecHostTestCases.jar:/tmp/xts-root-dir-478704b6-25cb-47f6-864e-b48b116f52c5/android-cts/testcases/CtsExtractNativeLibsHostTestCases/CtsExtractNativeLibsHostTestCases.jar:/tmp/xts-root-dir-478704b6-25cb-47f6-864e-b48b116f52c5/android-cts/testcases/CtsJvmtiRunTest1975HostTestCases/CtsJvmtiRunTest1975HostTestCases.jar:/tmp/xts-root-dir-478704b6-25cb-47f6-864e-b48b116f52c5/android-cts/testcases/CtsJvmtiRunTest985HostTestCases/CtsJvmtiRunTest985HostTestCases.jar:/tmp/xts-root-dir-478704b6-25cb-47f6-864e-b48b116f52c5/android-cts/testcases/CtsDexMetadataHostTestCases/CtsDexMetadataHostTestCases.jar:/tmp/xts-root-dir-478704b6-25cb-47f6-864e-b48b116f52c5/android-cts/testcases/CtsJvmtiRunTest1983HostTestCases/CtsJvmtiRunTest1983HostTestCases.jar:/tmp/xts-root-dir-478704b6-25cb-47f6-864e-b48b116f52c5/android-cts/testcases/CtsStatsdAtomHostTestCases/CtsStatsdAtomHostTestCases.jar:/tmp/xts-root-dir-478704b6-25cb-47f6-864e-b48b116f52c5/android-cts/testcases/CtsPackageManagerParsingHostTestCases/CtsPackageManagerParsingHostTestCases.jar:/tmp/xts-root-dir-478704b6-25cb-47f6-864e-b48b116f52c5/android-cts/testcases/CtsJvmtiRunTest989HostTestCases/CtsJvmtiRunTest989HostTestCases.jar:/tmp/xts-root-dir-478704b6-25cb-47f6-864e-b48b116f52c5/android-cts/testcases/CtsJvmtiRunTest913HostTestCases/CtsJvmtiRunTest913HostTestCases.jar:/tmp/xts-root-dir-478704b6-25cb-47f6-864e-b48b116f52c5/android-cts/testcases/CtsIncrementalInstallHostTestCases/CtsIncrementalInstallHostTestCases.jar:/tmp/xts-root-dir-478704b6-25cb-47f6-864e-b48b116f52c5/android-cts/testcases/MicrodroidTestPreparer/MicrodroidTestPreparer.jar:/tmp/xts-root-dir-478704b6-25cb-47f6-864e-b48b116f52c5/android-cts/testcases/CtsJdwpTunnelHostTestCases/jdi-support.jar:/tmp/xts-root-dir-478704b6-25cb-47f6-864e-b48b116f52c5/android-cts/testcases/CtsJdwpTunnelHostTestCases/CtsJdwpTunnelHostTestCases.jar:/tmp/xts-root-dir-478704b6-25cb-47f6-864e-b48b116f52c5/android-cts/testcases/CtsAppSearchHostTestCases/CtsAppSearchHostTestCases.jar:/tmp/xts-root-dir-478704b6-25cb-47f6-864e-b48b116f52c5/android-cts/testcases/CtsSignedConfigHostTestCases/CtsSignedConfigHostTestCases.jar:/tmp/xts-root-dir-478704b6-25cb-47f6-864e-b48b116f52c5/android-cts/testcases/CtsJvmtiRunTest903HostTestCases/CtsJvmtiRunTest903HostTestCases.jar:/tmp/xts-root-dir-478704b6-25cb-47f6-864e-b48b116f52c5/android-cts/testcases/CtsJvmtiRunTest906HostTestCases/CtsJvmtiRunTest906HostTestCases.jar:/tmp/xts-root-dir-478704b6-25cb-47f6-864e-b48b116f52c5/android-cts/testcases/CtsSecurityHostTestCases/CtsSecurityHostTestCases.jar:/tmp/xts-root-dir-478704b6-25cb-47f6-864e-b48b116f52c5/android-cts/testcases/CtsJvmtiRunTest1907HostTestCases/CtsJvmtiRunTest1907HostTestCases.jar:/tmp/xts-root-dir-478704b6-25cb-47f6-864e-b48b116f52c5/android-cts/testcases/CtsJvmtiRunTest911HostTestCases/CtsJvmtiRunTest911HostTestCases.jar:/tmp/xts-root-dir-478704b6-25cb-47f6-864e-b48b116f52c5/android-cts/testcases/CtsHostsideNumberBlockingTestCases/CtsHostsideNumberBlockingTestCases.jar:/tmp/xts-root-dir-478704b6-25cb-47f6-864e-b48b116f52c5/android-cts/testcases/CtsJvmtiRunTest1979HostTestCases/CtsJvmtiRunTest1979HostTestCases.jar:/tmp/xts-root-dir-478704b6-25cb-47f6-864e-b48b116f52c5/android-cts/testcases/CtsGpuToolsHostTestCases/CtsGpuToolsHostTestCases.jar:/tmp/xts-root-dir-478704b6-25cb-47f6-864e-b48b116f52c5/android-cts/testcases/CtsJvmtiRunTest930HostTestCases/CtsJvmtiRunTest930HostTestCases.jar:/tmp/xts-root-dir-478704b6-25cb-47f6-864e-b48b116f52c5/android-cts/testcases/CtsJvmtiRunTest1990HostTestCases/CtsJvmtiRunTest1990HostTestCases.jar:/tmp/xts-root-dir-478704b6-25cb-47f6-864e-b48b116f52c5/android-cts/testcases/CtsSampleHostTestCases/CtsSampleHostTestCases.jar:/tmp/xts-root-dir-478704b6-25cb-47f6-864e-b48b116f52c5/android-cts/testcases/CtsJdwpTestCases/arm64/CtsJdwpTestCases.jar:/tmp/xts-root-dir-478704b6-25cb-47f6-864e-b48b116f52c5/android-cts/testcases/CtsJdwpTestCases/cts-dalvik-device-test-runner.jar:/tmp/xts-root-dir-478704b6-25cb-47f6-864e-b48b116f52c5/android-cts/testcases/CtsAtraceHostTestCases/CtsAtraceHostTestCases.jar:/tmp/xts-root-dir-478704b6-25cb-47f6-864e-b48b116f52c5/android-cts/testcases/CtsJvmtiRunTest2003HostTestCases/CtsJvmtiRunTest2003HostTestCases.jar:/tmp/xts-root-dir-478704b6-25cb-47f6-864e-b48b116f52c5/android-cts/testcases/CtsGrammaticalInflectionHostTestCases/CtsGrammaticalInflectionHostTestCases.jar:/tmp/xts-root-dir-478704b6-25cb-47f6-864e-b48b116f52c5/android-cts/testcases/CtsJvmtiRunTest1903HostTestCases/CtsJvmtiRunTest1903HostTestCases.jar:/tmp/xts-root-dir-478704b6-25cb-47f6-864e-b48b116f52c5/android-cts/testcases/CtsTelecomHostCases/CtsTelecomHostCases.jar:/tmp/xts-root-dir-478704b6-25cb-47f6-864e-b48b116f52c5/android-cts/testcases/CtsDevicePolicyManagerTestCases/CtsDevicePolicyManagerTestCases.jar:/tmp/xts-root-dir-478704b6-25cb-47f6-864e-b48b116f52c5/android-cts/testcases/CtsUsbTests/CtsUsbTests.jar:/tmp/xts-root-dir-478704b6-25cb-47f6-864e-b48b116f52c5/android-cts/testcases/CtsJvmtiRunTest1992HostTestCases/CtsJvmtiRunTest1992HostTestCases.jar:/tmp/xts-root-dir-478704b6-25cb-47f6-864e-b48b116f52c5/android-cts/testcases/CtsJvmtiRunTest942HostTestCases/CtsJvmtiRunTest942HostTestCases.jar:/tmp/xts-root-dir-478704b6-25cb-47f6-864e-b48b116f52c5/android-cts/testcases/CtsHostsideTvTests/CtsHostsideTvTests.jar:/tmp/xts-root-dir-478704b6-25cb-47f6-864e-b48b116f52c5/android-cts/testcases/CtsJvmtiRunTest986HostTestCases/CtsJvmtiRunTest986HostTestCases.jar:/tmp/xts-root-dir-478704b6-25cb-47f6-864e-b48b116f52c5/android-cts/testcases/CtsDynamicMimeHostTestCases/CtsDynamicMimeHostTestCases.jar:/tmp/xts-root-dir-478704b6-25cb-47f6-864e-b48b116f52c5/android-cts/testcases/CtsJvmtiRunTest917HostTestCases/CtsJvmtiRunTest917HostTestCases.jar:/tmp/xts-root-dir-478704b6-25cb-47f6-864e-b48b116f52c5/android-cts/testcases/CtsAdbManagerHostTestCases/CtsAdbManagerHostTestCases.jar:/tmp/xts-root-dir-478704b6-25cb-47f6-864e-b48b116f52c5/android-cts/testcases/CtsJvmtiRunTest1969HostTestCases/CtsJvmtiRunTest1969HostTestCases.jar:/tmp/xts-root-dir-478704b6-25cb-47f6-864e-b48b116f52c5/android-cts/testcases/CtsJvmtiRunTest1916HostTestCases/CtsJvmtiRunTest1916HostTestCases.jar:/tmp/xts-root-dir-478704b6-25cb-47f6-864e-b48b116f52c5/android-cts/testcases/CtsJvmtiRunTest1900HostTestCases/CtsJvmtiRunTest1900HostTestCases.jar:/tmp/xts-root-dir-478704b6-25cb-47f6-864e-b48b116f52c5/android-cts/testcases/CtsJvmtiRunTest983HostTestCases/CtsJvmtiRunTest983HostTestCases.jar:/tmp/xts-root-dir-478704b6-25cb-47f6-864e-b48b116f52c5/android-cts/testcases/CtsJvmtiRunTest1909HostTestCases/CtsJvmtiRunTest1909HostTestCases.jar:/tmp/xts-root-dir-478704b6-25cb-47f6-864e-b48b116f52c5/android-cts/testcases/CtsPackageManagerMultiUserHostTestCases/CtsPackageManagerMultiUserHostTestCases.jar:/tmp/xts-root-dir-478704b6-25cb-47f6-864e-b48b116f52c5/android-cts/testcases/CtsAdServicesHostTests/CtsAdServicesHostTests.jar:/tmp/xts-root-dir-478704b6-25cb-47f6-864e-b48b116f52c5/android-cts/testcases/CtsRollbackManagerHostTestCases/CtsRollbackManagerHostTestCases.jar:/tmp/xts-root-dir-478704b6-25cb-47f6-864e-b48b116f52c5/android-cts/testcases/CtsPackageSettingHostTestCases/CtsPackageSettingHostTestCases.jar:/tmp/xts-root-dir-478704b6-25cb-47f6-864e-b48b116f52c5/android-cts/testcases/CtsJvmtiRunTest919HostTestCases/CtsJvmtiRunTest919HostTestCases.jar:/tmp/xts-root-dir-478704b6-25cb-47f6-864e-b48b116f52c5/android-cts/testcases/CtsGpuMetricsHostTestCases/CtsGpuMetricsHostTestCases.jar:/tmp/xts-root-dir-478704b6-25cb-47f6-864e-b48b116f52c5/android-cts/testcases/CtsMediaBitstreamsTestCases/CtsMediaBitstreamsTestCases.jar:/tmp/xts-root-dir-478704b6-25cb-47f6-864e-b48b116f52c5/android-cts/testcases/CtsApexTestCases/CtsApexTestCases.jar:/tmp/xts-root-dir-478704b6-25cb-47f6-864e-b48b116f52c5/android-cts/testcases/CtsHarmfulAppWarningHostTestCases/CtsHarmfulAppWarningHostTestCases.jar:/tmp/xts-root-dir-478704b6-25cb-47f6-864e-b48b116f52c5/android-cts/testcases/CtsJvmtiRunTest1934HostTestCases/CtsJvmtiRunTest1934HostTestCases.jar:/tmp/xts-root-dir-478704b6-25cb-47f6-864e-b48b116f52c5/android-cts/testcases/CtsShortcutHostTestCases/CtsShortcutHostTestCases.jar:/tmp/xts-root-dir-478704b6-25cb-47f6-864e-b48b116f52c5/android-cts/testcases/CtsJvmtiRunTest915HostTestCases/CtsJvmtiRunTest915HostTestCases.jar:/tmp/xts-root-dir-478704b6-25cb-47f6-864e-b48b116f52c5/android-cts/testcases/compatibility-host-provider-preconditions/compatibility-host-provider-preconditions.jar:/tmp/xts-root-dir-478704b6-25cb-47f6-864e-b48b116f52c5/android-cts/testcases/CtsCppToolsTestCases/CtsCppToolsTestCases.jar:/tmp/xts-root-dir-478704b6-25cb-47f6-864e-b48b116f52c5/android-cts/testcases/CtsJvmtiRunTest1984HostTestCases/CtsJvmtiRunTest1984HostTestCases.jar:/tmp/xts-root-dir-478704b6-25cb-47f6-864e-b48b116f52c5/android-cts/testcases/CtsJvmtiRunTest1999HostTestCases/CtsJvmtiRunTest1999HostTestCases.jar:/tmp/xts-root-dir-478704b6-25cb-47f6-864e-b48b116f52c5/android-cts/testcases/CtsInputMethodServiceCommon/arm64/CtsInputMethodServiceCommon.jar:/tmp/xts-root-dir-478704b6-25cb-47f6-864e-b48b116f52c5/android-cts/testcases/CtsJvmtiRunTest1976HostTestCases/CtsJvmtiRunTest1976HostTestCases.jar:/tmp/xts-root-dir-478704b6-25cb-47f6-864e-b48b116f52c5/android-cts/testcases/CtsJvmtiRunTest1912HostTestCases/CtsJvmtiRunTest1912HostTestCases.jar:/tmp/xts-root-dir-478704b6-25cb-47f6-864e-b48b116f52c5/android-cts/testcases/CtsJvmtiRunTest926HostTestCases/CtsJvmtiRunTest926HostTestCases.jar:/tmp/xts-root-dir-478704b6-25cb-47f6-864e-b48b116f52c5/android-cts/testcases/CtsJvmtiRunTest1923HostTestCases/CtsJvmtiRunTest1923HostTestCases.jar:/tmp/xts-root-dir-478704b6-25cb-47f6-864e-b48b116f52c5/android-cts/testcases/CtsJvmtiRunTest1953HostTestCases/CtsJvmtiRunTest1953HostTestCases.jar:/tmp/xts-root-dir-478704b6-25cb-47f6-864e-b48b116f52c5/android-cts/testcases/CtsJvmtiRunTest1931HostTestCases/CtsJvmtiRunTest1931HostTestCases.jar:/tmp/xts-root-dir-478704b6-25cb-47f6-864e-b48b116f52c5/android-cts/testcases/CtsThemeHostTestCases/CtsThemeHostTestCases.jar:/tmp/xts-root-dir-478704b6-25cb-47f6-864e-b48b116f52c5/android-cts/testcases/CtsJvmtiRunTest1901HostTestCases/CtsJvmtiRunTest1901HostTestCases.jar:/tmp/xts-root-dir-478704b6-25cb-47f6-864e-b48b116f52c5/android-cts/testcases/CtsUsesNativeLibraryTest/CtsUsesNativeLibraryTest.jar:/tmp/xts-root-dir-478704b6-25cb-47f6-864e-b48b116f52c5/android-cts/testcases/CtsJvmtiAttachingHostTestCases/CtsJvmtiAttachingHostTestCases.jar:/tmp/xts-root-dir-478704b6-25cb-47f6-864e-b48b116f52c5/android-cts/testcases/CtsHostsideHiddenapiTests/CtsHostsideHiddenapiTests.jar:/tmp/xts-root-dir-478704b6-25cb-47f6-864e-b48b116f52c5/android-cts/testcases/CtsInstallHostTestCases/CtsInstallHostTestCases.jar:/tmp/xts-root-dir-478704b6-25cb-47f6-864e-b48b116f52c5/android-cts/testcases/CtsNNAPIStatsdAtomHostTestCases/CtsNNAPIStatsdAtomHostTestCases.jar:/tmp/xts-root-dir-478704b6-25cb-47f6-864e-b48b116f52c5/android-cts/testcases/CtsAppCompatHostTestCases/CtsAppCompatHostTestCases.jar:/tmp/xts-root-dir-478704b6-25cb-47f6-864e-b48b116f52c5/android-cts/testcases/CtsJvmtiRunTest1904HostTestCases/CtsJvmtiRunTest1904HostTestCases.jar:/tmp/xts-root-dir-478704b6-25cb-47f6-864e-b48b116f52c5/android-cts/testcases/CtsJvmtiRunTest1922HostTestCases/CtsJvmtiRunTest1922HostTestCases.jar:/tmp/xts-root-dir-478704b6-25cb-47f6-864e-b48b116f52c5/android-cts/testcases/CtsAppUsageHostTestCases/CtsAppUsageHostTestCases.jar:/tmp/xts-root-dir-478704b6-25cb-47f6-864e-b48b116f52c5/android-cts/testcases/CtsJvmtiRunTest931HostTestCases/CtsJvmtiRunTest931HostTestCases.jar:/tmp/xts-root-dir-478704b6-25cb-47f6-864e-b48b116f52c5/android-cts/testcases/CtsJvmtiRunTest928HostTestCases/CtsJvmtiRunTest928HostTestCases.jar:/tmp/xts-root-dir-478704b6-25cb-47f6-864e-b48b116f52c5/android-cts/testcases/CtsBackupHostTestCases/CtsBackupHostTestCases.jar:/tmp/xts-root-dir-478704b6-25cb-47f6-864e-b48b116f52c5/android-cts/testcases/CtsJvmtiRunTest1998HostTestCases/CtsJvmtiRunTest1998HostTestCases.jar:/tmp/xts-root-dir-478704b6-25cb-47f6-864e-b48b116f52c5/android-cts/testcases/CtsVoiceInteractionHostTestCases/CtsVoiceInteractionHostTestCases.jar:/tmp/xts-root-dir-478704b6-25cb-47f6-864e-b48b116f52c5/android-cts/testcases/CtsTelephonyProviderHostCases/CtsTelephonyProviderHostCases.jar:/tmp/xts-root-dir-478704b6-25cb-47f6-864e-b48b116f52c5/android-cts/testcases/CtsJvmtiRunTest1925HostTestCases/CtsJvmtiRunTest1925HostTestCases.jar:/tmp/xts-root-dir-478704b6-25cb-47f6-864e-b48b116f52c5/android-cts/testcases/vm-tests-tf/vm-tests-tf.jar:/tmp/xts-root-dir-478704b6-25cb-47f6-864e-b48b116f52c5/android-cts/testcases/CtsJvmtiRunTest902HostTestCases/CtsJvmtiRunTest902HostTestCases.jar:/tmp/xts-root-dir-478704b6-25cb-47f6-864e-b48b116f52c5/android-cts/testcases/CtsJvmtiRunTest1943HostTestCases/CtsJvmtiRunTest1943HostTestCases.jar:/tmp/xts-root-dir-478704b6-25cb-47f6-864e-b48b116f52c5/android-cts/testcases/CtsScopedStorageCoreHostTest/CtsScopedStorageCoreHostTest.jar:/tmp/xts-root-dir-478704b6-25cb-47f6-864e-b48b116f52c5/android-cts/testcases/CtsJvmtiRunTest2007HostTestCases/CtsJvmtiRunTest2007HostTestCases.jar:/tmp/xts-root-dir-478704b6-25cb-47f6-864e-b48b116f52c5/android-cts/testcases/CtsJvmtiRedefineClassesHostTestCases/CtsJvmtiRedefineClassesHostTestCases.jar:/tmp/xts-root-dir-478704b6-25cb-47f6-864e-b48b116f52c5/android-cts/testcases/compatibility-host-telephony-preconditions/compatibility-host-telephony-preconditions.jar:/tmp/xts-root-dir-478704b6-25cb-47f6-864e-b48b116f52c5/android-cts/testcases/CtsJvmtiRunTest982HostTestCases/CtsJvmtiRunTest982HostTestCases.jar:/tmp/xts-root-dir-478704b6-25cb-47f6-864e-b48b116f52c5/android-cts/testcases/CtsCompilationTestCases/CtsCompilationTestCases.jar:/tmp/xts-root-dir-478704b6-25cb-47f6-864e-b48b116f52c5/android-cts/testcases/CtsJvmtiRunTest996HostTestCases/CtsJvmtiRunTest996HostTestCases.jar:/tmp/xts-root-dir-478704b6-25cb-47f6-864e-b48b116f52c5/android-cts/testcases/CtsJvmtiRunTest992HostTestCases/CtsJvmtiRunTest992HostTestCases.jar:/tmp/xts-root-dir-478704b6-25cb-47f6-864e-b48b116f52c5/android-cts/testcases/CtsAngleIntegrationHostTestCases/AngleIntegrationTestCommon.jar:/tmp/xts-root-dir-478704b6-25cb-47f6-864e-b48b116f52c5/android-cts/testcases/CtsAngleIntegrationHostTestCases/CtsAngleIntegrationHostTestCases.jar:/tmp/xts-root-dir-478704b6-25cb-47f6-864e-b48b116f52c5/android-cts/testcases/CtsJvmtiRunTest1926HostTestCases/CtsJvmtiRunTest1926HostTestCases.jar:/tmp/xts-root-dir-478704b6-25cb-47f6-864e-b48b116f52c5/android-cts/testcases/CtsJvmtiRunTest997HostTestCases/CtsJvmtiRunTest997HostTestCases.jar:/tmp/xts-root-dir-478704b6-25cb-47f6-864e-b48b116f52c5/android-cts/testcases/CtsJvmtiRunTest1996HostTestCases/CtsJvmtiRunTest1996HostTestCases.jar:/tmp/xts-root-dir-478704b6-25cb-47f6-864e-b48b116f52c5/android-cts/testcases/cts-dynamic-config/cts-dynamic-config.jar:/tmp/xts-root-dir-478704b6-25cb-47f6-864e-b48b116f52c5/android-cts/testcases/CtsJvmtiRunTest1906HostTestCases/CtsJvmtiRunTest1906HostTestCases.jar:/tmp/xts-root-dir-478704b6-25cb-47f6-864e-b48b116f52c5/android-cts/testcases/CtsInstalledLoadingProgressHostTests/CtsInstalledLoadingProgressHostTests.jar:/tmp/xts-root-dir-478704b6-25cb-47f6-864e-b48b116f52c5/android-cts/testcases/CtsWifiBroadcastsHostTestCases/CtsWifiBroadcastsHostTestCases.jar:/tmp/xts-root-dir-478704b6-25cb-47f6-864e-b48b116f52c5/android-cts/testcases/CtsDomainVerificationHostTestCases/CtsDomainVerificationHostTestCases.jar:/tmp/xts-root-dir-478704b6-25cb-47f6-864e-b48b116f52c5/android-cts/testcases/CtsJvmtiRunTest1930HostTestCases/CtsJvmtiRunTest1930HostTestCases.jar:/tmp/xts-root-dir-478704b6-25cb-47f6-864e-b48b116f52c5/android-cts/testcases/CtsMediaParserHostTestCases/CtsMediaParserHostTestCases.jar:/tmp/xts-root-dir-478704b6-25cb-47f6-864e-b48b116f52c5/android-cts/testcases/CtsJvmtiRunTest905HostTestCases/CtsJvmtiRunTest905HostTestCases.jar:/tmp/xts-root-dir-478704b6-25cb-47f6-864e-b48b116f52c5/android-cts/testcases/CtsJvmtiRunTest1997HostTestCases/CtsJvmtiRunTest1997HostTestCases.jar:/tmp/xts-root-dir-478704b6-25cb-47f6-864e-b48b116f52c5/android-cts/testcases/CtsJvmtiRunTest1928HostTestCases/CtsJvmtiRunTest1928HostTestCases.jar:/tmp/xts-root-dir-478704b6-25cb-47f6-864e-b48b116f52c5/android-cts/testcases/CtsJvmtiRunTest904HostTestCases/CtsJvmtiRunTest904HostTestCases.jar:/tmp/xts-root-dir-478704b6-25cb-47f6-864e-b48b116f52c5/android-cts/testcases/cts-dalvik-host-test-runner/cts-dalvik-host-test-runner.jar:/tmp/xts-root-dir-478704b6-25cb-47f6-864e-b48b116f52c5/android-cts/testcases/CtsAbiOverrideHostTestCases/CtsAbiOverrideHostTestCases.jar:/tmp/xts-root-dir-478704b6-25cb-47f6-864e-b48b116f52c5/android-cts/testcases/CtsTaggingHostTestCases/CtsTaggingHostTestCases.jar:/tmp/xts-root-dir-478704b6-25cb-47f6-864e-b48b116f52c5/android-cts/testcases/CtsJvmtiRunTest995HostTestCases/CtsJvmtiRunTest995HostTestCases.jar:/tmp/xts-root-dir-478704b6-25cb-47f6-864e-b48b116f52c5/android-cts/testcases/CtsJvmtiRunTest1921HostTestCases/CtsJvmtiRunTest1921HostTestCases.jar:/tmp/xts-root-dir-478704b6-25cb-47f6-864e-b48b116f52c5/android-cts/testcases/CtsJvmtiRunTest907HostTestCases/CtsJvmtiRunTest907HostTestCases.jar:/tmp/xts-root-dir-478704b6-25cb-47f6-864e-b48b116f52c5/android-cts/testcases/CtsBootStatsTestCases/CtsBootStatsTestCases.jar:/tmp/xts-root-dir-478704b6-25cb-47f6-864e-b48b116f52c5/android-cts/testcases/CtsJvmtiRunTest1914HostTestCases/CtsJvmtiRunTest1914HostTestCases.jar:/tmp/xts-root-dir-478704b6-25cb-47f6-864e-b48b116f52c5/android-cts/testcases/CtsThreadLocalRandomHostTest/CtsThreadLocalRandomHostTest.jar:/tmp/xts-root-dir-478704b6-25cb-47f6-864e-b48b116f52c5/android-cts/testcases/CtsJvmtiRunTest944HostTestCases/CtsJvmtiRunTest944HostTestCases.jar:/tmp/xts-root-dir-478704b6-25cb-47f6-864e-b48b116f52c5/android-cts/testcases/CtsPackageManagerStatsHostTestCases/CtsPackageManagerStatsHostTestCases.jar:/tmp/xts-root-dir-478704b6-25cb-47f6-864e-b48b116f52c5/android-cts/testcases/CtsClassloaderSplitsHostTestCases/CtsClassloaderSplitsHostTestCases.jar:/tmp/xts-root-dir-478704b6-25cb-47f6-864e-b48b116f52c5/android-cts/testcases/CtsJvmtiRunTest991HostTestCases/CtsJvmtiRunTest991HostTestCases.jar:/tmp/xts-root-dir-478704b6-25cb-47f6-864e-b48b116f52c5/android-cts/testcases/CtsJvmtiRunTest1974HostTestCases/CtsJvmtiRunTest1974HostTestCases.jar:/tmp/xts-root-dir-478704b6-25cb-47f6-864e-b48b116f52c5/android-cts/testcases/CtsJvmtiRunTest984HostTestCases/CtsJvmtiRunTest984HostTestCases.jar:/tmp/xts-root-dir-478704b6-25cb-47f6-864e-b48b116f52c5/android-cts/testcases/CtsJvmtiRunTest1924HostTestCases/CtsJvmtiRunTest1924HostTestCases.jar:/tmp/xts-root-dir-478704b6-25cb-47f6-864e-b48b116f52c5/android-cts/testcases/CtsJvmtiRunTest1913HostTestCases/CtsJvmtiRunTest1913HostTestCases.jar:/tmp/xts-root-dir-478704b6-25cb-47f6-864e-b48b116f52c5/android-cts/testcases/CtsTelephonyHostCases/CtsTelephonyHostCases.jar:/tmp/xts-root-dir-478704b6-25cb-47f6-864e-b48b116f52c5/android-cts/testcases/CtsJvmtiRunTest918HostTestCases/CtsJvmtiRunTest918HostTestCases.jar:/tmp/xts-root-dir-478704b6-25cb-47f6-864e-b48b116f52c5/android-cts/testcases/CtsHostsideWebViewTests/CtsHostsideWebViewTests.jar:/tmp/xts-root-dir-478704b6-25cb-47f6-864e-b48b116f52c5/android-cts/testcases/CtsAppCloningMediaProviderHostTest/CtsAppCloningMediaProviderHostTest.jar:/tmp/xts-root-dir-478704b6-25cb-47f6-864e-b48b116f52c5/android-cts/testcases/CtsSeccompHostTestCases/CtsSeccompHostTestCases.jar:/tmp/xts-root-dir-478704b6-25cb-47f6-864e-b48b116f52c5/android-cts/testcases/CtsJvmtiRunTest914HostTestCases/CtsJvmtiRunTest914HostTestCases.jar:/tmp/xts-root-dir-478704b6-25cb-47f6-864e-b48b116f52c5/android-cts/testcases/CtsJvmtiRunTest1942HostTestCases/CtsJvmtiRunTest1942HostTestCases.jar:/tmp/xts-root-dir-478704b6-25cb-47f6-864e-b48b116f52c5/android-cts/testcases/CtsCallLogTestCases/CtsCallLogTestCases.jar:/tmp/xts-root-dir-478704b6-25cb-47f6-864e-b48b116f52c5/android-cts/testcases/CtsMediaHostTestCases/CtsMediaHostTestCases.jar:/tmp/xts-root-dir-478704b6-25cb-47f6-864e-b48b116f52c5/android-cts/testcases/CtsJvmtiRunTest1967HostTestCases/CtsJvmtiRunTest1967HostTestCases.jar:/tmp/xts-root-dir-478704b6-25cb-47f6-864e-b48b116f52c5/android-cts/testcases/CtsStatsdHostTestCases/CtsStatsdHostTestCases.jar:/tmp/xts-root-dir-478704b6-25cb-47f6-864e-b48b116f52c5/android-cts/testcases/CtsJvmtiRunTest1981HostTestCases/CtsJvmtiRunTest1981HostTestCases.jar:/tmp/xts-root-dir-478704b6-25cb-47f6-864e-b48b116f52c5/android-cts/testcases/CtsEdiHostTestCases/CtsEdiHostTestCases.jar
java_version17.0.4.1(
	lab_setup1771506277208:1771506277208!
load_test_configs_time_ms11425
log_and_release_device1771506483316:1771506483360
log_saving_count43
log_saving_time17
package_install_count10
package_install_time_ms86471
pre_multi_preparer1771506277208:1771506277208
pull_dir_count2
pull_dir_time_ms1030
pull_file_count2
pull_file_time_ms99
push_file_count2
push_file_time_ms1138
server_reference$db7a25b0-86c8-4fd1-bcec-906d6431195e
setup_time_ms23515'
sharding1771506277122:1771506277122+
start_logcat1771506277089:1771506277122†
status_checker_pairo1771506302029:1771506309611,1771506393604:1771506396031,1771506396034:1771506397096,1771506479786:1771506482177p
system_img_info]Android/aosp_panther/panther:14/AP2A.240905.003/eng.simon.20260219.184306:userdebug/test-keyso
gtarget-preparer-setup-latency_com.android.compatibility.common.tradefed.targetprep.ApkPreconditionCheck3218m
ftarget-preparer-setup-latency_com.android.compatibility.common.tradefed.targetprep.DeviceFileCollector261o
ftarget-preparer-setup-latency_com.android.compatibility.common.tradefed.targetprep.DeviceInfoCollector17705m
ftarget-preparer-setup-latency_com.android.compatibility.common.tradefed.targetprep.DynamicConfigPusher170i
btarget-preparer-setup-latency_com.android.compatibility.common.tradefed.targetprep.PackageDisabler136f
`target-preparer-setup-latency_com.android.compatibility.common.tradefed.targetprep.PropertyCheck64j
etarget-preparer-setup-latency_com.android.compatibility.common.tradefed.targetprep.ReportLogCollector0j
ctarget-preparer-setup-latency_com.android.compatibility.common.tradefed.targetprep.SettingsPreparer187j
dtarget-preparer-setup-latency_com.android.compatibility.common.tradefed.targetprep.StayAwakePreparer96d
\target-preparer-setup-latency_com.android.compatibility.common.tradefed.targetprep.WifiCheck1274]
Vtarget-preparer-setup-latency_com.android.tradefed.targetprep.RunCommandTargetPreparer311o
jtarget-preparer-teardown-latency_com.android.compatibility.common.tradefed.targetprep.ApkPreconditionCheck0n
itarget-preparer-teardown-latency_com.android.compatibility.common.tradefed.targetprep.DeviceFileCollector0n
itarget-preparer-teardown-latency_com.android.compatibility.common.tradefed.targetprep.DeviceInfoCollector1n
itarget-preparer-teardown-latency_com.android.compatibility.common.tradefed.targetprep.DynamicConfigPusher0j
etarget-preparer-teardown-latency_com.android.compatibility.common.tradefed.targetprep.PackageDisabler0h
ctarget-preparer-teardown-latency_com.android.compatibility.common.tradefed.targetprep.PropertyCheck0o
htarget-preparer-teardown-latency_com.android.compatibility.common.tradefed.targetprep.ReportLogCollector164k
ftarget-preparer-teardown-latency_com.android.compatibility.common.tradefed.targetprep.SettingsPreparer0l
gtarget-preparer-teardown-latency_com.android.compatibility.common.tradefed.targetprep.StayAwakePreparer0d
_target-preparer-teardown-latency_com.android.compatibility.common.tradefed.targetprep.WifiCheck0`
Ytarget-preparer-teardown-latency_com.android.tradefed.targetprep.RunCommandTargetPreparer180
teardown_disk_usage_bytes0'
 test-type-count_AndroidJUnitTest171
test_crash_failures6-
test_execution1771506300730:1771506482178)

test_setup1771506277208:1771506300723,
test_teardown1771506482763:1771506483316A
"tf_dynamic_resolver_pair_timestamp1771506277072:1771506277083-
tf_fetch_build_end_timestamp1771506277088<
tf_fetch_build_pair_timestamp1771506277083:1771506277088/
tf_fetch_build_start_timestamp1771506277083,
tf_invocation_end_timestamp1771506483362.
tf_invocation_start_timestamp1771506277069Y
tf_module_setup_pair_timestamp71771506309611:1771506311870,1771506397096:1771506399234\
!tf_module_teardown_pair_timestamp71771506392951:1771506393600,1771506479323:1771506479782Õ
tf_objects_tracking½com.android.tradefed.testtype.AndroidJUnitTest=2,com.android.compatibility.common.tradefed.targetprep.ApkInstrumentationPreparer=2,com.android.compatibility.common.tradefed.targetprep.WifiCheck=1,com.android.tradefed.targetprep.suite.SuiteApkInstaller=2,com.android.compatibility.common.tradefed.targetprep.DynamicConfigPusher=1,com.android.tradefed.targetprep.BaseTargetPreparer=19,com.android.compatibility.common.tradefed.targetprep.ApkPreconditionCheck=1,com.android.compatibility.common.tradefed.targetprep.DeviceInfoCollector=1,com.android.compatibility.common.tradefed.testtype.suite.CompatibilityTestSuite=1,com.android.tradefed.testtype.InstrumentationTest=2,com.android.compatibility.common.tradefed.targetprep.PreconditionPreparer=12,com.android.compatibility.common.tradefed.targetprep.PropertyCheck=3,com.android.compatibility.common.tradefed.build.CompatibilityBuildProvider=1,com.android.compatibility.common.tradefed.targetprep.StayAwakePreparer=1,com.android.compatibility.common.tradefed.targetprep.PackageDisabler=1,com.android.tradefed.targetprep.RunCommandTargetPreparer=3,com.android.tradefed.testtype.suite.BaseTestSuite=1,com.android.tradefed.testtype.suite.ITestSuite=1,com.android.compatibility.common.tradefed.targetprep.SettingsPreparer=3,com.android.compatibility.common.tradefed.targetprep.DeviceFileCollector=2,com.android.tradefed.targetprep.TestAppInstallSetup=2,com.android.compatibility.common.tradefed.targetprep.ReportLogCollector=1'
tf_setup_end_timestamp1771506277208R
tf_setup_pair_timestamp71771506277206:1771506277207,1771506277208:1771506277208)
tf_setup_start_timestamp1771506277208*
tf_teardown_end_timestamp1771506483316U
tf_teardown_pair_timestamp71771506482263:1771506482763,1771506483110:1771506483312,
tf_teardown_start_timestamp17715064827635
tf_test_pair_timestamp1771506300730:1771506482179s
tf_test_setup_pair_timestampS1771506277208:1771506277208,1771506277208:1771506300723,1771506300732:1771506301959>
tf_test_teardown_pair_timestamp1771506482763:1771506483110
total_test_count171!
uncaught_test_crash_failures6_
vendor_img_infoLAndroid/aosp_panther/panther:14/AP2A.240905.003/12231197:userdebug/test-keys
	build_abi	arm64-v8a

build_abi2 

build_abis	arm64-v8a
build_abis_32 
build_abis_64	arm64-v8a
build_boardpanther|
build_bootimage_fingerprint]Android/aosp_panther/panther:14/AP2A.240905.003/eng.simon.20260219.184306:userdebug/test-keys
build_brandAndroid
build_devicepantherr
build_fingerprint]Android/aosp_panther/panther:14/AP2A.240905.003/eng.simon.20260219.184306:userdebug/test-keys
build_idAP2A.240905.003
build_manufacturerGoogle
build_modelAOSP on Panther
build_productaosp_panther
build_reference_fingerprint 
build_serial27161FDH20031X

build_tags	test-keys

build_type	userdebugh
build_vendor_fingerprintLAndroid/aosp_panther/panther:14/AP2A.240905.003/12231197:userdebug/test-keys
build_version_base_os 6
build_version_incrementaleng.simon.20260219.184306
build_version_release14
build_version_sdk34*
build_version_security_patch
2024-09-05"LAndroid/aosp_panther/panther:14/AP2A.240905.003/12231197:userdebug/test-keys[ "ËÝ
CtsDisplayTestCases	arm64-v8a§õ (/0KBøP
"android.display.cts.BrightnessTest!
passtestSliderUsagePermissionÜ
ASSUMPTION_FAILUREtestSetGetSimpleCurve*®
Torg.junit.AssumptionViolatedException: got: &lt;false&gt;, expected: is &lt;true&gt;"Õ
Òorg.junit.AssumptionViolatedException: got: &lt;false&gt;, expected: is &lt;true&gt;
	at org.junit.Assume.assumeThat(Assume.java:106)
	at org.junit.Assume.assumeTrue(Assume.java:50)
	at android.display.cts.BrightnessTest.testSetGetSimpleCurve(BrightnessTest.java:334)
	at java.lang.reflect.Method.invoke(Native Method)
	at org.junit.runners.model.FrameworkMethod$1.runReflectiveCall(FrameworkMethod.java:59)
	at org.junit.internal.runners.model.ReflectiveCallable.run(ReflectiveCallable.java:12)
	at org.junit.runners.model.FrameworkMethod.invokeExplosively(FrameworkMethod.java:61)
	at org.junit.internal.runners.statements.InvokeMethod.evaluate(InvokeMethod.java:17)
	at org.junit.internal.runners.statements.FailOnTimeout$CallableStatement.call(FailOnTimeout.java:148)
	at org.junit.internal.runners.statements.FailOnTimeout$CallableStatement.call(FailOnTimeout.java:142)
	at java.util.concurrent.FutureTask.run(FutureTask.java:264)
	at java.lang.Thread.run(Thread.java:1012)à
ASSUMPTION_FAILUREtestSetAndGetPerDisplay*°
Torg.junit.AssumptionViolatedException: got: &lt;false&gt;, expected: is &lt;true&gt;"×
Ôorg.junit.AssumptionViolatedException: got: &lt;false&gt;, expected: is &lt;true&gt;
	at org.junit.Assume.assumeThat(Assume.java:106)
	at org.junit.Assume.assumeTrue(Assume.java:50)
	at android.display.cts.BrightnessTest.testSetAndGetPerDisplay(BrightnessTest.java:516)
	at java.lang.reflect.Method.invoke(Native Method)
	at org.junit.runners.model.FrameworkMethod$1.runReflectiveCall(FrameworkMethod.java:59)
	at org.junit.internal.runners.model.ReflectiveCallable.run(ReflectiveCallable.java:12)
	at org.junit.runners.model.FrameworkMethod.invokeExplosively(FrameworkMethod.java:61)
	at org.junit.internal.runners.statements.InvokeMethod.evaluate(InvokeMethod.java:17)
	at org.junit.internal.runners.statements.FailOnTimeout$CallableStatement.call(FailOnTimeout.java:148)
	at org.junit.internal.runners.statements.FailOnTimeout$CallableStatement.call(FailOnTimeout.java:142)
	at java.util.concurrent.FutureTask.run(FutureTask.java:264)
	at java.lang.Thread.run(Thread.java:1012)ú
ASSUMPTION_FAILURE$testSetAndGetBrightnessConfiguration*½
Torg.junit.AssumptionViolatedException: got: &lt;false&gt;, expected: is &lt;true&gt;"ä
áorg.junit.AssumptionViolatedException: got: &lt;false&gt;, expected: is &lt;true&gt;
	at org.junit.Assume.assumeThat(Assume.java:106)
	at org.junit.Assume.assumeTrue(Assume.java:50)
	at android.display.cts.BrightnessTest.testSetAndGetBrightnessConfiguration(BrightnessTest.java:482)
	at java.lang.reflect.Method.invoke(Native Method)
	at org.junit.runners.model.FrameworkMethod$1.runReflectiveCall(FrameworkMethod.java:59)
	at org.junit.internal.runners.model.ReflectiveCallable.run(ReflectiveCallable.java:12)
	at org.junit.runners.model.FrameworkMethod.invokeExplosively(FrameworkMethod.java:61)
	at org.junit.internal.runners.statements.InvokeMethod.evaluate(InvokeMethod.java:17)
	at org.junit.internal.runners.statements.FailOnTimeout$CallableStatement.call(FailOnTimeout.java:148)
	at org.junit.internal.runners.statements.FailOnTimeout$CallableStatement.call(FailOnTimeout.java:142)
	at java.util.concurrent.FutureTask.run(FutureTask.java:264)
	at java.lang.Thread.run(Thread.java:1012)ø
ASSUMPTION_FAILURE#testBrightnesSliderTrackingDecrease*¼
Torg.junit.AssumptionViolatedException: got: &lt;false&gt;, expected: is &lt;true&gt;"ã
àorg.junit.AssumptionViolatedException: got: &lt;false&gt;, expected: is &lt;true&gt;
	at org.junit.Assume.assumeThat(Assume.java:106)
	at org.junit.Assume.assumeTrue(Assume.java:50)
	at android.display.cts.BrightnessTest.testBrightnesSliderTrackingDecrease(BrightnessTest.java:153)
	at java.lang.reflect.Method.invoke(Native Method)
	at org.junit.runners.model.FrameworkMethod$1.runReflectiveCall(FrameworkMethod.java:59)
	at org.junit.internal.runners.model.ReflectiveCallable.run(ReflectiveCallable.java:12)
	at org.junit.runners.model.FrameworkMethod.invokeExplosively(FrameworkMethod.java:61)
	at org.junit.internal.runners.statements.InvokeMethod.evaluate(InvokeMethod.java:17)
	at org.junit.internal.runners.statements.FailOnTimeout$CallableStatement.call(FailOnTimeout.java:148)
	at org.junit.internal.runners.statements.FailOnTimeout$CallableStatement.call(FailOnTimeout.java:142)
	at java.util.concurrent.FutureTask.run(FutureTask.java:264)
	at java.lang.Thread.run(Thread.java:1012)é
ASSUMPTION_FAILUREtestBrightnessSliderTracking*´
Torg.junit.AssumptionViolatedException: got: &lt;false&gt;, expected: is &lt;true&gt;"Û
Øorg.junit.AssumptionViolatedException: got: &lt;false&gt;, expected: is &lt;true&gt;
	at org.junit.Assume.assumeThat(Assume.java:106)
	at org.junit.Assume.assumeTrue(Assume.java:50)
	at android.display.cts.BrightnessTest.testBrightnessSliderTracking(BrightnessTest.java:92)
	at java.lang.reflect.Method.invoke(Native Method)
	at org.junit.runners.model.FrameworkMethod$1.runReflectiveCall(FrameworkMethod.java:59)
	at org.junit.internal.runners.model.ReflectiveCallable.run(ReflectiveCallable.java:12)
	at org.junit.runners.model.FrameworkMethod.invokeExplosively(FrameworkMethod.java:61)
	at org.junit.internal.runners.statements.InvokeMethod.evaluate(InvokeMethod.java:17)
	at org.junit.internal.runners.statements.FailOnTimeout$CallableStatement.call(FailOnTimeout.java:148)
	at org.junit.internal.runners.statements.FailOnTimeout$CallableStatement.call(FailOnTimeout.java:142)
	at java.util.concurrent.FutureTask.run(FutureTask.java:264)
	at java.lang.Thread.run(Thread.java:1012))
pass!testConfigureBrightnessPermissionô
ASSUMPTION_FAILURE!testNoTrackingForManualBrightness*º
Torg.junit.AssumptionViolatedException: got: &lt;false&gt;, expected: is &lt;true&gt;"á
Þorg.junit.AssumptionViolatedException: got: &lt;false&gt;, expected: is &lt;true&gt;
	at org.junit.Assume.assumeThat(Assume.java:106)
	at org.junit.Assume.assumeTrue(Assume.java:50)
	at android.display.cts.BrightnessTest.testNoTrackingForManualBrightness(BrightnessTest.java:210)
	at java.lang.reflect.Method.invoke(Native Method)
	at org.junit.runners.model.FrameworkMethod$1.runReflectiveCall(FrameworkMethod.java:59)
	at org.junit.internal.runners.model.ReflectiveCallable.run(ReflectiveCallable.java:12)
	at org.junit.runners.model.FrameworkMethod.invokeExplosively(FrameworkMethod.java:61)
	at org.junit.internal.runners.statements.InvokeMethod.evaluate(InvokeMethod.java:17)
	at org.junit.internal.runners.statements.FailOnTimeout$CallableStatement.call(FailOnTimeout.java:148)
	at org.junit.internal.runners.statements.FailOnTimeout$CallableStatement.call(FailOnTimeout.java:142)
	at java.util.concurrent.FutureTask.run(FutureTask.java:264)
	at java.lang.Thread.run(Thread.java:1012)Ü
ASSUMPTION_FAILUREtestNoColorSampleData*®
Torg.junit.AssumptionViolatedException: got: &lt;false&gt;, expected: is &lt;true&gt;"Õ
Òorg.junit.AssumptionViolatedException: got: &lt;false&gt;, expected: is &lt;true&gt;
	at org.junit.Assume.assumeThat(Assume.java:106)
	at org.junit.Assume.assumeTrue(Assume.java:50)
	at android.display.cts.BrightnessTest.testNoColorSampleData(BrightnessTest.java:246)
	at java.lang.reflect.Method.invoke(Native Method)
	at org.junit.runners.model.FrameworkMethod$1.runReflectiveCall(FrameworkMethod.java:59)
	at org.junit.internal.runners.model.ReflectiveCallable.run(ReflectiveCallable.java:12)
	at org.junit.runners.model.FrameworkMethod.invokeExplosively(FrameworkMethod.java:61)
	at org.junit.internal.runners.statements.InvokeMethod.evaluate(InvokeMethod.java:17)
	at org.junit.internal.runners.statements.FailOnTimeout$CallableStatement.call(FailOnTimeout.java:148)
	at org.junit.internal.runners.statements.FailOnTimeout$CallableStatement.call(FailOnTimeout.java:142)
	at java.util.concurrent.FutureTask.run(FutureTask.java:264)
	at java.lang.Thread.run(Thread.java:1012)Ø
ASSUMPTION_FAILUREtestGetDefaultCurve*¬
Torg.junit.AssumptionViolatedException: got: &lt;false&gt;, expected: is &lt;true&gt;"Ó
Ðorg.junit.AssumptionViolatedException: got: &lt;false&gt;, expected: is &lt;true&gt;
	at org.junit.Assume.assumeThat(Assume.java:106)
	at org.junit.Assume.assumeTrue(Assume.java:50)
	at android.display.cts.BrightnessTest.testGetDefaultCurve(BrightnessTest.java:382)
	at java.lang.reflect.Method.invoke(Native Method)
	at org.junit.runners.model.FrameworkMethod$1.runReflectiveCall(FrameworkMethod.java:59)
	at org.junit.internal.runners.model.ReflectiveCallable.run(ReflectiveCallable.java:12)
	at org.junit.runners.model.FrameworkMethod.invokeExplosively(FrameworkMethod.java:61)
	at org.junit.internal.runners.statements.InvokeMethod.evaluate(InvokeMethod.java:17)
	at org.junit.internal.runners.statements.FailOnTimeout$CallableStatement.call(FailOnTimeout.java:148)
	at org.junit.internal.runners.statements.FailOnTimeout$CallableStatement.call(FailOnTimeout.java:142)
	at java.util.concurrent.FutureTask.run(FutureTask.java:264)
	at java.lang.Thread.run(Thread.java:1012)>
pass6testAtMostOneAppHoldsBrightnessConfigurationPermissionì
ASSUMPTION_FAILUREtestSliderEventsReflectCurves*¶
Torg.junit.AssumptionViolatedException: got: &lt;false&gt;, expected: is &lt;true&gt;"Ý
Úorg.junit.AssumptionViolatedException: got: &lt;false&gt;, expected: is &lt;true&gt;
	at org.junit.Assume.assumeThat(Assume.java:106)
	at org.junit.Assume.assumeTrue(Assume.java:50)
	at android.display.cts.BrightnessTest.testSliderEventsReflectCurves(BrightnessTest.java:414)
	at java.lang.reflect.Method.invoke(Native Method)
	at org.junit.runners.model.FrameworkMethod$1.runReflectiveCall(FrameworkMethod.java:59)
	at org.junit.internal.runners.model.ReflectiveCallable.run(ReflectiveCallable.java:12)
	at org.junit.runners.model.FrameworkMethod.invokeExplosively(FrameworkMethod.java:61)
	at org.junit.internal.runners.statements.InvokeMethod.evaluate(InvokeMethod.java:17)
	at org.junit.internal.runners.statements.FailOnTimeout$CallableStatement.call(FailOnTimeout.java:148)
	at org.junit.internal.runners.statements.FailOnTimeout$CallableStatement.call(FailOnTimeout.java:142)
	at java.util.concurrent.FutureTask.run(FutureTask.java:264)
	at java.lang.Thread.run(Thread.java:1012)BÏ¡
*android.display.cts.DefaultDisplayModeTestú
ASSUMPTION_FAILURE0testSetUserPreferredResolutionForSpecificDisplay*±
Rorg.junit.AssumptionViolatedException: Need an Android TV device to run this test."Ú
×org.junit.AssumptionViolatedException: Need an Android TV device to run this test.
	at org.junit.Assume.assumeTrue(Assume.java:68)
	at android.display.cts.DefaultDisplayModeTest.setUp(DefaultDisplayModeTest.java:74)
	at java.lang.reflect.Method.invoke(Native Method)
	at org.junit.runners.model.FrameworkMethod$1.runReflectiveCall(FrameworkMethod.java:59)
	at org.junit.internal.runners.model.ReflectiveCallable.run(ReflectiveCallable.java:12)
	at org.junit.runners.model.FrameworkMethod.invokeExplosively(FrameworkMethod.java:61)
	at androidx.test.internal.runner.junit4.statement.RunBefores.evaluate(RunBefores.java:76)
	at androidx.test.internal.runner.junit4.statement.RunAfters.evaluate(RunAfters.java:61)
	at com.android.compatibility.common.util.AdoptShellPermissionsRule$1.evaluate(AdoptShellPermissionsRule.java:68)
	at org.junit.runners.ParentRunner$3.evaluate(ParentRunner.java:306)
	at org.junit.runners.BlockJUnit4ClassRunner$1.evaluate(BlockJUnit4ClassRunner.java:100)
	at org.junit.runners.ParentRunner.runLeaf(ParentRunner.java:366)
	at org.junit.runners.BlockJUnit4ClassRunner.runChild(BlockJUnit4ClassRunner.java:103)
	at org.junit.runners.BlockJUnit4ClassRunner.runChild(BlockJUnit4ClassRunner.java:63)
	at org.junit.runners.ParentRunner$4.run(ParentRunner.java:331)
	at org.junit.runners.ParentRunner$1.schedule(ParentRunner.java:79)
	at org.junit.runners.ParentRunner.runChildren(ParentRunner.java:329)
	at org.junit.runners.ParentRunner.-$$Nest$mrunChildren(Unknown Source:0)
	at org.junit.runners.ParentRunner$2.evaluate(ParentRunner.java:293)
	at org.junit.runners.ParentRunner$3.evaluate(ParentRunner.java:306)
	at org.junit.runners.ParentRunner.run(ParentRunner.java:413)
	at androidx.test.runner.AndroidJUnit4.run(AndroidJUnit4.java:111)
	at org.junit.runners.Suite.runChild(Suite.java:128)
	at org.junit.runners.Suite.runChild(Suite.java:27)
	at org.junit.runners.ParentRunner$4.run(ParentRunner.java:331)
	at org.junit.runners.ParentRunner$1.schedule(ParentRunner.java:79)
	at org.junit.runners.ParentRunner.runChildren(ParentRunner.java:329)
	at org.junit.runners.ParentRunner.-$$Nest$mrunChildren(Unknown Source:0)
	at org.junit.runners.ParentRunner$2.evaluate(ParentRunner.java:293)
	at org.junit.runners.ParentRunner$3.evaluate(ParentRunner.java:306)
	at org.junit.runners.ParentRunner.run(ParentRunner.java:413)
	at org.junit.runner.JUnitCore.run(JUnitCore.java:137)
	at org.junit.runner.JUnitCore.run(JUnitCore.java:115)
	at androidx.test.internal.runner.TestExecutor.execute(TestExecutor.java:67)
	at androidx.test.internal.runner.TestExecutor.execute(TestExecutor.java:58)
	at androidx.test.runner.AndroidJUnitRunner.onStart(AndroidJUnitRunner.java:445)
	at android.app.Instrumentation$InstrumentationThread.run(Instrumentation.java:2594)û
ASSUMPTION_FAILURE1testSetUserPreferredDisplayModeForSpecificDisplay*±
Rorg.junit.AssumptionViolatedException: Need an Android TV device to run this test."Ú
×org.junit.AssumptionViolatedException: Need an Android TV device to run this test.
	at org.junit.Assume.assumeTrue(Assume.java:68)
	at android.display.cts.DefaultDisplayModeTest.setUp(DefaultDisplayModeTest.java:74)
	at java.lang.reflect.Method.invoke(Native Method)
	at org.junit.runners.model.FrameworkMethod$1.runReflectiveCall(FrameworkMethod.java:59)
	at org.junit.internal.runners.model.ReflectiveCallable.run(ReflectiveCallable.java:12)
	at org.junit.runners.model.FrameworkMethod.invokeExplosively(FrameworkMethod.java:61)
	at androidx.test.internal.runner.junit4.statement.RunBefores.evaluate(RunBefores.java:76)
	at androidx.test.internal.runner.junit4.statement.RunAfters.evaluate(RunAfters.java:61)
	at com.android.compatibility.common.util.AdoptShellPermissionsRule$1.evaluate(AdoptShellPermissionsRule.java:68)
	at org.junit.runners.ParentRunner$3.evaluate(ParentRunner.java:306)
	at org.junit.runners.BlockJUnit4ClassRunner$1.evaluate(BlockJUnit4ClassRunner.java:100)
	at org.junit.runners.ParentRunner.runLeaf(ParentRunner.java:366)
	at org.junit.runners.BlockJUnit4ClassRunner.runChild(BlockJUnit4ClassRunner.java:103)
	at org.junit.runners.BlockJUnit4ClassRunner.runChild(BlockJUnit4ClassRunner.java:63)
	at org.junit.runners.ParentRunner$4.run(ParentRunner.java:331)
	at org.junit.runners.ParentRunner$1.schedule(ParentRunner.java:79)
	at org.junit.runners.ParentRunner.runChildren(ParentRunner.java:329)
	at org.junit.runners.ParentRunner.-$$Nest$mrunChildren(Unknown Source:0)
	at org.junit.runners.ParentRunner$2.evaluate(ParentRunner.java:293)
	at org.junit.runners.ParentRunner$3.evaluate(ParentRunner.java:306)
	at org.junit.runners.ParentRunner.run(ParentRunner.java:413)
	at androidx.test.runner.AndroidJUnit4.run(AndroidJUnit4.java:111)
	at org.junit.runners.Suite.runChild(Suite.java:128)
	at org.junit.runners.Suite.runChild(Suite.java:27)
	at org.junit.runners.ParentRunner$4.run(ParentRunner.java:331)
	at org.junit.runners.ParentRunner$1.schedule(ParentRunner.java:79)
	at org.junit.runners.ParentRunner.runChildren(ParentRunner.java:329)
	at org.junit.runners.ParentRunner.-$$Nest$mrunChildren(Unknown Source:0)
	at org.junit.runners.ParentRunner$2.evaluate(ParentRunner.java:293)
	at org.junit.runners.ParentRunner$3.evaluate(ParentRunner.java:306)
	at org.junit.runners.ParentRunner.run(ParentRunner.java:413)
	at org.junit.runner.JUnitCore.run(JUnitCore.java:137)
	at org.junit.runner.JUnitCore.run(JUnitCore.java:115)
	at androidx.test.internal.runner.TestExecutor.execute(TestExecutor.java:67)
	at androidx.test.internal.runner.TestExecutor.execute(TestExecutor.java:58)
	at androidx.test.runner.AndroidJUnitRunner.onStart(AndroidJUnitRunner.java:445)
	at android.app.Instrumentation$InstrumentationThread.run(Instrumentation.java:2594)é
ASSUMPTION_FAILUREtestGetUserPreferredDisplayMode*±
Rorg.junit.AssumptionViolatedException: Need an Android TV device to run this test."Ú
×org.junit.AssumptionViolatedException: Need an Android TV device to run this test.
	at org.junit.Assume.assumeTrue(Assume.java:68)
	at android.display.cts.DefaultDisplayModeTest.setUp(DefaultDisplayModeTest.java:74)
	at java.lang.reflect.Method.invoke(Native Method)
	at org.junit.runners.model.FrameworkMethod$1.runReflectiveCall(FrameworkMethod.java:59)
	at org.junit.internal.runners.model.ReflectiveCallable.run(ReflectiveCallable.java:12)
	at org.junit.runners.model.FrameworkMethod.invokeExplosively(FrameworkMethod.java:61)
	at androidx.test.internal.runner.junit4.statement.RunBefores.evaluate(RunBefores.java:76)
	at androidx.test.internal.runner.junit4.statement.RunAfters.evaluate(RunAfters.java:61)
	at com.android.compatibility.common.util.AdoptShellPermissionsRule$1.evaluate(AdoptShellPermissionsRule.java:68)
	at org.junit.runners.ParentRunner$3.evaluate(ParentRunner.java:306)
	at org.junit.runners.BlockJUnit4ClassRunner$1.evaluate(BlockJUnit4ClassRunner.java:100)
	at org.junit.runners.ParentRunner.runLeaf(ParentRunner.java:366)
	at org.junit.runners.BlockJUnit4ClassRunner.runChild(BlockJUnit4ClassRunner.java:103)
	at org.junit.runners.BlockJUnit4ClassRunner.runChild(BlockJUnit4ClassRunner.java:63)
	at org.junit.runners.ParentRunner$4.run(ParentRunner.java:331)
	at org.junit.runners.ParentRunner$1.schedule(ParentRunner.java:79)
	at org.junit.runners.ParentRunner.runChildren(ParentRunner.java:329)
	at org.junit.runners.ParentRunner.-$$Nest$mrunChildren(Unknown Source:0)
	at org.junit.runners.ParentRunner$2.evaluate(ParentRunner.java:293)
	at org.junit.runners.ParentRunner$3.evaluate(ParentRunner.java:306)
	at org.junit.runners.ParentRunner.run(ParentRunner.java:413)
	at androidx.test.runner.AndroidJUnit4.run(AndroidJUnit4.java:111)
	at org.junit.runners.Suite.runChild(Suite.java:128)
	at org.junit.runners.Suite.runChild(Suite.java:27)
	at org.junit.runners.ParentRunner$4.run(ParentRunner.java:331)
	at org.junit.runners.ParentRunner$1.schedule(ParentRunner.java:79)
	at org.junit.runners.ParentRunner.runChildren(ParentRunner.java:329)
	at org.junit.runners.ParentRunner.-$$Nest$mrunChildren(Unknown Source:0)
	at org.junit.runners.ParentRunner$2.evaluate(ParentRunner.java:293)
	at org.junit.runners.ParentRunner$3.evaluate(ParentRunner.java:306)
	at org.junit.runners.ParentRunner.run(ParentRunner.java:413)
	at org.junit.runner.JUnitCore.run(JUnitCore.java:137)
	at org.junit.runner.JUnitCore.run(JUnitCore.java:115)
	at androidx.test.internal.runner.TestExecutor.execute(TestExecutor.java:67)
	at androidx.test.internal.runner.TestExecutor.execute(TestExecutor.java:58)
	at androidx.test.runner.AndroidJUnitRunner.onStart(AndroidJUnitRunner.java:445)
	at android.app.Instrumentation$InstrumentationThread.run(Instrumentation.java:2594)Ž
ASSUMPTION_FAILUREDtestSetAndClearUserPreferredDisplayModeGeneratesDisplayChangedEvents*±
Rorg.junit.AssumptionViolatedException: Need an Android TV device to run this test."Ú
×org.junit.AssumptionViolatedException: Need an Android TV device to run this test.
	at org.junit.Assume.assumeTrue(Assume.java:68)
	at android.display.cts.DefaultDisplayModeTest.setUp(DefaultDisplayModeTest.java:74)
	at java.lang.reflect.Method.invoke(Native Method)
	at org.junit.runners.model.FrameworkMethod$1.runReflectiveCall(FrameworkMethod.java:59)
	at org.junit.internal.runners.model.ReflectiveCallable.run(ReflectiveCallable.java:12)
	at org.junit.runners.model.FrameworkMethod.invokeExplosively(FrameworkMethod.java:61)
	at androidx.test.internal.runner.junit4.statement.RunBefores.evaluate(RunBefores.java:76)
	at androidx.test.internal.runner.junit4.statement.RunAfters.evaluate(RunAfters.java:61)
	at com.android.compatibility.common.util.AdoptShellPermissionsRule$1.evaluate(AdoptShellPermissionsRule.java:68)
	at org.junit.runners.ParentRunner$3.evaluate(ParentRunner.java:306)
	at org.junit.runners.BlockJUnit4ClassRunner$1.evaluate(BlockJUnit4ClassRunner.java:100)
	at org.junit.runners.ParentRunner.runLeaf(ParentRunner.java:366)
	at org.junit.runners.BlockJUnit4ClassRunner.runChild(BlockJUnit4ClassRunner.java:103)
	at org.junit.runners.BlockJUnit4ClassRunner.runChild(BlockJUnit4ClassRunner.java:63)
	at org.junit.runners.ParentRunner$4.run(ParentRunner.java:331)
	at org.junit.runners.ParentRunner$1.schedule(ParentRunner.java:79)
	at org.junit.runners.ParentRunner.runChildren(ParentRunner.java:329)
	at org.junit.runners.ParentRunner.-$$Nest$mrunChildren(Unknown Source:0)
	at org.junit.runners.ParentRunner$2.evaluate(ParentRunner.java:293)
	at org.junit.runners.ParentRunner$3.evaluate(ParentRunner.java:306)
	at org.junit.runners.ParentRunner.run(ParentRunner.java:413)
	at androidx.test.runner.AndroidJUnit4.run(AndroidJUnit4.java:111)
	at org.junit.runners.Suite.runChild(Suite.java:128)
	at org.junit.runners.Suite.runChild(Suite.java:27)
	at org.junit.runners.ParentRunner$4.run(ParentRunner.java:331)
	at org.junit.runners.ParentRunner$1.schedule(ParentRunner.java:79)
	at org.junit.runners.ParentRunner.runChildren(ParentRunner.java:329)
	at org.junit.runners.ParentRunner.-$$Nest$mrunChildren(Unknown Source:0)
	at org.junit.runners.ParentRunner$2.evaluate(ParentRunner.java:293)
	at org.junit.runners.ParentRunner$3.evaluate(ParentRunner.java:306)
	at org.junit.runners.ParentRunner.run(ParentRunner.java:413)
	at org.junit.runner.JUnitCore.run(JUnitCore.java:137)
	at org.junit.runner.JUnitCore.run(JUnitCore.java:115)
	at androidx.test.internal.runner.TestExecutor.execute(TestExecutor.java:67)
	at androidx.test.internal.runner.TestExecutor.execute(TestExecutor.java:58)
	at androidx.test.runner.AndroidJUnitRunner.onStart(AndroidJUnitRunner.java:445)
	at android.app.Instrumentation$InstrumentationThread.run(Instrumentation.java:2594)û
ASSUMPTION_FAILURE1testSetUserPreferredRefreshRateForSpecificDisplay*±
Rorg.junit.AssumptionViolatedException: Need an Android TV device to run this test."Ú
×org.junit.AssumptionViolatedException: Need an Android TV device to run this test.
	at org.junit.Assume.assumeTrue(Assume.java:68)
	at android.display.cts.DefaultDisplayModeTest.setUp(DefaultDisplayModeTest.java:74)
	at java.lang.reflect.Method.invoke(Native Method)
	at org.junit.runners.model.FrameworkMethod$1.runReflectiveCall(FrameworkMethod.java:59)
	at org.junit.internal.runners.model.ReflectiveCallable.run(ReflectiveCallable.java:12)
	at org.junit.runners.model.FrameworkMethod.invokeExplosively(FrameworkMethod.java:61)
	at androidx.test.internal.runner.junit4.statement.RunBefores.evaluate(RunBefores.java:76)
	at androidx.test.internal.runner.junit4.statement.RunAfters.evaluate(RunAfters.java:61)
	at com.android.compatibility.common.util.AdoptShellPermissionsRule$1.evaluate(AdoptShellPermissionsRule.java:68)
	at org.junit.runners.ParentRunner$3.evaluate(ParentRunner.java:306)
	at org.junit.runners.BlockJUnit4ClassRunner$1.evaluate(BlockJUnit4ClassRunner.java:100)
	at org.junit.runners.ParentRunner.runLeaf(ParentRunner.java:366)
	at org.junit.runners.BlockJUnit4ClassRunner.runChild(BlockJUnit4ClassRunner.java:103)
	at org.junit.runners.BlockJUnit4ClassRunner.runChild(BlockJUnit4ClassRunner.java:63)
	at org.junit.runners.ParentRunner$4.run(ParentRunner.java:331)
	at org.junit.runners.ParentRunner$1.schedule(ParentRunner.java:79)
	at org.junit.runners.ParentRunner.runChildren(ParentRunner.java:329)
	at org.junit.runners.ParentRunner.-$$Nest$mrunChildren(Unknown Source:0)
	at org.junit.runners.ParentRunner$2.evaluate(ParentRunner.java:293)
	at org.junit.runners.ParentRunner$3.evaluate(ParentRunner.java:306)
	at org.junit.runners.ParentRunner.run(ParentRunner.java:413)
	at androidx.test.runner.AndroidJUnit4.run(AndroidJUnit4.java:111)
	at org.junit.runners.Suite.runChild(Suite.java:128)
	at org.junit.runners.Suite.runChild(Suite.java:27)
	at org.junit.runners.ParentRunner$4.run(ParentRunner.java:331)
	at org.junit.runners.ParentRunner$1.schedule(ParentRunner.java:79)
	at org.junit.runners.ParentRunner.runChildren(ParentRunner.java:329)
	at org.junit.runners.ParentRunner.-$$Nest$mrunChildren(Unknown Source:0)
	at org.junit.runners.ParentRunner$2.evaluate(ParentRunner.java:293)
	at org.junit.runners.ParentRunner$3.evaluate(ParentRunner.java:306)
	at org.junit.runners.ParentRunner.run(ParentRunner.java:413)
	at org.junit.runner.JUnitCore.run(JUnitCore.java:137)
	at org.junit.runner.JUnitCore.run(JUnitCore.java:115)
	at androidx.test.internal.runner.TestExecutor.execute(TestExecutor.java:67)
	at androidx.test.internal.runner.TestExecutor.execute(TestExecutor.java:58)
	at androidx.test.runner.AndroidJUnitRunner.onStart(AndroidJUnitRunner.java:445)
	at android.app.Instrumentation$InstrumentationThread.run(Instrumentation.java:2594)‡
ASSUMPTION_FAILURE=testSetUserPreferredDisplayModeThrowsExceptionWithInvalidMode*±
Rorg.junit.AssumptionViolatedException: Need an Android TV device to run this test."Ú
×org.junit.AssumptionViolatedException: Need an Android TV device to run this test.
	at org.junit.Assume.assumeTrue(Assume.java:68)
	at android.display.cts.DefaultDisplayModeTest.setUp(DefaultDisplayModeTest.java:74)
	at java.lang.reflect.Method.invoke(Native Method)
	at org.junit.runners.model.FrameworkMethod$1.runReflectiveCall(FrameworkMethod.java:59)
	at org.junit.internal.runners.model.ReflectiveCallable.run(ReflectiveCallable.java:12)
	at org.junit.runners.model.FrameworkMethod.invokeExplosively(FrameworkMethod.java:61)
	at androidx.test.internal.runner.junit4.statement.RunBefores.evaluate(RunBefores.java:76)
	at androidx.test.internal.runner.junit4.statement.RunAfters.evaluate(RunAfters.java:61)
	at com.android.compatibility.common.util.AdoptShellPermissionsRule$1.evaluate(AdoptShellPermissionsRule.java:68)
	at org.junit.runners.ParentRunner$3.evaluate(ParentRunner.java:306)
	at org.junit.runners.BlockJUnit4ClassRunner$1.evaluate(BlockJUnit4ClassRunner.java:100)
	at org.junit.runners.ParentRunner.runLeaf(ParentRunner.java:366)
	at org.junit.runners.BlockJUnit4ClassRunner.runChild(BlockJUnit4ClassRunner.java:103)
	at org.junit.runners.BlockJUnit4ClassRunner.runChild(BlockJUnit4ClassRunner.java:63)
	at org.junit.runners.ParentRunner$4.run(ParentRunner.java:331)
	at org.junit.runners.ParentRunner$1.schedule(ParentRunner.java:79)
	at org.junit.runners.ParentRunner.runChildren(ParentRunner.java:329)
	at org.junit.runners.ParentRunner.-$$Nest$mrunChildren(Unknown Source:0)
	at org.junit.runners.ParentRunner$2.evaluate(ParentRunner.java:293)
	at org.junit.runners.ParentRunner$3.evaluate(ParentRunner.java:306)
	at org.junit.runners.ParentRunner.run(ParentRunner.java:413)
	at androidx.test.runner.AndroidJUnit4.run(AndroidJUnit4.java:111)
	at org.junit.runners.Suite.runChild(Suite.java:128)
	at org.junit.runners.Suite.runChild(Suite.java:27)
	at org.junit.runners.ParentRunner$4.run(ParentRunner.java:331)
	at org.junit.runners.ParentRunner$1.schedule(ParentRunner.java:79)
	at org.junit.runners.ParentRunner.runChildren(ParentRunner.java:329)
	at org.junit.runners.ParentRunner.-$$Nest$mrunChildren(Unknown Source:0)
	at org.junit.runners.ParentRunner$2.evaluate(ParentRunner.java:293)
	at org.junit.runners.ParentRunner$3.evaluate(ParentRunner.java:306)
	at org.junit.runners.ParentRunner.run(ParentRunner.java:413)
	at org.junit.runner.JUnitCore.run(JUnitCore.java:137)
	at org.junit.runner.JUnitCore.run(JUnitCore.java:115)
	at androidx.test.internal.runner.TestExecutor.execute(TestExecutor.java:67)
	at androidx.test.internal.runner.TestExecutor.execute(TestExecutor.java:58)
	at androidx.test.runner.AndroidJUnitRunner.onStart(AndroidJUnitRunner.java:445)
	at android.app.Instrumentation$InstrumentationThread.run(Instrumentation.java:2594) 
ASSUMPTION_FAILUREVtestSetAndClearUserPreferredDisplayModeForSpecificDisplayGeneratesDisplayChangedEvents*±
Rorg.junit.AssumptionViolatedException: Need an Android TV device to run this test."Ú
×org.junit.AssumptionViolatedException: Need an Android TV device to run this test.
	at org.junit.Assume.assumeTrue(Assume.java:68)
	at android.display.cts.DefaultDisplayModeTest.setUp(DefaultDisplayModeTest.java:74)
	at java.lang.reflect.Method.invoke(Native Method)
	at org.junit.runners.model.FrameworkMethod$1.runReflectiveCall(FrameworkMethod.java:59)
	at org.junit.internal.runners.model.ReflectiveCallable.run(ReflectiveCallable.java:12)
	at org.junit.runners.model.FrameworkMethod.invokeExplosively(FrameworkMethod.java:61)
	at androidx.test.internal.runner.junit4.statement.RunBefores.evaluate(RunBefores.java:76)
	at androidx.test.internal.runner.junit4.statement.RunAfters.evaluate(RunAfters.java:61)
	at com.android.compatibility.common.util.AdoptShellPermissionsRule$1.evaluate(AdoptShellPermissionsRule.java:68)
	at org.junit.runners.ParentRunner$3.evaluate(ParentRunner.java:306)
	at org.junit.runners.BlockJUnit4ClassRunner$1.evaluate(BlockJUnit4ClassRunner.java:100)
	at org.junit.runners.ParentRunner.runLeaf(ParentRunner.java:366)
	at org.junit.runners.BlockJUnit4ClassRunner.runChild(BlockJUnit4ClassRunner.java:103)
	at org.junit.runners.BlockJUnit4ClassRunner.runChild(BlockJUnit4ClassRunner.java:63)
	at org.junit.runners.ParentRunner$4.run(ParentRunner.java:331)
	at org.junit.runners.ParentRunner$1.schedule(ParentRunner.java:79)
	at org.junit.runners.ParentRunner.runChildren(ParentRunner.java:329)
	at org.junit.runners.ParentRunner.-$$Nest$mrunChildren(Unknown Source:0)
	at org.junit.runners.ParentRunner$2.evaluate(ParentRunner.java:293)
	at org.junit.runners.ParentRunner$3.evaluate(ParentRunner.java:306)
	at org.junit.runners.ParentRunner.run(ParentRunner.java:413)
	at androidx.test.runner.AndroidJUnit4.run(AndroidJUnit4.java:111)
	at org.junit.runners.Suite.runChild(Suite.java:128)
	at org.junit.runners.Suite.runChild(Suite.java:27)
	at org.junit.runners.ParentRunner$4.run(ParentRunner.java:331)
	at org.junit.runners.ParentRunner$1.schedule(ParentRunner.java:79)
	at org.junit.runners.ParentRunner.runChildren(ParentRunner.java:329)
	at org.junit.runners.ParentRunner.-$$Nest$mrunChildren(Unknown Source:0)
	at org.junit.runners.ParentRunner$2.evaluate(ParentRunner.java:293)
	at org.junit.runners.ParentRunner$3.evaluate(ParentRunner.java:306)
	at org.junit.runners.ParentRunner.run(ParentRunner.java:413)
	at org.junit.runner.JUnitCore.run(JUnitCore.java:137)
	at org.junit.runner.JUnitCore.run(JUnitCore.java:115)
	at androidx.test.internal.runner.TestExecutor.execute(TestExecutor.java:67)
	at androidx.test.internal.runner.TestExecutor.execute(TestExecutor.java:58)
	at androidx.test.runner.AndroidJUnitRunner.onStart(AndroidJUnitRunner.java:445)
	at android.app.Instrumentation$InstrumentationThread.run(Instrumentation.java:2594)BÒ	
$android.display.cts.DisplayEventTest&
passtestDisplayEvents[#0: 1 false]&
passtestDisplayEvents[#1: 2 false]&
passtestDisplayEvents[#2: 3 false]'
passtestDisplayEvents[#3: 10 false]%
passtestDisplayEvents[#4: 1 true]%
passtestDisplayEvents[#5: 2 true]Û
failtestDisplayEvents[#6: 3 true]*³
java.lang.AssertionError"–
“java.lang.AssertionError
	at org.junit.Assert.fail(Assert.java:87)
	at org.junit.Assert.assertTrue(Assert.java:42)
	at org.junit.Assert.assertNotNull(Assert.java:713)
	at org.junit.Assert.assertNotNull(Assert.java:723)
	at android.display.cts.DisplayEventTest$DisplayBundle.waitDisplayEvent(DisplayEventTest.java:171)
	at android.display.cts.DisplayEventTest.testDisplayEvents(DisplayEventTest.java:334)Ü
failtestDisplayEvents[#7: 10 true]*³
java.lang.AssertionError"–
“java.lang.AssertionError
	at org.junit.Assert.fail(Assert.java:87)
	at org.junit.Assert.assertTrue(Assert.java:42)
	at org.junit.Assert.assertNotNull(Assert.java:713)
	at org.junit.Assert.assertNotNull(Assert.java:723)
	at android.display.cts.DisplayEventTest$DisplayBundle.waitDisplayEvent(DisplayEventTest.java:171)
	at android.display.cts.DisplayEventTest.testDisplayEvents(DisplayEventTest.java:334)BÑ	
&android.display.cts.DisplayManagerTestü
ASSUMPTION_FAILURE!testCreateVirtualDisplayFromShell*Â
Torg.junit.AssumptionViolatedException: got: &lt;false&gt;, expected: is &lt;true&gt;"é
æorg.junit.AssumptionViolatedException: got: &lt;false&gt;, expected: is &lt;true&gt;
	at org.junit.Assume.assumeThat(Assume.java:106)
	at org.junit.Assume.assumeTrue(Assume.java:50)
	at android.display.cts.DisplayManagerTest.testCreateVirtualDisplayFromShell(DisplayManagerTest.java:102)
	at java.lang.reflect.Method.invoke(Native Method)
	at org.junit.runners.model.FrameworkMethod$1.runReflectiveCall(FrameworkMethod.java:59)
	at org.junit.internal.runners.model.ReflectiveCallable.run(ReflectiveCallable.java:12)
	at org.junit.runners.model.FrameworkMethod.invokeExplosively(FrameworkMethod.java:61)
	at org.junit.internal.runners.statements.InvokeMethod.evaluate(InvokeMethod.java:17)
	at org.junit.internal.runners.statements.FailOnTimeout$CallableStatement.call(FailOnTimeout.java:148)
	at org.junit.internal.runners.statements.FailOnTimeout$CallableStatement.call(FailOnTimeout.java:142)
	at java.util.concurrent.FutureTask.run(FutureTask.java:264)
	at java.lang.Thread.run(Thread.java:1012)(
pass createVirtualDisplayNoPermissionB÷
android.display.cts.DisplayTest%
passtestRestrictedFramebufferSizeY
passQtestGetHdrCapabilitiesWhenUserDisabledFormatsAreAllowedReturnsNonFilteredHdrTypes
passtestDefaultDisplay+
pass#testGetPreferredWideGamutColorSpace
passtestGetDisplayAttrsY
passQtestGetHdrCapabilitiesWhenUserDisabledFormatsAreNotAllowedReturnsFilteredHdrTypes
pass	testFlags
passtestModeË
ASSUMPTION_FAILURE)testModeSwitchOnPrimaryDisplayWithRestart*‰
Sorg.junit.AssumptionViolatedException: Modes with different sizes are not available"±
®org.junit.AssumptionViolatedException: Modes with different sizes are not available
	at org.junit.Assume.assumeTrue(Assume.java:68)
	at android.display.cts.DisplayTest.testModeSwitchOnPrimaryDisplayWithRestart(DisplayTest.java:677)
	at java.lang.reflect.Method.invoke(Native Method)
	at org.junit.runners.model.FrameworkMethod$1.runReflectiveCall(FrameworkMethod.java:59)
	at org.junit.internal.runners.model.ReflectiveCallable.run(ReflectiveCallable.java:12)
	at org.junit.runners.model.FrameworkMethod.invokeExplosively(FrameworkMethod.java:61)
	at org.junit.internal.runners.statements.InvokeMethod.evaluate(InvokeMethod.java:17)
	at org.junit.internal.runners.statements.FailOnTimeout$CallableStatement.call(FailOnTimeout.java:148)
	at org.junit.internal.runners.statements.FailOnTimeout$CallableStatement.call(FailOnTimeout.java:142)
	at java.util.concurrent.FutureTask.run(FutureTask.java:264)
	at java.lang.Thread.run(Thread.java:1012)/
pass'testRefreshRateSwitchOnSecondaryDisplay&
passtestModeSwitchOnPrimaryDisplay 
passtestGetDeviceProductInfo<
pass4testGetSupportWideColorGamut_displayIsWideColorGamut6
pass.testActiveModeIsSupportedModesOnDefaultDisplay'
passtestDefaultDisplayHdrCapability8
pass0getDisplaysWithInvalidCategory_returnsEmptyArray-
pass%testGetSupportedModesOnDefaultDisplay
passtestSecondaryDisplay6
pass.testGetSupportedWideColorGamut_shouldNotBeNull
passtestGetMetrics
passtestDeviceProductInfo
passtestGetDisplays1
pass)testFailBrightnessChangeWithoutPermissionB
pass:testSetUserDisabledHdrTypesStoresDisabledFormatsInSettingsB¬^
-android.display.cts.HdrConversionDisabledTest¿
ASSUMPTION_FAILUREtestGetSupportedHdrOutputTypes*ˆ
Rorg.junit.AssumptionViolatedException: Need an Android TV device to run this test."±
®org.junit.AssumptionViolatedException: Need an Android TV device to run this test.
	at org.junit.Assume.assumeTrue(Assume.java:68)
	at android.display.cts.HdrConversionDisabledTest.setUp(HdrConversionDisabledTest.java:75)
	at java.lang.reflect.Method.invoke(Native Method)
	at org.junit.runners.model.FrameworkMethod$1.runReflectiveCall(FrameworkMethod.java:59)
	at org.junit.internal.runners.model.ReflectiveCallable.run(ReflectiveCallable.java:12)
	at org.junit.runners.model.FrameworkMethod.invokeExplosively(FrameworkMethod.java:61)
	at androidx.test.internal.runner.junit4.statement.RunBefores.evaluate(RunBefores.java:76)
	at org.junit.rules.ExternalResource$1.evaluate(ExternalResource.java:54)
	at com.android.compatibility.common.util.AdoptShellPermissionsRule$1.evaluate(AdoptShellPermissionsRule.java:68)
	at com.android.compatibility.common.util.StateChangerRule$1.evaluate(StateChangerRule.java:63)
	at org.junit.runners.ParentRunner$3.evaluate(ParentRunner.java:306)
	at org.junit.runners.BlockJUnit4ClassRunner$1.evaluate(BlockJUnit4ClassRunner.java:100)
	at org.junit.runners.ParentRunner.runLeaf(ParentRunner.java:366)
	at org.junit.runners.BlockJUnit4ClassRunner.runChild(BlockJUnit4ClassRunner.java:103)
	at org.junit.runners.BlockJUnit4ClassRunner.runChild(BlockJUnit4ClassRunner.java:63)
	at org.junit.runners.ParentRunner$4.run(ParentRunner.java:331)
	at org.junit.runners.ParentRunner$1.schedule(ParentRunner.java:79)
	at org.junit.runners.ParentRunner.runChildren(ParentRunner.java:329)
	at org.junit.runners.ParentRunner.-$$Nest$mrunChildren(Unknown Source:0)
	at org.junit.runners.ParentRunner$2.evaluate(ParentRunner.java:293)
	at org.junit.runners.ParentRunner$3.evaluate(ParentRunner.java:306)
	at org.junit.runners.ParentRunner.run(ParentRunner.java:413)
	at androidx.test.runner.AndroidJUnit4.run(AndroidJUnit4.java:111)
	at org.junit.runners.Suite.runChild(Suite.java:128)
	at org.junit.runners.Suite.runChild(Suite.java:27)
	at org.junit.runners.ParentRunner$4.run(ParentRunner.java:331)
	at org.junit.runners.ParentRunner$1.schedule(ParentRunner.java:79)
	at org.junit.runners.ParentRunner.runChildren(ParentRunner.java:329)
	at org.junit.runners.ParentRunner.-$$Nest$mrunChildren(Unknown Source:0)
	at org.junit.runners.ParentRunner$2.evaluate(ParentRunner.java:293)
	at org.junit.runners.ParentRunner$3.evaluate(ParentRunner.java:306)
	at org.junit.runners.ParentRunner.run(ParentRunner.java:413)
	at org.junit.runner.JUnitCore.run(JUnitCore.java:137)
	at org.junit.runner.JUnitCore.run(JUnitCore.java:115)
	at androidx.test.internal.runner.TestExecutor.execute(TestExecutor.java:67)
	at androidx.test.internal.runner.TestExecutor.execute(TestExecutor.java:58)
	at androidx.test.runner.AndroidJUnitRunner.onStart(AndroidJUnitRunner.java:445)
	at android.app.Instrumentation$InstrumentationThread.run(Instrumentation.java:2594)¹
ASSUMPTION_FAILUREtestSetHdrConversionMode*ˆ
Rorg.junit.AssumptionViolatedException: Need an Android TV device to run this test."±
®org.junit.AssumptionViolatedException: Need an Android TV device to run this test.
	at org.junit.Assume.assumeTrue(Assume.java:68)
	at android.display.cts.HdrConversionDisabledTest.setUp(HdrConversionDisabledTest.java:75)
	at java.lang.reflect.Method.invoke(Native Method)
	at org.junit.runners.model.FrameworkMethod$1.runReflectiveCall(FrameworkMethod.java:59)
	at org.junit.internal.runners.model.ReflectiveCallable.run(ReflectiveCallable.java:12)
	at org.junit.runners.model.FrameworkMethod.invokeExplosively(FrameworkMethod.java:61)
	at androidx.test.internal.runner.junit4.statement.RunBefores.evaluate(RunBefores.java:76)
	at org.junit.rules.ExternalResource$1.evaluate(ExternalResource.java:54)
	at com.android.compatibility.common.util.AdoptShellPermissionsRule$1.evaluate(AdoptShellPermissionsRule.java:68)
	at com.android.compatibility.common.util.StateChangerRule$1.evaluate(StateChangerRule.java:63)
	at org.junit.runners.ParentRunner$3.evaluate(ParentRunner.java:306)
	at org.junit.runners.BlockJUnit4ClassRunner$1.evaluate(BlockJUnit4ClassRunner.java:100)
	at org.junit.runners.ParentRunner.runLeaf(ParentRunner.java:366)
	at org.junit.runners.BlockJUnit4ClassRunner.runChild(BlockJUnit4ClassRunner.java:103)
	at org.junit.runners.BlockJUnit4ClassRunner.runChild(BlockJUnit4ClassRunner.java:63)
	at org.junit.runners.ParentRunner$4.run(ParentRunner.java:331)
	at org.junit.runners.ParentRunner$1.schedule(ParentRunner.java:79)
	at org.junit.runners.ParentRunner.runChildren(ParentRunner.java:329)
	at org.junit.runners.ParentRunner.-$$Nest$mrunChildren(Unknown Source:0)
	at org.junit.runners.ParentRunner$2.evaluate(ParentRunner.java:293)
	at org.junit.runners.ParentRunner$3.evaluate(ParentRunner.java:306)
	at org.junit.runners.ParentRunner.run(ParentRunner.java:413)
	at androidx.test.runner.AndroidJUnit4.run(AndroidJUnit4.java:111)
	at org.junit.runners.Suite.runChild(Suite.java:128)
	at org.junit.runners.Suite.runChild(Suite.java:27)
	at org.junit.runners.ParentRunner$4.run(ParentRunner.java:331)
	at org.junit.runners.ParentRunner$1.schedule(ParentRunner.java:79)
	at org.junit.runners.ParentRunner.runChildren(ParentRunner.java:329)
	at org.junit.runners.ParentRunner.-$$Nest$mrunChildren(Unknown Source:0)
	at org.junit.runners.ParentRunner$2.evaluate(ParentRunner.java:293)
	at org.junit.runners.ParentRunner$3.evaluate(ParentRunner.java:306)
	at org.junit.runners.ParentRunner.run(ParentRunner.java:413)
	at org.junit.runner.JUnitCore.run(JUnitCore.java:137)
	at org.junit.runner.JUnitCore.run(JUnitCore.java:115)
	at androidx.test.internal.runner.TestExecutor.execute(TestExecutor.java:67)
	at androidx.test.internal.runner.TestExecutor.execute(TestExecutor.java:58)
	at androidx.test.runner.AndroidJUnitRunner.onStart(AndroidJUnitRunner.java:445)
	at android.app.Instrumentation$InstrumentationThread.run(Instrumentation.java:2594)¹
ASSUMPTION_FAILUREtestGetHdrConversionMode*ˆ
Rorg.junit.AssumptionViolatedException: Need an Android TV device to run this test."±
®org.junit.AssumptionViolatedException: Need an Android TV device to run this test.
	at org.junit.Assume.assumeTrue(Assume.java:68)
	at android.display.cts.HdrConversionDisabledTest.setUp(HdrConversionDisabledTest.java:75)
	at java.lang.reflect.Method.invoke(Native Method)
	at org.junit.runners.model.FrameworkMethod$1.runReflectiveCall(FrameworkMethod.java:59)
	at org.junit.internal.runners.model.ReflectiveCallable.run(ReflectiveCallable.java:12)
	at org.junit.runners.model.FrameworkMethod.invokeExplosively(FrameworkMethod.java:61)
	at androidx.test.internal.runner.junit4.statement.RunBefores.evaluate(RunBefores.java:76)
	at org.junit.rules.ExternalResource$1.evaluate(ExternalResource.java:54)
	at com.android.compatibility.common.util.AdoptShellPermissionsRule$1.evaluate(AdoptShellPermissionsRule.java:68)
	at com.android.compatibility.common.util.StateChangerRule$1.evaluate(StateChangerRule.java:63)
	at org.junit.runners.ParentRunner$3.evaluate(ParentRunner.java:306)
	at org.junit.runners.BlockJUnit4ClassRunner$1.evaluate(BlockJUnit4ClassRunner.java:100)
	at org.junit.runners.ParentRunner.runLeaf(ParentRunner.java:366)
	at org.junit.runners.BlockJUnit4ClassRunner.runChild(BlockJUnit4ClassRunner.java:103)
	at org.junit.runners.BlockJUnit4ClassRunner.runChild(BlockJUnit4ClassRunner.java:63)
	at org.junit.runners.ParentRunner$4.run(ParentRunner.java:331)
	at org.junit.runners.ParentRunner$1.schedule(ParentRunner.java:79)
	at org.junit.runners.ParentRunner.runChildren(ParentRunner.java:329)
	at org.junit.runners.ParentRunner.-$$Nest$mrunChildren(Unknown Source:0)
	at org.junit.runners.ParentRunner$2.evaluate(ParentRunner.java:293)
	at org.junit.runners.ParentRunner$3.evaluate(ParentRunner.java:306)
	at org.junit.runners.ParentRunner.run(ParentRunner.java:413)
	at androidx.test.runner.AndroidJUnit4.run(AndroidJUnit4.java:111)
	at org.junit.runners.Suite.runChild(Suite.java:128)
	at org.junit.runners.Suite.runChild(Suite.java:27)
	at org.junit.runners.ParentRunner$4.run(ParentRunner.java:331)
	at org.junit.runners.ParentRunner$1.schedule(ParentRunner.java:79)
	at org.junit.runners.ParentRunner.runChildren(ParentRunner.java:329)
	at org.junit.runners.ParentRunner.-$$Nest$mrunChildren(Unknown Source:0)
	at org.junit.runners.ParentRunner$2.evaluate(ParentRunner.java:293)
	at org.junit.runners.ParentRunner$3.evaluate(ParentRunner.java:306)
	at org.junit.runners.ParentRunner.run(ParentRunner.java:413)
	at org.junit.runner.JUnitCore.run(JUnitCore.java:137)
	at org.junit.runner.JUnitCore.run(JUnitCore.java:115)
	at androidx.test.internal.runner.TestExecutor.execute(TestExecutor.java:67)
	at androidx.test.internal.runner.TestExecutor.execute(TestExecutor.java:58)
	at androidx.test.runner.AndroidJUnitRunner.onStart(AndroidJUnitRunner.java:445)
	at android.app.Instrumentation$InstrumentationThread.run(Instrumentation.java:2594)À
ASSUMPTION_FAILUREtestGetHdrConversionModeSetting*ˆ
Rorg.junit.AssumptionViolatedException: Need an Android TV device to run this test."±
®org.junit.AssumptionViolatedException: Need an Android TV device to run this test.
	at org.junit.Assume.assumeTrue(Assume.java:68)
	at android.display.cts.HdrConversionDisabledTest.setUp(HdrConversionDisabledTest.java:75)
	at java.lang.reflect.Method.invoke(Native Method)
	at org.junit.runners.model.FrameworkMethod$1.runReflectiveCall(FrameworkMethod.java:59)
	at org.junit.internal.runners.model.ReflectiveCallable.run(ReflectiveCallable.java:12)
	at org.junit.runners.model.FrameworkMethod.invokeExplosively(FrameworkMethod.java:61)
	at androidx.test.internal.runner.junit4.statement.RunBefores.evaluate(RunBefores.java:76)
	at org.junit.rules.ExternalResource$1.evaluate(ExternalResource.java:54)
	at com.android.compatibility.common.util.AdoptShellPermissionsRule$1.evaluate(AdoptShellPermissionsRule.java:68)
	at com.android.compatibility.common.util.StateChangerRule$1.evaluate(StateChangerRule.java:63)
	at org.junit.runners.ParentRunner$3.evaluate(ParentRunner.java:306)
	at org.junit.runners.BlockJUnit4ClassRunner$1.evaluate(BlockJUnit4ClassRunner.java:100)
	at org.junit.runners.ParentRunner.runLeaf(ParentRunner.java:366)
	at org.junit.runners.BlockJUnit4ClassRunner.runChild(BlockJUnit4ClassRunner.java:103)
	at org.junit.runners.BlockJUnit4ClassRunner.runChild(BlockJUnit4ClassRunner.java:63)
	at org.junit.runners.ParentRunner$4.run(ParentRunner.java:331)
	at org.junit.runners.ParentRunner$1.schedule(ParentRunner.java:79)
	at org.junit.runners.ParentRunner.runChildren(ParentRunner.java:329)
	at org.junit.runners.ParentRunner.-$$Nest$mrunChildren(Unknown Source:0)
	at org.junit.runners.ParentRunner$2.evaluate(ParentRunner.java:293)
	at org.junit.runners.ParentRunner$3.evaluate(ParentRunner.java:306)
	at org.junit.runners.ParentRunner.run(ParentRunner.java:413)
	at androidx.test.runner.AndroidJUnit4.run(AndroidJUnit4.java:111)
	at org.junit.runners.Suite.runChild(Suite.java:128)
	at org.junit.runners.Suite.runChild(Suite.java:27)
	at org.junit.runners.ParentRunner$4.run(ParentRunner.java:331)
	at org.junit.runners.ParentRunner$1.schedule(ParentRunner.java:79)
	at org.junit.runners.ParentRunner.runChildren(ParentRunner.java:329)
	at org.junit.runners.ParentRunner.-$$Nest$mrunChildren(Unknown Source:0)
	at org.junit.runners.ParentRunner$2.evaluate(ParentRunner.java:293)
	at org.junit.runners.ParentRunner$3.evaluate(ParentRunner.java:306)
	at org.junit.runners.ParentRunner.run(ParentRunner.java:413)
	at org.junit.runner.JUnitCore.run(JUnitCore.java:137)
	at org.junit.runner.JUnitCore.run(JUnitCore.java:115)
	at androidx.test.internal.runner.TestExecutor.execute(TestExecutor.java:67)
	at androidx.test.internal.runner.TestExecutor.execute(TestExecutor.java:58)
	at androidx.test.runner.AndroidJUnitRunner.onStart(AndroidJUnitRunner.java:445)
	at android.app.Instrumentation$InstrumentationThread.run(Instrumentation.java:2594)B·a
,android.display.cts.HdrConversionEnabledTest–
ASSUMPTION_FAILUREtestGetSupportedHdrOutputTypes*ß
Rorg.junit.AssumptionViolatedException: Need an Android TV device to run this test."ˆ
…org.junit.AssumptionViolatedException: Need an Android TV device to run this test.
	at org.junit.Assume.assumeTrue(Assume.java:68)
	at android.display.cts.HdrConversionEnabledTest.setUp(HdrConversionEnabledTest.java:90)
	at java.lang.reflect.Method.invoke(Native Method)
	at org.junit.runners.model.FrameworkMethod$1.runReflectiveCall(FrameworkMethod.java:59)
	at org.junit.internal.runners.model.ReflectiveCallable.run(ReflectiveCallable.java:12)
	at org.junit.runners.model.FrameworkMethod.invokeExplosively(FrameworkMethod.java:61)
	at androidx.test.internal.runner.junit4.statement.RunBefores.evaluate(RunBefores.java:76)
	at androidx.test.internal.runner.junit4.statement.RunAfters.evaluate(RunAfters.java:61)
	at org.junit.rules.ExternalResource$1.evaluate(ExternalResource.java:54)
	at com.android.compatibility.common.util.AdoptShellPermissionsRule$1.evaluate(AdoptShellPermissionsRule.java:68)
	at com.android.compatibility.common.util.StateChangerRule$1.evaluate(StateChangerRule.java:63)
	at org.junit.runners.ParentRunner$3.evaluate(ParentRunner.java:306)
	at org.junit.runners.BlockJUnit4ClassRunner$1.evaluate(BlockJUnit4ClassRunner.java:100)
	at org.junit.runners.ParentRunner.runLeaf(ParentRunner.java:366)
	at org.junit.runners.BlockJUnit4ClassRunner.runChild(BlockJUnit4ClassRunner.java:103)
	at org.junit.runners.BlockJUnit4ClassRunner.runChild(BlockJUnit4ClassRunner.java:63)
	at org.junit.runners.ParentRunner$4.run(ParentRunner.java:331)
	at org.junit.runners.ParentRunner$1.schedule(ParentRunner.java:79)
	at org.junit.runners.ParentRunner.runChildren(ParentRunner.java:329)
	at org.junit.runners.ParentRunner.-$$Nest$mrunChildren(Unknown Source:0)
	at org.junit.runners.ParentRunner$2.evaluate(ParentRunner.java:293)
	at org.junit.runners.ParentRunner$3.evaluate(ParentRunner.java:306)
	at org.junit.runners.ParentRunner.run(ParentRunner.java:413)
	at androidx.test.runner.AndroidJUnit4.run(AndroidJUnit4.java:111)
	at org.junit.runners.Suite.runChild(Suite.java:128)
	at org.junit.runners.Suite.runChild(Suite.java:27)
	at org.junit.runners.ParentRunner$4.run(ParentRunner.java:331)
	at org.junit.runners.ParentRunner$1.schedule(ParentRunner.java:79)
	at org.junit.runners.ParentRunner.runChildren(ParentRunner.java:329)
	at org.junit.runners.ParentRunner.-$$Nest$mrunChildren(Unknown Source:0)
	at org.junit.runners.ParentRunner$2.evaluate(ParentRunner.java:293)
	at org.junit.runners.ParentRunner$3.evaluate(ParentRunner.java:306)
	at org.junit.runners.ParentRunner.run(ParentRunner.java:413)
	at org.junit.runner.JUnitCore.run(JUnitCore.java:137)
	at org.junit.runner.JUnitCore.run(JUnitCore.java:115)
	at androidx.test.internal.runner.TestExecutor.execute(TestExecutor.java:67)
	at androidx.test.internal.runner.TestExecutor.execute(TestExecutor.java:58)
	at androidx.test.runner.AndroidJUnitRunner.onStart(AndroidJUnitRunner.java:445)
	at android.app.Instrumentation$InstrumentationThread.run(Instrumentation.java:2594)
ASSUMPTION_FAILUREtestSetHdrConversionMode*ß
Rorg.junit.AssumptionViolatedException: Need an Android TV device to run this test."ˆ
…org.junit.AssumptionViolatedException: Need an Android TV device to run this test.
	at org.junit.Assume.assumeTrue(Assume.java:68)
	at android.display.cts.HdrConversionEnabledTest.setUp(HdrConversionEnabledTest.java:90)
	at java.lang.reflect.Method.invoke(Native Method)
	at org.junit.runners.model.FrameworkMethod$1.runReflectiveCall(FrameworkMethod.java:59)
	at org.junit.internal.runners.model.ReflectiveCallable.run(ReflectiveCallable.java:12)
	at org.junit.runners.model.FrameworkMethod.invokeExplosively(FrameworkMethod.java:61)
	at androidx.test.internal.runner.junit4.statement.RunBefores.evaluate(RunBefores.java:76)
	at androidx.test.internal.runner.junit4.statement.RunAfters.evaluate(RunAfters.java:61)
	at org.junit.rules.ExternalResource$1.evaluate(ExternalResource.java:54)
	at com.android.compatibility.common.util.AdoptShellPermissionsRule$1.evaluate(AdoptShellPermissionsRule.java:68)
	at com.android.compatibility.common.util.StateChangerRule$1.evaluate(StateChangerRule.java:63)
	at org.junit.runners.ParentRunner$3.evaluate(ParentRunner.java:306)
	at org.junit.runners.BlockJUnit4ClassRunner$1.evaluate(BlockJUnit4ClassRunner.java:100)
	at org.junit.runners.ParentRunner.runLeaf(ParentRunner.java:366)
	at org.junit.runners.BlockJUnit4ClassRunner.runChild(BlockJUnit4ClassRunner.java:103)
	at org.junit.runners.BlockJUnit4ClassRunner.runChild(BlockJUnit4ClassRunner.java:63)
	at org.junit.runners.ParentRunner$4.run(ParentRunner.java:331)
	at org.junit.runners.ParentRunner$1.schedule(ParentRunner.java:79)
	at org.junit.runners.ParentRunner.runChildren(ParentRunner.java:329)
	at org.junit.runners.ParentRunner.-$$Nest$mrunChildren(Unknown Source:0)
	at org.junit.runners.ParentRunner$2.evaluate(ParentRunner.java:293)
	at org.junit.runners.ParentRunner$3.evaluate(ParentRunner.java:306)
	at org.junit.runners.ParentRunner.run(ParentRunner.java:413)
	at androidx.test.runner.AndroidJUnit4.run(AndroidJUnit4.java:111)
	at org.junit.runners.Suite.runChild(Suite.java:128)
	at org.junit.runners.Suite.runChild(Suite.java:27)
	at org.junit.runners.ParentRunner$4.run(ParentRunner.java:331)
	at org.junit.runners.ParentRunner$1.schedule(ParentRunner.java:79)
	at org.junit.runners.ParentRunner.runChildren(ParentRunner.java:329)
	at org.junit.runners.ParentRunner.-$$Nest$mrunChildren(Unknown Source:0)
	at org.junit.runners.ParentRunner$2.evaluate(ParentRunner.java:293)
	at org.junit.runners.ParentRunner$3.evaluate(ParentRunner.java:306)
	at org.junit.runners.ParentRunner.run(ParentRunner.java:413)
	at org.junit.runner.JUnitCore.run(JUnitCore.java:137)
	at org.junit.runner.JUnitCore.run(JUnitCore.java:115)
	at androidx.test.internal.runner.TestExecutor.execute(TestExecutor.java:67)
	at androidx.test.internal.runner.TestExecutor.execute(TestExecutor.java:58)
	at androidx.test.runner.AndroidJUnitRunner.onStart(AndroidJUnitRunner.java:445)
	at android.app.Instrumentation$InstrumentationThread.run(Instrumentation.java:2594)²
ASSUMPTION_FAILURE:testSetHdrConversionModeThrowsExceptionWithInvalidArgument*ß
Rorg.junit.AssumptionViolatedException: Need an Android TV device to run this test."ˆ
…org.junit.AssumptionViolatedException: Need an Android TV device to run this test.
	at org.junit.Assume.assumeTrue(Assume.java:68)
	at android.display.cts.HdrConversionEnabledTest.setUp(HdrConversionEnabledTest.java:90)
	at java.lang.reflect.Method.invoke(Native Method)
	at org.junit.runners.model.FrameworkMethod$1.runReflectiveCall(FrameworkMethod.java:59)
	at org.junit.internal.runners.model.ReflectiveCallable.run(ReflectiveCallable.java:12)
	at org.junit.runners.model.FrameworkMethod.invokeExplosively(FrameworkMethod.java:61)
	at androidx.test.internal.runner.junit4.statement.RunBefores.evaluate(RunBefores.java:76)
	at androidx.test.internal.runner.junit4.statement.RunAfters.evaluate(RunAfters.java:61)
	at org.junit.rules.ExternalResource$1.evaluate(ExternalResource.java:54)
	at com.android.compatibility.common.util.AdoptShellPermissionsRule$1.evaluate(AdoptShellPermissionsRule.java:68)
	at com.android.compatibility.common.util.StateChangerRule$1.evaluate(StateChangerRule.java:63)
	at org.junit.runners.ParentRunner$3.evaluate(ParentRunner.java:306)
	at org.junit.runners.BlockJUnit4ClassRunner$1.evaluate(BlockJUnit4ClassRunner.java:100)
	at org.junit.runners.ParentRunner.runLeaf(ParentRunner.java:366)
	at org.junit.runners.BlockJUnit4ClassRunner.runChild(BlockJUnit4ClassRunner.java:103)
	at org.junit.runners.BlockJUnit4ClassRunner.runChild(BlockJUnit4ClassRunner.java:63)
	at org.junit.runners.ParentRunner$4.run(ParentRunner.java:331)
	at org.junit.runners.ParentRunner$1.schedule(ParentRunner.java:79)
	at org.junit.runners.ParentRunner.runChildren(ParentRunner.java:329)
	at org.junit.runners.ParentRunner.-$$Nest$mrunChildren(Unknown Source:0)
	at org.junit.runners.ParentRunner$2.evaluate(ParentRunner.java:293)
	at org.junit.runners.ParentRunner$3.evaluate(ParentRunner.java:306)
	at org.junit.runners.ParentRunner.run(ParentRunner.java:413)
	at androidx.test.runner.AndroidJUnit4.run(AndroidJUnit4.java:111)
	at org.junit.runners.Suite.runChild(Suite.java:128)
	at org.junit.runners.Suite.runChild(Suite.java:27)
	at org.junit.runners.ParentRunner$4.run(ParentRunner.java:331)
	at org.junit.runners.ParentRunner$1.schedule(ParentRunner.java:79)
	at org.junit.runners.ParentRunner.runChildren(ParentRunner.java:329)
	at org.junit.runners.ParentRunner.-$$Nest$mrunChildren(Unknown Source:0)
	at org.junit.runners.ParentRunner$2.evaluate(ParentRunner.java:293)
	at org.junit.runners.ParentRunner$3.evaluate(ParentRunner.java:306)
	at org.junit.runners.ParentRunner.run(ParentRunner.java:413)
	at org.junit.runner.JUnitCore.run(JUnitCore.java:137)
	at org.junit.runner.JUnitCore.run(JUnitCore.java:115)
	at androidx.test.internal.runner.TestExecutor.execute(TestExecutor.java:67)
	at androidx.test.internal.runner.TestExecutor.execute(TestExecutor.java:58)
	at androidx.test.runner.AndroidJUnitRunner.onStart(AndroidJUnitRunner.java:445)
	at android.app.Instrumentation$InstrumentationThread.run(Instrumentation.java:2594)¥
ASSUMPTION_FAILURE-testGetSupportedHdrOutputTypesWithAppOverride*ß
Rorg.junit.AssumptionViolatedException: Need an Android TV device to run this test."ˆ
…org.junit.AssumptionViolatedException: Need an Android TV device to run this test.
	at org.junit.Assume.assumeTrue(Assume.java:68)
	at android.display.cts.HdrConversionEnabledTest.setUp(HdrConversionEnabledTest.java:90)
	at java.lang.reflect.Method.invoke(Native Method)
	at org.junit.runners.model.FrameworkMethod$1.runReflectiveCall(FrameworkMethod.java:59)
	at org.junit.internal.runners.model.ReflectiveCallable.run(ReflectiveCallable.java:12)
	at org.junit.runners.model.FrameworkMethod.invokeExplosively(FrameworkMethod.java:61)
	at androidx.test.internal.runner.junit4.statement.RunBefores.evaluate(RunBefores.java:76)
	at androidx.test.internal.runner.junit4.statement.RunAfters.evaluate(RunAfters.java:61)
	at org.junit.rules.ExternalResource$1.evaluate(ExternalResource.java:54)
	at com.android.compatibility.common.util.AdoptShellPermissionsRule$1.evaluate(AdoptShellPermissionsRule.java:68)
	at com.android.compatibility.common.util.StateChangerRule$1.evaluate(StateChangerRule.java:63)
	at org.junit.runners.ParentRunner$3.evaluate(ParentRunner.java:306)
	at org.junit.runners.BlockJUnit4ClassRunner$1.evaluate(BlockJUnit4ClassRunner.java:100)
	at org.junit.runners.ParentRunner.runLeaf(ParentRunner.java:366)
	at org.junit.runners.BlockJUnit4ClassRunner.runChild(BlockJUnit4ClassRunner.java:103)
	at org.junit.runners.BlockJUnit4ClassRunner.runChild(BlockJUnit4ClassRunner.java:63)
	at org.junit.runners.ParentRunner$4.run(ParentRunner.java:331)
	at org.junit.runners.ParentRunner$1.schedule(ParentRunner.java:79)
	at org.junit.runners.ParentRunner.runChildren(ParentRunner.java:329)
	at org.junit.runners.ParentRunner.-$$Nest$mrunChildren(Unknown Source:0)
	at org.junit.runners.ParentRunner$2.evaluate(ParentRunner.java:293)
	at org.junit.runners.ParentRunner$3.evaluate(ParentRunner.java:306)
	at org.junit.runners.ParentRunner.run(ParentRunner.java:413)
	at androidx.test.runner.AndroidJUnit4.run(AndroidJUnit4.java:111)
	at org.junit.runners.Suite.runChild(Suite.java:128)
	at org.junit.runners.Suite.runChild(Suite.java:27)
	at org.junit.runners.ParentRunner$4.run(ParentRunner.java:331)
	at org.junit.runners.ParentRunner$1.schedule(ParentRunner.java:79)
	at org.junit.runners.ParentRunner.runChildren(ParentRunner.java:329)
	at org.junit.runners.ParentRunner.-$$Nest$mrunChildren(Unknown Source:0)
	at org.junit.runners.ParentRunner$2.evaluate(ParentRunner.java:293)
	at org.junit.runners.ParentRunner$3.evaluate(ParentRunner.java:306)
	at org.junit.runners.ParentRunner.run(ParentRunner.java:413)
	at org.junit.runner.JUnitCore.run(JUnitCore.java:137)
	at org.junit.runner.JUnitCore.run(JUnitCore.java:115)
	at androidx.test.internal.runner.TestExecutor.execute(TestExecutor.java:67)
	at androidx.test.internal.runner.TestExecutor.execute(TestExecutor.java:58)
	at androidx.test.runner.AndroidJUnitRunner.onStart(AndroidJUnitRunner.java:445)
	at android.app.Instrumentation$InstrumentationThread.run(Instrumentation.java:2594)B»
,android.display.cts.VirtualDisplayConfigTest3
pass+virtualDisplayConfig_noName_throwsException!
passparcelAndUnparcel_matchesH
pass@virtualDisplayConfig_invalidRequestedRefreshRate_throwsExceptionB
pass:virtualDisplayConfig_nullDisplayCategories_throwsException;
pass3virtualDisplayConfig_invalidDensity_throwsException9
pass1virtualDisplayConfig_invalidWidth_throwsException:
pass2virtualDisplayConfig_invalidHeight_throwsException@
pass8virtualDisplayConfig_nullDisplayCategory_throwsException/
pass'virtualDisplayConfig_onlyRequiredFieldsBþ
&android.display.cts.VirtualDisplayTest
passtestHdrApiMethods!
passtestTrustedVirtualDisplay5
pass-testGetHdrCapabilitiesWithUserDisabledFormats+
pass#testUntrustedSysDecorVirtualDisplay2
pass*testVirtualDisplayWithRequestedRefreshRatePXÙ`Ë"·
CtsDisplayTestCases[instant]	arm64-v8aÆþ (,0@BÏ¡
*android.display.cts.DefaultDisplayModeTestú
ASSUMPTION_FAILURE0testSetUserPreferredResolutionForSpecificDisplay*±
Rorg.junit.AssumptionViolatedException: Need an Android TV device to run this test."Ú
×org.junit.AssumptionViolatedException: Need an Android TV device to run this test.
	at org.junit.Assume.assumeTrue(Assume.java:68)
	at android.display.cts.DefaultDisplayModeTest.setUp(DefaultDisplayModeTest.java:74)
	at java.lang.reflect.Method.invoke(Native Method)
	at org.junit.runners.model.FrameworkMethod$1.runReflectiveCall(FrameworkMethod.java:59)
	at org.junit.internal.runners.model.ReflectiveCallable.run(ReflectiveCallable.java:12)
	at org.junit.runners.model.FrameworkMethod.invokeExplosively(FrameworkMethod.java:61)
	at androidx.test.internal.runner.junit4.statement.RunBefores.evaluate(RunBefores.java:76)
	at androidx.test.internal.runner.junit4.statement.RunAfters.evaluate(RunAfters.java:61)
	at com.android.compatibility.common.util.AdoptShellPermissionsRule$1.evaluate(AdoptShellPermissionsRule.java:68)
	at org.junit.runners.ParentRunner$3.evaluate(ParentRunner.java:306)
	at org.junit.runners.BlockJUnit4ClassRunner$1.evaluate(BlockJUnit4ClassRunner.java:100)
	at org.junit.runners.ParentRunner.runLeaf(ParentRunner.java:366)
	at org.junit.runners.BlockJUnit4ClassRunner.runChild(BlockJUnit4ClassRunner.java:103)
	at org.junit.runners.BlockJUnit4ClassRunner.runChild(BlockJUnit4ClassRunner.java:63)
	at org.junit.runners.ParentRunner$4.run(ParentRunner.java:331)
	at org.junit.runners.ParentRunner$1.schedule(ParentRunner.java:79)
	at org.junit.runners.ParentRunner.runChildren(ParentRunner.java:329)
	at org.junit.runners.ParentRunner.-$$Nest$mrunChildren(Unknown Source:0)
	at org.junit.runners.ParentRunner$2.evaluate(ParentRunner.java:293)
	at org.junit.runners.ParentRunner$3.evaluate(ParentRunner.java:306)
	at org.junit.runners.ParentRunner.run(ParentRunner.java:413)
	at androidx.test.runner.AndroidJUnit4.run(AndroidJUnit4.java:111)
	at org.junit.runners.Suite.runChild(Suite.java:128)
	at org.junit.runners.Suite.runChild(Suite.java:27)
	at org.junit.runners.ParentRunner$4.run(ParentRunner.java:331)
	at org.junit.runners.ParentRunner$1.schedule(ParentRunner.java:79)
	at org.junit.runners.ParentRunner.runChildren(ParentRunner.java:329)
	at org.junit.runners.ParentRunner.-$$Nest$mrunChildren(Unknown Source:0)
	at org.junit.runners.ParentRunner$2.evaluate(ParentRunner.java:293)
	at org.junit.runners.ParentRunner$3.evaluate(ParentRunner.java:306)
	at org.junit.runners.ParentRunner.run(ParentRunner.java:413)
	at org.junit.runner.JUnitCore.run(JUnitCore.java:137)
	at org.junit.runner.JUnitCore.run(JUnitCore.java:115)
	at androidx.test.internal.runner.TestExecutor.execute(TestExecutor.java:67)
	at androidx.test.internal.runner.TestExecutor.execute(TestExecutor.java:58)
	at androidx.test.runner.AndroidJUnitRunner.onStart(AndroidJUnitRunner.java:445)
	at android.app.Instrumentation$InstrumentationThread.run(Instrumentation.java:2594)û
ASSUMPTION_FAILURE1testSetUserPreferredDisplayModeForSpecificDisplay*±
Rorg.junit.AssumptionViolatedException: Need an Android TV device to run this test."Ú
×org.junit.AssumptionViolatedException: Need an Android TV device to run this test.
	at org.junit.Assume.assumeTrue(Assume.java:68)
	at android.display.cts.DefaultDisplayModeTest.setUp(DefaultDisplayModeTest.java:74)
	at java.lang.reflect.Method.invoke(Native Method)
	at org.junit.runners.model.FrameworkMethod$1.runReflectiveCall(FrameworkMethod.java:59)
	at org.junit.internal.runners.model.ReflectiveCallable.run(ReflectiveCallable.java:12)
	at org.junit.runners.model.FrameworkMethod.invokeExplosively(FrameworkMethod.java:61)
	at androidx.test.internal.runner.junit4.statement.RunBefores.evaluate(RunBefores.java:76)
	at androidx.test.internal.runner.junit4.statement.RunAfters.evaluate(RunAfters.java:61)
	at com.android.compatibility.common.util.AdoptShellPermissionsRule$1.evaluate(AdoptShellPermissionsRule.java:68)
	at org.junit.runners.ParentRunner$3.evaluate(ParentRunner.java:306)
	at org.junit.runners.BlockJUnit4ClassRunner$1.evaluate(BlockJUnit4ClassRunner.java:100)
	at org.junit.runners.ParentRunner.runLeaf(ParentRunner.java:366)
	at org.junit.runners.BlockJUnit4ClassRunner.runChild(BlockJUnit4ClassRunner.java:103)
	at org.junit.runners.BlockJUnit4ClassRunner.runChild(BlockJUnit4ClassRunner.java:63)
	at org.junit.runners.ParentRunner$4.run(ParentRunner.java:331)
	at org.junit.runners.ParentRunner$1.schedule(ParentRunner.java:79)
	at org.junit.runners.ParentRunner.runChildren(ParentRunner.java:329)
	at org.junit.runners.ParentRunner.-$$Nest$mrunChildren(Unknown Source:0)
	at org.junit.runners.ParentRunner$2.evaluate(ParentRunner.java:293)
	at org.junit.runners.ParentRunner$3.evaluate(ParentRunner.java:306)
	at org.junit.runners.ParentRunner.run(ParentRunner.java:413)
	at androidx.test.runner.AndroidJUnit4.run(AndroidJUnit4.java:111)
	at org.junit.runners.Suite.runChild(Suite.java:128)
	at org.junit.runners.Suite.runChild(Suite.java:27)
	at org.junit.runners.ParentRunner$4.run(ParentRunner.java:331)
	at org.junit.runners.ParentRunner$1.schedule(ParentRunner.java:79)
	at org.junit.runners.ParentRunner.runChildren(ParentRunner.java:329)
	at org.junit.runners.ParentRunner.-$$Nest$mrunChildren(Unknown Source:0)
	at org.junit.runners.ParentRunner$2.evaluate(ParentRunner.java:293)
	at org.junit.runners.ParentRunner$3.evaluate(ParentRunner.java:306)
	at org.junit.runners.ParentRunner.run(ParentRunner.java:413)
	at org.junit.runner.JUnitCore.run(JUnitCore.java:137)
	at org.junit.runner.JUnitCore.run(JUnitCore.java:115)
	at androidx.test.internal.runner.TestExecutor.execute(TestExecutor.java:67)
	at androidx.test.internal.runner.TestExecutor.execute(TestExecutor.java:58)
	at androidx.test.runner.AndroidJUnitRunner.onStart(AndroidJUnitRunner.java:445)
	at android.app.Instrumentation$InstrumentationThread.run(Instrumentation.java:2594)é
ASSUMPTION_FAILUREtestGetUserPreferredDisplayMode*±
Rorg.junit.AssumptionViolatedException: Need an Android TV device to run this test."Ú
×org.junit.AssumptionViolatedException: Need an Android TV device to run this test.
	at org.junit.Assume.assumeTrue(Assume.java:68)
	at android.display.cts.DefaultDisplayModeTest.setUp(DefaultDisplayModeTest.java:74)
	at java.lang.reflect.Method.invoke(Native Method)
	at org.junit.runners.model.FrameworkMethod$1.runReflectiveCall(FrameworkMethod.java:59)
	at org.junit.internal.runners.model.ReflectiveCallable.run(ReflectiveCallable.java:12)
	at org.junit.runners.model.FrameworkMethod.invokeExplosively(FrameworkMethod.java:61)
	at androidx.test.internal.runner.junit4.statement.RunBefores.evaluate(RunBefores.java:76)
	at androidx.test.internal.runner.junit4.statement.RunAfters.evaluate(RunAfters.java:61)
	at com.android.compatibility.common.util.AdoptShellPermissionsRule$1.evaluate(AdoptShellPermissionsRule.java:68)
	at org.junit.runners.ParentRunner$3.evaluate(ParentRunner.java:306)
	at org.junit.runners.BlockJUnit4ClassRunner$1.evaluate(BlockJUnit4ClassRunner.java:100)
	at org.junit.runners.ParentRunner.runLeaf(ParentRunner.java:366)
	at org.junit.runners.BlockJUnit4ClassRunner.runChild(BlockJUnit4ClassRunner.java:103)
	at org.junit.runners.BlockJUnit4ClassRunner.runChild(BlockJUnit4ClassRunner.java:63)
	at org.junit.runners.ParentRunner$4.run(ParentRunner.java:331)
	at org.junit.runners.ParentRunner$1.schedule(ParentRunner.java:79)
	at org.junit.runners.ParentRunner.runChildren(ParentRunner.java:329)
	at org.junit.runners.ParentRunner.-$$Nest$mrunChildren(Unknown Source:0)
	at org.junit.runners.ParentRunner$2.evaluate(ParentRunner.java:293)
	at org.junit.runners.ParentRunner$3.evaluate(ParentRunner.java:306)
	at org.junit.runners.ParentRunner.run(ParentRunner.java:413)
	at androidx.test.runner.AndroidJUnit4.run(AndroidJUnit4.java:111)
	at org.junit.runners.Suite.runChild(Suite.java:128)
	at org.junit.runners.Suite.runChild(Suite.java:27)
	at org.junit.runners.ParentRunner$4.run(ParentRunner.java:331)
	at org.junit.runners.ParentRunner$1.schedule(ParentRunner.java:79)
	at org.junit.runners.ParentRunner.runChildren(ParentRunner.java:329)
	at org.junit.runners.ParentRunner.-$$Nest$mrunChildren(Unknown Source:0)
	at org.junit.runners.ParentRunner$2.evaluate(ParentRunner.java:293)
	at org.junit.runners.ParentRunner$3.evaluate(ParentRunner.java:306)
	at org.junit.runners.ParentRunner.run(ParentRunner.java:413)
	at org.junit.runner.JUnitCore.run(JUnitCore.java:137)
	at org.junit.runner.JUnitCore.run(JUnitCore.java:115)
	at androidx.test.internal.runner.TestExecutor.execute(TestExecutor.java:67)
	at androidx.test.internal.runner.TestExecutor.execute(TestExecutor.java:58)
	at androidx.test.runner.AndroidJUnitRunner.onStart(AndroidJUnitRunner.java:445)
	at android.app.Instrumentation$InstrumentationThread.run(Instrumentation.java:2594)Ž
ASSUMPTION_FAILUREDtestSetAndClearUserPreferredDisplayModeGeneratesDisplayChangedEvents*±
Rorg.junit.AssumptionViolatedException: Need an Android TV device to run this test."Ú
×org.junit.AssumptionViolatedException: Need an Android TV device to run this test.
	at org.junit.Assume.assumeTrue(Assume.java:68)
	at android.display.cts.DefaultDisplayModeTest.setUp(DefaultDisplayModeTest.java:74)
	at java.lang.reflect.Method.invoke(Native Method)
	at org.junit.runners.model.FrameworkMethod$1.runReflectiveCall(FrameworkMethod.java:59)
	at org.junit.internal.runners.model.ReflectiveCallable.run(ReflectiveCallable.java:12)
	at org.junit.runners.model.FrameworkMethod.invokeExplosively(FrameworkMethod.java:61)
	at androidx.test.internal.runner.junit4.statement.RunBefores.evaluate(RunBefores.java:76)
	at androidx.test.internal.runner.junit4.statement.RunAfters.evaluate(RunAfters.java:61)
	at com.android.compatibility.common.util.AdoptShellPermissionsRule$1.evaluate(AdoptShellPermissionsRule.java:68)
	at org.junit.runners.ParentRunner$3.evaluate(ParentRunner.java:306)
	at org.junit.runners.BlockJUnit4ClassRunner$1.evaluate(BlockJUnit4ClassRunner.java:100)
	at org.junit.runners.ParentRunner.runLeaf(ParentRunner.java:366)
	at org.junit.runners.BlockJUnit4ClassRunner.runChild(BlockJUnit4ClassRunner.java:103)
	at org.junit.runners.BlockJUnit4ClassRunner.runChild(BlockJUnit4ClassRunner.java:63)
	at org.junit.runners.ParentRunner$4.run(ParentRunner.java:331)
	at org.junit.runners.ParentRunner$1.schedule(ParentRunner.java:79)
	at org.junit.runners.ParentRunner.runChildren(ParentRunner.java:329)
	at org.junit.runners.ParentRunner.-$$Nest$mrunChildren(Unknown Source:0)
	at org.junit.runners.ParentRunner$2.evaluate(ParentRunner.java:293)
	at org.junit.runners.ParentRunner$3.evaluate(ParentRunner.java:306)
	at org.junit.runners.ParentRunner.run(ParentRunner.java:413)
	at androidx.test.runner.AndroidJUnit4.run(AndroidJUnit4.java:111)
	at org.junit.runners.Suite.runChild(Suite.java:128)
	at org.junit.runners.Suite.runChild(Suite.java:27)
	at org.junit.runners.ParentRunner$4.run(ParentRunner.java:331)
	at org.junit.runners.ParentRunner$1.schedule(ParentRunner.java:79)
	at org.junit.runners.ParentRunner.runChildren(ParentRunner.java:329)
	at org.junit.runners.ParentRunner.-$$Nest$mrunChildren(Unknown Source:0)
	at org.junit.runners.ParentRunner$2.evaluate(ParentRunner.java:293)
	at org.junit.runners.ParentRunner$3.evaluate(ParentRunner.java:306)
	at org.junit.runners.ParentRunner.run(ParentRunner.java:413)
	at org.junit.runner.JUnitCore.run(JUnitCore.java:137)
	at org.junit.runner.JUnitCore.run(JUnitCore.java:115)
	at androidx.test.internal.runner.TestExecutor.execute(TestExecutor.java:67)
	at androidx.test.internal.runner.TestExecutor.execute(TestExecutor.java:58)
	at androidx.test.runner.AndroidJUnitRunner.onStart(AndroidJUnitRunner.java:445)
	at android.app.Instrumentation$InstrumentationThread.run(Instrumentation.java:2594)û
ASSUMPTION_FAILURE1testSetUserPreferredRefreshRateForSpecificDisplay*±
Rorg.junit.AssumptionViolatedException: Need an Android TV device to run this test."Ú
×org.junit.AssumptionViolatedException: Need an Android TV device to run this test.
	at org.junit.Assume.assumeTrue(Assume.java:68)
	at android.display.cts.DefaultDisplayModeTest.setUp(DefaultDisplayModeTest.java:74)
	at java.lang.reflect.Method.invoke(Native Method)
	at org.junit.runners.model.FrameworkMethod$1.runReflectiveCall(FrameworkMethod.java:59)
	at org.junit.internal.runners.model.ReflectiveCallable.run(ReflectiveCallable.java:12)
	at org.junit.runners.model.FrameworkMethod.invokeExplosively(FrameworkMethod.java:61)
	at androidx.test.internal.runner.junit4.statement.RunBefores.evaluate(RunBefores.java:76)
	at androidx.test.internal.runner.junit4.statement.RunAfters.evaluate(RunAfters.java:61)
	at com.android.compatibility.common.util.AdoptShellPermissionsRule$1.evaluate(AdoptShellPermissionsRule.java:68)
	at org.junit.runners.ParentRunner$3.evaluate(ParentRunner.java:306)
	at org.junit.runners.BlockJUnit4ClassRunner$1.evaluate(BlockJUnit4ClassRunner.java:100)
	at org.junit.runners.ParentRunner.runLeaf(ParentRunner.java:366)
	at org.junit.runners.BlockJUnit4ClassRunner.runChild(BlockJUnit4ClassRunner.java:103)
	at org.junit.runners.BlockJUnit4ClassRunner.runChild(BlockJUnit4ClassRunner.java:63)
	at org.junit.runners.ParentRunner$4.run(ParentRunner.java:331)
	at org.junit.runners.ParentRunner$1.schedule(ParentRunner.java:79)
	at org.junit.runners.ParentRunner.runChildren(ParentRunner.java:329)
	at org.junit.runners.ParentRunner.-$$Nest$mrunChildren(Unknown Source:0)
	at org.junit.runners.ParentRunner$2.evaluate(ParentRunner.java:293)
	at org.junit.runners.ParentRunner$3.evaluate(ParentRunner.java:306)
	at org.junit.runners.ParentRunner.run(ParentRunner.java:413)
	at androidx.test.runner.AndroidJUnit4.run(AndroidJUnit4.java:111)
	at org.junit.runners.Suite.runChild(Suite.java:128)
	at org.junit.runners.Suite.runChild(Suite.java:27)
	at org.junit.runners.ParentRunner$4.run(ParentRunner.java:331)
	at org.junit.runners.ParentRunner$1.schedule(ParentRunner.java:79)
	at org.junit.runners.ParentRunner.runChildren(ParentRunner.java:329)
	at org.junit.runners.ParentRunner.-$$Nest$mrunChildren(Unknown Source:0)
	at org.junit.runners.ParentRunner$2.evaluate(ParentRunner.java:293)
	at org.junit.runners.ParentRunner$3.evaluate(ParentRunner.java:306)
	at org.junit.runners.ParentRunner.run(ParentRunner.java:413)
	at org.junit.runner.JUnitCore.run(JUnitCore.java:137)
	at org.junit.runner.JUnitCore.run(JUnitCore.java:115)
	at androidx.test.internal.runner.TestExecutor.execute(TestExecutor.java:67)
	at androidx.test.internal.runner.TestExecutor.execute(TestExecutor.java:58)
	at androidx.test.runner.AndroidJUnitRunner.onStart(AndroidJUnitRunner.java:445)
	at android.app.Instrumentation$InstrumentationThread.run(Instrumentation.java:2594)‡
ASSUMPTION_FAILURE=testSetUserPreferredDisplayModeThrowsExceptionWithInvalidMode*±
Rorg.junit.AssumptionViolatedException: Need an Android TV device to run this test."Ú
×org.junit.AssumptionViolatedException: Need an Android TV device to run this test.
	at org.junit.Assume.assumeTrue(Assume.java:68)
	at android.display.cts.DefaultDisplayModeTest.setUp(DefaultDisplayModeTest.java:74)
	at java.lang.reflect.Method.invoke(Native Method)
	at org.junit.runners.model.FrameworkMethod$1.runReflectiveCall(FrameworkMethod.java:59)
	at org.junit.internal.runners.model.ReflectiveCallable.run(ReflectiveCallable.java:12)
	at org.junit.runners.model.FrameworkMethod.invokeExplosively(FrameworkMethod.java:61)
	at androidx.test.internal.runner.junit4.statement.RunBefores.evaluate(RunBefores.java:76)
	at androidx.test.internal.runner.junit4.statement.RunAfters.evaluate(RunAfters.java:61)
	at com.android.compatibility.common.util.AdoptShellPermissionsRule$1.evaluate(AdoptShellPermissionsRule.java:68)
	at org.junit.runners.ParentRunner$3.evaluate(ParentRunner.java:306)
	at org.junit.runners.BlockJUnit4ClassRunner$1.evaluate(BlockJUnit4ClassRunner.java:100)
	at org.junit.runners.ParentRunner.runLeaf(ParentRunner.java:366)
	at org.junit.runners.BlockJUnit4ClassRunner.runChild(BlockJUnit4ClassRunner.java:103)
	at org.junit.runners.BlockJUnit4ClassRunner.runChild(BlockJUnit4ClassRunner.java:63)
	at org.junit.runners.ParentRunner$4.run(ParentRunner.java:331)
	at org.junit.runners.ParentRunner$1.schedule(ParentRunner.java:79)
	at org.junit.runners.ParentRunner.runChildren(ParentRunner.java:329)
	at org.junit.runners.ParentRunner.-$$Nest$mrunChildren(Unknown Source:0)
	at org.junit.runners.ParentRunner$2.evaluate(ParentRunner.java:293)
	at org.junit.runners.ParentRunner$3.evaluate(ParentRunner.java:306)
	at org.junit.runners.ParentRunner.run(ParentRunner.java:413)
	at androidx.test.runner.AndroidJUnit4.run(AndroidJUnit4.java:111)
	at org.junit.runners.Suite.runChild(Suite.java:128)
	at org.junit.runners.Suite.runChild(Suite.java:27)
	at org.junit.runners.ParentRunner$4.run(ParentRunner.java:331)
	at org.junit.runners.ParentRunner$1.schedule(ParentRunner.java:79)
	at org.junit.runners.ParentRunner.runChildren(ParentRunner.java:329)
	at org.junit.runners.ParentRunner.-$$Nest$mrunChildren(Unknown Source:0)
	at org.junit.runners.ParentRunner$2.evaluate(ParentRunner.java:293)
	at org.junit.runners.ParentRunner$3.evaluate(ParentRunner.java:306)
	at org.junit.runners.ParentRunner.run(ParentRunner.java:413)
	at org.junit.runner.JUnitCore.run(JUnitCore.java:137)
	at org.junit.runner.JUnitCore.run(JUnitCore.java:115)
	at androidx.test.internal.runner.TestExecutor.execute(TestExecutor.java:67)
	at androidx.test.internal.runner.TestExecutor.execute(TestExecutor.java:58)
	at androidx.test.runner.AndroidJUnitRunner.onStart(AndroidJUnitRunner.java:445)
	at android.app.Instrumentation$InstrumentationThread.run(Instrumentation.java:2594) 
ASSUMPTION_FAILUREVtestSetAndClearUserPreferredDisplayModeForSpecificDisplayGeneratesDisplayChangedEvents*±
Rorg.junit.AssumptionViolatedException: Need an Android TV device to run this test."Ú
×org.junit.AssumptionViolatedException: Need an Android TV device to run this test.
	at org.junit.Assume.assumeTrue(Assume.java:68)
	at android.display.cts.DefaultDisplayModeTest.setUp(DefaultDisplayModeTest.java:74)
	at java.lang.reflect.Method.invoke(Native Method)
	at org.junit.runners.model.FrameworkMethod$1.runReflectiveCall(FrameworkMethod.java:59)
	at org.junit.internal.runners.model.ReflectiveCallable.run(ReflectiveCallable.java:12)
	at org.junit.runners.model.FrameworkMethod.invokeExplosively(FrameworkMethod.java:61)
	at androidx.test.internal.runner.junit4.statement.RunBefores.evaluate(RunBefores.java:76)
	at androidx.test.internal.runner.junit4.statement.RunAfters.evaluate(RunAfters.java:61)
	at com.android.compatibility.common.util.AdoptShellPermissionsRule$1.evaluate(AdoptShellPermissionsRule.java:68)
	at org.junit.runners.ParentRunner$3.evaluate(ParentRunner.java:306)
	at org.junit.runners.BlockJUnit4ClassRunner$1.evaluate(BlockJUnit4ClassRunner.java:100)
	at org.junit.runners.ParentRunner.runLeaf(ParentRunner.java:366)
	at org.junit.runners.BlockJUnit4ClassRunner.runChild(BlockJUnit4ClassRunner.java:103)
	at org.junit.runners.BlockJUnit4ClassRunner.runChild(BlockJUnit4ClassRunner.java:63)
	at org.junit.runners.ParentRunner$4.run(ParentRunner.java:331)
	at org.junit.runners.ParentRunner$1.schedule(ParentRunner.java:79)
	at org.junit.runners.ParentRunner.runChildren(ParentRunner.java:329)
	at org.junit.runners.ParentRunner.-$$Nest$mrunChildren(Unknown Source:0)
	at org.junit.runners.ParentRunner$2.evaluate(ParentRunner.java:293)
	at org.junit.runners.ParentRunner$3.evaluate(ParentRunner.java:306)
	at org.junit.runners.ParentRunner.run(ParentRunner.java:413)
	at androidx.test.runner.AndroidJUnit4.run(AndroidJUnit4.java:111)
	at org.junit.runners.Suite.runChild(Suite.java:128)
	at org.junit.runners.Suite.runChild(Suite.java:27)
	at org.junit.runners.ParentRunner$4.run(ParentRunner.java:331)
	at org.junit.runners.ParentRunner$1.schedule(ParentRunner.java:79)
	at org.junit.runners.ParentRunner.runChildren(ParentRunner.java:329)
	at org.junit.runners.ParentRunner.-$$Nest$mrunChildren(Unknown Source:0)
	at org.junit.runners.ParentRunner$2.evaluate(ParentRunner.java:293)
	at org.junit.runners.ParentRunner$3.evaluate(ParentRunner.java:306)
	at org.junit.runners.ParentRunner.run(ParentRunner.java:413)
	at org.junit.runner.JUnitCore.run(JUnitCore.java:137)
	at org.junit.runner.JUnitCore.run(JUnitCore.java:115)
	at androidx.test.internal.runner.TestExecutor.execute(TestExecutor.java:67)
	at androidx.test.internal.runner.TestExecutor.execute(TestExecutor.java:58)
	at androidx.test.runner.AndroidJUnitRunner.onStart(AndroidJUnitRunner.java:445)
	at android.app.Instrumentation$InstrumentationThread.run(Instrumentation.java:2594)B‰
$android.display.cts.DisplayEventTest&
passtestDisplayEvents[#0: 1 false]&
passtestDisplayEvents[#1: 2 false]&
passtestDisplayEvents[#2: 3 false]'
passtestDisplayEvents[#3: 10 false]%
passtestDisplayEvents[#4: 1 true]Û
failtestDisplayEvents[#5: 2 true]*³
java.lang.AssertionError"–
“java.lang.AssertionError
	at org.junit.Assert.fail(Assert.java:87)
	at org.junit.Assert.assertTrue(Assert.java:42)
	at org.junit.Assert.assertNotNull(Assert.java:713)
	at org.junit.Assert.assertNotNull(Assert.java:723)
	at android.display.cts.DisplayEventTest$DisplayBundle.waitDisplayEvent(DisplayEventTest.java:171)
	at android.display.cts.DisplayEventTest.testDisplayEvents(DisplayEventTest.java:334)Û
failtestDisplayEvents[#6: 3 true]*³
java.lang.AssertionError"–
“java.lang.AssertionError
	at org.junit.Assert.fail(Assert.java:87)
	at org.junit.Assert.assertTrue(Assert.java:42)
	at org.junit.Assert.assertNotNull(Assert.java:713)
	at org.junit.Assert.assertNotNull(Assert.java:723)
	at android.display.cts.DisplayEventTest$DisplayBundle.waitDisplayEvent(DisplayEventTest.java:171)
	at android.display.cts.DisplayEventTest.testDisplayEvents(DisplayEventTest.java:334)Ü
failtestDisplayEvents[#7: 10 true]*³
java.lang.AssertionError"–
“java.lang.AssertionError
	at org.junit.Assert.fail(Assert.java:87)
	at org.junit.Assert.assertTrue(Assert.java:42)
	at org.junit.Assert.assertNotNull(Assert.java:713)
	at org.junit.Assert.assertNotNull(Assert.java:723)
	at android.display.cts.DisplayEventTest$DisplayBundle.waitDisplayEvent(DisplayEventTest.java:171)
	at android.display.cts.DisplayEventTest.testDisplayEvents(DisplayEventTest.java:334)BÑ	
&android.display.cts.DisplayManagerTestü
ASSUMPTION_FAILURE!testCreateVirtualDisplayFromShell*Â
Torg.junit.AssumptionViolatedException: got: &lt;false&gt;, expected: is &lt;true&gt;"é
æorg.junit.AssumptionViolatedException: got: &lt;false&gt;, expected: is &lt;true&gt;
	at org.junit.Assume.assumeThat(Assume.java:106)
	at org.junit.Assume.assumeTrue(Assume.java:50)
	at android.display.cts.DisplayManagerTest.testCreateVirtualDisplayFromShell(DisplayManagerTest.java:102)
	at java.lang.reflect.Method.invoke(Native Method)
	at org.junit.runners.model.FrameworkMethod$1.runReflectiveCall(FrameworkMethod.java:59)
	at org.junit.internal.runners.model.ReflectiveCallable.run(ReflectiveCallable.java:12)
	at org.junit.runners.model.FrameworkMethod.invokeExplosively(FrameworkMethod.java:61)
	at org.junit.internal.runners.statements.InvokeMethod.evaluate(InvokeMethod.java:17)
	at org.junit.internal.runners.statements.FailOnTimeout$CallableStatement.call(FailOnTimeout.java:148)
	at org.junit.internal.runners.statements.FailOnTimeout$CallableStatement.call(FailOnTimeout.java:142)
	at java.util.concurrent.FutureTask.run(FutureTask.java:264)
	at java.lang.Thread.run(Thread.java:1012)(
pass createVirtualDisplayNoPermissionBž
android.display.cts.DisplayTest%
passtestRestrictedFramebufferSizeY
passQtestGetHdrCapabilitiesWhenUserDisabledFormatsAreAllowedReturnsNonFilteredHdrTypes
passtestDefaultDisplay+
pass#testGetPreferredWideGamutColorSpace
passtestGetDisplayAttrsY
passQtestGetHdrCapabilitiesWhenUserDisabledFormatsAreNotAllowedReturnsFilteredHdrTypes
pass	testFlags
passtestModeË
ASSUMPTION_FAILURE)testModeSwitchOnPrimaryDisplayWithRestart*‰
Sorg.junit.AssumptionViolatedException: Modes with different sizes are not available"±
®org.junit.AssumptionViolatedException: Modes with different sizes are not available
	at org.junit.Assume.assumeTrue(Assume.java:68)
	at android.display.cts.DisplayTest.testModeSwitchOnPrimaryDisplayWithRestart(DisplayTest.java:677)
	at java.lang.reflect.Method.invoke(Native Method)
	at org.junit.runners.model.FrameworkMethod$1.runReflectiveCall(FrameworkMethod.java:59)
	at org.junit.internal.runners.model.ReflectiveCallable.run(ReflectiveCallable.java:12)
	at org.junit.runners.model.FrameworkMethod.invokeExplosively(FrameworkMethod.java:61)
	at org.junit.internal.runners.statements.InvokeMethod.evaluate(InvokeMethod.java:17)
	at org.junit.internal.runners.statements.FailOnTimeout$CallableStatement.call(FailOnTimeout.java:148)
	at org.junit.internal.runners.statements.FailOnTimeout$CallableStatement.call(FailOnTimeout.java:142)
	at java.util.concurrent.FutureTask.run(FutureTask.java:264)
	at java.lang.Thread.run(Thread.java:1012)/
pass'testRefreshRateSwitchOnSecondaryDisplay&
passtestModeSwitchOnPrimaryDisplay 
passtestGetDeviceProductInfo<
pass4testGetSupportWideColorGamut_displayIsWideColorGamut6
pass.testActiveModeIsSupportedModesOnDefaultDisplay'
passtestDefaultDisplayHdrCapability%
passtestActivityContextGetMetrics8
pass0getDisplaysWithInvalidCategory_returnsEmptyArray-
pass%testGetSupportedModesOnDefaultDisplay
passtestSecondaryDisplay6
pass.testGetSupportedWideColorGamut_shouldNotBeNull
passtestGetMetrics
passtestDeviceProductInfo
passtestGetDisplays1
pass)testFailBrightnessChangeWithoutPermissionB
pass:testSetUserDisabledHdrTypesStoresDisabledFormatsInSettingsB¬^
-android.display.cts.HdrConversionDisabledTest¿
ASSUMPTION_FAILUREtestGetSupportedHdrOutputTypes*ˆ
Rorg.junit.AssumptionViolatedException: Need an Android TV device to run this test."±
®org.junit.AssumptionViolatedException: Need an Android TV device to run this test.
	at org.junit.Assume.assumeTrue(Assume.java:68)
	at android.display.cts.HdrConversionDisabledTest.setUp(HdrConversionDisabledTest.java:75)
	at java.lang.reflect.Method.invoke(Native Method)
	at org.junit.runners.model.FrameworkMethod$1.runReflectiveCall(FrameworkMethod.java:59)
	at org.junit.internal.runners.model.ReflectiveCallable.run(ReflectiveCallable.java:12)
	at org.junit.runners.model.FrameworkMethod.invokeExplosively(FrameworkMethod.java:61)
	at androidx.test.internal.runner.junit4.statement.RunBefores.evaluate(RunBefores.java:76)
	at org.junit.rules.ExternalResource$1.evaluate(ExternalResource.java:54)
	at com.android.compatibility.common.util.AdoptShellPermissionsRule$1.evaluate(AdoptShellPermissionsRule.java:68)
	at com.android.compatibility.common.util.StateChangerRule$1.evaluate(StateChangerRule.java:63)
	at org.junit.runners.ParentRunner$3.evaluate(ParentRunner.java:306)
	at org.junit.runners.BlockJUnit4ClassRunner$1.evaluate(BlockJUnit4ClassRunner.java:100)
	at org.junit.runners.ParentRunner.runLeaf(ParentRunner.java:366)
	at org.junit.runners.BlockJUnit4ClassRunner.runChild(BlockJUnit4ClassRunner.java:103)
	at org.junit.runners.BlockJUnit4ClassRunner.runChild(BlockJUnit4ClassRunner.java:63)
	at org.junit.runners.ParentRunner$4.run(ParentRunner.java:331)
	at org.junit.runners.ParentRunner$1.schedule(ParentRunner.java:79)
	at org.junit.runners.ParentRunner.runChildren(ParentRunner.java:329)
	at org.junit.runners.ParentRunner.-$$Nest$mrunChildren(Unknown Source:0)
	at org.junit.runners.ParentRunner$2.evaluate(ParentRunner.java:293)
	at org.junit.runners.ParentRunner$3.evaluate(ParentRunner.java:306)
	at org.junit.runners.ParentRunner.run(ParentRunner.java:413)
	at androidx.test.runner.AndroidJUnit4.run(AndroidJUnit4.java:111)
	at org.junit.runners.Suite.runChild(Suite.java:128)
	at org.junit.runners.Suite.runChild(Suite.java:27)
	at org.junit.runners.ParentRunner$4.run(ParentRunner.java:331)
	at org.junit.runners.ParentRunner$1.schedule(ParentRunner.java:79)
	at org.junit.runners.ParentRunner.runChildren(ParentRunner.java:329)
	at org.junit.runners.ParentRunner.-$$Nest$mrunChildren(Unknown Source:0)
	at org.junit.runners.ParentRunner$2.evaluate(ParentRunner.java:293)
	at org.junit.runners.ParentRunner$3.evaluate(ParentRunner.java:306)
	at org.junit.runners.ParentRunner.run(ParentRunner.java:413)
	at org.junit.runner.JUnitCore.run(JUnitCore.java:137)
	at org.junit.runner.JUnitCore.run(JUnitCore.java:115)
	at androidx.test.internal.runner.TestExecutor.execute(TestExecutor.java:67)
	at androidx.test.internal.runner.TestExecutor.execute(TestExecutor.java:58)
	at androidx.test.runner.AndroidJUnitRunner.onStart(AndroidJUnitRunner.java:445)
	at android.app.Instrumentation$InstrumentationThread.run(Instrumentation.java:2594)¹
ASSUMPTION_FAILUREtestSetHdrConversionMode*ˆ
Rorg.junit.AssumptionViolatedException: Need an Android TV device to run this test."±
®org.junit.AssumptionViolatedException: Need an Android TV device to run this test.
	at org.junit.Assume.assumeTrue(Assume.java:68)
	at android.display.cts.HdrConversionDisabledTest.setUp(HdrConversionDisabledTest.java:75)
	at java.lang.reflect.Method.invoke(Native Method)
	at org.junit.runners.model.FrameworkMethod$1.runReflectiveCall(FrameworkMethod.java:59)
	at org.junit.internal.runners.model.ReflectiveCallable.run(ReflectiveCallable.java:12)
	at org.junit.runners.model.FrameworkMethod.invokeExplosively(FrameworkMethod.java:61)
	at androidx.test.internal.runner.junit4.statement.RunBefores.evaluate(RunBefores.java:76)
	at org.junit.rules.ExternalResource$1.evaluate(ExternalResource.java:54)
	at com.android.compatibility.common.util.AdoptShellPermissionsRule$1.evaluate(AdoptShellPermissionsRule.java:68)
	at com.android.compatibility.common.util.StateChangerRule$1.evaluate(StateChangerRule.java:63)
	at org.junit.runners.ParentRunner$3.evaluate(ParentRunner.java:306)
	at org.junit.runners.BlockJUnit4ClassRunner$1.evaluate(BlockJUnit4ClassRunner.java:100)
	at org.junit.runners.ParentRunner.runLeaf(ParentRunner.java:366)
	at org.junit.runners.BlockJUnit4ClassRunner.runChild(BlockJUnit4ClassRunner.java:103)
	at org.junit.runners.BlockJUnit4ClassRunner.runChild(BlockJUnit4ClassRunner.java:63)
	at org.junit.runners.ParentRunner$4.run(ParentRunner.java:331)
	at org.junit.runners.ParentRunner$1.schedule(ParentRunner.java:79)
	at org.junit.runners.ParentRunner.runChildren(ParentRunner.java:329)
	at org.junit.runners.ParentRunner.-$$Nest$mrunChildren(Unknown Source:0)
	at org.junit.runners.ParentRunner$2.evaluate(ParentRunner.java:293)
	at org.junit.runners.ParentRunner$3.evaluate(ParentRunner.java:306)
	at org.junit.runners.ParentRunner.run(ParentRunner.java:413)
	at androidx.test.runner.AndroidJUnit4.run(AndroidJUnit4.java:111)
	at org.junit.runners.Suite.runChild(Suite.java:128)
	at org.junit.runners.Suite.runChild(Suite.java:27)
	at org.junit.runners.ParentRunner$4.run(ParentRunner.java:331)
	at org.junit.runners.ParentRunner$1.schedule(ParentRunner.java:79)
	at org.junit.runners.ParentRunner.runChildren(ParentRunner.java:329)
	at org.junit.runners.ParentRunner.-$$Nest$mrunChildren(Unknown Source:0)
	at org.junit.runners.ParentRunner$2.evaluate(ParentRunner.java:293)
	at org.junit.runners.ParentRunner$3.evaluate(ParentRunner.java:306)
	at org.junit.runners.ParentRunner.run(ParentRunner.java:413)
	at org.junit.runner.JUnitCore.run(JUnitCore.java:137)
	at org.junit.runner.JUnitCore.run(JUnitCore.java:115)
	at androidx.test.internal.runner.TestExecutor.execute(TestExecutor.java:67)
	at androidx.test.internal.runner.TestExecutor.execute(TestExecutor.java:58)
	at androidx.test.runner.AndroidJUnitRunner.onStart(AndroidJUnitRunner.java:445)
	at android.app.Instrumentation$InstrumentationThread.run(Instrumentation.java:2594)¹
ASSUMPTION_FAILUREtestGetHdrConversionMode*ˆ
Rorg.junit.AssumptionViolatedException: Need an Android TV device to run this test."±
®org.junit.AssumptionViolatedException: Need an Android TV device to run this test.
	at org.junit.Assume.assumeTrue(Assume.java:68)
	at android.display.cts.HdrConversionDisabledTest.setUp(HdrConversionDisabledTest.java:75)
	at java.lang.reflect.Method.invoke(Native Method)
	at org.junit.runners.model.FrameworkMethod$1.runReflectiveCall(FrameworkMethod.java:59)
	at org.junit.internal.runners.model.ReflectiveCallable.run(ReflectiveCallable.java:12)
	at org.junit.runners.model.FrameworkMethod.invokeExplosively(FrameworkMethod.java:61)
	at androidx.test.internal.runner.junit4.statement.RunBefores.evaluate(RunBefores.java:76)
	at org.junit.rules.ExternalResource$1.evaluate(ExternalResource.java:54)
	at com.android.compatibility.common.util.AdoptShellPermissionsRule$1.evaluate(AdoptShellPermissionsRule.java:68)
	at com.android.compatibility.common.util.StateChangerRule$1.evaluate(StateChangerRule.java:63)
	at org.junit.runners.ParentRunner$3.evaluate(ParentRunner.java:306)
	at org.junit.runners.BlockJUnit4ClassRunner$1.evaluate(BlockJUnit4ClassRunner.java:100)
	at org.junit.runners.ParentRunner.runLeaf(ParentRunner.java:366)
	at org.junit.runners.BlockJUnit4ClassRunner.runChild(BlockJUnit4ClassRunner.java:103)
	at org.junit.runners.BlockJUnit4ClassRunner.runChild(BlockJUnit4ClassRunner.java:63)
	at org.junit.runners.ParentRunner$4.run(ParentRunner.java:331)
	at org.junit.runners.ParentRunner$1.schedule(ParentRunner.java:79)
	at org.junit.runners.ParentRunner.runChildren(ParentRunner.java:329)
	at org.junit.runners.ParentRunner.-$$Nest$mrunChildren(Unknown Source:0)
	at org.junit.runners.ParentRunner$2.evaluate(ParentRunner.java:293)
	at org.junit.runners.ParentRunner$3.evaluate(ParentRunner.java:306)
	at org.junit.runners.ParentRunner.run(ParentRunner.java:413)
	at androidx.test.runner.AndroidJUnit4.run(AndroidJUnit4.java:111)
	at org.junit.runners.Suite.runChild(Suite.java:128)
	at org.junit.runners.Suite.runChild(Suite.java:27)
	at org.junit.runners.ParentRunner$4.run(ParentRunner.java:331)
	at org.junit.runners.ParentRunner$1.schedule(ParentRunner.java:79)
	at org.junit.runners.ParentRunner.runChildren(ParentRunner.java:329)
	at org.junit.runners.ParentRunner.-$$Nest$mrunChildren(Unknown Source:0)
	at org.junit.runners.ParentRunner$2.evaluate(ParentRunner.java:293)
	at org.junit.runners.ParentRunner$3.evaluate(ParentRunner.java:306)
	at org.junit.runners.ParentRunner.run(ParentRunner.java:413)
	at org.junit.runner.JUnitCore.run(JUnitCore.java:137)
	at org.junit.runner.JUnitCore.run(JUnitCore.java:115)
	at androidx.test.internal.runner.TestExecutor.execute(TestExecutor.java:67)
	at androidx.test.internal.runner.TestExecutor.execute(TestExecutor.java:58)
	at androidx.test.runner.AndroidJUnitRunner.onStart(AndroidJUnitRunner.java:445)
	at android.app.Instrumentation$InstrumentationThread.run(Instrumentation.java:2594)À
ASSUMPTION_FAILUREtestGetHdrConversionModeSetting*ˆ
Rorg.junit.AssumptionViolatedException: Need an Android TV device to run this test."±
®org.junit.AssumptionViolatedException: Need an Android TV device to run this test.
	at org.junit.Assume.assumeTrue(Assume.java:68)
	at android.display.cts.HdrConversionDisabledTest.setUp(HdrConversionDisabledTest.java:75)
	at java.lang.reflect.Method.invoke(Native Method)
	at org.junit.runners.model.FrameworkMethod$1.runReflectiveCall(FrameworkMethod.java:59)
	at org.junit.internal.runners.model.ReflectiveCallable.run(ReflectiveCallable.java:12)
	at org.junit.runners.model.FrameworkMethod.invokeExplosively(FrameworkMethod.java:61)
	at androidx.test.internal.runner.junit4.statement.RunBefores.evaluate(RunBefores.java:76)
	at org.junit.rules.ExternalResource$1.evaluate(ExternalResource.java:54)
	at com.android.compatibility.common.util.AdoptShellPermissionsRule$1.evaluate(AdoptShellPermissionsRule.java:68)
	at com.android.compatibility.common.util.StateChangerRule$1.evaluate(StateChangerRule.java:63)
	at org.junit.runners.ParentRunner$3.evaluate(ParentRunner.java:306)
	at org.junit.runners.BlockJUnit4ClassRunner$1.evaluate(BlockJUnit4ClassRunner.java:100)
	at org.junit.runners.ParentRunner.runLeaf(ParentRunner.java:366)
	at org.junit.runners.BlockJUnit4ClassRunner.runChild(BlockJUnit4ClassRunner.java:103)
	at org.junit.runners.BlockJUnit4ClassRunner.runChild(BlockJUnit4ClassRunner.java:63)
	at org.junit.runners.ParentRunner$4.run(ParentRunner.java:331)
	at org.junit.runners.ParentRunner$1.schedule(ParentRunner.java:79)
	at org.junit.runners.ParentRunner.runChildren(ParentRunner.java:329)
	at org.junit.runners.ParentRunner.-$$Nest$mrunChildren(Unknown Source:0)
	at org.junit.runners.ParentRunner$2.evaluate(ParentRunner.java:293)
	at org.junit.runners.ParentRunner$3.evaluate(ParentRunner.java:306)
	at org.junit.runners.ParentRunner.run(ParentRunner.java:413)
	at androidx.test.runner.AndroidJUnit4.run(AndroidJUnit4.java:111)
	at org.junit.runners.Suite.runChild(Suite.java:128)
	at org.junit.runners.Suite.runChild(Suite.java:27)
	at org.junit.runners.ParentRunner$4.run(ParentRunner.java:331)
	at org.junit.runners.ParentRunner$1.schedule(ParentRunner.java:79)
	at org.junit.runners.ParentRunner.runChildren(ParentRunner.java:329)
	at org.junit.runners.ParentRunner.-$$Nest$mrunChildren(Unknown Source:0)
	at org.junit.runners.ParentRunner$2.evaluate(ParentRunner.java:293)
	at org.junit.runners.ParentRunner$3.evaluate(ParentRunner.java:306)
	at org.junit.runners.ParentRunner.run(ParentRunner.java:413)
	at org.junit.runner.JUnitCore.run(JUnitCore.java:137)
	at org.junit.runner.JUnitCore.run(JUnitCore.java:115)
	at androidx.test.internal.runner.TestExecutor.execute(TestExecutor.java:67)
	at androidx.test.internal.runner.TestExecutor.execute(TestExecutor.java:58)
	at androidx.test.runner.AndroidJUnitRunner.onStart(AndroidJUnitRunner.java:445)
	at android.app.Instrumentation$InstrumentationThread.run(Instrumentation.java:2594)B·a
,android.display.cts.HdrConversionEnabledTest–
ASSUMPTION_FAILUREtestGetSupportedHdrOutputTypes*ß
Rorg.junit.AssumptionViolatedException: Need an Android TV device to run this test."ˆ
…org.junit.AssumptionViolatedException: Need an Android TV device to run this test.
	at org.junit.Assume.assumeTrue(Assume.java:68)
	at android.display.cts.HdrConversionEnabledTest.setUp(HdrConversionEnabledTest.java:90)
	at java.lang.reflect.Method.invoke(Native Method)
	at org.junit.runners.model.FrameworkMethod$1.runReflectiveCall(FrameworkMethod.java:59)
	at org.junit.internal.runners.model.ReflectiveCallable.run(ReflectiveCallable.java:12)
	at org.junit.runners.model.FrameworkMethod.invokeExplosively(FrameworkMethod.java:61)
	at androidx.test.internal.runner.junit4.statement.RunBefores.evaluate(RunBefores.java:76)
	at androidx.test.internal.runner.junit4.statement.RunAfters.evaluate(RunAfters.java:61)
	at org.junit.rules.ExternalResource$1.evaluate(ExternalResource.java:54)
	at com.android.compatibility.common.util.AdoptShellPermissionsRule$1.evaluate(AdoptShellPermissionsRule.java:68)
	at com.android.compatibility.common.util.StateChangerRule$1.evaluate(StateChangerRule.java:63)
	at org.junit.runners.ParentRunner$3.evaluate(ParentRunner.java:306)
	at org.junit.runners.BlockJUnit4ClassRunner$1.evaluate(BlockJUnit4ClassRunner.java:100)
	at org.junit.runners.ParentRunner.runLeaf(ParentRunner.java:366)
	at org.junit.runners.BlockJUnit4ClassRunner.runChild(BlockJUnit4ClassRunner.java:103)
	at org.junit.runners.BlockJUnit4ClassRunner.runChild(BlockJUnit4ClassRunner.java:63)
	at org.junit.runners.ParentRunner$4.run(ParentRunner.java:331)
	at org.junit.runners.ParentRunner$1.schedule(ParentRunner.java:79)
	at org.junit.runners.ParentRunner.runChildren(ParentRunner.java:329)
	at org.junit.runners.ParentRunner.-$$Nest$mrunChildren(Unknown Source:0)
	at org.junit.runners.ParentRunner$2.evaluate(ParentRunner.java:293)
	at org.junit.runners.ParentRunner$3.evaluate(ParentRunner.java:306)
	at org.junit.runners.ParentRunner.run(ParentRunner.java:413)
	at androidx.test.runner.AndroidJUnit4.run(AndroidJUnit4.java:111)
	at org.junit.runners.Suite.runChild(Suite.java:128)
	at org.junit.runners.Suite.runChild(Suite.java:27)
	at org.junit.runners.ParentRunner$4.run(ParentRunner.java:331)
	at org.junit.runners.ParentRunner$1.schedule(ParentRunner.java:79)
	at org.junit.runners.ParentRunner.runChildren(ParentRunner.java:329)
	at org.junit.runners.ParentRunner.-$$Nest$mrunChildren(Unknown Source:0)
	at org.junit.runners.ParentRunner$2.evaluate(ParentRunner.java:293)
	at org.junit.runners.ParentRunner$3.evaluate(ParentRunner.java:306)
	at org.junit.runners.ParentRunner.run(ParentRunner.java:413)
	at org.junit.runner.JUnitCore.run(JUnitCore.java:137)
	at org.junit.runner.JUnitCore.run(JUnitCore.java:115)
	at androidx.test.internal.runner.TestExecutor.execute(TestExecutor.java:67)
	at androidx.test.internal.runner.TestExecutor.execute(TestExecutor.java:58)
	at androidx.test.runner.AndroidJUnitRunner.onStart(AndroidJUnitRunner.java:445)
	at android.app.Instrumentation$InstrumentationThread.run(Instrumentation.java:2594)
ASSUMPTION_FAILUREtestSetHdrConversionMode*ß
Rorg.junit.AssumptionViolatedException: Need an Android TV device to run this test."ˆ
…org.junit.AssumptionViolatedException: Need an Android TV device to run this test.
	at org.junit.Assume.assumeTrue(Assume.java:68)
	at android.display.cts.HdrConversionEnabledTest.setUp(HdrConversionEnabledTest.java:90)
	at java.lang.reflect.Method.invoke(Native Method)
	at org.junit.runners.model.FrameworkMethod$1.runReflectiveCall(FrameworkMethod.java:59)
	at org.junit.internal.runners.model.ReflectiveCallable.run(ReflectiveCallable.java:12)
	at org.junit.runners.model.FrameworkMethod.invokeExplosively(FrameworkMethod.java:61)
	at androidx.test.internal.runner.junit4.statement.RunBefores.evaluate(RunBefores.java:76)
	at androidx.test.internal.runner.junit4.statement.RunAfters.evaluate(RunAfters.java:61)
	at org.junit.rules.ExternalResource$1.evaluate(ExternalResource.java:54)
	at com.android.compatibility.common.util.AdoptShellPermissionsRule$1.evaluate(AdoptShellPermissionsRule.java:68)
	at com.android.compatibility.common.util.StateChangerRule$1.evaluate(StateChangerRule.java:63)
	at org.junit.runners.ParentRunner$3.evaluate(ParentRunner.java:306)
	at org.junit.runners.BlockJUnit4ClassRunner$1.evaluate(BlockJUnit4ClassRunner.java:100)
	at org.junit.runners.ParentRunner.runLeaf(ParentRunner.java:366)
	at org.junit.runners.BlockJUnit4ClassRunner.runChild(BlockJUnit4ClassRunner.java:103)
	at org.junit.runners.BlockJUnit4ClassRunner.runChild(BlockJUnit4ClassRunner.java:63)
	at org.junit.runners.ParentRunner$4.run(ParentRunner.java:331)
	at org.junit.runners.ParentRunner$1.schedule(ParentRunner.java:79)
	at org.junit.runners.ParentRunner.runChildren(ParentRunner.java:329)
	at org.junit.runners.ParentRunner.-$$Nest$mrunChildren(Unknown Source:0)
	at org.junit.runners.ParentRunner$2.evaluate(ParentRunner.java:293)
	at org.junit.runners.ParentRunner$3.evaluate(ParentRunner.java:306)
	at org.junit.runners.ParentRunner.run(ParentRunner.java:413)
	at androidx.test.runner.AndroidJUnit4.run(AndroidJUnit4.java:111)
	at org.junit.runners.Suite.runChild(Suite.java:128)
	at org.junit.runners.Suite.runChild(Suite.java:27)
	at org.junit.runners.ParentRunner$4.run(ParentRunner.java:331)
	at org.junit.runners.ParentRunner$1.schedule(ParentRunner.java:79)
	at org.junit.runners.ParentRunner.runChildren(ParentRunner.java:329)
	at org.junit.runners.ParentRunner.-$$Nest$mrunChildren(Unknown Source:0)
	at org.junit.runners.ParentRunner$2.evaluate(ParentRunner.java:293)
	at org.junit.runners.ParentRunner$3.evaluate(ParentRunner.java:306)
	at org.junit.runners.ParentRunner.run(ParentRunner.java:413)
	at org.junit.runner.JUnitCore.run(JUnitCore.java:137)
	at org.junit.runner.JUnitCore.run(JUnitCore.java:115)
	at androidx.test.internal.runner.TestExecutor.execute(TestExecutor.java:67)
	at androidx.test.internal.runner.TestExecutor.execute(TestExecutor.java:58)
	at androidx.test.runner.AndroidJUnitRunner.onStart(AndroidJUnitRunner.java:445)
	at android.app.Instrumentation$InstrumentationThread.run(Instrumentation.java:2594)²
ASSUMPTION_FAILURE:testSetHdrConversionModeThrowsExceptionWithInvalidArgument*ß
Rorg.junit.AssumptionViolatedException: Need an Android TV device to run this test."ˆ
…org.junit.AssumptionViolatedException: Need an Android TV device to run this test.
	at org.junit.Assume.assumeTrue(Assume.java:68)
	at android.display.cts.HdrConversionEnabledTest.setUp(HdrConversionEnabledTest.java:90)
	at java.lang.reflect.Method.invoke(Native Method)
	at org.junit.runners.model.FrameworkMethod$1.runReflectiveCall(FrameworkMethod.java:59)
	at org.junit.internal.runners.model.ReflectiveCallable.run(ReflectiveCallable.java:12)
	at org.junit.runners.model.FrameworkMethod.invokeExplosively(FrameworkMethod.java:61)
	at androidx.test.internal.runner.junit4.statement.RunBefores.evaluate(RunBefores.java:76)
	at androidx.test.internal.runner.junit4.statement.RunAfters.evaluate(RunAfters.java:61)
	at org.junit.rules.ExternalResource$1.evaluate(ExternalResource.java:54)
	at com.android.compatibility.common.util.AdoptShellPermissionsRule$1.evaluate(AdoptShellPermissionsRule.java:68)
	at com.android.compatibility.common.util.StateChangerRule$1.evaluate(StateChangerRule.java:63)
	at org.junit.runners.ParentRunner$3.evaluate(ParentRunner.java:306)
	at org.junit.runners.BlockJUnit4ClassRunner$1.evaluate(BlockJUnit4ClassRunner.java:100)
	at org.junit.runners.ParentRunner.runLeaf(ParentRunner.java:366)
	at org.junit.runners.BlockJUnit4ClassRunner.runChild(BlockJUnit4ClassRunner.java:103)
	at org.junit.runners.BlockJUnit4ClassRunner.runChild(BlockJUnit4ClassRunner.java:63)
	at org.junit.runners.ParentRunner$4.run(ParentRunner.java:331)
	at org.junit.runners.ParentRunner$1.schedule(ParentRunner.java:79)
	at org.junit.runners.ParentRunner.runChildren(ParentRunner.java:329)
	at org.junit.runners.ParentRunner.-$$Nest$mrunChildren(Unknown Source:0)
	at org.junit.runners.ParentRunner$2.evaluate(ParentRunner.java:293)
	at org.junit.runners.ParentRunner$3.evaluate(ParentRunner.java:306)
	at org.junit.runners.ParentRunner.run(ParentRunner.java:413)
	at androidx.test.runner.AndroidJUnit4.run(AndroidJUnit4.java:111)
	at org.junit.runners.Suite.runChild(Suite.java:128)
	at org.junit.runners.Suite.runChild(Suite.java:27)
	at org.junit.runners.ParentRunner$4.run(ParentRunner.java:331)
	at org.junit.runners.ParentRunner$1.schedule(ParentRunner.java:79)
	at org.junit.runners.ParentRunner.runChildren(ParentRunner.java:329)
	at org.junit.runners.ParentRunner.-$$Nest$mrunChildren(Unknown Source:0)
	at org.junit.runners.ParentRunner$2.evaluate(ParentRunner.java:293)
	at org.junit.runners.ParentRunner$3.evaluate(ParentRunner.java:306)
	at org.junit.runners.ParentRunner.run(ParentRunner.java:413)
	at org.junit.runner.JUnitCore.run(JUnitCore.java:137)
	at org.junit.runner.JUnitCore.run(JUnitCore.java:115)
	at androidx.test.internal.runner.TestExecutor.execute(TestExecutor.java:67)
	at androidx.test.internal.runner.TestExecutor.execute(TestExecutor.java:58)
	at androidx.test.runner.AndroidJUnitRunner.onStart(AndroidJUnitRunner.java:445)
	at android.app.Instrumentation$InstrumentationThread.run(Instrumentation.java:2594)¥
ASSUMPTION_FAILURE-testGetSupportedHdrOutputTypesWithAppOverride*ß
Rorg.junit.AssumptionViolatedException: Need an Android TV device to run this test."ˆ
…org.junit.AssumptionViolatedException: Need an Android TV device to run this test.
	at org.junit.Assume.assumeTrue(Assume.java:68)
	at android.display.cts.HdrConversionEnabledTest.setUp(HdrConversionEnabledTest.java:90)
	at java.lang.reflect.Method.invoke(Native Method)
	at org.junit.runners.model.FrameworkMethod$1.runReflectiveCall(FrameworkMethod.java:59)
	at org.junit.internal.runners.model.ReflectiveCallable.run(ReflectiveCallable.java:12)
	at org.junit.runners.model.FrameworkMethod.invokeExplosively(FrameworkMethod.java:61)
	at androidx.test.internal.runner.junit4.statement.RunBefores.evaluate(RunBefores.java:76)
	at androidx.test.internal.runner.junit4.statement.RunAfters.evaluate(RunAfters.java:61)
	at org.junit.rules.ExternalResource$1.evaluate(ExternalResource.java:54)
	at com.android.compatibility.common.util.AdoptShellPermissionsRule$1.evaluate(AdoptShellPermissionsRule.java:68)
	at com.android.compatibility.common.util.StateChangerRule$1.evaluate(StateChangerRule.java:63)
	at org.junit.runners.ParentRunner$3.evaluate(ParentRunner.java:306)
	at org.junit.runners.BlockJUnit4ClassRunner$1.evaluate(BlockJUnit4ClassRunner.java:100)
	at org.junit.runners.ParentRunner.runLeaf(ParentRunner.java:366)
	at org.junit.runners.BlockJUnit4ClassRunner.runChild(BlockJUnit4ClassRunner.java:103)
	at org.junit.runners.BlockJUnit4ClassRunner.runChild(BlockJUnit4ClassRunner.java:63)
	at org.junit.runners.ParentRunner$4.run(ParentRunner.java:331)
	at org.junit.runners.ParentRunner$1.schedule(ParentRunner.java:79)
	at org.junit.runners.ParentRunner.runChildren(ParentRunner.java:329)
	at org.junit.runners.ParentRunner.-$$Nest$mrunChildren(Unknown Source:0)
	at org.junit.runners.ParentRunner$2.evaluate(ParentRunner.java:293)
	at org.junit.runners.ParentRunner$3.evaluate(ParentRunner.java:306)
	at org.junit.runners.ParentRunner.run(ParentRunner.java:413)
	at androidx.test.runner.AndroidJUnit4.run(AndroidJUnit4.java:111)
	at org.junit.runners.Suite.runChild(Suite.java:128)
	at org.junit.runners.Suite.runChild(Suite.java:27)
	at org.junit.runners.ParentRunner$4.run(ParentRunner.java:331)
	at org.junit.runners.ParentRunner$1.schedule(ParentRunner.java:79)
	at org.junit.runners.ParentRunner.runChildren(ParentRunner.java:329)
	at org.junit.runners.ParentRunner.-$$Nest$mrunChildren(Unknown Source:0)
	at org.junit.runners.ParentRunner$2.evaluate(ParentRunner.java:293)
	at org.junit.runners.ParentRunner$3.evaluate(ParentRunner.java:306)
	at org.junit.runners.ParentRunner.run(ParentRunner.java:413)
	at org.junit.runner.JUnitCore.run(JUnitCore.java:137)
	at org.junit.runner.JUnitCore.run(JUnitCore.java:115)
	at androidx.test.internal.runner.TestExecutor.execute(TestExecutor.java:67)
	at androidx.test.internal.runner.TestExecutor.execute(TestExecutor.java:58)
	at androidx.test.runner.AndroidJUnitRunner.onStart(AndroidJUnitRunner.java:445)
	at android.app.Instrumentation$InstrumentationThread.run(Instrumentation.java:2594)B»
,android.display.cts.VirtualDisplayConfigTest3
pass+virtualDisplayConfig_noName_throwsException!
passparcelAndUnparcel_matchesH
pass@virtualDisplayConfig_invalidRequestedRefreshRate_throwsExceptionB
pass:virtualDisplayConfig_nullDisplayCategories_throwsException;
pass3virtualDisplayConfig_invalidDensity_throwsException9
pass1virtualDisplayConfig_invalidWidth_throwsException:
pass2virtualDisplayConfig_invalidHeight_throwsException@
pass8virtualDisplayConfig_nullDisplayCategory_throwsException/
pass'virtualDisplayConfig_onlyRequiredFieldsBþ
&android.display.cts.VirtualDisplayTest
passtestHdrApiMethods!
passtestTrustedVirtualDisplay5
pass-testGetHdrCapabilitiesWithUserDisabledFormats+
pass#testUntrustedSysDecorVirtualDisplay2
pass*testVirtualDisplayWithRequestedRefreshRatePXÓ`‰*
start1771506277152*
end1771506483373*-
start_displayThu Feb 19 21:04:37 CST 2026*+
end_displayThu Feb 19 21:08:03 CST 2026*
devices27161FDH20031X*
	host_nameTest-001*
java_vendorN/A*
java_version17.0.4.1*
os_archamd64*
os_nameLinux*

os_version6.8.0-94-generic*
report_version5.0*
suite_build_number13033356*

suite_nameCTS*

suite_plancts*
suite_variantCTS*
suite_version14_r7*/
command_line_argscts -m CtsDisplayTestCases2CtsDisplayTestCases